2023-06-08 14:36:08,604 - my_logger - INFO - training......
2023-06-08 14:36:09,378 - my_logger - INFO - epoch 0, train loss: 0.6970
2023-06-08 14:36:09,384 - my_logger - INFO - evaluating......
2023-06-08 14:36:09,384 - my_logger - INFO - epoch 0, valid loss: 0.6958, valid auc: 47.31%
2023-06-08 14:36:09,392 - my_logger - INFO - epoch 1, train loss: 0.6953
2023-06-08 14:36:09,400 - my_logger - INFO - epoch 2, train loss: 0.6937
2023-06-08 14:36:09,403 - my_logger - INFO - evaluating......
2023-06-08 14:36:09,403 - my_logger - INFO - epoch 2, valid loss: 0.6932, valid auc: 62.24%
2023-06-08 14:36:09,411 - my_logger - INFO - epoch 3, train loss: 0.6922
2023-06-08 14:36:09,418 - my_logger - INFO - epoch 4, train loss: 0.6906
2023-06-08 14:36:09,422 - my_logger - INFO - evaluating......
2023-06-08 14:36:09,422 - my_logger - INFO - epoch 4, valid loss: 0.6907, valid auc: 65.68%
2023-06-08 14:36:09,430 - my_logger - INFO - epoch 5, train loss: 0.6890
2023-06-08 14:36:09,437 - my_logger - INFO - epoch 6, train loss: 0.6871
2023-06-08 14:36:09,441 - my_logger - INFO - evaluating......
2023-06-08 14:36:09,441 - my_logger - INFO - epoch 6, valid loss: 0.6876, valid auc: 67.91%
2023-06-08 14:36:09,448 - my_logger - INFO - epoch 7, train loss: 0.6847
2023-06-08 14:36:09,456 - my_logger - INFO - epoch 8, train loss: 0.6816
2023-06-08 14:36:09,460 - my_logger - INFO - evaluating......
2023-06-08 14:36:09,460 - my_logger - INFO - epoch 8, valid loss: 0.6824, valid auc: 69.45%
2023-06-08 14:36:09,468 - my_logger - INFO - epoch 9, train loss: 0.6779
2023-06-08 14:36:09,475 - my_logger - INFO - epoch 10, train loss: 0.6737
2023-06-08 14:36:09,479 - my_logger - INFO - evaluating......
2023-06-08 14:36:09,480 - my_logger - INFO - epoch 10, valid loss: 0.6752, valid auc: 70.29%
2023-06-08 14:36:09,487 - my_logger - INFO - epoch 11, train loss: 0.6687
2023-06-08 14:36:09,495 - my_logger - INFO - epoch 12, train loss: 0.6628
2023-06-08 14:36:09,498 - my_logger - INFO - evaluating......
2023-06-08 14:36:09,499 - my_logger - INFO - epoch 12, valid loss: 0.6656, valid auc: 70.86%
2023-06-08 14:36:09,506 - my_logger - INFO - epoch 13, train loss: 0.6558
2023-06-08 14:36:09,513 - my_logger - INFO - epoch 14, train loss: 0.6480
2023-06-08 14:36:09,517 - my_logger - INFO - evaluating......
2023-06-08 14:36:09,517 - my_logger - INFO - epoch 14, valid loss: 0.6532, valid auc: 71.19%
2023-06-08 14:36:09,525 - my_logger - INFO - epoch 15, train loss: 0.6397
2023-06-08 14:36:09,532 - my_logger - INFO - epoch 16, train loss: 0.6309
2023-06-08 14:36:09,536 - my_logger - INFO - evaluating......
2023-06-08 14:36:09,536 - my_logger - INFO - epoch 16, valid loss: 0.6395, valid auc: 71.44%
2023-06-08 14:36:09,544 - my_logger - INFO - epoch 17, train loss: 0.6216
2023-06-08 14:36:09,551 - my_logger - INFO - epoch 18, train loss: 0.6121
2023-06-08 14:36:09,555 - my_logger - INFO - evaluating......
2023-06-08 14:36:09,555 - my_logger - INFO - epoch 18, valid loss: 0.6257, valid auc: 71.69%
2023-06-08 14:36:09,562 - my_logger - INFO - epoch 19, train loss: 0.6029
2023-06-08 14:36:09,570 - my_logger - INFO - epoch 20, train loss: 0.5940
2023-06-08 14:36:09,574 - my_logger - INFO - evaluating......
2023-06-08 14:36:09,574 - my_logger - INFO - epoch 20, valid loss: 0.6138, valid auc: 71.97%
2023-06-08 14:36:09,581 - my_logger - INFO - epoch 21, train loss: 0.5856
2023-06-08 14:36:09,589 - my_logger - INFO - epoch 22, train loss: 0.5783
2023-06-08 14:36:09,593 - my_logger - INFO - evaluating......
2023-06-08 14:36:09,593 - my_logger - INFO - epoch 22, valid loss: 0.6057, valid auc: 72.23%
2023-06-08 14:36:09,601 - my_logger - INFO - epoch 23, train loss: 0.5720
2023-06-08 14:36:09,608 - my_logger - INFO - epoch 24, train loss: 0.5671
2023-06-08 14:36:09,612 - my_logger - INFO - evaluating......
2023-06-08 14:36:09,612 - my_logger - INFO - epoch 24, valid loss: 0.6026, valid auc: 72.49%
2023-06-08 14:36:09,619 - my_logger - INFO - epoch 25, train loss: 0.5632
2023-06-08 14:36:09,627 - my_logger - INFO - epoch 26, train loss: 0.5609
2023-06-08 14:36:09,630 - my_logger - INFO - evaluating......
2023-06-08 14:36:09,631 - my_logger - INFO - epoch 26, valid loss: 0.6052, valid auc: 72.65%
2023-06-08 14:36:09,638 - my_logger - INFO - epoch 27, train loss: 0.5595
2023-06-08 14:36:09,645 - my_logger - INFO - epoch 28, train loss: 0.5586
2023-06-08 14:36:09,649 - my_logger - INFO - evaluating......
2023-06-08 14:36:09,649 - my_logger - INFO - epoch 28, valid loss: 0.6107, valid auc: 72.74%
2023-06-08 14:36:09,657 - my_logger - INFO - epoch 29, train loss: 0.5583
2023-06-08 14:36:09,664 - my_logger - INFO - epoch 30, train loss: 0.5583
2023-06-08 14:36:09,668 - my_logger - INFO - evaluating......
2023-06-08 14:36:09,668 - my_logger - INFO - epoch 30, valid loss: 0.6161, valid auc: 72.79%
2023-06-08 14:36:09,676 - my_logger - INFO - epoch 31, train loss: 0.5577
2023-06-08 14:36:09,683 - my_logger - INFO - epoch 32, train loss: 0.5569
2023-06-08 14:36:09,687 - my_logger - INFO - evaluating......
2023-06-08 14:36:09,687 - my_logger - INFO - epoch 32, valid loss: 0.6194, valid auc: 72.78%
2023-06-08 14:36:09,693 - my_logger - INFO - epoch 33, train loss: 0.5558
2023-06-08 14:36:09,700 - my_logger - INFO - epoch 34, train loss: 0.5545
2023-06-08 14:36:09,704 - my_logger - INFO - evaluating......
2023-06-08 14:36:09,704 - my_logger - INFO - epoch 34, valid loss: 0.6198, valid auc: 72.78%
2023-06-08 14:36:09,710 - my_logger - INFO - epoch 35, train loss: 0.5527
2023-06-08 14:36:09,717 - my_logger - INFO - epoch 36, train loss: 0.5509
2023-06-08 14:36:09,721 - my_logger - INFO - evaluating......
2023-06-08 14:36:09,722 - my_logger - INFO - epoch 36, valid loss: 0.6167, valid auc: 72.81%
2023-06-08 14:36:09,729 - my_logger - INFO - epoch 37, train loss: 0.5491
2023-06-08 14:36:09,737 - my_logger - INFO - epoch 38, train loss: 0.5474
2023-06-08 14:36:09,740 - my_logger - INFO - evaluating......
2023-06-08 14:36:09,740 - my_logger - INFO - epoch 38, valid loss: 0.6132, valid auc: 72.86%
2023-06-08 14:36:09,747 - my_logger - INFO - epoch 39, train loss: 0.5459
2023-06-08 14:36:09,755 - my_logger - INFO - epoch 40, train loss: 0.5448
2023-06-08 14:36:09,759 - my_logger - INFO - evaluating......
2023-06-08 14:36:09,759 - my_logger - INFO - epoch 40, valid loss: 0.6109, valid auc: 72.85%
2023-06-08 14:36:09,766 - my_logger - INFO - epoch 41, train loss: 0.5438
2023-06-08 14:36:09,773 - my_logger - INFO - epoch 42, train loss: 0.5429
2023-06-08 14:36:09,777 - my_logger - INFO - evaluating......
2023-06-08 14:36:09,777 - my_logger - INFO - epoch 42, valid loss: 0.6094, valid auc: 72.81%
2023-06-08 14:36:09,783 - my_logger - INFO - epoch 43, train loss: 0.5422
2023-06-08 14:36:09,790 - my_logger - INFO - epoch 44, train loss: 0.5414
2023-06-08 14:36:09,794 - my_logger - INFO - evaluating......
2023-06-08 14:36:09,794 - my_logger - INFO - epoch 44, valid loss: 0.6094, valid auc: 72.76%
2023-06-08 14:36:09,800 - my_logger - INFO - epoch 45, train loss: 0.5407
2023-06-08 14:36:09,808 - my_logger - INFO - epoch 46, train loss: 0.5399
2023-06-08 14:36:09,812 - my_logger - INFO - evaluating......
2023-06-08 14:36:09,812 - my_logger - INFO - epoch 46, valid loss: 0.6109, valid auc: 72.72%
2023-06-08 14:36:09,818 - my_logger - INFO - epoch 47, train loss: 0.5392
2023-06-08 14:36:09,825 - my_logger - INFO - epoch 48, train loss: 0.5384
2023-06-08 14:36:09,829 - my_logger - INFO - evaluating......
2023-06-08 14:36:09,829 - my_logger - INFO - epoch 48, valid loss: 0.6126, valid auc: 72.66%
2023-06-08 14:36:09,835 - my_logger - INFO - epoch 49, train loss: 0.5377
2023-06-08 14:36:09,842 - my_logger - INFO - epoch 50, train loss: 0.5370
2023-06-08 14:36:09,846 - my_logger - INFO - evaluating......
2023-06-08 14:36:09,846 - my_logger - INFO - epoch 50, valid loss: 0.6153, valid auc: 72.61%
2023-06-08 14:36:09,853 - my_logger - INFO - epoch 51, train loss: 0.5364
2023-06-08 14:36:09,860 - my_logger - INFO - epoch 52, train loss: 0.5358
2023-06-08 14:36:09,864 - my_logger - INFO - evaluating......
2023-06-08 14:36:09,864 - my_logger - INFO - epoch 52, valid loss: 0.6188, valid auc: 72.55%
2023-06-08 14:36:09,870 - my_logger - INFO - epoch 53, train loss: 0.5352
2023-06-08 14:36:09,878 - my_logger - INFO - epoch 54, train loss: 0.5347
2023-06-08 14:36:09,882 - my_logger - INFO - evaluating......
2023-06-08 14:36:09,882 - my_logger - INFO - epoch 54, valid loss: 0.6219, valid auc: 72.49%
2023-06-08 14:36:09,888 - my_logger - INFO - epoch 55, train loss: 0.5342
2023-06-08 14:36:09,895 - my_logger - INFO - epoch 56, train loss: 0.5338
2023-06-08 14:36:09,899 - my_logger - INFO - evaluating......
2023-06-08 14:36:09,899 - my_logger - INFO - epoch 56, valid loss: 0.6247, valid auc: 72.46%
2023-06-08 14:36:09,905 - my_logger - INFO - epoch 57, train loss: 0.5333
2023-06-08 14:36:09,913 - my_logger - INFO - epoch 58, train loss: 0.5328
2023-06-08 14:36:09,918 - my_logger - INFO - evaluating......
2023-06-08 14:36:09,918 - my_logger - INFO - epoch 58, valid loss: 0.6273, valid auc: 72.47%
2023-06-08 14:36:09,924 - my_logger - INFO - epoch 59, train loss: 0.5324
2023-06-08 14:36:09,931 - my_logger - INFO - epoch 60, train loss: 0.5319
2023-06-08 14:36:09,935 - my_logger - INFO - evaluating......
2023-06-08 14:36:09,936 - my_logger - INFO - epoch 60, valid loss: 0.6292, valid auc: 72.51%
2023-06-08 14:36:09,942 - my_logger - INFO - epoch 61, train loss: 0.5314
2023-06-08 14:36:09,950 - my_logger - INFO - epoch 62, train loss: 0.5310
2023-06-08 14:36:09,954 - my_logger - INFO - evaluating......
2023-06-08 14:36:09,954 - my_logger - INFO - epoch 62, valid loss: 0.6301, valid auc: 72.55%
2023-06-08 14:36:09,961 - my_logger - INFO - epoch 63, train loss: 0.5305
2023-06-08 14:36:09,968 - my_logger - INFO - epoch 64, train loss: 0.5300
2023-06-08 14:36:09,972 - my_logger - INFO - evaluating......
2023-06-08 14:36:09,972 - my_logger - INFO - epoch 64, valid loss: 0.6304, valid auc: 72.58%
2023-06-08 14:36:09,978 - my_logger - INFO - epoch 65, train loss: 0.5296
2023-06-08 14:36:09,985 - my_logger - INFO - epoch 66, train loss: 0.5292
2023-06-08 14:36:09,989 - my_logger - INFO - evaluating......
2023-06-08 14:36:09,989 - my_logger - INFO - epoch 66, valid loss: 0.6306, valid auc: 72.60%
2023-06-08 14:36:09,995 - my_logger - INFO - epoch 67, train loss: 0.5288
2023-06-08 14:36:10,003 - my_logger - INFO - epoch 68, train loss: 0.5284
2023-06-08 14:36:10,007 - my_logger - INFO - evaluating......
2023-06-08 14:36:10,007 - my_logger - INFO - epoch 68, valid loss: 0.6310, valid auc: 72.60%
2023-06-08 14:36:10,013 - my_logger - INFO - epoch 69, train loss: 0.5280
2023-06-08 14:36:10,020 - my_logger - INFO - epoch 70, train loss: 0.5276
2023-06-08 14:36:10,024 - my_logger - INFO - evaluating......
2023-06-08 14:36:10,024 - my_logger - INFO - epoch 70, valid loss: 0.6318, valid auc: 72.57%
2023-06-08 14:36:10,030 - my_logger - INFO - epoch 71, train loss: 0.5271
2023-06-08 14:36:10,038 - my_logger - INFO - epoch 72, train loss: 0.5267
2023-06-08 14:36:10,041 - my_logger - INFO - evaluating......
2023-06-08 14:36:10,042 - my_logger - INFO - epoch 72, valid loss: 0.6331, valid auc: 72.50%
2023-06-08 14:36:10,048 - my_logger - INFO - epoch 73, train loss: 0.5263
2023-06-08 14:36:10,055 - my_logger - INFO - epoch 74, train loss: 0.5259
2023-06-08 14:36:10,059 - my_logger - INFO - evaluating......
2023-06-08 14:36:10,059 - my_logger - INFO - epoch 74, valid loss: 0.6351, valid auc: 72.40%
2023-06-08 14:36:10,065 - my_logger - INFO - epoch 75, train loss: 0.5256
2023-06-08 14:36:10,073 - my_logger - INFO - epoch 76, train loss: 0.5256
2023-06-08 14:36:10,077 - my_logger - INFO - evaluating......
2023-06-08 14:36:10,077 - my_logger - INFO - epoch 76, valid loss: 0.6382, valid auc: 72.30%
2023-06-08 14:36:10,083 - my_logger - INFO - epoch 77, train loss: 0.5259
2023-06-08 14:36:10,090 - my_logger - INFO - epoch 78, train loss: 0.5253
2023-06-08 14:36:10,094 - my_logger - INFO - evaluating......
2023-06-08 14:36:10,094 - my_logger - INFO - epoch 78, valid loss: 0.6409, valid auc: 72.20%
2023-06-08 14:36:10,100 - my_logger - INFO - epoch 79, train loss: 0.5238
2023-06-08 14:36:10,108 - my_logger - INFO - epoch 80, train loss: 0.5239
2023-06-08 14:36:10,111 - my_logger - INFO - evaluating......
2023-06-08 14:36:10,112 - my_logger - INFO - epoch 80, valid loss: 0.6376, valid auc: 72.16%
2023-06-08 14:36:10,118 - my_logger - INFO - epoch 81, train loss: 0.5238
2023-06-08 14:36:10,125 - my_logger - INFO - epoch 82, train loss: 0.5225
2023-06-08 14:36:10,129 - my_logger - INFO - evaluating......
2023-06-08 14:36:10,129 - my_logger - INFO - epoch 82, valid loss: 0.6393, valid auc: 72.10%
2023-06-08 14:36:10,135 - my_logger - INFO - epoch 83, train loss: 0.5226
2023-06-08 14:36:10,143 - my_logger - INFO - epoch 84, train loss: 0.5221
2023-06-08 14:36:10,147 - my_logger - INFO - evaluating......
2023-06-08 14:36:10,147 - my_logger - INFO - epoch 84, valid loss: 0.6425, valid auc: 72.05%
2023-06-08 14:36:10,153 - my_logger - INFO - epoch 85, train loss: 0.5213
2023-06-08 14:36:10,160 - my_logger - INFO - epoch 86, train loss: 0.5214
2023-06-08 14:36:10,163 - my_logger - INFO - evaluating......
2023-06-08 14:36:10,163 - my_logger - INFO - epoch 86, valid loss: 0.6400, valid auc: 72.05%
2023-06-08 14:36:10,169 - my_logger - INFO - epoch 87, train loss: 0.5205
2023-06-08 14:36:10,176 - my_logger - INFO - epoch 88, train loss: 0.5201
2023-06-08 14:36:10,179 - my_logger - INFO - evaluating......
2023-06-08 14:36:10,180 - my_logger - INFO - epoch 88, valid loss: 0.6431, valid auc: 72.00%
2023-06-08 14:36:10,185 - my_logger - INFO - epoch 89, train loss: 0.5199
2023-06-08 14:36:10,192 - my_logger - INFO - epoch 90, train loss: 0.5191
2023-06-08 14:36:10,196 - my_logger - INFO - evaluating......
2023-06-08 14:36:10,196 - my_logger - INFO - epoch 90, valid loss: 0.6435, valid auc: 71.97%
2023-06-08 14:36:10,202 - my_logger - INFO - epoch 91, train loss: 0.5189
2023-06-08 14:36:10,209 - my_logger - INFO - epoch 92, train loss: 0.5183
2023-06-08 14:36:10,212 - my_logger - INFO - evaluating......
2023-06-08 14:36:10,213 - my_logger - INFO - epoch 92, valid loss: 0.6432, valid auc: 71.96%
2023-06-08 14:36:10,218 - my_logger - INFO - epoch 93, train loss: 0.5176
2023-06-08 14:36:10,225 - my_logger - INFO - epoch 94, train loss: 0.5174
2023-06-08 14:36:10,229 - my_logger - INFO - evaluating......
2023-06-08 14:36:10,229 - my_logger - INFO - epoch 94, valid loss: 0.6467, valid auc: 71.88%
2023-06-08 14:36:10,235 - my_logger - INFO - epoch 95, train loss: 0.5167
2023-06-08 14:36:10,242 - my_logger - INFO - epoch 96, train loss: 0.5161
2023-06-08 14:36:10,246 - my_logger - INFO - evaluating......
2023-06-08 14:36:10,246 - my_logger - INFO - epoch 96, valid loss: 0.6457, valid auc: 71.88%
2023-06-08 14:36:10,252 - my_logger - INFO - epoch 97, train loss: 0.5157
2023-06-08 14:36:10,259 - my_logger - INFO - epoch 98, train loss: 0.5150
2023-06-08 14:36:10,263 - my_logger - INFO - evaluating......
2023-06-08 14:36:10,263 - my_logger - INFO - epoch 98, valid loss: 0.6464, valid auc: 71.86%
2023-06-08 14:36:10,269 - my_logger - INFO - epoch 99, train loss: 0.5144
2023-06-08 14:36:10,275 - my_logger - INFO - epoch 100, train loss: 0.5139
2023-06-08 14:36:10,279 - my_logger - INFO - evaluating......
2023-06-08 14:36:10,279 - my_logger - INFO - epoch 100, valid loss: 0.6486, valid auc: 71.82%
2023-06-08 14:36:10,285 - my_logger - INFO - epoch 101, train loss: 0.5132
2023-06-08 14:36:10,292 - my_logger - INFO - epoch 102, train loss: 0.5126
2023-06-08 14:36:10,296 - my_logger - INFO - evaluating......
2023-06-08 14:36:10,296 - my_logger - INFO - epoch 102, valid loss: 0.6475, valid auc: 71.84%
2023-06-08 14:36:10,302 - my_logger - INFO - epoch 103, train loss: 0.5120
2023-06-08 14:36:10,309 - my_logger - INFO - epoch 104, train loss: 0.5113
2023-06-08 14:36:10,313 - my_logger - INFO - evaluating......
2023-06-08 14:36:10,313 - my_logger - INFO - epoch 104, valid loss: 0.6486, valid auc: 71.81%
2023-06-08 14:36:10,319 - my_logger - INFO - epoch 105, train loss: 0.5106
2023-06-08 14:36:10,326 - my_logger - INFO - epoch 106, train loss: 0.5100
2023-06-08 14:36:10,330 - my_logger - INFO - evaluating......
2023-06-08 14:36:10,330 - my_logger - INFO - epoch 106, valid loss: 0.6507, valid auc: 71.76%
2023-06-08 14:36:10,336 - my_logger - INFO - epoch 107, train loss: 0.5092
2023-06-08 14:36:10,343 - my_logger - INFO - epoch 108, train loss: 0.5085
2023-06-08 14:36:10,347 - my_logger - INFO - evaluating......
2023-06-08 14:36:10,348 - my_logger - INFO - epoch 108, valid loss: 0.6504, valid auc: 71.76%
2023-06-08 14:36:10,354 - my_logger - INFO - epoch 109, train loss: 0.5078
2023-06-08 14:36:10,362 - my_logger - INFO - epoch 110, train loss: 0.5070
2023-06-08 14:36:10,366 - my_logger - INFO - evaluating......
2023-06-08 14:36:10,367 - my_logger - INFO - epoch 110, valid loss: 0.6512, valid auc: 71.75%
2023-06-08 14:36:10,373 - my_logger - INFO - epoch 111, train loss: 0.5062
2023-06-08 14:36:10,380 - my_logger - INFO - epoch 112, train loss: 0.5055
2023-06-08 14:36:10,384 - my_logger - INFO - evaluating......
2023-06-08 14:36:10,384 - my_logger - INFO - epoch 112, valid loss: 0.6532, valid auc: 71.70%
2023-06-08 14:36:10,391 - my_logger - INFO - epoch 113, train loss: 0.5047
2023-06-08 14:36:10,398 - my_logger - INFO - epoch 114, train loss: 0.5038
2023-06-08 14:36:10,402 - my_logger - INFO - evaluating......
2023-06-08 14:36:10,402 - my_logger - INFO - epoch 114, valid loss: 0.6539, valid auc: 71.70%
2023-06-08 14:36:10,408 - my_logger - INFO - epoch 115, train loss: 0.5029
2023-06-08 14:36:10,415 - my_logger - INFO - epoch 116, train loss: 0.5020
2023-06-08 14:36:10,419 - my_logger - INFO - evaluating......
2023-06-08 14:36:10,419 - my_logger - INFO - epoch 116, valid loss: 0.6537, valid auc: 71.73%
2023-06-08 14:36:10,426 - my_logger - INFO - epoch 117, train loss: 0.5011
2023-06-08 14:36:10,433 - my_logger - INFO - epoch 118, train loss: 0.5001
2023-06-08 14:36:10,437 - my_logger - INFO - evaluating......
2023-06-08 14:36:10,437 - my_logger - INFO - epoch 118, valid loss: 0.6543, valid auc: 71.77%
2023-06-08 14:36:10,444 - my_logger - INFO - epoch 119, train loss: 0.4990
2023-06-08 14:36:10,451 - my_logger - INFO - epoch 120, train loss: 0.4980
2023-06-08 14:36:10,455 - my_logger - INFO - evaluating......
2023-06-08 14:36:10,456 - my_logger - INFO - epoch 120, valid loss: 0.6545, valid auc: 71.85%
2023-06-08 14:36:10,462 - my_logger - INFO - epoch 121, train loss: 0.4969
2023-06-08 14:36:10,470 - my_logger - INFO - epoch 122, train loss: 0.4957
2023-06-08 14:36:10,474 - my_logger - INFO - evaluating......
2023-06-08 14:36:10,474 - my_logger - INFO - epoch 122, valid loss: 0.6534, valid auc: 71.96%
2023-06-08 14:36:10,480 - my_logger - INFO - epoch 123, train loss: 0.4945
2023-06-08 14:36:10,487 - my_logger - INFO - epoch 124, train loss: 0.4932
2023-06-08 14:36:10,491 - my_logger - INFO - evaluating......
2023-06-08 14:36:10,491 - my_logger - INFO - epoch 124, valid loss: 0.6517, valid auc: 72.12%
2023-06-08 14:36:10,497 - my_logger - INFO - epoch 125, train loss: 0.4919
2023-06-08 14:36:10,504 - my_logger - INFO - epoch 126, train loss: 0.4905
2023-06-08 14:36:10,507 - my_logger - INFO - evaluating......
2023-06-08 14:36:10,508 - my_logger - INFO - epoch 126, valid loss: 0.6502, valid auc: 72.30%
2023-06-08 14:36:10,513 - my_logger - INFO - epoch 127, train loss: 0.4890
2023-06-08 14:36:10,520 - my_logger - INFO - epoch 128, train loss: 0.4874
2023-06-08 14:36:10,524 - my_logger - INFO - evaluating......
2023-06-08 14:36:10,524 - my_logger - INFO - epoch 128, valid loss: 0.6487, valid auc: 72.47%
2023-06-08 14:36:10,530 - my_logger - INFO - epoch 129, train loss: 0.4858
2023-06-08 14:36:10,536 - my_logger - INFO - epoch 130, train loss: 0.4841
2023-06-08 14:36:10,540 - my_logger - INFO - evaluating......
2023-06-08 14:36:10,540 - my_logger - INFO - epoch 130, valid loss: 0.6471, valid auc: 72.69%
2023-06-08 14:36:10,546 - my_logger - INFO - epoch 131, train loss: 0.4824
2023-06-08 14:36:10,553 - my_logger - INFO - epoch 132, train loss: 0.4805
2023-06-08 14:36:10,556 - my_logger - INFO - evaluating......
2023-06-08 14:36:10,557 - my_logger - INFO - epoch 132, valid loss: 0.6449, valid auc: 72.92%
2023-06-08 14:36:10,563 - my_logger - INFO - epoch 133, train loss: 0.4785
2023-06-08 14:36:10,570 - my_logger - INFO - epoch 134, train loss: 0.4764
2023-06-08 14:36:10,574 - my_logger - INFO - evaluating......
2023-06-08 14:36:10,574 - my_logger - INFO - epoch 134, valid loss: 0.6420, valid auc: 73.19%
2023-06-08 14:36:10,581 - my_logger - INFO - epoch 135, train loss: 0.4742
2023-06-08 14:36:10,587 - my_logger - INFO - epoch 136, train loss: 0.4719
2023-06-08 14:36:10,591 - my_logger - INFO - evaluating......
2023-06-08 14:36:10,591 - my_logger - INFO - epoch 136, valid loss: 0.6389, valid auc: 73.49%
2023-06-08 14:36:10,598 - my_logger - INFO - epoch 137, train loss: 0.4694
2023-06-08 14:36:10,605 - my_logger - INFO - epoch 138, train loss: 0.4669
2023-06-08 14:36:10,609 - my_logger - INFO - evaluating......
2023-06-08 14:36:10,609 - my_logger - INFO - epoch 138, valid loss: 0.6357, valid auc: 73.83%
2023-06-08 14:36:10,616 - my_logger - INFO - epoch 139, train loss: 0.4643
2023-06-08 14:36:10,622 - my_logger - INFO - epoch 140, train loss: 0.4616
2023-06-08 14:36:10,626 - my_logger - INFO - evaluating......
2023-06-08 14:36:10,626 - my_logger - INFO - epoch 140, valid loss: 0.6325, valid auc: 74.19%
2023-06-08 14:36:10,633 - my_logger - INFO - epoch 141, train loss: 0.4588
2023-06-08 14:36:10,640 - my_logger - INFO - epoch 142, train loss: 0.4559
2023-06-08 14:36:10,643 - my_logger - INFO - evaluating......
2023-06-08 14:36:10,644 - my_logger - INFO - epoch 142, valid loss: 0.6287, valid auc: 74.58%
2023-06-08 14:36:10,650 - my_logger - INFO - epoch 143, train loss: 0.4529
2023-06-08 14:36:10,657 - my_logger - INFO - epoch 144, train loss: 0.4498
2023-06-08 14:36:10,661 - my_logger - INFO - evaluating......
2023-06-08 14:36:10,661 - my_logger - INFO - epoch 144, valid loss: 0.6243, valid auc: 75.06%
2023-06-08 14:36:10,668 - my_logger - INFO - epoch 145, train loss: 0.4466
2023-06-08 14:36:10,674 - my_logger - INFO - epoch 146, train loss: 0.4432
2023-06-08 14:36:10,678 - my_logger - INFO - evaluating......
2023-06-08 14:36:10,678 - my_logger - INFO - epoch 146, valid loss: 0.6193, valid auc: 75.56%
2023-06-08 14:36:10,685 - my_logger - INFO - epoch 147, train loss: 0.4398
2023-06-08 14:36:10,691 - my_logger - INFO - epoch 148, train loss: 0.4362
2023-06-08 14:36:10,695 - my_logger - INFO - evaluating......
2023-06-08 14:36:10,695 - my_logger - INFO - epoch 148, valid loss: 0.6144, valid auc: 76.08%
2023-06-08 14:36:10,702 - my_logger - INFO - epoch 149, train loss: 0.4324
2023-06-08 14:36:10,708 - my_logger - INFO - epoch 150, train loss: 0.4284
2023-06-08 14:36:10,712 - my_logger - INFO - evaluating......
2023-06-08 14:36:10,712 - my_logger - INFO - epoch 150, valid loss: 0.6095, valid auc: 76.63%
2023-06-08 14:36:10,719 - my_logger - INFO - epoch 151, train loss: 0.4242
2023-06-08 14:36:10,725 - my_logger - INFO - epoch 152, train loss: 0.4199
2023-06-08 14:36:10,729 - my_logger - INFO - evaluating......
2023-06-08 14:36:10,729 - my_logger - INFO - epoch 152, valid loss: 0.6037, valid auc: 77.24%
2023-06-08 14:36:10,736 - my_logger - INFO - epoch 153, train loss: 0.4153
2023-06-08 14:36:10,743 - my_logger - INFO - epoch 154, train loss: 0.4106
2023-06-08 14:36:10,746 - my_logger - INFO - evaluating......
2023-06-08 14:36:10,747 - my_logger - INFO - epoch 154, valid loss: 0.5960, valid auc: 77.99%
2023-06-08 14:36:10,753 - my_logger - INFO - epoch 155, train loss: 0.4057
2023-06-08 14:36:10,760 - my_logger - INFO - epoch 156, train loss: 0.4008
2023-06-08 14:36:10,764 - my_logger - INFO - evaluating......
2023-06-08 14:36:10,764 - my_logger - INFO - epoch 156, valid loss: 0.5865, valid auc: 78.83%
2023-06-08 14:36:10,771 - my_logger - INFO - epoch 157, train loss: 0.3958
2023-06-08 14:36:10,778 - my_logger - INFO - epoch 158, train loss: 0.3911
2023-06-08 14:36:10,781 - my_logger - INFO - evaluating......
2023-06-08 14:36:10,781 - my_logger - INFO - epoch 158, valid loss: 0.5758, valid auc: 79.73%
2023-06-08 14:36:10,789 - my_logger - INFO - epoch 159, train loss: 0.3859
2023-06-08 14:36:10,795 - my_logger - INFO - epoch 160, train loss: 0.3799
2023-06-08 14:36:10,799 - my_logger - INFO - evaluating......
2023-06-08 14:36:10,799 - my_logger - INFO - epoch 160, valid loss: 0.5657, valid auc: 80.60%
2023-06-08 14:36:10,806 - my_logger - INFO - epoch 161, train loss: 0.3736
2023-06-08 14:36:10,813 - my_logger - INFO - epoch 162, train loss: 0.3683
2023-06-08 14:36:10,817 - my_logger - INFO - evaluating......
2023-06-08 14:36:10,817 - my_logger - INFO - epoch 162, valid loss: 0.5605, valid auc: 81.38%
2023-06-08 14:36:10,825 - my_logger - INFO - epoch 163, train loss: 0.3637
2023-06-08 14:36:10,831 - my_logger - INFO - epoch 164, train loss: 0.3583
2023-06-08 14:36:10,835 - my_logger - INFO - evaluating......
2023-06-08 14:36:10,835 - my_logger - INFO - epoch 164, valid loss: 0.5543, valid auc: 82.18%
2023-06-08 14:36:10,842 - my_logger - INFO - epoch 165, train loss: 0.3523
2023-06-08 14:36:10,849 - my_logger - INFO - epoch 166, train loss: 0.3467
2023-06-08 14:36:10,853 - my_logger - INFO - evaluating......
2023-06-08 14:36:10,853 - my_logger - INFO - epoch 166, valid loss: 0.5405, valid auc: 83.00%
2023-06-08 14:36:10,860 - my_logger - INFO - epoch 167, train loss: 0.3420
2023-06-08 14:36:10,867 - my_logger - INFO - epoch 168, train loss: 0.3371
2023-06-08 14:36:10,870 - my_logger - INFO - evaluating......
2023-06-08 14:36:10,870 - my_logger - INFO - epoch 168, valid loss: 0.5290, valid auc: 83.74%
2023-06-08 14:36:10,877 - my_logger - INFO - epoch 169, train loss: 0.3316
2023-06-08 14:36:10,884 - my_logger - INFO - epoch 170, train loss: 0.3267
2023-06-08 14:36:10,888 - my_logger - INFO - evaluating......
2023-06-08 14:36:10,888 - my_logger - INFO - epoch 170, valid loss: 0.5241, valid auc: 84.40%
2023-06-08 14:36:10,895 - my_logger - INFO - epoch 171, train loss: 0.3225
2023-06-08 14:36:10,902 - my_logger - INFO - epoch 172, train loss: 0.3182
2023-06-08 14:36:10,906 - my_logger - INFO - evaluating......
2023-06-08 14:36:10,906 - my_logger - INFO - epoch 172, valid loss: 0.5205, valid auc: 84.99%
2023-06-08 14:36:10,913 - my_logger - INFO - epoch 173, train loss: 0.3137
2023-06-08 14:36:10,920 - my_logger - INFO - epoch 174, train loss: 0.3097
2023-06-08 14:36:10,924 - my_logger - INFO - evaluating......
2023-06-08 14:36:10,924 - my_logger - INFO - epoch 174, valid loss: 0.5124, valid auc: 85.50%
2023-06-08 14:36:10,931 - my_logger - INFO - epoch 175, train loss: 0.3062
2023-06-08 14:36:10,937 - my_logger - INFO - epoch 176, train loss: 0.3027
2023-06-08 14:36:10,941 - my_logger - INFO - evaluating......
2023-06-08 14:36:10,941 - my_logger - INFO - epoch 176, valid loss: 0.5067, valid auc: 85.92%
2023-06-08 14:36:10,948 - my_logger - INFO - epoch 177, train loss: 0.2990
2023-06-08 14:36:10,955 - my_logger - INFO - epoch 178, train loss: 0.2957
2023-06-08 14:36:10,959 - my_logger - INFO - evaluating......
2023-06-08 14:36:10,959 - my_logger - INFO - epoch 178, valid loss: 0.5061, valid auc: 86.30%
2023-06-08 14:36:10,967 - my_logger - INFO - epoch 179, train loss: 0.2927
2023-06-08 14:36:10,975 - my_logger - INFO - epoch 180, train loss: 0.2898
2023-06-08 14:36:10,979 - my_logger - INFO - evaluating......
2023-06-08 14:36:10,979 - my_logger - INFO - epoch 180, valid loss: 0.5070, valid auc: 86.61%
2023-06-08 14:36:10,986 - my_logger - INFO - epoch 181, train loss: 0.2869
2023-06-08 14:36:10,993 - my_logger - INFO - epoch 182, train loss: 0.2841
2023-06-08 14:36:10,997 - my_logger - INFO - evaluating......
2023-06-08 14:36:10,998 - my_logger - INFO - epoch 182, valid loss: 0.5054, valid auc: 86.84%
2023-06-08 14:36:11,005 - my_logger - INFO - epoch 183, train loss: 0.2816
2023-06-08 14:36:11,012 - my_logger - INFO - epoch 184, train loss: 0.2791
2023-06-08 14:36:11,015 - my_logger - INFO - evaluating......
2023-06-08 14:36:11,015 - my_logger - INFO - epoch 184, valid loss: 0.5050, valid auc: 87.03%
2023-06-08 14:36:11,024 - my_logger - INFO - epoch 185, train loss: 0.2767
2023-06-08 14:36:11,031 - my_logger - INFO - epoch 186, train loss: 0.2743
2023-06-08 14:36:11,035 - my_logger - INFO - evaluating......
2023-06-08 14:36:11,035 - my_logger - INFO - epoch 186, valid loss: 0.5073, valid auc: 87.22%
2023-06-08 14:36:11,043 - my_logger - INFO - epoch 187, train loss: 0.2721
2023-06-08 14:36:11,049 - my_logger - INFO - epoch 188, train loss: 0.2700
2023-06-08 14:36:11,053 - my_logger - INFO - evaluating......
2023-06-08 14:36:11,053 - my_logger - INFO - epoch 188, valid loss: 0.5097, valid auc: 87.37%
2023-06-08 14:36:11,060 - my_logger - INFO - epoch 189, train loss: 0.2678
2023-06-08 14:36:11,067 - my_logger - INFO - epoch 190, train loss: 0.2658
2023-06-08 14:36:11,071 - my_logger - INFO - evaluating......
2023-06-08 14:36:11,071 - my_logger - INFO - epoch 190, valid loss: 0.5101, valid auc: 87.50%
2023-06-08 14:36:11,078 - my_logger - INFO - epoch 191, train loss: 0.2638
2023-06-08 14:36:11,084 - my_logger - INFO - epoch 192, train loss: 0.2619
2023-06-08 14:36:11,088 - my_logger - INFO - evaluating......
2023-06-08 14:36:11,088 - my_logger - INFO - epoch 192, valid loss: 0.5105, valid auc: 87.61%
2023-06-08 14:36:11,095 - my_logger - INFO - epoch 193, train loss: 0.2600
2023-06-08 14:36:11,101 - my_logger - INFO - epoch 194, train loss: 0.2582
2023-06-08 14:36:11,105 - my_logger - INFO - evaluating......
2023-06-08 14:36:11,105 - my_logger - INFO - epoch 194, valid loss: 0.5123, valid auc: 87.69%
2023-06-08 14:36:11,112 - my_logger - INFO - epoch 195, train loss: 0.2564
2023-06-08 14:36:11,118 - my_logger - INFO - epoch 196, train loss: 0.2547
2023-06-08 14:36:11,122 - my_logger - INFO - evaluating......
2023-06-08 14:36:11,122 - my_logger - INFO - epoch 196, valid loss: 0.5151, valid auc: 87.77%
2023-06-08 14:36:11,129 - my_logger - INFO - epoch 197, train loss: 0.2530
2023-06-08 14:36:11,136 - my_logger - INFO - epoch 198, train loss: 0.2514
2023-06-08 14:36:11,139 - my_logger - INFO - evaluating......
2023-06-08 14:36:11,139 - my_logger - INFO - epoch 198, valid loss: 0.5180, valid auc: 87.83%
2023-06-08 14:36:11,146 - my_logger - INFO - epoch 199, train loss: 0.2498
2023-06-08 14:36:11,147 - my_logger - INFO - total train time used: 2.5426s
2023-06-08 14:36:11,147 - my_logger - INFO - testing......
2023-06-08 14:36:11,155 - my_logger - INFO - test auc: 87.31%
