2023-06-07 15:51:03,593 - my_logger - INFO - training......
2023-06-07 15:51:04,364 - my_logger - INFO - epoch 0, train loss: 0.6931
2023-06-07 15:51:04,396 - my_logger - INFO - evaluating......
2023-06-07 15:51:04,396 - my_logger - INFO - epoch 0, valid loss: 0.6931, valid auc: 97.60%
2023-06-07 15:51:04,435 - my_logger - INFO - epoch 1, train loss: 0.6929
2023-06-07 15:51:04,482 - my_logger - INFO - epoch 2, train loss: 0.6915
2023-06-07 15:51:04,505 - my_logger - INFO - evaluating......
2023-06-07 15:51:04,505 - my_logger - INFO - epoch 2, valid loss: 0.6914, valid auc: 71.45%
2023-06-07 15:51:04,523 - my_logger - INFO - epoch 3, train loss: 0.6890
2023-06-07 15:51:04,563 - my_logger - INFO - epoch 4, train loss: 0.6853
2023-06-07 15:51:04,586 - my_logger - INFO - evaluating......
2023-06-07 15:51:04,586 - my_logger - INFO - epoch 4, valid loss: 0.6873, valid auc: 71.10%
2023-06-07 15:51:04,603 - my_logger - INFO - epoch 5, train loss: 0.6802
2023-06-07 15:51:04,639 - my_logger - INFO - epoch 6, train loss: 0.6738
2023-06-07 15:51:04,661 - my_logger - INFO - evaluating......
2023-06-07 15:51:04,661 - my_logger - INFO - epoch 6, valid loss: 0.6780, valid auc: 70.30%
2023-06-07 15:51:04,678 - my_logger - INFO - epoch 7, train loss: 0.6663
2023-06-07 15:51:04,713 - my_logger - INFO - epoch 8, train loss: 0.6581
2023-06-07 15:51:04,736 - my_logger - INFO - evaluating......
2023-06-07 15:51:04,736 - my_logger - INFO - epoch 8, valid loss: 0.6643, valid auc: 70.12%
2023-06-07 15:51:04,753 - my_logger - INFO - epoch 9, train loss: 0.6492
2023-06-07 15:51:04,790 - my_logger - INFO - epoch 10, train loss: 0.6398
2023-06-07 15:51:04,812 - my_logger - INFO - evaluating......
2023-06-07 15:51:04,812 - my_logger - INFO - epoch 10, valid loss: 0.6489, valid auc: 70.98%
2023-06-07 15:51:04,829 - my_logger - INFO - epoch 11, train loss: 0.6298
2023-06-07 15:51:04,865 - my_logger - INFO - epoch 12, train loss: 0.6190
2023-06-07 15:51:04,888 - my_logger - INFO - evaluating......
2023-06-07 15:51:04,889 - my_logger - INFO - epoch 12, valid loss: 0.6315, valid auc: 72.88%
2023-06-07 15:51:04,905 - my_logger - INFO - epoch 13, train loss: 0.6074
2023-06-07 15:51:04,942 - my_logger - INFO - epoch 14, train loss: 0.5949
2023-06-07 15:51:04,965 - my_logger - INFO - evaluating......
2023-06-07 15:51:04,966 - my_logger - INFO - epoch 14, valid loss: 0.6098, valid auc: 76.17%
2023-06-07 15:51:04,984 - my_logger - INFO - epoch 15, train loss: 0.5812
2023-06-07 15:51:05,020 - my_logger - INFO - epoch 16, train loss: 0.5663
2023-06-07 15:51:05,042 - my_logger - INFO - evaluating......
2023-06-07 15:51:05,042 - my_logger - INFO - epoch 16, valid loss: 0.5843, valid auc: 79.10%
2023-06-07 15:51:05,059 - my_logger - INFO - epoch 17, train loss: 0.5502
2023-06-07 15:51:05,094 - my_logger - INFO - epoch 18, train loss: 0.5329
2023-06-07 15:51:05,116 - my_logger - INFO - evaluating......
2023-06-07 15:51:05,116 - my_logger - INFO - epoch 18, valid loss: 0.5549, valid auc: 81.43%
2023-06-07 15:51:05,134 - my_logger - INFO - epoch 19, train loss: 0.5146
2023-06-07 15:51:05,169 - my_logger - INFO - epoch 20, train loss: 0.4953
2023-06-07 15:51:05,192 - my_logger - INFO - evaluating......
2023-06-07 15:51:05,192 - my_logger - INFO - epoch 20, valid loss: 0.5228, valid auc: 83.39%
2023-06-07 15:51:05,208 - my_logger - INFO - epoch 21, train loss: 0.4755
2023-06-07 15:51:05,244 - my_logger - INFO - epoch 22, train loss: 0.4554
2023-06-07 15:51:05,266 - my_logger - INFO - evaluating......
2023-06-07 15:51:05,266 - my_logger - INFO - epoch 22, valid loss: 0.4903, valid auc: 85.29%
2023-06-07 15:51:05,283 - my_logger - INFO - epoch 23, train loss: 0.4357
2023-06-07 15:51:05,318 - my_logger - INFO - epoch 24, train loss: 0.4165
2023-06-07 15:51:05,340 - my_logger - INFO - evaluating......
2023-06-07 15:51:05,341 - my_logger - INFO - epoch 24, valid loss: 0.4594, valid auc: 86.99%
2023-06-07 15:51:05,357 - my_logger - INFO - epoch 25, train loss: 0.3985
2023-06-07 15:51:05,392 - my_logger - INFO - epoch 26, train loss: 0.3803
2023-06-07 15:51:05,414 - my_logger - INFO - evaluating......
2023-06-07 15:51:05,415 - my_logger - INFO - epoch 26, valid loss: 0.4302, valid auc: 88.73%
2023-06-07 15:51:05,431 - my_logger - INFO - epoch 27, train loss: 0.3637
2023-06-07 15:51:05,466 - my_logger - INFO - epoch 28, train loss: 0.3481
2023-06-07 15:51:05,489 - my_logger - INFO - evaluating......
2023-06-07 15:51:05,489 - my_logger - INFO - epoch 28, valid loss: 0.4049, valid auc: 90.26%
2023-06-07 15:51:05,507 - my_logger - INFO - epoch 29, train loss: 0.3322
2023-06-07 15:51:05,545 - my_logger - INFO - epoch 30, train loss: 0.3165
2023-06-07 15:51:05,567 - my_logger - INFO - evaluating......
2023-06-07 15:51:05,567 - my_logger - INFO - epoch 30, valid loss: 0.3776, valid auc: 91.54%
2023-06-07 15:51:05,584 - my_logger - INFO - epoch 31, train loss: 0.3019
2023-06-07 15:51:05,619 - my_logger - INFO - epoch 32, train loss: 0.2876
2023-06-07 15:51:05,641 - my_logger - INFO - evaluating......
2023-06-07 15:51:05,641 - my_logger - INFO - epoch 32, valid loss: 0.3511, valid auc: 92.70%
2023-06-07 15:51:05,658 - my_logger - INFO - epoch 33, train loss: 0.2734
2023-06-07 15:51:05,694 - my_logger - INFO - epoch 34, train loss: 0.2601
2023-06-07 15:51:05,716 - my_logger - INFO - evaluating......
2023-06-07 15:51:05,716 - my_logger - INFO - epoch 34, valid loss: 0.3289, valid auc: 93.68%
2023-06-07 15:51:05,733 - my_logger - INFO - epoch 35, train loss: 0.2480
2023-06-07 15:51:05,769 - my_logger - INFO - epoch 36, train loss: 0.2365
2023-06-07 15:51:05,791 - my_logger - INFO - evaluating......
2023-06-07 15:51:05,791 - my_logger - INFO - epoch 36, valid loss: 0.3121, valid auc: 94.41%
2023-06-07 15:51:05,808 - my_logger - INFO - epoch 37, train loss: 0.2255
2023-06-07 15:51:05,843 - my_logger - INFO - epoch 38, train loss: 0.2146
2023-06-07 15:51:05,866 - my_logger - INFO - evaluating......
2023-06-07 15:51:05,866 - my_logger - INFO - epoch 38, valid loss: 0.2962, valid auc: 94.94%
2023-06-07 15:51:05,883 - my_logger - INFO - epoch 39, train loss: 0.2047
2023-06-07 15:51:05,918 - my_logger - INFO - epoch 40, train loss: 0.1958
2023-06-07 15:51:05,941 - my_logger - INFO - evaluating......
2023-06-07 15:51:05,941 - my_logger - INFO - epoch 40, valid loss: 0.2829, valid auc: 95.34%
2023-06-07 15:51:05,958 - my_logger - INFO - epoch 41, train loss: 0.1875
2023-06-07 15:51:05,993 - my_logger - INFO - epoch 42, train loss: 0.1798
2023-06-07 15:51:06,016 - my_logger - INFO - evaluating......
2023-06-07 15:51:06,017 - my_logger - INFO - epoch 42, valid loss: 0.2727, valid auc: 95.66%
2023-06-07 15:51:06,036 - my_logger - INFO - epoch 43, train loss: 0.1721
2023-06-07 15:51:06,072 - my_logger - INFO - epoch 44, train loss: 0.1644
2023-06-07 15:51:06,094 - my_logger - INFO - evaluating......
2023-06-07 15:51:06,094 - my_logger - INFO - epoch 44, valid loss: 0.2637, valid auc: 95.97%
2023-06-07 15:51:06,111 - my_logger - INFO - epoch 45, train loss: 0.1573
2023-06-07 15:51:06,146 - my_logger - INFO - epoch 46, train loss: 0.1508
2023-06-07 15:51:06,169 - my_logger - INFO - evaluating......
2023-06-07 15:51:06,170 - my_logger - INFO - epoch 46, valid loss: 0.2564, valid auc: 96.27%
2023-06-07 15:51:06,187 - my_logger - INFO - epoch 47, train loss: 0.1447
2023-06-07 15:51:06,225 - my_logger - INFO - epoch 48, train loss: 0.1385
2023-06-07 15:51:06,248 - my_logger - INFO - evaluating......
2023-06-07 15:51:06,249 - my_logger - INFO - epoch 48, valid loss: 0.2486, valid auc: 96.54%
2023-06-07 15:51:06,266 - my_logger - INFO - epoch 49, train loss: 0.1325
2023-06-07 15:51:06,302 - my_logger - INFO - epoch 50, train loss: 0.1272
2023-06-07 15:51:06,324 - my_logger - INFO - evaluating......
2023-06-07 15:51:06,324 - my_logger - INFO - epoch 50, valid loss: 0.2389, valid auc: 96.78%
2023-06-07 15:51:06,341 - my_logger - INFO - epoch 51, train loss: 0.1223
2023-06-07 15:51:06,379 - my_logger - INFO - epoch 52, train loss: 0.1175
2023-06-07 15:51:06,403 - my_logger - INFO - evaluating......
2023-06-07 15:51:06,403 - my_logger - INFO - epoch 52, valid loss: 0.2307, valid auc: 97.00%
2023-06-07 15:51:06,420 - my_logger - INFO - epoch 53, train loss: 0.1127
2023-06-07 15:51:06,457 - my_logger - INFO - epoch 54, train loss: 0.1081
2023-06-07 15:51:06,480 - my_logger - INFO - evaluating......
2023-06-07 15:51:06,480 - my_logger - INFO - epoch 54, valid loss: 0.2249, valid auc: 97.19%
2023-06-07 15:51:06,497 - my_logger - INFO - epoch 55, train loss: 0.1038
2023-06-07 15:51:06,535 - my_logger - INFO - epoch 56, train loss: 0.0999
2023-06-07 15:51:06,558 - my_logger - INFO - evaluating......
2023-06-07 15:51:06,558 - my_logger - INFO - epoch 56, valid loss: 0.2203, valid auc: 97.37%
2023-06-07 15:51:06,575 - my_logger - INFO - epoch 57, train loss: 0.0959
2023-06-07 15:51:06,610 - my_logger - INFO - epoch 58, train loss: 0.0919
2023-06-07 15:51:06,633 - my_logger - INFO - evaluating......
2023-06-07 15:51:06,633 - my_logger - INFO - epoch 58, valid loss: 0.2145, valid auc: 97.51%
2023-06-07 15:51:06,650 - my_logger - INFO - epoch 59, train loss: 0.0881
2023-06-07 15:51:06,686 - my_logger - INFO - epoch 60, train loss: 0.0847
2023-06-07 15:51:06,708 - my_logger - INFO - evaluating......
2023-06-07 15:51:06,708 - my_logger - INFO - epoch 60, valid loss: 0.2088, valid auc: 97.65%
2023-06-07 15:51:06,745 - my_logger - INFO - epoch 61, train loss: 0.0813
2023-06-07 15:51:06,781 - my_logger - INFO - epoch 62, train loss: 0.0781
2023-06-07 15:51:06,804 - my_logger - INFO - evaluating......
2023-06-07 15:51:06,804 - my_logger - INFO - epoch 62, valid loss: 0.2049, valid auc: 97.75%
2023-06-07 15:51:06,841 - my_logger - INFO - epoch 63, train loss: 0.0750
2023-06-07 15:51:06,876 - my_logger - INFO - epoch 64, train loss: 0.0721
2023-06-07 15:51:06,899 - my_logger - INFO - evaluating......
2023-06-07 15:51:06,899 - my_logger - INFO - epoch 64, valid loss: 0.2028, valid auc: 97.84%
2023-06-07 15:51:06,936 - my_logger - INFO - epoch 65, train loss: 0.0693
2023-06-07 15:51:06,971 - my_logger - INFO - epoch 66, train loss: 0.0666
2023-06-07 15:51:06,993 - my_logger - INFO - evaluating......
2023-06-07 15:51:06,993 - my_logger - INFO - epoch 66, valid loss: 0.2001, valid auc: 97.92%
2023-06-07 15:51:07,031 - my_logger - INFO - epoch 67, train loss: 0.0640
2023-06-07 15:51:07,069 - my_logger - INFO - epoch 68, train loss: 0.0615
2023-06-07 15:51:07,092 - my_logger - INFO - evaluating......
2023-06-07 15:51:07,092 - my_logger - INFO - epoch 68, valid loss: 0.1967, valid auc: 98.00%
2023-06-07 15:51:07,129 - my_logger - INFO - epoch 69, train loss: 0.0592
2023-06-07 15:51:07,165 - my_logger - INFO - epoch 70, train loss: 0.0568
2023-06-07 15:51:07,187 - my_logger - INFO - evaluating......
2023-06-07 15:51:07,187 - my_logger - INFO - epoch 70, valid loss: 0.1945, valid auc: 98.07%
2023-06-07 15:51:07,225 - my_logger - INFO - epoch 71, train loss: 0.0546
2023-06-07 15:51:07,261 - my_logger - INFO - epoch 72, train loss: 0.0525
2023-06-07 15:51:07,283 - my_logger - INFO - evaluating......
2023-06-07 15:51:07,284 - my_logger - INFO - epoch 72, valid loss: 0.1934, valid auc: 98.12%
2023-06-07 15:51:07,320 - my_logger - INFO - epoch 73, train loss: 0.0504
2023-06-07 15:51:07,356 - my_logger - INFO - epoch 74, train loss: 0.0484
2023-06-07 15:51:07,378 - my_logger - INFO - evaluating......
2023-06-07 15:51:07,379 - my_logger - INFO - epoch 74, valid loss: 0.1920, valid auc: 98.16%
2023-06-07 15:51:07,415 - my_logger - INFO - epoch 75, train loss: 0.0465
2023-06-07 15:51:07,450 - my_logger - INFO - epoch 76, train loss: 0.0447
2023-06-07 15:51:07,473 - my_logger - INFO - evaluating......
2023-06-07 15:51:07,473 - my_logger - INFO - epoch 76, valid loss: 0.1904, valid auc: 98.20%
2023-06-07 15:51:07,512 - my_logger - INFO - epoch 77, train loss: 0.0430
2023-06-07 15:51:07,549 - my_logger - INFO - epoch 78, train loss: 0.0413
2023-06-07 15:51:07,573 - my_logger - INFO - evaluating......
2023-06-07 15:51:07,574 - my_logger - INFO - epoch 78, valid loss: 0.1899, valid auc: 98.24%
2023-06-07 15:51:07,610 - my_logger - INFO - epoch 79, train loss: 0.0397
2023-06-07 15:51:07,645 - my_logger - INFO - epoch 80, train loss: 0.0382
2023-06-07 15:51:07,668 - my_logger - INFO - evaluating......
2023-06-07 15:51:07,668 - my_logger - INFO - epoch 80, valid loss: 0.1904, valid auc: 98.26%
2023-06-07 15:51:07,705 - my_logger - INFO - epoch 81, train loss: 0.0367
2023-06-07 15:51:07,741 - my_logger - INFO - epoch 82, train loss: 0.0353
2023-06-07 15:51:07,764 - my_logger - INFO - evaluating......
2023-06-07 15:51:07,765 - my_logger - INFO - epoch 82, valid loss: 0.1908, valid auc: 98.28%
2023-06-07 15:51:07,801 - my_logger - INFO - epoch 83, train loss: 0.0340
2023-06-07 15:51:07,837 - my_logger - INFO - epoch 84, train loss: 0.0327
2023-06-07 15:51:07,860 - my_logger - INFO - evaluating......
2023-06-07 15:51:07,861 - my_logger - INFO - epoch 84, valid loss: 0.1909, valid auc: 98.30%
2023-06-07 15:51:07,898 - my_logger - INFO - epoch 85, train loss: 0.0314
2023-06-07 15:51:07,934 - my_logger - INFO - epoch 86, train loss: 0.0302
2023-06-07 15:51:07,956 - my_logger - INFO - evaluating......
2023-06-07 15:51:07,956 - my_logger - INFO - epoch 86, valid loss: 0.1915, valid auc: 98.32%
2023-06-07 15:51:07,993 - my_logger - INFO - epoch 87, train loss: 0.0290
2023-06-07 15:51:08,028 - my_logger - INFO - epoch 88, train loss: 0.0279
2023-06-07 15:51:08,051 - my_logger - INFO - evaluating......
2023-06-07 15:51:08,052 - my_logger - INFO - epoch 88, valid loss: 0.1923, valid auc: 98.34%
2023-06-07 15:51:08,090 - my_logger - INFO - epoch 89, train loss: 0.0268
2023-06-07 15:51:08,126 - my_logger - INFO - epoch 90, train loss: 0.0258
2023-06-07 15:51:08,149 - my_logger - INFO - evaluating......
2023-06-07 15:51:08,149 - my_logger - INFO - epoch 90, valid loss: 0.1926, valid auc: 98.36%
2023-06-07 15:51:08,186 - my_logger - INFO - epoch 91, train loss: 0.0248
2023-06-07 15:51:08,221 - my_logger - INFO - epoch 92, train loss: 0.0239
2023-06-07 15:51:08,244 - my_logger - INFO - evaluating......
2023-06-07 15:51:08,244 - my_logger - INFO - epoch 92, valid loss: 0.1929, valid auc: 98.38%
2023-06-07 15:51:08,282 - my_logger - INFO - epoch 93, train loss: 0.0230
2023-06-07 15:51:08,318 - my_logger - INFO - epoch 94, train loss: 0.0221
2023-06-07 15:51:08,340 - my_logger - INFO - evaluating......
2023-06-07 15:51:08,340 - my_logger - INFO - epoch 94, valid loss: 0.1934, valid auc: 98.40%
2023-06-07 15:51:08,377 - my_logger - INFO - epoch 95, train loss: 0.0213
2023-06-07 15:51:08,412 - my_logger - INFO - epoch 96, train loss: 0.0205
2023-06-07 15:51:08,434 - my_logger - INFO - evaluating......
2023-06-07 15:51:08,435 - my_logger - INFO - epoch 96, valid loss: 0.1939, valid auc: 98.41%
2023-06-07 15:51:08,471 - my_logger - INFO - epoch 97, train loss: 0.0197
2023-06-07 15:51:08,506 - my_logger - INFO - epoch 98, train loss: 0.0190
2023-06-07 15:51:08,528 - my_logger - INFO - evaluating......
2023-06-07 15:51:08,529 - my_logger - INFO - epoch 98, valid loss: 0.1946, valid auc: 98.42%
2023-06-07 15:51:08,566 - my_logger - INFO - epoch 99, train loss: 0.0183
2023-06-07 15:51:08,604 - my_logger - INFO - epoch 100, train loss: 0.0176
2023-06-07 15:51:08,626 - my_logger - INFO - evaluating......
2023-06-07 15:51:08,626 - my_logger - INFO - epoch 100, valid loss: 0.1957, valid auc: 98.43%
2023-06-07 15:51:08,663 - my_logger - INFO - epoch 101, train loss: 0.0170
2023-06-07 15:51:08,699 - my_logger - INFO - epoch 102, train loss: 0.0164
2023-06-07 15:51:08,721 - my_logger - INFO - evaluating......
2023-06-07 15:51:08,721 - my_logger - INFO - epoch 102, valid loss: 0.1966, valid auc: 98.44%
2023-06-07 15:51:08,759 - my_logger - INFO - epoch 103, train loss: 0.0158
2023-06-07 15:51:08,794 - my_logger - INFO - epoch 104, train loss: 0.0153
2023-06-07 15:51:08,817 - my_logger - INFO - evaluating......
2023-06-07 15:51:08,817 - my_logger - INFO - epoch 104, valid loss: 0.1976, valid auc: 98.45%
2023-06-07 15:51:08,854 - my_logger - INFO - epoch 105, train loss: 0.0147
2023-06-07 15:51:08,890 - my_logger - INFO - epoch 106, train loss: 0.0142
2023-06-07 15:51:08,912 - my_logger - INFO - evaluating......
2023-06-07 15:51:08,912 - my_logger - INFO - epoch 106, valid loss: 0.1987, valid auc: 98.46%
2023-06-07 15:51:08,950 - my_logger - INFO - epoch 107, train loss: 0.0137
2023-06-07 15:51:08,985 - my_logger - INFO - epoch 108, train loss: 0.0132
2023-06-07 15:51:09,008 - my_logger - INFO - evaluating......
2023-06-07 15:51:09,008 - my_logger - INFO - epoch 108, valid loss: 0.1997, valid auc: 98.47%
2023-06-07 15:51:09,045 - my_logger - INFO - epoch 109, train loss: 0.0128
2023-06-07 15:51:09,082 - my_logger - INFO - epoch 110, train loss: 0.0124
2023-06-07 15:51:09,106 - my_logger - INFO - evaluating......
2023-06-07 15:51:09,106 - my_logger - INFO - epoch 110, valid loss: 0.2009, valid auc: 98.48%
2023-06-07 15:51:09,143 - my_logger - INFO - epoch 111, train loss: 0.0119
2023-06-07 15:51:09,178 - my_logger - INFO - epoch 112, train loss: 0.0115
2023-06-07 15:51:09,201 - my_logger - INFO - evaluating......
2023-06-07 15:51:09,201 - my_logger - INFO - epoch 112, valid loss: 0.2019, valid auc: 98.49%
2023-06-07 15:51:09,237 - my_logger - INFO - epoch 113, train loss: 0.0111
2023-06-07 15:51:09,273 - my_logger - INFO - epoch 114, train loss: 0.0108
2023-06-07 15:51:09,296 - my_logger - INFO - evaluating......
2023-06-07 15:51:09,296 - my_logger - INFO - epoch 114, valid loss: 0.2031, valid auc: 98.50%
2023-06-07 15:51:09,333 - my_logger - INFO - epoch 115, train loss: 0.0104
2023-06-07 15:51:09,369 - my_logger - INFO - epoch 116, train loss: 0.0101
2023-06-07 15:51:09,391 - my_logger - INFO - evaluating......
2023-06-07 15:51:09,391 - my_logger - INFO - epoch 116, valid loss: 0.2044, valid auc: 98.51%
2023-06-07 15:51:09,428 - my_logger - INFO - epoch 117, train loss: 0.0097
2023-06-07 15:51:09,464 - my_logger - INFO - epoch 118, train loss: 0.0094
2023-06-07 15:51:09,486 - my_logger - INFO - evaluating......
2023-06-07 15:51:09,486 - my_logger - INFO - epoch 118, valid loss: 0.2057, valid auc: 98.52%
2023-06-07 15:51:09,522 - my_logger - INFO - epoch 119, train loss: 0.0091
2023-06-07 15:51:09,558 - my_logger - INFO - epoch 120, train loss: 0.0088
2023-06-07 15:51:09,581 - my_logger - INFO - evaluating......
2023-06-07 15:51:09,581 - my_logger - INFO - epoch 120, valid loss: 0.2070, valid auc: 98.52%
2023-06-07 15:51:09,619 - my_logger - INFO - epoch 121, train loss: 0.0085
2023-06-07 15:51:09,654 - my_logger - INFO - epoch 122, train loss: 0.0082
2023-06-07 15:51:09,676 - my_logger - INFO - evaluating......
2023-06-07 15:51:09,676 - my_logger - INFO - epoch 122, valid loss: 0.2083, valid auc: 98.53%
2023-06-07 15:51:09,713 - my_logger - INFO - epoch 123, train loss: 0.0080
2023-06-07 15:51:09,748 - my_logger - INFO - epoch 124, train loss: 0.0077
2023-06-07 15:51:09,771 - my_logger - INFO - evaluating......
2023-06-07 15:51:09,771 - my_logger - INFO - epoch 124, valid loss: 0.2095, valid auc: 98.54%
2023-06-07 15:51:09,809 - my_logger - INFO - epoch 125, train loss: 0.0074
2023-06-07 15:51:09,845 - my_logger - INFO - epoch 126, train loss: 0.0072
2023-06-07 15:51:09,867 - my_logger - INFO - evaluating......
2023-06-07 15:51:09,867 - my_logger - INFO - epoch 126, valid loss: 0.2108, valid auc: 98.54%
2023-06-07 15:51:09,904 - my_logger - INFO - epoch 127, train loss: 0.0070
2023-06-07 15:51:09,939 - my_logger - INFO - epoch 128, train loss: 0.0067
2023-06-07 15:51:09,962 - my_logger - INFO - evaluating......
2023-06-07 15:51:09,962 - my_logger - INFO - epoch 128, valid loss: 0.2121, valid auc: 98.55%
2023-06-07 15:51:09,999 - my_logger - INFO - epoch 129, train loss: 0.0065
2023-06-07 15:51:10,035 - my_logger - INFO - epoch 130, train loss: 0.0063
2023-06-07 15:51:10,057 - my_logger - INFO - evaluating......
2023-06-07 15:51:10,057 - my_logger - INFO - epoch 130, valid loss: 0.2133, valid auc: 98.55%
2023-06-07 15:51:10,096 - my_logger - INFO - epoch 131, train loss: 0.0061
2023-06-07 15:51:10,135 - my_logger - INFO - epoch 132, train loss: 0.0059
2023-06-07 15:51:10,158 - my_logger - INFO - evaluating......
2023-06-07 15:51:10,158 - my_logger - INFO - epoch 132, valid loss: 0.2146, valid auc: 98.55%
2023-06-07 15:51:10,194 - my_logger - INFO - epoch 133, train loss: 0.0058
2023-06-07 15:51:10,229 - my_logger - INFO - epoch 134, train loss: 0.0056
2023-06-07 15:51:10,251 - my_logger - INFO - evaluating......
2023-06-07 15:51:10,251 - my_logger - INFO - epoch 134, valid loss: 0.2159, valid auc: 98.56%
2023-06-07 15:51:10,288 - my_logger - INFO - epoch 135, train loss: 0.0054
2023-06-07 15:51:10,324 - my_logger - INFO - epoch 136, train loss: 0.0053
2023-06-07 15:51:10,346 - my_logger - INFO - evaluating......
2023-06-07 15:51:10,347 - my_logger - INFO - epoch 136, valid loss: 0.2171, valid auc: 98.56%
2023-06-07 15:51:10,384 - my_logger - INFO - epoch 137, train loss: 0.0051
2023-06-07 15:51:10,420 - my_logger - INFO - epoch 138, train loss: 0.0050
2023-06-07 15:51:10,442 - my_logger - INFO - evaluating......
2023-06-07 15:51:10,442 - my_logger - INFO - epoch 138, valid loss: 0.2183, valid auc: 98.57%
2023-06-07 15:51:10,479 - my_logger - INFO - epoch 139, train loss: 0.0048
2023-06-07 15:51:10,514 - my_logger - INFO - epoch 140, train loss: 0.0047
2023-06-07 15:51:10,537 - my_logger - INFO - evaluating......
2023-06-07 15:51:10,537 - my_logger - INFO - epoch 140, valid loss: 0.2195, valid auc: 98.57%
2023-06-07 15:51:10,573 - my_logger - INFO - epoch 141, train loss: 0.0045
2023-06-07 15:51:10,610 - my_logger - INFO - epoch 142, train loss: 0.0044
2023-06-07 15:51:10,634 - my_logger - INFO - evaluating......
2023-06-07 15:51:10,635 - my_logger - INFO - epoch 142, valid loss: 0.2207, valid auc: 98.57%
2023-06-07 15:51:10,672 - my_logger - INFO - epoch 143, train loss: 0.0042
2023-06-07 15:51:10,707 - my_logger - INFO - epoch 144, train loss: 0.0041
2023-06-07 15:51:10,729 - my_logger - INFO - evaluating......
2023-06-07 15:51:10,730 - my_logger - INFO - epoch 144, valid loss: 0.2219, valid auc: 98.57%
2023-06-07 15:51:10,769 - my_logger - INFO - epoch 145, train loss: 0.0040
2023-06-07 15:51:10,804 - my_logger - INFO - epoch 146, train loss: 0.0039
2023-06-07 15:51:10,827 - my_logger - INFO - evaluating......
2023-06-07 15:51:10,827 - my_logger - INFO - epoch 146, valid loss: 0.2232, valid auc: 98.57%
2023-06-07 15:51:10,864 - my_logger - INFO - epoch 147, train loss: 0.0038
2023-06-07 15:51:10,900 - my_logger - INFO - epoch 148, train loss: 0.0036
2023-06-07 15:51:10,923 - my_logger - INFO - evaluating......
2023-06-07 15:51:10,923 - my_logger - INFO - epoch 148, valid loss: 0.2245, valid auc: 98.58%
2023-06-07 15:51:10,960 - my_logger - INFO - epoch 149, train loss: 0.0035
2023-06-07 15:51:10,995 - my_logger - INFO - epoch 150, train loss: 0.0034
2023-06-07 15:51:11,018 - my_logger - INFO - evaluating......
2023-06-07 15:51:11,018 - my_logger - INFO - epoch 150, valid loss: 0.2258, valid auc: 98.58%
2023-06-07 15:51:11,056 - my_logger - INFO - epoch 151, train loss: 0.0033
2023-06-07 15:51:11,091 - my_logger - INFO - epoch 152, train loss: 0.0032
2023-06-07 15:51:11,115 - my_logger - INFO - evaluating......
2023-06-07 15:51:11,115 - my_logger - INFO - epoch 152, valid loss: 0.2270, valid auc: 98.58%
2023-06-07 15:51:11,133 - my_logger - INFO - epoch 153, train loss: 0.0031
2023-06-07 15:51:11,168 - my_logger - INFO - epoch 154, train loss: 0.0030
2023-06-07 15:51:11,191 - my_logger - INFO - evaluating......
2023-06-07 15:51:11,191 - my_logger - INFO - epoch 154, valid loss: 0.2283, valid auc: 98.58%
2023-06-07 15:51:11,208 - my_logger - INFO - epoch 155, train loss: 0.0029
2023-06-07 15:51:11,243 - my_logger - INFO - epoch 156, train loss: 0.0028
2023-06-07 15:51:11,265 - my_logger - INFO - evaluating......
2023-06-07 15:51:11,265 - my_logger - INFO - epoch 156, valid loss: 0.2295, valid auc: 98.58%
2023-06-07 15:51:11,282 - my_logger - INFO - epoch 157, train loss: 0.0028
2023-06-07 15:51:11,318 - my_logger - INFO - epoch 158, train loss: 0.0027
2023-06-07 15:51:11,340 - my_logger - INFO - evaluating......
2023-06-07 15:51:11,340 - my_logger - INFO - epoch 158, valid loss: 0.2308, valid auc: 98.58%
2023-06-07 15:51:11,356 - my_logger - INFO - epoch 159, train loss: 0.0026
2023-06-07 15:51:11,393 - my_logger - INFO - epoch 160, train loss: 0.0025
2023-06-07 15:51:11,416 - my_logger - INFO - evaluating......
2023-06-07 15:51:11,416 - my_logger - INFO - epoch 160, valid loss: 0.2321, valid auc: 98.58%
2023-06-07 15:51:11,452 - my_logger - INFO - epoch 161, train loss: 0.0025
2023-06-07 15:51:11,487 - my_logger - INFO - epoch 162, train loss: 0.0024
2023-06-07 15:51:11,510 - my_logger - INFO - evaluating......
2023-06-07 15:51:11,510 - my_logger - INFO - epoch 162, valid loss: 0.2334, valid auc: 98.58%
2023-06-07 15:51:11,546 - my_logger - INFO - epoch 163, train loss: 0.0023
2023-06-07 15:51:11,582 - my_logger - INFO - epoch 164, train loss: 0.0023
2023-06-07 15:51:11,604 - my_logger - INFO - evaluating......
2023-06-07 15:51:11,605 - my_logger - INFO - epoch 164, valid loss: 0.2348, valid auc: 98.58%
2023-06-07 15:51:11,624 - my_logger - INFO - epoch 165, train loss: 0.0022
2023-06-07 15:51:11,661 - my_logger - INFO - epoch 166, train loss: 0.0022
2023-06-07 15:51:11,684 - my_logger - INFO - evaluating......
2023-06-07 15:51:11,684 - my_logger - INFO - epoch 166, valid loss: 0.2360, valid auc: 98.58%
2023-06-07 15:51:11,701 - my_logger - INFO - epoch 167, train loss: 0.0021
2023-06-07 15:51:11,736 - my_logger - INFO - epoch 168, train loss: 0.0021
2023-06-07 15:51:11,759 - my_logger - INFO - evaluating......
2023-06-07 15:51:11,759 - my_logger - INFO - epoch 168, valid loss: 0.2373, valid auc: 98.58%
2023-06-07 15:51:11,775 - my_logger - INFO - epoch 169, train loss: 0.0020
2023-06-07 15:51:11,811 - my_logger - INFO - epoch 170, train loss: 0.0020
2023-06-07 15:51:11,833 - my_logger - INFO - evaluating......
2023-06-07 15:51:11,833 - my_logger - INFO - epoch 170, valid loss: 0.2384, valid auc: 98.58%
2023-06-07 15:51:11,870 - my_logger - INFO - epoch 171, train loss: 0.0019
2023-06-07 15:51:11,906 - my_logger - INFO - epoch 172, train loss: 0.0019
2023-06-07 15:51:11,928 - my_logger - INFO - evaluating......
2023-06-07 15:51:11,928 - my_logger - INFO - epoch 172, valid loss: 0.2395, valid auc: 98.58%
2023-06-07 15:51:11,945 - my_logger - INFO - epoch 173, train loss: 0.0018
2023-06-07 15:51:11,981 - my_logger - INFO - epoch 174, train loss: 0.0018
2023-06-07 15:51:12,003 - my_logger - INFO - evaluating......
2023-06-07 15:51:12,003 - my_logger - INFO - epoch 174, valid loss: 0.2407, valid auc: 98.58%
2023-06-07 15:51:12,040 - my_logger - INFO - epoch 175, train loss: 0.0018
2023-06-07 15:51:12,076 - my_logger - INFO - epoch 176, train loss: 0.0017
2023-06-07 15:51:12,098 - my_logger - INFO - evaluating......
2023-06-07 15:51:12,098 - my_logger - INFO - epoch 176, valid loss: 0.2418, valid auc: 98.59%
2023-06-07 15:51:12,137 - my_logger - INFO - epoch 177, train loss: 0.0017
2023-06-07 15:51:12,175 - my_logger - INFO - epoch 178, train loss: 0.0017
2023-06-07 15:51:12,198 - my_logger - INFO - evaluating......
2023-06-07 15:51:12,198 - my_logger - INFO - epoch 178, valid loss: 0.2429, valid auc: 98.59%
2023-06-07 15:51:12,215 - my_logger - INFO - epoch 179, train loss: 0.0016
2023-06-07 15:51:12,250 - my_logger - INFO - epoch 180, train loss: 0.0016
2023-06-07 15:51:12,273 - my_logger - INFO - evaluating......
2023-06-07 15:51:12,273 - my_logger - INFO - epoch 180, valid loss: 0.2440, valid auc: 98.59%
2023-06-07 15:51:12,289 - my_logger - INFO - epoch 181, train loss: 0.0016
2023-06-07 15:51:12,324 - my_logger - INFO - epoch 182, train loss: 0.0015
2023-06-07 15:51:12,347 - my_logger - INFO - evaluating......
2023-06-07 15:51:12,347 - my_logger - INFO - epoch 182, valid loss: 0.2450, valid auc: 98.59%
2023-06-07 15:51:12,384 - my_logger - INFO - epoch 183, train loss: 0.0015
2023-06-07 15:51:12,421 - my_logger - INFO - epoch 184, train loss: 0.0015
2023-06-07 15:51:12,444 - my_logger - INFO - evaluating......
2023-06-07 15:51:12,444 - my_logger - INFO - epoch 184, valid loss: 0.2461, valid auc: 98.59%
2023-06-07 15:51:12,480 - my_logger - INFO - epoch 185, train loss: 0.0014
2023-06-07 15:51:12,517 - my_logger - INFO - epoch 186, train loss: 0.0014
2023-06-07 15:51:12,542 - my_logger - INFO - evaluating......
2023-06-07 15:51:12,542 - my_logger - INFO - epoch 186, valid loss: 0.2472, valid auc: 98.59%
2023-06-07 15:51:12,584 - my_logger - INFO - epoch 187, train loss: 0.0014
2023-06-07 15:51:12,623 - my_logger - INFO - epoch 188, train loss: 0.0014
2023-06-07 15:51:12,647 - my_logger - INFO - evaluating......
2023-06-07 15:51:12,647 - my_logger - INFO - epoch 188, valid loss: 0.2482, valid auc: 98.59%
2023-06-07 15:51:12,687 - my_logger - INFO - epoch 189, train loss: 0.0013
2023-06-07 15:51:12,726 - my_logger - INFO - epoch 190, train loss: 0.0013
2023-06-07 15:51:12,750 - my_logger - INFO - evaluating......
2023-06-07 15:51:12,750 - my_logger - INFO - epoch 190, valid loss: 0.2492, valid auc: 98.59%
2023-06-07 15:51:12,790 - my_logger - INFO - epoch 191, train loss: 0.0013
2023-06-07 15:51:12,829 - my_logger - INFO - epoch 192, train loss: 0.0013
2023-06-07 15:51:12,854 - my_logger - INFO - evaluating......
2023-06-07 15:51:12,855 - my_logger - INFO - epoch 192, valid loss: 0.2502, valid auc: 98.59%
2023-06-07 15:51:12,894 - my_logger - INFO - epoch 193, train loss: 0.0012
2023-06-07 15:51:12,932 - my_logger - INFO - epoch 194, train loss: 0.0012
2023-06-07 15:51:12,957 - my_logger - INFO - evaluating......
2023-06-07 15:51:12,958 - my_logger - INFO - epoch 194, valid loss: 0.2512, valid auc: 98.59%
2023-06-07 15:51:12,998 - my_logger - INFO - epoch 195, train loss: 0.0012
2023-06-07 15:51:13,036 - my_logger - INFO - epoch 196, train loss: 0.0012
2023-06-07 15:51:13,061 - my_logger - INFO - evaluating......
2023-06-07 15:51:13,062 - my_logger - INFO - epoch 196, valid loss: 0.2522, valid auc: 98.60%
2023-06-07 15:51:13,100 - my_logger - INFO - epoch 197, train loss: 0.0012
2023-06-07 15:51:13,139 - my_logger - INFO - epoch 198, train loss: 0.0011
2023-06-07 15:51:13,163 - my_logger - INFO - evaluating......
2023-06-07 15:51:13,163 - my_logger - INFO - epoch 198, valid loss: 0.2532, valid auc: 98.60%
2023-06-07 15:51:13,202 - my_logger - INFO - epoch 199, train loss: 0.0011
2023-06-07 15:51:13,204 - my_logger - INFO - total train time used: 9.6112s
2023-06-07 15:51:13,204 - my_logger - INFO - testing......
2023-06-07 15:51:13,239 - my_logger - INFO - test auc: 98.30%
