2023-06-07 15:47:11,289 - my_logger - INFO - training......
2023-06-07 15:47:12,075 - my_logger - INFO - epoch 0, train loss: 0.6932
2023-06-07 15:47:12,081 - my_logger - INFO - evaluating......
2023-06-07 15:47:12,081 - my_logger - INFO - epoch 0, valid loss: 0.6932, valid auc: 78.57%
2023-06-07 15:47:12,089 - my_logger - INFO - epoch 1, train loss: 0.6931
2023-06-07 15:47:12,097 - my_logger - INFO - epoch 2, train loss: 0.6928
2023-06-07 15:47:12,100 - my_logger - INFO - evaluating......
2023-06-07 15:47:12,101 - my_logger - INFO - epoch 2, valid loss: 0.6928, valid auc: 74.12%
2023-06-07 15:47:12,107 - my_logger - INFO - epoch 3, train loss: 0.6923
2023-06-07 15:47:12,114 - my_logger - INFO - epoch 4, train loss: 0.6914
2023-06-07 15:47:12,118 - my_logger - INFO - evaluating......
2023-06-07 15:47:12,118 - my_logger - INFO - epoch 4, valid loss: 0.6915, valid auc: 72.54%
2023-06-07 15:47:12,124 - my_logger - INFO - epoch 5, train loss: 0.6901
2023-06-07 15:47:12,131 - my_logger - INFO - epoch 6, train loss: 0.6882
2023-06-07 15:47:12,136 - my_logger - INFO - evaluating......
2023-06-07 15:47:12,136 - my_logger - INFO - epoch 6, valid loss: 0.6886, valid auc: 72.33%
2023-06-07 15:47:12,142 - my_logger - INFO - epoch 7, train loss: 0.6861
2023-06-07 15:47:12,149 - my_logger - INFO - epoch 8, train loss: 0.6841
2023-06-07 15:47:12,153 - my_logger - INFO - evaluating......
2023-06-07 15:47:12,154 - my_logger - INFO - epoch 8, valid loss: 0.6856, valid auc: 72.28%
2023-06-07 15:47:12,160 - my_logger - INFO - epoch 9, train loss: 0.6824
2023-06-07 15:47:12,168 - my_logger - INFO - epoch 10, train loss: 0.6801
2023-06-07 15:47:12,172 - my_logger - INFO - evaluating......
2023-06-07 15:47:12,172 - my_logger - INFO - epoch 10, valid loss: 0.6829, valid auc: 71.98%
2023-06-07 15:47:12,179 - my_logger - INFO - epoch 11, train loss: 0.6773
2023-06-07 15:47:12,186 - my_logger - INFO - epoch 12, train loss: 0.6738
2023-06-07 15:47:12,190 - my_logger - INFO - evaluating......
2023-06-07 15:47:12,190 - my_logger - INFO - epoch 12, valid loss: 0.6775, valid auc: 71.36%
2023-06-07 15:47:12,196 - my_logger - INFO - epoch 13, train loss: 0.6698
2023-06-07 15:47:12,204 - my_logger - INFO - epoch 14, train loss: 0.6656
2023-06-07 15:47:12,208 - my_logger - INFO - evaluating......
2023-06-07 15:47:12,208 - my_logger - INFO - epoch 14, valid loss: 0.6702, valid auc: 70.56%
2023-06-07 15:47:12,214 - my_logger - INFO - epoch 15, train loss: 0.6610
2023-06-07 15:47:12,221 - my_logger - INFO - epoch 16, train loss: 0.6560
2023-06-07 15:47:12,225 - my_logger - INFO - evaluating......
2023-06-07 15:47:12,225 - my_logger - INFO - epoch 16, valid loss: 0.6622, valid auc: 69.86%
2023-06-07 15:47:12,231 - my_logger - INFO - epoch 17, train loss: 0.6505
2023-06-07 15:47:12,239 - my_logger - INFO - epoch 18, train loss: 0.6444
2023-06-07 15:47:12,243 - my_logger - INFO - evaluating......
2023-06-07 15:47:12,243 - my_logger - INFO - epoch 18, valid loss: 0.6531, valid auc: 69.58%
2023-06-07 15:47:12,249 - my_logger - INFO - epoch 19, train loss: 0.6377
2023-06-07 15:47:12,257 - my_logger - INFO - epoch 20, train loss: 0.6309
2023-06-07 15:47:12,261 - my_logger - INFO - evaluating......
2023-06-07 15:47:12,261 - my_logger - INFO - epoch 20, valid loss: 0.6430, valid auc: 69.78%
2023-06-07 15:47:12,267 - my_logger - INFO - epoch 21, train loss: 0.6239
2023-06-07 15:47:12,274 - my_logger - INFO - epoch 22, train loss: 0.6166
2023-06-07 15:47:12,278 - my_logger - INFO - evaluating......
2023-06-07 15:47:12,278 - my_logger - INFO - epoch 22, valid loss: 0.6328, valid auc: 70.18%
2023-06-07 15:47:12,284 - my_logger - INFO - epoch 23, train loss: 0.6093
2023-06-07 15:47:12,292 - my_logger - INFO - epoch 24, train loss: 0.6023
2023-06-07 15:47:12,296 - my_logger - INFO - evaluating......
2023-06-07 15:47:12,296 - my_logger - INFO - epoch 24, valid loss: 0.6233, valid auc: 70.78%
2023-06-07 15:47:12,302 - my_logger - INFO - epoch 25, train loss: 0.5952
2023-06-07 15:47:12,309 - my_logger - INFO - epoch 26, train loss: 0.5885
2023-06-07 15:47:12,313 - my_logger - INFO - evaluating......
2023-06-07 15:47:12,313 - my_logger - INFO - epoch 26, valid loss: 0.6148, valid auc: 71.53%
2023-06-07 15:47:12,319 - my_logger - INFO - epoch 27, train loss: 0.5823
2023-06-07 15:47:12,327 - my_logger - INFO - epoch 28, train loss: 0.5764
2023-06-07 15:47:12,331 - my_logger - INFO - evaluating......
2023-06-07 15:47:12,331 - my_logger - INFO - epoch 28, valid loss: 0.6086, valid auc: 72.22%
2023-06-07 15:47:12,337 - my_logger - INFO - epoch 29, train loss: 0.5713
2023-06-07 15:47:12,344 - my_logger - INFO - epoch 30, train loss: 0.5664
2023-06-07 15:47:12,348 - my_logger - INFO - evaluating......
2023-06-07 15:47:12,349 - my_logger - INFO - epoch 30, valid loss: 0.6041, valid auc: 72.83%
2023-06-07 15:47:12,354 - my_logger - INFO - epoch 31, train loss: 0.5621
2023-06-07 15:47:12,362 - my_logger - INFO - epoch 32, train loss: 0.5580
2023-06-07 15:47:12,366 - my_logger - INFO - evaluating......
2023-06-07 15:47:12,366 - my_logger - INFO - epoch 32, valid loss: 0.6016, valid auc: 73.40%
2023-06-07 15:47:12,372 - my_logger - INFO - epoch 33, train loss: 0.5540
2023-06-07 15:47:12,379 - my_logger - INFO - epoch 34, train loss: 0.5502
2023-06-07 15:47:12,383 - my_logger - INFO - evaluating......
2023-06-07 15:47:12,384 - my_logger - INFO - epoch 34, valid loss: 0.5985, valid auc: 73.96%
2023-06-07 15:47:12,390 - my_logger - INFO - epoch 35, train loss: 0.5464
2023-06-07 15:47:12,397 - my_logger - INFO - epoch 36, train loss: 0.5423
2023-06-07 15:47:12,401 - my_logger - INFO - evaluating......
2023-06-07 15:47:12,401 - my_logger - INFO - epoch 36, valid loss: 0.5947, valid auc: 74.56%
2023-06-07 15:47:12,407 - my_logger - INFO - epoch 37, train loss: 0.5379
2023-06-07 15:47:12,415 - my_logger - INFO - epoch 38, train loss: 0.5335
2023-06-07 15:47:12,420 - my_logger - INFO - evaluating......
2023-06-07 15:47:12,420 - my_logger - INFO - epoch 38, valid loss: 0.5895, valid auc: 75.30%
2023-06-07 15:47:12,426 - my_logger - INFO - epoch 39, train loss: 0.5289
2023-06-07 15:47:12,434 - my_logger - INFO - epoch 40, train loss: 0.5240
2023-06-07 15:47:12,438 - my_logger - INFO - evaluating......
2023-06-07 15:47:12,438 - my_logger - INFO - epoch 40, valid loss: 0.5822, valid auc: 76.22%
2023-06-07 15:47:12,445 - my_logger - INFO - epoch 41, train loss: 0.5187
2023-06-07 15:47:12,453 - my_logger - INFO - epoch 42, train loss: 0.5132
2023-06-07 15:47:12,457 - my_logger - INFO - evaluating......
2023-06-07 15:47:12,457 - my_logger - INFO - epoch 42, valid loss: 0.5722, valid auc: 77.24%
2023-06-07 15:47:12,463 - my_logger - INFO - epoch 43, train loss: 0.5075
2023-06-07 15:47:12,471 - my_logger - INFO - epoch 44, train loss: 0.5014
2023-06-07 15:47:12,475 - my_logger - INFO - evaluating......
2023-06-07 15:47:12,475 - my_logger - INFO - epoch 44, valid loss: 0.5605, valid auc: 78.34%
2023-06-07 15:47:12,481 - my_logger - INFO - epoch 45, train loss: 0.4951
2023-06-07 15:47:12,489 - my_logger - INFO - epoch 46, train loss: 0.4886
2023-06-07 15:47:12,493 - my_logger - INFO - evaluating......
2023-06-07 15:47:12,493 - my_logger - INFO - epoch 46, valid loss: 0.5477, valid auc: 79.60%
2023-06-07 15:47:12,502 - my_logger - INFO - epoch 47, train loss: 0.4818
2023-06-07 15:47:12,510 - my_logger - INFO - epoch 48, train loss: 0.4747
2023-06-07 15:47:12,514 - my_logger - INFO - evaluating......
2023-06-07 15:47:12,514 - my_logger - INFO - epoch 48, valid loss: 0.5339, valid auc: 80.94%
2023-06-07 15:47:12,522 - my_logger - INFO - epoch 49, train loss: 0.4674
2023-06-07 15:47:12,530 - my_logger - INFO - epoch 50, train loss: 0.4600
2023-06-07 15:47:12,534 - my_logger - INFO - evaluating......
2023-06-07 15:47:12,534 - my_logger - INFO - epoch 50, valid loss: 0.5193, valid auc: 82.28%
2023-06-07 15:47:12,543 - my_logger - INFO - epoch 51, train loss: 0.4523
2023-06-07 15:47:12,550 - my_logger - INFO - epoch 52, train loss: 0.4444
2023-06-07 15:47:12,554 - my_logger - INFO - evaluating......
2023-06-07 15:47:12,554 - my_logger - INFO - epoch 52, valid loss: 0.5042, valid auc: 83.62%
2023-06-07 15:47:12,563 - my_logger - INFO - epoch 53, train loss: 0.4365
2023-06-07 15:47:12,570 - my_logger - INFO - epoch 54, train loss: 0.4283
2023-06-07 15:47:12,575 - my_logger - INFO - evaluating......
2023-06-07 15:47:12,575 - my_logger - INFO - epoch 54, valid loss: 0.4883, valid auc: 84.90%
2023-06-07 15:47:12,584 - my_logger - INFO - epoch 55, train loss: 0.4201
2023-06-07 15:47:12,591 - my_logger - INFO - epoch 56, train loss: 0.4118
2023-06-07 15:47:12,595 - my_logger - INFO - evaluating......
2023-06-07 15:47:12,596 - my_logger - INFO - epoch 56, valid loss: 0.4718, valid auc: 86.08%
2023-06-07 15:47:12,604 - my_logger - INFO - epoch 57, train loss: 0.4034
2023-06-07 15:47:12,611 - my_logger - INFO - epoch 58, train loss: 0.3950
2023-06-07 15:47:12,616 - my_logger - INFO - evaluating......
2023-06-07 15:47:12,616 - my_logger - INFO - epoch 58, valid loss: 0.4559, valid auc: 87.17%
2023-06-07 15:47:12,624 - my_logger - INFO - epoch 59, train loss: 0.3866
2023-06-07 15:47:12,632 - my_logger - INFO - epoch 60, train loss: 0.3782
2023-06-07 15:47:12,636 - my_logger - INFO - evaluating......
2023-06-07 15:47:12,636 - my_logger - INFO - epoch 60, valid loss: 0.4404, valid auc: 88.16%
2023-06-07 15:47:12,645 - my_logger - INFO - epoch 61, train loss: 0.3699
2023-06-07 15:47:12,652 - my_logger - INFO - epoch 62, train loss: 0.3617
2023-06-07 15:47:12,657 - my_logger - INFO - evaluating......
2023-06-07 15:47:12,657 - my_logger - INFO - epoch 62, valid loss: 0.4247, valid auc: 89.04%
2023-06-07 15:47:12,666 - my_logger - INFO - epoch 63, train loss: 0.3535
2023-06-07 15:47:12,673 - my_logger - INFO - epoch 64, train loss: 0.3454
2023-06-07 15:47:12,677 - my_logger - INFO - evaluating......
2023-06-07 15:47:12,677 - my_logger - INFO - epoch 64, valid loss: 0.4094, valid auc: 89.90%
2023-06-07 15:47:12,685 - my_logger - INFO - epoch 65, train loss: 0.3374
2023-06-07 15:47:12,693 - my_logger - INFO - epoch 66, train loss: 0.3294
2023-06-07 15:47:12,697 - my_logger - INFO - evaluating......
2023-06-07 15:47:12,697 - my_logger - INFO - epoch 66, valid loss: 0.3948, valid auc: 90.70%
2023-06-07 15:47:12,706 - my_logger - INFO - epoch 67, train loss: 0.3215
2023-06-07 15:47:12,714 - my_logger - INFO - epoch 68, train loss: 0.3137
2023-06-07 15:47:12,718 - my_logger - INFO - evaluating......
2023-06-07 15:47:12,718 - my_logger - INFO - epoch 68, valid loss: 0.3804, valid auc: 91.43%
2023-06-07 15:47:12,726 - my_logger - INFO - epoch 69, train loss: 0.3060
2023-06-07 15:47:12,733 - my_logger - INFO - epoch 70, train loss: 0.2985
2023-06-07 15:47:12,737 - my_logger - INFO - evaluating......
2023-06-07 15:47:12,737 - my_logger - INFO - epoch 70, valid loss: 0.3664, valid auc: 92.07%
2023-06-07 15:47:12,745 - my_logger - INFO - epoch 71, train loss: 0.2910
2023-06-07 15:47:12,752 - my_logger - INFO - epoch 72, train loss: 0.2837
2023-06-07 15:47:12,756 - my_logger - INFO - evaluating......
2023-06-07 15:47:12,756 - my_logger - INFO - epoch 72, valid loss: 0.3533, valid auc: 92.67%
2023-06-07 15:47:12,764 - my_logger - INFO - epoch 73, train loss: 0.2765
2023-06-07 15:47:12,770 - my_logger - INFO - epoch 74, train loss: 0.2695
2023-06-07 15:47:12,774 - my_logger - INFO - evaluating......
2023-06-07 15:47:12,774 - my_logger - INFO - epoch 74, valid loss: 0.3409, valid auc: 93.21%
2023-06-07 15:47:12,782 - my_logger - INFO - epoch 75, train loss: 0.2626
2023-06-07 15:47:12,789 - my_logger - INFO - epoch 76, train loss: 0.2559
2023-06-07 15:47:12,793 - my_logger - INFO - evaluating......
2023-06-07 15:47:12,793 - my_logger - INFO - epoch 76, valid loss: 0.3292, valid auc: 93.71%
2023-06-07 15:47:12,801 - my_logger - INFO - epoch 77, train loss: 0.2493
2023-06-07 15:47:12,808 - my_logger - INFO - epoch 78, train loss: 0.2429
2023-06-07 15:47:12,812 - my_logger - INFO - evaluating......
2023-06-07 15:47:12,812 - my_logger - INFO - epoch 78, valid loss: 0.3183, valid auc: 94.13%
2023-06-07 15:47:12,820 - my_logger - INFO - epoch 79, train loss: 0.2367
2023-06-07 15:47:12,827 - my_logger - INFO - epoch 80, train loss: 0.2307
2023-06-07 15:47:12,831 - my_logger - INFO - evaluating......
2023-06-07 15:47:12,831 - my_logger - INFO - epoch 80, valid loss: 0.3083, valid auc: 94.52%
2023-06-07 15:47:12,838 - my_logger - INFO - epoch 81, train loss: 0.2249
2023-06-07 15:47:12,845 - my_logger - INFO - epoch 82, train loss: 0.2193
2023-06-07 15:47:12,849 - my_logger - INFO - evaluating......
2023-06-07 15:47:12,849 - my_logger - INFO - epoch 82, valid loss: 0.2994, valid auc: 94.85%
2023-06-07 15:47:12,856 - my_logger - INFO - epoch 83, train loss: 0.2139
2023-06-07 15:47:12,863 - my_logger - INFO - epoch 84, train loss: 0.2089
2023-06-07 15:47:12,867 - my_logger - INFO - evaluating......
2023-06-07 15:47:12,867 - my_logger - INFO - epoch 84, valid loss: 0.2920, valid auc: 95.15%
2023-06-07 15:47:12,874 - my_logger - INFO - epoch 85, train loss: 0.2040
2023-06-07 15:47:12,881 - my_logger - INFO - epoch 86, train loss: 0.1988
2023-06-07 15:47:12,884 - my_logger - INFO - evaluating......
2023-06-07 15:47:12,884 - my_logger - INFO - epoch 86, valid loss: 0.2845, valid auc: 95.40%
2023-06-07 15:47:12,892 - my_logger - INFO - epoch 87, train loss: 0.1939
2023-06-07 15:47:12,899 - my_logger - INFO - epoch 88, train loss: 0.1895
2023-06-07 15:47:12,903 - my_logger - INFO - evaluating......
2023-06-07 15:47:12,903 - my_logger - INFO - epoch 88, valid loss: 0.2759, valid auc: 95.61%
2023-06-07 15:47:12,910 - my_logger - INFO - epoch 89, train loss: 0.1854
2023-06-07 15:47:12,917 - my_logger - INFO - epoch 90, train loss: 0.1810
2023-06-07 15:47:12,920 - my_logger - INFO - evaluating......
2023-06-07 15:47:12,921 - my_logger - INFO - epoch 90, valid loss: 0.2695, valid auc: 95.81%
2023-06-07 15:47:12,928 - my_logger - INFO - epoch 91, train loss: 0.1767
2023-06-07 15:47:12,934 - my_logger - INFO - epoch 92, train loss: 0.1728
2023-06-07 15:47:12,938 - my_logger - INFO - evaluating......
2023-06-07 15:47:12,938 - my_logger - INFO - epoch 92, valid loss: 0.2655, valid auc: 96.00%
2023-06-07 15:47:12,945 - my_logger - INFO - epoch 93, train loss: 0.1692
2023-06-07 15:47:12,952 - my_logger - INFO - epoch 94, train loss: 0.1655
2023-06-07 15:47:12,955 - my_logger - INFO - evaluating......
2023-06-07 15:47:12,956 - my_logger - INFO - epoch 94, valid loss: 0.2612, valid auc: 96.16%
2023-06-07 15:47:12,963 - my_logger - INFO - epoch 95, train loss: 0.1617
2023-06-07 15:47:12,969 - my_logger - INFO - epoch 96, train loss: 0.1582
2023-06-07 15:47:12,973 - my_logger - INFO - evaluating......
2023-06-07 15:47:12,973 - my_logger - INFO - epoch 96, valid loss: 0.2551, valid auc: 96.30%
2023-06-07 15:47:12,981 - my_logger - INFO - epoch 97, train loss: 0.1550
2023-06-07 15:47:12,987 - my_logger - INFO - epoch 98, train loss: 0.1518
2023-06-07 15:47:12,991 - my_logger - INFO - evaluating......
2023-06-07 15:47:12,991 - my_logger - INFO - epoch 98, valid loss: 0.2500, valid auc: 96.43%
2023-06-07 15:47:12,998 - my_logger - INFO - epoch 99, train loss: 0.1485
2023-06-07 15:47:13,005 - my_logger - INFO - epoch 100, train loss: 0.1454
2023-06-07 15:47:13,009 - my_logger - INFO - evaluating......
2023-06-07 15:47:13,009 - my_logger - INFO - epoch 100, valid loss: 0.2467, valid auc: 96.56%
2023-06-07 15:47:13,017 - my_logger - INFO - epoch 101, train loss: 0.1425
2023-06-07 15:47:13,024 - my_logger - INFO - epoch 102, train loss: 0.1397
2023-06-07 15:47:13,028 - my_logger - INFO - evaluating......
2023-06-07 15:47:13,028 - my_logger - INFO - epoch 102, valid loss: 0.2440, valid auc: 96.68%
2023-06-07 15:47:13,036 - my_logger - INFO - epoch 103, train loss: 0.1369
2023-06-07 15:47:13,043 - my_logger - INFO - epoch 104, train loss: 0.1341
2023-06-07 15:47:13,047 - my_logger - INFO - evaluating......
2023-06-07 15:47:13,047 - my_logger - INFO - epoch 104, valid loss: 0.2405, valid auc: 96.79%
2023-06-07 15:47:13,055 - my_logger - INFO - epoch 105, train loss: 0.1314
2023-06-07 15:47:13,062 - my_logger - INFO - epoch 106, train loss: 0.1288
2023-06-07 15:47:13,066 - my_logger - INFO - evaluating......
2023-06-07 15:47:13,066 - my_logger - INFO - epoch 106, valid loss: 0.2363, valid auc: 96.88%
2023-06-07 15:47:13,074 - my_logger - INFO - epoch 107, train loss: 0.1263
2023-06-07 15:47:13,081 - my_logger - INFO - epoch 108, train loss: 0.1239
2023-06-07 15:47:13,085 - my_logger - INFO - evaluating......
2023-06-07 15:47:13,085 - my_logger - INFO - epoch 108, valid loss: 0.2326, valid auc: 96.97%
2023-06-07 15:47:13,092 - my_logger - INFO - epoch 109, train loss: 0.1215
2023-06-07 15:47:13,099 - my_logger - INFO - epoch 110, train loss: 0.1192
2023-06-07 15:47:13,102 - my_logger - INFO - evaluating......
2023-06-07 15:47:13,102 - my_logger - INFO - epoch 110, valid loss: 0.2297, valid auc: 97.06%
2023-06-07 15:47:13,110 - my_logger - INFO - epoch 111, train loss: 0.1168
2023-06-07 15:47:13,116 - my_logger - INFO - epoch 112, train loss: 0.1146
2023-06-07 15:47:13,120 - my_logger - INFO - evaluating......
2023-06-07 15:47:13,120 - my_logger - INFO - epoch 112, valid loss: 0.2275, valid auc: 97.14%
2023-06-07 15:47:13,127 - my_logger - INFO - epoch 113, train loss: 0.1124
2023-06-07 15:47:13,134 - my_logger - INFO - epoch 114, train loss: 0.1103
2023-06-07 15:47:13,138 - my_logger - INFO - evaluating......
2023-06-07 15:47:13,138 - my_logger - INFO - epoch 114, valid loss: 0.2255, valid auc: 97.22%
2023-06-07 15:47:13,145 - my_logger - INFO - epoch 115, train loss: 0.1083
2023-06-07 15:47:13,152 - my_logger - INFO - epoch 116, train loss: 0.1063
2023-06-07 15:47:13,155 - my_logger - INFO - evaluating......
2023-06-07 15:47:13,156 - my_logger - INFO - epoch 116, valid loss: 0.2233, valid auc: 97.29%
2023-06-07 15:47:13,163 - my_logger - INFO - epoch 117, train loss: 0.1043
2023-06-07 15:47:13,170 - my_logger - INFO - epoch 118, train loss: 0.1023
2023-06-07 15:47:13,174 - my_logger - INFO - evaluating......
2023-06-07 15:47:13,175 - my_logger - INFO - epoch 118, valid loss: 0.2208, valid auc: 97.35%
2023-06-07 15:47:13,182 - my_logger - INFO - epoch 119, train loss: 0.1004
2023-06-07 15:47:13,189 - my_logger - INFO - epoch 120, train loss: 0.0986
2023-06-07 15:47:13,193 - my_logger - INFO - evaluating......
2023-06-07 15:47:13,193 - my_logger - INFO - epoch 120, valid loss: 0.2183, valid auc: 97.41%
2023-06-07 15:47:13,200 - my_logger - INFO - epoch 121, train loss: 0.0968
2023-06-07 15:47:13,207 - my_logger - INFO - epoch 122, train loss: 0.0950
2023-06-07 15:47:13,211 - my_logger - INFO - evaluating......
2023-06-07 15:47:13,211 - my_logger - INFO - epoch 122, valid loss: 0.2160, valid auc: 97.47%
2023-06-07 15:47:13,219 - my_logger - INFO - epoch 123, train loss: 0.0933
2023-06-07 15:47:13,225 - my_logger - INFO - epoch 124, train loss: 0.0917
2023-06-07 15:47:13,229 - my_logger - INFO - evaluating......
2023-06-07 15:47:13,229 - my_logger - INFO - epoch 124, valid loss: 0.2139, valid auc: 97.52%
2023-06-07 15:47:13,241 - my_logger - INFO - epoch 125, train loss: 0.0900
2023-06-07 15:47:13,257 - my_logger - INFO - epoch 126, train loss: 0.0885
2023-06-07 15:47:13,268 - my_logger - INFO - evaluating......
2023-06-07 15:47:13,268 - my_logger - INFO - epoch 126, valid loss: 0.2120, valid auc: 97.57%
2023-06-07 15:47:13,288 - my_logger - INFO - epoch 127, train loss: 0.0869
2023-06-07 15:47:13,298 - my_logger - INFO - epoch 128, train loss: 0.0854
2023-06-07 15:47:13,304 - my_logger - INFO - evaluating......
2023-06-07 15:47:13,305 - my_logger - INFO - epoch 128, valid loss: 0.2103, valid auc: 97.61%
2023-06-07 15:47:13,316 - my_logger - INFO - epoch 129, train loss: 0.0840
2023-06-07 15:47:13,323 - my_logger - INFO - epoch 130, train loss: 0.0825
2023-06-07 15:47:13,327 - my_logger - INFO - evaluating......
2023-06-07 15:47:13,327 - my_logger - INFO - epoch 130, valid loss: 0.2088, valid auc: 97.65%
2023-06-07 15:47:13,334 - my_logger - INFO - epoch 131, train loss: 0.0811
2023-06-07 15:47:13,341 - my_logger - INFO - epoch 132, train loss: 0.0796
2023-06-07 15:47:13,344 - my_logger - INFO - evaluating......
2023-06-07 15:47:13,345 - my_logger - INFO - epoch 132, valid loss: 0.2077, valid auc: 97.69%
2023-06-07 15:47:13,352 - my_logger - INFO - epoch 133, train loss: 0.0782
2023-06-07 15:47:13,359 - my_logger - INFO - epoch 134, train loss: 0.0768
2023-06-07 15:47:13,362 - my_logger - INFO - evaluating......
2023-06-07 15:47:13,363 - my_logger - INFO - epoch 134, valid loss: 0.2070, valid auc: 97.73%
2023-06-07 15:47:13,370 - my_logger - INFO - epoch 135, train loss: 0.0755
2023-06-07 15:47:13,377 - my_logger - INFO - epoch 136, train loss: 0.0742
2023-06-07 15:47:13,381 - my_logger - INFO - evaluating......
2023-06-07 15:47:13,381 - my_logger - INFO - epoch 136, valid loss: 0.2067, valid auc: 97.75%
2023-06-07 15:47:13,388 - my_logger - INFO - epoch 137, train loss: 0.0729
2023-06-07 15:47:13,395 - my_logger - INFO - epoch 138, train loss: 0.0718
2023-06-07 15:47:13,399 - my_logger - INFO - evaluating......
2023-06-07 15:47:13,399 - my_logger - INFO - epoch 138, valid loss: 0.2065, valid auc: 97.78%
2023-06-07 15:47:13,406 - my_logger - INFO - epoch 139, train loss: 0.0706
2023-06-07 15:47:13,413 - my_logger - INFO - epoch 140, train loss: 0.0694
2023-06-07 15:47:13,417 - my_logger - INFO - evaluating......
2023-06-07 15:47:13,417 - my_logger - INFO - epoch 140, valid loss: 0.2060, valid auc: 97.81%
2023-06-07 15:47:13,425 - my_logger - INFO - epoch 141, train loss: 0.0682
2023-06-07 15:47:13,431 - my_logger - INFO - epoch 142, train loss: 0.0671
2023-06-07 15:47:13,435 - my_logger - INFO - evaluating......
2023-06-07 15:47:13,435 - my_logger - INFO - epoch 142, valid loss: 0.2052, valid auc: 97.84%
2023-06-07 15:47:13,442 - my_logger - INFO - epoch 143, train loss: 0.0659
2023-06-07 15:47:13,449 - my_logger - INFO - epoch 144, train loss: 0.0648
2023-06-07 15:47:13,453 - my_logger - INFO - evaluating......
2023-06-07 15:47:13,453 - my_logger - INFO - epoch 144, valid loss: 0.2042, valid auc: 97.86%
2023-06-07 15:47:13,460 - my_logger - INFO - epoch 145, train loss: 0.0637
2023-06-07 15:47:13,467 - my_logger - INFO - epoch 146, train loss: 0.0627
2023-06-07 15:47:13,471 - my_logger - INFO - evaluating......
2023-06-07 15:47:13,471 - my_logger - INFO - epoch 146, valid loss: 0.2033, valid auc: 97.88%
2023-06-07 15:47:13,478 - my_logger - INFO - epoch 147, train loss: 0.0617
2023-06-07 15:47:13,485 - my_logger - INFO - epoch 148, train loss: 0.0607
2023-06-07 15:47:13,488 - my_logger - INFO - evaluating......
2023-06-07 15:47:13,489 - my_logger - INFO - epoch 148, valid loss: 0.2027, valid auc: 97.90%
2023-06-07 15:47:13,496 - my_logger - INFO - epoch 149, train loss: 0.0597
2023-06-07 15:47:13,503 - my_logger - INFO - epoch 150, train loss: 0.0588
2023-06-07 15:47:13,506 - my_logger - INFO - evaluating......
2023-06-07 15:47:13,506 - my_logger - INFO - epoch 150, valid loss: 0.2024, valid auc: 97.91%
2023-06-07 15:47:13,514 - my_logger - INFO - epoch 151, train loss: 0.0578
2023-06-07 15:47:13,520 - my_logger - INFO - epoch 152, train loss: 0.0568
2023-06-07 15:47:13,524 - my_logger - INFO - evaluating......
2023-06-07 15:47:13,524 - my_logger - INFO - epoch 152, valid loss: 0.2023, valid auc: 97.93%
2023-06-07 15:47:13,531 - my_logger - INFO - epoch 153, train loss: 0.0559
2023-06-07 15:47:13,538 - my_logger - INFO - epoch 154, train loss: 0.0550
2023-06-07 15:47:13,542 - my_logger - INFO - evaluating......
2023-06-07 15:47:13,542 - my_logger - INFO - epoch 154, valid loss: 0.2024, valid auc: 97.95%
2023-06-07 15:47:13,549 - my_logger - INFO - epoch 155, train loss: 0.0541
2023-06-07 15:47:13,556 - my_logger - INFO - epoch 156, train loss: 0.0533
2023-06-07 15:47:13,560 - my_logger - INFO - evaluating......
2023-06-07 15:47:13,560 - my_logger - INFO - epoch 156, valid loss: 0.2026, valid auc: 97.97%
2023-06-07 15:47:13,567 - my_logger - INFO - epoch 157, train loss: 0.0524
2023-06-07 15:47:13,574 - my_logger - INFO - epoch 158, train loss: 0.0516
2023-06-07 15:47:13,578 - my_logger - INFO - evaluating......
2023-06-07 15:47:13,578 - my_logger - INFO - epoch 158, valid loss: 0.2027, valid auc: 97.98%
2023-06-07 15:47:13,585 - my_logger - INFO - epoch 159, train loss: 0.0508
2023-06-07 15:47:13,592 - my_logger - INFO - epoch 160, train loss: 0.0500
2023-06-07 15:47:13,596 - my_logger - INFO - evaluating......
2023-06-07 15:47:13,596 - my_logger - INFO - epoch 160, valid loss: 0.2028, valid auc: 97.99%
2023-06-07 15:47:13,603 - my_logger - INFO - epoch 161, train loss: 0.0492
2023-06-07 15:47:13,610 - my_logger - INFO - epoch 162, train loss: 0.0484
2023-06-07 15:47:13,614 - my_logger - INFO - evaluating......
2023-06-07 15:47:13,614 - my_logger - INFO - epoch 162, valid loss: 0.2027, valid auc: 98.01%
2023-06-07 15:47:13,621 - my_logger - INFO - epoch 163, train loss: 0.0476
2023-06-07 15:47:13,628 - my_logger - INFO - epoch 164, train loss: 0.0469
2023-06-07 15:47:13,632 - my_logger - INFO - evaluating......
2023-06-07 15:47:13,632 - my_logger - INFO - epoch 164, valid loss: 0.2027, valid auc: 98.02%
2023-06-07 15:47:13,639 - my_logger - INFO - epoch 165, train loss: 0.0461
2023-06-07 15:47:13,646 - my_logger - INFO - epoch 166, train loss: 0.0454
2023-06-07 15:47:13,650 - my_logger - INFO - evaluating......
2023-06-07 15:47:13,650 - my_logger - INFO - epoch 166, valid loss: 0.2027, valid auc: 98.03%
2023-06-07 15:47:13,657 - my_logger - INFO - epoch 167, train loss: 0.0447
2023-06-07 15:47:13,664 - my_logger - INFO - epoch 168, train loss: 0.0440
2023-06-07 15:47:13,668 - my_logger - INFO - evaluating......
2023-06-07 15:47:13,669 - my_logger - INFO - epoch 168, valid loss: 0.2027, valid auc: 98.04%
2023-06-07 15:47:13,676 - my_logger - INFO - epoch 169, train loss: 0.0433
2023-06-07 15:47:13,683 - my_logger - INFO - epoch 170, train loss: 0.0426
2023-06-07 15:47:13,686 - my_logger - INFO - evaluating......
2023-06-07 15:47:13,687 - my_logger - INFO - epoch 170, valid loss: 0.2029, valid auc: 98.05%
2023-06-07 15:47:13,694 - my_logger - INFO - epoch 171, train loss: 0.0419
2023-06-07 15:47:13,701 - my_logger - INFO - epoch 172, train loss: 0.0413
2023-06-07 15:47:13,704 - my_logger - INFO - evaluating......
2023-06-07 15:47:13,704 - my_logger - INFO - epoch 172, valid loss: 0.2031, valid auc: 98.07%
2023-06-07 15:47:13,712 - my_logger - INFO - epoch 173, train loss: 0.0406
2023-06-07 15:47:13,719 - my_logger - INFO - epoch 174, train loss: 0.0400
2023-06-07 15:47:13,722 - my_logger - INFO - evaluating......
2023-06-07 15:47:13,722 - my_logger - INFO - epoch 174, valid loss: 0.2034, valid auc: 98.07%
2023-06-07 15:47:13,730 - my_logger - INFO - epoch 175, train loss: 0.0394
2023-06-07 15:47:13,737 - my_logger - INFO - epoch 176, train loss: 0.0388
2023-06-07 15:47:13,740 - my_logger - INFO - evaluating......
2023-06-07 15:47:13,741 - my_logger - INFO - epoch 176, valid loss: 0.2038, valid auc: 98.08%
2023-06-07 15:47:13,748 - my_logger - INFO - epoch 177, train loss: 0.0382
2023-06-07 15:47:13,754 - my_logger - INFO - epoch 178, train loss: 0.0376
2023-06-07 15:47:13,758 - my_logger - INFO - evaluating......
2023-06-07 15:47:13,758 - my_logger - INFO - epoch 178, valid loss: 0.2042, valid auc: 98.09%
2023-06-07 15:47:13,766 - my_logger - INFO - epoch 179, train loss: 0.0370
2023-06-07 15:47:13,772 - my_logger - INFO - epoch 180, train loss: 0.0364
2023-06-07 15:47:13,776 - my_logger - INFO - evaluating......
2023-06-07 15:47:13,776 - my_logger - INFO - epoch 180, valid loss: 0.2046, valid auc: 98.10%
2023-06-07 15:47:13,784 - my_logger - INFO - epoch 181, train loss: 0.0358
2023-06-07 15:47:13,790 - my_logger - INFO - epoch 182, train loss: 0.0353
2023-06-07 15:47:13,794 - my_logger - INFO - evaluating......
2023-06-07 15:47:13,794 - my_logger - INFO - epoch 182, valid loss: 0.2049, valid auc: 98.11%
2023-06-07 15:47:13,802 - my_logger - INFO - epoch 183, train loss: 0.0347
2023-06-07 15:47:13,808 - my_logger - INFO - epoch 184, train loss: 0.0342
2023-06-07 15:47:13,812 - my_logger - INFO - evaluating......
2023-06-07 15:47:13,812 - my_logger - INFO - epoch 184, valid loss: 0.2052, valid auc: 98.12%
2023-06-07 15:47:13,820 - my_logger - INFO - epoch 185, train loss: 0.0337
2023-06-07 15:47:13,826 - my_logger - INFO - epoch 186, train loss: 0.0331
2023-06-07 15:47:13,830 - my_logger - INFO - evaluating......
2023-06-07 15:47:13,830 - my_logger - INFO - epoch 186, valid loss: 0.2055, valid auc: 98.12%
2023-06-07 15:47:13,837 - my_logger - INFO - epoch 187, train loss: 0.0326
2023-06-07 15:47:13,844 - my_logger - INFO - epoch 188, train loss: 0.0321
2023-06-07 15:47:13,848 - my_logger - INFO - evaluating......
2023-06-07 15:47:13,848 - my_logger - INFO - epoch 188, valid loss: 0.2057, valid auc: 98.13%
2023-06-07 15:47:13,855 - my_logger - INFO - epoch 189, train loss: 0.0316
2023-06-07 15:47:13,862 - my_logger - INFO - epoch 190, train loss: 0.0311
2023-06-07 15:47:13,866 - my_logger - INFO - evaluating......
2023-06-07 15:47:13,866 - my_logger - INFO - epoch 190, valid loss: 0.2060, valid auc: 98.14%
2023-06-07 15:47:13,873 - my_logger - INFO - epoch 191, train loss: 0.0306
2023-06-07 15:47:13,880 - my_logger - INFO - epoch 192, train loss: 0.0301
2023-06-07 15:47:13,884 - my_logger - INFO - evaluating......
2023-06-07 15:47:13,884 - my_logger - INFO - epoch 192, valid loss: 0.2063, valid auc: 98.15%
2023-06-07 15:47:13,891 - my_logger - INFO - epoch 193, train loss: 0.0297
2023-06-07 15:47:13,898 - my_logger - INFO - epoch 194, train loss: 0.0292
2023-06-07 15:47:13,902 - my_logger - INFO - evaluating......
2023-06-07 15:47:13,902 - my_logger - INFO - epoch 194, valid loss: 0.2066, valid auc: 98.16%
2023-06-07 15:47:13,909 - my_logger - INFO - epoch 195, train loss: 0.0288
2023-06-07 15:47:13,916 - my_logger - INFO - epoch 196, train loss: 0.0283
2023-06-07 15:47:13,920 - my_logger - INFO - evaluating......
2023-06-07 15:47:13,920 - my_logger - INFO - epoch 196, valid loss: 0.2069, valid auc: 98.17%
2023-06-07 15:47:13,927 - my_logger - INFO - epoch 197, train loss: 0.0279
2023-06-07 15:47:13,934 - my_logger - INFO - epoch 198, train loss: 0.0275
2023-06-07 15:47:13,938 - my_logger - INFO - evaluating......
2023-06-07 15:47:13,938 - my_logger - INFO - epoch 198, valid loss: 0.2073, valid auc: 98.17%
2023-06-07 15:47:13,945 - my_logger - INFO - epoch 199, train loss: 0.0271
2023-06-07 15:47:13,946 - my_logger - INFO - total train time used: 2.6572s
2023-06-07 15:47:13,946 - my_logger - INFO - testing......
2023-06-07 15:47:13,954 - my_logger - INFO - test auc: 97.65%
