2023-06-08 14:38:45,337 - my_logger - INFO - training......
2023-06-08 14:38:46,162 - my_logger - INFO - epoch 0, train loss: 0.6932
2023-06-08 14:38:46,249 - my_logger - INFO - evaluating......
2023-06-08 14:38:46,249 - my_logger - INFO - epoch 0, valid loss: 0.6969, valid auc: 63.40%
2023-06-08 14:38:46,378 - my_logger - INFO - epoch 1, train loss: 0.6958
2023-06-08 14:38:46,543 - my_logger - INFO - epoch 2, train loss: 3.2132
2023-06-08 14:38:46,622 - my_logger - INFO - evaluating......
2023-06-08 14:38:46,623 - my_logger - INFO - epoch 2, valid loss: 2.3960, valid auc: 72.85%
2023-06-08 14:38:46,749 - my_logger - INFO - epoch 3, train loss: 1.9375
2023-06-08 14:38:46,906 - my_logger - INFO - epoch 4, train loss: 0.7083
2023-06-08 14:38:46,986 - my_logger - INFO - evaluating......
2023-06-08 14:38:46,986 - my_logger - INFO - epoch 4, valid loss: 0.6595, valid auc: 71.41%
2023-06-08 14:38:47,075 - my_logger - INFO - epoch 5, train loss: 0.8247
2023-06-08 14:38:47,233 - my_logger - INFO - epoch 6, train loss: 2.8286
2023-06-08 14:38:47,313 - my_logger - INFO - evaluating......
2023-06-08 14:38:47,314 - my_logger - INFO - epoch 6, valid loss: 0.9667, valid auc: 67.36%
2023-06-08 14:38:47,401 - my_logger - INFO - epoch 7, train loss: 0.9014
2023-06-08 14:38:47,560 - my_logger - INFO - epoch 8, train loss: 0.8834
2023-06-08 14:38:47,640 - my_logger - INFO - evaluating......
2023-06-08 14:38:47,640 - my_logger - INFO - epoch 8, valid loss: 0.6682, valid auc: 66.26%
2023-06-08 14:38:47,729 - my_logger - INFO - epoch 9, train loss: 0.8857
2023-06-08 14:38:47,887 - my_logger - INFO - epoch 10, train loss: 0.7141
2023-06-08 14:38:47,967 - my_logger - INFO - evaluating......
2023-06-08 14:38:47,967 - my_logger - INFO - epoch 10, valid loss: 0.6730, valid auc: 72.32%
2023-06-08 14:38:48,055 - my_logger - INFO - epoch 11, train loss: 0.6673
2023-06-08 14:38:48,215 - my_logger - INFO - epoch 12, train loss: 0.7286
2023-06-08 14:38:48,294 - my_logger - INFO - evaluating......
2023-06-08 14:38:48,294 - my_logger - INFO - epoch 12, valid loss: 0.7287, valid auc: 72.16%
2023-06-08 14:38:48,380 - my_logger - INFO - epoch 13, train loss: 0.7018
2023-06-08 14:38:48,531 - my_logger - INFO - epoch 14, train loss: 0.6649
2023-06-08 14:38:48,611 - my_logger - INFO - evaluating......
2023-06-08 14:38:48,611 - my_logger - INFO - epoch 14, valid loss: 0.6629, valid auc: 69.31%
2023-06-08 14:38:48,695 - my_logger - INFO - epoch 15, train loss: 0.6622
2023-06-08 14:38:48,851 - my_logger - INFO - epoch 16, train loss: 0.6652
2023-06-08 14:38:48,930 - my_logger - INFO - evaluating......
2023-06-08 14:38:48,930 - my_logger - INFO - epoch 16, valid loss: 0.6692, valid auc: 65.64%
2023-06-08 14:38:49,017 - my_logger - INFO - epoch 17, train loss: 0.6646
2023-06-08 14:38:49,173 - my_logger - INFO - epoch 18, train loss: 0.6599
2023-06-08 14:38:49,251 - my_logger - INFO - evaluating......
2023-06-08 14:38:49,251 - my_logger - INFO - epoch 18, valid loss: 0.6595, valid auc: 67.71%
2023-06-08 14:38:49,336 - my_logger - INFO - epoch 19, train loss: 0.6517
2023-06-08 14:38:49,495 - my_logger - INFO - epoch 20, train loss: 0.6416
2023-06-08 14:38:49,574 - my_logger - INFO - evaluating......
2023-06-08 14:38:49,574 - my_logger - INFO - epoch 20, valid loss: 0.6434, valid auc: 68.33%
2023-06-08 14:38:49,661 - my_logger - INFO - epoch 21, train loss: 0.6303
2023-06-08 14:38:49,817 - my_logger - INFO - epoch 22, train loss: 0.6185
2023-06-08 14:38:49,895 - my_logger - INFO - evaluating......
2023-06-08 14:38:49,895 - my_logger - INFO - epoch 22, valid loss: 0.6294, valid auc: 67.84%
2023-06-08 14:38:49,981 - my_logger - INFO - epoch 23, train loss: 0.6073
2023-06-08 14:38:50,135 - my_logger - INFO - epoch 24, train loss: 0.6003
2023-06-08 14:38:50,214 - my_logger - INFO - evaluating......
2023-06-08 14:38:50,215 - my_logger - INFO - epoch 24, valid loss: 0.6294, valid auc: 68.21%
2023-06-08 14:38:50,298 - my_logger - INFO - epoch 25, train loss: 0.5952
2023-06-08 14:38:50,453 - my_logger - INFO - epoch 26, train loss: 0.5923
2023-06-08 14:38:50,531 - my_logger - INFO - evaluating......
2023-06-08 14:38:50,532 - my_logger - INFO - epoch 26, valid loss: 0.6349, valid auc: 69.45%
2023-06-08 14:38:50,618 - my_logger - INFO - epoch 27, train loss: 0.5889
2023-06-08 14:38:50,776 - my_logger - INFO - epoch 28, train loss: 0.5840
2023-06-08 14:38:50,854 - my_logger - INFO - evaluating......
2023-06-08 14:38:50,855 - my_logger - INFO - epoch 28, valid loss: 0.6247, valid auc: 71.14%
2023-06-08 14:38:50,940 - my_logger - INFO - epoch 29, train loss: 0.5776
2023-06-08 14:38:51,096 - my_logger - INFO - epoch 30, train loss: 0.5731
2023-06-08 14:38:51,174 - my_logger - INFO - evaluating......
2023-06-08 14:38:51,174 - my_logger - INFO - epoch 30, valid loss: 0.6125, valid auc: 72.28%
2023-06-08 14:38:51,259 - my_logger - INFO - epoch 31, train loss: 0.5709
2023-06-08 14:38:51,416 - my_logger - INFO - epoch 32, train loss: 0.5692
2023-06-08 14:38:51,495 - my_logger - INFO - evaluating......
2023-06-08 14:38:51,495 - my_logger - INFO - epoch 32, valid loss: 0.6054, valid auc: 72.56%
2023-06-08 14:38:51,581 - my_logger - INFO - epoch 33, train loss: 0.5669
2023-06-08 14:38:51,737 - my_logger - INFO - epoch 34, train loss: 0.5635
2023-06-08 14:38:51,816 - my_logger - INFO - evaluating......
2023-06-08 14:38:51,816 - my_logger - INFO - epoch 34, valid loss: 0.6021, valid auc: 72.67%
2023-06-08 14:38:51,903 - my_logger - INFO - epoch 35, train loss: 0.5604
2023-06-08 14:38:52,062 - my_logger - INFO - epoch 36, train loss: 0.5575
2023-06-08 14:38:52,141 - my_logger - INFO - evaluating......
2023-06-08 14:38:52,141 - my_logger - INFO - epoch 36, valid loss: 0.6017, valid auc: 72.80%
2023-06-08 14:38:52,228 - my_logger - INFO - epoch 37, train loss: 0.5547
2023-06-08 14:38:52,384 - my_logger - INFO - epoch 38, train loss: 0.5527
2023-06-08 14:38:52,463 - my_logger - INFO - evaluating......
2023-06-08 14:38:52,463 - my_logger - INFO - epoch 38, valid loss: 0.6065, valid auc: 72.88%
2023-06-08 14:38:52,591 - my_logger - INFO - epoch 39, train loss: 0.5518
2023-06-08 14:38:52,749 - my_logger - INFO - epoch 40, train loss: 0.5528
2023-06-08 14:38:52,828 - my_logger - INFO - evaluating......
2023-06-08 14:38:52,828 - my_logger - INFO - epoch 40, valid loss: 0.6101, valid auc: 72.86%
2023-06-08 14:38:52,913 - my_logger - INFO - epoch 41, train loss: 0.5529
2023-06-08 14:38:53,072 - my_logger - INFO - epoch 42, train loss: 0.5485
2023-06-08 14:38:53,151 - my_logger - INFO - evaluating......
2023-06-08 14:38:53,151 - my_logger - INFO - epoch 42, valid loss: 0.6063, valid auc: 73.10%
2023-06-08 14:38:53,276 - my_logger - INFO - epoch 43, train loss: 0.5413
2023-06-08 14:38:53,437 - my_logger - INFO - epoch 44, train loss: 0.5387
2023-06-08 14:38:53,516 - my_logger - INFO - evaluating......
2023-06-08 14:38:53,516 - my_logger - INFO - epoch 44, valid loss: 0.5991, valid auc: 73.57%
2023-06-08 14:38:53,642 - my_logger - INFO - epoch 45, train loss: 0.5396
2023-06-08 14:38:53,802 - my_logger - INFO - epoch 46, train loss: 0.5363
2023-06-08 14:38:53,881 - my_logger - INFO - evaluating......
2023-06-08 14:38:53,881 - my_logger - INFO - epoch 46, valid loss: 0.5980, valid auc: 74.14%
2023-06-08 14:38:54,008 - my_logger - INFO - epoch 47, train loss: 0.5305
2023-06-08 14:38:54,167 - my_logger - INFO - epoch 48, train loss: 0.5273
2023-06-08 14:38:54,246 - my_logger - INFO - evaluating......
2023-06-08 14:38:54,246 - my_logger - INFO - epoch 48, valid loss: 0.5942, valid auc: 74.70%
2023-06-08 14:38:54,374 - my_logger - INFO - epoch 49, train loss: 0.5252
2023-06-08 14:38:54,532 - my_logger - INFO - epoch 50, train loss: 0.5213
2023-06-08 14:38:54,612 - my_logger - INFO - evaluating......
2023-06-08 14:38:54,612 - my_logger - INFO - epoch 50, valid loss: 0.5910, valid auc: 75.20%
2023-06-08 14:38:54,739 - my_logger - INFO - epoch 51, train loss: 0.5148
2023-06-08 14:38:54,898 - my_logger - INFO - epoch 52, train loss: 0.5093
2023-06-08 14:38:54,977 - my_logger - INFO - evaluating......
2023-06-08 14:38:54,977 - my_logger - INFO - epoch 52, valid loss: 0.5874, valid auc: 75.98%
2023-06-08 14:38:55,105 - my_logger - INFO - epoch 53, train loss: 0.5047
2023-06-08 14:38:55,264 - my_logger - INFO - epoch 54, train loss: 0.5000
2023-06-08 14:38:55,343 - my_logger - INFO - evaluating......
2023-06-08 14:38:55,343 - my_logger - INFO - epoch 54, valid loss: 0.5815, valid auc: 76.81%
2023-06-08 14:38:55,472 - my_logger - INFO - epoch 55, train loss: 0.4946
2023-06-08 14:38:55,632 - my_logger - INFO - epoch 56, train loss: 0.4876
2023-06-08 14:38:55,712 - my_logger - INFO - evaluating......
2023-06-08 14:38:55,712 - my_logger - INFO - epoch 56, valid loss: 0.5743, valid auc: 78.03%
2023-06-08 14:38:55,843 - my_logger - INFO - epoch 57, train loss: 0.4802
2023-06-08 14:38:56,001 - my_logger - INFO - epoch 58, train loss: 0.4729
2023-06-08 14:38:56,080 - my_logger - INFO - evaluating......
2023-06-08 14:38:56,080 - my_logger - INFO - epoch 58, valid loss: 0.5662, valid auc: 78.96%
2023-06-08 14:38:56,206 - my_logger - INFO - epoch 59, train loss: 0.4663
2023-06-08 14:38:56,362 - my_logger - INFO - epoch 60, train loss: 0.4608
2023-06-08 14:38:56,441 - my_logger - INFO - evaluating......
2023-06-08 14:38:56,442 - my_logger - INFO - epoch 60, valid loss: 0.5562, valid auc: 80.04%
2023-06-08 14:38:56,569 - my_logger - INFO - epoch 61, train loss: 0.4555
2023-06-08 14:38:56,728 - my_logger - INFO - epoch 62, train loss: 0.4564
2023-06-08 14:38:56,808 - my_logger - INFO - evaluating......
2023-06-08 14:38:56,808 - my_logger - INFO - epoch 62, valid loss: 0.5492, valid auc: 80.91%
2023-06-08 14:38:56,937 - my_logger - INFO - epoch 63, train loss: 0.4695
2023-06-08 14:38:57,095 - my_logger - INFO - epoch 64, train loss: 0.4788
2023-06-08 14:38:57,174 - my_logger - INFO - evaluating......
2023-06-08 14:38:57,174 - my_logger - INFO - epoch 64, valid loss: 0.5346, valid auc: 81.60%
2023-06-08 14:38:57,302 - my_logger - INFO - epoch 65, train loss: 0.4578
2023-06-08 14:38:57,463 - my_logger - INFO - epoch 66, train loss: 0.4304
2023-06-08 14:38:57,541 - my_logger - INFO - evaluating......
2023-06-08 14:38:57,542 - my_logger - INFO - epoch 66, valid loss: 0.5255, valid auc: 82.31%
2023-06-08 14:38:57,670 - my_logger - INFO - epoch 67, train loss: 0.4314
2023-06-08 14:38:57,829 - my_logger - INFO - epoch 68, train loss: 0.4389
2023-06-08 14:38:57,909 - my_logger - INFO - evaluating......
2023-06-08 14:38:57,909 - my_logger - INFO - epoch 68, valid loss: 0.5305, valid auc: 82.72%
2023-06-08 14:38:58,035 - my_logger - INFO - epoch 69, train loss: 0.4224
2023-06-08 14:38:58,192 - my_logger - INFO - epoch 70, train loss: 0.4139
2023-06-08 14:38:58,272 - my_logger - INFO - evaluating......
2023-06-08 14:38:58,272 - my_logger - INFO - epoch 70, valid loss: 0.5202, valid auc: 83.17%
2023-06-08 14:38:58,399 - my_logger - INFO - epoch 71, train loss: 0.4235
2023-06-08 14:38:58,557 - my_logger - INFO - epoch 72, train loss: 0.4133
2023-06-08 14:38:58,636 - my_logger - INFO - evaluating......
2023-06-08 14:38:58,636 - my_logger - INFO - epoch 72, valid loss: 0.5126, valid auc: 83.44%
2023-06-08 14:38:58,761 - my_logger - INFO - epoch 73, train loss: 0.4007
2023-06-08 14:38:58,919 - my_logger - INFO - epoch 74, train loss: 0.4107
2023-06-08 14:38:58,998 - my_logger - INFO - evaluating......
2023-06-08 14:38:58,999 - my_logger - INFO - epoch 74, valid loss: 0.5179, valid auc: 83.58%
2023-06-08 14:38:59,130 - my_logger - INFO - epoch 75, train loss: 0.4061
2023-06-08 14:38:59,290 - my_logger - INFO - epoch 76, train loss: 0.3899
2023-06-08 14:38:59,369 - my_logger - INFO - evaluating......
2023-06-08 14:38:59,370 - my_logger - INFO - epoch 76, valid loss: 0.5155, valid auc: 83.87%
2023-06-08 14:38:59,497 - my_logger - INFO - epoch 77, train loss: 0.3995
2023-06-08 14:38:59,656 - my_logger - INFO - epoch 78, train loss: 0.3989
2023-06-08 14:38:59,734 - my_logger - INFO - evaluating......
2023-06-08 14:38:59,734 - my_logger - INFO - epoch 78, valid loss: 0.4995, valid auc: 84.26%
2023-06-08 14:38:59,863 - my_logger - INFO - epoch 79, train loss: 0.3809
2023-06-08 14:39:00,024 - my_logger - INFO - epoch 80, train loss: 0.3900
2023-06-08 14:39:00,104 - my_logger - INFO - evaluating......
2023-06-08 14:39:00,104 - my_logger - INFO - epoch 80, valid loss: 0.5029, valid auc: 84.42%
2023-06-08 14:39:00,233 - my_logger - INFO - epoch 81, train loss: 0.3873
2023-06-08 14:39:00,392 - my_logger - INFO - epoch 82, train loss: 0.3734
2023-06-08 14:39:00,472 - my_logger - INFO - evaluating......
2023-06-08 14:39:00,472 - my_logger - INFO - epoch 82, valid loss: 0.5056, valid auc: 84.58%
2023-06-08 14:39:00,602 - my_logger - INFO - epoch 83, train loss: 0.3819
2023-06-08 14:39:00,762 - my_logger - INFO - epoch 84, train loss: 0.3727
2023-06-08 14:39:00,841 - my_logger - INFO - evaluating......
2023-06-08 14:39:00,841 - my_logger - INFO - epoch 84, valid loss: 0.4913, valid auc: 84.83%
2023-06-08 14:39:00,970 - my_logger - INFO - epoch 85, train loss: 0.3665
2023-06-08 14:39:01,133 - my_logger - INFO - epoch 86, train loss: 0.3696
2023-06-08 14:39:01,212 - my_logger - INFO - evaluating......
2023-06-08 14:39:01,213 - my_logger - INFO - epoch 86, valid loss: 0.5001, valid auc: 84.81%
2023-06-08 14:39:01,300 - my_logger - INFO - epoch 87, train loss: 0.3571
2023-06-08 14:39:01,458 - my_logger - INFO - epoch 88, train loss: 0.3577
2023-06-08 14:39:01,538 - my_logger - INFO - evaluating......
2023-06-08 14:39:01,538 - my_logger - INFO - epoch 88, valid loss: 0.5002, valid auc: 85.01%
2023-06-08 14:39:01,672 - my_logger - INFO - epoch 89, train loss: 0.3530
2023-06-08 14:39:01,833 - my_logger - INFO - epoch 90, train loss: 0.3424
2023-06-08 14:39:01,913 - my_logger - INFO - evaluating......
2023-06-08 14:39:01,913 - my_logger - INFO - epoch 90, valid loss: 0.4900, valid auc: 85.44%
2023-06-08 14:39:02,043 - my_logger - INFO - epoch 91, train loss: 0.3444
2023-06-08 14:39:02,201 - my_logger - INFO - epoch 92, train loss: 0.3354
2023-06-08 14:39:02,281 - my_logger - INFO - evaluating......
2023-06-08 14:39:02,281 - my_logger - INFO - epoch 92, valid loss: 0.4922, valid auc: 85.70%
2023-06-08 14:39:02,409 - my_logger - INFO - epoch 93, train loss: 0.3302
2023-06-08 14:39:02,569 - my_logger - INFO - epoch 94, train loss: 0.3274
2023-06-08 14:39:02,649 - my_logger - INFO - evaluating......
2023-06-08 14:39:02,649 - my_logger - INFO - epoch 94, valid loss: 0.4848, valid auc: 86.17%
2023-06-08 14:39:02,776 - my_logger - INFO - epoch 95, train loss: 0.3171
2023-06-08 14:39:02,945 - my_logger - INFO - epoch 96, train loss: 0.3157
2023-06-08 14:39:03,025 - my_logger - INFO - evaluating......
2023-06-08 14:39:03,026 - my_logger - INFO - epoch 96, valid loss: 0.4807, valid auc: 86.69%
2023-06-08 14:39:03,154 - my_logger - INFO - epoch 97, train loss: 0.3096
2023-06-08 14:39:03,312 - my_logger - INFO - epoch 98, train loss: 0.3019
2023-06-08 14:39:03,392 - my_logger - INFO - evaluating......
2023-06-08 14:39:03,392 - my_logger - INFO - epoch 98, valid loss: 0.4827, valid auc: 87.15%
2023-06-08 14:39:03,520 - my_logger - INFO - epoch 99, train loss: 0.2976
2023-06-08 14:39:03,679 - my_logger - INFO - epoch 100, train loss: 0.2871
2023-06-08 14:39:03,759 - my_logger - INFO - evaluating......
2023-06-08 14:39:03,759 - my_logger - INFO - epoch 100, valid loss: 0.4727, valid auc: 87.62%
2023-06-08 14:39:03,890 - my_logger - INFO - epoch 101, train loss: 0.2830
2023-06-08 14:39:04,052 - my_logger - INFO - epoch 102, train loss: 0.2770
2023-06-08 14:39:04,133 - my_logger - INFO - evaluating......
2023-06-08 14:39:04,133 - my_logger - INFO - epoch 102, valid loss: 0.4674, valid auc: 88.11%
2023-06-08 14:39:04,261 - my_logger - INFO - epoch 103, train loss: 0.2701
2023-06-08 14:39:04,421 - my_logger - INFO - epoch 104, train loss: 0.2673
2023-06-08 14:39:04,501 - my_logger - INFO - evaluating......
2023-06-08 14:39:04,501 - my_logger - INFO - epoch 104, valid loss: 0.4637, valid auc: 88.59%
2023-06-08 14:39:04,633 - my_logger - INFO - epoch 105, train loss: 0.2601
2023-06-08 14:39:04,792 - my_logger - INFO - epoch 106, train loss: 0.2563
2023-06-08 14:39:04,871 - my_logger - INFO - evaluating......
2023-06-08 14:39:04,872 - my_logger - INFO - epoch 106, valid loss: 0.4611, valid auc: 88.95%
2023-06-08 14:39:05,000 - my_logger - INFO - epoch 107, train loss: 0.2514
2023-06-08 14:39:05,161 - my_logger - INFO - epoch 108, train loss: 0.2462
2023-06-08 14:39:05,241 - my_logger - INFO - evaluating......
2023-06-08 14:39:05,242 - my_logger - INFO - epoch 108, valid loss: 0.4681, valid auc: 89.22%
2023-06-08 14:39:05,371 - my_logger - INFO - epoch 109, train loss: 0.2435
2023-06-08 14:39:05,533 - my_logger - INFO - epoch 110, train loss: 0.2392
2023-06-08 14:39:05,613 - my_logger - INFO - evaluating......
2023-06-08 14:39:05,613 - my_logger - INFO - epoch 110, valid loss: 0.4733, valid auc: 89.39%
2023-06-08 14:39:05,743 - my_logger - INFO - epoch 111, train loss: 0.2362
2023-06-08 14:39:05,903 - my_logger - INFO - epoch 112, train loss: 0.2335
2023-06-08 14:39:05,983 - my_logger - INFO - evaluating......
2023-06-08 14:39:05,983 - my_logger - INFO - epoch 112, valid loss: 0.4769, valid auc: 89.55%
2023-06-08 14:39:06,114 - my_logger - INFO - epoch 113, train loss: 0.2306
2023-06-08 14:39:06,273 - my_logger - INFO - epoch 114, train loss: 0.2308
2023-06-08 14:39:06,352 - my_logger - INFO - evaluating......
2023-06-08 14:39:06,352 - my_logger - INFO - epoch 114, valid loss: 0.4862, valid auc: 89.62%
2023-06-08 14:39:06,480 - my_logger - INFO - epoch 115, train loss: 0.2380
2023-06-08 14:39:06,641 - my_logger - INFO - epoch 116, train loss: 0.2520
2023-06-08 14:39:06,721 - my_logger - INFO - evaluating......
2023-06-08 14:39:06,721 - my_logger - INFO - epoch 116, valid loss: 0.4942, valid auc: 89.63%
2023-06-08 14:39:06,849 - my_logger - INFO - epoch 117, train loss: 0.2971
2023-06-08 14:39:07,010 - my_logger - INFO - epoch 118, train loss: 0.2401
2023-06-08 14:39:07,090 - my_logger - INFO - evaluating......
2023-06-08 14:39:07,091 - my_logger - INFO - epoch 118, valid loss: 0.5264, valid auc: 89.62%
2023-06-08 14:39:07,181 - my_logger - INFO - epoch 119, train loss: 0.2175
2023-06-08 14:39:07,343 - my_logger - INFO - epoch 120, train loss: 0.2296
2023-06-08 14:39:07,423 - my_logger - INFO - evaluating......
2023-06-08 14:39:07,423 - my_logger - INFO - epoch 120, valid loss: 0.4815, valid auc: 89.49%
2023-06-08 14:39:07,511 - my_logger - INFO - epoch 121, train loss: 0.2211
2023-06-08 14:39:07,672 - my_logger - INFO - epoch 122, train loss: 0.2096
2023-06-08 14:39:07,752 - my_logger - INFO - evaluating......
2023-06-08 14:39:07,752 - my_logger - INFO - epoch 122, valid loss: 0.4887, valid auc: 89.53%
2023-06-08 14:39:07,840 - my_logger - INFO - epoch 123, train loss: 0.2116
2023-06-08 14:39:08,000 - my_logger - INFO - epoch 124, train loss: 0.2099
2023-06-08 14:39:08,081 - my_logger - INFO - evaluating......
2023-06-08 14:39:08,081 - my_logger - INFO - epoch 124, valid loss: 0.5120, valid auc: 89.67%
2023-06-08 14:39:08,216 - my_logger - INFO - epoch 125, train loss: 0.1998
2023-06-08 14:39:08,376 - my_logger - INFO - epoch 126, train loss: 0.1982
2023-06-08 14:39:08,455 - my_logger - INFO - evaluating......
2023-06-08 14:39:08,456 - my_logger - INFO - epoch 126, valid loss: 0.4952, valid auc: 89.81%
2023-06-08 14:39:08,586 - my_logger - INFO - epoch 127, train loss: 0.2008
2023-06-08 14:39:08,749 - my_logger - INFO - epoch 128, train loss: 0.1947
2023-06-08 14:39:08,828 - my_logger - INFO - evaluating......
2023-06-08 14:39:08,829 - my_logger - INFO - epoch 128, valid loss: 0.4963, valid auc: 89.76%
2023-06-08 14:39:08,919 - my_logger - INFO - epoch 129, train loss: 0.1883
2023-06-08 14:39:09,080 - my_logger - INFO - epoch 130, train loss: 0.1885
2023-06-08 14:39:09,160 - my_logger - INFO - evaluating......
2023-06-08 14:39:09,160 - my_logger - INFO - epoch 130, valid loss: 0.5115, valid auc: 89.77%
2023-06-08 14:39:09,248 - my_logger - INFO - epoch 131, train loss: 0.1884
2023-06-08 14:39:09,408 - my_logger - INFO - epoch 132, train loss: 0.1826
2023-06-08 14:39:09,488 - my_logger - INFO - evaluating......
2023-06-08 14:39:09,488 - my_logger - INFO - epoch 132, valid loss: 0.5149, valid auc: 89.81%
2023-06-08 14:39:09,619 - my_logger - INFO - epoch 133, train loss: 0.1784
2023-06-08 14:39:09,780 - my_logger - INFO - epoch 134, train loss: 0.1783
2023-06-08 14:39:09,860 - my_logger - INFO - evaluating......
2023-06-08 14:39:09,860 - my_logger - INFO - epoch 134, valid loss: 0.5063, valid auc: 89.87%
2023-06-08 14:39:09,989 - my_logger - INFO - epoch 135, train loss: 0.1756
2023-06-08 14:39:10,150 - my_logger - INFO - epoch 136, train loss: 0.1701
2023-06-08 14:39:10,230 - my_logger - INFO - evaluating......
2023-06-08 14:39:10,230 - my_logger - INFO - epoch 136, valid loss: 0.5116, valid auc: 89.94%
2023-06-08 14:39:10,365 - my_logger - INFO - epoch 137, train loss: 0.1670
2023-06-08 14:39:10,524 - my_logger - INFO - epoch 138, train loss: 0.1666
2023-06-08 14:39:10,605 - my_logger - INFO - evaluating......
2023-06-08 14:39:10,605 - my_logger - INFO - epoch 138, valid loss: 0.5208, valid auc: 90.10%
2023-06-08 14:39:10,734 - my_logger - INFO - epoch 139, train loss: 0.1639
2023-06-08 14:39:10,895 - my_logger - INFO - epoch 140, train loss: 0.1590
2023-06-08 14:39:10,975 - my_logger - INFO - evaluating......
2023-06-08 14:39:10,976 - my_logger - INFO - epoch 140, valid loss: 0.5246, valid auc: 90.24%
2023-06-08 14:39:11,104 - my_logger - INFO - epoch 141, train loss: 0.1562
2023-06-08 14:39:11,265 - my_logger - INFO - epoch 142, train loss: 0.1539
2023-06-08 14:39:11,345 - my_logger - INFO - evaluating......
2023-06-08 14:39:11,346 - my_logger - INFO - epoch 142, valid loss: 0.5164, valid auc: 90.36%
2023-06-08 14:39:11,473 - my_logger - INFO - epoch 143, train loss: 0.1511
2023-06-08 14:39:11,636 - my_logger - INFO - epoch 144, train loss: 0.1484
2023-06-08 14:39:11,716 - my_logger - INFO - evaluating......
2023-06-08 14:39:11,716 - my_logger - INFO - epoch 144, valid loss: 0.5136, valid auc: 90.53%
2023-06-08 14:39:11,848 - my_logger - INFO - epoch 145, train loss: 0.1440
2023-06-08 14:39:12,009 - my_logger - INFO - epoch 146, train loss: 0.1406
2023-06-08 14:39:12,089 - my_logger - INFO - evaluating......
2023-06-08 14:39:12,089 - my_logger - INFO - epoch 146, valid loss: 0.5188, valid auc: 90.76%
2023-06-08 14:39:12,220 - my_logger - INFO - epoch 147, train loss: 0.1391
2023-06-08 14:39:12,382 - my_logger - INFO - epoch 148, train loss: 0.1359
2023-06-08 14:39:12,462 - my_logger - INFO - evaluating......
2023-06-08 14:39:12,463 - my_logger - INFO - epoch 148, valid loss: 0.5236, valid auc: 90.90%
2023-06-08 14:39:12,596 - my_logger - INFO - epoch 149, train loss: 0.1316
2023-06-08 14:39:12,756 - my_logger - INFO - epoch 150, train loss: 0.1289
2023-06-08 14:39:12,836 - my_logger - INFO - evaluating......
2023-06-08 14:39:12,836 - my_logger - INFO - epoch 150, valid loss: 0.5199, valid auc: 91.08%
2023-06-08 14:39:12,966 - my_logger - INFO - epoch 151, train loss: 0.1265
2023-06-08 14:39:13,130 - my_logger - INFO - epoch 152, train loss: 0.1229
2023-06-08 14:39:13,209 - my_logger - INFO - evaluating......
2023-06-08 14:39:13,210 - my_logger - INFO - epoch 152, valid loss: 0.5176, valid auc: 91.31%
2023-06-08 14:39:13,341 - my_logger - INFO - epoch 153, train loss: 0.1202
2023-06-08 14:39:13,503 - my_logger - INFO - epoch 154, train loss: 0.1180
2023-06-08 14:39:13,584 - my_logger - INFO - evaluating......
2023-06-08 14:39:13,584 - my_logger - INFO - epoch 154, valid loss: 0.5146, valid auc: 91.55%
2023-06-08 14:39:13,714 - my_logger - INFO - epoch 155, train loss: 0.1141
2023-06-08 14:39:13,874 - my_logger - INFO - epoch 156, train loss: 0.1112
2023-06-08 14:39:13,953 - my_logger - INFO - evaluating......
2023-06-08 14:39:13,953 - my_logger - INFO - epoch 156, valid loss: 0.5128, valid auc: 91.78%
2023-06-08 14:39:14,084 - my_logger - INFO - epoch 157, train loss: 0.1092
2023-06-08 14:39:14,246 - my_logger - INFO - epoch 158, train loss: 0.1062
2023-06-08 14:39:14,326 - my_logger - INFO - evaluating......
2023-06-08 14:39:14,326 - my_logger - INFO - epoch 158, valid loss: 0.5158, valid auc: 91.99%
2023-06-08 14:39:14,456 - my_logger - INFO - epoch 159, train loss: 0.1032
2023-06-08 14:39:14,616 - my_logger - INFO - epoch 160, train loss: 0.1007
2023-06-08 14:39:14,695 - my_logger - INFO - evaluating......
2023-06-08 14:39:14,696 - my_logger - INFO - epoch 160, valid loss: 0.5189, valid auc: 92.16%
2023-06-08 14:39:14,828 - my_logger - INFO - epoch 161, train loss: 0.0982
2023-06-08 14:39:14,989 - my_logger - INFO - epoch 162, train loss: 0.0955
2023-06-08 14:39:15,070 - my_logger - INFO - evaluating......
2023-06-08 14:39:15,070 - my_logger - INFO - epoch 162, valid loss: 0.5181, valid auc: 92.30%
2023-06-08 14:39:15,201 - my_logger - INFO - epoch 163, train loss: 0.0931
2023-06-08 14:39:15,363 - my_logger - INFO - epoch 164, train loss: 0.0910
2023-06-08 14:39:15,444 - my_logger - INFO - evaluating......
2023-06-08 14:39:15,444 - my_logger - INFO - epoch 164, valid loss: 0.5191, valid auc: 92.45%
2023-06-08 14:39:15,578 - my_logger - INFO - epoch 165, train loss: 0.0885
2023-06-08 14:39:15,740 - my_logger - INFO - epoch 166, train loss: 0.0861
2023-06-08 14:39:15,820 - my_logger - INFO - evaluating......
2023-06-08 14:39:15,820 - my_logger - INFO - epoch 166, valid loss: 0.5255, valid auc: 92.56%
2023-06-08 14:39:15,949 - my_logger - INFO - epoch 167, train loss: 0.0841
2023-06-08 14:39:16,109 - my_logger - INFO - epoch 168, train loss: 0.0821
2023-06-08 14:39:16,190 - my_logger - INFO - evaluating......
2023-06-08 14:39:16,190 - my_logger - INFO - epoch 168, valid loss: 0.5316, valid auc: 92.67%
2023-06-08 14:39:16,318 - my_logger - INFO - epoch 169, train loss: 0.0799
2023-06-08 14:39:16,480 - my_logger - INFO - epoch 170, train loss: 0.0779
2023-06-08 14:39:16,560 - my_logger - INFO - evaluating......
2023-06-08 14:39:16,560 - my_logger - INFO - epoch 170, valid loss: 0.5360, valid auc: 92.77%
2023-06-08 14:39:16,691 - my_logger - INFO - epoch 171, train loss: 0.0761
2023-06-08 14:39:16,851 - my_logger - INFO - epoch 172, train loss: 0.0741
2023-06-08 14:39:16,931 - my_logger - INFO - evaluating......
2023-06-08 14:39:16,931 - my_logger - INFO - epoch 172, valid loss: 0.5416, valid auc: 92.84%
2023-06-08 14:39:17,068 - my_logger - INFO - epoch 173, train loss: 0.0722
2023-06-08 14:39:17,229 - my_logger - INFO - epoch 174, train loss: 0.0705
2023-06-08 14:39:17,310 - my_logger - INFO - evaluating......
2023-06-08 14:39:17,310 - my_logger - INFO - epoch 174, valid loss: 0.5490, valid auc: 92.90%
2023-06-08 14:39:17,442 - my_logger - INFO - epoch 175, train loss: 0.0688
2023-06-08 14:39:17,604 - my_logger - INFO - epoch 176, train loss: 0.0670
2023-06-08 14:39:17,686 - my_logger - INFO - evaluating......
2023-06-08 14:39:17,686 - my_logger - INFO - epoch 176, valid loss: 0.5559, valid auc: 92.94%
2023-06-08 14:39:17,815 - my_logger - INFO - epoch 177, train loss: 0.0654
2023-06-08 14:39:17,976 - my_logger - INFO - epoch 178, train loss: 0.0638
2023-06-08 14:39:18,057 - my_logger - INFO - evaluating......
2023-06-08 14:39:18,057 - my_logger - INFO - epoch 178, valid loss: 0.5634, valid auc: 92.97%
2023-06-08 14:39:18,189 - my_logger - INFO - epoch 179, train loss: 0.0623
2023-06-08 14:39:18,350 - my_logger - INFO - epoch 180, train loss: 0.0607
2023-06-08 14:39:18,430 - my_logger - INFO - evaluating......
2023-06-08 14:39:18,430 - my_logger - INFO - epoch 180, valid loss: 0.5737, valid auc: 92.99%
2023-06-08 14:39:18,562 - my_logger - INFO - epoch 181, train loss: 0.0593
2023-06-08 14:39:18,725 - my_logger - INFO - epoch 182, train loss: 0.0578
2023-06-08 14:39:18,805 - my_logger - INFO - evaluating......
2023-06-08 14:39:18,805 - my_logger - INFO - epoch 182, valid loss: 0.5827, valid auc: 93.02%
2023-06-08 14:39:18,936 - my_logger - INFO - epoch 183, train loss: 0.0564
2023-06-08 14:39:19,099 - my_logger - INFO - epoch 184, train loss: 0.0550
2023-06-08 14:39:19,179 - my_logger - INFO - evaluating......
2023-06-08 14:39:19,180 - my_logger - INFO - epoch 184, valid loss: 0.5901, valid auc: 93.05%
2023-06-08 14:39:19,312 - my_logger - INFO - epoch 185, train loss: 0.0537
2023-06-08 14:39:19,476 - my_logger - INFO - epoch 186, train loss: 0.0524
2023-06-08 14:39:19,556 - my_logger - INFO - evaluating......
2023-06-08 14:39:19,556 - my_logger - INFO - epoch 186, valid loss: 0.5995, valid auc: 93.07%
2023-06-08 14:39:19,687 - my_logger - INFO - epoch 187, train loss: 0.0512
2023-06-08 14:39:19,846 - my_logger - INFO - epoch 188, train loss: 0.0499
2023-06-08 14:39:19,926 - my_logger - INFO - evaluating......
2023-06-08 14:39:19,926 - my_logger - INFO - epoch 188, valid loss: 0.6092, valid auc: 93.09%
2023-06-08 14:39:20,058 - my_logger - INFO - epoch 189, train loss: 0.0487
2023-06-08 14:39:20,224 - my_logger - INFO - epoch 190, train loss: 0.0476
2023-06-08 14:39:20,304 - my_logger - INFO - evaluating......
2023-06-08 14:39:20,304 - my_logger - INFO - epoch 190, valid loss: 0.6186, valid auc: 93.10%
2023-06-08 14:39:20,436 - my_logger - INFO - epoch 191, train loss: 0.0464
2023-06-08 14:39:20,596 - my_logger - INFO - epoch 192, train loss: 0.0454
2023-06-08 14:39:20,677 - my_logger - INFO - evaluating......
2023-06-08 14:39:20,677 - my_logger - INFO - epoch 192, valid loss: 0.6288, valid auc: 93.11%
2023-06-08 14:39:20,808 - my_logger - INFO - epoch 193, train loss: 0.0443
2023-06-08 14:39:20,971 - my_logger - INFO - epoch 194, train loss: 0.0432
2023-06-08 14:39:21,051 - my_logger - INFO - evaluating......
2023-06-08 14:39:21,052 - my_logger - INFO - epoch 194, valid loss: 0.6408, valid auc: 93.11%
2023-06-08 14:39:21,142 - my_logger - INFO - epoch 195, train loss: 0.0422
2023-06-08 14:39:21,308 - my_logger - INFO - epoch 196, train loss: 0.0412
2023-06-08 14:39:21,392 - my_logger - INFO - evaluating......
2023-06-08 14:39:21,392 - my_logger - INFO - epoch 196, valid loss: 0.6520, valid auc: 93.11%
2023-06-08 14:39:21,484 - my_logger - INFO - epoch 197, train loss: 0.0403
2023-06-08 14:39:21,653 - my_logger - INFO - epoch 198, train loss: 0.0394
2023-06-08 14:39:21,737 - my_logger - INFO - evaluating......
2023-06-08 14:39:21,738 - my_logger - INFO - epoch 198, valid loss: 0.6619, valid auc: 93.11%
2023-06-08 14:39:21,828 - my_logger - INFO - epoch 199, train loss: 0.0384
2023-06-08 14:39:21,830 - my_logger - INFO - total train time used: 36.4934s
2023-06-08 14:39:21,830 - my_logger - INFO - testing......
2023-06-08 14:39:21,937 - my_logger - INFO - test auc: 92.12%
