2023-06-07 15:44:57,886 - my_logger - INFO - training......
2023-06-07 15:44:58,676 - my_logger - INFO - epoch 0, train loss: 0.6930
2023-06-07 15:44:58,683 - my_logger - INFO - evaluating......
2023-06-07 15:44:58,684 - my_logger - INFO - epoch 0, valid loss: 0.6930, valid auc: 90.58%
2023-06-07 15:44:58,691 - my_logger - INFO - epoch 1, train loss: 0.6922
2023-06-07 15:44:58,699 - my_logger - INFO - epoch 2, train loss: 0.6907
2023-06-07 15:44:58,703 - my_logger - INFO - evaluating......
2023-06-07 15:44:58,703 - my_logger - INFO - epoch 2, valid loss: 0.6911, valid auc: 74.52%
2023-06-07 15:44:58,709 - my_logger - INFO - epoch 3, train loss: 0.6885
2023-06-07 15:44:58,716 - my_logger - INFO - epoch 4, train loss: 0.6867
2023-06-07 15:44:58,721 - my_logger - INFO - evaluating......
2023-06-07 15:44:58,721 - my_logger - INFO - epoch 4, valid loss: 0.6883, valid auc: 72.84%
2023-06-07 15:44:58,727 - my_logger - INFO - epoch 5, train loss: 0.6850
2023-06-07 15:44:58,735 - my_logger - INFO - epoch 6, train loss: 0.6830
2023-06-07 15:44:58,739 - my_logger - INFO - evaluating......
2023-06-07 15:44:58,739 - my_logger - INFO - epoch 6, valid loss: 0.6859, valid auc: 72.31%
2023-06-07 15:44:58,745 - my_logger - INFO - epoch 7, train loss: 0.6806
2023-06-07 15:44:58,753 - my_logger - INFO - epoch 8, train loss: 0.6781
2023-06-07 15:44:58,758 - my_logger - INFO - evaluating......
2023-06-07 15:44:58,758 - my_logger - INFO - epoch 8, valid loss: 0.6820, valid auc: 71.84%
2023-06-07 15:44:58,765 - my_logger - INFO - epoch 9, train loss: 0.6755
2023-06-07 15:44:58,773 - my_logger - INFO - epoch 10, train loss: 0.6729
2023-06-07 15:44:58,777 - my_logger - INFO - evaluating......
2023-06-07 15:44:58,777 - my_logger - INFO - epoch 10, valid loss: 0.6778, valid auc: 71.57%
2023-06-07 15:44:58,783 - my_logger - INFO - epoch 11, train loss: 0.6704
2023-06-07 15:44:58,791 - my_logger - INFO - epoch 12, train loss: 0.6678
2023-06-07 15:44:58,795 - my_logger - INFO - evaluating......
2023-06-07 15:44:58,795 - my_logger - INFO - epoch 12, valid loss: 0.6737, valid auc: 71.60%
2023-06-07 15:44:58,801 - my_logger - INFO - epoch 13, train loss: 0.6653
2023-06-07 15:44:58,809 - my_logger - INFO - epoch 14, train loss: 0.6628
2023-06-07 15:44:58,813 - my_logger - INFO - evaluating......
2023-06-07 15:44:58,814 - my_logger - INFO - epoch 14, valid loss: 0.6697, valid auc: 71.88%
2023-06-07 15:44:58,819 - my_logger - INFO - epoch 15, train loss: 0.6603
2023-06-07 15:44:58,828 - my_logger - INFO - epoch 16, train loss: 0.6579
2023-06-07 15:44:58,832 - my_logger - INFO - evaluating......
2023-06-07 15:44:58,832 - my_logger - INFO - epoch 16, valid loss: 0.6659, valid auc: 72.17%
2023-06-07 15:44:58,839 - my_logger - INFO - epoch 17, train loss: 0.6555
2023-06-07 15:44:58,847 - my_logger - INFO - epoch 18, train loss: 0.6531
2023-06-07 15:44:58,851 - my_logger - INFO - evaluating......
2023-06-07 15:44:58,852 - my_logger - INFO - epoch 18, valid loss: 0.6622, valid auc: 72.48%
2023-06-07 15:44:58,858 - my_logger - INFO - epoch 19, train loss: 0.6507
2023-06-07 15:44:58,866 - my_logger - INFO - epoch 20, train loss: 0.6482
2023-06-07 15:44:58,870 - my_logger - INFO - evaluating......
2023-06-07 15:44:58,870 - my_logger - INFO - epoch 20, valid loss: 0.6582, valid auc: 72.97%
2023-06-07 15:44:58,876 - my_logger - INFO - epoch 21, train loss: 0.6458
2023-06-07 15:44:58,884 - my_logger - INFO - epoch 22, train loss: 0.6433
2023-06-07 15:44:58,888 - my_logger - INFO - evaluating......
2023-06-07 15:44:58,888 - my_logger - INFO - epoch 22, valid loss: 0.6540, valid auc: 73.75%
2023-06-07 15:44:58,894 - my_logger - INFO - epoch 23, train loss: 0.6409
2023-06-07 15:44:58,902 - my_logger - INFO - epoch 24, train loss: 0.6384
2023-06-07 15:44:58,906 - my_logger - INFO - evaluating......
2023-06-07 15:44:58,906 - my_logger - INFO - epoch 24, valid loss: 0.6497, valid auc: 74.69%
2023-06-07 15:44:58,912 - my_logger - INFO - epoch 25, train loss: 0.6360
2023-06-07 15:44:58,919 - my_logger - INFO - epoch 26, train loss: 0.6334
2023-06-07 15:44:58,924 - my_logger - INFO - evaluating......
2023-06-07 15:44:58,924 - my_logger - INFO - epoch 26, valid loss: 0.6454, valid auc: 75.57%
2023-06-07 15:44:58,930 - my_logger - INFO - epoch 27, train loss: 0.6309
2023-06-07 15:44:58,937 - my_logger - INFO - epoch 28, train loss: 0.6284
2023-06-07 15:44:58,941 - my_logger - INFO - evaluating......
2023-06-07 15:44:58,941 - my_logger - INFO - epoch 28, valid loss: 0.6410, valid auc: 76.42%
2023-06-07 15:44:58,948 - my_logger - INFO - epoch 29, train loss: 0.6258
2023-06-07 15:44:58,955 - my_logger - INFO - epoch 30, train loss: 0.6231
2023-06-07 15:44:58,960 - my_logger - INFO - evaluating......
2023-06-07 15:44:58,960 - my_logger - INFO - epoch 30, valid loss: 0.6363, valid auc: 77.45%
2023-06-07 15:44:58,967 - my_logger - INFO - epoch 31, train loss: 0.6204
2023-06-07 15:44:58,976 - my_logger - INFO - epoch 32, train loss: 0.6177
2023-06-07 15:44:58,980 - my_logger - INFO - evaluating......
2023-06-07 15:44:58,981 - my_logger - INFO - epoch 32, valid loss: 0.6311, valid auc: 78.74%
2023-06-07 15:44:58,987 - my_logger - INFO - epoch 33, train loss: 0.6149
2023-06-07 15:44:58,996 - my_logger - INFO - epoch 34, train loss: 0.6121
2023-06-07 15:44:59,000 - my_logger - INFO - evaluating......
2023-06-07 15:44:59,001 - my_logger - INFO - epoch 34, valid loss: 0.6258, valid auc: 80.09%
2023-06-07 15:44:59,007 - my_logger - INFO - epoch 35, train loss: 0.6092
2023-06-07 15:44:59,016 - my_logger - INFO - epoch 36, train loss: 0.6063
2023-06-07 15:44:59,020 - my_logger - INFO - evaluating......
2023-06-07 15:44:59,021 - my_logger - INFO - epoch 36, valid loss: 0.6203, valid auc: 81.27%
2023-06-07 15:44:59,027 - my_logger - INFO - epoch 37, train loss: 0.6033
2023-06-07 15:44:59,035 - my_logger - INFO - epoch 38, train loss: 0.6002
2023-06-07 15:44:59,040 - my_logger - INFO - evaluating......
2023-06-07 15:44:59,040 - my_logger - INFO - epoch 38, valid loss: 0.6146, valid auc: 82.27%
2023-06-07 15:44:59,048 - my_logger - INFO - epoch 39, train loss: 0.5971
2023-06-07 15:44:59,057 - my_logger - INFO - epoch 40, train loss: 0.5939
2023-06-07 15:44:59,061 - my_logger - INFO - evaluating......
2023-06-07 15:44:59,062 - my_logger - INFO - epoch 40, valid loss: 0.6086, valid auc: 83.28%
2023-06-07 15:44:59,068 - my_logger - INFO - epoch 41, train loss: 0.5907
2023-06-07 15:44:59,078 - my_logger - INFO - epoch 42, train loss: 0.5875
2023-06-07 15:44:59,084 - my_logger - INFO - evaluating......
2023-06-07 15:44:59,084 - my_logger - INFO - epoch 42, valid loss: 0.6023, valid auc: 84.24%
2023-06-07 15:44:59,091 - my_logger - INFO - epoch 43, train loss: 0.5842
2023-06-07 15:44:59,100 - my_logger - INFO - epoch 44, train loss: 0.5809
2023-06-07 15:44:59,105 - my_logger - INFO - evaluating......
2023-06-07 15:44:59,105 - my_logger - INFO - epoch 44, valid loss: 0.5959, valid auc: 85.06%
2023-06-07 15:44:59,114 - my_logger - INFO - epoch 45, train loss: 0.5776
2023-06-07 15:44:59,123 - my_logger - INFO - epoch 46, train loss: 0.5742
2023-06-07 15:44:59,128 - my_logger - INFO - evaluating......
2023-06-07 15:44:59,128 - my_logger - INFO - epoch 46, valid loss: 0.5895, valid auc: 85.69%
2023-06-07 15:44:59,134 - my_logger - INFO - epoch 47, train loss: 0.5708
2023-06-07 15:44:59,142 - my_logger - INFO - epoch 48, train loss: 0.5675
2023-06-07 15:44:59,148 - my_logger - INFO - evaluating......
2023-06-07 15:44:59,148 - my_logger - INFO - epoch 48, valid loss: 0.5831, valid auc: 86.23%
2023-06-07 15:44:59,154 - my_logger - INFO - epoch 49, train loss: 0.5641
2023-06-07 15:44:59,163 - my_logger - INFO - epoch 50, train loss: 0.5607
2023-06-07 15:44:59,168 - my_logger - INFO - evaluating......
2023-06-07 15:44:59,168 - my_logger - INFO - epoch 50, valid loss: 0.5766, valid auc: 86.75%
2023-06-07 15:44:59,174 - my_logger - INFO - epoch 51, train loss: 0.5574
2023-06-07 15:44:59,182 - my_logger - INFO - epoch 52, train loss: 0.5540
2023-06-07 15:44:59,187 - my_logger - INFO - evaluating......
2023-06-07 15:44:59,187 - my_logger - INFO - epoch 52, valid loss: 0.5702, valid auc: 87.23%
2023-06-07 15:44:59,193 - my_logger - INFO - epoch 53, train loss: 0.5507
2023-06-07 15:44:59,202 - my_logger - INFO - epoch 54, train loss: 0.5475
2023-06-07 15:44:59,206 - my_logger - INFO - evaluating......
2023-06-07 15:44:59,207 - my_logger - INFO - epoch 54, valid loss: 0.5641, valid auc: 87.63%
2023-06-07 15:44:59,214 - my_logger - INFO - epoch 55, train loss: 0.5443
2023-06-07 15:44:59,222 - my_logger - INFO - epoch 56, train loss: 0.5411
2023-06-07 15:44:59,232 - my_logger - INFO - evaluating......
2023-06-07 15:44:59,232 - my_logger - INFO - epoch 56, valid loss: 0.5581, valid auc: 87.99%
2023-06-07 15:44:59,242 - my_logger - INFO - epoch 57, train loss: 0.5380
2023-06-07 15:44:59,253 - my_logger - INFO - epoch 58, train loss: 0.5349
2023-06-07 15:44:59,258 - my_logger - INFO - evaluating......
2023-06-07 15:44:59,258 - my_logger - INFO - epoch 58, valid loss: 0.5524, valid auc: 88.31%
2023-06-07 15:44:59,267 - my_logger - INFO - epoch 59, train loss: 0.5319
2023-06-07 15:44:59,277 - my_logger - INFO - epoch 60, train loss: 0.5290
2023-06-07 15:44:59,282 - my_logger - INFO - evaluating......
2023-06-07 15:44:59,282 - my_logger - INFO - epoch 60, valid loss: 0.5470, valid auc: 88.61%
2023-06-07 15:44:59,289 - my_logger - INFO - epoch 61, train loss: 0.5262
2023-06-07 15:44:59,299 - my_logger - INFO - epoch 62, train loss: 0.5234
2023-06-07 15:44:59,305 - my_logger - INFO - evaluating......
2023-06-07 15:44:59,305 - my_logger - INFO - epoch 62, valid loss: 0.5419, valid auc: 88.88%
2023-06-07 15:44:59,313 - my_logger - INFO - epoch 63, train loss: 0.5207
2023-06-07 15:44:59,322 - my_logger - INFO - epoch 64, train loss: 0.5181
2023-06-07 15:44:59,326 - my_logger - INFO - evaluating......
2023-06-07 15:44:59,327 - my_logger - INFO - epoch 64, valid loss: 0.5372, valid auc: 89.14%
2023-06-07 15:44:59,333 - my_logger - INFO - epoch 65, train loss: 0.5155
2023-06-07 15:44:59,341 - my_logger - INFO - epoch 66, train loss: 0.5130
2023-06-07 15:44:59,346 - my_logger - INFO - evaluating......
2023-06-07 15:44:59,346 - my_logger - INFO - epoch 66, valid loss: 0.5328, valid auc: 89.38%
2023-06-07 15:44:59,352 - my_logger - INFO - epoch 67, train loss: 0.5106
2023-06-07 15:44:59,360 - my_logger - INFO - epoch 68, train loss: 0.5083
2023-06-07 15:44:59,365 - my_logger - INFO - evaluating......
2023-06-07 15:44:59,365 - my_logger - INFO - epoch 68, valid loss: 0.5287, valid auc: 89.61%
2023-06-07 15:44:59,371 - my_logger - INFO - epoch 69, train loss: 0.5060
2023-06-07 15:44:59,380 - my_logger - INFO - epoch 70, train loss: 0.5038
2023-06-07 15:44:59,384 - my_logger - INFO - evaluating......
2023-06-07 15:44:59,385 - my_logger - INFO - epoch 70, valid loss: 0.5249, valid auc: 89.82%
2023-06-07 15:44:59,390 - my_logger - INFO - epoch 71, train loss: 0.5016
2023-06-07 15:44:59,399 - my_logger - INFO - epoch 72, train loss: 0.4995
2023-06-07 15:44:59,403 - my_logger - INFO - evaluating......
2023-06-07 15:44:59,403 - my_logger - INFO - epoch 72, valid loss: 0.5215, valid auc: 90.03%
2023-06-07 15:44:59,409 - my_logger - INFO - epoch 73, train loss: 0.4975
2023-06-07 15:44:59,418 - my_logger - INFO - epoch 74, train loss: 0.4955
2023-06-07 15:44:59,422 - my_logger - INFO - evaluating......
2023-06-07 15:44:59,422 - my_logger - INFO - epoch 74, valid loss: 0.5183, valid auc: 90.21%
2023-06-07 15:44:59,428 - my_logger - INFO - epoch 75, train loss: 0.4935
2023-06-07 15:44:59,436 - my_logger - INFO - epoch 76, train loss: 0.4916
2023-06-07 15:44:59,440 - my_logger - INFO - evaluating......
2023-06-07 15:44:59,441 - my_logger - INFO - epoch 76, valid loss: 0.5153, valid auc: 90.40%
2023-06-07 15:44:59,448 - my_logger - INFO - epoch 77, train loss: 0.4898
2023-06-07 15:44:59,456 - my_logger - INFO - epoch 78, train loss: 0.4880
2023-06-07 15:44:59,460 - my_logger - INFO - evaluating......
2023-06-07 15:44:59,460 - my_logger - INFO - epoch 78, valid loss: 0.5125, valid auc: 90.59%
2023-06-07 15:44:59,467 - my_logger - INFO - epoch 79, train loss: 0.4862
2023-06-07 15:44:59,475 - my_logger - INFO - epoch 80, train loss: 0.4844
2023-06-07 15:44:59,480 - my_logger - INFO - evaluating......
2023-06-07 15:44:59,480 - my_logger - INFO - epoch 80, valid loss: 0.5098, valid auc: 90.76%
2023-06-07 15:44:59,486 - my_logger - INFO - epoch 81, train loss: 0.4827
2023-06-07 15:44:59,494 - my_logger - INFO - epoch 82, train loss: 0.4810
2023-06-07 15:44:59,499 - my_logger - INFO - evaluating......
2023-06-07 15:44:59,499 - my_logger - INFO - epoch 82, valid loss: 0.5074, valid auc: 90.92%
2023-06-07 15:44:59,506 - my_logger - INFO - epoch 83, train loss: 0.4793
2023-06-07 15:44:59,514 - my_logger - INFO - epoch 84, train loss: 0.4777
2023-06-07 15:44:59,519 - my_logger - INFO - evaluating......
2023-06-07 15:44:59,519 - my_logger - INFO - epoch 84, valid loss: 0.5050, valid auc: 91.08%
2023-06-07 15:44:59,525 - my_logger - INFO - epoch 85, train loss: 0.4760
2023-06-07 15:44:59,534 - my_logger - INFO - epoch 86, train loss: 0.4744
2023-06-07 15:44:59,539 - my_logger - INFO - evaluating......
2023-06-07 15:44:59,539 - my_logger - INFO - epoch 86, valid loss: 0.5028, valid auc: 91.26%
2023-06-07 15:44:59,546 - my_logger - INFO - epoch 87, train loss: 0.4729
2023-06-07 15:44:59,555 - my_logger - INFO - epoch 88, train loss: 0.4713
2023-06-07 15:44:59,559 - my_logger - INFO - evaluating......
2023-06-07 15:44:59,559 - my_logger - INFO - epoch 88, valid loss: 0.5006, valid auc: 91.42%
2023-06-07 15:44:59,566 - my_logger - INFO - epoch 89, train loss: 0.4698
2023-06-07 15:44:59,574 - my_logger - INFO - epoch 90, train loss: 0.4682
2023-06-07 15:44:59,579 - my_logger - INFO - evaluating......
2023-06-07 15:44:59,579 - my_logger - INFO - epoch 90, valid loss: 0.4986, valid auc: 91.59%
2023-06-07 15:44:59,586 - my_logger - INFO - epoch 91, train loss: 0.4667
2023-06-07 15:44:59,593 - my_logger - INFO - epoch 92, train loss: 0.4653
2023-06-07 15:44:59,598 - my_logger - INFO - evaluating......
2023-06-07 15:44:59,598 - my_logger - INFO - epoch 92, valid loss: 0.4966, valid auc: 91.74%
2023-06-07 15:44:59,605 - my_logger - INFO - epoch 93, train loss: 0.4638
2023-06-07 15:44:59,614 - my_logger - INFO - epoch 94, train loss: 0.4623
2023-06-07 15:44:59,618 - my_logger - INFO - evaluating......
2023-06-07 15:44:59,619 - my_logger - INFO - epoch 94, valid loss: 0.4947, valid auc: 91.90%
2023-06-07 15:44:59,625 - my_logger - INFO - epoch 95, train loss: 0.4609
2023-06-07 15:44:59,633 - my_logger - INFO - epoch 96, train loss: 0.4595
2023-06-07 15:44:59,638 - my_logger - INFO - evaluating......
2023-06-07 15:44:59,638 - my_logger - INFO - epoch 96, valid loss: 0.4929, valid auc: 92.05%
2023-06-07 15:44:59,644 - my_logger - INFO - epoch 97, train loss: 0.4581
2023-06-07 15:44:59,653 - my_logger - INFO - epoch 98, train loss: 0.4567
2023-06-07 15:44:59,657 - my_logger - INFO - evaluating......
2023-06-07 15:44:59,657 - my_logger - INFO - epoch 98, valid loss: 0.4911, valid auc: 92.20%
2023-06-07 15:44:59,665 - my_logger - INFO - epoch 99, train loss: 0.4553
2023-06-07 15:44:59,673 - my_logger - INFO - epoch 100, train loss: 0.4540
2023-06-07 15:44:59,677 - my_logger - INFO - evaluating......
2023-06-07 15:44:59,677 - my_logger - INFO - epoch 100, valid loss: 0.4894, valid auc: 92.36%
2023-06-07 15:44:59,684 - my_logger - INFO - epoch 101, train loss: 0.4527
2023-06-07 15:44:59,692 - my_logger - INFO - epoch 102, train loss: 0.4513
2023-06-07 15:44:59,697 - my_logger - INFO - evaluating......
2023-06-07 15:44:59,697 - my_logger - INFO - epoch 102, valid loss: 0.4877, valid auc: 92.51%
2023-06-07 15:44:59,704 - my_logger - INFO - epoch 103, train loss: 0.4500
2023-06-07 15:44:59,713 - my_logger - INFO - epoch 104, train loss: 0.4487
2023-06-07 15:44:59,717 - my_logger - INFO - evaluating......
2023-06-07 15:44:59,718 - my_logger - INFO - epoch 104, valid loss: 0.4861, valid auc: 92.67%
2023-06-07 15:44:59,724 - my_logger - INFO - epoch 105, train loss: 0.4475
2023-06-07 15:44:59,732 - my_logger - INFO - epoch 106, train loss: 0.4462
2023-06-07 15:44:59,737 - my_logger - INFO - evaluating......
2023-06-07 15:44:59,737 - my_logger - INFO - epoch 106, valid loss: 0.4846, valid auc: 92.82%
2023-06-07 15:44:59,744 - my_logger - INFO - epoch 107, train loss: 0.4450
2023-06-07 15:44:59,752 - my_logger - INFO - epoch 108, train loss: 0.4437
2023-06-07 15:44:59,756 - my_logger - INFO - evaluating......
2023-06-07 15:44:59,757 - my_logger - INFO - epoch 108, valid loss: 0.4831, valid auc: 92.96%
2023-06-07 15:44:59,764 - my_logger - INFO - epoch 109, train loss: 0.4425
2023-06-07 15:44:59,773 - my_logger - INFO - epoch 110, train loss: 0.4413
2023-06-07 15:44:59,778 - my_logger - INFO - evaluating......
2023-06-07 15:44:59,778 - my_logger - INFO - epoch 110, valid loss: 0.4817, valid auc: 93.09%
2023-06-07 15:44:59,785 - my_logger - INFO - epoch 111, train loss: 0.4401
2023-06-07 15:44:59,793 - my_logger - INFO - epoch 112, train loss: 0.4389
2023-06-07 15:44:59,798 - my_logger - INFO - evaluating......
2023-06-07 15:44:59,798 - my_logger - INFO - epoch 112, valid loss: 0.4803, valid auc: 93.22%
2023-06-07 15:44:59,805 - my_logger - INFO - epoch 113, train loss: 0.4378
2023-06-07 15:44:59,814 - my_logger - INFO - epoch 114, train loss: 0.4366
2023-06-07 15:44:59,819 - my_logger - INFO - evaluating......
2023-06-07 15:44:59,819 - my_logger - INFO - epoch 114, valid loss: 0.4789, valid auc: 93.35%
2023-06-07 15:44:59,825 - my_logger - INFO - epoch 115, train loss: 0.4355
2023-06-07 15:44:59,834 - my_logger - INFO - epoch 116, train loss: 0.4343
2023-06-07 15:44:59,838 - my_logger - INFO - evaluating......
2023-06-07 15:44:59,838 - my_logger - INFO - epoch 116, valid loss: 0.4776, valid auc: 93.47%
2023-06-07 15:44:59,844 - my_logger - INFO - epoch 117, train loss: 0.4332
2023-06-07 15:44:59,852 - my_logger - INFO - epoch 118, train loss: 0.4321
2023-06-07 15:44:59,856 - my_logger - INFO - evaluating......
2023-06-07 15:44:59,856 - my_logger - INFO - epoch 118, valid loss: 0.4764, valid auc: 93.59%
2023-06-07 15:44:59,864 - my_logger - INFO - epoch 119, train loss: 0.4310
2023-06-07 15:44:59,872 - my_logger - INFO - epoch 120, train loss: 0.4299
2023-06-07 15:44:59,876 - my_logger - INFO - evaluating......
2023-06-07 15:44:59,877 - my_logger - INFO - epoch 120, valid loss: 0.4752, valid auc: 93.70%
2023-06-07 15:44:59,884 - my_logger - INFO - epoch 121, train loss: 0.4289
2023-06-07 15:44:59,891 - my_logger - INFO - epoch 122, train loss: 0.4278
2023-06-07 15:44:59,897 - my_logger - INFO - evaluating......
2023-06-07 15:44:59,897 - my_logger - INFO - epoch 122, valid loss: 0.4741, valid auc: 93.81%
2023-06-07 15:44:59,904 - my_logger - INFO - epoch 123, train loss: 0.4267
2023-06-07 15:44:59,912 - my_logger - INFO - epoch 124, train loss: 0.4257
2023-06-07 15:44:59,917 - my_logger - INFO - evaluating......
2023-06-07 15:44:59,917 - my_logger - INFO - epoch 124, valid loss: 0.4730, valid auc: 93.91%
2023-06-07 15:44:59,923 - my_logger - INFO - epoch 125, train loss: 0.4247
2023-06-07 15:44:59,932 - my_logger - INFO - epoch 126, train loss: 0.4236
2023-06-07 15:44:59,936 - my_logger - INFO - evaluating......
2023-06-07 15:44:59,936 - my_logger - INFO - epoch 126, valid loss: 0.4719, valid auc: 94.01%
2023-06-07 15:44:59,942 - my_logger - INFO - epoch 127, train loss: 0.4226
2023-06-07 15:44:59,951 - my_logger - INFO - epoch 128, train loss: 0.4216
2023-06-07 15:44:59,955 - my_logger - INFO - evaluating......
2023-06-07 15:44:59,955 - my_logger - INFO - epoch 128, valid loss: 0.4709, valid auc: 94.10%
2023-06-07 15:44:59,962 - my_logger - INFO - epoch 129, train loss: 0.4206
2023-06-07 15:44:59,971 - my_logger - INFO - epoch 130, train loss: 0.4196
2023-06-07 15:44:59,975 - my_logger - INFO - evaluating......
2023-06-07 15:44:59,975 - my_logger - INFO - epoch 130, valid loss: 0.4699, valid auc: 94.19%
2023-06-07 15:44:59,982 - my_logger - INFO - epoch 131, train loss: 0.4187
2023-06-07 15:44:59,990 - my_logger - INFO - epoch 132, train loss: 0.4177
2023-06-07 15:44:59,995 - my_logger - INFO - evaluating......
2023-06-07 15:44:59,995 - my_logger - INFO - epoch 132, valid loss: 0.4690, valid auc: 94.28%
2023-06-07 15:45:00,002 - my_logger - INFO - epoch 133, train loss: 0.4167
2023-06-07 15:45:00,011 - my_logger - INFO - epoch 134, train loss: 0.4158
2023-06-07 15:45:00,015 - my_logger - INFO - evaluating......
2023-06-07 15:45:00,015 - my_logger - INFO - epoch 134, valid loss: 0.4682, valid auc: 94.36%
2023-06-07 15:45:00,022 - my_logger - INFO - epoch 135, train loss: 0.4148
2023-06-07 15:45:00,030 - my_logger - INFO - epoch 136, train loss: 0.4139
2023-06-07 15:45:00,035 - my_logger - INFO - evaluating......
2023-06-07 15:45:00,035 - my_logger - INFO - epoch 136, valid loss: 0.4674, valid auc: 94.44%
2023-06-07 15:45:00,042 - my_logger - INFO - epoch 137, train loss: 0.4130
2023-06-07 15:45:00,050 - my_logger - INFO - epoch 138, train loss: 0.4121
2023-06-07 15:45:00,054 - my_logger - INFO - evaluating......
2023-06-07 15:45:00,054 - my_logger - INFO - epoch 138, valid loss: 0.4666, valid auc: 94.51%
2023-06-07 15:45:00,060 - my_logger - INFO - epoch 139, train loss: 0.4111
2023-06-07 15:45:00,069 - my_logger - INFO - epoch 140, train loss: 0.4102
2023-06-07 15:45:00,073 - my_logger - INFO - evaluating......
2023-06-07 15:45:00,073 - my_logger - INFO - epoch 140, valid loss: 0.4659, valid auc: 94.58%
2023-06-07 15:45:00,080 - my_logger - INFO - epoch 141, train loss: 0.4094
2023-06-07 15:45:00,088 - my_logger - INFO - epoch 142, train loss: 0.4085
2023-06-07 15:45:00,092 - my_logger - INFO - evaluating......
2023-06-07 15:45:00,092 - my_logger - INFO - epoch 142, valid loss: 0.4652, valid auc: 94.64%
2023-06-07 15:45:00,098 - my_logger - INFO - epoch 143, train loss: 0.4076
2023-06-07 15:45:00,106 - my_logger - INFO - epoch 144, train loss: 0.4067
2023-06-07 15:45:00,110 - my_logger - INFO - evaluating......
2023-06-07 15:45:00,110 - my_logger - INFO - epoch 144, valid loss: 0.4645, valid auc: 94.71%
2023-06-07 15:45:00,117 - my_logger - INFO - epoch 145, train loss: 0.4058
2023-06-07 15:45:00,124 - my_logger - INFO - epoch 146, train loss: 0.4050
2023-06-07 15:45:00,128 - my_logger - INFO - evaluating......
2023-06-07 15:45:00,128 - my_logger - INFO - epoch 146, valid loss: 0.4639, valid auc: 94.77%
2023-06-07 15:45:00,135 - my_logger - INFO - epoch 147, train loss: 0.4041
2023-06-07 15:45:00,142 - my_logger - INFO - epoch 148, train loss: 0.4033
2023-06-07 15:45:00,146 - my_logger - INFO - evaluating......
2023-06-07 15:45:00,146 - my_logger - INFO - epoch 148, valid loss: 0.4633, valid auc: 94.82%
2023-06-07 15:45:00,152 - my_logger - INFO - epoch 149, train loss: 0.4025
2023-06-07 15:45:00,159 - my_logger - INFO - epoch 150, train loss: 0.4016
2023-06-07 15:45:00,164 - my_logger - INFO - evaluating......
2023-06-07 15:45:00,164 - my_logger - INFO - epoch 150, valid loss: 0.4628, valid auc: 94.87%
2023-06-07 15:45:00,170 - my_logger - INFO - epoch 151, train loss: 0.4008
2023-06-07 15:45:00,177 - my_logger - INFO - epoch 152, train loss: 0.4000
2023-06-07 15:45:00,181 - my_logger - INFO - evaluating......
2023-06-07 15:45:00,181 - my_logger - INFO - epoch 152, valid loss: 0.4623, valid auc: 94.92%
2023-06-07 15:45:00,187 - my_logger - INFO - epoch 153, train loss: 0.3991
2023-06-07 15:45:00,195 - my_logger - INFO - epoch 154, train loss: 0.3983
2023-06-07 15:45:00,199 - my_logger - INFO - evaluating......
2023-06-07 15:45:00,199 - my_logger - INFO - epoch 154, valid loss: 0.4618, valid auc: 94.97%
2023-06-07 15:45:00,205 - my_logger - INFO - epoch 155, train loss: 0.3975
2023-06-07 15:45:00,212 - my_logger - INFO - epoch 156, train loss: 0.3967
2023-06-07 15:45:00,216 - my_logger - INFO - evaluating......
2023-06-07 15:45:00,216 - my_logger - INFO - epoch 156, valid loss: 0.4614, valid auc: 95.01%
2023-06-07 15:45:00,222 - my_logger - INFO - epoch 157, train loss: 0.3959
2023-06-07 15:45:00,230 - my_logger - INFO - epoch 158, train loss: 0.3951
2023-06-07 15:45:00,234 - my_logger - INFO - evaluating......
2023-06-07 15:45:00,234 - my_logger - INFO - epoch 158, valid loss: 0.4610, valid auc: 95.05%
2023-06-07 15:45:00,240 - my_logger - INFO - epoch 159, train loss: 0.3943
2023-06-07 15:45:00,248 - my_logger - INFO - epoch 160, train loss: 0.3936
2023-06-07 15:45:00,252 - my_logger - INFO - evaluating......
2023-06-07 15:45:00,252 - my_logger - INFO - epoch 160, valid loss: 0.4606, valid auc: 95.09%
2023-06-07 15:45:00,259 - my_logger - INFO - epoch 161, train loss: 0.3928
2023-06-07 15:45:00,267 - my_logger - INFO - epoch 162, train loss: 0.3920
2023-06-07 15:45:00,272 - my_logger - INFO - evaluating......
2023-06-07 15:45:00,272 - my_logger - INFO - epoch 162, valid loss: 0.4603, valid auc: 95.14%
2023-06-07 15:45:00,279 - my_logger - INFO - epoch 163, train loss: 0.3912
2023-06-07 15:45:00,288 - my_logger - INFO - epoch 164, train loss: 0.3905
2023-06-07 15:45:00,292 - my_logger - INFO - evaluating......
2023-06-07 15:45:00,292 - my_logger - INFO - epoch 164, valid loss: 0.4599, valid auc: 95.17%
2023-06-07 15:45:00,299 - my_logger - INFO - epoch 165, train loss: 0.3897
2023-06-07 15:45:00,307 - my_logger - INFO - epoch 166, train loss: 0.3889
2023-06-07 15:45:00,312 - my_logger - INFO - evaluating......
2023-06-07 15:45:00,312 - my_logger - INFO - epoch 166, valid loss: 0.4596, valid auc: 95.21%
2023-06-07 15:45:00,319 - my_logger - INFO - epoch 167, train loss: 0.3882
2023-06-07 15:45:00,326 - my_logger - INFO - epoch 168, train loss: 0.3874
2023-06-07 15:45:00,331 - my_logger - INFO - evaluating......
2023-06-07 15:45:00,331 - my_logger - INFO - epoch 168, valid loss: 0.4593, valid auc: 95.25%
2023-06-07 15:45:00,337 - my_logger - INFO - epoch 169, train loss: 0.3867
2023-06-07 15:45:00,346 - my_logger - INFO - epoch 170, train loss: 0.3859
2023-06-07 15:45:00,350 - my_logger - INFO - evaluating......
2023-06-07 15:45:00,351 - my_logger - INFO - epoch 170, valid loss: 0.4591, valid auc: 95.28%
2023-06-07 15:45:00,357 - my_logger - INFO - epoch 171, train loss: 0.3852
2023-06-07 15:45:00,364 - my_logger - INFO - epoch 172, train loss: 0.3844
2023-06-07 15:45:00,368 - my_logger - INFO - evaluating......
2023-06-07 15:45:00,368 - my_logger - INFO - epoch 172, valid loss: 0.4588, valid auc: 95.31%
2023-06-07 15:45:00,374 - my_logger - INFO - epoch 173, train loss: 0.3837
2023-06-07 15:45:00,382 - my_logger - INFO - epoch 174, train loss: 0.3829
2023-06-07 15:45:00,386 - my_logger - INFO - evaluating......
2023-06-07 15:45:00,386 - my_logger - INFO - epoch 174, valid loss: 0.4586, valid auc: 95.34%
2023-06-07 15:45:00,392 - my_logger - INFO - epoch 175, train loss: 0.3822
2023-06-07 15:45:00,401 - my_logger - INFO - epoch 176, train loss: 0.3815
2023-06-07 15:45:00,405 - my_logger - INFO - evaluating......
2023-06-07 15:45:00,406 - my_logger - INFO - epoch 176, valid loss: 0.4584, valid auc: 95.36%
2023-06-07 15:45:00,412 - my_logger - INFO - epoch 177, train loss: 0.3807
2023-06-07 15:45:00,421 - my_logger - INFO - epoch 178, train loss: 0.3800
2023-06-07 15:45:00,426 - my_logger - INFO - evaluating......
2023-06-07 15:45:00,426 - my_logger - INFO - epoch 178, valid loss: 0.4582, valid auc: 95.39%
2023-06-07 15:45:00,433 - my_logger - INFO - epoch 179, train loss: 0.3793
2023-06-07 15:45:00,441 - my_logger - INFO - epoch 180, train loss: 0.3785
2023-06-07 15:45:00,446 - my_logger - INFO - evaluating......
2023-06-07 15:45:00,446 - my_logger - INFO - epoch 180, valid loss: 0.4580, valid auc: 95.42%
2023-06-07 15:45:00,453 - my_logger - INFO - epoch 181, train loss: 0.3778
2023-06-07 15:45:00,461 - my_logger - INFO - epoch 182, train loss: 0.3771
2023-06-07 15:45:00,465 - my_logger - INFO - evaluating......
2023-06-07 15:45:00,466 - my_logger - INFO - epoch 182, valid loss: 0.4579, valid auc: 95.45%
2023-06-07 15:45:00,473 - my_logger - INFO - epoch 183, train loss: 0.3764
2023-06-07 15:45:00,481 - my_logger - INFO - epoch 184, train loss: 0.3756
2023-06-07 15:45:00,485 - my_logger - INFO - evaluating......
2023-06-07 15:45:00,486 - my_logger - INFO - epoch 184, valid loss: 0.4577, valid auc: 95.48%
2023-06-07 15:45:00,493 - my_logger - INFO - epoch 185, train loss: 0.3749
2023-06-07 15:45:00,502 - my_logger - INFO - epoch 186, train loss: 0.3742
2023-06-07 15:45:00,507 - my_logger - INFO - evaluating......
2023-06-07 15:45:00,507 - my_logger - INFO - epoch 186, valid loss: 0.4576, valid auc: 95.51%
2023-06-07 15:45:00,514 - my_logger - INFO - epoch 187, train loss: 0.3735
2023-06-07 15:45:00,522 - my_logger - INFO - epoch 188, train loss: 0.3728
2023-06-07 15:45:00,527 - my_logger - INFO - evaluating......
2023-06-07 15:45:00,527 - my_logger - INFO - epoch 188, valid loss: 0.4575, valid auc: 95.54%
2023-06-07 15:45:00,534 - my_logger - INFO - epoch 189, train loss: 0.3721
2023-06-07 15:45:00,542 - my_logger - INFO - epoch 190, train loss: 0.3714
2023-06-07 15:45:00,547 - my_logger - INFO - evaluating......
2023-06-07 15:45:00,547 - my_logger - INFO - epoch 190, valid loss: 0.4574, valid auc: 95.57%
2023-06-07 15:45:00,556 - my_logger - INFO - epoch 191, train loss: 0.3707
2023-06-07 15:45:00,567 - my_logger - INFO - epoch 192, train loss: 0.3700
2023-06-07 15:45:00,573 - my_logger - INFO - evaluating......
2023-06-07 15:45:00,573 - my_logger - INFO - epoch 192, valid loss: 0.4573, valid auc: 95.59%
2023-06-07 15:45:00,581 - my_logger - INFO - epoch 193, train loss: 0.3693
2023-06-07 15:45:00,590 - my_logger - INFO - epoch 194, train loss: 0.3686
2023-06-07 15:45:00,594 - my_logger - INFO - evaluating......
2023-06-07 15:45:00,595 - my_logger - INFO - epoch 194, valid loss: 0.4572, valid auc: 95.61%
2023-06-07 15:45:00,601 - my_logger - INFO - epoch 195, train loss: 0.3679
2023-06-07 15:45:00,609 - my_logger - INFO - epoch 196, train loss: 0.3672
2023-06-07 15:45:00,613 - my_logger - INFO - evaluating......
2023-06-07 15:45:00,614 - my_logger - INFO - epoch 196, valid loss: 0.4571, valid auc: 95.64%
2023-06-07 15:45:00,620 - my_logger - INFO - epoch 197, train loss: 0.3665
2023-06-07 15:45:00,628 - my_logger - INFO - epoch 198, train loss: 0.3658
2023-06-07 15:45:00,632 - my_logger - INFO - evaluating......
2023-06-07 15:45:00,633 - my_logger - INFO - epoch 198, valid loss: 0.4571, valid auc: 95.65%
2023-06-07 15:45:00,639 - my_logger - INFO - epoch 199, train loss: 0.3651
2023-06-07 15:45:00,641 - my_logger - INFO - total train time used: 2.7544s
2023-06-07 15:45:00,641 - my_logger - INFO - testing......
2023-06-07 15:45:00,649 - my_logger - INFO - test auc: 94.70%
