2023-06-07 15:46:56,326 - my_logger - INFO - training......
2023-06-07 15:46:57,096 - my_logger - INFO - epoch 0, train loss: 0.6933
2023-06-07 15:46:57,101 - my_logger - INFO - evaluating......
2023-06-07 15:46:57,102 - my_logger - INFO - epoch 0, valid loss: 0.6932, valid auc: 80.28%
2023-06-07 15:46:57,109 - my_logger - INFO - epoch 1, train loss: 0.6932
2023-06-07 15:46:57,115 - my_logger - INFO - epoch 2, train loss: 0.6929
2023-06-07 15:46:57,118 - my_logger - INFO - evaluating......
2023-06-07 15:46:57,119 - my_logger - INFO - epoch 2, valid loss: 0.6929, valid auc: 74.92%
2023-06-07 15:46:57,124 - my_logger - INFO - epoch 3, train loss: 0.6926
2023-06-07 15:46:57,131 - my_logger - INFO - epoch 4, train loss: 0.6919
2023-06-07 15:46:57,134 - my_logger - INFO - evaluating......
2023-06-07 15:46:57,134 - my_logger - INFO - epoch 4, valid loss: 0.6920, valid auc: 72.80%
2023-06-07 15:46:57,139 - my_logger - INFO - epoch 5, train loss: 0.6910
2023-06-07 15:46:57,146 - my_logger - INFO - epoch 6, train loss: 0.6897
2023-06-07 15:46:57,149 - my_logger - INFO - evaluating......
2023-06-07 15:46:57,150 - my_logger - INFO - epoch 6, valid loss: 0.6900, valid auc: 72.41%
2023-06-07 15:46:57,155 - my_logger - INFO - epoch 7, train loss: 0.6880
2023-06-07 15:46:57,162 - my_logger - INFO - epoch 8, train loss: 0.6860
2023-06-07 15:46:57,165 - my_logger - INFO - evaluating......
2023-06-07 15:46:57,165 - my_logger - INFO - epoch 8, valid loss: 0.6868, valid auc: 72.30%
2023-06-07 15:46:57,171 - my_logger - INFO - epoch 9, train loss: 0.6840
2023-06-07 15:46:57,178 - my_logger - INFO - epoch 10, train loss: 0.6822
2023-06-07 15:46:57,181 - my_logger - INFO - evaluating......
2023-06-07 15:46:57,181 - my_logger - INFO - epoch 10, valid loss: 0.6841, valid auc: 72.21%
2023-06-07 15:46:57,187 - my_logger - INFO - epoch 11, train loss: 0.6801
2023-06-07 15:46:57,194 - my_logger - INFO - epoch 12, train loss: 0.6776
2023-06-07 15:46:57,199 - my_logger - INFO - evaluating......
2023-06-07 15:46:57,199 - my_logger - INFO - epoch 12, valid loss: 0.6806, valid auc: 71.89%
2023-06-07 15:46:57,206 - my_logger - INFO - epoch 13, train loss: 0.6745
2023-06-07 15:46:57,215 - my_logger - INFO - epoch 14, train loss: 0.6709
2023-06-07 15:46:57,219 - my_logger - INFO - evaluating......
2023-06-07 15:46:57,219 - my_logger - INFO - epoch 14, valid loss: 0.6749, valid auc: 71.27%
2023-06-07 15:46:57,226 - my_logger - INFO - epoch 15, train loss: 0.6670
2023-06-07 15:46:57,233 - my_logger - INFO - epoch 16, train loss: 0.6627
2023-06-07 15:46:57,237 - my_logger - INFO - evaluating......
2023-06-07 15:46:57,237 - my_logger - INFO - epoch 16, valid loss: 0.6679, valid auc: 70.55%
2023-06-07 15:46:57,243 - my_logger - INFO - epoch 17, train loss: 0.6583
2023-06-07 15:46:57,249 - my_logger - INFO - epoch 18, train loss: 0.6537
2023-06-07 15:46:57,252 - my_logger - INFO - evaluating......
2023-06-07 15:46:57,253 - my_logger - INFO - epoch 18, valid loss: 0.6606, valid auc: 70.00%
2023-06-07 15:46:57,258 - my_logger - INFO - epoch 19, train loss: 0.6486
2023-06-07 15:46:57,264 - my_logger - INFO - epoch 20, train loss: 0.6430
2023-06-07 15:46:57,268 - my_logger - INFO - evaluating......
2023-06-07 15:46:57,268 - my_logger - INFO - epoch 20, valid loss: 0.6524, valid auc: 69.90%
2023-06-07 15:46:57,273 - my_logger - INFO - epoch 21, train loss: 0.6370
2023-06-07 15:46:57,280 - my_logger - INFO - epoch 22, train loss: 0.6310
2023-06-07 15:46:57,283 - my_logger - INFO - evaluating......
2023-06-07 15:46:57,283 - my_logger - INFO - epoch 22, valid loss: 0.6434, valid auc: 70.15%
2023-06-07 15:46:57,288 - my_logger - INFO - epoch 23, train loss: 0.6250
2023-06-07 15:46:57,295 - my_logger - INFO - epoch 24, train loss: 0.6188
2023-06-07 15:46:57,299 - my_logger - INFO - evaluating......
2023-06-07 15:46:57,299 - my_logger - INFO - epoch 24, valid loss: 0.6346, valid auc: 70.46%
2023-06-07 15:46:57,304 - my_logger - INFO - epoch 25, train loss: 0.6124
2023-06-07 15:46:57,311 - my_logger - INFO - epoch 26, train loss: 0.6064
2023-06-07 15:46:57,314 - my_logger - INFO - evaluating......
2023-06-07 15:46:57,314 - my_logger - INFO - epoch 26, valid loss: 0.6264, valid auc: 70.82%
2023-06-07 15:46:57,319 - my_logger - INFO - epoch 27, train loss: 0.6005
2023-06-07 15:46:57,326 - my_logger - INFO - epoch 28, train loss: 0.5945
2023-06-07 15:46:57,329 - my_logger - INFO - evaluating......
2023-06-07 15:46:57,329 - my_logger - INFO - epoch 28, valid loss: 0.6189, valid auc: 71.32%
2023-06-07 15:46:57,334 - my_logger - INFO - epoch 29, train loss: 0.5890
2023-06-07 15:46:57,340 - my_logger - INFO - epoch 30, train loss: 0.5839
2023-06-07 15:46:57,344 - my_logger - INFO - evaluating......
2023-06-07 15:46:57,344 - my_logger - INFO - epoch 30, valid loss: 0.6126, valid auc: 71.81%
2023-06-07 15:46:57,350 - my_logger - INFO - epoch 31, train loss: 0.5789
2023-06-07 15:46:57,356 - my_logger - INFO - epoch 32, train loss: 0.5747
2023-06-07 15:46:57,359 - my_logger - INFO - evaluating......
2023-06-07 15:46:57,360 - my_logger - INFO - epoch 32, valid loss: 0.6088, valid auc: 72.21%
2023-06-07 15:46:57,365 - my_logger - INFO - epoch 33, train loss: 0.5704
2023-06-07 15:46:57,370 - my_logger - INFO - epoch 34, train loss: 0.5669
2023-06-07 15:46:57,373 - my_logger - INFO - evaluating......
2023-06-07 15:46:57,374 - my_logger - INFO - epoch 34, valid loss: 0.6053, valid auc: 72.57%
2023-06-07 15:46:57,379 - my_logger - INFO - epoch 35, train loss: 0.5633
2023-06-07 15:46:57,385 - my_logger - INFO - epoch 36, train loss: 0.5603
2023-06-07 15:46:57,388 - my_logger - INFO - evaluating......
2023-06-07 15:46:57,388 - my_logger - INFO - epoch 36, valid loss: 0.6042, valid auc: 72.95%
2023-06-07 15:46:57,394 - my_logger - INFO - epoch 37, train loss: 0.5572
2023-06-07 15:46:57,400 - my_logger - INFO - epoch 38, train loss: 0.5544
2023-06-07 15:46:57,403 - my_logger - INFO - evaluating......
2023-06-07 15:46:57,403 - my_logger - INFO - epoch 38, valid loss: 0.6025, valid auc: 73.34%
2023-06-07 15:46:57,409 - my_logger - INFO - epoch 39, train loss: 0.5517
2023-06-07 15:46:57,415 - my_logger - INFO - epoch 40, train loss: 0.5489
2023-06-07 15:46:57,418 - my_logger - INFO - evaluating......
2023-06-07 15:46:57,418 - my_logger - INFO - epoch 40, valid loss: 0.6013, valid auc: 73.81%
2023-06-07 15:46:57,423 - my_logger - INFO - epoch 41, train loss: 0.5463
2023-06-07 15:46:57,429 - my_logger - INFO - epoch 42, train loss: 0.5436
2023-06-07 15:46:57,433 - my_logger - INFO - evaluating......
2023-06-07 15:46:57,433 - my_logger - INFO - epoch 42, valid loss: 0.5999, valid auc: 74.31%
2023-06-07 15:46:57,438 - my_logger - INFO - epoch 43, train loss: 0.5407
2023-06-07 15:46:57,444 - my_logger - INFO - epoch 44, train loss: 0.5379
2023-06-07 15:46:57,448 - my_logger - INFO - evaluating......
2023-06-07 15:46:57,448 - my_logger - INFO - epoch 44, valid loss: 0.5964, valid auc: 74.82%
2023-06-07 15:46:57,453 - my_logger - INFO - epoch 45, train loss: 0.5350
2023-06-07 15:46:57,460 - my_logger - INFO - epoch 46, train loss: 0.5318
2023-06-07 15:46:57,464 - my_logger - INFO - evaluating......
2023-06-07 15:46:57,464 - my_logger - INFO - epoch 46, valid loss: 0.5920, valid auc: 75.40%
2023-06-07 15:46:57,469 - my_logger - INFO - epoch 47, train loss: 0.5285
2023-06-07 15:46:57,476 - my_logger - INFO - epoch 48, train loss: 0.5252
2023-06-07 15:46:57,480 - my_logger - INFO - evaluating......
2023-06-07 15:46:57,480 - my_logger - INFO - epoch 48, valid loss: 0.5869, valid auc: 76.00%
2023-06-07 15:46:57,485 - my_logger - INFO - epoch 49, train loss: 0.5215
2023-06-07 15:46:57,492 - my_logger - INFO - epoch 50, train loss: 0.5177
2023-06-07 15:46:57,496 - my_logger - INFO - evaluating......
2023-06-07 15:46:57,496 - my_logger - INFO - epoch 50, valid loss: 0.5802, valid auc: 76.65%
2023-06-07 15:46:57,501 - my_logger - INFO - epoch 51, train loss: 0.5138
2023-06-07 15:46:57,507 - my_logger - INFO - epoch 52, train loss: 0.5097
2023-06-07 15:46:57,511 - my_logger - INFO - evaluating......
2023-06-07 15:46:57,511 - my_logger - INFO - epoch 52, valid loss: 0.5725, valid auc: 77.38%
2023-06-07 15:46:57,516 - my_logger - INFO - epoch 53, train loss: 0.5053
2023-06-07 15:46:57,522 - my_logger - INFO - epoch 54, train loss: 0.5008
2023-06-07 15:46:57,525 - my_logger - INFO - evaluating......
2023-06-07 15:46:57,525 - my_logger - INFO - epoch 54, valid loss: 0.5643, valid auc: 78.20%
2023-06-07 15:46:57,531 - my_logger - INFO - epoch 55, train loss: 0.4960
2023-06-07 15:46:57,536 - my_logger - INFO - epoch 56, train loss: 0.4911
2023-06-07 15:46:57,540 - my_logger - INFO - evaluating......
2023-06-07 15:46:57,540 - my_logger - INFO - epoch 56, valid loss: 0.5550, valid auc: 79.07%
2023-06-07 15:46:57,545 - my_logger - INFO - epoch 57, train loss: 0.4860
2023-06-07 15:46:57,551 - my_logger - INFO - epoch 58, train loss: 0.4806
2023-06-07 15:46:57,554 - my_logger - INFO - evaluating......
2023-06-07 15:46:57,554 - my_logger - INFO - epoch 58, valid loss: 0.5445, valid auc: 80.04%
2023-06-07 15:46:57,560 - my_logger - INFO - epoch 59, train loss: 0.4751
2023-06-07 15:46:57,566 - my_logger - INFO - epoch 60, train loss: 0.4694
2023-06-07 15:46:57,569 - my_logger - INFO - evaluating......
2023-06-07 15:46:57,570 - my_logger - INFO - epoch 60, valid loss: 0.5334, valid auc: 81.07%
2023-06-07 15:46:57,577 - my_logger - INFO - epoch 61, train loss: 0.4635
2023-06-07 15:46:57,583 - my_logger - INFO - epoch 62, train loss: 0.4574
2023-06-07 15:46:57,586 - my_logger - INFO - evaluating......
2023-06-07 15:46:57,586 - my_logger - INFO - epoch 62, valid loss: 0.5212, valid auc: 82.14%
2023-06-07 15:46:57,594 - my_logger - INFO - epoch 63, train loss: 0.4512
2023-06-07 15:46:57,600 - my_logger - INFO - epoch 64, train loss: 0.4449
2023-06-07 15:46:57,603 - my_logger - INFO - evaluating......
2023-06-07 15:46:57,604 - my_logger - INFO - epoch 64, valid loss: 0.5083, valid auc: 83.19%
2023-06-07 15:46:57,611 - my_logger - INFO - epoch 65, train loss: 0.4384
2023-06-07 15:46:57,617 - my_logger - INFO - epoch 66, train loss: 0.4318
2023-06-07 15:46:57,620 - my_logger - INFO - evaluating......
2023-06-07 15:46:57,620 - my_logger - INFO - epoch 66, valid loss: 0.4951, valid auc: 84.25%
2023-06-07 15:46:57,628 - my_logger - INFO - epoch 67, train loss: 0.4252
2023-06-07 15:46:57,634 - my_logger - INFO - epoch 68, train loss: 0.4185
2023-06-07 15:46:57,637 - my_logger - INFO - evaluating......
2023-06-07 15:46:57,637 - my_logger - INFO - epoch 68, valid loss: 0.4815, valid auc: 85.26%
2023-06-07 15:46:57,644 - my_logger - INFO - epoch 69, train loss: 0.4118
2023-06-07 15:46:57,650 - my_logger - INFO - epoch 70, train loss: 0.4050
2023-06-07 15:46:57,653 - my_logger - INFO - evaluating......
2023-06-07 15:46:57,653 - my_logger - INFO - epoch 70, valid loss: 0.4678, valid auc: 86.25%
2023-06-07 15:46:57,661 - my_logger - INFO - epoch 71, train loss: 0.3982
2023-06-07 15:46:57,666 - my_logger - INFO - epoch 72, train loss: 0.3915
2023-06-07 15:46:57,670 - my_logger - INFO - evaluating......
2023-06-07 15:46:57,670 - my_logger - INFO - epoch 72, valid loss: 0.4542, valid auc: 87.19%
2023-06-07 15:46:57,677 - my_logger - INFO - epoch 73, train loss: 0.3847
2023-06-07 15:46:57,683 - my_logger - INFO - epoch 74, train loss: 0.3779
2023-06-07 15:46:57,687 - my_logger - INFO - evaluating......
2023-06-07 15:46:57,687 - my_logger - INFO - epoch 74, valid loss: 0.4407, valid auc: 88.08%
2023-06-07 15:46:57,695 - my_logger - INFO - epoch 75, train loss: 0.3712
2023-06-07 15:46:57,701 - my_logger - INFO - epoch 76, train loss: 0.3645
2023-06-07 15:46:57,705 - my_logger - INFO - evaluating......
2023-06-07 15:46:57,705 - my_logger - INFO - epoch 76, valid loss: 0.4276, valid auc: 88.87%
2023-06-07 15:46:57,712 - my_logger - INFO - epoch 77, train loss: 0.3578
2023-06-07 15:46:57,718 - my_logger - INFO - epoch 78, train loss: 0.3512
2023-06-07 15:46:57,721 - my_logger - INFO - evaluating......
2023-06-07 15:46:57,722 - my_logger - INFO - epoch 78, valid loss: 0.4149, valid auc: 89.61%
2023-06-07 15:46:57,729 - my_logger - INFO - epoch 79, train loss: 0.3446
2023-06-07 15:46:57,734 - my_logger - INFO - epoch 80, train loss: 0.3380
2023-06-07 15:46:57,738 - my_logger - INFO - evaluating......
2023-06-07 15:46:57,738 - my_logger - INFO - epoch 80, valid loss: 0.4025, valid auc: 90.32%
2023-06-07 15:46:57,744 - my_logger - INFO - epoch 81, train loss: 0.3315
2023-06-07 15:46:57,750 - my_logger - INFO - epoch 82, train loss: 0.3250
2023-06-07 15:46:57,753 - my_logger - INFO - evaluating......
2023-06-07 15:46:57,753 - my_logger - INFO - epoch 82, valid loss: 0.3904, valid auc: 90.97%
2023-06-07 15:46:57,760 - my_logger - INFO - epoch 83, train loss: 0.3185
2023-06-07 15:46:57,766 - my_logger - INFO - epoch 84, train loss: 0.3120
2023-06-07 15:46:57,769 - my_logger - INFO - evaluating......
2023-06-07 15:46:57,769 - my_logger - INFO - epoch 84, valid loss: 0.3788, valid auc: 91.57%
2023-06-07 15:46:57,775 - my_logger - INFO - epoch 85, train loss: 0.3057
2023-06-07 15:46:57,781 - my_logger - INFO - epoch 86, train loss: 0.2994
2023-06-07 15:46:57,784 - my_logger - INFO - evaluating......
2023-06-07 15:46:57,784 - my_logger - INFO - epoch 86, valid loss: 0.3675, valid auc: 92.12%
2023-06-07 15:46:57,790 - my_logger - INFO - epoch 87, train loss: 0.2931
2023-06-07 15:46:57,796 - my_logger - INFO - epoch 88, train loss: 0.2869
2023-06-07 15:46:57,799 - my_logger - INFO - evaluating......
2023-06-07 15:46:57,799 - my_logger - INFO - epoch 88, valid loss: 0.3564, valid auc: 92.62%
2023-06-07 15:46:57,805 - my_logger - INFO - epoch 89, train loss: 0.2808
2023-06-07 15:46:57,811 - my_logger - INFO - epoch 90, train loss: 0.2748
2023-06-07 15:46:57,814 - my_logger - INFO - evaluating......
2023-06-07 15:46:57,814 - my_logger - INFO - epoch 90, valid loss: 0.3458, valid auc: 93.05%
2023-06-07 15:46:57,820 - my_logger - INFO - epoch 91, train loss: 0.2689
2023-06-07 15:46:57,826 - my_logger - INFO - epoch 92, train loss: 0.2631
2023-06-07 15:46:57,829 - my_logger - INFO - evaluating......
2023-06-07 15:46:57,829 - my_logger - INFO - epoch 92, valid loss: 0.3356, valid auc: 93.49%
2023-06-07 15:46:57,835 - my_logger - INFO - epoch 93, train loss: 0.2574
2023-06-07 15:46:57,841 - my_logger - INFO - epoch 94, train loss: 0.2519
2023-06-07 15:46:57,844 - my_logger - INFO - evaluating......
2023-06-07 15:46:57,844 - my_logger - INFO - epoch 94, valid loss: 0.3261, valid auc: 93.87%
2023-06-07 15:46:57,850 - my_logger - INFO - epoch 95, train loss: 0.2464
2023-06-07 15:46:57,856 - my_logger - INFO - epoch 96, train loss: 0.2411
2023-06-07 15:46:57,859 - my_logger - INFO - evaluating......
2023-06-07 15:46:57,859 - my_logger - INFO - epoch 96, valid loss: 0.3171, valid auc: 94.22%
2023-06-07 15:46:57,866 - my_logger - INFO - epoch 97, train loss: 0.2358
2023-06-07 15:46:57,871 - my_logger - INFO - epoch 98, train loss: 0.2308
2023-06-07 15:46:57,874 - my_logger - INFO - evaluating......
2023-06-07 15:46:57,874 - my_logger - INFO - epoch 98, valid loss: 0.3087, valid auc: 94.54%
2023-06-07 15:46:57,881 - my_logger - INFO - epoch 99, train loss: 0.2258
2023-06-07 15:46:57,886 - my_logger - INFO - epoch 100, train loss: 0.2210
2023-06-07 15:46:57,889 - my_logger - INFO - evaluating......
2023-06-07 15:46:57,889 - my_logger - INFO - epoch 100, valid loss: 0.3009, valid auc: 94.83%
2023-06-07 15:46:57,896 - my_logger - INFO - epoch 101, train loss: 0.2163
2023-06-07 15:46:57,901 - my_logger - INFO - epoch 102, train loss: 0.2117
2023-06-07 15:46:57,904 - my_logger - INFO - evaluating......
2023-06-07 15:46:57,905 - my_logger - INFO - epoch 102, valid loss: 0.2937, valid auc: 95.08%
2023-06-07 15:46:57,912 - my_logger - INFO - epoch 103, train loss: 0.2073
2023-06-07 15:46:57,917 - my_logger - INFO - epoch 104, train loss: 0.2029
2023-06-07 15:46:57,921 - my_logger - INFO - evaluating......
2023-06-07 15:46:57,921 - my_logger - INFO - epoch 104, valid loss: 0.2871, valid auc: 95.30%
2023-06-07 15:46:57,927 - my_logger - INFO - epoch 105, train loss: 0.1987
2023-06-07 15:46:57,933 - my_logger - INFO - epoch 106, train loss: 0.1947
2023-06-07 15:46:57,936 - my_logger - INFO - evaluating......
2023-06-07 15:46:57,936 - my_logger - INFO - epoch 106, valid loss: 0.2808, valid auc: 95.50%
2023-06-07 15:46:57,942 - my_logger - INFO - epoch 107, train loss: 0.1910
2023-06-07 15:46:57,948 - my_logger - INFO - epoch 108, train loss: 0.1877
2023-06-07 15:46:57,951 - my_logger - INFO - evaluating......
2023-06-07 15:46:57,951 - my_logger - INFO - epoch 108, valid loss: 0.2743, valid auc: 95.68%
2023-06-07 15:46:57,958 - my_logger - INFO - epoch 109, train loss: 0.1846
2023-06-07 15:46:57,964 - my_logger - INFO - epoch 110, train loss: 0.1805
2023-06-07 15:46:57,967 - my_logger - INFO - evaluating......
2023-06-07 15:46:57,967 - my_logger - INFO - epoch 110, valid loss: 0.2687, valid auc: 95.86%
2023-06-07 15:46:57,973 - my_logger - INFO - epoch 111, train loss: 0.1766
2023-06-07 15:46:57,980 - my_logger - INFO - epoch 112, train loss: 0.1741
2023-06-07 15:46:57,983 - my_logger - INFO - evaluating......
2023-06-07 15:46:57,983 - my_logger - INFO - epoch 112, valid loss: 0.2677, valid auc: 96.03%
2023-06-07 15:46:57,989 - my_logger - INFO - epoch 113, train loss: 0.1708
2023-06-07 15:46:57,995 - my_logger - INFO - epoch 114, train loss: 0.1672
2023-06-07 15:46:57,998 - my_logger - INFO - evaluating......
2023-06-07 15:46:57,998 - my_logger - INFO - epoch 114, valid loss: 0.2615, valid auc: 96.14%
2023-06-07 15:46:58,005 - my_logger - INFO - epoch 115, train loss: 0.1649
2023-06-07 15:46:58,010 - my_logger - INFO - epoch 116, train loss: 0.1619
2023-06-07 15:46:58,014 - my_logger - INFO - evaluating......
2023-06-07 15:46:58,014 - my_logger - INFO - epoch 116, valid loss: 0.2560, valid auc: 96.26%
2023-06-07 15:46:58,020 - my_logger - INFO - epoch 117, train loss: 0.1588
2023-06-07 15:46:58,025 - my_logger - INFO - epoch 118, train loss: 0.1566
2023-06-07 15:46:58,028 - my_logger - INFO - evaluating......
2023-06-07 15:46:58,029 - my_logger - INFO - epoch 118, valid loss: 0.2559, valid auc: 96.38%
2023-06-07 15:46:58,035 - my_logger - INFO - epoch 119, train loss: 0.1536
2023-06-07 15:46:58,041 - my_logger - INFO - epoch 120, train loss: 0.1511
2023-06-07 15:46:58,044 - my_logger - INFO - evaluating......
2023-06-07 15:46:58,044 - my_logger - INFO - epoch 120, valid loss: 0.2497, valid auc: 96.47%
2023-06-07 15:46:58,050 - my_logger - INFO - epoch 121, train loss: 0.1489
2023-06-07 15:46:58,056 - my_logger - INFO - epoch 122, train loss: 0.1461
2023-06-07 15:46:58,061 - my_logger - INFO - evaluating......
2023-06-07 15:46:58,061 - my_logger - INFO - epoch 122, valid loss: 0.2466, valid auc: 96.56%
2023-06-07 15:46:58,067 - my_logger - INFO - epoch 123, train loss: 0.1440
2023-06-07 15:46:58,073 - my_logger - INFO - epoch 124, train loss: 0.1417
2023-06-07 15:46:58,077 - my_logger - INFO - evaluating......
2023-06-07 15:46:58,077 - my_logger - INFO - epoch 124, valid loss: 0.2457, valid auc: 96.66%
2023-06-07 15:46:58,083 - my_logger - INFO - epoch 125, train loss: 0.1393
2023-06-07 15:46:58,089 - my_logger - INFO - epoch 126, train loss: 0.1373
2023-06-07 15:46:58,092 - my_logger - INFO - evaluating......
2023-06-07 15:46:58,092 - my_logger - INFO - epoch 126, valid loss: 0.2405, valid auc: 96.73%
2023-06-07 15:46:58,099 - my_logger - INFO - epoch 127, train loss: 0.1351
2023-06-07 15:46:58,104 - my_logger - INFO - epoch 128, train loss: 0.1330
2023-06-07 15:46:58,108 - my_logger - INFO - evaluating......
2023-06-07 15:46:58,108 - my_logger - INFO - epoch 128, valid loss: 0.2393, valid auc: 96.81%
2023-06-07 15:46:58,115 - my_logger - INFO - epoch 129, train loss: 0.1311
2023-06-07 15:46:58,121 - my_logger - INFO - epoch 130, train loss: 0.1289
2023-06-07 15:46:58,125 - my_logger - INFO - evaluating......
2023-06-07 15:46:58,125 - my_logger - INFO - epoch 130, valid loss: 0.2369, valid auc: 96.88%
2023-06-07 15:46:58,133 - my_logger - INFO - epoch 131, train loss: 0.1271
2023-06-07 15:46:58,139 - my_logger - INFO - epoch 132, train loss: 0.1252
2023-06-07 15:46:58,143 - my_logger - INFO - evaluating......
2023-06-07 15:46:58,143 - my_logger - INFO - epoch 132, valid loss: 0.2331, valid auc: 96.95%
2023-06-07 15:46:58,151 - my_logger - INFO - epoch 133, train loss: 0.1232
2023-06-07 15:46:58,158 - my_logger - INFO - epoch 134, train loss: 0.1215
2023-06-07 15:46:58,161 - my_logger - INFO - evaluating......
2023-06-07 15:46:58,161 - my_logger - INFO - epoch 134, valid loss: 0.2324, valid auc: 97.02%
2023-06-07 15:46:58,169 - my_logger - INFO - epoch 135, train loss: 0.1197
2023-06-07 15:46:58,175 - my_logger - INFO - epoch 136, train loss: 0.1179
2023-06-07 15:46:58,179 - my_logger - INFO - evaluating......
2023-06-07 15:46:58,179 - my_logger - INFO - epoch 136, valid loss: 0.2295, valid auc: 97.08%
2023-06-07 15:46:58,187 - my_logger - INFO - epoch 137, train loss: 0.1162
2023-06-07 15:46:58,193 - my_logger - INFO - epoch 138, train loss: 0.1145
2023-06-07 15:46:58,197 - my_logger - INFO - evaluating......
2023-06-07 15:46:58,197 - my_logger - INFO - epoch 138, valid loss: 0.2269, valid auc: 97.13%
2023-06-07 15:46:58,205 - my_logger - INFO - epoch 139, train loss: 0.1128
2023-06-07 15:46:58,211 - my_logger - INFO - epoch 140, train loss: 0.1113
2023-06-07 15:46:58,215 - my_logger - INFO - evaluating......
2023-06-07 15:46:58,216 - my_logger - INFO - epoch 140, valid loss: 0.2262, valid auc: 97.19%
2023-06-07 15:46:58,223 - my_logger - INFO - epoch 141, train loss: 0.1097
2023-06-07 15:46:58,229 - my_logger - INFO - epoch 142, train loss: 0.1081
2023-06-07 15:46:58,233 - my_logger - INFO - evaluating......
2023-06-07 15:46:58,233 - my_logger - INFO - epoch 142, valid loss: 0.2236, valid auc: 97.25%
2023-06-07 15:46:58,240 - my_logger - INFO - epoch 143, train loss: 0.1066
2023-06-07 15:46:58,248 - my_logger - INFO - epoch 144, train loss: 0.1051
2023-06-07 15:46:58,252 - my_logger - INFO - evaluating......
2023-06-07 15:46:58,252 - my_logger - INFO - epoch 144, valid loss: 0.2215, valid auc: 97.29%
2023-06-07 15:46:58,259 - my_logger - INFO - epoch 145, train loss: 0.1036
2023-06-07 15:46:58,266 - my_logger - INFO - epoch 146, train loss: 0.1022
2023-06-07 15:46:58,270 - my_logger - INFO - evaluating......
2023-06-07 15:46:58,270 - my_logger - INFO - epoch 146, valid loss: 0.2208, valid auc: 97.34%
2023-06-07 15:46:58,277 - my_logger - INFO - epoch 147, train loss: 0.1008
2023-06-07 15:46:58,284 - my_logger - INFO - epoch 148, train loss: 0.0994
2023-06-07 15:46:58,287 - my_logger - INFO - evaluating......
2023-06-07 15:46:58,287 - my_logger - INFO - epoch 148, valid loss: 0.2188, valid auc: 97.39%
2023-06-07 15:46:58,295 - my_logger - INFO - epoch 149, train loss: 0.0980
2023-06-07 15:46:58,302 - my_logger - INFO - epoch 150, train loss: 0.0967
2023-06-07 15:46:58,305 - my_logger - INFO - evaluating......
2023-06-07 15:46:58,305 - my_logger - INFO - epoch 150, valid loss: 0.2170, valid auc: 97.43%
2023-06-07 15:46:58,313 - my_logger - INFO - epoch 151, train loss: 0.0953
2023-06-07 15:46:58,319 - my_logger - INFO - epoch 152, train loss: 0.0940
2023-06-07 15:46:58,323 - my_logger - INFO - evaluating......
2023-06-07 15:46:58,323 - my_logger - INFO - epoch 152, valid loss: 0.2163, valid auc: 97.47%
2023-06-07 15:46:58,330 - my_logger - INFO - epoch 153, train loss: 0.0928
2023-06-07 15:46:58,336 - my_logger - INFO - epoch 154, train loss: 0.0915
2023-06-07 15:46:58,340 - my_logger - INFO - evaluating......
2023-06-07 15:46:58,340 - my_logger - INFO - epoch 154, valid loss: 0.2149, valid auc: 97.51%
2023-06-07 15:46:58,349 - my_logger - INFO - epoch 155, train loss: 0.0903
2023-06-07 15:46:58,361 - my_logger - INFO - epoch 156, train loss: 0.0891
2023-06-07 15:46:58,366 - my_logger - INFO - evaluating......
2023-06-07 15:46:58,366 - my_logger - INFO - epoch 156, valid loss: 0.2133, valid auc: 97.54%
2023-06-07 15:46:58,374 - my_logger - INFO - epoch 157, train loss: 0.0879
2023-06-07 15:46:58,382 - my_logger - INFO - epoch 158, train loss: 0.0867
2023-06-07 15:46:58,385 - my_logger - INFO - evaluating......
2023-06-07 15:46:58,386 - my_logger - INFO - epoch 158, valid loss: 0.2127, valid auc: 97.58%
2023-06-07 15:46:58,393 - my_logger - INFO - epoch 159, train loss: 0.0856
2023-06-07 15:46:58,400 - my_logger - INFO - epoch 160, train loss: 0.0844
2023-06-07 15:46:58,403 - my_logger - INFO - evaluating......
2023-06-07 15:46:58,403 - my_logger - INFO - epoch 160, valid loss: 0.2119, valid auc: 97.61%
2023-06-07 15:46:58,410 - my_logger - INFO - epoch 161, train loss: 0.0833
2023-06-07 15:46:58,416 - my_logger - INFO - epoch 162, train loss: 0.0822
2023-06-07 15:46:58,419 - my_logger - INFO - evaluating......
2023-06-07 15:46:58,419 - my_logger - INFO - epoch 162, valid loss: 0.2106, valid auc: 97.64%
2023-06-07 15:46:58,426 - my_logger - INFO - epoch 163, train loss: 0.0811
2023-06-07 15:46:58,431 - my_logger - INFO - epoch 164, train loss: 0.0801
2023-06-07 15:46:58,435 - my_logger - INFO - evaluating......
2023-06-07 15:46:58,435 - my_logger - INFO - epoch 164, valid loss: 0.2098, valid auc: 97.66%
2023-06-07 15:46:58,441 - my_logger - INFO - epoch 165, train loss: 0.0790
2023-06-07 15:46:58,447 - my_logger - INFO - epoch 166, train loss: 0.0780
2023-06-07 15:46:58,450 - my_logger - INFO - evaluating......
2023-06-07 15:46:58,450 - my_logger - INFO - epoch 166, valid loss: 0.2094, valid auc: 97.69%
2023-06-07 15:46:58,456 - my_logger - INFO - epoch 167, train loss: 0.0770
2023-06-07 15:46:58,462 - my_logger - INFO - epoch 168, train loss: 0.0760
2023-06-07 15:46:58,465 - my_logger - INFO - evaluating......
2023-06-07 15:46:58,466 - my_logger - INFO - epoch 168, valid loss: 0.2086, valid auc: 97.71%
2023-06-07 15:46:58,472 - my_logger - INFO - epoch 169, train loss: 0.0750
2023-06-07 15:46:58,478 - my_logger - INFO - epoch 170, train loss: 0.0740
2023-06-07 15:46:58,481 - my_logger - INFO - evaluating......
2023-06-07 15:46:58,481 - my_logger - INFO - epoch 170, valid loss: 0.2078, valid auc: 97.73%
2023-06-07 15:46:58,488 - my_logger - INFO - epoch 171, train loss: 0.0731
2023-06-07 15:46:58,493 - my_logger - INFO - epoch 172, train loss: 0.0721
2023-06-07 15:46:58,497 - my_logger - INFO - evaluating......
2023-06-07 15:46:58,497 - my_logger - INFO - epoch 172, valid loss: 0.2073, valid auc: 97.75%
2023-06-07 15:46:58,504 - my_logger - INFO - epoch 173, train loss: 0.0712
2023-06-07 15:46:58,510 - my_logger - INFO - epoch 174, train loss: 0.0703
2023-06-07 15:46:58,514 - my_logger - INFO - evaluating......
2023-06-07 15:46:58,514 - my_logger - INFO - epoch 174, valid loss: 0.2071, valid auc: 97.78%
2023-06-07 15:46:58,521 - my_logger - INFO - epoch 175, train loss: 0.0694
2023-06-07 15:46:58,527 - my_logger - INFO - epoch 176, train loss: 0.0685
2023-06-07 15:46:58,531 - my_logger - INFO - evaluating......
2023-06-07 15:46:58,531 - my_logger - INFO - epoch 176, valid loss: 0.2066, valid auc: 97.79%
2023-06-07 15:46:58,537 - my_logger - INFO - epoch 177, train loss: 0.0677
2023-06-07 15:46:58,543 - my_logger - INFO - epoch 178, train loss: 0.0668
2023-06-07 15:46:58,546 - my_logger - INFO - evaluating......
2023-06-07 15:46:58,546 - my_logger - INFO - epoch 178, valid loss: 0.2061, valid auc: 97.81%
2023-06-07 15:46:58,552 - my_logger - INFO - epoch 179, train loss: 0.0660
2023-06-07 15:46:58,558 - my_logger - INFO - epoch 180, train loss: 0.0652
2023-06-07 15:46:58,561 - my_logger - INFO - evaluating......
2023-06-07 15:46:58,562 - my_logger - INFO - epoch 180, valid loss: 0.2059, valid auc: 97.83%
2023-06-07 15:46:58,568 - my_logger - INFO - epoch 181, train loss: 0.0643
2023-06-07 15:46:58,575 - my_logger - INFO - epoch 182, train loss: 0.0635
2023-06-07 15:46:58,579 - my_logger - INFO - evaluating......
2023-06-07 15:46:58,579 - my_logger - INFO - epoch 182, valid loss: 0.2058, valid auc: 97.84%
2023-06-07 15:46:58,585 - my_logger - INFO - epoch 183, train loss: 0.0628
2023-06-07 15:46:58,592 - my_logger - INFO - epoch 184, train loss: 0.0620
2023-06-07 15:46:58,596 - my_logger - INFO - evaluating......
2023-06-07 15:46:58,596 - my_logger - INFO - epoch 184, valid loss: 0.2056, valid auc: 97.86%
2023-06-07 15:46:58,603 - my_logger - INFO - epoch 185, train loss: 0.0612
2023-06-07 15:46:58,609 - my_logger - INFO - epoch 186, train loss: 0.0604
2023-06-07 15:46:58,613 - my_logger - INFO - evaluating......
2023-06-07 15:46:58,613 - my_logger - INFO - epoch 186, valid loss: 0.2053, valid auc: 97.87%
2023-06-07 15:46:58,619 - my_logger - INFO - epoch 187, train loss: 0.0597
2023-06-07 15:46:58,626 - my_logger - INFO - epoch 188, train loss: 0.0590
2023-06-07 15:46:58,629 - my_logger - INFO - evaluating......
2023-06-07 15:46:58,629 - my_logger - INFO - epoch 188, valid loss: 0.2052, valid auc: 97.88%
2023-06-07 15:46:58,636 - my_logger - INFO - epoch 189, train loss: 0.0582
2023-06-07 15:46:58,642 - my_logger - INFO - epoch 190, train loss: 0.0575
2023-06-07 15:46:58,645 - my_logger - INFO - evaluating......
2023-06-07 15:46:58,645 - my_logger - INFO - epoch 190, valid loss: 0.2052, valid auc: 97.89%
2023-06-07 15:46:58,651 - my_logger - INFO - epoch 191, train loss: 0.0568
2023-06-07 15:46:58,657 - my_logger - INFO - epoch 192, train loss: 0.0561
2023-06-07 15:46:58,660 - my_logger - INFO - evaluating......
2023-06-07 15:46:58,660 - my_logger - INFO - epoch 192, valid loss: 0.2053, valid auc: 97.90%
2023-06-07 15:46:58,667 - my_logger - INFO - epoch 193, train loss: 0.0554
2023-06-07 15:46:58,672 - my_logger - INFO - epoch 194, train loss: 0.0547
2023-06-07 15:46:58,675 - my_logger - INFO - evaluating......
2023-06-07 15:46:58,675 - my_logger - INFO - epoch 194, valid loss: 0.2052, valid auc: 97.91%
2023-06-07 15:46:58,681 - my_logger - INFO - epoch 195, train loss: 0.0541
2023-06-07 15:46:58,688 - my_logger - INFO - epoch 196, train loss: 0.0534
2023-06-07 15:46:58,691 - my_logger - INFO - evaluating......
2023-06-07 15:46:58,691 - my_logger - INFO - epoch 196, valid loss: 0.2052, valid auc: 97.92%
2023-06-07 15:46:58,698 - my_logger - INFO - epoch 197, train loss: 0.0528
2023-06-07 15:46:58,705 - my_logger - INFO - epoch 198, train loss: 0.0521
2023-06-07 15:46:58,709 - my_logger - INFO - evaluating......
2023-06-07 15:46:58,709 - my_logger - INFO - epoch 198, valid loss: 0.2053, valid auc: 97.93%
2023-06-07 15:46:58,717 - my_logger - INFO - epoch 199, train loss: 0.0515
2023-06-07 15:46:58,718 - my_logger - INFO - total train time used: 2.3923s
2023-06-07 15:46:58,718 - my_logger - INFO - testing......
2023-06-07 15:46:58,726 - my_logger - INFO - test auc: 97.23%
