2023-06-07 15:44:30,607 - my_logger - INFO - training......
2023-06-07 15:44:31,399 - my_logger - INFO - epoch 0, train loss: 0.6931
2023-06-07 15:44:31,408 - my_logger - INFO - evaluating......
2023-06-07 15:44:31,408 - my_logger - INFO - epoch 0, valid loss: 0.6931, valid auc: 88.85%
2023-06-07 15:44:31,416 - my_logger - INFO - epoch 1, train loss: 0.6927
2023-06-07 15:44:31,425 - my_logger - INFO - epoch 2, train loss: 0.6919
2023-06-07 15:44:31,428 - my_logger - INFO - evaluating......
2023-06-07 15:44:31,429 - my_logger - INFO - epoch 2, valid loss: 0.6921, valid auc: 74.48%
2023-06-07 15:44:31,435 - my_logger - INFO - epoch 3, train loss: 0.6907
2023-06-07 15:44:31,444 - my_logger - INFO - epoch 4, train loss: 0.6891
2023-06-07 15:44:31,448 - my_logger - INFO - evaluating......
2023-06-07 15:44:31,448 - my_logger - INFO - epoch 4, valid loss: 0.6899, valid auc: 72.66%
2023-06-07 15:44:31,455 - my_logger - INFO - epoch 5, train loss: 0.6875
2023-06-07 15:44:31,464 - my_logger - INFO - epoch 6, train loss: 0.6862
2023-06-07 15:44:31,468 - my_logger - INFO - evaluating......
2023-06-07 15:44:31,468 - my_logger - INFO - epoch 6, valid loss: 0.6880, valid auc: 72.21%
2023-06-07 15:44:31,475 - my_logger - INFO - epoch 7, train loss: 0.6850
2023-06-07 15:44:31,484 - my_logger - INFO - epoch 8, train loss: 0.6836
2023-06-07 15:44:31,489 - my_logger - INFO - evaluating......
2023-06-07 15:44:31,489 - my_logger - INFO - epoch 8, valid loss: 0.6862, valid auc: 72.00%
2023-06-07 15:44:31,497 - my_logger - INFO - epoch 9, train loss: 0.6819
2023-06-07 15:44:31,506 - my_logger - INFO - epoch 10, train loss: 0.6801
2023-06-07 15:44:31,511 - my_logger - INFO - evaluating......
2023-06-07 15:44:31,511 - my_logger - INFO - epoch 10, valid loss: 0.6836, valid auc: 71.75%
2023-06-07 15:44:31,519 - my_logger - INFO - epoch 11, train loss: 0.6782
2023-06-07 15:44:31,528 - my_logger - INFO - epoch 12, train loss: 0.6763
2023-06-07 15:44:31,532 - my_logger - INFO - evaluating......
2023-06-07 15:44:31,532 - my_logger - INFO - epoch 12, valid loss: 0.6806, valid auc: 71.52%
2023-06-07 15:44:31,539 - my_logger - INFO - epoch 13, train loss: 0.6744
2023-06-07 15:44:31,548 - my_logger - INFO - epoch 14, train loss: 0.6725
2023-06-07 15:44:31,552 - my_logger - INFO - evaluating......
2023-06-07 15:44:31,552 - my_logger - INFO - epoch 14, valid loss: 0.6775, valid auc: 71.36%
2023-06-07 15:44:31,559 - my_logger - INFO - epoch 15, train loss: 0.6707
2023-06-07 15:44:31,568 - my_logger - INFO - epoch 16, train loss: 0.6689
2023-06-07 15:44:31,572 - my_logger - INFO - evaluating......
2023-06-07 15:44:31,572 - my_logger - INFO - epoch 16, valid loss: 0.6746, valid auc: 71.34%
2023-06-07 15:44:31,579 - my_logger - INFO - epoch 17, train loss: 0.6670
2023-06-07 15:44:31,587 - my_logger - INFO - epoch 18, train loss: 0.6652
2023-06-07 15:44:31,591 - my_logger - INFO - evaluating......
2023-06-07 15:44:31,592 - my_logger - INFO - epoch 18, valid loss: 0.6717, valid auc: 71.47%
2023-06-07 15:44:31,598 - my_logger - INFO - epoch 19, train loss: 0.6633
2023-06-07 15:44:31,606 - my_logger - INFO - epoch 20, train loss: 0.6615
2023-06-07 15:44:31,610 - my_logger - INFO - evaluating......
2023-06-07 15:44:31,611 - my_logger - INFO - epoch 20, valid loss: 0.6690, valid auc: 71.62%
2023-06-07 15:44:31,617 - my_logger - INFO - epoch 21, train loss: 0.6597
2023-06-07 15:44:31,626 - my_logger - INFO - epoch 22, train loss: 0.6580
2023-06-07 15:44:31,630 - my_logger - INFO - evaluating......
2023-06-07 15:44:31,630 - my_logger - INFO - epoch 22, valid loss: 0.6663, valid auc: 71.80%
2023-06-07 15:44:31,636 - my_logger - INFO - epoch 23, train loss: 0.6562
2023-06-07 15:44:31,645 - my_logger - INFO - epoch 24, train loss: 0.6545
2023-06-07 15:44:31,649 - my_logger - INFO - evaluating......
2023-06-07 15:44:31,649 - my_logger - INFO - epoch 24, valid loss: 0.6636, valid auc: 72.07%
2023-06-07 15:44:31,656 - my_logger - INFO - epoch 25, train loss: 0.6527
2023-06-07 15:44:31,664 - my_logger - INFO - epoch 26, train loss: 0.6510
2023-06-07 15:44:31,668 - my_logger - INFO - evaluating......
2023-06-07 15:44:31,668 - my_logger - INFO - epoch 26, valid loss: 0.6607, valid auc: 72.42%
2023-06-07 15:44:31,675 - my_logger - INFO - epoch 27, train loss: 0.6492
2023-06-07 15:44:31,683 - my_logger - INFO - epoch 28, train loss: 0.6475
2023-06-07 15:44:31,687 - my_logger - INFO - evaluating......
2023-06-07 15:44:31,687 - my_logger - INFO - epoch 28, valid loss: 0.6578, valid auc: 72.88%
2023-06-07 15:44:31,694 - my_logger - INFO - epoch 29, train loss: 0.6457
2023-06-07 15:44:31,703 - my_logger - INFO - epoch 30, train loss: 0.6440
2023-06-07 15:44:31,707 - my_logger - INFO - evaluating......
2023-06-07 15:44:31,707 - my_logger - INFO - epoch 30, valid loss: 0.6548, valid auc: 73.44%
2023-06-07 15:44:31,714 - my_logger - INFO - epoch 31, train loss: 0.6422
2023-06-07 15:44:31,722 - my_logger - INFO - epoch 32, train loss: 0.6405
2023-06-07 15:44:31,726 - my_logger - INFO - evaluating......
2023-06-07 15:44:31,726 - my_logger - INFO - epoch 32, valid loss: 0.6519, valid auc: 74.00%
2023-06-07 15:44:31,733 - my_logger - INFO - epoch 33, train loss: 0.6387
2023-06-07 15:44:31,741 - my_logger - INFO - epoch 34, train loss: 0.6369
2023-06-07 15:44:31,745 - my_logger - INFO - evaluating......
2023-06-07 15:44:31,745 - my_logger - INFO - epoch 34, valid loss: 0.6489, valid auc: 74.57%
2023-06-07 15:44:31,752 - my_logger - INFO - epoch 35, train loss: 0.6351
2023-06-07 15:44:31,761 - my_logger - INFO - epoch 36, train loss: 0.6333
2023-06-07 15:44:31,766 - my_logger - INFO - evaluating......
2023-06-07 15:44:31,766 - my_logger - INFO - epoch 36, valid loss: 0.6458, valid auc: 75.20%
2023-06-07 15:44:31,773 - my_logger - INFO - epoch 37, train loss: 0.6315
2023-06-07 15:44:31,783 - my_logger - INFO - epoch 38, train loss: 0.6296
2023-06-07 15:44:31,787 - my_logger - INFO - evaluating......
2023-06-07 15:44:31,788 - my_logger - INFO - epoch 38, valid loss: 0.6425, valid auc: 75.95%
2023-06-07 15:44:31,794 - my_logger - INFO - epoch 39, train loss: 0.6277
2023-06-07 15:44:31,803 - my_logger - INFO - epoch 40, train loss: 0.6258
2023-06-07 15:44:31,807 - my_logger - INFO - evaluating......
2023-06-07 15:44:31,807 - my_logger - INFO - epoch 40, valid loss: 0.6390, valid auc: 76.82%
2023-06-07 15:44:31,814 - my_logger - INFO - epoch 41, train loss: 0.6239
2023-06-07 15:44:31,822 - my_logger - INFO - epoch 42, train loss: 0.6220
2023-06-07 15:44:31,826 - my_logger - INFO - evaluating......
2023-06-07 15:44:31,826 - my_logger - INFO - epoch 42, valid loss: 0.6354, valid auc: 77.71%
2023-06-07 15:44:31,833 - my_logger - INFO - epoch 43, train loss: 0.6200
2023-06-07 15:44:31,841 - my_logger - INFO - epoch 44, train loss: 0.6180
2023-06-07 15:44:31,846 - my_logger - INFO - evaluating......
2023-06-07 15:44:31,846 - my_logger - INFO - epoch 44, valid loss: 0.6317, valid auc: 78.57%
2023-06-07 15:44:31,853 - my_logger - INFO - epoch 45, train loss: 0.6159
2023-06-07 15:44:31,861 - my_logger - INFO - epoch 46, train loss: 0.6138
2023-06-07 15:44:31,866 - my_logger - INFO - evaluating......
2023-06-07 15:44:31,866 - my_logger - INFO - epoch 46, valid loss: 0.6278, valid auc: 79.41%
2023-06-07 15:44:31,872 - my_logger - INFO - epoch 47, train loss: 0.6117
2023-06-07 15:44:31,881 - my_logger - INFO - epoch 48, train loss: 0.6096
2023-06-07 15:44:31,885 - my_logger - INFO - evaluating......
2023-06-07 15:44:31,885 - my_logger - INFO - epoch 48, valid loss: 0.6238, valid auc: 80.26%
2023-06-07 15:44:31,892 - my_logger - INFO - epoch 49, train loss: 0.6074
2023-06-07 15:44:31,901 - my_logger - INFO - epoch 50, train loss: 0.6052
2023-06-07 15:44:31,905 - my_logger - INFO - evaluating......
2023-06-07 15:44:31,905 - my_logger - INFO - epoch 50, valid loss: 0.6196, valid auc: 81.13%
2023-06-07 15:44:31,912 - my_logger - INFO - epoch 51, train loss: 0.6029
2023-06-07 15:44:31,921 - my_logger - INFO - epoch 52, train loss: 0.6006
2023-06-07 15:44:31,925 - my_logger - INFO - evaluating......
2023-06-07 15:44:31,925 - my_logger - INFO - epoch 52, valid loss: 0.6152, valid auc: 81.98%
2023-06-07 15:44:31,932 - my_logger - INFO - epoch 53, train loss: 0.5983
2023-06-07 15:44:31,940 - my_logger - INFO - epoch 54, train loss: 0.5960
2023-06-07 15:44:31,944 - my_logger - INFO - evaluating......
2023-06-07 15:44:31,945 - my_logger - INFO - epoch 54, valid loss: 0.6106, valid auc: 82.79%
2023-06-07 15:44:31,952 - my_logger - INFO - epoch 55, train loss: 0.5936
2023-06-07 15:44:31,961 - my_logger - INFO - epoch 56, train loss: 0.5912
2023-06-07 15:44:31,965 - my_logger - INFO - evaluating......
2023-06-07 15:44:31,966 - my_logger - INFO - epoch 56, valid loss: 0.6060, valid auc: 83.47%
2023-06-07 15:44:31,972 - my_logger - INFO - epoch 57, train loss: 0.5888
2023-06-07 15:44:31,981 - my_logger - INFO - epoch 58, train loss: 0.5863
2023-06-07 15:44:31,986 - my_logger - INFO - evaluating......
2023-06-07 15:44:31,986 - my_logger - INFO - epoch 58, valid loss: 0.6013, valid auc: 84.07%
2023-06-07 15:44:31,993 - my_logger - INFO - epoch 59, train loss: 0.5839
2023-06-07 15:44:32,004 - my_logger - INFO - epoch 60, train loss: 0.5814
2023-06-07 15:44:32,009 - my_logger - INFO - evaluating......
2023-06-07 15:44:32,009 - my_logger - INFO - epoch 60, valid loss: 0.5965, valid auc: 84.63%
2023-06-07 15:44:32,017 - my_logger - INFO - epoch 61, train loss: 0.5789
2023-06-07 15:44:32,026 - my_logger - INFO - epoch 62, train loss: 0.5764
2023-06-07 15:44:32,031 - my_logger - INFO - evaluating......
2023-06-07 15:44:32,032 - my_logger - INFO - epoch 62, valid loss: 0.5917, valid auc: 85.12%
2023-06-07 15:44:32,040 - my_logger - INFO - epoch 63, train loss: 0.5739
2023-06-07 15:44:32,049 - my_logger - INFO - epoch 64, train loss: 0.5714
2023-06-07 15:44:32,054 - my_logger - INFO - evaluating......
2023-06-07 15:44:32,055 - my_logger - INFO - epoch 64, valid loss: 0.5869, valid auc: 85.54%
2023-06-07 15:44:32,062 - my_logger - INFO - epoch 65, train loss: 0.5690
2023-06-07 15:44:32,071 - my_logger - INFO - epoch 66, train loss: 0.5665
2023-06-07 15:44:32,076 - my_logger - INFO - evaluating......
2023-06-07 15:44:32,076 - my_logger - INFO - epoch 66, valid loss: 0.5821, valid auc: 85.89%
2023-06-07 15:44:32,084 - my_logger - INFO - epoch 67, train loss: 0.5640
2023-06-07 15:44:32,093 - my_logger - INFO - epoch 68, train loss: 0.5616
2023-06-07 15:44:32,098 - my_logger - INFO - evaluating......
2023-06-07 15:44:32,099 - my_logger - INFO - epoch 68, valid loss: 0.5774, valid auc: 86.22%
2023-06-07 15:44:32,106 - my_logger - INFO - epoch 69, train loss: 0.5592
2023-06-07 15:44:32,115 - my_logger - INFO - epoch 70, train loss: 0.5568
2023-06-07 15:44:32,120 - my_logger - INFO - evaluating......
2023-06-07 15:44:32,120 - my_logger - INFO - epoch 70, valid loss: 0.5728, valid auc: 86.51%
2023-06-07 15:44:32,127 - my_logger - INFO - epoch 71, train loss: 0.5544
2023-06-07 15:44:32,136 - my_logger - INFO - epoch 72, train loss: 0.5520
2023-06-07 15:44:32,140 - my_logger - INFO - evaluating......
2023-06-07 15:44:32,141 - my_logger - INFO - epoch 72, valid loss: 0.5683, valid auc: 86.80%
2023-06-07 15:44:32,148 - my_logger - INFO - epoch 73, train loss: 0.5497
2023-06-07 15:44:32,157 - my_logger - INFO - epoch 74, train loss: 0.5475
2023-06-07 15:44:32,162 - my_logger - INFO - evaluating......
2023-06-07 15:44:32,162 - my_logger - INFO - epoch 74, valid loss: 0.5640, valid auc: 87.06%
2023-06-07 15:44:32,169 - my_logger - INFO - epoch 75, train loss: 0.5452
2023-06-07 15:44:32,178 - my_logger - INFO - epoch 76, train loss: 0.5430
2023-06-07 15:44:32,183 - my_logger - INFO - evaluating......
2023-06-07 15:44:32,183 - my_logger - INFO - epoch 76, valid loss: 0.5598, valid auc: 87.29%
2023-06-07 15:44:32,190 - my_logger - INFO - epoch 77, train loss: 0.5409
2023-06-07 15:44:32,200 - my_logger - INFO - epoch 78, train loss: 0.5388
2023-06-07 15:44:32,204 - my_logger - INFO - evaluating......
2023-06-07 15:44:32,204 - my_logger - INFO - epoch 78, valid loss: 0.5559, valid auc: 87.50%
2023-06-07 15:44:32,211 - my_logger - INFO - epoch 79, train loss: 0.5367
2023-06-07 15:44:32,220 - my_logger - INFO - epoch 80, train loss: 0.5347
2023-06-07 15:44:32,225 - my_logger - INFO - evaluating......
2023-06-07 15:44:32,225 - my_logger - INFO - epoch 80, valid loss: 0.5521, valid auc: 87.71%
2023-06-07 15:44:32,234 - my_logger - INFO - epoch 81, train loss: 0.5327
2023-06-07 15:44:32,243 - my_logger - INFO - epoch 82, train loss: 0.5307
2023-06-07 15:44:32,247 - my_logger - INFO - evaluating......
2023-06-07 15:44:32,247 - my_logger - INFO - epoch 82, valid loss: 0.5485, valid auc: 87.90%
2023-06-07 15:44:32,254 - my_logger - INFO - epoch 83, train loss: 0.5288
2023-06-07 15:44:32,263 - my_logger - INFO - epoch 84, train loss: 0.5270
2023-06-07 15:44:32,267 - my_logger - INFO - evaluating......
2023-06-07 15:44:32,267 - my_logger - INFO - epoch 84, valid loss: 0.5451, valid auc: 88.10%
2023-06-07 15:44:32,274 - my_logger - INFO - epoch 85, train loss: 0.5252
2023-06-07 15:44:32,283 - my_logger - INFO - epoch 86, train loss: 0.5234
2023-06-07 15:44:32,287 - my_logger - INFO - evaluating......
2023-06-07 15:44:32,287 - my_logger - INFO - epoch 86, valid loss: 0.5419, valid auc: 88.29%
2023-06-07 15:44:32,294 - my_logger - INFO - epoch 87, train loss: 0.5217
2023-06-07 15:44:32,303 - my_logger - INFO - epoch 88, train loss: 0.5200
2023-06-07 15:44:32,307 - my_logger - INFO - evaluating......
2023-06-07 15:44:32,307 - my_logger - INFO - epoch 88, valid loss: 0.5389, valid auc: 88.46%
2023-06-07 15:44:32,314 - my_logger - INFO - epoch 89, train loss: 0.5183
2023-06-07 15:44:32,323 - my_logger - INFO - epoch 90, train loss: 0.5167
2023-06-07 15:44:32,328 - my_logger - INFO - evaluating......
2023-06-07 15:44:32,328 - my_logger - INFO - epoch 90, valid loss: 0.5361, valid auc: 88.62%
2023-06-07 15:44:32,335 - my_logger - INFO - epoch 91, train loss: 0.5151
2023-06-07 15:44:32,343 - my_logger - INFO - epoch 92, train loss: 0.5135
2023-06-07 15:44:32,347 - my_logger - INFO - evaluating......
2023-06-07 15:44:32,348 - my_logger - INFO - epoch 92, valid loss: 0.5334, valid auc: 88.79%
2023-06-07 15:44:32,354 - my_logger - INFO - epoch 93, train loss: 0.5120
2023-06-07 15:44:32,363 - my_logger - INFO - epoch 94, train loss: 0.5105
2023-06-07 15:44:32,367 - my_logger - INFO - evaluating......
2023-06-07 15:44:32,367 - my_logger - INFO - epoch 94, valid loss: 0.5309, valid auc: 88.95%
2023-06-07 15:44:32,375 - my_logger - INFO - epoch 95, train loss: 0.5090
2023-06-07 15:44:32,383 - my_logger - INFO - epoch 96, train loss: 0.5075
2023-06-07 15:44:32,388 - my_logger - INFO - evaluating......
2023-06-07 15:44:32,388 - my_logger - INFO - epoch 96, valid loss: 0.5285, valid auc: 89.09%
2023-06-07 15:44:32,396 - my_logger - INFO - epoch 97, train loss: 0.5061
2023-06-07 15:44:32,405 - my_logger - INFO - epoch 98, train loss: 0.5047
2023-06-07 15:44:32,410 - my_logger - INFO - evaluating......
2023-06-07 15:44:32,410 - my_logger - INFO - epoch 98, valid loss: 0.5262, valid auc: 89.24%
2023-06-07 15:44:32,418 - my_logger - INFO - epoch 99, train loss: 0.5033
2023-06-07 15:44:32,426 - my_logger - INFO - epoch 100, train loss: 0.5019
2023-06-07 15:44:32,431 - my_logger - INFO - evaluating......
2023-06-07 15:44:32,432 - my_logger - INFO - epoch 100, valid loss: 0.5240, valid auc: 89.39%
2023-06-07 15:44:32,439 - my_logger - INFO - epoch 101, train loss: 0.5006
2023-06-07 15:44:32,449 - my_logger - INFO - epoch 102, train loss: 0.4993
2023-06-07 15:44:32,453 - my_logger - INFO - evaluating......
2023-06-07 15:44:32,454 - my_logger - INFO - epoch 102, valid loss: 0.5219, valid auc: 89.53%
2023-06-07 15:44:32,461 - my_logger - INFO - epoch 103, train loss: 0.4979
2023-06-07 15:44:32,471 - my_logger - INFO - epoch 104, train loss: 0.4966
2023-06-07 15:44:32,475 - my_logger - INFO - evaluating......
2023-06-07 15:44:32,475 - my_logger - INFO - epoch 104, valid loss: 0.5199, valid auc: 89.68%
2023-06-07 15:44:32,483 - my_logger - INFO - epoch 105, train loss: 0.4954
2023-06-07 15:44:32,492 - my_logger - INFO - epoch 106, train loss: 0.4941
2023-06-07 15:44:32,497 - my_logger - INFO - evaluating......
2023-06-07 15:44:32,497 - my_logger - INFO - epoch 106, valid loss: 0.5180, valid auc: 89.83%
2023-06-07 15:44:32,505 - my_logger - INFO - epoch 107, train loss: 0.4928
2023-06-07 15:44:32,514 - my_logger - INFO - epoch 108, train loss: 0.4916
2023-06-07 15:44:32,519 - my_logger - INFO - evaluating......
2023-06-07 15:44:32,519 - my_logger - INFO - epoch 108, valid loss: 0.5161, valid auc: 89.98%
2023-06-07 15:44:32,527 - my_logger - INFO - epoch 109, train loss: 0.4903
2023-06-07 15:44:32,537 - my_logger - INFO - epoch 110, train loss: 0.4891
2023-06-07 15:44:32,541 - my_logger - INFO - evaluating......
2023-06-07 15:44:32,541 - my_logger - INFO - epoch 110, valid loss: 0.5143, valid auc: 90.13%
2023-06-07 15:44:32,550 - my_logger - INFO - epoch 111, train loss: 0.4879
2023-06-07 15:44:32,559 - my_logger - INFO - epoch 112, train loss: 0.4867
2023-06-07 15:44:32,563 - my_logger - INFO - evaluating......
2023-06-07 15:44:32,563 - my_logger - INFO - epoch 112, valid loss: 0.5125, valid auc: 90.28%
2023-06-07 15:44:32,571 - my_logger - INFO - epoch 113, train loss: 0.4855
2023-06-07 15:44:32,580 - my_logger - INFO - epoch 114, train loss: 0.4843
2023-06-07 15:44:32,585 - my_logger - INFO - evaluating......
2023-06-07 15:44:32,585 - my_logger - INFO - epoch 114, valid loss: 0.5108, valid auc: 90.42%
2023-06-07 15:44:32,592 - my_logger - INFO - epoch 115, train loss: 0.4831
2023-06-07 15:44:32,600 - my_logger - INFO - epoch 116, train loss: 0.4820
2023-06-07 15:44:32,604 - my_logger - INFO - evaluating......
2023-06-07 15:44:32,605 - my_logger - INFO - epoch 116, valid loss: 0.5092, valid auc: 90.55%
2023-06-07 15:44:32,612 - my_logger - INFO - epoch 117, train loss: 0.4808
2023-06-07 15:44:32,620 - my_logger - INFO - epoch 118, train loss: 0.4797
2023-06-07 15:44:32,624 - my_logger - INFO - evaluating......
2023-06-07 15:44:32,625 - my_logger - INFO - epoch 118, valid loss: 0.5076, valid auc: 90.68%
2023-06-07 15:44:32,632 - my_logger - INFO - epoch 119, train loss: 0.4785
2023-06-07 15:44:32,641 - my_logger - INFO - epoch 120, train loss: 0.4774
2023-06-07 15:44:32,645 - my_logger - INFO - evaluating......
2023-06-07 15:44:32,645 - my_logger - INFO - epoch 120, valid loss: 0.5060, valid auc: 90.82%
2023-06-07 15:44:32,652 - my_logger - INFO - epoch 121, train loss: 0.4763
2023-06-07 15:44:32,661 - my_logger - INFO - epoch 122, train loss: 0.4752
2023-06-07 15:44:32,665 - my_logger - INFO - evaluating......
2023-06-07 15:44:32,665 - my_logger - INFO - epoch 122, valid loss: 0.5045, valid auc: 90.96%
2023-06-07 15:44:32,672 - my_logger - INFO - epoch 123, train loss: 0.4741
2023-06-07 15:44:32,681 - my_logger - INFO - epoch 124, train loss: 0.4730
2023-06-07 15:44:32,685 - my_logger - INFO - evaluating......
2023-06-07 15:44:32,685 - my_logger - INFO - epoch 124, valid loss: 0.5030, valid auc: 91.08%
2023-06-07 15:44:32,692 - my_logger - INFO - epoch 125, train loss: 0.4719
2023-06-07 15:44:32,701 - my_logger - INFO - epoch 126, train loss: 0.4709
2023-06-07 15:44:32,705 - my_logger - INFO - evaluating......
2023-06-07 15:44:32,705 - my_logger - INFO - epoch 126, valid loss: 0.5016, valid auc: 91.21%
2023-06-07 15:44:32,712 - my_logger - INFO - epoch 127, train loss: 0.4698
2023-06-07 15:44:32,721 - my_logger - INFO - epoch 128, train loss: 0.4688
2023-06-07 15:44:32,725 - my_logger - INFO - evaluating......
2023-06-07 15:44:32,726 - my_logger - INFO - epoch 128, valid loss: 0.5002, valid auc: 91.34%
2023-06-07 15:44:32,733 - my_logger - INFO - epoch 129, train loss: 0.4677
2023-06-07 15:44:32,741 - my_logger - INFO - epoch 130, train loss: 0.4667
2023-06-07 15:44:32,745 - my_logger - INFO - evaluating......
2023-06-07 15:44:32,745 - my_logger - INFO - epoch 130, valid loss: 0.4988, valid auc: 91.47%
2023-06-07 15:44:32,752 - my_logger - INFO - epoch 131, train loss: 0.4657
2023-06-07 15:44:32,761 - my_logger - INFO - epoch 132, train loss: 0.4647
2023-06-07 15:44:32,765 - my_logger - INFO - evaluating......
2023-06-07 15:44:32,765 - my_logger - INFO - epoch 132, valid loss: 0.4975, valid auc: 91.59%
2023-06-07 15:44:32,772 - my_logger - INFO - epoch 133, train loss: 0.4637
2023-06-07 15:44:32,781 - my_logger - INFO - epoch 134, train loss: 0.4627
2023-06-07 15:44:32,785 - my_logger - INFO - evaluating......
2023-06-07 15:44:32,785 - my_logger - INFO - epoch 134, valid loss: 0.4963, valid auc: 91.71%
2023-06-07 15:44:32,793 - my_logger - INFO - epoch 135, train loss: 0.4618
2023-06-07 15:44:32,802 - my_logger - INFO - epoch 136, train loss: 0.4608
2023-06-07 15:44:32,806 - my_logger - INFO - evaluating......
2023-06-07 15:44:32,807 - my_logger - INFO - epoch 136, valid loss: 0.4951, valid auc: 91.82%
2023-06-07 15:44:32,814 - my_logger - INFO - epoch 137, train loss: 0.4598
2023-06-07 15:44:32,823 - my_logger - INFO - epoch 138, train loss: 0.4589
2023-06-07 15:44:32,828 - my_logger - INFO - evaluating......
2023-06-07 15:44:32,828 - my_logger - INFO - epoch 138, valid loss: 0.4939, valid auc: 91.93%
2023-06-07 15:44:32,835 - my_logger - INFO - epoch 139, train loss: 0.4580
2023-06-07 15:44:32,843 - my_logger - INFO - epoch 140, train loss: 0.4571
2023-06-07 15:44:32,847 - my_logger - INFO - evaluating......
2023-06-07 15:44:32,847 - my_logger - INFO - epoch 140, valid loss: 0.4927, valid auc: 92.04%
2023-06-07 15:44:32,855 - my_logger - INFO - epoch 141, train loss: 0.4562
2023-06-07 15:44:32,863 - my_logger - INFO - epoch 142, train loss: 0.4553
2023-06-07 15:44:32,867 - my_logger - INFO - evaluating......
2023-06-07 15:44:32,867 - my_logger - INFO - epoch 142, valid loss: 0.4917, valid auc: 92.13%
2023-06-07 15:44:32,874 - my_logger - INFO - epoch 143, train loss: 0.4544
2023-06-07 15:44:32,883 - my_logger - INFO - epoch 144, train loss: 0.4535
2023-06-07 15:44:32,887 - my_logger - INFO - evaluating......
2023-06-07 15:44:32,887 - my_logger - INFO - epoch 144, valid loss: 0.4906, valid auc: 92.24%
2023-06-07 15:44:32,895 - my_logger - INFO - epoch 145, train loss: 0.4526
2023-06-07 15:44:32,904 - my_logger - INFO - epoch 146, train loss: 0.4518
2023-06-07 15:44:32,908 - my_logger - INFO - evaluating......
2023-06-07 15:44:32,908 - my_logger - INFO - epoch 146, valid loss: 0.4896, valid auc: 92.35%
2023-06-07 15:44:32,916 - my_logger - INFO - epoch 147, train loss: 0.4509
2023-06-07 15:44:32,926 - my_logger - INFO - epoch 148, train loss: 0.4501
2023-06-07 15:44:32,931 - my_logger - INFO - evaluating......
2023-06-07 15:44:32,931 - my_logger - INFO - epoch 148, valid loss: 0.4886, valid auc: 92.44%
2023-06-07 15:44:32,939 - my_logger - INFO - epoch 149, train loss: 0.4493
2023-06-07 15:44:32,948 - my_logger - INFO - epoch 150, train loss: 0.4485
2023-06-07 15:44:32,952 - my_logger - INFO - evaluating......
2023-06-07 15:44:32,952 - my_logger - INFO - epoch 150, valid loss: 0.4877, valid auc: 92.53%
2023-06-07 15:44:32,959 - my_logger - INFO - epoch 151, train loss: 0.4477
2023-06-07 15:44:32,967 - my_logger - INFO - epoch 152, train loss: 0.4469
2023-06-07 15:44:32,972 - my_logger - INFO - evaluating......
2023-06-07 15:44:32,972 - my_logger - INFO - epoch 152, valid loss: 0.4868, valid auc: 92.62%
2023-06-07 15:44:32,979 - my_logger - INFO - epoch 153, train loss: 0.4461
2023-06-07 15:44:32,988 - my_logger - INFO - epoch 154, train loss: 0.4453
2023-06-07 15:44:32,993 - my_logger - INFO - evaluating......
2023-06-07 15:44:32,993 - my_logger - INFO - epoch 154, valid loss: 0.4859, valid auc: 92.70%
2023-06-07 15:44:33,002 - my_logger - INFO - epoch 155, train loss: 0.4445
2023-06-07 15:44:33,013 - my_logger - INFO - epoch 156, train loss: 0.4438
2023-06-07 15:44:33,017 - my_logger - INFO - evaluating......
2023-06-07 15:44:33,018 - my_logger - INFO - epoch 156, valid loss: 0.4851, valid auc: 92.79%
2023-06-07 15:44:33,026 - my_logger - INFO - epoch 157, train loss: 0.4430
2023-06-07 15:44:33,035 - my_logger - INFO - epoch 158, train loss: 0.4423
2023-06-07 15:44:33,040 - my_logger - INFO - evaluating......
2023-06-07 15:44:33,041 - my_logger - INFO - epoch 158, valid loss: 0.4843, valid auc: 92.86%
2023-06-07 15:44:33,049 - my_logger - INFO - epoch 159, train loss: 0.4416
2023-06-07 15:44:33,058 - my_logger - INFO - epoch 160, train loss: 0.4408
2023-06-07 15:44:33,063 - my_logger - INFO - evaluating......
2023-06-07 15:44:33,063 - my_logger - INFO - epoch 160, valid loss: 0.4836, valid auc: 92.94%
2023-06-07 15:44:33,071 - my_logger - INFO - epoch 161, train loss: 0.4401
2023-06-07 15:44:33,080 - my_logger - INFO - epoch 162, train loss: 0.4394
2023-06-07 15:44:33,085 - my_logger - INFO - evaluating......
2023-06-07 15:44:33,085 - my_logger - INFO - epoch 162, valid loss: 0.4829, valid auc: 93.01%
2023-06-07 15:44:33,092 - my_logger - INFO - epoch 163, train loss: 0.4387
2023-06-07 15:44:33,101 - my_logger - INFO - epoch 164, train loss: 0.4380
2023-06-07 15:44:33,106 - my_logger - INFO - evaluating......
2023-06-07 15:44:33,106 - my_logger - INFO - epoch 164, valid loss: 0.4822, valid auc: 93.08%
2023-06-07 15:44:33,114 - my_logger - INFO - epoch 165, train loss: 0.4373
2023-06-07 15:44:33,123 - my_logger - INFO - epoch 166, train loss: 0.4366
2023-06-07 15:44:33,127 - my_logger - INFO - evaluating......
2023-06-07 15:44:33,127 - my_logger - INFO - epoch 166, valid loss: 0.4816, valid auc: 93.14%
2023-06-07 15:44:33,135 - my_logger - INFO - epoch 167, train loss: 0.4359
2023-06-07 15:44:33,144 - my_logger - INFO - epoch 168, train loss: 0.4353
2023-06-07 15:44:33,149 - my_logger - INFO - evaluating......
2023-06-07 15:44:33,149 - my_logger - INFO - epoch 168, valid loss: 0.4809, valid auc: 93.20%
2023-06-07 15:44:33,156 - my_logger - INFO - epoch 169, train loss: 0.4346
2023-06-07 15:44:33,165 - my_logger - INFO - epoch 170, train loss: 0.4340
2023-06-07 15:44:33,169 - my_logger - INFO - evaluating......
2023-06-07 15:44:33,169 - my_logger - INFO - epoch 170, valid loss: 0.4803, valid auc: 93.26%
2023-06-07 15:44:33,176 - my_logger - INFO - epoch 171, train loss: 0.4333
2023-06-07 15:44:33,185 - my_logger - INFO - epoch 172, train loss: 0.4327
2023-06-07 15:44:33,189 - my_logger - INFO - evaluating......
2023-06-07 15:44:33,190 - my_logger - INFO - epoch 172, valid loss: 0.4798, valid auc: 93.31%
2023-06-07 15:44:33,197 - my_logger - INFO - epoch 173, train loss: 0.4320
2023-06-07 15:44:33,206 - my_logger - INFO - epoch 174, train loss: 0.4314
2023-06-07 15:44:33,210 - my_logger - INFO - evaluating......
2023-06-07 15:44:33,210 - my_logger - INFO - epoch 174, valid loss: 0.4792, valid auc: 93.37%
2023-06-07 15:44:33,218 - my_logger - INFO - epoch 175, train loss: 0.4307
2023-06-07 15:44:33,227 - my_logger - INFO - epoch 176, train loss: 0.4301
2023-06-07 15:44:33,231 - my_logger - INFO - evaluating......
2023-06-07 15:44:33,232 - my_logger - INFO - epoch 176, valid loss: 0.4787, valid auc: 93.43%
2023-06-07 15:44:33,239 - my_logger - INFO - epoch 177, train loss: 0.4295
2023-06-07 15:44:33,248 - my_logger - INFO - epoch 178, train loss: 0.4289
2023-06-07 15:44:33,252 - my_logger - INFO - evaluating......
2023-06-07 15:44:33,252 - my_logger - INFO - epoch 178, valid loss: 0.4782, valid auc: 93.48%
2023-06-07 15:44:33,260 - my_logger - INFO - epoch 179, train loss: 0.4283
2023-06-07 15:44:33,268 - my_logger - INFO - epoch 180, train loss: 0.4277
2023-06-07 15:44:33,272 - my_logger - INFO - evaluating......
2023-06-07 15:44:33,273 - my_logger - INFO - epoch 180, valid loss: 0.4777, valid auc: 93.54%
2023-06-07 15:44:33,280 - my_logger - INFO - epoch 181, train loss: 0.4271
2023-06-07 15:44:33,288 - my_logger - INFO - epoch 182, train loss: 0.4265
2023-06-07 15:44:33,292 - my_logger - INFO - evaluating......
2023-06-07 15:44:33,292 - my_logger - INFO - epoch 182, valid loss: 0.4772, valid auc: 93.58%
2023-06-07 15:44:33,299 - my_logger - INFO - epoch 183, train loss: 0.4259
2023-06-07 15:44:33,308 - my_logger - INFO - epoch 184, train loss: 0.4253
2023-06-07 15:44:33,312 - my_logger - INFO - evaluating......
2023-06-07 15:44:33,312 - my_logger - INFO - epoch 184, valid loss: 0.4768, valid auc: 93.63%
2023-06-07 15:44:33,319 - my_logger - INFO - epoch 185, train loss: 0.4247
2023-06-07 15:44:33,327 - my_logger - INFO - epoch 186, train loss: 0.4241
2023-06-07 15:44:33,332 - my_logger - INFO - evaluating......
2023-06-07 15:44:33,332 - my_logger - INFO - epoch 186, valid loss: 0.4764, valid auc: 93.68%
2023-06-07 15:44:33,339 - my_logger - INFO - epoch 187, train loss: 0.4235
2023-06-07 15:44:33,347 - my_logger - INFO - epoch 188, train loss: 0.4230
2023-06-07 15:44:33,351 - my_logger - INFO - evaluating......
2023-06-07 15:44:33,351 - my_logger - INFO - epoch 188, valid loss: 0.4759, valid auc: 93.73%
2023-06-07 15:44:33,360 - my_logger - INFO - epoch 189, train loss: 0.4224
2023-06-07 15:44:33,368 - my_logger - INFO - epoch 190, train loss: 0.4218
2023-06-07 15:44:33,372 - my_logger - INFO - evaluating......
2023-06-07 15:44:33,372 - my_logger - INFO - epoch 190, valid loss: 0.4755, valid auc: 93.77%
2023-06-07 15:44:33,378 - my_logger - INFO - epoch 191, train loss: 0.4212
2023-06-07 15:44:33,386 - my_logger - INFO - epoch 192, train loss: 0.4207
2023-06-07 15:44:33,390 - my_logger - INFO - evaluating......
2023-06-07 15:44:33,390 - my_logger - INFO - epoch 192, valid loss: 0.4752, valid auc: 93.80%
2023-06-07 15:44:33,397 - my_logger - INFO - epoch 193, train loss: 0.4201
2023-06-07 15:44:33,405 - my_logger - INFO - epoch 194, train loss: 0.4196
2023-06-07 15:44:33,409 - my_logger - INFO - evaluating......
2023-06-07 15:44:33,409 - my_logger - INFO - epoch 194, valid loss: 0.4748, valid auc: 93.85%
2023-06-07 15:44:33,416 - my_logger - INFO - epoch 195, train loss: 0.4190
2023-06-07 15:44:33,424 - my_logger - INFO - epoch 196, train loss: 0.4185
2023-06-07 15:44:33,427 - my_logger - INFO - evaluating......
2023-06-07 15:44:33,428 - my_logger - INFO - epoch 196, valid loss: 0.4744, valid auc: 93.89%
2023-06-07 15:44:33,434 - my_logger - INFO - epoch 197, train loss: 0.4179
2023-06-07 15:44:33,442 - my_logger - INFO - epoch 198, train loss: 0.4174
2023-06-07 15:44:33,446 - my_logger - INFO - evaluating......
2023-06-07 15:44:33,446 - my_logger - INFO - epoch 198, valid loss: 0.4741, valid auc: 93.93%
2023-06-07 15:44:33,454 - my_logger - INFO - epoch 199, train loss: 0.4168
2023-06-07 15:44:33,455 - my_logger - INFO - total train time used: 2.8486s
2023-06-07 15:44:33,455 - my_logger - INFO - testing......
2023-06-07 15:44:33,463 - my_logger - INFO - test auc: 93.01%
