2023-06-07 15:49:09,970 - my_logger - INFO - training......
2023-06-07 15:49:10,774 - my_logger - INFO - epoch 0, train loss: 0.6931
2023-06-07 15:49:10,788 - my_logger - INFO - evaluating......
2023-06-07 15:49:10,788 - my_logger - INFO - epoch 0, valid loss: 0.6931, valid auc: 96.94%
2023-06-07 15:49:10,808 - my_logger - INFO - epoch 1, train loss: 0.6930
2023-06-07 15:49:10,829 - my_logger - INFO - epoch 2, train loss: 0.6921
2023-06-07 15:49:10,840 - my_logger - INFO - evaluating......
2023-06-07 15:49:10,840 - my_logger - INFO - epoch 2, valid loss: 0.6921, valid auc: 73.08%
2023-06-07 15:49:10,850 - my_logger - INFO - epoch 3, train loss: 0.6903
2023-06-07 15:49:10,877 - my_logger - INFO - epoch 4, train loss: 0.6878
2023-06-07 15:49:10,888 - my_logger - INFO - evaluating......
2023-06-07 15:49:10,888 - my_logger - INFO - epoch 4, valid loss: 0.6887, valid auc: 71.93%
2023-06-07 15:49:10,899 - my_logger - INFO - epoch 5, train loss: 0.6853
2023-06-07 15:49:10,917 - my_logger - INFO - epoch 6, train loss: 0.6819
2023-06-07 15:49:10,928 - my_logger - INFO - evaluating......
2023-06-07 15:49:10,929 - my_logger - INFO - epoch 6, valid loss: 0.6849, valid auc: 71.42%
2023-06-07 15:49:10,939 - my_logger - INFO - epoch 7, train loss: 0.6776
2023-06-07 15:49:10,957 - my_logger - INFO - epoch 8, train loss: 0.6725
2023-06-07 15:49:10,967 - my_logger - INFO - evaluating......
2023-06-07 15:49:10,968 - my_logger - INFO - epoch 8, valid loss: 0.6769, valid auc: 70.54%
2023-06-07 15:49:10,978 - my_logger - INFO - epoch 9, train loss: 0.6668
2023-06-07 15:49:10,996 - my_logger - INFO - epoch 10, train loss: 0.6605
2023-06-07 15:49:11,006 - my_logger - INFO - evaluating......
2023-06-07 15:49:11,007 - my_logger - INFO - epoch 10, valid loss: 0.6664, valid auc: 70.15%
2023-06-07 15:49:11,016 - my_logger - INFO - epoch 11, train loss: 0.6537
2023-06-07 15:49:11,034 - my_logger - INFO - epoch 12, train loss: 0.6464
2023-06-07 15:49:11,046 - my_logger - INFO - evaluating......
2023-06-07 15:49:11,046 - my_logger - INFO - epoch 12, valid loss: 0.6545, valid auc: 70.58%
2023-06-07 15:49:11,057 - my_logger - INFO - epoch 13, train loss: 0.6385
2023-06-07 15:49:11,075 - my_logger - INFO - epoch 14, train loss: 0.6300
2023-06-07 15:49:11,085 - my_logger - INFO - evaluating......
2023-06-07 15:49:11,085 - my_logger - INFO - epoch 14, valid loss: 0.6409, valid auc: 71.39%
2023-06-07 15:49:11,095 - my_logger - INFO - epoch 15, train loss: 0.6208
2023-06-07 15:49:11,111 - my_logger - INFO - epoch 16, train loss: 0.6109
2023-06-07 15:49:11,122 - my_logger - INFO - evaluating......
2023-06-07 15:49:11,122 - my_logger - INFO - epoch 16, valid loss: 0.6244, valid auc: 73.04%
2023-06-07 15:49:11,132 - my_logger - INFO - epoch 17, train loss: 0.6002
2023-06-07 15:49:11,148 - my_logger - INFO - epoch 18, train loss: 0.5888
2023-06-07 15:49:11,158 - my_logger - INFO - evaluating......
2023-06-07 15:49:11,158 - my_logger - INFO - epoch 18, valid loss: 0.6053, valid auc: 75.26%
2023-06-07 15:49:11,168 - my_logger - INFO - epoch 19, train loss: 0.5766
2023-06-07 15:49:11,184 - my_logger - INFO - epoch 20, train loss: 0.5636
2023-06-07 15:49:11,194 - my_logger - INFO - evaluating......
2023-06-07 15:49:11,194 - my_logger - INFO - epoch 20, valid loss: 0.5833, valid auc: 77.49%
2023-06-07 15:49:11,204 - my_logger - INFO - epoch 21, train loss: 0.5498
2023-06-07 15:49:11,221 - my_logger - INFO - epoch 22, train loss: 0.5354
2023-06-07 15:49:11,231 - my_logger - INFO - evaluating......
2023-06-07 15:49:11,231 - my_logger - INFO - epoch 22, valid loss: 0.5590, valid auc: 79.70%
2023-06-07 15:49:11,240 - my_logger - INFO - epoch 23, train loss: 0.5204
2023-06-07 15:49:11,257 - my_logger - INFO - epoch 24, train loss: 0.5050
2023-06-07 15:49:11,267 - my_logger - INFO - evaluating......
2023-06-07 15:49:11,267 - my_logger - INFO - epoch 24, valid loss: 0.5337, valid auc: 81.76%
2023-06-07 15:49:11,276 - my_logger - INFO - epoch 25, train loss: 0.4893
2023-06-07 15:49:11,293 - my_logger - INFO - epoch 26, train loss: 0.4734
2023-06-07 15:49:11,303 - my_logger - INFO - evaluating......
2023-06-07 15:49:11,303 - my_logger - INFO - epoch 26, valid loss: 0.5076, valid auc: 83.78%
2023-06-07 15:49:11,312 - my_logger - INFO - epoch 27, train loss: 0.4572
2023-06-07 15:49:11,329 - my_logger - INFO - epoch 28, train loss: 0.4411
2023-06-07 15:49:11,339 - my_logger - INFO - evaluating......
2023-06-07 15:49:11,339 - my_logger - INFO - epoch 28, valid loss: 0.4801, valid auc: 85.75%
2023-06-07 15:49:11,348 - my_logger - INFO - epoch 29, train loss: 0.4255
2023-06-07 15:49:11,365 - my_logger - INFO - epoch 30, train loss: 0.4103
2023-06-07 15:49:11,376 - my_logger - INFO - evaluating......
2023-06-07 15:49:11,376 - my_logger - INFO - epoch 30, valid loss: 0.4542, valid auc: 87.35%
2023-06-07 15:49:11,386 - my_logger - INFO - epoch 31, train loss: 0.3955
2023-06-07 15:49:11,404 - my_logger - INFO - epoch 32, train loss: 0.3813
2023-06-07 15:49:11,415 - my_logger - INFO - evaluating......
2023-06-07 15:49:11,415 - my_logger - INFO - epoch 32, valid loss: 0.4320, valid auc: 88.60%
2023-06-07 15:49:11,425 - my_logger - INFO - epoch 33, train loss: 0.3678
2023-06-07 15:49:11,442 - my_logger - INFO - epoch 34, train loss: 0.3549
2023-06-07 15:49:11,452 - my_logger - INFO - evaluating......
2023-06-07 15:49:11,452 - my_logger - INFO - epoch 34, valid loss: 0.4108, valid auc: 89.76%
2023-06-07 15:49:11,461 - my_logger - INFO - epoch 35, train loss: 0.3416
2023-06-07 15:49:11,478 - my_logger - INFO - epoch 36, train loss: 0.3285
2023-06-07 15:49:11,488 - my_logger - INFO - evaluating......
2023-06-07 15:49:11,488 - my_logger - INFO - epoch 36, valid loss: 0.3881, valid auc: 90.98%
2023-06-07 15:49:11,497 - my_logger - INFO - epoch 37, train loss: 0.3170
2023-06-07 15:49:11,514 - my_logger - INFO - epoch 38, train loss: 0.3053
2023-06-07 15:49:11,524 - my_logger - INFO - evaluating......
2023-06-07 15:49:11,524 - my_logger - INFO - epoch 38, valid loss: 0.3689, valid auc: 92.00%
2023-06-07 15:49:11,534 - my_logger - INFO - epoch 39, train loss: 0.2932
2023-06-07 15:49:11,551 - my_logger - INFO - epoch 40, train loss: 0.2824
2023-06-07 15:49:11,561 - my_logger - INFO - evaluating......
2023-06-07 15:49:11,561 - my_logger - INFO - epoch 40, valid loss: 0.3479, valid auc: 92.83%
2023-06-07 15:49:11,570 - my_logger - INFO - epoch 41, train loss: 0.2716
2023-06-07 15:49:11,587 - my_logger - INFO - epoch 42, train loss: 0.2609
2023-06-07 15:49:11,597 - my_logger - INFO - evaluating......
2023-06-07 15:49:11,597 - my_logger - INFO - epoch 42, valid loss: 0.3316, valid auc: 93.54%
2023-06-07 15:49:11,606 - my_logger - INFO - epoch 43, train loss: 0.2514
2023-06-07 15:49:11,623 - my_logger - INFO - epoch 44, train loss: 0.2419
2023-06-07 15:49:11,634 - my_logger - INFO - evaluating......
2023-06-07 15:49:11,634 - my_logger - INFO - epoch 44, valid loss: 0.3175, valid auc: 94.17%
2023-06-07 15:49:11,644 - my_logger - INFO - epoch 45, train loss: 0.2326
2023-06-07 15:49:11,661 - my_logger - INFO - epoch 46, train loss: 0.2243
2023-06-07 15:49:11,670 - my_logger - INFO - evaluating......
2023-06-07 15:49:11,671 - my_logger - INFO - epoch 46, valid loss: 0.3021, valid auc: 94.65%
2023-06-07 15:49:11,680 - my_logger - INFO - epoch 47, train loss: 0.2162
2023-06-07 15:49:11,697 - my_logger - INFO - epoch 48, train loss: 0.2081
2023-06-07 15:49:11,706 - my_logger - INFO - evaluating......
2023-06-07 15:49:11,707 - my_logger - INFO - epoch 48, valid loss: 0.2910, valid auc: 95.03%
2023-06-07 15:49:11,716 - my_logger - INFO - epoch 49, train loss: 0.2008
2023-06-07 15:49:11,733 - my_logger - INFO - epoch 50, train loss: 0.1939
2023-06-07 15:49:11,743 - my_logger - INFO - evaluating......
2023-06-07 15:49:11,743 - my_logger - INFO - epoch 50, valid loss: 0.2829, valid auc: 95.38%
2023-06-07 15:49:11,752 - my_logger - INFO - epoch 51, train loss: 0.1869
2023-06-07 15:49:11,769 - my_logger - INFO - epoch 52, train loss: 0.1803
2023-06-07 15:49:11,779 - my_logger - INFO - evaluating......
2023-06-07 15:49:11,780 - my_logger - INFO - epoch 52, valid loss: 0.2724, valid auc: 95.68%
2023-06-07 15:49:11,789 - my_logger - INFO - epoch 53, train loss: 0.1742
2023-06-07 15:49:11,806 - my_logger - INFO - epoch 54, train loss: 0.1681
2023-06-07 15:49:11,816 - my_logger - INFO - evaluating......
2023-06-07 15:49:11,816 - my_logger - INFO - epoch 54, valid loss: 0.2636, valid auc: 95.93%
2023-06-07 15:49:11,825 - my_logger - INFO - epoch 55, train loss: 0.1622
2023-06-07 15:49:11,842 - my_logger - INFO - epoch 56, train loss: 0.1567
2023-06-07 15:49:11,852 - my_logger - INFO - evaluating......
2023-06-07 15:49:11,852 - my_logger - INFO - epoch 56, valid loss: 0.2570, valid auc: 96.18%
2023-06-07 15:49:11,862 - my_logger - INFO - epoch 57, train loss: 0.1515
2023-06-07 15:49:11,880 - my_logger - INFO - epoch 58, train loss: 0.1463
2023-06-07 15:49:11,891 - my_logger - INFO - evaluating......
2023-06-07 15:49:11,891 - my_logger - INFO - epoch 58, valid loss: 0.2496, valid auc: 96.43%
2023-06-07 15:49:11,900 - my_logger - INFO - epoch 59, train loss: 0.1414
2023-06-07 15:49:11,918 - my_logger - INFO - epoch 60, train loss: 0.1368
2023-06-07 15:49:11,929 - my_logger - INFO - evaluating......
2023-06-07 15:49:11,929 - my_logger - INFO - epoch 60, valid loss: 0.2414, valid auc: 96.64%
2023-06-07 15:49:11,938 - my_logger - INFO - epoch 61, train loss: 0.1325
2023-06-07 15:49:11,955 - my_logger - INFO - epoch 62, train loss: 0.1282
2023-06-07 15:49:11,965 - my_logger - INFO - evaluating......
2023-06-07 15:49:11,965 - my_logger - INFO - epoch 62, valid loss: 0.2347, valid auc: 96.83%
2023-06-07 15:49:11,976 - my_logger - INFO - epoch 63, train loss: 0.1239
2023-06-07 15:49:11,993 - my_logger - INFO - epoch 64, train loss: 0.1199
2023-06-07 15:49:12,003 - my_logger - INFO - evaluating......
2023-06-07 15:49:12,003 - my_logger - INFO - epoch 64, valid loss: 0.2297, valid auc: 97.00%
2023-06-07 15:49:12,021 - my_logger - INFO - epoch 65, train loss: 0.1161
2023-06-07 15:49:12,039 - my_logger - INFO - epoch 66, train loss: 0.1124
2023-06-07 15:49:12,051 - my_logger - INFO - evaluating......
2023-06-07 15:49:12,051 - my_logger - INFO - epoch 66, valid loss: 0.2246, valid auc: 97.17%
2023-06-07 15:49:12,070 - my_logger - INFO - epoch 67, train loss: 0.1088
2023-06-07 15:49:12,088 - my_logger - INFO - epoch 68, train loss: 0.1053
2023-06-07 15:49:12,099 - my_logger - INFO - evaluating......
2023-06-07 15:49:12,099 - my_logger - INFO - epoch 68, valid loss: 0.2188, valid auc: 97.32%
2023-06-07 15:49:12,119 - my_logger - INFO - epoch 69, train loss: 0.1019
2023-06-07 15:49:12,137 - my_logger - INFO - epoch 70, train loss: 0.0987
2023-06-07 15:49:12,148 - my_logger - INFO - evaluating......
2023-06-07 15:49:12,148 - my_logger - INFO - epoch 70, valid loss: 0.2133, valid auc: 97.44%
2023-06-07 15:49:12,167 - my_logger - INFO - epoch 71, train loss: 0.0956
2023-06-07 15:49:12,185 - my_logger - INFO - epoch 72, train loss: 0.0926
2023-06-07 15:49:12,197 - my_logger - INFO - evaluating......
2023-06-07 15:49:12,197 - my_logger - INFO - epoch 72, valid loss: 0.2093, valid auc: 97.55%
2023-06-07 15:49:12,217 - my_logger - INFO - epoch 73, train loss: 0.0897
2023-06-07 15:49:12,235 - my_logger - INFO - epoch 74, train loss: 0.0869
2023-06-07 15:49:12,246 - my_logger - INFO - evaluating......
2023-06-07 15:49:12,246 - my_logger - INFO - epoch 74, valid loss: 0.2062, valid auc: 97.65%
2023-06-07 15:49:12,265 - my_logger - INFO - epoch 75, train loss: 0.0842
2023-06-07 15:49:12,283 - my_logger - INFO - epoch 76, train loss: 0.0816
2023-06-07 15:49:12,294 - my_logger - INFO - evaluating......
2023-06-07 15:49:12,294 - my_logger - INFO - epoch 76, valid loss: 0.2034, valid auc: 97.74%
2023-06-07 15:49:12,313 - my_logger - INFO - epoch 77, train loss: 0.0791
2023-06-07 15:49:12,331 - my_logger - INFO - epoch 78, train loss: 0.0767
2023-06-07 15:49:12,343 - my_logger - INFO - evaluating......
2023-06-07 15:49:12,343 - my_logger - INFO - epoch 78, valid loss: 0.2008, valid auc: 97.82%
2023-06-07 15:49:12,362 - my_logger - INFO - epoch 79, train loss: 0.0743
2023-06-07 15:49:12,380 - my_logger - INFO - epoch 80, train loss: 0.0720
2023-06-07 15:49:12,392 - my_logger - INFO - evaluating......
2023-06-07 15:49:12,392 - my_logger - INFO - epoch 80, valid loss: 0.1982, valid auc: 97.88%
2023-06-07 15:49:12,412 - my_logger - INFO - epoch 81, train loss: 0.0698
2023-06-07 15:49:12,429 - my_logger - INFO - epoch 82, train loss: 0.0677
2023-06-07 15:49:12,440 - my_logger - INFO - evaluating......
2023-06-07 15:49:12,440 - my_logger - INFO - epoch 82, valid loss: 0.1957, valid auc: 97.94%
2023-06-07 15:49:12,458 - my_logger - INFO - epoch 83, train loss: 0.0656
2023-06-07 15:49:12,475 - my_logger - INFO - epoch 84, train loss: 0.0637
2023-06-07 15:49:12,485 - my_logger - INFO - evaluating......
2023-06-07 15:49:12,485 - my_logger - INFO - epoch 84, valid loss: 0.1936, valid auc: 98.00%
2023-06-07 15:49:12,504 - my_logger - INFO - epoch 85, train loss: 0.0617
2023-06-07 15:49:12,521 - my_logger - INFO - epoch 86, train loss: 0.0599
2023-06-07 15:49:12,531 - my_logger - INFO - evaluating......
2023-06-07 15:49:12,531 - my_logger - INFO - epoch 86, valid loss: 0.1917, valid auc: 98.06%
2023-06-07 15:49:12,550 - my_logger - INFO - epoch 87, train loss: 0.0581
2023-06-07 15:49:12,567 - my_logger - INFO - epoch 88, train loss: 0.0563
2023-06-07 15:49:12,577 - my_logger - INFO - evaluating......
2023-06-07 15:49:12,577 - my_logger - INFO - epoch 88, valid loss: 0.1903, valid auc: 98.10%
2023-06-07 15:49:12,595 - my_logger - INFO - epoch 89, train loss: 0.0546
2023-06-07 15:49:12,611 - my_logger - INFO - epoch 90, train loss: 0.0530
2023-06-07 15:49:12,621 - my_logger - INFO - evaluating......
2023-06-07 15:49:12,621 - my_logger - INFO - epoch 90, valid loss: 0.1896, valid auc: 98.13%
2023-06-07 15:49:12,639 - my_logger - INFO - epoch 91, train loss: 0.0514
2023-06-07 15:49:12,656 - my_logger - INFO - epoch 92, train loss: 0.0498
2023-06-07 15:49:12,666 - my_logger - INFO - evaluating......
2023-06-07 15:49:12,666 - my_logger - INFO - epoch 92, valid loss: 0.1889, valid auc: 98.17%
2023-06-07 15:49:12,684 - my_logger - INFO - epoch 93, train loss: 0.0483
2023-06-07 15:49:12,701 - my_logger - INFO - epoch 94, train loss: 0.0469
2023-06-07 15:49:12,711 - my_logger - INFO - evaluating......
2023-06-07 15:49:12,711 - my_logger - INFO - epoch 94, valid loss: 0.1882, valid auc: 98.20%
2023-06-07 15:49:12,729 - my_logger - INFO - epoch 95, train loss: 0.0455
2023-06-07 15:49:12,746 - my_logger - INFO - epoch 96, train loss: 0.0441
2023-06-07 15:49:12,756 - my_logger - INFO - evaluating......
2023-06-07 15:49:12,756 - my_logger - INFO - epoch 96, valid loss: 0.1878, valid auc: 98.23%
2023-06-07 15:49:12,775 - my_logger - INFO - epoch 97, train loss: 0.0428
2023-06-07 15:49:12,793 - my_logger - INFO - epoch 98, train loss: 0.0415
2023-06-07 15:49:12,803 - my_logger - INFO - evaluating......
2023-06-07 15:49:12,803 - my_logger - INFO - epoch 98, valid loss: 0.1876, valid auc: 98.25%
2023-06-07 15:49:12,821 - my_logger - INFO - epoch 99, train loss: 0.0403
2023-06-07 15:49:12,837 - my_logger - INFO - epoch 100, train loss: 0.0391
2023-06-07 15:49:12,847 - my_logger - INFO - evaluating......
2023-06-07 15:49:12,848 - my_logger - INFO - epoch 100, valid loss: 0.1875, valid auc: 98.27%
2023-06-07 15:49:12,866 - my_logger - INFO - epoch 101, train loss: 0.0380
2023-06-07 15:49:12,883 - my_logger - INFO - epoch 102, train loss: 0.0368
2023-06-07 15:49:12,894 - my_logger - INFO - evaluating......
2023-06-07 15:49:12,895 - my_logger - INFO - epoch 102, valid loss: 0.1875, valid auc: 98.29%
2023-06-07 15:49:12,913 - my_logger - INFO - epoch 103, train loss: 0.0357
2023-06-07 15:49:12,931 - my_logger - INFO - epoch 104, train loss: 0.0347
2023-06-07 15:49:12,942 - my_logger - INFO - evaluating......
2023-06-07 15:49:12,942 - my_logger - INFO - epoch 104, valid loss: 0.1876, valid auc: 98.31%
2023-06-07 15:49:12,961 - my_logger - INFO - epoch 105, train loss: 0.0337
2023-06-07 15:49:12,979 - my_logger - INFO - epoch 106, train loss: 0.0327
2023-06-07 15:49:12,989 - my_logger - INFO - evaluating......
2023-06-07 15:49:12,990 - my_logger - INFO - epoch 106, valid loss: 0.1880, valid auc: 98.33%
2023-06-07 15:49:13,009 - my_logger - INFO - epoch 107, train loss: 0.0317
2023-06-07 15:49:13,026 - my_logger - INFO - epoch 108, train loss: 0.0308
2023-06-07 15:49:13,037 - my_logger - INFO - evaluating......
2023-06-07 15:49:13,037 - my_logger - INFO - epoch 108, valid loss: 0.1884, valid auc: 98.34%
2023-06-07 15:49:13,058 - my_logger - INFO - epoch 109, train loss: 0.0299
2023-06-07 15:49:13,076 - my_logger - INFO - epoch 110, train loss: 0.0290
2023-06-07 15:49:13,087 - my_logger - INFO - evaluating......
2023-06-07 15:49:13,087 - my_logger - INFO - epoch 110, valid loss: 0.1886, valid auc: 98.36%
2023-06-07 15:49:13,106 - my_logger - INFO - epoch 111, train loss: 0.0282
2023-06-07 15:49:13,124 - my_logger - INFO - epoch 112, train loss: 0.0274
2023-06-07 15:49:13,134 - my_logger - INFO - evaluating......
2023-06-07 15:49:13,134 - my_logger - INFO - epoch 112, valid loss: 0.1888, valid auc: 98.38%
2023-06-07 15:49:13,152 - my_logger - INFO - epoch 113, train loss: 0.0266
2023-06-07 15:49:13,169 - my_logger - INFO - epoch 114, train loss: 0.0258
2023-06-07 15:49:13,180 - my_logger - INFO - evaluating......
2023-06-07 15:49:13,180 - my_logger - INFO - epoch 114, valid loss: 0.1892, valid auc: 98.39%
2023-06-07 15:49:13,198 - my_logger - INFO - epoch 115, train loss: 0.0251
2023-06-07 15:49:13,215 - my_logger - INFO - epoch 116, train loss: 0.0244
2023-06-07 15:49:13,225 - my_logger - INFO - evaluating......
2023-06-07 15:49:13,225 - my_logger - INFO - epoch 116, valid loss: 0.1896, valid auc: 98.40%
2023-06-07 15:49:13,244 - my_logger - INFO - epoch 117, train loss: 0.0237
2023-06-07 15:49:13,260 - my_logger - INFO - epoch 118, train loss: 0.0230
2023-06-07 15:49:13,271 - my_logger - INFO - evaluating......
2023-06-07 15:49:13,271 - my_logger - INFO - epoch 118, valid loss: 0.1902, valid auc: 98.41%
2023-06-07 15:49:13,289 - my_logger - INFO - epoch 119, train loss: 0.0224
2023-06-07 15:49:13,306 - my_logger - INFO - epoch 120, train loss: 0.0218
2023-06-07 15:49:13,316 - my_logger - INFO - evaluating......
2023-06-07 15:49:13,317 - my_logger - INFO - epoch 120, valid loss: 0.1908, valid auc: 98.42%
2023-06-07 15:49:13,335 - my_logger - INFO - epoch 121, train loss: 0.0212
2023-06-07 15:49:13,352 - my_logger - INFO - epoch 122, train loss: 0.0206
2023-06-07 15:49:13,362 - my_logger - INFO - evaluating......
2023-06-07 15:49:13,362 - my_logger - INFO - epoch 122, valid loss: 0.1914, valid auc: 98.43%
2023-06-07 15:49:13,381 - my_logger - INFO - epoch 123, train loss: 0.0200
2023-06-07 15:49:13,398 - my_logger - INFO - epoch 124, train loss: 0.0195
2023-06-07 15:49:13,409 - my_logger - INFO - evaluating......
2023-06-07 15:49:13,409 - my_logger - INFO - epoch 124, valid loss: 0.1920, valid auc: 98.44%
2023-06-07 15:49:13,429 - my_logger - INFO - epoch 125, train loss: 0.0190
2023-06-07 15:49:13,447 - my_logger - INFO - epoch 126, train loss: 0.0185
2023-06-07 15:49:13,457 - my_logger - INFO - evaluating......
2023-06-07 15:49:13,457 - my_logger - INFO - epoch 126, valid loss: 0.1927, valid auc: 98.45%
2023-06-07 15:49:13,477 - my_logger - INFO - epoch 127, train loss: 0.0180
2023-06-07 15:49:13,494 - my_logger - INFO - epoch 128, train loss: 0.0175
2023-06-07 15:49:13,504 - my_logger - INFO - evaluating......
2023-06-07 15:49:13,504 - my_logger - INFO - epoch 128, valid loss: 0.1934, valid auc: 98.46%
2023-06-07 15:49:13,523 - my_logger - INFO - epoch 129, train loss: 0.0170
2023-06-07 15:49:13,540 - my_logger - INFO - epoch 130, train loss: 0.0166
2023-06-07 15:49:13,550 - my_logger - INFO - evaluating......
2023-06-07 15:49:13,551 - my_logger - INFO - epoch 130, valid loss: 0.1941, valid auc: 98.46%
2023-06-07 15:49:13,569 - my_logger - INFO - epoch 131, train loss: 0.0161
2023-06-07 15:49:13,586 - my_logger - INFO - epoch 132, train loss: 0.0157
2023-06-07 15:49:13,596 - my_logger - INFO - evaluating......
2023-06-07 15:49:13,596 - my_logger - INFO - epoch 132, valid loss: 0.1949, valid auc: 98.47%
2023-06-07 15:49:13,615 - my_logger - INFO - epoch 133, train loss: 0.0153
2023-06-07 15:49:13,632 - my_logger - INFO - epoch 134, train loss: 0.0149
2023-06-07 15:49:13,642 - my_logger - INFO - evaluating......
2023-06-07 15:49:13,642 - my_logger - INFO - epoch 134, valid loss: 0.1958, valid auc: 98.47%
2023-06-07 15:49:13,660 - my_logger - INFO - epoch 135, train loss: 0.0145
2023-06-07 15:49:13,676 - my_logger - INFO - epoch 136, train loss: 0.0142
2023-06-07 15:49:13,686 - my_logger - INFO - evaluating......
2023-06-07 15:49:13,686 - my_logger - INFO - epoch 136, valid loss: 0.1967, valid auc: 98.48%
2023-06-07 15:49:13,704 - my_logger - INFO - epoch 137, train loss: 0.0138
2023-06-07 15:49:13,721 - my_logger - INFO - epoch 138, train loss: 0.0135
2023-06-07 15:49:13,732 - my_logger - INFO - evaluating......
2023-06-07 15:49:13,732 - my_logger - INFO - epoch 138, valid loss: 0.1975, valid auc: 98.49%
2023-06-07 15:49:13,749 - my_logger - INFO - epoch 139, train loss: 0.0131
2023-06-07 15:49:13,765 - my_logger - INFO - epoch 140, train loss: 0.0128
2023-06-07 15:49:13,775 - my_logger - INFO - evaluating......
2023-06-07 15:49:13,775 - my_logger - INFO - epoch 140, valid loss: 0.1984, valid auc: 98.50%
2023-06-07 15:49:13,793 - my_logger - INFO - epoch 141, train loss: 0.0125
2023-06-07 15:49:13,810 - my_logger - INFO - epoch 142, train loss: 0.0122
2023-06-07 15:49:13,820 - my_logger - INFO - evaluating......
2023-06-07 15:49:13,820 - my_logger - INFO - epoch 142, valid loss: 0.1994, valid auc: 98.50%
2023-06-07 15:49:13,838 - my_logger - INFO - epoch 143, train loss: 0.0119
2023-06-07 15:49:13,854 - my_logger - INFO - epoch 144, train loss: 0.0116
2023-06-07 15:49:13,864 - my_logger - INFO - evaluating......
2023-06-07 15:49:13,864 - my_logger - INFO - epoch 144, valid loss: 0.2003, valid auc: 98.51%
2023-06-07 15:49:13,882 - my_logger - INFO - epoch 145, train loss: 0.0113
2023-06-07 15:49:13,899 - my_logger - INFO - epoch 146, train loss: 0.0110
2023-06-07 15:49:13,910 - my_logger - INFO - evaluating......
2023-06-07 15:49:13,910 - my_logger - INFO - epoch 146, valid loss: 0.2013, valid auc: 98.52%
2023-06-07 15:49:13,929 - my_logger - INFO - epoch 147, train loss: 0.0107
2023-06-07 15:49:13,946 - my_logger - INFO - epoch 148, train loss: 0.0105
2023-06-07 15:49:13,956 - my_logger - INFO - evaluating......
2023-06-07 15:49:13,956 - my_logger - INFO - epoch 148, valid loss: 0.2022, valid auc: 98.52%
2023-06-07 15:49:13,973 - my_logger - INFO - epoch 149, train loss: 0.0102
2023-06-07 15:49:13,990 - my_logger - INFO - epoch 150, train loss: 0.0100
2023-06-07 15:49:13,999 - my_logger - INFO - evaluating......
2023-06-07 15:49:13,999 - my_logger - INFO - epoch 150, valid loss: 0.2032, valid auc: 98.53%
2023-06-07 15:49:14,017 - my_logger - INFO - epoch 151, train loss: 0.0097
2023-06-07 15:49:14,033 - my_logger - INFO - epoch 152, train loss: 0.0095
2023-06-07 15:49:14,044 - my_logger - INFO - evaluating......
2023-06-07 15:49:14,044 - my_logger - INFO - epoch 152, valid loss: 0.2042, valid auc: 98.53%
2023-06-07 15:49:14,061 - my_logger - INFO - epoch 153, train loss: 0.0093
2023-06-07 15:49:14,078 - my_logger - INFO - epoch 154, train loss: 0.0090
2023-06-07 15:49:14,088 - my_logger - INFO - evaluating......
2023-06-07 15:49:14,088 - my_logger - INFO - epoch 154, valid loss: 0.2051, valid auc: 98.54%
2023-06-07 15:49:14,106 - my_logger - INFO - epoch 155, train loss: 0.0088
2023-06-07 15:49:14,122 - my_logger - INFO - epoch 156, train loss: 0.0086
2023-06-07 15:49:14,132 - my_logger - INFO - evaluating......
2023-06-07 15:49:14,132 - my_logger - INFO - epoch 156, valid loss: 0.2061, valid auc: 98.54%
2023-06-07 15:49:14,150 - my_logger - INFO - epoch 157, train loss: 0.0084
2023-06-07 15:49:14,166 - my_logger - INFO - epoch 158, train loss: 0.0082
2023-06-07 15:49:14,176 - my_logger - INFO - evaluating......
2023-06-07 15:49:14,176 - my_logger - INFO - epoch 158, valid loss: 0.2070, valid auc: 98.55%
2023-06-07 15:49:14,194 - my_logger - INFO - epoch 159, train loss: 0.0080
2023-06-07 15:49:14,211 - my_logger - INFO - epoch 160, train loss: 0.0078
2023-06-07 15:49:14,221 - my_logger - INFO - evaluating......
2023-06-07 15:49:14,221 - my_logger - INFO - epoch 160, valid loss: 0.2080, valid auc: 98.55%
2023-06-07 15:49:14,240 - my_logger - INFO - epoch 161, train loss: 0.0076
2023-06-07 15:49:14,256 - my_logger - INFO - epoch 162, train loss: 0.0074
2023-06-07 15:49:14,266 - my_logger - INFO - evaluating......
2023-06-07 15:49:14,266 - my_logger - INFO - epoch 162, valid loss: 0.2089, valid auc: 98.56%
2023-06-07 15:49:14,284 - my_logger - INFO - epoch 163, train loss: 0.0072
2023-06-07 15:49:14,300 - my_logger - INFO - epoch 164, train loss: 0.0071
2023-06-07 15:49:14,310 - my_logger - INFO - evaluating......
2023-06-07 15:49:14,310 - my_logger - INFO - epoch 164, valid loss: 0.2099, valid auc: 98.56%
2023-06-07 15:49:14,328 - my_logger - INFO - epoch 165, train loss: 0.0069
2023-06-07 15:49:14,344 - my_logger - INFO - epoch 166, train loss: 0.0067
2023-06-07 15:49:14,354 - my_logger - INFO - evaluating......
2023-06-07 15:49:14,354 - my_logger - INFO - epoch 166, valid loss: 0.2108, valid auc: 98.56%
2023-06-07 15:49:14,372 - my_logger - INFO - epoch 167, train loss: 0.0066
2023-06-07 15:49:14,389 - my_logger - INFO - epoch 168, train loss: 0.0064
2023-06-07 15:49:14,399 - my_logger - INFO - evaluating......
2023-06-07 15:49:14,399 - my_logger - INFO - epoch 168, valid loss: 0.2119, valid auc: 98.57%
2023-06-07 15:49:14,418 - my_logger - INFO - epoch 169, train loss: 0.0063
2023-06-07 15:49:14,436 - my_logger - INFO - epoch 170, train loss: 0.0062
2023-06-07 15:49:14,446 - my_logger - INFO - evaluating......
2023-06-07 15:49:14,446 - my_logger - INFO - epoch 170, valid loss: 0.2129, valid auc: 98.57%
2023-06-07 15:49:14,464 - my_logger - INFO - epoch 171, train loss: 0.0060
2023-06-07 15:49:14,480 - my_logger - INFO - epoch 172, train loss: 0.0059
2023-06-07 15:49:14,490 - my_logger - INFO - evaluating......
2023-06-07 15:49:14,490 - my_logger - INFO - epoch 172, valid loss: 0.2139, valid auc: 98.57%
2023-06-07 15:49:14,508 - my_logger - INFO - epoch 173, train loss: 0.0057
2023-06-07 15:49:14,525 - my_logger - INFO - epoch 174, train loss: 0.0056
2023-06-07 15:49:14,535 - my_logger - INFO - evaluating......
2023-06-07 15:49:14,535 - my_logger - INFO - epoch 174, valid loss: 0.2148, valid auc: 98.57%
2023-06-07 15:49:14,555 - my_logger - INFO - epoch 175, train loss: 0.0055
2023-06-07 15:49:14,571 - my_logger - INFO - epoch 176, train loss: 0.0054
2023-06-07 15:49:14,581 - my_logger - INFO - evaluating......
2023-06-07 15:49:14,582 - my_logger - INFO - epoch 176, valid loss: 0.2158, valid auc: 98.58%
2023-06-07 15:49:14,599 - my_logger - INFO - epoch 177, train loss: 0.0052
2023-06-07 15:49:14,617 - my_logger - INFO - epoch 178, train loss: 0.0051
2023-06-07 15:49:14,627 - my_logger - INFO - evaluating......
2023-06-07 15:49:14,628 - my_logger - INFO - epoch 178, valid loss: 0.2168, valid auc: 98.58%
2023-06-07 15:49:14,645 - my_logger - INFO - epoch 179, train loss: 0.0050
2023-06-07 15:49:14,662 - my_logger - INFO - epoch 180, train loss: 0.0049
2023-06-07 15:49:14,672 - my_logger - INFO - evaluating......
2023-06-07 15:49:14,672 - my_logger - INFO - epoch 180, valid loss: 0.2178, valid auc: 98.58%
2023-06-07 15:49:14,690 - my_logger - INFO - epoch 181, train loss: 0.0048
2023-06-07 15:49:14,706 - my_logger - INFO - epoch 182, train loss: 0.0047
2023-06-07 15:49:14,716 - my_logger - INFO - evaluating......
2023-06-07 15:49:14,716 - my_logger - INFO - epoch 182, valid loss: 0.2188, valid auc: 98.58%
2023-06-07 15:49:14,734 - my_logger - INFO - epoch 183, train loss: 0.0046
2023-06-07 15:49:14,751 - my_logger - INFO - epoch 184, train loss: 0.0045
2023-06-07 15:49:14,761 - my_logger - INFO - evaluating......
2023-06-07 15:49:14,761 - my_logger - INFO - epoch 184, valid loss: 0.2199, valid auc: 98.58%
2023-06-07 15:49:14,780 - my_logger - INFO - epoch 185, train loss: 0.0044
2023-06-07 15:49:14,796 - my_logger - INFO - epoch 186, train loss: 0.0043
2023-06-07 15:49:14,806 - my_logger - INFO - evaluating......
2023-06-07 15:49:14,806 - my_logger - INFO - epoch 186, valid loss: 0.2209, valid auc: 98.59%
2023-06-07 15:49:14,824 - my_logger - INFO - epoch 187, train loss: 0.0042
2023-06-07 15:49:14,840 - my_logger - INFO - epoch 188, train loss: 0.0041
2023-06-07 15:49:14,850 - my_logger - INFO - evaluating......
2023-06-07 15:49:14,850 - my_logger - INFO - epoch 188, valid loss: 0.2220, valid auc: 98.59%
2023-06-07 15:49:14,868 - my_logger - INFO - epoch 189, train loss: 0.0040
2023-06-07 15:49:14,884 - my_logger - INFO - epoch 190, train loss: 0.0039
2023-06-07 15:49:14,894 - my_logger - INFO - evaluating......
2023-06-07 15:49:14,895 - my_logger - INFO - epoch 190, valid loss: 0.2231, valid auc: 98.59%
2023-06-07 15:49:14,913 - my_logger - INFO - epoch 191, train loss: 0.0038
2023-06-07 15:49:14,931 - my_logger - INFO - epoch 192, train loss: 0.0037
2023-06-07 15:49:14,942 - my_logger - INFO - evaluating......
2023-06-07 15:49:14,942 - my_logger - INFO - epoch 192, valid loss: 0.2241, valid auc: 98.59%
2023-06-07 15:49:14,952 - my_logger - INFO - epoch 193, train loss: 0.0036
2023-06-07 15:49:14,969 - my_logger - INFO - epoch 194, train loss: 0.0036
2023-06-07 15:49:14,979 - my_logger - INFO - evaluating......
2023-06-07 15:49:14,979 - my_logger - INFO - epoch 194, valid loss: 0.2252, valid auc: 98.59%
2023-06-07 15:49:14,988 - my_logger - INFO - epoch 195, train loss: 0.0035
2023-06-07 15:49:15,004 - my_logger - INFO - epoch 196, train loss: 0.0034
2023-06-07 15:49:15,014 - my_logger - INFO - evaluating......
2023-06-07 15:49:15,014 - my_logger - INFO - epoch 196, valid loss: 0.2262, valid auc: 98.59%
2023-06-07 15:49:15,023 - my_logger - INFO - epoch 197, train loss: 0.0033
2023-06-07 15:49:15,039 - my_logger - INFO - epoch 198, train loss: 0.0033
2023-06-07 15:49:15,049 - my_logger - INFO - evaluating......
2023-06-07 15:49:15,049 - my_logger - INFO - epoch 198, valid loss: 0.2273, valid auc: 98.59%
2023-06-07 15:49:15,058 - my_logger - INFO - epoch 199, train loss: 0.0032
2023-06-07 15:49:15,059 - my_logger - INFO - total train time used: 5.0897s
2023-06-07 15:49:15,059 - my_logger - INFO - testing......
2023-06-07 15:49:15,076 - my_logger - INFO - test auc: 98.16%
