2023-06-07 15:44:46,808 - my_logger - INFO - training......
2023-06-07 15:44:47,622 - my_logger - INFO - epoch 0, train loss: 0.6930
2023-06-07 15:44:47,629 - my_logger - INFO - evaluating......
2023-06-07 15:44:47,630 - my_logger - INFO - epoch 0, valid loss: 0.6930, valid auc: 92.35%
2023-06-07 15:44:47,636 - my_logger - INFO - epoch 1, train loss: 0.6923
2023-06-07 15:44:47,645 - my_logger - INFO - epoch 2, train loss: 0.6908
2023-06-07 15:44:47,649 - my_logger - INFO - evaluating......
2023-06-07 15:44:47,649 - my_logger - INFO - epoch 2, valid loss: 0.6912, valid auc: 75.43%
2023-06-07 15:44:47,655 - my_logger - INFO - epoch 3, train loss: 0.6888
2023-06-07 15:44:47,662 - my_logger - INFO - epoch 4, train loss: 0.6870
2023-06-07 15:44:47,666 - my_logger - INFO - evaluating......
2023-06-07 15:44:47,666 - my_logger - INFO - epoch 4, valid loss: 0.6883, valid auc: 73.25%
2023-06-07 15:44:47,671 - my_logger - INFO - epoch 5, train loss: 0.6854
2023-06-07 15:44:47,678 - my_logger - INFO - epoch 6, train loss: 0.6834
2023-06-07 15:44:47,682 - my_logger - INFO - evaluating......
2023-06-07 15:44:47,682 - my_logger - INFO - epoch 6, valid loss: 0.6859, valid auc: 72.69%
2023-06-07 15:44:47,687 - my_logger - INFO - epoch 7, train loss: 0.6811
2023-06-07 15:44:47,694 - my_logger - INFO - epoch 8, train loss: 0.6786
2023-06-07 15:44:47,698 - my_logger - INFO - evaluating......
2023-06-07 15:44:47,698 - my_logger - INFO - epoch 8, valid loss: 0.6821, valid auc: 72.26%
2023-06-07 15:44:47,703 - my_logger - INFO - epoch 9, train loss: 0.6760
2023-06-07 15:44:47,711 - my_logger - INFO - epoch 10, train loss: 0.6734
2023-06-07 15:44:47,715 - my_logger - INFO - evaluating......
2023-06-07 15:44:47,715 - my_logger - INFO - epoch 10, valid loss: 0.6778, valid auc: 72.12%
2023-06-07 15:44:47,720 - my_logger - INFO - epoch 11, train loss: 0.6709
2023-06-07 15:44:47,727 - my_logger - INFO - epoch 12, train loss: 0.6683
2023-06-07 15:44:47,731 - my_logger - INFO - evaluating......
2023-06-07 15:44:47,731 - my_logger - INFO - epoch 12, valid loss: 0.6736, valid auc: 72.31%
2023-06-07 15:44:47,736 - my_logger - INFO - epoch 13, train loss: 0.6658
2023-06-07 15:44:47,743 - my_logger - INFO - epoch 14, train loss: 0.6632
2023-06-07 15:44:47,746 - my_logger - INFO - evaluating......
2023-06-07 15:44:47,747 - my_logger - INFO - epoch 14, valid loss: 0.6695, valid auc: 72.65%
2023-06-07 15:44:47,752 - my_logger - INFO - epoch 15, train loss: 0.6607
2023-06-07 15:44:47,759 - my_logger - INFO - epoch 16, train loss: 0.6581
2023-06-07 15:44:47,762 - my_logger - INFO - evaluating......
2023-06-07 15:44:47,763 - my_logger - INFO - epoch 16, valid loss: 0.6654, valid auc: 72.99%
2023-06-07 15:44:47,768 - my_logger - INFO - epoch 17, train loss: 0.6556
2023-06-07 15:44:47,775 - my_logger - INFO - epoch 18, train loss: 0.6531
2023-06-07 15:44:47,779 - my_logger - INFO - evaluating......
2023-06-07 15:44:47,779 - my_logger - INFO - epoch 18, valid loss: 0.6614, valid auc: 73.53%
2023-06-07 15:44:47,784 - my_logger - INFO - epoch 19, train loss: 0.6505
2023-06-07 15:44:47,791 - my_logger - INFO - epoch 20, train loss: 0.6480
2023-06-07 15:44:47,794 - my_logger - INFO - evaluating......
2023-06-07 15:44:47,795 - my_logger - INFO - epoch 20, valid loss: 0.6570, valid auc: 74.34%
2023-06-07 15:44:47,800 - my_logger - INFO - epoch 21, train loss: 0.6453
2023-06-07 15:44:47,806 - my_logger - INFO - epoch 22, train loss: 0.6427
2023-06-07 15:44:47,810 - my_logger - INFO - evaluating......
2023-06-07 15:44:47,810 - my_logger - INFO - epoch 22, valid loss: 0.6523, valid auc: 75.39%
2023-06-07 15:44:47,816 - my_logger - INFO - epoch 23, train loss: 0.6401
2023-06-07 15:44:47,823 - my_logger - INFO - epoch 24, train loss: 0.6374
2023-06-07 15:44:47,826 - my_logger - INFO - evaluating......
2023-06-07 15:44:47,826 - my_logger - INFO - epoch 24, valid loss: 0.6475, valid auc: 76.51%
2023-06-07 15:44:47,832 - my_logger - INFO - epoch 25, train loss: 0.6347
2023-06-07 15:44:47,839 - my_logger - INFO - epoch 26, train loss: 0.6319
2023-06-07 15:44:47,842 - my_logger - INFO - evaluating......
2023-06-07 15:44:47,843 - my_logger - INFO - epoch 26, valid loss: 0.6427, valid auc: 77.53%
2023-06-07 15:44:47,848 - my_logger - INFO - epoch 27, train loss: 0.6291
2023-06-07 15:44:47,855 - my_logger - INFO - epoch 28, train loss: 0.6263
2023-06-07 15:44:47,859 - my_logger - INFO - evaluating......
2023-06-07 15:44:47,859 - my_logger - INFO - epoch 28, valid loss: 0.6377, valid auc: 78.46%
2023-06-07 15:44:47,864 - my_logger - INFO - epoch 29, train loss: 0.6234
2023-06-07 15:44:47,871 - my_logger - INFO - epoch 30, train loss: 0.6204
2023-06-07 15:44:47,875 - my_logger - INFO - evaluating......
2023-06-07 15:44:47,875 - my_logger - INFO - epoch 30, valid loss: 0.6324, valid auc: 79.56%
2023-06-07 15:44:47,880 - my_logger - INFO - epoch 31, train loss: 0.6174
2023-06-07 15:44:47,887 - my_logger - INFO - epoch 32, train loss: 0.6144
2023-06-07 15:44:47,891 - my_logger - INFO - evaluating......
2023-06-07 15:44:47,891 - my_logger - INFO - epoch 32, valid loss: 0.6267, valid auc: 80.91%
2023-06-07 15:44:47,897 - my_logger - INFO - epoch 33, train loss: 0.6113
2023-06-07 15:44:47,904 - my_logger - INFO - epoch 34, train loss: 0.6081
2023-06-07 15:44:47,908 - my_logger - INFO - evaluating......
2023-06-07 15:44:47,908 - my_logger - INFO - epoch 34, valid loss: 0.6207, valid auc: 82.25%
2023-06-07 15:44:47,915 - my_logger - INFO - epoch 35, train loss: 0.6049
2023-06-07 15:44:47,923 - my_logger - INFO - epoch 36, train loss: 0.6016
2023-06-07 15:44:47,927 - my_logger - INFO - evaluating......
2023-06-07 15:44:47,927 - my_logger - INFO - epoch 36, valid loss: 0.6145, valid auc: 83.29%
2023-06-07 15:44:47,933 - my_logger - INFO - epoch 37, train loss: 0.5983
2023-06-07 15:44:47,940 - my_logger - INFO - epoch 38, train loss: 0.5949
2023-06-07 15:44:47,944 - my_logger - INFO - evaluating......
2023-06-07 15:44:47,944 - my_logger - INFO - epoch 38, valid loss: 0.6083, valid auc: 84.15%
2023-06-07 15:44:47,950 - my_logger - INFO - epoch 39, train loss: 0.5915
2023-06-07 15:44:47,957 - my_logger - INFO - epoch 40, train loss: 0.5881
2023-06-07 15:44:47,961 - my_logger - INFO - evaluating......
2023-06-07 15:44:47,961 - my_logger - INFO - epoch 40, valid loss: 0.6018, valid auc: 84.99%
2023-06-07 15:44:47,966 - my_logger - INFO - epoch 41, train loss: 0.5846
2023-06-07 15:44:47,973 - my_logger - INFO - epoch 42, train loss: 0.5811
2023-06-07 15:44:47,977 - my_logger - INFO - evaluating......
2023-06-07 15:44:47,977 - my_logger - INFO - epoch 42, valid loss: 0.5951, valid auc: 85.72%
2023-06-07 15:44:47,982 - my_logger - INFO - epoch 43, train loss: 0.5776
2023-06-07 15:44:47,989 - my_logger - INFO - epoch 44, train loss: 0.5740
2023-06-07 15:44:47,993 - my_logger - INFO - evaluating......
2023-06-07 15:44:47,993 - my_logger - INFO - epoch 44, valid loss: 0.5884, valid auc: 86.32%
2023-06-07 15:44:47,998 - my_logger - INFO - epoch 45, train loss: 0.5705
2023-06-07 15:44:48,005 - my_logger - INFO - epoch 46, train loss: 0.5670
2023-06-07 15:44:48,009 - my_logger - INFO - evaluating......
2023-06-07 15:44:48,009 - my_logger - INFO - epoch 46, valid loss: 0.5818, valid auc: 86.79%
2023-06-07 15:44:48,014 - my_logger - INFO - epoch 47, train loss: 0.5634
2023-06-07 15:44:48,021 - my_logger - INFO - epoch 48, train loss: 0.5599
2023-06-07 15:44:48,025 - my_logger - INFO - evaluating......
2023-06-07 15:44:48,025 - my_logger - INFO - epoch 48, valid loss: 0.5752, valid auc: 87.21%
2023-06-07 15:44:48,030 - my_logger - INFO - epoch 49, train loss: 0.5564
2023-06-07 15:44:48,037 - my_logger - INFO - epoch 50, train loss: 0.5529
2023-06-07 15:44:48,041 - my_logger - INFO - evaluating......
2023-06-07 15:44:48,041 - my_logger - INFO - epoch 50, valid loss: 0.5687, valid auc: 87.63%
2023-06-07 15:44:48,047 - my_logger - INFO - epoch 51, train loss: 0.5495
2023-06-07 15:44:48,054 - my_logger - INFO - epoch 52, train loss: 0.5462
2023-06-07 15:44:48,058 - my_logger - INFO - evaluating......
2023-06-07 15:44:48,058 - my_logger - INFO - epoch 52, valid loss: 0.5624, valid auc: 88.00%
2023-06-07 15:44:48,064 - my_logger - INFO - epoch 53, train loss: 0.5428
2023-06-07 15:44:48,070 - my_logger - INFO - epoch 54, train loss: 0.5396
2023-06-07 15:44:48,074 - my_logger - INFO - evaluating......
2023-06-07 15:44:48,074 - my_logger - INFO - epoch 54, valid loss: 0.5564, valid auc: 88.30%
2023-06-07 15:44:48,080 - my_logger - INFO - epoch 55, train loss: 0.5364
2023-06-07 15:44:48,088 - my_logger - INFO - epoch 56, train loss: 0.5333
2023-06-07 15:44:48,093 - my_logger - INFO - evaluating......
2023-06-07 15:44:48,093 - my_logger - INFO - epoch 56, valid loss: 0.5507, valid auc: 88.58%
2023-06-07 15:44:48,099 - my_logger - INFO - epoch 57, train loss: 0.5302
2023-06-07 15:44:48,106 - my_logger - INFO - epoch 58, train loss: 0.5273
2023-06-07 15:44:48,110 - my_logger - INFO - evaluating......
2023-06-07 15:44:48,111 - my_logger - INFO - epoch 58, valid loss: 0.5453, valid auc: 88.85%
2023-06-07 15:44:48,117 - my_logger - INFO - epoch 59, train loss: 0.5244
2023-06-07 15:44:48,124 - my_logger - INFO - epoch 60, train loss: 0.5215
2023-06-07 15:44:48,128 - my_logger - INFO - evaluating......
2023-06-07 15:44:48,129 - my_logger - INFO - epoch 60, valid loss: 0.5403, valid auc: 89.09%
2023-06-07 15:44:48,135 - my_logger - INFO - epoch 61, train loss: 0.5188
2023-06-07 15:44:48,142 - my_logger - INFO - epoch 62, train loss: 0.5161
2023-06-07 15:44:48,146 - my_logger - INFO - evaluating......
2023-06-07 15:44:48,146 - my_logger - INFO - epoch 62, valid loss: 0.5356, valid auc: 89.30%
2023-06-07 15:44:48,152 - my_logger - INFO - epoch 63, train loss: 0.5135
2023-06-07 15:44:48,159 - my_logger - INFO - epoch 64, train loss: 0.5110
2023-06-07 15:44:48,165 - my_logger - INFO - evaluating......
2023-06-07 15:44:48,165 - my_logger - INFO - epoch 64, valid loss: 0.5313, valid auc: 89.52%
2023-06-07 15:44:48,171 - my_logger - INFO - epoch 65, train loss: 0.5086
2023-06-07 15:44:48,178 - my_logger - INFO - epoch 66, train loss: 0.5062
2023-06-07 15:44:48,182 - my_logger - INFO - evaluating......
2023-06-07 15:44:48,182 - my_logger - INFO - epoch 66, valid loss: 0.5273, valid auc: 89.71%
2023-06-07 15:44:48,188 - my_logger - INFO - epoch 67, train loss: 0.5039
2023-06-07 15:44:48,196 - my_logger - INFO - epoch 68, train loss: 0.5017
2023-06-07 15:44:48,201 - my_logger - INFO - evaluating......
2023-06-07 15:44:48,201 - my_logger - INFO - epoch 68, valid loss: 0.5236, valid auc: 89.90%
2023-06-07 15:44:48,208 - my_logger - INFO - epoch 69, train loss: 0.4995
2023-06-07 15:44:48,217 - my_logger - INFO - epoch 70, train loss: 0.4973
2023-06-07 15:44:48,221 - my_logger - INFO - evaluating......
2023-06-07 15:44:48,222 - my_logger - INFO - epoch 70, valid loss: 0.5201, valid auc: 90.09%
2023-06-07 15:44:48,228 - my_logger - INFO - epoch 71, train loss: 0.4953
2023-06-07 15:44:48,236 - my_logger - INFO - epoch 72, train loss: 0.4932
2023-06-07 15:44:48,241 - my_logger - INFO - evaluating......
2023-06-07 15:44:48,241 - my_logger - INFO - epoch 72, valid loss: 0.5170, valid auc: 90.27%
2023-06-07 15:44:48,248 - my_logger - INFO - epoch 73, train loss: 0.4912
2023-06-07 15:44:48,256 - my_logger - INFO - epoch 74, train loss: 0.4893
2023-06-07 15:44:48,260 - my_logger - INFO - evaluating......
2023-06-07 15:44:48,260 - my_logger - INFO - epoch 74, valid loss: 0.5140, valid auc: 90.45%
2023-06-07 15:44:48,266 - my_logger - INFO - epoch 75, train loss: 0.4874
2023-06-07 15:44:48,274 - my_logger - INFO - epoch 76, train loss: 0.4855
2023-06-07 15:44:48,279 - my_logger - INFO - evaluating......
2023-06-07 15:44:48,279 - my_logger - INFO - epoch 76, valid loss: 0.5112, valid auc: 90.63%
2023-06-07 15:44:48,285 - my_logger - INFO - epoch 77, train loss: 0.4837
2023-06-07 15:44:48,292 - my_logger - INFO - epoch 78, train loss: 0.4819
2023-06-07 15:44:48,296 - my_logger - INFO - evaluating......
2023-06-07 15:44:48,296 - my_logger - INFO - epoch 78, valid loss: 0.5086, valid auc: 90.81%
2023-06-07 15:44:48,302 - my_logger - INFO - epoch 79, train loss: 0.4801
2023-06-07 15:44:48,309 - my_logger - INFO - epoch 80, train loss: 0.4784
2023-06-07 15:44:48,314 - my_logger - INFO - evaluating......
2023-06-07 15:44:48,314 - my_logger - INFO - epoch 80, valid loss: 0.5061, valid auc: 90.98%
2023-06-07 15:44:48,320 - my_logger - INFO - epoch 81, train loss: 0.4766
2023-06-07 15:44:48,328 - my_logger - INFO - epoch 82, train loss: 0.4750
2023-06-07 15:44:48,333 - my_logger - INFO - evaluating......
2023-06-07 15:44:48,333 - my_logger - INFO - epoch 82, valid loss: 0.5037, valid auc: 91.15%
2023-06-07 15:44:48,338 - my_logger - INFO - epoch 83, train loss: 0.4733
2023-06-07 15:44:48,346 - my_logger - INFO - epoch 84, train loss: 0.4716
2023-06-07 15:44:48,351 - my_logger - INFO - evaluating......
2023-06-07 15:44:48,351 - my_logger - INFO - epoch 84, valid loss: 0.5015, valid auc: 91.34%
2023-06-07 15:44:48,356 - my_logger - INFO - epoch 85, train loss: 0.4700
2023-06-07 15:44:48,365 - my_logger - INFO - epoch 86, train loss: 0.4684
2023-06-07 15:44:48,370 - my_logger - INFO - evaluating......
2023-06-07 15:44:48,370 - my_logger - INFO - epoch 86, valid loss: 0.4993, valid auc: 91.50%
2023-06-07 15:44:48,376 - my_logger - INFO - epoch 87, train loss: 0.4668
2023-06-07 15:44:48,383 - my_logger - INFO - epoch 88, train loss: 0.4652
2023-06-07 15:44:48,388 - my_logger - INFO - evaluating......
2023-06-07 15:44:48,388 - my_logger - INFO - epoch 88, valid loss: 0.4973, valid auc: 91.67%
2023-06-07 15:44:48,393 - my_logger - INFO - epoch 89, train loss: 0.4637
2023-06-07 15:44:48,401 - my_logger - INFO - epoch 90, train loss: 0.4622
2023-06-07 15:44:48,406 - my_logger - INFO - evaluating......
2023-06-07 15:44:48,406 - my_logger - INFO - epoch 90, valid loss: 0.4953, valid auc: 91.83%
2023-06-07 15:44:48,413 - my_logger - INFO - epoch 91, train loss: 0.4607
2023-06-07 15:44:48,422 - my_logger - INFO - epoch 92, train loss: 0.4592
2023-06-07 15:44:48,426 - my_logger - INFO - evaluating......
2023-06-07 15:44:48,426 - my_logger - INFO - epoch 92, valid loss: 0.4935, valid auc: 92.00%
2023-06-07 15:44:48,432 - my_logger - INFO - epoch 93, train loss: 0.4577
2023-06-07 15:44:48,441 - my_logger - INFO - epoch 94, train loss: 0.4563
2023-06-07 15:44:48,446 - my_logger - INFO - evaluating......
2023-06-07 15:44:48,446 - my_logger - INFO - epoch 94, valid loss: 0.4917, valid auc: 92.15%
2023-06-07 15:44:48,452 - my_logger - INFO - epoch 95, train loss: 0.4549
2023-06-07 15:44:48,461 - my_logger - INFO - epoch 96, train loss: 0.4535
2023-06-07 15:44:48,466 - my_logger - INFO - evaluating......
2023-06-07 15:44:48,466 - my_logger - INFO - epoch 96, valid loss: 0.4900, valid auc: 92.30%
2023-06-07 15:44:48,472 - my_logger - INFO - epoch 97, train loss: 0.4521
2023-06-07 15:44:48,481 - my_logger - INFO - epoch 98, train loss: 0.4507
2023-06-07 15:44:48,485 - my_logger - INFO - evaluating......
2023-06-07 15:44:48,485 - my_logger - INFO - epoch 98, valid loss: 0.4884, valid auc: 92.44%
2023-06-07 15:44:48,491 - my_logger - INFO - epoch 99, train loss: 0.4494
2023-06-07 15:44:48,500 - my_logger - INFO - epoch 100, train loss: 0.4481
2023-06-07 15:44:48,504 - my_logger - INFO - evaluating......
2023-06-07 15:44:48,504 - my_logger - INFO - epoch 100, valid loss: 0.4868, valid auc: 92.58%
2023-06-07 15:44:48,511 - my_logger - INFO - epoch 101, train loss: 0.4468
2023-06-07 15:44:48,519 - my_logger - INFO - epoch 102, train loss: 0.4455
2023-06-07 15:44:48,523 - my_logger - INFO - evaluating......
2023-06-07 15:44:48,523 - my_logger - INFO - epoch 102, valid loss: 0.4853, valid auc: 92.72%
2023-06-07 15:44:48,530 - my_logger - INFO - epoch 103, train loss: 0.4442
2023-06-07 15:44:48,537 - my_logger - INFO - epoch 104, train loss: 0.4429
2023-06-07 15:44:48,540 - my_logger - INFO - evaluating......
2023-06-07 15:44:48,541 - my_logger - INFO - epoch 104, valid loss: 0.4839, valid auc: 92.85%
2023-06-07 15:44:48,547 - my_logger - INFO - epoch 105, train loss: 0.4417
2023-06-07 15:44:48,553 - my_logger - INFO - epoch 106, train loss: 0.4405
2023-06-07 15:44:48,557 - my_logger - INFO - evaluating......
2023-06-07 15:44:48,557 - my_logger - INFO - epoch 106, valid loss: 0.4826, valid auc: 92.99%
2023-06-07 15:44:48,564 - my_logger - INFO - epoch 107, train loss: 0.4393
2023-06-07 15:44:48,570 - my_logger - INFO - epoch 108, train loss: 0.4381
2023-06-07 15:44:48,574 - my_logger - INFO - evaluating......
2023-06-07 15:44:48,574 - my_logger - INFO - epoch 108, valid loss: 0.4813, valid auc: 93.10%
2023-06-07 15:44:48,580 - my_logger - INFO - epoch 109, train loss: 0.4369
2023-06-07 15:44:48,587 - my_logger - INFO - epoch 110, train loss: 0.4357
2023-06-07 15:44:48,591 - my_logger - INFO - evaluating......
2023-06-07 15:44:48,591 - my_logger - INFO - epoch 110, valid loss: 0.4801, valid auc: 93.22%
2023-06-07 15:44:48,597 - my_logger - INFO - epoch 111, train loss: 0.4346
2023-06-07 15:44:48,604 - my_logger - INFO - epoch 112, train loss: 0.4334
2023-06-07 15:44:48,608 - my_logger - INFO - evaluating......
2023-06-07 15:44:48,608 - my_logger - INFO - epoch 112, valid loss: 0.4789, valid auc: 93.33%
2023-06-07 15:44:48,614 - my_logger - INFO - epoch 113, train loss: 0.4323
2023-06-07 15:44:48,621 - my_logger - INFO - epoch 114, train loss: 0.4311
2023-06-07 15:44:48,625 - my_logger - INFO - evaluating......
2023-06-07 15:44:48,625 - my_logger - INFO - epoch 114, valid loss: 0.4778, valid auc: 93.43%
2023-06-07 15:44:48,632 - my_logger - INFO - epoch 115, train loss: 0.4300
2023-06-07 15:44:48,638 - my_logger - INFO - epoch 116, train loss: 0.4289
2023-06-07 15:44:48,642 - my_logger - INFO - evaluating......
2023-06-07 15:44:48,643 - my_logger - INFO - epoch 116, valid loss: 0.4767, valid auc: 93.53%
2023-06-07 15:44:48,649 - my_logger - INFO - epoch 117, train loss: 0.4278
2023-06-07 15:44:48,657 - my_logger - INFO - epoch 118, train loss: 0.4267
2023-06-07 15:44:48,661 - my_logger - INFO - evaluating......
2023-06-07 15:44:48,661 - my_logger - INFO - epoch 118, valid loss: 0.4757, valid auc: 93.63%
2023-06-07 15:44:48,667 - my_logger - INFO - epoch 119, train loss: 0.4256
2023-06-07 15:44:48,674 - my_logger - INFO - epoch 120, train loss: 0.4246
2023-06-07 15:44:48,677 - my_logger - INFO - evaluating......
2023-06-07 15:44:48,678 - my_logger - INFO - epoch 120, valid loss: 0.4747, valid auc: 93.72%
2023-06-07 15:44:48,684 - my_logger - INFO - epoch 121, train loss: 0.4235
2023-06-07 15:44:48,690 - my_logger - INFO - epoch 122, train loss: 0.4225
2023-06-07 15:44:48,694 - my_logger - INFO - evaluating......
2023-06-07 15:44:48,694 - my_logger - INFO - epoch 122, valid loss: 0.4737, valid auc: 93.81%
2023-06-07 15:44:48,701 - my_logger - INFO - epoch 123, train loss: 0.4214
2023-06-07 15:44:48,708 - my_logger - INFO - epoch 124, train loss: 0.4204
2023-06-07 15:44:48,713 - my_logger - INFO - evaluating......
2023-06-07 15:44:48,713 - my_logger - INFO - epoch 124, valid loss: 0.4728, valid auc: 93.90%
2023-06-07 15:44:48,719 - my_logger - INFO - epoch 125, train loss: 0.4193
2023-06-07 15:44:48,732 - my_logger - INFO - epoch 126, train loss: 0.4183
2023-06-07 15:44:48,738 - my_logger - INFO - evaluating......
2023-06-07 15:44:48,739 - my_logger - INFO - epoch 126, valid loss: 0.4719, valid auc: 93.98%
2023-06-07 15:44:48,746 - my_logger - INFO - epoch 127, train loss: 0.4173
2023-06-07 15:44:48,755 - my_logger - INFO - epoch 128, train loss: 0.4162
2023-06-07 15:44:48,759 - my_logger - INFO - evaluating......
2023-06-07 15:44:48,759 - my_logger - INFO - epoch 128, valid loss: 0.4710, valid auc: 94.07%
2023-06-07 15:44:48,766 - my_logger - INFO - epoch 129, train loss: 0.4152
2023-06-07 15:44:48,773 - my_logger - INFO - epoch 130, train loss: 0.4142
2023-06-07 15:44:48,777 - my_logger - INFO - evaluating......
2023-06-07 15:44:48,777 - my_logger - INFO - epoch 130, valid loss: 0.4702, valid auc: 94.15%
2023-06-07 15:44:48,784 - my_logger - INFO - epoch 131, train loss: 0.4132
2023-06-07 15:44:48,791 - my_logger - INFO - epoch 132, train loss: 0.4122
2023-06-07 15:44:48,795 - my_logger - INFO - evaluating......
2023-06-07 15:44:48,795 - my_logger - INFO - epoch 132, valid loss: 0.4694, valid auc: 94.23%
2023-06-07 15:44:48,802 - my_logger - INFO - epoch 133, train loss: 0.4112
2023-06-07 15:44:48,809 - my_logger - INFO - epoch 134, train loss: 0.4102
2023-06-07 15:44:48,813 - my_logger - INFO - evaluating......
2023-06-07 15:44:48,813 - my_logger - INFO - epoch 134, valid loss: 0.4687, valid auc: 94.30%
2023-06-07 15:44:48,819 - my_logger - INFO - epoch 135, train loss: 0.4092
2023-06-07 15:44:48,826 - my_logger - INFO - epoch 136, train loss: 0.4082
2023-06-07 15:44:48,830 - my_logger - INFO - evaluating......
2023-06-07 15:44:48,830 - my_logger - INFO - epoch 136, valid loss: 0.4679, valid auc: 94.38%
2023-06-07 15:44:48,836 - my_logger - INFO - epoch 137, train loss: 0.4073
2023-06-07 15:44:48,843 - my_logger - INFO - epoch 138, train loss: 0.4063
2023-06-07 15:44:48,847 - my_logger - INFO - evaluating......
2023-06-07 15:44:48,847 - my_logger - INFO - epoch 138, valid loss: 0.4672, valid auc: 94.45%
2023-06-07 15:44:48,853 - my_logger - INFO - epoch 139, train loss: 0.4053
2023-06-07 15:44:48,860 - my_logger - INFO - epoch 140, train loss: 0.4044
2023-06-07 15:44:48,865 - my_logger - INFO - evaluating......
2023-06-07 15:44:48,865 - my_logger - INFO - epoch 140, valid loss: 0.4665, valid auc: 94.52%
2023-06-07 15:44:48,870 - my_logger - INFO - epoch 141, train loss: 0.4034
2023-06-07 15:44:48,877 - my_logger - INFO - epoch 142, train loss: 0.4025
2023-06-07 15:44:48,881 - my_logger - INFO - evaluating......
2023-06-07 15:44:48,881 - my_logger - INFO - epoch 142, valid loss: 0.4659, valid auc: 94.58%
2023-06-07 15:44:48,887 - my_logger - INFO - epoch 143, train loss: 0.4015
2023-06-07 15:44:48,893 - my_logger - INFO - epoch 144, train loss: 0.4006
2023-06-07 15:44:48,898 - my_logger - INFO - evaluating......
2023-06-07 15:44:48,898 - my_logger - INFO - epoch 144, valid loss: 0.4653, valid auc: 94.65%
2023-06-07 15:44:48,904 - my_logger - INFO - epoch 145, train loss: 0.3996
2023-06-07 15:44:48,910 - my_logger - INFO - epoch 146, train loss: 0.3987
2023-06-07 15:44:48,915 - my_logger - INFO - evaluating......
2023-06-07 15:44:48,915 - my_logger - INFO - epoch 146, valid loss: 0.4647, valid auc: 94.71%
2023-06-07 15:44:48,921 - my_logger - INFO - epoch 147, train loss: 0.3978
2023-06-07 15:44:48,929 - my_logger - INFO - epoch 148, train loss: 0.3968
2023-06-07 15:44:48,932 - my_logger - INFO - evaluating......
2023-06-07 15:44:48,933 - my_logger - INFO - epoch 148, valid loss: 0.4641, valid auc: 94.77%
2023-06-07 15:44:48,938 - my_logger - INFO - epoch 149, train loss: 0.3959
2023-06-07 15:44:48,945 - my_logger - INFO - epoch 150, train loss: 0.3950
2023-06-07 15:44:48,949 - my_logger - INFO - evaluating......
2023-06-07 15:44:48,949 - my_logger - INFO - epoch 150, valid loss: 0.4636, valid auc: 94.82%
2023-06-07 15:44:48,955 - my_logger - INFO - epoch 151, train loss: 0.3941
2023-06-07 15:44:48,962 - my_logger - INFO - epoch 152, train loss: 0.3932
2023-06-07 15:44:48,966 - my_logger - INFO - evaluating......
2023-06-07 15:44:48,966 - my_logger - INFO - epoch 152, valid loss: 0.4630, valid auc: 94.88%
2023-06-07 15:44:48,972 - my_logger - INFO - epoch 153, train loss: 0.3923
2023-06-07 15:44:48,979 - my_logger - INFO - epoch 154, train loss: 0.3914
2023-06-07 15:44:48,983 - my_logger - INFO - evaluating......
2023-06-07 15:44:48,984 - my_logger - INFO - epoch 154, valid loss: 0.4626, valid auc: 94.94%
2023-06-07 15:44:48,989 - my_logger - INFO - epoch 155, train loss: 0.3905
2023-06-07 15:44:48,997 - my_logger - INFO - epoch 156, train loss: 0.3896
2023-06-07 15:44:49,001 - my_logger - INFO - evaluating......
2023-06-07 15:44:49,001 - my_logger - INFO - epoch 156, valid loss: 0.4621, valid auc: 94.99%
2023-06-07 15:44:49,006 - my_logger - INFO - epoch 157, train loss: 0.3887
2023-06-07 15:44:49,014 - my_logger - INFO - epoch 158, train loss: 0.3878
2023-06-07 15:44:49,018 - my_logger - INFO - evaluating......
2023-06-07 15:44:49,018 - my_logger - INFO - epoch 158, valid loss: 0.4617, valid auc: 95.04%
2023-06-07 15:44:49,024 - my_logger - INFO - epoch 159, train loss: 0.3869
2023-06-07 15:44:49,031 - my_logger - INFO - epoch 160, train loss: 0.3860
2023-06-07 15:44:49,035 - my_logger - INFO - evaluating......
2023-06-07 15:44:49,035 - my_logger - INFO - epoch 160, valid loss: 0.4613, valid auc: 95.08%
2023-06-07 15:44:49,041 - my_logger - INFO - epoch 161, train loss: 0.3852
2023-06-07 15:44:49,048 - my_logger - INFO - epoch 162, train loss: 0.3843
2023-06-07 15:44:49,052 - my_logger - INFO - evaluating......
2023-06-07 15:44:49,052 - my_logger - INFO - epoch 162, valid loss: 0.4609, valid auc: 95.13%
2023-06-07 15:44:49,058 - my_logger - INFO - epoch 163, train loss: 0.3834
2023-06-07 15:44:49,066 - my_logger - INFO - epoch 164, train loss: 0.3825
2023-06-07 15:44:49,070 - my_logger - INFO - evaluating......
2023-06-07 15:44:49,070 - my_logger - INFO - epoch 164, valid loss: 0.4605, valid auc: 95.18%
2023-06-07 15:44:49,075 - my_logger - INFO - epoch 165, train loss: 0.3817
2023-06-07 15:44:49,083 - my_logger - INFO - epoch 166, train loss: 0.3808
2023-06-07 15:44:49,087 - my_logger - INFO - evaluating......
2023-06-07 15:44:49,087 - my_logger - INFO - epoch 166, valid loss: 0.4602, valid auc: 95.22%
2023-06-07 15:44:49,092 - my_logger - INFO - epoch 167, train loss: 0.3800
2023-06-07 15:44:49,100 - my_logger - INFO - epoch 168, train loss: 0.3791
2023-06-07 15:44:49,103 - my_logger - INFO - evaluating......
2023-06-07 15:44:49,104 - my_logger - INFO - epoch 168, valid loss: 0.4598, valid auc: 95.26%
2023-06-07 15:44:49,109 - my_logger - INFO - epoch 169, train loss: 0.3782
2023-06-07 15:44:49,116 - my_logger - INFO - epoch 170, train loss: 0.3774
2023-06-07 15:44:49,120 - my_logger - INFO - evaluating......
2023-06-07 15:44:49,120 - my_logger - INFO - epoch 170, valid loss: 0.4595, valid auc: 95.30%
2023-06-07 15:44:49,126 - my_logger - INFO - epoch 171, train loss: 0.3765
2023-06-07 15:44:49,133 - my_logger - INFO - epoch 172, train loss: 0.3757
2023-06-07 15:44:49,137 - my_logger - INFO - evaluating......
2023-06-07 15:44:49,137 - my_logger - INFO - epoch 172, valid loss: 0.4592, valid auc: 95.34%
2023-06-07 15:44:49,142 - my_logger - INFO - epoch 173, train loss: 0.3749
2023-06-07 15:44:49,150 - my_logger - INFO - epoch 174, train loss: 0.3740
2023-06-07 15:44:49,153 - my_logger - INFO - evaluating......
2023-06-07 15:44:49,153 - my_logger - INFO - epoch 174, valid loss: 0.4590, valid auc: 95.37%
2023-06-07 15:44:49,159 - my_logger - INFO - epoch 175, train loss: 0.3732
2023-06-07 15:44:49,167 - my_logger - INFO - epoch 176, train loss: 0.3723
2023-06-07 15:44:49,171 - my_logger - INFO - evaluating......
2023-06-07 15:44:49,171 - my_logger - INFO - epoch 176, valid loss: 0.4587, valid auc: 95.41%
2023-06-07 15:44:49,176 - my_logger - INFO - epoch 177, train loss: 0.3715
2023-06-07 15:44:49,183 - my_logger - INFO - epoch 178, train loss: 0.3707
2023-06-07 15:44:49,187 - my_logger - INFO - evaluating......
2023-06-07 15:44:49,187 - my_logger - INFO - epoch 178, valid loss: 0.4585, valid auc: 95.44%
2023-06-07 15:44:49,193 - my_logger - INFO - epoch 179, train loss: 0.3698
2023-06-07 15:44:49,199 - my_logger - INFO - epoch 180, train loss: 0.3690
2023-06-07 15:44:49,203 - my_logger - INFO - evaluating......
2023-06-07 15:44:49,203 - my_logger - INFO - epoch 180, valid loss: 0.4583, valid auc: 95.47%
2023-06-07 15:44:49,209 - my_logger - INFO - epoch 181, train loss: 0.3682
2023-06-07 15:44:49,217 - my_logger - INFO - epoch 182, train loss: 0.3674
2023-06-07 15:44:49,221 - my_logger - INFO - evaluating......
2023-06-07 15:44:49,222 - my_logger - INFO - epoch 182, valid loss: 0.4581, valid auc: 95.50%
2023-06-07 15:44:49,228 - my_logger - INFO - epoch 183, train loss: 0.3666
2023-06-07 15:44:49,236 - my_logger - INFO - epoch 184, train loss: 0.3657
2023-06-07 15:44:49,240 - my_logger - INFO - evaluating......
2023-06-07 15:44:49,240 - my_logger - INFO - epoch 184, valid loss: 0.4580, valid auc: 95.53%
2023-06-07 15:44:49,246 - my_logger - INFO - epoch 185, train loss: 0.3649
2023-06-07 15:44:49,253 - my_logger - INFO - epoch 186, train loss: 0.3641
2023-06-07 15:44:49,257 - my_logger - INFO - evaluating......
2023-06-07 15:44:49,257 - my_logger - INFO - epoch 186, valid loss: 0.4578, valid auc: 95.55%
2023-06-07 15:44:49,263 - my_logger - INFO - epoch 187, train loss: 0.3633
2023-06-07 15:44:49,272 - my_logger - INFO - epoch 188, train loss: 0.3625
2023-06-07 15:44:49,276 - my_logger - INFO - evaluating......
2023-06-07 15:44:49,276 - my_logger - INFO - epoch 188, valid loss: 0.4577, valid auc: 95.58%
2023-06-07 15:44:49,281 - my_logger - INFO - epoch 189, train loss: 0.3617
2023-06-07 15:44:49,288 - my_logger - INFO - epoch 190, train loss: 0.3609
2023-06-07 15:44:49,292 - my_logger - INFO - evaluating......
2023-06-07 15:44:49,292 - my_logger - INFO - epoch 190, valid loss: 0.4576, valid auc: 95.60%
2023-06-07 15:44:49,298 - my_logger - INFO - epoch 191, train loss: 0.3601
2023-06-07 15:44:49,304 - my_logger - INFO - epoch 192, train loss: 0.3593
2023-06-07 15:44:49,308 - my_logger - INFO - evaluating......
2023-06-07 15:44:49,308 - my_logger - INFO - epoch 192, valid loss: 0.4575, valid auc: 95.63%
2023-06-07 15:44:49,314 - my_logger - INFO - epoch 193, train loss: 0.3585
2023-06-07 15:44:49,321 - my_logger - INFO - epoch 194, train loss: 0.3577
2023-06-07 15:44:49,324 - my_logger - INFO - evaluating......
2023-06-07 15:44:49,325 - my_logger - INFO - epoch 194, valid loss: 0.4574, valid auc: 95.65%
2023-06-07 15:44:49,330 - my_logger - INFO - epoch 195, train loss: 0.3569
2023-06-07 15:44:49,337 - my_logger - INFO - epoch 196, train loss: 0.3561
2023-06-07 15:44:49,341 - my_logger - INFO - evaluating......
2023-06-07 15:44:49,341 - my_logger - INFO - epoch 196, valid loss: 0.4573, valid auc: 95.67%
2023-06-07 15:44:49,347 - my_logger - INFO - epoch 197, train loss: 0.3553
2023-06-07 15:44:49,353 - my_logger - INFO - epoch 198, train loss: 0.3545
2023-06-07 15:44:49,357 - my_logger - INFO - evaluating......
2023-06-07 15:44:49,357 - my_logger - INFO - epoch 198, valid loss: 0.4573, valid auc: 95.69%
2023-06-07 15:44:49,363 - my_logger - INFO - epoch 199, train loss: 0.3537
2023-06-07 15:44:49,365 - my_logger - INFO - total train time used: 2.5569s
2023-06-07 15:44:49,365 - my_logger - INFO - testing......
2023-06-07 15:44:49,371 - my_logger - INFO - test auc: 94.70%
