2023-06-22 15:29:12,435 - my_logger - INFO - training......
2023-06-22 15:29:13,187 - my_logger - INFO - epoch 0, train loss: 0.6938
2023-06-22 15:29:13,192 - my_logger - INFO - evaluating......
2023-06-22 15:29:13,193 - my_logger - INFO - epoch 0, valid loss: 0.6936, valid auc: 80.00%
2023-06-22 15:29:13,200 - my_logger - INFO - epoch 1, train loss: 0.6936
2023-06-22 15:29:13,206 - my_logger - INFO - epoch 2, train loss: 0.6934
2023-06-22 15:29:13,209 - my_logger - INFO - evaluating......
2023-06-22 15:29:13,210 - my_logger - INFO - epoch 2, valid loss: 0.6933, valid auc: 69.72%
2023-06-22 15:29:13,215 - my_logger - INFO - epoch 3, train loss: 0.6930
2023-06-22 15:29:13,221 - my_logger - INFO - epoch 4, train loss: 0.6926
2023-06-22 15:29:13,224 - my_logger - INFO - evaluating......
2023-06-22 15:29:13,225 - my_logger - INFO - epoch 4, valid loss: 0.6926, valid auc: 69.01%
2023-06-22 15:29:13,229 - my_logger - INFO - epoch 5, train loss: 0.6919
2023-06-22 15:29:13,234 - my_logger - INFO - epoch 6, train loss: 0.6911
2023-06-22 15:29:13,238 - my_logger - INFO - evaluating......
2023-06-22 15:29:13,238 - my_logger - INFO - epoch 6, valid loss: 0.6913, valid auc: 69.28%
2023-06-22 15:29:13,242 - my_logger - INFO - epoch 7, train loss: 0.6901
2023-06-22 15:29:13,248 - my_logger - INFO - epoch 8, train loss: 0.6888
2023-06-22 15:29:13,251 - my_logger - INFO - evaluating......
2023-06-22 15:29:13,251 - my_logger - INFO - epoch 8, valid loss: 0.6894, valid auc: 69.55%
2023-06-22 15:29:13,256 - my_logger - INFO - epoch 9, train loss: 0.6873
2023-06-22 15:29:13,261 - my_logger - INFO - epoch 10, train loss: 0.6856
2023-06-22 15:29:13,264 - my_logger - INFO - evaluating......
2023-06-22 15:29:13,265 - my_logger - INFO - epoch 10, valid loss: 0.6868, valid auc: 69.66%
2023-06-22 15:29:13,270 - my_logger - INFO - epoch 11, train loss: 0.6839
2023-06-22 15:29:13,275 - my_logger - INFO - epoch 12, train loss: 0.6820
2023-06-22 15:29:13,279 - my_logger - INFO - evaluating......
2023-06-22 15:29:13,279 - my_logger - INFO - epoch 12, valid loss: 0.6840, valid auc: 69.58%
2023-06-22 15:29:13,283 - my_logger - INFO - epoch 13, train loss: 0.6797
2023-06-22 15:29:13,289 - my_logger - INFO - epoch 14, train loss: 0.6771
2023-06-22 15:29:13,292 - my_logger - INFO - evaluating......
2023-06-22 15:29:13,292 - my_logger - INFO - epoch 14, valid loss: 0.6801, valid auc: 69.26%
2023-06-22 15:29:13,296 - my_logger - INFO - epoch 15, train loss: 0.6741
2023-06-22 15:29:13,302 - my_logger - INFO - epoch 16, train loss: 0.6708
2023-06-22 15:29:13,305 - my_logger - INFO - evaluating......
2023-06-22 15:29:13,305 - my_logger - INFO - epoch 16, valid loss: 0.6749, valid auc: 68.87%
2023-06-22 15:29:13,310 - my_logger - INFO - epoch 17, train loss: 0.6673
2023-06-22 15:29:13,315 - my_logger - INFO - epoch 18, train loss: 0.6635
2023-06-22 15:29:13,318 - my_logger - INFO - evaluating......
2023-06-22 15:29:13,318 - my_logger - INFO - epoch 18, valid loss: 0.6690, valid auc: 68.53%
2023-06-22 15:29:13,323 - my_logger - INFO - epoch 19, train loss: 0.6596
2023-06-22 15:29:13,328 - my_logger - INFO - epoch 20, train loss: 0.6553
2023-06-22 15:29:13,332 - my_logger - INFO - evaluating......
2023-06-22 15:29:13,332 - my_logger - INFO - epoch 20, valid loss: 0.6626, valid auc: 68.47%
2023-06-22 15:29:13,336 - my_logger - INFO - epoch 21, train loss: 0.6507
2023-06-22 15:29:13,342 - my_logger - INFO - epoch 22, train loss: 0.6458
2023-06-22 15:29:13,345 - my_logger - INFO - evaluating......
2023-06-22 15:29:13,345 - my_logger - INFO - epoch 22, valid loss: 0.6554, valid auc: 68.67%
2023-06-22 15:29:13,350 - my_logger - INFO - epoch 23, train loss: 0.6408
2023-06-22 15:29:13,355 - my_logger - INFO - epoch 24, train loss: 0.6357
2023-06-22 15:29:13,358 - my_logger - INFO - evaluating......
2023-06-22 15:29:13,358 - my_logger - INFO - epoch 24, valid loss: 0.6480, valid auc: 69.01%
2023-06-22 15:29:13,362 - my_logger - INFO - epoch 25, train loss: 0.6304
2023-06-22 15:29:13,368 - my_logger - INFO - epoch 26, train loss: 0.6249
2023-06-22 15:29:13,371 - my_logger - INFO - evaluating......
2023-06-22 15:29:13,372 - my_logger - INFO - epoch 26, valid loss: 0.6403, valid auc: 69.41%
2023-06-22 15:29:13,376 - my_logger - INFO - epoch 27, train loss: 0.6195
2023-06-22 15:29:13,381 - my_logger - INFO - epoch 28, train loss: 0.6141
2023-06-22 15:29:13,384 - my_logger - INFO - evaluating......
2023-06-22 15:29:13,384 - my_logger - INFO - epoch 28, valid loss: 0.6329, valid auc: 69.96%
2023-06-22 15:29:13,389 - my_logger - INFO - epoch 29, train loss: 0.6086
2023-06-22 15:29:13,394 - my_logger - INFO - epoch 30, train loss: 0.6033
2023-06-22 15:29:13,397 - my_logger - INFO - evaluating......
2023-06-22 15:29:13,397 - my_logger - INFO - epoch 30, valid loss: 0.6256, valid auc: 70.58%
2023-06-22 15:29:13,402 - my_logger - INFO - epoch 31, train loss: 0.5980
2023-06-22 15:29:13,407 - my_logger - INFO - epoch 32, train loss: 0.5928
2023-06-22 15:29:13,411 - my_logger - INFO - evaluating......
2023-06-22 15:29:13,411 - my_logger - INFO - epoch 32, valid loss: 0.6191, valid auc: 71.18%
2023-06-22 15:29:13,415 - my_logger - INFO - epoch 33, train loss: 0.5879
2023-06-22 15:29:13,420 - my_logger - INFO - epoch 34, train loss: 0.5831
2023-06-22 15:29:13,424 - my_logger - INFO - evaluating......
2023-06-22 15:29:13,424 - my_logger - INFO - epoch 34, valid loss: 0.6133, valid auc: 71.72%
2023-06-22 15:29:13,428 - my_logger - INFO - epoch 35, train loss: 0.5785
2023-06-22 15:29:13,434 - my_logger - INFO - epoch 36, train loss: 0.5741
2023-06-22 15:29:13,437 - my_logger - INFO - evaluating......
2023-06-22 15:29:13,437 - my_logger - INFO - epoch 36, valid loss: 0.6083, valid auc: 72.18%
2023-06-22 15:29:13,441 - my_logger - INFO - epoch 37, train loss: 0.5698
2023-06-22 15:29:13,447 - my_logger - INFO - epoch 38, train loss: 0.5658
2023-06-22 15:29:13,450 - my_logger - INFO - evaluating......
2023-06-22 15:29:13,450 - my_logger - INFO - epoch 38, valid loss: 0.6043, valid auc: 72.69%
2023-06-22 15:29:13,454 - my_logger - INFO - epoch 39, train loss: 0.5619
2023-06-22 15:29:13,460 - my_logger - INFO - epoch 40, train loss: 0.5581
2023-06-22 15:29:13,463 - my_logger - INFO - evaluating......
2023-06-22 15:29:13,463 - my_logger - INFO - epoch 40, valid loss: 0.6007, valid auc: 73.20%
2023-06-22 15:29:13,468 - my_logger - INFO - epoch 41, train loss: 0.5545
2023-06-22 15:29:13,473 - my_logger - INFO - epoch 42, train loss: 0.5509
2023-06-22 15:29:13,476 - my_logger - INFO - evaluating......
2023-06-22 15:29:13,477 - my_logger - INFO - epoch 42, valid loss: 0.5974, valid auc: 73.76%
2023-06-22 15:29:13,481 - my_logger - INFO - epoch 43, train loss: 0.5475
2023-06-22 15:29:13,487 - my_logger - INFO - epoch 44, train loss: 0.5441
2023-06-22 15:29:13,490 - my_logger - INFO - evaluating......
2023-06-22 15:29:13,490 - my_logger - INFO - epoch 44, valid loss: 0.5944, valid auc: 74.33%
2023-06-22 15:29:13,495 - my_logger - INFO - epoch 45, train loss: 0.5407
2023-06-22 15:29:13,500 - my_logger - INFO - epoch 46, train loss: 0.5374
2023-06-22 15:29:13,503 - my_logger - INFO - evaluating......
2023-06-22 15:29:13,504 - my_logger - INFO - epoch 46, valid loss: 0.5908, valid auc: 74.94%
2023-06-22 15:29:13,508 - my_logger - INFO - epoch 47, train loss: 0.5341
2023-06-22 15:29:13,513 - my_logger - INFO - epoch 48, train loss: 0.5307
2023-06-22 15:29:13,517 - my_logger - INFO - evaluating......
2023-06-22 15:29:13,517 - my_logger - INFO - epoch 48, valid loss: 0.5867, valid auc: 75.56%
2023-06-22 15:29:13,521 - my_logger - INFO - epoch 49, train loss: 0.5272
2023-06-22 15:29:13,527 - my_logger - INFO - epoch 50, train loss: 0.5237
2023-06-22 15:29:13,530 - my_logger - INFO - evaluating......
2023-06-22 15:29:13,530 - my_logger - INFO - epoch 50, valid loss: 0.5821, valid auc: 76.22%
2023-06-22 15:29:13,534 - my_logger - INFO - epoch 51, train loss: 0.5200
2023-06-22 15:29:13,540 - my_logger - INFO - epoch 52, train loss: 0.5163
2023-06-22 15:29:13,543 - my_logger - INFO - evaluating......
2023-06-22 15:29:13,543 - my_logger - INFO - epoch 52, valid loss: 0.5767, valid auc: 76.88%
2023-06-22 15:29:13,548 - my_logger - INFO - epoch 53, train loss: 0.5125
2023-06-22 15:29:13,554 - my_logger - INFO - epoch 54, train loss: 0.5086
2023-06-22 15:29:13,557 - my_logger - INFO - evaluating......
2023-06-22 15:29:13,557 - my_logger - INFO - epoch 54, valid loss: 0.5706, valid auc: 77.53%
2023-06-22 15:29:13,562 - my_logger - INFO - epoch 55, train loss: 0.5045
2023-06-22 15:29:13,568 - my_logger - INFO - epoch 56, train loss: 0.5004
2023-06-22 15:29:13,572 - my_logger - INFO - evaluating......
2023-06-22 15:29:13,572 - my_logger - INFO - epoch 56, valid loss: 0.5638, valid auc: 78.22%
2023-06-22 15:29:13,577 - my_logger - INFO - epoch 57, train loss: 0.4961
2023-06-22 15:29:13,583 - my_logger - INFO - epoch 58, train loss: 0.4917
2023-06-22 15:29:13,588 - my_logger - INFO - evaluating......
2023-06-22 15:29:13,588 - my_logger - INFO - epoch 58, valid loss: 0.5564, valid auc: 78.95%
2023-06-22 15:29:13,593 - my_logger - INFO - epoch 59, train loss: 0.4872
2023-06-22 15:29:13,600 - my_logger - INFO - epoch 60, train loss: 0.4826
2023-06-22 15:29:13,603 - my_logger - INFO - evaluating......
2023-06-22 15:29:13,604 - my_logger - INFO - epoch 60, valid loss: 0.5484, valid auc: 79.74%
2023-06-22 15:29:13,608 - my_logger - INFO - epoch 61, train loss: 0.4779
2023-06-22 15:29:13,614 - my_logger - INFO - epoch 62, train loss: 0.4731
2023-06-22 15:29:13,618 - my_logger - INFO - evaluating......
2023-06-22 15:29:13,618 - my_logger - INFO - epoch 62, valid loss: 0.5397, valid auc: 80.55%
2023-06-22 15:29:13,624 - my_logger - INFO - epoch 63, train loss: 0.4682
2023-06-22 15:29:13,629 - my_logger - INFO - epoch 64, train loss: 0.4632
2023-06-22 15:29:13,633 - my_logger - INFO - evaluating......
2023-06-22 15:29:13,633 - my_logger - INFO - epoch 64, valid loss: 0.5301, valid auc: 81.40%
2023-06-22 15:29:13,639 - my_logger - INFO - epoch 65, train loss: 0.4581
2023-06-22 15:29:13,644 - my_logger - INFO - epoch 66, train loss: 0.4529
2023-06-22 15:29:13,648 - my_logger - INFO - evaluating......
2023-06-22 15:29:13,648 - my_logger - INFO - epoch 66, valid loss: 0.5201, valid auc: 82.27%
2023-06-22 15:29:13,653 - my_logger - INFO - epoch 67, train loss: 0.4476
2023-06-22 15:29:13,659 - my_logger - INFO - epoch 68, train loss: 0.4423
2023-06-22 15:29:13,662 - my_logger - INFO - evaluating......
2023-06-22 15:29:13,663 - my_logger - INFO - epoch 68, valid loss: 0.5098, valid auc: 83.14%
2023-06-22 15:29:13,668 - my_logger - INFO - epoch 69, train loss: 0.4369
2023-06-22 15:29:13,674 - my_logger - INFO - epoch 70, train loss: 0.4314
2023-06-22 15:29:13,677 - my_logger - INFO - evaluating......
2023-06-22 15:29:13,677 - my_logger - INFO - epoch 70, valid loss: 0.4992, valid auc: 84.00%
2023-06-22 15:29:13,683 - my_logger - INFO - epoch 71, train loss: 0.4259
2023-06-22 15:29:13,689 - my_logger - INFO - epoch 72, train loss: 0.4203
2023-06-22 15:29:13,692 - my_logger - INFO - evaluating......
2023-06-22 15:29:13,692 - my_logger - INFO - epoch 72, valid loss: 0.4885, valid auc: 84.84%
2023-06-22 15:29:13,698 - my_logger - INFO - epoch 73, train loss: 0.4147
2023-06-22 15:29:13,704 - my_logger - INFO - epoch 74, train loss: 0.4091
2023-06-22 15:29:13,707 - my_logger - INFO - evaluating......
2023-06-22 15:29:13,707 - my_logger - INFO - epoch 74, valid loss: 0.4776, valid auc: 85.63%
2023-06-22 15:29:13,713 - my_logger - INFO - epoch 75, train loss: 0.4034
2023-06-22 15:29:13,718 - my_logger - INFO - epoch 76, train loss: 0.3978
2023-06-22 15:29:13,722 - my_logger - INFO - evaluating......
2023-06-22 15:29:13,722 - my_logger - INFO - epoch 76, valid loss: 0.4667, valid auc: 86.41%
2023-06-22 15:29:13,728 - my_logger - INFO - epoch 77, train loss: 0.3921
2023-06-22 15:29:13,734 - my_logger - INFO - epoch 78, train loss: 0.3864
2023-06-22 15:29:13,737 - my_logger - INFO - evaluating......
2023-06-22 15:29:13,737 - my_logger - INFO - epoch 78, valid loss: 0.4558, valid auc: 87.16%
2023-06-22 15:29:13,743 - my_logger - INFO - epoch 79, train loss: 0.3808
2023-06-22 15:29:13,748 - my_logger - INFO - epoch 80, train loss: 0.3751
2023-06-22 15:29:13,752 - my_logger - INFO - evaluating......
2023-06-22 15:29:13,752 - my_logger - INFO - epoch 80, valid loss: 0.4450, valid auc: 87.87%
2023-06-22 15:29:13,758 - my_logger - INFO - epoch 81, train loss: 0.3695
2023-06-22 15:29:13,763 - my_logger - INFO - epoch 82, train loss: 0.3639
2023-06-22 15:29:13,767 - my_logger - INFO - evaluating......
2023-06-22 15:29:13,767 - my_logger - INFO - epoch 82, valid loss: 0.4343, valid auc: 88.54%
2023-06-22 15:29:13,773 - my_logger - INFO - epoch 83, train loss: 0.3582
2023-06-22 15:29:13,778 - my_logger - INFO - epoch 84, train loss: 0.3526
2023-06-22 15:29:13,782 - my_logger - INFO - evaluating......
2023-06-22 15:29:13,782 - my_logger - INFO - epoch 84, valid loss: 0.4238, valid auc: 89.16%
2023-06-22 15:29:13,788 - my_logger - INFO - epoch 85, train loss: 0.3470
2023-06-22 15:29:13,793 - my_logger - INFO - epoch 86, train loss: 0.3415
2023-06-22 15:29:13,797 - my_logger - INFO - evaluating......
2023-06-22 15:29:13,797 - my_logger - INFO - epoch 86, valid loss: 0.4134, valid auc: 89.76%
2023-06-22 15:29:13,802 - my_logger - INFO - epoch 87, train loss: 0.3359
2023-06-22 15:29:13,808 - my_logger - INFO - epoch 88, train loss: 0.3304
2023-06-22 15:29:13,811 - my_logger - INFO - evaluating......
2023-06-22 15:29:13,811 - my_logger - INFO - epoch 88, valid loss: 0.4032, valid auc: 90.34%
2023-06-22 15:29:13,817 - my_logger - INFO - epoch 89, train loss: 0.3249
2023-06-22 15:29:13,823 - my_logger - INFO - epoch 90, train loss: 0.3195
2023-06-22 15:29:13,826 - my_logger - INFO - evaluating......
2023-06-22 15:29:13,826 - my_logger - INFO - epoch 90, valid loss: 0.3932, valid auc: 90.88%
2023-06-22 15:29:13,832 - my_logger - INFO - epoch 91, train loss: 0.3141
2023-06-22 15:29:13,837 - my_logger - INFO - epoch 92, train loss: 0.3087
2023-06-22 15:29:13,841 - my_logger - INFO - evaluating......
2023-06-22 15:29:13,841 - my_logger - INFO - epoch 92, valid loss: 0.3835, valid auc: 91.38%
2023-06-22 15:29:13,847 - my_logger - INFO - epoch 93, train loss: 0.3035
2023-06-22 15:29:13,852 - my_logger - INFO - epoch 94, train loss: 0.2983
2023-06-22 15:29:13,856 - my_logger - INFO - evaluating......
2023-06-22 15:29:13,856 - my_logger - INFO - epoch 94, valid loss: 0.3741, valid auc: 91.87%
2023-06-22 15:29:13,861 - my_logger - INFO - epoch 95, train loss: 0.2930
2023-06-22 15:29:13,867 - my_logger - INFO - epoch 96, train loss: 0.2878
2023-06-22 15:29:13,870 - my_logger - INFO - evaluating......
2023-06-22 15:29:13,870 - my_logger - INFO - epoch 96, valid loss: 0.3642, valid auc: 92.30%
2023-06-22 15:29:13,876 - my_logger - INFO - epoch 97, train loss: 0.2828
2023-06-22 15:29:13,881 - my_logger - INFO - epoch 98, train loss: 0.2779
2023-06-22 15:29:13,885 - my_logger - INFO - evaluating......
2023-06-22 15:29:13,885 - my_logger - INFO - epoch 98, valid loss: 0.3545, valid auc: 92.70%
2023-06-22 15:29:13,890 - my_logger - INFO - epoch 99, train loss: 0.2730
2023-06-22 15:29:13,896 - my_logger - INFO - epoch 100, train loss: 0.2681
2023-06-22 15:29:13,899 - my_logger - INFO - evaluating......
2023-06-22 15:29:13,899 - my_logger - INFO - epoch 100, valid loss: 0.3459, valid auc: 93.07%
2023-06-22 15:29:13,905 - my_logger - INFO - epoch 101, train loss: 0.2634
2023-06-22 15:29:13,910 - my_logger - INFO - epoch 102, train loss: 0.2588
2023-06-22 15:29:13,913 - my_logger - INFO - evaluating......
2023-06-22 15:29:13,914 - my_logger - INFO - epoch 102, valid loss: 0.3383, valid auc: 93.42%
2023-06-22 15:29:13,919 - my_logger - INFO - epoch 103, train loss: 0.2542
2023-06-22 15:29:13,925 - my_logger - INFO - epoch 104, train loss: 0.2497
2023-06-22 15:29:13,928 - my_logger - INFO - evaluating......
2023-06-22 15:29:13,928 - my_logger - INFO - epoch 104, valid loss: 0.3305, valid auc: 93.73%
2023-06-22 15:29:13,934 - my_logger - INFO - epoch 105, train loss: 0.2453
2023-06-22 15:29:13,939 - my_logger - INFO - epoch 106, train loss: 0.2410
2023-06-22 15:29:13,943 - my_logger - INFO - evaluating......
2023-06-22 15:29:13,943 - my_logger - INFO - epoch 106, valid loss: 0.3226, valid auc: 94.01%
2023-06-22 15:29:13,948 - my_logger - INFO - epoch 107, train loss: 0.2369
2023-06-22 15:29:13,954 - my_logger - INFO - epoch 108, train loss: 0.2327
2023-06-22 15:29:13,957 - my_logger - INFO - evaluating......
2023-06-22 15:29:13,957 - my_logger - INFO - epoch 108, valid loss: 0.3155, valid auc: 94.26%
2023-06-22 15:29:13,963 - my_logger - INFO - epoch 109, train loss: 0.2287
2023-06-22 15:29:13,968 - my_logger - INFO - epoch 110, train loss: 0.2247
2023-06-22 15:29:13,971 - my_logger - INFO - evaluating......
2023-06-22 15:29:13,972 - my_logger - INFO - epoch 110, valid loss: 0.3095, valid auc: 94.49%
2023-06-22 15:29:13,977 - my_logger - INFO - epoch 111, train loss: 0.2209
2023-06-22 15:29:13,982 - my_logger - INFO - epoch 112, train loss: 0.2172
2023-06-22 15:29:13,986 - my_logger - INFO - evaluating......
2023-06-22 15:29:13,986 - my_logger - INFO - epoch 112, valid loss: 0.3038, valid auc: 94.71%
2023-06-22 15:29:13,991 - my_logger - INFO - epoch 113, train loss: 0.2135
2023-06-22 15:29:13,997 - my_logger - INFO - epoch 114, train loss: 0.2098
2023-06-22 15:29:14,000 - my_logger - INFO - evaluating......
2023-06-22 15:29:14,000 - my_logger - INFO - epoch 114, valid loss: 0.2980, valid auc: 94.90%
2023-06-22 15:29:14,006 - my_logger - INFO - epoch 115, train loss: 0.2063
2023-06-22 15:29:14,011 - my_logger - INFO - epoch 116, train loss: 0.2029
2023-06-22 15:29:14,014 - my_logger - INFO - evaluating......
2023-06-22 15:29:14,015 - my_logger - INFO - epoch 116, valid loss: 0.2924, valid auc: 95.08%
2023-06-22 15:29:14,020 - my_logger - INFO - epoch 117, train loss: 0.1995
2023-06-22 15:29:14,025 - my_logger - INFO - epoch 118, train loss: 0.1962
2023-06-22 15:29:14,029 - my_logger - INFO - evaluating......
2023-06-22 15:29:14,029 - my_logger - INFO - epoch 118, valid loss: 0.2873, valid auc: 95.24%
2023-06-22 15:29:14,035 - my_logger - INFO - epoch 119, train loss: 0.1930
2023-06-22 15:29:14,040 - my_logger - INFO - epoch 120, train loss: 0.1899
2023-06-22 15:29:14,043 - my_logger - INFO - evaluating......
2023-06-22 15:29:14,044 - my_logger - INFO - epoch 120, valid loss: 0.2827, valid auc: 95.39%
2023-06-22 15:29:14,049 - my_logger - INFO - epoch 121, train loss: 0.1868
2023-06-22 15:29:14,055 - my_logger - INFO - epoch 122, train loss: 0.1838
2023-06-22 15:29:14,058 - my_logger - INFO - evaluating......
2023-06-22 15:29:14,058 - my_logger - INFO - epoch 122, valid loss: 0.2786, valid auc: 95.52%
2023-06-22 15:29:14,064 - my_logger - INFO - epoch 123, train loss: 0.1808
2023-06-22 15:29:14,070 - my_logger - INFO - epoch 124, train loss: 0.1779
2023-06-22 15:29:14,073 - my_logger - INFO - evaluating......
2023-06-22 15:29:14,073 - my_logger - INFO - epoch 124, valid loss: 0.2746, valid auc: 95.65%
2023-06-22 15:29:14,078 - my_logger - INFO - epoch 125, train loss: 0.1751
2023-06-22 15:29:14,084 - my_logger - INFO - epoch 126, train loss: 0.1723
2023-06-22 15:29:14,087 - my_logger - INFO - evaluating......
2023-06-22 15:29:14,088 - my_logger - INFO - epoch 126, valid loss: 0.2709, valid auc: 95.76%
2023-06-22 15:29:14,093 - my_logger - INFO - epoch 127, train loss: 0.1696
2023-06-22 15:29:14,099 - my_logger - INFO - epoch 128, train loss: 0.1670
2023-06-22 15:29:14,102 - my_logger - INFO - evaluating......
2023-06-22 15:29:14,102 - my_logger - INFO - epoch 128, valid loss: 0.2673, valid auc: 95.88%
2023-06-22 15:29:14,108 - my_logger - INFO - epoch 129, train loss: 0.1644
2023-06-22 15:29:14,113 - my_logger - INFO - epoch 130, train loss: 0.1619
2023-06-22 15:29:14,117 - my_logger - INFO - evaluating......
2023-06-22 15:29:14,117 - my_logger - INFO - epoch 130, valid loss: 0.2637, valid auc: 95.98%
2023-06-22 15:29:14,123 - my_logger - INFO - epoch 131, train loss: 0.1594
2023-06-22 15:29:14,128 - my_logger - INFO - epoch 132, train loss: 0.1570
2023-06-22 15:29:14,131 - my_logger - INFO - evaluating......
2023-06-22 15:29:14,132 - my_logger - INFO - epoch 132, valid loss: 0.2600, valid auc: 96.08%
2023-06-22 15:29:14,137 - my_logger - INFO - epoch 133, train loss: 0.1550
2023-06-22 15:29:14,143 - my_logger - INFO - epoch 134, train loss: 0.1535
2023-06-22 15:29:14,146 - my_logger - INFO - evaluating......
2023-06-22 15:29:14,146 - my_logger - INFO - epoch 134, valid loss: 0.2558, valid auc: 96.17%
2023-06-22 15:29:14,152 - my_logger - INFO - epoch 135, train loss: 0.1515
2023-06-22 15:29:14,157 - my_logger - INFO - epoch 136, train loss: 0.1482
2023-06-22 15:29:14,160 - my_logger - INFO - evaluating......
2023-06-22 15:29:14,161 - my_logger - INFO - epoch 136, valid loss: 0.2528, valid auc: 96.26%
2023-06-22 15:29:14,166 - my_logger - INFO - epoch 137, train loss: 0.1459
2023-06-22 15:29:14,171 - my_logger - INFO - epoch 138, train loss: 0.1447
2023-06-22 15:29:14,175 - my_logger - INFO - evaluating......
2023-06-22 15:29:14,175 - my_logger - INFO - epoch 138, valid loss: 0.2542, valid auc: 96.36%
2023-06-22 15:29:14,180 - my_logger - INFO - epoch 139, train loss: 0.1421
2023-06-22 15:29:14,186 - my_logger - INFO - epoch 140, train loss: 0.1400
2023-06-22 15:29:14,189 - my_logger - INFO - evaluating......
2023-06-22 15:29:14,189 - my_logger - INFO - epoch 140, valid loss: 0.2480, valid auc: 96.43%
2023-06-22 15:29:14,195 - my_logger - INFO - epoch 141, train loss: 0.1386
2023-06-22 15:29:14,200 - my_logger - INFO - epoch 142, train loss: 0.1361
2023-06-22 15:29:14,204 - my_logger - INFO - evaluating......
2023-06-22 15:29:14,204 - my_logger - INFO - epoch 142, valid loss: 0.2452, valid auc: 96.51%
2023-06-22 15:29:14,209 - my_logger - INFO - epoch 143, train loss: 0.1346
2023-06-22 15:29:14,215 - my_logger - INFO - epoch 144, train loss: 0.1328
2023-06-22 15:29:14,218 - my_logger - INFO - evaluating......
2023-06-22 15:29:14,218 - my_logger - INFO - epoch 144, valid loss: 0.2456, valid auc: 96.59%
2023-06-22 15:29:14,224 - my_logger - INFO - epoch 145, train loss: 0.1307
2023-06-22 15:29:14,230 - my_logger - INFO - epoch 146, train loss: 0.1293
2023-06-22 15:29:14,234 - my_logger - INFO - evaluating......
2023-06-22 15:29:14,235 - my_logger - INFO - epoch 146, valid loss: 0.2402, valid auc: 96.65%
2023-06-22 15:29:14,241 - my_logger - INFO - epoch 147, train loss: 0.1274
2023-06-22 15:29:14,247 - my_logger - INFO - epoch 148, train loss: 0.1257
2023-06-22 15:29:14,251 - my_logger - INFO - evaluating......
2023-06-22 15:29:14,251 - my_logger - INFO - epoch 148, valid loss: 0.2399, valid auc: 96.72%
2023-06-22 15:29:14,257 - my_logger - INFO - epoch 149, train loss: 0.1242
2023-06-22 15:29:14,263 - my_logger - INFO - epoch 150, train loss: 0.1224
2023-06-22 15:29:14,267 - my_logger - INFO - evaluating......
2023-06-22 15:29:14,268 - my_logger - INFO - epoch 150, valid loss: 0.2371, valid auc: 96.78%
2023-06-22 15:29:14,274 - my_logger - INFO - epoch 151, train loss: 0.1210
2023-06-22 15:29:14,280 - my_logger - INFO - epoch 152, train loss: 0.1193
2023-06-22 15:29:14,283 - my_logger - INFO - evaluating......
2023-06-22 15:29:14,283 - my_logger - INFO - epoch 152, valid loss: 0.2342, valid auc: 96.84%
2023-06-22 15:29:14,289 - my_logger - INFO - epoch 153, train loss: 0.1178
2023-06-22 15:29:14,294 - my_logger - INFO - epoch 154, train loss: 0.1163
2023-06-22 15:29:14,297 - my_logger - INFO - evaluating......
2023-06-22 15:29:14,298 - my_logger - INFO - epoch 154, valid loss: 0.2342, valid auc: 96.90%
2023-06-22 15:29:14,303 - my_logger - INFO - epoch 155, train loss: 0.1147
2023-06-22 15:29:14,309 - my_logger - INFO - epoch 156, train loss: 0.1133
2023-06-22 15:29:14,312 - my_logger - INFO - evaluating......
2023-06-22 15:29:14,312 - my_logger - INFO - epoch 156, valid loss: 0.2304, valid auc: 96.95%
2023-06-22 15:29:14,318 - my_logger - INFO - epoch 157, train loss: 0.1118
2023-06-22 15:29:14,323 - my_logger - INFO - epoch 158, train loss: 0.1104
2023-06-22 15:29:14,327 - my_logger - INFO - evaluating......
2023-06-22 15:29:14,327 - my_logger - INFO - epoch 158, valid loss: 0.2297, valid auc: 97.00%
2023-06-22 15:29:14,333 - my_logger - INFO - epoch 159, train loss: 0.1090
2023-06-22 15:29:14,339 - my_logger - INFO - epoch 160, train loss: 0.1076
2023-06-22 15:29:14,342 - my_logger - INFO - evaluating......
2023-06-22 15:29:14,343 - my_logger - INFO - epoch 160, valid loss: 0.2277, valid auc: 97.05%
2023-06-22 15:29:14,348 - my_logger - INFO - epoch 161, train loss: 0.1063
2023-06-22 15:29:14,354 - my_logger - INFO - epoch 162, train loss: 0.1049
2023-06-22 15:29:14,357 - my_logger - INFO - evaluating......
2023-06-22 15:29:14,357 - my_logger - INFO - epoch 162, valid loss: 0.2253, valid auc: 97.10%
2023-06-22 15:29:14,363 - my_logger - INFO - epoch 163, train loss: 0.1036
2023-06-22 15:29:14,368 - my_logger - INFO - epoch 164, train loss: 0.1023
2023-06-22 15:29:14,372 - my_logger - INFO - evaluating......
2023-06-22 15:29:14,372 - my_logger - INFO - epoch 164, valid loss: 0.2249, valid auc: 97.14%
2023-06-22 15:29:14,377 - my_logger - INFO - epoch 165, train loss: 0.1010
2023-06-22 15:29:14,383 - my_logger - INFO - epoch 166, train loss: 0.0998
2023-06-22 15:29:14,386 - my_logger - INFO - evaluating......
2023-06-22 15:29:14,386 - my_logger - INFO - epoch 166, valid loss: 0.2222, valid auc: 97.19%
2023-06-22 15:29:14,392 - my_logger - INFO - epoch 167, train loss: 0.0985
2023-06-22 15:29:14,397 - my_logger - INFO - epoch 168, train loss: 0.0973
2023-06-22 15:29:14,401 - my_logger - INFO - evaluating......
2023-06-22 15:29:14,401 - my_logger - INFO - epoch 168, valid loss: 0.2212, valid auc: 97.23%
2023-06-22 15:29:14,406 - my_logger - INFO - epoch 169, train loss: 0.0961
2023-06-22 15:29:14,412 - my_logger - INFO - epoch 170, train loss: 0.0949
2023-06-22 15:29:14,415 - my_logger - INFO - evaluating......
2023-06-22 15:29:14,415 - my_logger - INFO - epoch 170, valid loss: 0.2200, valid auc: 97.27%
2023-06-22 15:29:14,421 - my_logger - INFO - epoch 171, train loss: 0.0937
2023-06-22 15:29:14,426 - my_logger - INFO - epoch 172, train loss: 0.0926
2023-06-22 15:29:14,430 - my_logger - INFO - evaluating......
2023-06-22 15:29:14,430 - my_logger - INFO - epoch 172, valid loss: 0.2179, valid auc: 97.31%
2023-06-22 15:29:14,435 - my_logger - INFO - epoch 173, train loss: 0.0914
2023-06-22 15:29:14,440 - my_logger - INFO - epoch 174, train loss: 0.0903
2023-06-22 15:29:14,443 - my_logger - INFO - evaluating......
2023-06-22 15:29:14,444 - my_logger - INFO - epoch 174, valid loss: 0.2174, valid auc: 97.35%
2023-06-22 15:29:14,449 - my_logger - INFO - epoch 175, train loss: 0.0892
2023-06-22 15:29:14,454 - my_logger - INFO - epoch 176, train loss: 0.0881
2023-06-22 15:29:14,457 - my_logger - INFO - evaluating......
2023-06-22 15:29:14,457 - my_logger - INFO - epoch 176, valid loss: 0.2156, valid auc: 97.38%
2023-06-22 15:29:14,463 - my_logger - INFO - epoch 177, train loss: 0.0870
2023-06-22 15:29:14,468 - my_logger - INFO - epoch 178, train loss: 0.0860
2023-06-22 15:29:14,471 - my_logger - INFO - evaluating......
2023-06-22 15:29:14,471 - my_logger - INFO - epoch 178, valid loss: 0.2144, valid auc: 97.42%
2023-06-22 15:29:14,476 - my_logger - INFO - epoch 179, train loss: 0.0849
2023-06-22 15:29:14,481 - my_logger - INFO - epoch 180, train loss: 0.0839
2023-06-22 15:29:14,485 - my_logger - INFO - evaluating......
2023-06-22 15:29:14,485 - my_logger - INFO - epoch 180, valid loss: 0.2137, valid auc: 97.45%
2023-06-22 15:29:14,490 - my_logger - INFO - epoch 181, train loss: 0.0829
2023-06-22 15:29:14,495 - my_logger - INFO - epoch 182, train loss: 0.0819
2023-06-22 15:29:14,498 - my_logger - INFO - evaluating......
2023-06-22 15:29:14,498 - my_logger - INFO - epoch 182, valid loss: 0.2121, valid auc: 97.48%
2023-06-22 15:29:14,504 - my_logger - INFO - epoch 183, train loss: 0.0809
2023-06-22 15:29:14,509 - my_logger - INFO - epoch 184, train loss: 0.0799
2023-06-22 15:29:14,512 - my_logger - INFO - evaluating......
2023-06-22 15:29:14,512 - my_logger - INFO - epoch 184, valid loss: 0.2115, valid auc: 97.51%
2023-06-22 15:29:14,517 - my_logger - INFO - epoch 185, train loss: 0.0789
2023-06-22 15:29:14,522 - my_logger - INFO - epoch 186, train loss: 0.0780
2023-06-22 15:29:14,525 - my_logger - INFO - evaluating......
2023-06-22 15:29:14,526 - my_logger - INFO - epoch 186, valid loss: 0.2105, valid auc: 97.54%
2023-06-22 15:29:14,531 - my_logger - INFO - epoch 187, train loss: 0.0771
2023-06-22 15:29:14,536 - my_logger - INFO - epoch 188, train loss: 0.0761
2023-06-22 15:29:14,539 - my_logger - INFO - evaluating......
2023-06-22 15:29:14,539 - my_logger - INFO - epoch 188, valid loss: 0.2093, valid auc: 97.57%
2023-06-22 15:29:14,545 - my_logger - INFO - epoch 189, train loss: 0.0752
2023-06-22 15:29:14,550 - my_logger - INFO - epoch 190, train loss: 0.0743
2023-06-22 15:29:14,553 - my_logger - INFO - evaluating......
2023-06-22 15:29:14,553 - my_logger - INFO - epoch 190, valid loss: 0.2088, valid auc: 97.59%
2023-06-22 15:29:14,558 - my_logger - INFO - epoch 191, train loss: 0.0734
2023-06-22 15:29:14,563 - my_logger - INFO - epoch 192, train loss: 0.0726
2023-06-22 15:29:14,567 - my_logger - INFO - evaluating......
2023-06-22 15:29:14,567 - my_logger - INFO - epoch 192, valid loss: 0.2078, valid auc: 97.61%
2023-06-22 15:29:14,572 - my_logger - INFO - epoch 193, train loss: 0.0717
2023-06-22 15:29:14,577 - my_logger - INFO - epoch 194, train loss: 0.0708
2023-06-22 15:29:14,581 - my_logger - INFO - evaluating......
2023-06-22 15:29:14,581 - my_logger - INFO - epoch 194, valid loss: 0.2071, valid auc: 97.64%
2023-06-22 15:29:14,586 - my_logger - INFO - epoch 195, train loss: 0.0700
2023-06-22 15:29:14,592 - my_logger - INFO - epoch 196, train loss: 0.0692
2023-06-22 15:29:14,595 - my_logger - INFO - evaluating......
2023-06-22 15:29:14,595 - my_logger - INFO - epoch 196, valid loss: 0.2065, valid auc: 97.66%
2023-06-22 15:29:14,600 - my_logger - INFO - epoch 197, train loss: 0.0683
2023-06-22 15:29:14,605 - my_logger - INFO - epoch 198, train loss: 0.0675
2023-06-22 15:29:14,608 - my_logger - INFO - evaluating......
2023-06-22 15:29:14,609 - my_logger - INFO - epoch 198, valid loss: 0.2057, valid auc: 97.68%
2023-06-22 15:29:14,614 - my_logger - INFO - epoch 199, train loss: 0.0667
2023-06-22 15:29:14,615 - my_logger - INFO - total train time used: 2.1803s
2023-06-22 15:29:14,615 - my_logger - INFO - testing......
2023-06-22 15:29:14,621 - my_logger - INFO - test auc: 96.92%
