2023-06-08 14:37:10,239 - my_logger - INFO - training......
2023-06-08 14:37:11,034 - my_logger - INFO - epoch 0, train loss: 0.6932
2023-06-08 14:37:11,041 - my_logger - INFO - evaluating......
2023-06-08 14:37:11,041 - my_logger - INFO - epoch 0, valid loss: 0.6930, valid auc: 57.67%
2023-06-08 14:37:11,049 - my_logger - INFO - epoch 1, train loss: 0.6923
2023-06-08 14:37:11,058 - my_logger - INFO - epoch 2, train loss: 0.6897
2023-06-08 14:37:11,062 - my_logger - INFO - evaluating......
2023-06-08 14:37:11,062 - my_logger - INFO - epoch 2, valid loss: 0.6887, valid auc: 71.34%
2023-06-08 14:37:11,071 - my_logger - INFO - epoch 3, train loss: 0.6860
2023-06-08 14:37:11,079 - my_logger - INFO - epoch 4, train loss: 0.6799
2023-06-08 14:37:11,083 - my_logger - INFO - evaluating......
2023-06-08 14:37:11,083 - my_logger - INFO - epoch 4, valid loss: 0.6784, valid auc: 72.07%
2023-06-08 14:37:11,091 - my_logger - INFO - epoch 5, train loss: 0.6710
2023-06-08 14:37:11,099 - my_logger - INFO - epoch 6, train loss: 0.6597
2023-06-08 14:37:11,103 - my_logger - INFO - evaluating......
2023-06-08 14:37:11,103 - my_logger - INFO - epoch 6, valid loss: 0.6594, valid auc: 71.86%
2023-06-08 14:37:11,110 - my_logger - INFO - epoch 7, train loss: 0.6454
2023-06-08 14:37:11,118 - my_logger - INFO - epoch 8, train loss: 0.6292
2023-06-08 14:37:11,123 - my_logger - INFO - evaluating......
2023-06-08 14:37:11,123 - my_logger - INFO - epoch 8, valid loss: 0.6343, valid auc: 72.01%
2023-06-08 14:37:11,130 - my_logger - INFO - epoch 9, train loss: 0.6120
2023-06-08 14:37:11,138 - my_logger - INFO - epoch 10, train loss: 0.5950
2023-06-08 14:37:11,143 - my_logger - INFO - evaluating......
2023-06-08 14:37:11,143 - my_logger - INFO - epoch 10, valid loss: 0.6119, valid auc: 72.22%
2023-06-08 14:37:11,152 - my_logger - INFO - epoch 11, train loss: 0.5803
2023-06-08 14:37:11,159 - my_logger - INFO - epoch 12, train loss: 0.5704
2023-06-08 14:37:11,163 - my_logger - INFO - evaluating......
2023-06-08 14:37:11,163 - my_logger - INFO - epoch 12, valid loss: 0.6049, valid auc: 72.50%
2023-06-08 14:37:11,172 - my_logger - INFO - epoch 13, train loss: 0.5655
2023-06-08 14:37:11,180 - my_logger - INFO - epoch 14, train loss: 0.5682
2023-06-08 14:37:11,187 - my_logger - INFO - evaluating......
2023-06-08 14:37:11,187 - my_logger - INFO - epoch 14, valid loss: 0.6139, valid auc: 72.75%
2023-06-08 14:37:11,200 - my_logger - INFO - epoch 15, train loss: 0.5629
2023-06-08 14:37:11,209 - my_logger - INFO - epoch 16, train loss: 0.5617
2023-06-08 14:37:11,214 - my_logger - INFO - evaluating......
2023-06-08 14:37:11,214 - my_logger - INFO - epoch 16, valid loss: 0.6180, valid auc: 72.83%
2023-06-08 14:37:11,223 - my_logger - INFO - epoch 17, train loss: 0.5638
2023-06-08 14:37:11,231 - my_logger - INFO - epoch 18, train loss: 0.5573
2023-06-08 14:37:11,235 - my_logger - INFO - evaluating......
2023-06-08 14:37:11,236 - my_logger - INFO - epoch 18, valid loss: 0.6178, valid auc: 72.86%
2023-06-08 14:37:11,244 - my_logger - INFO - epoch 19, train loss: 0.5587
2023-06-08 14:37:11,252 - my_logger - INFO - epoch 20, train loss: 0.5529
2023-06-08 14:37:11,256 - my_logger - INFO - evaluating......
2023-06-08 14:37:11,256 - my_logger - INFO - epoch 20, valid loss: 0.6121, valid auc: 72.80%
2023-06-08 14:37:11,263 - my_logger - INFO - epoch 21, train loss: 0.5530
2023-06-08 14:37:11,272 - my_logger - INFO - epoch 22, train loss: 0.5484
2023-06-08 14:37:11,276 - my_logger - INFO - evaluating......
2023-06-08 14:37:11,276 - my_logger - INFO - epoch 22, valid loss: 0.6105, valid auc: 72.65%
2023-06-08 14:37:11,282 - my_logger - INFO - epoch 23, train loss: 0.5483
2023-06-08 14:37:11,291 - my_logger - INFO - epoch 24, train loss: 0.5447
2023-06-08 14:37:11,295 - my_logger - INFO - evaluating......
2023-06-08 14:37:11,295 - my_logger - INFO - epoch 24, valid loss: 0.6074, valid auc: 72.56%
2023-06-08 14:37:11,302 - my_logger - INFO - epoch 25, train loss: 0.5450
2023-06-08 14:37:11,309 - my_logger - INFO - epoch 26, train loss: 0.5421
2023-06-08 14:37:11,313 - my_logger - INFO - evaluating......
2023-06-08 14:37:11,313 - my_logger - INFO - epoch 26, valid loss: 0.6088, valid auc: 72.54%
2023-06-08 14:37:11,321 - my_logger - INFO - epoch 27, train loss: 0.5423
2023-06-08 14:37:11,329 - my_logger - INFO - epoch 28, train loss: 0.5402
2023-06-08 14:37:11,332 - my_logger - INFO - evaluating......
2023-06-08 14:37:11,333 - my_logger - INFO - epoch 28, valid loss: 0.6112, valid auc: 72.51%
2023-06-08 14:37:11,340 - my_logger - INFO - epoch 29, train loss: 0.5399
2023-06-08 14:37:11,349 - my_logger - INFO - epoch 30, train loss: 0.5384
2023-06-08 14:37:11,354 - my_logger - INFO - evaluating......
2023-06-08 14:37:11,354 - my_logger - INFO - epoch 30, valid loss: 0.6135, valid auc: 72.56%
2023-06-08 14:37:11,360 - my_logger - INFO - epoch 31, train loss: 0.5374
2023-06-08 14:37:11,368 - my_logger - INFO - epoch 32, train loss: 0.5361
2023-06-08 14:37:11,372 - my_logger - INFO - evaluating......
2023-06-08 14:37:11,372 - my_logger - INFO - epoch 32, valid loss: 0.6187, valid auc: 72.53%
2023-06-08 14:37:11,378 - my_logger - INFO - epoch 33, train loss: 0.5347
2023-06-08 14:37:11,385 - my_logger - INFO - epoch 34, train loss: 0.5335
2023-06-08 14:37:11,389 - my_logger - INFO - evaluating......
2023-06-08 14:37:11,389 - my_logger - INFO - epoch 34, valid loss: 0.6198, valid auc: 72.56%
2023-06-08 14:37:11,395 - my_logger - INFO - epoch 35, train loss: 0.5319
2023-06-08 14:37:11,404 - my_logger - INFO - epoch 36, train loss: 0.5305
2023-06-08 14:37:11,408 - my_logger - INFO - evaluating......
2023-06-08 14:37:11,408 - my_logger - INFO - epoch 36, valid loss: 0.6226, valid auc: 72.53%
2023-06-08 14:37:11,414 - my_logger - INFO - epoch 37, train loss: 0.5289
2023-06-08 14:37:11,422 - my_logger - INFO - epoch 38, train loss: 0.5273
2023-06-08 14:37:11,426 - my_logger - INFO - evaluating......
2023-06-08 14:37:11,426 - my_logger - INFO - epoch 38, valid loss: 0.6197, valid auc: 72.56%
2023-06-08 14:37:11,432 - my_logger - INFO - epoch 39, train loss: 0.5258
2023-06-08 14:37:11,440 - my_logger - INFO - epoch 40, train loss: 0.5240
2023-06-08 14:37:11,443 - my_logger - INFO - evaluating......
2023-06-08 14:37:11,444 - my_logger - INFO - epoch 40, valid loss: 0.6161, valid auc: 72.75%
2023-06-08 14:37:11,449 - my_logger - INFO - epoch 41, train loss: 0.5228
2023-06-08 14:37:11,458 - my_logger - INFO - epoch 42, train loss: 0.5211
2023-06-08 14:37:11,461 - my_logger - INFO - evaluating......
2023-06-08 14:37:11,461 - my_logger - INFO - epoch 42, valid loss: 0.6121, valid auc: 73.00%
2023-06-08 14:37:11,470 - my_logger - INFO - epoch 43, train loss: 0.5201
2023-06-08 14:37:11,477 - my_logger - INFO - epoch 44, train loss: 0.5182
2023-06-08 14:37:11,480 - my_logger - INFO - evaluating......
2023-06-08 14:37:11,481 - my_logger - INFO - epoch 44, valid loss: 0.6114, valid auc: 73.21%
2023-06-08 14:37:11,489 - my_logger - INFO - epoch 45, train loss: 0.5165
2023-06-08 14:37:11,496 - my_logger - INFO - epoch 46, train loss: 0.5143
2023-06-08 14:37:11,499 - my_logger - INFO - evaluating......
2023-06-08 14:37:11,499 - my_logger - INFO - epoch 46, valid loss: 0.6160, valid auc: 73.42%
2023-06-08 14:37:11,507 - my_logger - INFO - epoch 47, train loss: 0.5122
2023-06-08 14:37:11,514 - my_logger - INFO - epoch 48, train loss: 0.5105
2023-06-08 14:37:11,519 - my_logger - INFO - evaluating......
2023-06-08 14:37:11,519 - my_logger - INFO - epoch 48, valid loss: 0.6188, valid auc: 73.59%
2023-06-08 14:37:11,526 - my_logger - INFO - epoch 49, train loss: 0.5084
2023-06-08 14:37:11,534 - my_logger - INFO - epoch 50, train loss: 0.5065
2023-06-08 14:37:11,538 - my_logger - INFO - evaluating......
2023-06-08 14:37:11,538 - my_logger - INFO - epoch 50, valid loss: 0.6194, valid auc: 73.95%
2023-06-08 14:37:11,546 - my_logger - INFO - epoch 51, train loss: 0.5047
2023-06-08 14:37:11,554 - my_logger - INFO - epoch 52, train loss: 0.5026
2023-06-08 14:37:11,558 - my_logger - INFO - evaluating......
2023-06-08 14:37:11,558 - my_logger - INFO - epoch 52, valid loss: 0.6168, valid auc: 74.32%
2023-06-08 14:37:11,565 - my_logger - INFO - epoch 53, train loss: 0.5009
2023-06-08 14:37:11,573 - my_logger - INFO - epoch 54, train loss: 0.4993
2023-06-08 14:37:11,577 - my_logger - INFO - evaluating......
2023-06-08 14:37:11,577 - my_logger - INFO - epoch 54, valid loss: 0.6159, valid auc: 74.57%
2023-06-08 14:37:11,584 - my_logger - INFO - epoch 55, train loss: 0.4975
2023-06-08 14:37:11,591 - my_logger - INFO - epoch 56, train loss: 0.4956
2023-06-08 14:37:11,595 - my_logger - INFO - evaluating......
2023-06-08 14:37:11,595 - my_logger - INFO - epoch 56, valid loss: 0.6192, valid auc: 74.73%
2023-06-08 14:37:11,604 - my_logger - INFO - epoch 57, train loss: 0.4938
2023-06-08 14:37:11,611 - my_logger - INFO - epoch 58, train loss: 0.4921
2023-06-08 14:37:11,615 - my_logger - INFO - evaluating......
2023-06-08 14:37:11,615 - my_logger - INFO - epoch 58, valid loss: 0.6210, valid auc: 74.84%
2023-06-08 14:37:11,623 - my_logger - INFO - epoch 59, train loss: 0.4901
2023-06-08 14:37:11,631 - my_logger - INFO - epoch 60, train loss: 0.4881
2023-06-08 14:37:11,636 - my_logger - INFO - evaluating......
2023-06-08 14:37:11,636 - my_logger - INFO - epoch 60, valid loss: 0.6194, valid auc: 75.00%
2023-06-08 14:37:11,644 - my_logger - INFO - epoch 61, train loss: 0.4861
2023-06-08 14:37:11,651 - my_logger - INFO - epoch 62, train loss: 0.4840
2023-06-08 14:37:11,655 - my_logger - INFO - evaluating......
2023-06-08 14:37:11,656 - my_logger - INFO - epoch 62, valid loss: 0.6204, valid auc: 75.15%
2023-06-08 14:37:11,663 - my_logger - INFO - epoch 63, train loss: 0.4819
2023-06-08 14:37:11,671 - my_logger - INFO - epoch 64, train loss: 0.4798
2023-06-08 14:37:11,675 - my_logger - INFO - evaluating......
2023-06-08 14:37:11,675 - my_logger - INFO - epoch 64, valid loss: 0.6229, valid auc: 75.24%
2023-06-08 14:37:11,682 - my_logger - INFO - epoch 65, train loss: 0.4778
2023-06-08 14:37:11,690 - my_logger - INFO - epoch 66, train loss: 0.4761
2023-06-08 14:37:11,693 - my_logger - INFO - evaluating......
2023-06-08 14:37:11,693 - my_logger - INFO - epoch 66, valid loss: 0.6219, valid auc: 75.42%
2023-06-08 14:37:11,701 - my_logger - INFO - epoch 67, train loss: 0.4746
2023-06-08 14:37:11,708 - my_logger - INFO - epoch 68, train loss: 0.4725
2023-06-08 14:37:11,712 - my_logger - INFO - evaluating......
2023-06-08 14:37:11,712 - my_logger - INFO - epoch 68, valid loss: 0.6219, valid auc: 75.64%
2023-06-08 14:37:11,720 - my_logger - INFO - epoch 69, train loss: 0.4694
2023-06-08 14:37:11,727 - my_logger - INFO - epoch 70, train loss: 0.4658
2023-06-08 14:37:11,731 - my_logger - INFO - evaluating......
2023-06-08 14:37:11,731 - my_logger - INFO - epoch 70, valid loss: 0.6221, valid auc: 75.71%
2023-06-08 14:37:11,740 - my_logger - INFO - epoch 71, train loss: 0.4628
2023-06-08 14:37:11,748 - my_logger - INFO - epoch 72, train loss: 0.4608
2023-06-08 14:37:11,752 - my_logger - INFO - evaluating......
2023-06-08 14:37:11,753 - my_logger - INFO - epoch 72, valid loss: 0.6190, valid auc: 75.74%
2023-06-08 14:37:11,760 - my_logger - INFO - epoch 73, train loss: 0.4587
2023-06-08 14:37:11,768 - my_logger - INFO - epoch 74, train loss: 0.4558
2023-06-08 14:37:11,772 - my_logger - INFO - evaluating......
2023-06-08 14:37:11,772 - my_logger - INFO - epoch 74, valid loss: 0.6159, valid auc: 75.94%
2023-06-08 14:37:11,780 - my_logger - INFO - epoch 75, train loss: 0.4515
2023-06-08 14:37:11,789 - my_logger - INFO - epoch 76, train loss: 0.4474
2023-06-08 14:37:11,793 - my_logger - INFO - evaluating......
2023-06-08 14:37:11,793 - my_logger - INFO - epoch 76, valid loss: 0.6150, valid auc: 76.40%
2023-06-08 14:37:11,801 - my_logger - INFO - epoch 77, train loss: 0.4439
2023-06-08 14:37:11,808 - my_logger - INFO - epoch 78, train loss: 0.4404
2023-06-08 14:37:11,811 - my_logger - INFO - evaluating......
2023-06-08 14:37:11,812 - my_logger - INFO - epoch 78, valid loss: 0.6134, valid auc: 76.97%
2023-06-08 14:37:11,820 - my_logger - INFO - epoch 79, train loss: 0.4363
2023-06-08 14:37:11,827 - my_logger - INFO - epoch 80, train loss: 0.4307
2023-06-08 14:37:11,831 - my_logger - INFO - evaluating......
2023-06-08 14:37:11,831 - my_logger - INFO - epoch 80, valid loss: 0.6079, valid auc: 77.49%
2023-06-08 14:37:11,839 - my_logger - INFO - epoch 81, train loss: 0.4245
2023-06-08 14:37:11,846 - my_logger - INFO - epoch 82, train loss: 0.4185
2023-06-08 14:37:11,851 - my_logger - INFO - evaluating......
2023-06-08 14:37:11,852 - my_logger - INFO - epoch 82, valid loss: 0.5970, valid auc: 78.12%
2023-06-08 14:37:11,859 - my_logger - INFO - epoch 83, train loss: 0.4129
2023-06-08 14:37:11,866 - my_logger - INFO - epoch 84, train loss: 0.4068
2023-06-08 14:37:11,870 - my_logger - INFO - evaluating......
2023-06-08 14:37:11,870 - my_logger - INFO - epoch 84, valid loss: 0.5862, valid auc: 78.93%
2023-06-08 14:37:11,878 - my_logger - INFO - epoch 85, train loss: 0.3995
2023-06-08 14:37:11,885 - my_logger - INFO - epoch 86, train loss: 0.3917
2023-06-08 14:37:11,889 - my_logger - INFO - evaluating......
2023-06-08 14:37:11,889 - my_logger - INFO - epoch 86, valid loss: 0.5757, valid auc: 79.94%
2023-06-08 14:37:11,896 - my_logger - INFO - epoch 87, train loss: 0.3842
2023-06-08 14:37:11,904 - my_logger - INFO - epoch 88, train loss: 0.3767
2023-06-08 14:37:11,908 - my_logger - INFO - evaluating......
2023-06-08 14:37:11,908 - my_logger - INFO - epoch 88, valid loss: 0.5648, valid auc: 81.07%
2023-06-08 14:37:11,915 - my_logger - INFO - epoch 89, train loss: 0.3684
2023-06-08 14:37:11,923 - my_logger - INFO - epoch 90, train loss: 0.3597
2023-06-08 14:37:11,927 - my_logger - INFO - evaluating......
2023-06-08 14:37:11,927 - my_logger - INFO - epoch 90, valid loss: 0.5494, valid auc: 82.16%
2023-06-08 14:37:11,935 - my_logger - INFO - epoch 91, train loss: 0.3514
2023-06-08 14:37:11,942 - my_logger - INFO - epoch 92, train loss: 0.3433
2023-06-08 14:37:11,945 - my_logger - INFO - evaluating......
2023-06-08 14:37:11,946 - my_logger - INFO - epoch 92, valid loss: 0.5333, valid auc: 83.22%
2023-06-08 14:37:11,954 - my_logger - INFO - epoch 93, train loss: 0.3350
2023-06-08 14:37:11,961 - my_logger - INFO - epoch 94, train loss: 0.3269
2023-06-08 14:37:11,965 - my_logger - INFO - evaluating......
2023-06-08 14:37:11,965 - my_logger - INFO - epoch 94, valid loss: 0.5232, valid auc: 84.24%
2023-06-08 14:37:11,973 - my_logger - INFO - epoch 95, train loss: 0.3194
2023-06-08 14:37:11,980 - my_logger - INFO - epoch 96, train loss: 0.3120
2023-06-08 14:37:11,984 - my_logger - INFO - evaluating......
2023-06-08 14:37:11,984 - my_logger - INFO - epoch 96, valid loss: 0.5153, valid auc: 85.11%
2023-06-08 14:37:11,992 - my_logger - INFO - epoch 97, train loss: 0.3049
2023-06-08 14:37:11,999 - my_logger - INFO - epoch 98, train loss: 0.2983
2023-06-08 14:37:12,003 - my_logger - INFO - evaluating......
2023-06-08 14:37:12,003 - my_logger - INFO - epoch 98, valid loss: 0.5050, valid auc: 85.89%
2023-06-08 14:37:12,011 - my_logger - INFO - epoch 99, train loss: 0.2920
2023-06-08 14:37:12,018 - my_logger - INFO - epoch 100, train loss: 0.2858
2023-06-08 14:37:12,022 - my_logger - INFO - evaluating......
2023-06-08 14:37:12,022 - my_logger - INFO - epoch 100, valid loss: 0.4993, valid auc: 86.55%
2023-06-08 14:37:12,030 - my_logger - INFO - epoch 101, train loss: 0.2799
2023-06-08 14:37:12,037 - my_logger - INFO - epoch 102, train loss: 0.2745
2023-06-08 14:37:12,041 - my_logger - INFO - evaluating......
2023-06-08 14:37:12,041 - my_logger - INFO - epoch 102, valid loss: 0.4978, valid auc: 87.12%
2023-06-08 14:37:12,048 - my_logger - INFO - epoch 103, train loss: 0.2692
2023-06-08 14:37:12,055 - my_logger - INFO - epoch 104, train loss: 0.2639
2023-06-08 14:37:12,059 - my_logger - INFO - evaluating......
2023-06-08 14:37:12,059 - my_logger - INFO - epoch 104, valid loss: 0.4941, valid auc: 87.65%
2023-06-08 14:37:12,066 - my_logger - INFO - epoch 105, train loss: 0.2588
2023-06-08 14:37:12,074 - my_logger - INFO - epoch 106, train loss: 0.2539
2023-06-08 14:37:12,078 - my_logger - INFO - evaluating......
2023-06-08 14:37:12,078 - my_logger - INFO - epoch 106, valid loss: 0.4876, valid auc: 88.17%
2023-06-08 14:37:12,086 - my_logger - INFO - epoch 107, train loss: 0.2491
2023-06-08 14:37:12,094 - my_logger - INFO - epoch 108, train loss: 0.2443
2023-06-08 14:37:12,097 - my_logger - INFO - evaluating......
2023-06-08 14:37:12,097 - my_logger - INFO - epoch 108, valid loss: 0.4814, valid auc: 88.70%
2023-06-08 14:37:12,105 - my_logger - INFO - epoch 109, train loss: 0.2395
2023-06-08 14:37:12,112 - my_logger - INFO - epoch 110, train loss: 0.2346
2023-06-08 14:37:12,115 - my_logger - INFO - evaluating......
2023-06-08 14:37:12,116 - my_logger - INFO - epoch 110, valid loss: 0.4737, valid auc: 89.28%
2023-06-08 14:37:12,124 - my_logger - INFO - epoch 111, train loss: 0.2296
2023-06-08 14:37:12,132 - my_logger - INFO - epoch 112, train loss: 0.2247
2023-06-08 14:37:12,136 - my_logger - INFO - evaluating......
2023-06-08 14:37:12,137 - my_logger - INFO - epoch 112, valid loss: 0.4660, valid auc: 89.84%
2023-06-08 14:37:12,144 - my_logger - INFO - epoch 113, train loss: 0.2198
2023-06-08 14:37:12,151 - my_logger - INFO - epoch 114, train loss: 0.2148
2023-06-08 14:37:12,155 - my_logger - INFO - evaluating......
2023-06-08 14:37:12,155 - my_logger - INFO - epoch 114, valid loss: 0.4588, valid auc: 90.34%
2023-06-08 14:37:12,162 - my_logger - INFO - epoch 115, train loss: 0.2098
2023-06-08 14:37:12,170 - my_logger - INFO - epoch 116, train loss: 0.2048
2023-06-08 14:37:12,173 - my_logger - INFO - evaluating......
2023-06-08 14:37:12,173 - my_logger - INFO - epoch 116, valid loss: 0.4519, valid auc: 90.78%
2023-06-08 14:37:12,180 - my_logger - INFO - epoch 117, train loss: 0.1997
2023-06-08 14:37:12,187 - my_logger - INFO - epoch 118, train loss: 0.1946
2023-06-08 14:37:12,191 - my_logger - INFO - evaluating......
2023-06-08 14:37:12,191 - my_logger - INFO - epoch 118, valid loss: 0.4441, valid auc: 91.21%
2023-06-08 14:37:12,198 - my_logger - INFO - epoch 119, train loss: 0.1895
2023-06-08 14:37:12,205 - my_logger - INFO - epoch 120, train loss: 0.1844
2023-06-08 14:37:12,208 - my_logger - INFO - evaluating......
2023-06-08 14:37:12,209 - my_logger - INFO - epoch 120, valid loss: 0.4367, valid auc: 91.62%
2023-06-08 14:37:12,216 - my_logger - INFO - epoch 121, train loss: 0.1794
2023-06-08 14:37:12,222 - my_logger - INFO - epoch 122, train loss: 0.1744
2023-06-08 14:37:12,226 - my_logger - INFO - evaluating......
2023-06-08 14:37:12,226 - my_logger - INFO - epoch 122, valid loss: 0.4296, valid auc: 92.03%
2023-06-08 14:37:12,233 - my_logger - INFO - epoch 123, train loss: 0.1695
2023-06-08 14:37:12,240 - my_logger - INFO - epoch 124, train loss: 0.1648
2023-06-08 14:37:12,244 - my_logger - INFO - evaluating......
2023-06-08 14:37:12,244 - my_logger - INFO - epoch 124, valid loss: 0.4241, valid auc: 92.40%
2023-06-08 14:37:12,251 - my_logger - INFO - epoch 125, train loss: 0.1603
2023-06-08 14:37:12,257 - my_logger - INFO - epoch 126, train loss: 0.1561
2023-06-08 14:37:12,261 - my_logger - INFO - evaluating......
2023-06-08 14:37:12,261 - my_logger - INFO - epoch 126, valid loss: 0.4200, valid auc: 92.70%
2023-06-08 14:37:12,268 - my_logger - INFO - epoch 127, train loss: 0.1521
2023-06-08 14:37:12,275 - my_logger - INFO - epoch 128, train loss: 0.1485
2023-06-08 14:37:12,278 - my_logger - INFO - evaluating......
2023-06-08 14:37:12,279 - my_logger - INFO - epoch 128, valid loss: 0.4195, valid auc: 92.90%
2023-06-08 14:37:12,286 - my_logger - INFO - epoch 129, train loss: 0.1451
2023-06-08 14:37:12,292 - my_logger - INFO - epoch 130, train loss: 0.1420
2023-06-08 14:37:12,296 - my_logger - INFO - evaluating......
2023-06-08 14:37:12,296 - my_logger - INFO - epoch 130, valid loss: 0.4207, valid auc: 93.05%
2023-06-08 14:37:12,303 - my_logger - INFO - epoch 131, train loss: 0.1391
2023-06-08 14:37:12,309 - my_logger - INFO - epoch 132, train loss: 0.1363
2023-06-08 14:37:12,313 - my_logger - INFO - evaluating......
2023-06-08 14:37:12,313 - my_logger - INFO - epoch 132, valid loss: 0.4251, valid auc: 93.13%
2023-06-08 14:37:12,320 - my_logger - INFO - epoch 133, train loss: 0.1335
2023-06-08 14:37:12,327 - my_logger - INFO - epoch 134, train loss: 0.1308
2023-06-08 14:37:12,331 - my_logger - INFO - evaluating......
2023-06-08 14:37:12,331 - my_logger - INFO - epoch 134, valid loss: 0.4304, valid auc: 93.18%
2023-06-08 14:37:12,338 - my_logger - INFO - epoch 135, train loss: 0.1282
2023-06-08 14:37:12,344 - my_logger - INFO - epoch 136, train loss: 0.1259
2023-06-08 14:37:12,348 - my_logger - INFO - evaluating......
2023-06-08 14:37:12,348 - my_logger - INFO - epoch 136, valid loss: 0.4343, valid auc: 93.22%
2023-06-08 14:37:12,356 - my_logger - INFO - epoch 137, train loss: 0.1243
2023-06-08 14:37:12,362 - my_logger - INFO - epoch 138, train loss: 0.1240
2023-06-08 14:37:12,366 - my_logger - INFO - evaluating......
2023-06-08 14:37:12,366 - my_logger - INFO - epoch 138, valid loss: 0.4351, valid auc: 93.24%
2023-06-08 14:37:12,373 - my_logger - INFO - epoch 139, train loss: 0.1221
2023-06-08 14:37:12,379 - my_logger - INFO - epoch 140, train loss: 0.1189
2023-06-08 14:37:12,382 - my_logger - INFO - evaluating......
2023-06-08 14:37:12,382 - my_logger - INFO - epoch 140, valid loss: 0.4370, valid auc: 93.27%
2023-06-08 14:37:12,390 - my_logger - INFO - epoch 141, train loss: 0.1138
2023-06-08 14:37:12,397 - my_logger - INFO - epoch 142, train loss: 0.1126
2023-06-08 14:37:12,401 - my_logger - INFO - evaluating......
2023-06-08 14:37:12,401 - my_logger - INFO - epoch 142, valid loss: 0.4515, valid auc: 93.34%
2023-06-08 14:37:12,408 - my_logger - INFO - epoch 143, train loss: 0.1129
2023-06-08 14:37:12,414 - my_logger - INFO - epoch 144, train loss: 0.1088
2023-06-08 14:37:12,417 - my_logger - INFO - evaluating......
2023-06-08 14:37:12,418 - my_logger - INFO - epoch 144, valid loss: 0.4611, valid auc: 93.34%
2023-06-08 14:37:12,423 - my_logger - INFO - epoch 145, train loss: 0.1057
2023-06-08 14:37:12,430 - my_logger - INFO - epoch 146, train loss: 0.1053
2023-06-08 14:37:12,433 - my_logger - INFO - evaluating......
2023-06-08 14:37:12,434 - my_logger - INFO - epoch 146, valid loss: 0.4522, valid auc: 93.31%
2023-06-08 14:37:12,439 - my_logger - INFO - epoch 147, train loss: 0.1034
2023-06-08 14:37:12,446 - my_logger - INFO - epoch 148, train loss: 0.1005
2023-06-08 14:37:12,449 - my_logger - INFO - evaluating......
2023-06-08 14:37:12,449 - my_logger - INFO - epoch 148, valid loss: 0.4577, valid auc: 93.34%
2023-06-08 14:37:12,455 - my_logger - INFO - epoch 149, train loss: 0.0991
2023-06-08 14:37:12,462 - my_logger - INFO - epoch 150, train loss: 0.0981
2023-06-08 14:37:12,466 - my_logger - INFO - evaluating......
2023-06-08 14:37:12,466 - my_logger - INFO - epoch 150, valid loss: 0.4699, valid auc: 93.37%
2023-06-08 14:37:12,473 - my_logger - INFO - epoch 151, train loss: 0.0960
2023-06-08 14:37:12,480 - my_logger - INFO - epoch 152, train loss: 0.0939
2023-06-08 14:37:12,483 - my_logger - INFO - evaluating......
2023-06-08 14:37:12,483 - my_logger - INFO - epoch 152, valid loss: 0.4693, valid auc: 93.37%
2023-06-08 14:37:12,489 - my_logger - INFO - epoch 153, train loss: 0.0929
2023-06-08 14:37:12,496 - my_logger - INFO - epoch 154, train loss: 0.0918
2023-06-08 14:37:12,499 - my_logger - INFO - evaluating......
2023-06-08 14:37:12,500 - my_logger - INFO - epoch 154, valid loss: 0.4673, valid auc: 93.37%
2023-06-08 14:37:12,505 - my_logger - INFO - epoch 155, train loss: 0.0896
2023-06-08 14:37:12,512 - my_logger - INFO - epoch 156, train loss: 0.0881
2023-06-08 14:37:12,516 - my_logger - INFO - evaluating......
2023-06-08 14:37:12,517 - my_logger - INFO - epoch 156, valid loss: 0.4751, valid auc: 93.43%
2023-06-08 14:37:12,524 - my_logger - INFO - epoch 157, train loss: 0.0872
2023-06-08 14:37:12,531 - my_logger - INFO - epoch 158, train loss: 0.0858
2023-06-08 14:37:12,535 - my_logger - INFO - evaluating......
2023-06-08 14:37:12,536 - my_logger - INFO - epoch 158, valid loss: 0.4828, valid auc: 93.47%
2023-06-08 14:37:12,544 - my_logger - INFO - epoch 159, train loss: 0.0840
2023-06-08 14:37:12,552 - my_logger - INFO - epoch 160, train loss: 0.0828
2023-06-08 14:37:12,556 - my_logger - INFO - evaluating......
2023-06-08 14:37:12,556 - my_logger - INFO - epoch 160, valid loss: 0.4819, valid auc: 93.46%
2023-06-08 14:37:12,562 - my_logger - INFO - epoch 161, train loss: 0.0819
2023-06-08 14:37:12,570 - my_logger - INFO - epoch 162, train loss: 0.0807
2023-06-08 14:37:12,574 - my_logger - INFO - evaluating......
2023-06-08 14:37:12,574 - my_logger - INFO - epoch 162, valid loss: 0.4835, valid auc: 93.47%
2023-06-08 14:37:12,582 - my_logger - INFO - epoch 163, train loss: 0.0791
2023-06-08 14:37:12,590 - my_logger - INFO - epoch 164, train loss: 0.0779
2023-06-08 14:37:12,594 - my_logger - INFO - evaluating......
2023-06-08 14:37:12,594 - my_logger - INFO - epoch 164, valid loss: 0.4916, valid auc: 93.50%
2023-06-08 14:37:12,601 - my_logger - INFO - epoch 165, train loss: 0.0770
2023-06-08 14:37:12,609 - my_logger - INFO - epoch 166, train loss: 0.0760
2023-06-08 14:37:12,613 - my_logger - INFO - evaluating......
2023-06-08 14:37:12,613 - my_logger - INFO - epoch 166, valid loss: 0.4992, valid auc: 93.51%
2023-06-08 14:37:12,622 - my_logger - INFO - epoch 167, train loss: 0.0747
2023-06-08 14:37:12,630 - my_logger - INFO - epoch 168, train loss: 0.0734
2023-06-08 14:37:12,635 - my_logger - INFO - evaluating......
2023-06-08 14:37:12,635 - my_logger - INFO - epoch 168, valid loss: 0.5017, valid auc: 93.50%
2023-06-08 14:37:12,642 - my_logger - INFO - epoch 169, train loss: 0.0725
2023-06-08 14:37:12,650 - my_logger - INFO - epoch 170, train loss: 0.0716
2023-06-08 14:37:12,654 - my_logger - INFO - evaluating......
2023-06-08 14:37:12,654 - my_logger - INFO - epoch 170, valid loss: 0.5040, valid auc: 93.50%
2023-06-08 14:37:12,661 - my_logger - INFO - epoch 171, train loss: 0.0705
2023-06-08 14:37:12,669 - my_logger - INFO - epoch 172, train loss: 0.0694
2023-06-08 14:37:12,673 - my_logger - INFO - evaluating......
2023-06-08 14:37:12,673 - my_logger - INFO - epoch 172, valid loss: 0.5095, valid auc: 93.51%
2023-06-08 14:37:12,680 - my_logger - INFO - epoch 173, train loss: 0.0683
2023-06-08 14:37:12,688 - my_logger - INFO - epoch 174, train loss: 0.0673
2023-06-08 14:37:12,692 - my_logger - INFO - evaluating......
2023-06-08 14:37:12,692 - my_logger - INFO - epoch 174, valid loss: 0.5173, valid auc: 93.52%
2023-06-08 14:37:12,700 - my_logger - INFO - epoch 175, train loss: 0.0664
2023-06-08 14:37:12,708 - my_logger - INFO - epoch 176, train loss: 0.0655
2023-06-08 14:37:12,713 - my_logger - INFO - evaluating......
2023-06-08 14:37:12,713 - my_logger - INFO - epoch 176, valid loss: 0.5247, valid auc: 93.51%
2023-06-08 14:37:12,719 - my_logger - INFO - epoch 177, train loss: 0.0646
2023-06-08 14:37:12,728 - my_logger - INFO - epoch 178, train loss: 0.0636
2023-06-08 14:37:12,731 - my_logger - INFO - evaluating......
2023-06-08 14:37:12,731 - my_logger - INFO - epoch 178, valid loss: 0.5303, valid auc: 93.49%
2023-06-08 14:37:12,738 - my_logger - INFO - epoch 179, train loss: 0.0626
2023-06-08 14:37:12,746 - my_logger - INFO - epoch 180, train loss: 0.0617
2023-06-08 14:37:12,750 - my_logger - INFO - evaluating......
2023-06-08 14:37:12,750 - my_logger - INFO - epoch 180, valid loss: 0.5353, valid auc: 93.47%
2023-06-08 14:37:12,756 - my_logger - INFO - epoch 181, train loss: 0.0608
2023-06-08 14:37:12,764 - my_logger - INFO - epoch 182, train loss: 0.0599
2023-06-08 14:37:12,768 - my_logger - INFO - evaluating......
2023-06-08 14:37:12,768 - my_logger - INFO - epoch 182, valid loss: 0.5400, valid auc: 93.44%
2023-06-08 14:37:12,776 - my_logger - INFO - epoch 183, train loss: 0.0591
2023-06-08 14:37:12,786 - my_logger - INFO - epoch 184, train loss: 0.0583
2023-06-08 14:37:12,792 - my_logger - INFO - evaluating......
2023-06-08 14:37:12,793 - my_logger - INFO - epoch 184, valid loss: 0.5455, valid auc: 93.41%
2023-06-08 14:37:12,801 - my_logger - INFO - epoch 185, train loss: 0.0576
2023-06-08 14:37:12,810 - my_logger - INFO - epoch 186, train loss: 0.0569
2023-06-08 14:37:12,815 - my_logger - INFO - evaluating......
2023-06-08 14:37:12,815 - my_logger - INFO - epoch 186, valid loss: 0.5506, valid auc: 93.38%
2023-06-08 14:37:12,822 - my_logger - INFO - epoch 187, train loss: 0.0562
2023-06-08 14:37:12,830 - my_logger - INFO - epoch 188, train loss: 0.0557
2023-06-08 14:37:12,835 - my_logger - INFO - evaluating......
2023-06-08 14:37:12,835 - my_logger - INFO - epoch 188, valid loss: 0.5555, valid auc: 93.36%
2023-06-08 14:37:12,842 - my_logger - INFO - epoch 189, train loss: 0.0554
2023-06-08 14:37:12,849 - my_logger - INFO - epoch 190, train loss: 0.0554
2023-06-08 14:37:12,854 - my_logger - INFO - evaluating......
2023-06-08 14:37:12,854 - my_logger - INFO - epoch 190, valid loss: 0.5596, valid auc: 93.33%
2023-06-08 14:37:12,860 - my_logger - INFO - epoch 191, train loss: 0.0552
2023-06-08 14:37:12,868 - my_logger - INFO - epoch 192, train loss: 0.0554
2023-06-08 14:37:12,872 - my_logger - INFO - evaluating......
2023-06-08 14:37:12,872 - my_logger - INFO - epoch 192, valid loss: 0.5632, valid auc: 93.31%
2023-06-08 14:37:12,878 - my_logger - INFO - epoch 193, train loss: 0.0540
2023-06-08 14:37:12,886 - my_logger - INFO - epoch 194, train loss: 0.0522
2023-06-08 14:37:12,891 - my_logger - INFO - evaluating......
2023-06-08 14:37:12,891 - my_logger - INFO - epoch 194, valid loss: 0.5691, valid auc: 93.33%
2023-06-08 14:37:12,898 - my_logger - INFO - epoch 195, train loss: 0.0503
2023-06-08 14:37:12,905 - my_logger - INFO - epoch 196, train loss: 0.0496
2023-06-08 14:37:12,910 - my_logger - INFO - evaluating......
2023-06-08 14:37:12,910 - my_logger - INFO - epoch 196, valid loss: 0.5818, valid auc: 93.37%
2023-06-08 14:37:12,916 - my_logger - INFO - epoch 197, train loss: 0.0499
2023-06-08 14:37:12,924 - my_logger - INFO - epoch 198, train loss: 0.0498
2023-06-08 14:37:12,929 - my_logger - INFO - evaluating......
2023-06-08 14:37:12,929 - my_logger - INFO - epoch 198, valid loss: 0.5946, valid auc: 93.37%
2023-06-08 14:37:12,936 - my_logger - INFO - epoch 199, train loss: 0.0490
2023-06-08 14:37:12,937 - my_logger - INFO - total train time used: 2.6982s
2023-06-08 14:37:12,937 - my_logger - INFO - testing......
2023-06-08 14:37:12,946 - my_logger - INFO - test auc: 92.76%
