2023-06-07 15:47:53,806 - my_logger - INFO - training......
2023-06-07 15:47:54,563 - my_logger - INFO - epoch 0, train loss: 0.6933
2023-06-07 15:47:54,571 - my_logger - INFO - evaluating......
2023-06-07 15:47:54,571 - my_logger - INFO - epoch 0, valid loss: 0.6932, valid auc: 93.58%
2023-06-07 15:47:54,584 - my_logger - INFO - epoch 1, train loss: 0.6931
2023-06-07 15:47:54,596 - my_logger - INFO - epoch 2, train loss: 0.6926
2023-06-07 15:47:54,601 - my_logger - INFO - evaluating......
2023-06-07 15:47:54,601 - my_logger - INFO - epoch 2, valid loss: 0.6926, valid auc: 74.54%
2023-06-07 15:47:54,610 - my_logger - INFO - epoch 3, train loss: 0.6917
2023-06-07 15:47:54,620 - my_logger - INFO - epoch 4, train loss: 0.6903
2023-06-07 15:47:54,627 - my_logger - INFO - evaluating......
2023-06-07 15:47:54,627 - my_logger - INFO - epoch 4, valid loss: 0.6905, valid auc: 72.53%
2023-06-07 15:47:54,634 - my_logger - INFO - epoch 5, train loss: 0.6884
2023-06-07 15:47:54,645 - my_logger - INFO - epoch 6, train loss: 0.6866
2023-06-07 15:47:54,650 - my_logger - INFO - evaluating......
2023-06-07 15:47:54,650 - my_logger - INFO - epoch 6, valid loss: 0.6880, valid auc: 72.18%
2023-06-07 15:47:54,659 - my_logger - INFO - epoch 7, train loss: 0.6846
2023-06-07 15:47:54,669 - my_logger - INFO - epoch 8, train loss: 0.6821
2023-06-07 15:47:54,675 - my_logger - INFO - evaluating......
2023-06-07 15:47:54,675 - my_logger - INFO - epoch 8, valid loss: 0.6849, valid auc: 71.84%
2023-06-07 15:47:54,683 - my_logger - INFO - epoch 9, train loss: 0.6790
2023-06-07 15:47:54,694 - my_logger - INFO - epoch 10, train loss: 0.6754
2023-06-07 15:47:54,699 - my_logger - INFO - evaluating......
2023-06-07 15:47:54,699 - my_logger - INFO - epoch 10, valid loss: 0.6794, valid auc: 71.24%
2023-06-07 15:47:54,707 - my_logger - INFO - epoch 11, train loss: 0.6713
2023-06-07 15:47:54,717 - my_logger - INFO - epoch 12, train loss: 0.6668
2023-06-07 15:47:54,722 - my_logger - INFO - evaluating......
2023-06-07 15:47:54,722 - my_logger - INFO - epoch 12, valid loss: 0.6721, valid auc: 70.77%
2023-06-07 15:47:54,730 - my_logger - INFO - epoch 13, train loss: 0.6620
2023-06-07 15:47:54,740 - my_logger - INFO - epoch 14, train loss: 0.6568
2023-06-07 15:47:54,745 - my_logger - INFO - evaluating......
2023-06-07 15:47:54,745 - my_logger - INFO - epoch 14, valid loss: 0.6636, valid auc: 70.44%
2023-06-07 15:47:54,752 - my_logger - INFO - epoch 15, train loss: 0.6513
2023-06-07 15:47:54,762 - my_logger - INFO - epoch 16, train loss: 0.6453
2023-06-07 15:47:54,768 - my_logger - INFO - evaluating......
2023-06-07 15:47:54,768 - my_logger - INFO - epoch 16, valid loss: 0.6543, valid auc: 70.55%
2023-06-07 15:47:54,776 - my_logger - INFO - epoch 17, train loss: 0.6389
2023-06-07 15:47:54,785 - my_logger - INFO - epoch 18, train loss: 0.6320
2023-06-07 15:47:54,791 - my_logger - INFO - evaluating......
2023-06-07 15:47:54,791 - my_logger - INFO - epoch 18, valid loss: 0.6435, valid auc: 70.99%
2023-06-07 15:47:54,798 - my_logger - INFO - epoch 19, train loss: 0.6248
2023-06-07 15:47:54,809 - my_logger - INFO - epoch 20, train loss: 0.6171
2023-06-07 15:47:54,814 - my_logger - INFO - evaluating......
2023-06-07 15:47:54,815 - my_logger - INFO - epoch 20, valid loss: 0.6313, valid auc: 71.62%
2023-06-07 15:47:54,821 - my_logger - INFO - epoch 21, train loss: 0.6090
2023-06-07 15:47:54,832 - my_logger - INFO - epoch 22, train loss: 0.6005
2023-06-07 15:47:54,837 - my_logger - INFO - evaluating......
2023-06-07 15:47:54,838 - my_logger - INFO - epoch 22, valid loss: 0.6181, valid auc: 72.55%
2023-06-07 15:47:54,845 - my_logger - INFO - epoch 23, train loss: 0.5917
2023-06-07 15:47:54,855 - my_logger - INFO - epoch 24, train loss: 0.5827
2023-06-07 15:47:54,861 - my_logger - INFO - evaluating......
2023-06-07 15:47:54,861 - my_logger - INFO - epoch 24, valid loss: 0.6042, valid auc: 73.71%
2023-06-07 15:47:54,868 - my_logger - INFO - epoch 25, train loss: 0.5734
2023-06-07 15:47:54,879 - my_logger - INFO - epoch 26, train loss: 0.5640
2023-06-07 15:47:54,884 - my_logger - INFO - evaluating......
2023-06-07 15:47:54,884 - my_logger - INFO - epoch 26, valid loss: 0.5898, valid auc: 75.07%
2023-06-07 15:47:54,892 - my_logger - INFO - epoch 27, train loss: 0.5544
2023-06-07 15:47:54,901 - my_logger - INFO - epoch 28, train loss: 0.5449
2023-06-07 15:47:54,907 - my_logger - INFO - evaluating......
2023-06-07 15:47:54,907 - my_logger - INFO - epoch 28, valid loss: 0.5751, valid auc: 76.48%
2023-06-07 15:47:54,914 - my_logger - INFO - epoch 29, train loss: 0.5353
2023-06-07 15:47:54,924 - my_logger - INFO - epoch 30, train loss: 0.5257
2023-06-07 15:47:54,929 - my_logger - INFO - evaluating......
2023-06-07 15:47:54,930 - my_logger - INFO - epoch 30, valid loss: 0.5604, valid auc: 77.87%
2023-06-07 15:47:54,936 - my_logger - INFO - epoch 31, train loss: 0.5159
2023-06-07 15:47:54,947 - my_logger - INFO - epoch 32, train loss: 0.5058
2023-06-07 15:47:54,952 - my_logger - INFO - evaluating......
2023-06-07 15:47:54,952 - my_logger - INFO - epoch 32, valid loss: 0.5449, valid auc: 79.42%
2023-06-07 15:47:54,960 - my_logger - INFO - epoch 33, train loss: 0.4953
2023-06-07 15:47:54,970 - my_logger - INFO - epoch 34, train loss: 0.4844
2023-06-07 15:47:54,976 - my_logger - INFO - evaluating......
2023-06-07 15:47:54,976 - my_logger - INFO - epoch 34, valid loss: 0.5271, valid auc: 81.25%
2023-06-07 15:47:54,983 - my_logger - INFO - epoch 35, train loss: 0.4733
2023-06-07 15:47:54,994 - my_logger - INFO - epoch 36, train loss: 0.4622
2023-06-07 15:47:54,999 - my_logger - INFO - evaluating......
2023-06-07 15:47:54,999 - my_logger - INFO - epoch 36, valid loss: 0.5066, valid auc: 83.23%
2023-06-07 15:47:55,007 - my_logger - INFO - epoch 37, train loss: 0.4513
2023-06-07 15:47:55,017 - my_logger - INFO - epoch 38, train loss: 0.4406
2023-06-07 15:47:55,022 - my_logger - INFO - evaluating......
2023-06-07 15:47:55,022 - my_logger - INFO - epoch 38, valid loss: 0.4858, valid auc: 85.02%
2023-06-07 15:47:55,029 - my_logger - INFO - epoch 39, train loss: 0.4298
2023-06-07 15:47:55,038 - my_logger - INFO - epoch 40, train loss: 0.4190
2023-06-07 15:47:55,044 - my_logger - INFO - evaluating......
2023-06-07 15:47:55,045 - my_logger - INFO - epoch 40, valid loss: 0.4667, valid auc: 86.38%
2023-06-07 15:47:55,051 - my_logger - INFO - epoch 41, train loss: 0.4082
2023-06-07 15:47:55,061 - my_logger - INFO - epoch 42, train loss: 0.3976
2023-06-07 15:47:55,066 - my_logger - INFO - evaluating......
2023-06-07 15:47:55,066 - my_logger - INFO - epoch 42, valid loss: 0.4496, valid auc: 87.51%
2023-06-07 15:47:55,074 - my_logger - INFO - epoch 43, train loss: 0.3872
2023-06-07 15:47:55,083 - my_logger - INFO - epoch 44, train loss: 0.3771
2023-06-07 15:47:55,088 - my_logger - INFO - evaluating......
2023-06-07 15:47:55,088 - my_logger - INFO - epoch 44, valid loss: 0.4332, valid auc: 88.55%
2023-06-07 15:47:55,095 - my_logger - INFO - epoch 45, train loss: 0.3671
2023-06-07 15:47:55,104 - my_logger - INFO - epoch 46, train loss: 0.3573
2023-06-07 15:47:55,110 - my_logger - INFO - evaluating......
2023-06-07 15:47:55,110 - my_logger - INFO - epoch 46, valid loss: 0.4159, valid auc: 89.54%
2023-06-07 15:47:55,117 - my_logger - INFO - epoch 47, train loss: 0.3476
2023-06-07 15:47:55,127 - my_logger - INFO - epoch 48, train loss: 0.3381
2023-06-07 15:47:55,132 - my_logger - INFO - evaluating......
2023-06-07 15:47:55,132 - my_logger - INFO - epoch 48, valid loss: 0.3984, valid auc: 90.51%
2023-06-07 15:47:55,139 - my_logger - INFO - epoch 49, train loss: 0.3287
2023-06-07 15:47:55,149 - my_logger - INFO - epoch 50, train loss: 0.3195
2023-06-07 15:47:55,154 - my_logger - INFO - evaluating......
2023-06-07 15:47:55,154 - my_logger - INFO - epoch 50, valid loss: 0.3822, valid auc: 91.34%
2023-06-07 15:47:55,162 - my_logger - INFO - epoch 51, train loss: 0.3101
2023-06-07 15:47:55,173 - my_logger - INFO - epoch 52, train loss: 0.3009
2023-06-07 15:47:55,178 - my_logger - INFO - evaluating......
2023-06-07 15:47:55,179 - my_logger - INFO - epoch 52, valid loss: 0.3666, valid auc: 92.04%
2023-06-07 15:47:55,186 - my_logger - INFO - epoch 53, train loss: 0.2919
2023-06-07 15:47:55,196 - my_logger - INFO - epoch 54, train loss: 0.2833
2023-06-07 15:47:55,201 - my_logger - INFO - evaluating......
2023-06-07 15:47:55,201 - my_logger - INFO - epoch 54, valid loss: 0.3523, valid auc: 92.64%
2023-06-07 15:47:55,209 - my_logger - INFO - epoch 55, train loss: 0.2750
2023-06-07 15:47:55,218 - my_logger - INFO - epoch 56, train loss: 0.2669
2023-06-07 15:47:55,224 - my_logger - INFO - evaluating......
2023-06-07 15:47:55,224 - my_logger - INFO - epoch 56, valid loss: 0.3385, valid auc: 93.22%
2023-06-07 15:47:55,231 - my_logger - INFO - epoch 57, train loss: 0.2590
2023-06-07 15:47:55,240 - my_logger - INFO - epoch 58, train loss: 0.2512
2023-06-07 15:47:55,245 - my_logger - INFO - evaluating......
2023-06-07 15:47:55,246 - my_logger - INFO - epoch 58, valid loss: 0.3254, valid auc: 93.76%
2023-06-07 15:47:55,256 - my_logger - INFO - epoch 59, train loss: 0.2438
2023-06-07 15:47:55,266 - my_logger - INFO - epoch 60, train loss: 0.2368
2023-06-07 15:47:55,271 - my_logger - INFO - evaluating......
2023-06-07 15:47:55,271 - my_logger - INFO - epoch 60, valid loss: 0.3139, valid auc: 94.23%
2023-06-07 15:47:55,282 - my_logger - INFO - epoch 61, train loss: 0.2301
2023-06-07 15:47:55,292 - my_logger - INFO - epoch 62, train loss: 0.2236
2023-06-07 15:47:55,298 - my_logger - INFO - evaluating......
2023-06-07 15:47:55,298 - my_logger - INFO - epoch 62, valid loss: 0.3036, valid auc: 94.61%
2023-06-07 15:47:55,309 - my_logger - INFO - epoch 63, train loss: 0.2172
2023-06-07 15:47:55,319 - my_logger - INFO - epoch 64, train loss: 0.2111
2023-06-07 15:47:55,325 - my_logger - INFO - evaluating......
2023-06-07 15:47:55,325 - my_logger - INFO - epoch 64, valid loss: 0.2938, valid auc: 94.95%
2023-06-07 15:47:55,335 - my_logger - INFO - epoch 65, train loss: 0.2054
2023-06-07 15:47:55,345 - my_logger - INFO - epoch 66, train loss: 0.1999
2023-06-07 15:47:55,350 - my_logger - INFO - evaluating......
2023-06-07 15:47:55,350 - my_logger - INFO - epoch 66, valid loss: 0.2851, valid auc: 95.24%
2023-06-07 15:47:55,360 - my_logger - INFO - epoch 67, train loss: 0.1947
2023-06-07 15:47:55,370 - my_logger - INFO - epoch 68, train loss: 0.1896
2023-06-07 15:47:55,375 - my_logger - INFO - evaluating......
2023-06-07 15:47:55,375 - my_logger - INFO - epoch 68, valid loss: 0.2771, valid auc: 95.50%
2023-06-07 15:47:55,386 - my_logger - INFO - epoch 69, train loss: 0.1846
2023-06-07 15:47:55,395 - my_logger - INFO - epoch 70, train loss: 0.1799
2023-06-07 15:47:55,401 - my_logger - INFO - evaluating......
2023-06-07 15:47:55,401 - my_logger - INFO - epoch 70, valid loss: 0.2701, valid auc: 95.75%
2023-06-07 15:47:55,413 - my_logger - INFO - epoch 71, train loss: 0.1754
2023-06-07 15:47:55,422 - my_logger - INFO - epoch 72, train loss: 0.1710
2023-06-07 15:47:55,428 - my_logger - INFO - evaluating......
2023-06-07 15:47:55,428 - my_logger - INFO - epoch 72, valid loss: 0.2641, valid auc: 95.98%
2023-06-07 15:47:55,439 - my_logger - INFO - epoch 73, train loss: 0.1669
2023-06-07 15:47:55,450 - my_logger - INFO - epoch 74, train loss: 0.1630
2023-06-07 15:47:55,455 - my_logger - INFO - evaluating......
2023-06-07 15:47:55,455 - my_logger - INFO - epoch 74, valid loss: 0.2588, valid auc: 96.20%
2023-06-07 15:47:55,467 - my_logger - INFO - epoch 75, train loss: 0.1592
2023-06-07 15:47:55,477 - my_logger - INFO - epoch 76, train loss: 0.1556
2023-06-07 15:47:55,482 - my_logger - INFO - evaluating......
2023-06-07 15:47:55,483 - my_logger - INFO - epoch 76, valid loss: 0.2539, valid auc: 96.37%
2023-06-07 15:47:55,494 - my_logger - INFO - epoch 77, train loss: 0.1521
2023-06-07 15:47:55,504 - my_logger - INFO - epoch 78, train loss: 0.1485
2023-06-07 15:47:55,510 - my_logger - INFO - evaluating......
2023-06-07 15:47:55,510 - my_logger - INFO - epoch 78, valid loss: 0.2487, valid auc: 96.53%
2023-06-07 15:47:55,521 - my_logger - INFO - epoch 79, train loss: 0.1449
2023-06-07 15:47:55,531 - my_logger - INFO - epoch 80, train loss: 0.1417
2023-06-07 15:47:55,537 - my_logger - INFO - evaluating......
2023-06-07 15:47:55,537 - my_logger - INFO - epoch 80, valid loss: 0.2424, valid auc: 96.67%
2023-06-07 15:47:55,548 - my_logger - INFO - epoch 81, train loss: 0.1388
2023-06-07 15:47:55,558 - my_logger - INFO - epoch 82, train loss: 0.1360
2023-06-07 15:47:55,563 - my_logger - INFO - evaluating......
2023-06-07 15:47:55,564 - my_logger - INFO - epoch 82, valid loss: 0.2372, valid auc: 96.80%
2023-06-07 15:47:55,575 - my_logger - INFO - epoch 83, train loss: 0.1330
2023-06-07 15:47:55,584 - my_logger - INFO - epoch 84, train loss: 0.1300
2023-06-07 15:47:55,589 - my_logger - INFO - evaluating......
2023-06-07 15:47:55,590 - my_logger - INFO - epoch 84, valid loss: 0.2338, valid auc: 96.92%
2023-06-07 15:47:55,600 - my_logger - INFO - epoch 85, train loss: 0.1273
2023-06-07 15:47:55,611 - my_logger - INFO - epoch 86, train loss: 0.1247
2023-06-07 15:47:55,616 - my_logger - INFO - evaluating......
2023-06-07 15:47:55,616 - my_logger - INFO - epoch 86, valid loss: 0.2315, valid auc: 97.04%
2023-06-07 15:47:55,628 - my_logger - INFO - epoch 87, train loss: 0.1223
2023-06-07 15:47:55,638 - my_logger - INFO - epoch 88, train loss: 0.1198
2023-06-07 15:47:55,644 - my_logger - INFO - evaluating......
2023-06-07 15:47:55,644 - my_logger - INFO - epoch 88, valid loss: 0.2284, valid auc: 97.14%
2023-06-07 15:47:55,656 - my_logger - INFO - epoch 89, train loss: 0.1172
2023-06-07 15:47:55,666 - my_logger - INFO - epoch 90, train loss: 0.1149
2023-06-07 15:47:55,671 - my_logger - INFO - evaluating......
2023-06-07 15:47:55,671 - my_logger - INFO - epoch 90, valid loss: 0.2244, valid auc: 97.23%
2023-06-07 15:47:55,683 - my_logger - INFO - epoch 91, train loss: 0.1127
2023-06-07 15:47:55,694 - my_logger - INFO - epoch 92, train loss: 0.1105
2023-06-07 15:47:55,699 - my_logger - INFO - evaluating......
2023-06-07 15:47:55,699 - my_logger - INFO - epoch 92, valid loss: 0.2209, valid auc: 97.32%
2023-06-07 15:47:55,710 - my_logger - INFO - epoch 93, train loss: 0.1084
2023-06-07 15:47:55,720 - my_logger - INFO - epoch 94, train loss: 0.1062
2023-06-07 15:47:55,726 - my_logger - INFO - evaluating......
2023-06-07 15:47:55,726 - my_logger - INFO - epoch 94, valid loss: 0.2185, valid auc: 97.40%
2023-06-07 15:47:55,736 - my_logger - INFO - epoch 95, train loss: 0.1041
2023-06-07 15:47:55,747 - my_logger - INFO - epoch 96, train loss: 0.1022
2023-06-07 15:47:55,752 - my_logger - INFO - evaluating......
2023-06-07 15:47:55,752 - my_logger - INFO - epoch 96, valid loss: 0.2170, valid auc: 97.46%
2023-06-07 15:47:55,763 - my_logger - INFO - epoch 97, train loss: 0.1003
2023-06-07 15:47:55,772 - my_logger - INFO - epoch 98, train loss: 0.0983
2023-06-07 15:47:55,778 - my_logger - INFO - evaluating......
2023-06-07 15:47:55,778 - my_logger - INFO - epoch 98, valid loss: 0.2151, valid auc: 97.53%
2023-06-07 15:47:55,789 - my_logger - INFO - epoch 99, train loss: 0.0964
2023-06-07 15:47:55,799 - my_logger - INFO - epoch 100, train loss: 0.0946
2023-06-07 15:47:55,804 - my_logger - INFO - evaluating......
2023-06-07 15:47:55,804 - my_logger - INFO - epoch 100, valid loss: 0.2124, valid auc: 97.60%
2023-06-07 15:47:55,815 - my_logger - INFO - epoch 101, train loss: 0.0928
2023-06-07 15:47:55,825 - my_logger - INFO - epoch 102, train loss: 0.0911
2023-06-07 15:47:55,830 - my_logger - INFO - evaluating......
2023-06-07 15:47:55,830 - my_logger - INFO - epoch 102, valid loss: 0.2099, valid auc: 97.65%
2023-06-07 15:47:55,840 - my_logger - INFO - epoch 103, train loss: 0.0894
2023-06-07 15:47:55,849 - my_logger - INFO - epoch 104, train loss: 0.0878
2023-06-07 15:47:55,855 - my_logger - INFO - evaluating......
2023-06-07 15:47:55,855 - my_logger - INFO - epoch 104, valid loss: 0.2080, valid auc: 97.70%
2023-06-07 15:47:55,866 - my_logger - INFO - epoch 105, train loss: 0.0861
2023-06-07 15:47:55,875 - my_logger - INFO - epoch 106, train loss: 0.0845
2023-06-07 15:47:55,880 - my_logger - INFO - evaluating......
2023-06-07 15:47:55,880 - my_logger - INFO - epoch 106, valid loss: 0.2067, valid auc: 97.76%
2023-06-07 15:47:55,890 - my_logger - INFO - epoch 107, train loss: 0.0830
2023-06-07 15:47:55,900 - my_logger - INFO - epoch 108, train loss: 0.0815
2023-06-07 15:47:55,905 - my_logger - INFO - evaluating......
2023-06-07 15:47:55,905 - my_logger - INFO - epoch 108, valid loss: 0.2058, valid auc: 97.80%
2023-06-07 15:47:55,915 - my_logger - INFO - epoch 109, train loss: 0.0800
2023-06-07 15:47:55,924 - my_logger - INFO - epoch 110, train loss: 0.0786
2023-06-07 15:47:55,929 - my_logger - INFO - evaluating......
2023-06-07 15:47:55,930 - my_logger - INFO - epoch 110, valid loss: 0.2049, valid auc: 97.84%
2023-06-07 15:47:55,940 - my_logger - INFO - epoch 111, train loss: 0.0771
2023-06-07 15:47:55,949 - my_logger - INFO - epoch 112, train loss: 0.0757
2023-06-07 15:47:55,954 - my_logger - INFO - evaluating......
2023-06-07 15:47:55,955 - my_logger - INFO - epoch 112, valid loss: 0.2037, valid auc: 97.88%
2023-06-07 15:47:55,965 - my_logger - INFO - epoch 113, train loss: 0.0744
2023-06-07 15:47:55,975 - my_logger - INFO - epoch 114, train loss: 0.0730
2023-06-07 15:47:55,980 - my_logger - INFO - evaluating......
2023-06-07 15:47:55,980 - my_logger - INFO - epoch 114, valid loss: 0.2024, valid auc: 97.91%
2023-06-07 15:47:55,991 - my_logger - INFO - epoch 115, train loss: 0.0717
2023-06-07 15:47:56,001 - my_logger - INFO - epoch 116, train loss: 0.0704
2023-06-07 15:47:56,006 - my_logger - INFO - evaluating......
2023-06-07 15:47:56,006 - my_logger - INFO - epoch 116, valid loss: 0.2013, valid auc: 97.94%
2023-06-07 15:47:56,016 - my_logger - INFO - epoch 117, train loss: 0.0692
2023-06-07 15:47:56,027 - my_logger - INFO - epoch 118, train loss: 0.0679
2023-06-07 15:47:56,032 - my_logger - INFO - evaluating......
2023-06-07 15:47:56,032 - my_logger - INFO - epoch 118, valid loss: 0.2003, valid auc: 97.97%
2023-06-07 15:47:56,044 - my_logger - INFO - epoch 119, train loss: 0.0667
2023-06-07 15:47:56,053 - my_logger - INFO - epoch 120, train loss: 0.0655
2023-06-07 15:47:56,059 - my_logger - INFO - evaluating......
2023-06-07 15:47:56,059 - my_logger - INFO - epoch 120, valid loss: 0.1995, valid auc: 97.99%
2023-06-07 15:47:56,069 - my_logger - INFO - epoch 121, train loss: 0.0644
2023-06-07 15:47:56,080 - my_logger - INFO - epoch 122, train loss: 0.0632
2023-06-07 15:47:56,085 - my_logger - INFO - evaluating......
2023-06-07 15:47:56,085 - my_logger - INFO - epoch 122, valid loss: 0.1987, valid auc: 98.02%
2023-06-07 15:47:56,096 - my_logger - INFO - epoch 123, train loss: 0.0621
2023-06-07 15:47:56,105 - my_logger - INFO - epoch 124, train loss: 0.0611
2023-06-07 15:47:56,111 - my_logger - INFO - evaluating......
2023-06-07 15:47:56,111 - my_logger - INFO - epoch 124, valid loss: 0.1979, valid auc: 98.04%
2023-06-07 15:47:56,122 - my_logger - INFO - epoch 125, train loss: 0.0600
2023-06-07 15:47:56,132 - my_logger - INFO - epoch 126, train loss: 0.0591
2023-06-07 15:47:56,137 - my_logger - INFO - evaluating......
2023-06-07 15:47:56,137 - my_logger - INFO - epoch 126, valid loss: 0.1972, valid auc: 98.07%
2023-06-07 15:47:56,147 - my_logger - INFO - epoch 127, train loss: 0.0581
2023-06-07 15:47:56,157 - my_logger - INFO - epoch 128, train loss: 0.0572
2023-06-07 15:47:56,163 - my_logger - INFO - evaluating......
2023-06-07 15:47:56,163 - my_logger - INFO - epoch 128, valid loss: 0.1965, valid auc: 98.09%
2023-06-07 15:47:56,174 - my_logger - INFO - epoch 129, train loss: 0.0562
2023-06-07 15:47:56,184 - my_logger - INFO - epoch 130, train loss: 0.0552
2023-06-07 15:47:56,189 - my_logger - INFO - evaluating......
2023-06-07 15:47:56,190 - my_logger - INFO - epoch 130, valid loss: 0.1963, valid auc: 98.11%
2023-06-07 15:47:56,200 - my_logger - INFO - epoch 131, train loss: 0.0540
2023-06-07 15:47:56,211 - my_logger - INFO - epoch 132, train loss: 0.0529
2023-06-07 15:47:56,216 - my_logger - INFO - evaluating......
2023-06-07 15:47:56,216 - my_logger - INFO - epoch 132, valid loss: 0.1973, valid auc: 98.12%
2023-06-07 15:47:56,227 - my_logger - INFO - epoch 133, train loss: 0.0521
2023-06-07 15:47:56,236 - my_logger - INFO - epoch 134, train loss: 0.0513
2023-06-07 15:47:56,241 - my_logger - INFO - evaluating......
2023-06-07 15:47:56,241 - my_logger - INFO - epoch 134, valid loss: 0.1988, valid auc: 98.14%
2023-06-07 15:47:56,251 - my_logger - INFO - epoch 135, train loss: 0.0505
2023-06-07 15:47:56,260 - my_logger - INFO - epoch 136, train loss: 0.0495
2023-06-07 15:47:56,265 - my_logger - INFO - evaluating......
2023-06-07 15:47:56,265 - my_logger - INFO - epoch 136, valid loss: 0.1987, valid auc: 98.16%
2023-06-07 15:47:56,275 - my_logger - INFO - epoch 137, train loss: 0.0485
2023-06-07 15:47:56,285 - my_logger - INFO - epoch 138, train loss: 0.0477
2023-06-07 15:47:56,290 - my_logger - INFO - evaluating......
2023-06-07 15:47:56,290 - my_logger - INFO - epoch 138, valid loss: 0.1973, valid auc: 98.17%
2023-06-07 15:47:56,300 - my_logger - INFO - epoch 139, train loss: 0.0470
2023-06-07 15:47:56,309 - my_logger - INFO - epoch 140, train loss: 0.0462
2023-06-07 15:47:56,314 - my_logger - INFO - evaluating......
2023-06-07 15:47:56,314 - my_logger - INFO - epoch 140, valid loss: 0.1967, valid auc: 98.19%
2023-06-07 15:47:56,324 - my_logger - INFO - epoch 141, train loss: 0.0453
2023-06-07 15:47:56,334 - my_logger - INFO - epoch 142, train loss: 0.0445
2023-06-07 15:47:56,338 - my_logger - INFO - evaluating......
2023-06-07 15:47:56,339 - my_logger - INFO - epoch 142, valid loss: 0.1975, valid auc: 98.20%
2023-06-07 15:47:56,349 - my_logger - INFO - epoch 143, train loss: 0.0437
2023-06-07 15:47:56,358 - my_logger - INFO - epoch 144, train loss: 0.0431
2023-06-07 15:47:56,363 - my_logger - INFO - evaluating......
2023-06-07 15:47:56,363 - my_logger - INFO - epoch 144, valid loss: 0.1987, valid auc: 98.21%
2023-06-07 15:47:56,374 - my_logger - INFO - epoch 145, train loss: 0.0423
2023-06-07 15:47:56,384 - my_logger - INFO - epoch 146, train loss: 0.0416
2023-06-07 15:47:56,389 - my_logger - INFO - evaluating......
2023-06-07 15:47:56,389 - my_logger - INFO - epoch 146, valid loss: 0.1987, valid auc: 98.22%
2023-06-07 15:47:56,400 - my_logger - INFO - epoch 147, train loss: 0.0408
2023-06-07 15:47:56,409 - my_logger - INFO - epoch 148, train loss: 0.0401
2023-06-07 15:47:56,414 - my_logger - INFO - evaluating......
2023-06-07 15:47:56,415 - my_logger - INFO - epoch 148, valid loss: 0.1979, valid auc: 98.23%
2023-06-07 15:47:56,425 - my_logger - INFO - epoch 149, train loss: 0.0395
2023-06-07 15:47:56,434 - my_logger - INFO - epoch 150, train loss: 0.0388
2023-06-07 15:47:56,439 - my_logger - INFO - evaluating......
2023-06-07 15:47:56,440 - my_logger - INFO - epoch 150, valid loss: 0.1980, valid auc: 98.24%
2023-06-07 15:47:56,450 - my_logger - INFO - epoch 151, train loss: 0.0381
2023-06-07 15:47:56,460 - my_logger - INFO - epoch 152, train loss: 0.0375
2023-06-07 15:47:56,465 - my_logger - INFO - evaluating......
2023-06-07 15:47:56,465 - my_logger - INFO - epoch 152, valid loss: 0.1989, valid auc: 98.25%
2023-06-07 15:47:56,475 - my_logger - INFO - epoch 153, train loss: 0.0368
2023-06-07 15:47:56,484 - my_logger - INFO - epoch 154, train loss: 0.0362
2023-06-07 15:47:56,489 - my_logger - INFO - evaluating......
2023-06-07 15:47:56,489 - my_logger - INFO - epoch 154, valid loss: 0.1995, valid auc: 98.26%
2023-06-07 15:47:56,499 - my_logger - INFO - epoch 155, train loss: 0.0356
2023-06-07 15:47:56,508 - my_logger - INFO - epoch 156, train loss: 0.0350
2023-06-07 15:47:56,513 - my_logger - INFO - evaluating......
2023-06-07 15:47:56,514 - my_logger - INFO - epoch 156, valid loss: 0.1994, valid auc: 98.27%
2023-06-07 15:47:56,524 - my_logger - INFO - epoch 157, train loss: 0.0344
2023-06-07 15:47:56,533 - my_logger - INFO - epoch 158, train loss: 0.0339
2023-06-07 15:47:56,538 - my_logger - INFO - evaluating......
2023-06-07 15:47:56,538 - my_logger - INFO - epoch 158, valid loss: 0.1992, valid auc: 98.28%
2023-06-07 15:47:56,548 - my_logger - INFO - epoch 159, train loss: 0.0333
2023-06-07 15:47:56,557 - my_logger - INFO - epoch 160, train loss: 0.0327
2023-06-07 15:47:56,562 - my_logger - INFO - evaluating......
2023-06-07 15:47:56,562 - my_logger - INFO - epoch 160, valid loss: 0.1997, valid auc: 98.29%
2023-06-07 15:47:56,572 - my_logger - INFO - epoch 161, train loss: 0.0322
2023-06-07 15:47:56,581 - my_logger - INFO - epoch 162, train loss: 0.0317
2023-06-07 15:47:56,586 - my_logger - INFO - evaluating......
2023-06-07 15:47:56,587 - my_logger - INFO - epoch 162, valid loss: 0.2005, valid auc: 98.30%
2023-06-07 15:47:56,596 - my_logger - INFO - epoch 163, train loss: 0.0312
2023-06-07 15:47:56,605 - my_logger - INFO - epoch 164, train loss: 0.0306
2023-06-07 15:47:56,610 - my_logger - INFO - evaluating......
2023-06-07 15:47:56,611 - my_logger - INFO - epoch 164, valid loss: 0.2008, valid auc: 98.31%
2023-06-07 15:47:56,620 - my_logger - INFO - epoch 165, train loss: 0.0301
2023-06-07 15:47:56,630 - my_logger - INFO - epoch 166, train loss: 0.0296
2023-06-07 15:47:56,635 - my_logger - INFO - evaluating......
2023-06-07 15:47:56,635 - my_logger - INFO - epoch 166, valid loss: 0.2009, valid auc: 98.31%
2023-06-07 15:47:56,645 - my_logger - INFO - epoch 167, train loss: 0.0292
2023-06-07 15:47:56,654 - my_logger - INFO - epoch 168, train loss: 0.0287
2023-06-07 15:47:56,660 - my_logger - INFO - evaluating......
2023-06-07 15:47:56,660 - my_logger - INFO - epoch 168, valid loss: 0.2013, valid auc: 98.32%
2023-06-07 15:47:56,676 - my_logger - INFO - epoch 169, train loss: 0.0282
2023-06-07 15:47:56,688 - my_logger - INFO - epoch 170, train loss: 0.0278
2023-06-07 15:47:56,695 - my_logger - INFO - evaluating......
2023-06-07 15:47:56,695 - my_logger - INFO - epoch 170, valid loss: 0.2021, valid auc: 98.33%
2023-06-07 15:47:56,709 - my_logger - INFO - epoch 171, train loss: 0.0273
2023-06-07 15:47:56,720 - my_logger - INFO - epoch 172, train loss: 0.0269
2023-06-07 15:47:56,726 - my_logger - INFO - evaluating......
2023-06-07 15:47:56,726 - my_logger - INFO - epoch 172, valid loss: 0.2026, valid auc: 98.33%
2023-06-07 15:47:56,736 - my_logger - INFO - epoch 173, train loss: 0.0265
2023-06-07 15:47:56,746 - my_logger - INFO - epoch 174, train loss: 0.0260
2023-06-07 15:47:56,751 - my_logger - INFO - evaluating......
2023-06-07 15:47:56,751 - my_logger - INFO - epoch 174, valid loss: 0.2029, valid auc: 98.34%
2023-06-07 15:47:56,761 - my_logger - INFO - epoch 175, train loss: 0.0256
2023-06-07 15:47:56,771 - my_logger - INFO - epoch 176, train loss: 0.0252
2023-06-07 15:47:56,776 - my_logger - INFO - evaluating......
2023-06-07 15:47:56,776 - my_logger - INFO - epoch 176, valid loss: 0.2034, valid auc: 98.34%
2023-06-07 15:47:56,786 - my_logger - INFO - epoch 177, train loss: 0.0248
2023-06-07 15:47:56,795 - my_logger - INFO - epoch 178, train loss: 0.0244
2023-06-07 15:47:56,800 - my_logger - INFO - evaluating......
2023-06-07 15:47:56,801 - my_logger - INFO - epoch 178, valid loss: 0.2041, valid auc: 98.34%
2023-06-07 15:47:56,811 - my_logger - INFO - epoch 179, train loss: 0.0241
2023-06-07 15:47:56,820 - my_logger - INFO - epoch 180, train loss: 0.0237
2023-06-07 15:47:56,825 - my_logger - INFO - evaluating......
2023-06-07 15:47:56,825 - my_logger - INFO - epoch 180, valid loss: 0.2047, valid auc: 98.35%
2023-06-07 15:47:56,835 - my_logger - INFO - epoch 181, train loss: 0.0233
2023-06-07 15:47:56,844 - my_logger - INFO - epoch 182, train loss: 0.0230
2023-06-07 15:47:56,849 - my_logger - INFO - evaluating......
2023-06-07 15:47:56,850 - my_logger - INFO - epoch 182, valid loss: 0.2052, valid auc: 98.35%
2023-06-07 15:47:56,860 - my_logger - INFO - epoch 183, train loss: 0.0226
2023-06-07 15:47:56,869 - my_logger - INFO - epoch 184, train loss: 0.0223
2023-06-07 15:47:56,874 - my_logger - INFO - evaluating......
2023-06-07 15:47:56,875 - my_logger - INFO - epoch 184, valid loss: 0.2058, valid auc: 98.36%
2023-06-07 15:47:56,885 - my_logger - INFO - epoch 185, train loss: 0.0219
2023-06-07 15:47:56,895 - my_logger - INFO - epoch 186, train loss: 0.0216
2023-06-07 15:47:56,900 - my_logger - INFO - evaluating......
2023-06-07 15:47:56,900 - my_logger - INFO - epoch 186, valid loss: 0.2066, valid auc: 98.36%
2023-06-07 15:47:56,910 - my_logger - INFO - epoch 187, train loss: 0.0213
2023-06-07 15:47:56,920 - my_logger - INFO - epoch 188, train loss: 0.0209
2023-06-07 15:47:56,925 - my_logger - INFO - evaluating......
2023-06-07 15:47:56,925 - my_logger - INFO - epoch 188, valid loss: 0.2072, valid auc: 98.37%
2023-06-07 15:47:56,935 - my_logger - INFO - epoch 189, train loss: 0.0206
2023-06-07 15:47:56,945 - my_logger - INFO - epoch 190, train loss: 0.0203
2023-06-07 15:47:56,950 - my_logger - INFO - evaluating......
2023-06-07 15:47:56,950 - my_logger - INFO - epoch 190, valid loss: 0.2078, valid auc: 98.37%
2023-06-07 15:47:56,960 - my_logger - INFO - epoch 191, train loss: 0.0200
2023-06-07 15:47:56,969 - my_logger - INFO - epoch 192, train loss: 0.0197
2023-06-07 15:47:56,975 - my_logger - INFO - evaluating......
2023-06-07 15:47:56,975 - my_logger - INFO - epoch 192, valid loss: 0.2085, valid auc: 98.37%
2023-06-07 15:47:56,985 - my_logger - INFO - epoch 193, train loss: 0.0194
2023-06-07 15:47:56,994 - my_logger - INFO - epoch 194, train loss: 0.0192
2023-06-07 15:47:56,999 - my_logger - INFO - evaluating......
2023-06-07 15:47:56,999 - my_logger - INFO - epoch 194, valid loss: 0.2093, valid auc: 98.38%
2023-06-07 15:47:57,009 - my_logger - INFO - epoch 195, train loss: 0.0189
2023-06-07 15:47:57,019 - my_logger - INFO - epoch 196, train loss: 0.0186
2023-06-07 15:47:57,024 - my_logger - INFO - evaluating......
2023-06-07 15:47:57,024 - my_logger - INFO - epoch 196, valid loss: 0.2099, valid auc: 98.38%
2023-06-07 15:47:57,034 - my_logger - INFO - epoch 197, train loss: 0.0183
2023-06-07 15:47:57,043 - my_logger - INFO - epoch 198, train loss: 0.0181
2023-06-07 15:47:57,049 - my_logger - INFO - evaluating......
2023-06-07 15:47:57,049 - my_logger - INFO - epoch 198, valid loss: 0.2106, valid auc: 98.39%
2023-06-07 15:47:57,059 - my_logger - INFO - epoch 199, train loss: 0.0178
2023-06-07 15:47:57,060 - my_logger - INFO - total train time used: 3.2534s
2023-06-07 15:47:57,060 - my_logger - INFO - testing......
2023-06-07 15:47:57,069 - my_logger - INFO - test auc: 97.75%
