2023-06-07 15:50:22,345 - my_logger - INFO - training......
2023-06-07 15:50:23,159 - my_logger - INFO - epoch 0, train loss: 0.6932
2023-06-07 15:50:23,179 - my_logger - INFO - evaluating......
2023-06-07 15:50:23,180 - my_logger - INFO - epoch 0, valid loss: 0.6931, valid auc: 97.33%
2023-06-07 15:50:23,204 - my_logger - INFO - epoch 1, train loss: 0.6929
2023-06-07 15:50:23,230 - my_logger - INFO - epoch 2, train loss: 0.6920
2023-06-07 15:50:23,245 - my_logger - INFO - evaluating......
2023-06-07 15:50:23,245 - my_logger - INFO - epoch 2, valid loss: 0.6919, valid auc: 72.63%
2023-06-07 15:50:23,259 - my_logger - INFO - epoch 3, train loss: 0.6900
2023-06-07 15:50:23,281 - my_logger - INFO - epoch 4, train loss: 0.6876
2023-06-07 15:50:23,296 - my_logger - INFO - evaluating......
2023-06-07 15:50:23,296 - my_logger - INFO - epoch 4, valid loss: 0.6889, valid auc: 71.73%
2023-06-07 15:50:23,308 - my_logger - INFO - epoch 5, train loss: 0.6845
2023-06-07 15:50:23,330 - my_logger - INFO - epoch 6, train loss: 0.6803
2023-06-07 15:50:23,344 - my_logger - INFO - evaluating......
2023-06-07 15:50:23,344 - my_logger - INFO - epoch 6, valid loss: 0.6835, valid auc: 70.99%
2023-06-07 15:50:23,357 - my_logger - INFO - epoch 7, train loss: 0.6750
2023-06-07 15:50:23,379 - my_logger - INFO - epoch 8, train loss: 0.6690
2023-06-07 15:50:23,393 - my_logger - INFO - evaluating......
2023-06-07 15:50:23,393 - my_logger - INFO - epoch 8, valid loss: 0.6738, valid auc: 70.22%
2023-06-07 15:50:23,405 - my_logger - INFO - epoch 9, train loss: 0.6623
2023-06-07 15:50:23,428 - my_logger - INFO - epoch 10, train loss: 0.6550
2023-06-07 15:50:23,442 - my_logger - INFO - evaluating......
2023-06-07 15:50:23,442 - my_logger - INFO - epoch 10, valid loss: 0.6617, valid auc: 70.22%
2023-06-07 15:50:23,454 - my_logger - INFO - epoch 11, train loss: 0.6472
2023-06-07 15:50:23,477 - my_logger - INFO - epoch 12, train loss: 0.6387
2023-06-07 15:50:23,490 - my_logger - INFO - evaluating......
2023-06-07 15:50:23,491 - my_logger - INFO - epoch 12, valid loss: 0.6482, valid auc: 70.91%
2023-06-07 15:50:23,502 - my_logger - INFO - epoch 13, train loss: 0.6297
2023-06-07 15:50:23,524 - my_logger - INFO - epoch 14, train loss: 0.6198
2023-06-07 15:50:23,538 - my_logger - INFO - evaluating......
2023-06-07 15:50:23,538 - my_logger - INFO - epoch 14, valid loss: 0.6320, valid auc: 72.36%
2023-06-07 15:50:23,549 - my_logger - INFO - epoch 15, train loss: 0.6092
2023-06-07 15:50:23,572 - my_logger - INFO - epoch 16, train loss: 0.5977
2023-06-07 15:50:23,584 - my_logger - INFO - evaluating......
2023-06-07 15:50:23,585 - my_logger - INFO - epoch 16, valid loss: 0.6126, valid auc: 74.73%
2023-06-07 15:50:23,596 - my_logger - INFO - epoch 17, train loss: 0.5853
2023-06-07 15:50:23,618 - my_logger - INFO - epoch 18, train loss: 0.5720
2023-06-07 15:50:23,631 - my_logger - INFO - evaluating......
2023-06-07 15:50:23,631 - my_logger - INFO - epoch 18, valid loss: 0.5904, valid auc: 76.96%
2023-06-07 15:50:23,643 - my_logger - INFO - epoch 19, train loss: 0.5578
2023-06-07 15:50:23,665 - my_logger - INFO - epoch 20, train loss: 0.5427
2023-06-07 15:50:23,679 - my_logger - INFO - evaluating......
2023-06-07 15:50:23,679 - my_logger - INFO - epoch 20, valid loss: 0.5648, valid auc: 79.40%
2023-06-07 15:50:23,691 - my_logger - INFO - epoch 21, train loss: 0.5269
2023-06-07 15:50:23,712 - my_logger - INFO - epoch 22, train loss: 0.5106
2023-06-07 15:50:23,725 - my_logger - INFO - evaluating......
2023-06-07 15:50:23,726 - my_logger - INFO - epoch 22, valid loss: 0.5379, valid auc: 81.48%
2023-06-07 15:50:23,737 - my_logger - INFO - epoch 23, train loss: 0.4940
2023-06-07 15:50:23,758 - my_logger - INFO - epoch 24, train loss: 0.4770
2023-06-07 15:50:23,771 - my_logger - INFO - evaluating......
2023-06-07 15:50:23,771 - my_logger - INFO - epoch 24, valid loss: 0.5105, valid auc: 83.57%
2023-06-07 15:50:23,783 - my_logger - INFO - epoch 25, train loss: 0.4598
2023-06-07 15:50:23,806 - my_logger - INFO - epoch 26, train loss: 0.4426
2023-06-07 15:50:23,819 - my_logger - INFO - evaluating......
2023-06-07 15:50:23,819 - my_logger - INFO - epoch 26, valid loss: 0.4816, valid auc: 85.63%
2023-06-07 15:50:23,830 - my_logger - INFO - epoch 27, train loss: 0.4260
2023-06-07 15:50:23,850 - my_logger - INFO - epoch 28, train loss: 0.4100
2023-06-07 15:50:23,863 - my_logger - INFO - evaluating......
2023-06-07 15:50:23,863 - my_logger - INFO - epoch 28, valid loss: 0.4543, valid auc: 87.29%
2023-06-07 15:50:23,874 - my_logger - INFO - epoch 29, train loss: 0.3949
2023-06-07 15:50:23,897 - my_logger - INFO - epoch 30, train loss: 0.3803
2023-06-07 15:50:23,909 - my_logger - INFO - evaluating......
2023-06-07 15:50:23,909 - my_logger - INFO - epoch 30, valid loss: 0.4308, valid auc: 88.64%
2023-06-07 15:50:23,920 - my_logger - INFO - epoch 31, train loss: 0.3655
2023-06-07 15:50:23,941 - my_logger - INFO - epoch 32, train loss: 0.3513
2023-06-07 15:50:23,953 - my_logger - INFO - evaluating......
2023-06-07 15:50:23,953 - my_logger - INFO - epoch 32, valid loss: 0.4085, valid auc: 89.97%
2023-06-07 15:50:23,965 - my_logger - INFO - epoch 33, train loss: 0.3380
2023-06-07 15:50:23,985 - my_logger - INFO - epoch 34, train loss: 0.3246
2023-06-07 15:50:23,998 - my_logger - INFO - evaluating......
2023-06-07 15:50:23,998 - my_logger - INFO - epoch 34, valid loss: 0.3865, valid auc: 91.18%
2023-06-07 15:50:24,009 - my_logger - INFO - epoch 35, train loss: 0.3114
2023-06-07 15:50:24,029 - my_logger - INFO - epoch 36, train loss: 0.2989
2023-06-07 15:50:24,042 - my_logger - INFO - evaluating......
2023-06-07 15:50:24,042 - my_logger - INFO - epoch 36, valid loss: 0.3626, valid auc: 92.20%
2023-06-07 15:50:24,054 - my_logger - INFO - epoch 37, train loss: 0.2870
2023-06-07 15:50:24,075 - my_logger - INFO - epoch 38, train loss: 0.2751
2023-06-07 15:50:24,087 - my_logger - INFO - evaluating......
2023-06-07 15:50:24,088 - my_logger - INFO - epoch 38, valid loss: 0.3420, valid auc: 93.08%
2023-06-07 15:50:24,099 - my_logger - INFO - epoch 39, train loss: 0.2635
2023-06-07 15:50:24,119 - my_logger - INFO - epoch 40, train loss: 0.2527
2023-06-07 15:50:24,132 - my_logger - INFO - evaluating......
2023-06-07 15:50:24,132 - my_logger - INFO - epoch 40, valid loss: 0.3259, valid auc: 93.82%
2023-06-07 15:50:24,143 - my_logger - INFO - epoch 41, train loss: 0.2426
2023-06-07 15:50:24,163 - my_logger - INFO - epoch 42, train loss: 0.2329
2023-06-07 15:50:24,176 - my_logger - INFO - evaluating......
2023-06-07 15:50:24,176 - my_logger - INFO - epoch 42, valid loss: 0.3115, valid auc: 94.41%
2023-06-07 15:50:24,187 - my_logger - INFO - epoch 43, train loss: 0.2234
2023-06-07 15:50:24,208 - my_logger - INFO - epoch 44, train loss: 0.2144
2023-06-07 15:50:24,220 - my_logger - INFO - evaluating......
2023-06-07 15:50:24,221 - my_logger - INFO - epoch 44, valid loss: 0.2973, valid auc: 94.87%
2023-06-07 15:50:24,231 - my_logger - INFO - epoch 45, train loss: 0.2060
2023-06-07 15:50:24,252 - my_logger - INFO - epoch 46, train loss: 0.1983
2023-06-07 15:50:24,265 - my_logger - INFO - evaluating......
2023-06-07 15:50:24,265 - my_logger - INFO - epoch 46, valid loss: 0.2852, valid auc: 95.24%
2023-06-07 15:50:24,278 - my_logger - INFO - epoch 47, train loss: 0.1909
2023-06-07 15:50:24,300 - my_logger - INFO - epoch 48, train loss: 0.1836
2023-06-07 15:50:24,314 - my_logger - INFO - evaluating......
2023-06-07 15:50:24,314 - my_logger - INFO - epoch 48, valid loss: 0.2752, valid auc: 95.58%
2023-06-07 15:50:24,326 - my_logger - INFO - epoch 49, train loss: 0.1765
2023-06-07 15:50:24,346 - my_logger - INFO - epoch 50, train loss: 0.1698
2023-06-07 15:50:24,359 - my_logger - INFO - evaluating......
2023-06-07 15:50:24,359 - my_logger - INFO - epoch 50, valid loss: 0.2670, valid auc: 95.87%
2023-06-07 15:50:24,370 - my_logger - INFO - epoch 51, train loss: 0.1635
2023-06-07 15:50:24,390 - my_logger - INFO - epoch 52, train loss: 0.1576
2023-06-07 15:50:24,403 - my_logger - INFO - evaluating......
2023-06-07 15:50:24,403 - my_logger - INFO - epoch 52, valid loss: 0.2595, valid auc: 96.14%
2023-06-07 15:50:24,414 - my_logger - INFO - epoch 53, train loss: 0.1520
2023-06-07 15:50:24,435 - my_logger - INFO - epoch 54, train loss: 0.1465
2023-06-07 15:50:24,447 - my_logger - INFO - evaluating......
2023-06-07 15:50:24,448 - my_logger - INFO - epoch 54, valid loss: 0.2516, valid auc: 96.40%
2023-06-07 15:50:24,459 - my_logger - INFO - epoch 55, train loss: 0.1412
2023-06-07 15:50:24,479 - my_logger - INFO - epoch 56, train loss: 0.1362
2023-06-07 15:50:24,492 - my_logger - INFO - evaluating......
2023-06-07 15:50:24,492 - my_logger - INFO - epoch 56, valid loss: 0.2432, valid auc: 96.64%
2023-06-07 15:50:24,504 - my_logger - INFO - epoch 57, train loss: 0.1314
2023-06-07 15:50:24,524 - my_logger - INFO - epoch 58, train loss: 0.1269
2023-06-07 15:50:24,537 - my_logger - INFO - evaluating......
2023-06-07 15:50:24,538 - my_logger - INFO - epoch 58, valid loss: 0.2356, valid auc: 96.84%
2023-06-07 15:50:24,549 - my_logger - INFO - epoch 59, train loss: 0.1226
2023-06-07 15:50:24,569 - my_logger - INFO - epoch 60, train loss: 0.1185
2023-06-07 15:50:24,581 - my_logger - INFO - evaluating......
2023-06-07 15:50:24,582 - my_logger - INFO - epoch 60, valid loss: 0.2290, valid auc: 97.02%
2023-06-07 15:50:24,593 - my_logger - INFO - epoch 61, train loss: 0.1145
2023-06-07 15:50:24,613 - my_logger - INFO - epoch 62, train loss: 0.1105
2023-06-07 15:50:24,627 - my_logger - INFO - evaluating......
2023-06-07 15:50:24,627 - my_logger - INFO - epoch 62, valid loss: 0.2227, valid auc: 97.20%
2023-06-07 15:50:24,638 - my_logger - INFO - epoch 63, train loss: 0.1066
2023-06-07 15:50:24,659 - my_logger - INFO - epoch 64, train loss: 0.1029
2023-06-07 15:50:24,672 - my_logger - INFO - evaluating......
2023-06-07 15:50:24,672 - my_logger - INFO - epoch 64, valid loss: 0.2175, valid auc: 97.36%
2023-06-07 15:50:24,694 - my_logger - INFO - epoch 65, train loss: 0.0995
2023-06-07 15:50:24,715 - my_logger - INFO - epoch 66, train loss: 0.0962
2023-06-07 15:50:24,728 - my_logger - INFO - evaluating......
2023-06-07 15:50:24,728 - my_logger - INFO - epoch 66, valid loss: 0.2135, valid auc: 97.50%
2023-06-07 15:50:24,750 - my_logger - INFO - epoch 67, train loss: 0.0930
2023-06-07 15:50:24,771 - my_logger - INFO - epoch 68, train loss: 0.0899
2023-06-07 15:50:24,785 - my_logger - INFO - evaluating......
2023-06-07 15:50:24,785 - my_logger - INFO - epoch 68, valid loss: 0.2102, valid auc: 97.60%
2023-06-07 15:50:24,808 - my_logger - INFO - epoch 69, train loss: 0.0869
2023-06-07 15:50:24,829 - my_logger - INFO - epoch 70, train loss: 0.0840
2023-06-07 15:50:24,841 - my_logger - INFO - evaluating......
2023-06-07 15:50:24,841 - my_logger - INFO - epoch 70, valid loss: 0.2064, valid auc: 97.70%
2023-06-07 15:50:24,863 - my_logger - INFO - epoch 71, train loss: 0.0812
2023-06-07 15:50:24,884 - my_logger - INFO - epoch 72, train loss: 0.0785
2023-06-07 15:50:24,896 - my_logger - INFO - evaluating......
2023-06-07 15:50:24,897 - my_logger - INFO - epoch 72, valid loss: 0.2023, valid auc: 97.79%
2023-06-07 15:50:24,919 - my_logger - INFO - epoch 73, train loss: 0.0760
2023-06-07 15:50:24,939 - my_logger - INFO - epoch 74, train loss: 0.0735
2023-06-07 15:50:24,952 - my_logger - INFO - evaluating......
2023-06-07 15:50:24,952 - my_logger - INFO - epoch 74, valid loss: 0.1995, valid auc: 97.86%
2023-06-07 15:50:24,974 - my_logger - INFO - epoch 75, train loss: 0.0711
2023-06-07 15:50:24,995 - my_logger - INFO - epoch 76, train loss: 0.0688
2023-06-07 15:50:25,008 - my_logger - INFO - evaluating......
2023-06-07 15:50:25,008 - my_logger - INFO - epoch 76, valid loss: 0.1977, valid auc: 97.93%
2023-06-07 15:50:25,030 - my_logger - INFO - epoch 77, train loss: 0.0666
2023-06-07 15:50:25,051 - my_logger - INFO - epoch 78, train loss: 0.0644
2023-06-07 15:50:25,064 - my_logger - INFO - evaluating......
2023-06-07 15:50:25,064 - my_logger - INFO - epoch 78, valid loss: 0.1962, valid auc: 97.99%
2023-06-07 15:50:25,086 - my_logger - INFO - epoch 79, train loss: 0.0624
2023-06-07 15:50:25,106 - my_logger - INFO - epoch 80, train loss: 0.0604
2023-06-07 15:50:25,119 - my_logger - INFO - evaluating......
2023-06-07 15:50:25,119 - my_logger - INFO - epoch 80, valid loss: 0.1942, valid auc: 98.04%
2023-06-07 15:50:25,141 - my_logger - INFO - epoch 81, train loss: 0.0584
2023-06-07 15:50:25,162 - my_logger - INFO - epoch 82, train loss: 0.0565
2023-06-07 15:50:25,174 - my_logger - INFO - evaluating......
2023-06-07 15:50:25,175 - my_logger - INFO - epoch 82, valid loss: 0.1921, valid auc: 98.09%
2023-06-07 15:50:25,197 - my_logger - INFO - epoch 83, train loss: 0.0547
2023-06-07 15:50:25,217 - my_logger - INFO - epoch 84, train loss: 0.0530
2023-06-07 15:50:25,230 - my_logger - INFO - evaluating......
2023-06-07 15:50:25,230 - my_logger - INFO - epoch 84, valid loss: 0.1907, valid auc: 98.13%
2023-06-07 15:50:25,252 - my_logger - INFO - epoch 85, train loss: 0.0513
2023-06-07 15:50:25,274 - my_logger - INFO - epoch 86, train loss: 0.0497
2023-06-07 15:50:25,288 - my_logger - INFO - evaluating......
2023-06-07 15:50:25,288 - my_logger - INFO - epoch 86, valid loss: 0.1899, valid auc: 98.17%
2023-06-07 15:50:25,310 - my_logger - INFO - epoch 87, train loss: 0.0481
2023-06-07 15:50:25,331 - my_logger - INFO - epoch 88, train loss: 0.0465
2023-06-07 15:50:25,343 - my_logger - INFO - evaluating......
2023-06-07 15:50:25,344 - my_logger - INFO - epoch 88, valid loss: 0.1894, valid auc: 98.20%
2023-06-07 15:50:25,367 - my_logger - INFO - epoch 89, train loss: 0.0450
2023-06-07 15:50:25,388 - my_logger - INFO - epoch 90, train loss: 0.0436
2023-06-07 15:50:25,400 - my_logger - INFO - evaluating......
2023-06-07 15:50:25,401 - my_logger - INFO - epoch 90, valid loss: 0.1893, valid auc: 98.22%
2023-06-07 15:50:25,423 - my_logger - INFO - epoch 91, train loss: 0.0422
2023-06-07 15:50:25,443 - my_logger - INFO - epoch 92, train loss: 0.0409
2023-06-07 15:50:25,456 - my_logger - INFO - evaluating......
2023-06-07 15:50:25,456 - my_logger - INFO - epoch 92, valid loss: 0.1895, valid auc: 98.24%
2023-06-07 15:50:25,480 - my_logger - INFO - epoch 93, train loss: 0.0396
2023-06-07 15:50:25,501 - my_logger - INFO - epoch 94, train loss: 0.0384
2023-06-07 15:50:25,513 - my_logger - INFO - evaluating......
2023-06-07 15:50:25,513 - my_logger - INFO - epoch 94, valid loss: 0.1895, valid auc: 98.26%
2023-06-07 15:50:25,536 - my_logger - INFO - epoch 95, train loss: 0.0372
2023-06-07 15:50:25,557 - my_logger - INFO - epoch 96, train loss: 0.0360
2023-06-07 15:50:25,570 - my_logger - INFO - evaluating......
2023-06-07 15:50:25,570 - my_logger - INFO - epoch 96, valid loss: 0.1895, valid auc: 98.28%
2023-06-07 15:50:25,592 - my_logger - INFO - epoch 97, train loss: 0.0349
2023-06-07 15:50:25,613 - my_logger - INFO - epoch 98, train loss: 0.0338
2023-06-07 15:50:25,625 - my_logger - INFO - evaluating......
2023-06-07 15:50:25,625 - my_logger - INFO - epoch 98, valid loss: 0.1897, valid auc: 98.30%
2023-06-07 15:50:25,647 - my_logger - INFO - epoch 99, train loss: 0.0328
2023-06-07 15:50:25,668 - my_logger - INFO - epoch 100, train loss: 0.0317
2023-06-07 15:50:25,681 - my_logger - INFO - evaluating......
2023-06-07 15:50:25,681 - my_logger - INFO - epoch 100, valid loss: 0.1902, valid auc: 98.32%
2023-06-07 15:50:25,703 - my_logger - INFO - epoch 101, train loss: 0.0308
2023-06-07 15:50:25,724 - my_logger - INFO - epoch 102, train loss: 0.0298
2023-06-07 15:50:25,736 - my_logger - INFO - evaluating......
2023-06-07 15:50:25,737 - my_logger - INFO - epoch 102, valid loss: 0.1908, valid auc: 98.34%
2023-06-07 15:50:25,758 - my_logger - INFO - epoch 103, train loss: 0.0289
2023-06-07 15:50:25,779 - my_logger - INFO - epoch 104, train loss: 0.0280
2023-06-07 15:50:25,795 - my_logger - INFO - evaluating......
2023-06-07 15:50:25,795 - my_logger - INFO - epoch 104, valid loss: 0.1911, valid auc: 98.35%
2023-06-07 15:50:25,817 - my_logger - INFO - epoch 105, train loss: 0.0271
2023-06-07 15:50:25,838 - my_logger - INFO - epoch 106, train loss: 0.0263
2023-06-07 15:50:25,850 - my_logger - INFO - evaluating......
2023-06-07 15:50:25,850 - my_logger - INFO - epoch 106, valid loss: 0.1914, valid auc: 98.37%
2023-06-07 15:50:25,872 - my_logger - INFO - epoch 107, train loss: 0.0255
2023-06-07 15:50:25,893 - my_logger - INFO - epoch 108, train loss: 0.0247
2023-06-07 15:50:25,906 - my_logger - INFO - evaluating......
2023-06-07 15:50:25,906 - my_logger - INFO - epoch 108, valid loss: 0.1919, valid auc: 98.38%
2023-06-07 15:50:25,928 - my_logger - INFO - epoch 109, train loss: 0.0240
2023-06-07 15:50:25,949 - my_logger - INFO - epoch 110, train loss: 0.0233
2023-06-07 15:50:25,962 - my_logger - INFO - evaluating......
2023-06-07 15:50:25,962 - my_logger - INFO - epoch 110, valid loss: 0.1927, valid auc: 98.39%
2023-06-07 15:50:25,985 - my_logger - INFO - epoch 111, train loss: 0.0226
2023-06-07 15:50:26,006 - my_logger - INFO - epoch 112, train loss: 0.0219
2023-06-07 15:50:26,018 - my_logger - INFO - evaluating......
2023-06-07 15:50:26,018 - my_logger - INFO - epoch 112, valid loss: 0.1934, valid auc: 98.40%
2023-06-07 15:50:26,041 - my_logger - INFO - epoch 113, train loss: 0.0213
2023-06-07 15:50:26,061 - my_logger - INFO - epoch 114, train loss: 0.0207
2023-06-07 15:50:26,074 - my_logger - INFO - evaluating......
2023-06-07 15:50:26,074 - my_logger - INFO - epoch 114, valid loss: 0.1941, valid auc: 98.41%
2023-06-07 15:50:26,096 - my_logger - INFO - epoch 115, train loss: 0.0201
2023-06-07 15:50:26,117 - my_logger - INFO - epoch 116, train loss: 0.0195
2023-06-07 15:50:26,129 - my_logger - INFO - evaluating......
2023-06-07 15:50:26,130 - my_logger - INFO - epoch 116, valid loss: 0.1948, valid auc: 98.42%
2023-06-07 15:50:26,152 - my_logger - INFO - epoch 117, train loss: 0.0189
2023-06-07 15:50:26,172 - my_logger - INFO - epoch 118, train loss: 0.0184
2023-06-07 15:50:26,184 - my_logger - INFO - evaluating......
2023-06-07 15:50:26,185 - my_logger - INFO - epoch 118, valid loss: 0.1956, valid auc: 98.43%
2023-06-07 15:50:26,207 - my_logger - INFO - epoch 119, train loss: 0.0179
2023-06-07 15:50:26,227 - my_logger - INFO - epoch 120, train loss: 0.0174
2023-06-07 15:50:26,240 - my_logger - INFO - evaluating......
2023-06-07 15:50:26,240 - my_logger - INFO - epoch 120, valid loss: 0.1965, valid auc: 98.43%
2023-06-07 15:50:26,262 - my_logger - INFO - epoch 121, train loss: 0.0169
2023-06-07 15:50:26,283 - my_logger - INFO - epoch 122, train loss: 0.0164
2023-06-07 15:50:26,297 - my_logger - INFO - evaluating......
2023-06-07 15:50:26,297 - my_logger - INFO - epoch 122, valid loss: 0.1972, valid auc: 98.44%
2023-06-07 15:50:26,320 - my_logger - INFO - epoch 123, train loss: 0.0160
2023-06-07 15:50:26,341 - my_logger - INFO - epoch 124, train loss: 0.0155
2023-06-07 15:50:26,354 - my_logger - INFO - evaluating......
2023-06-07 15:50:26,354 - my_logger - INFO - epoch 124, valid loss: 0.1981, valid auc: 98.45%
2023-06-07 15:50:26,376 - my_logger - INFO - epoch 125, train loss: 0.0151
2023-06-07 15:50:26,396 - my_logger - INFO - epoch 126, train loss: 0.0147
2023-06-07 15:50:26,409 - my_logger - INFO - evaluating......
2023-06-07 15:50:26,409 - my_logger - INFO - epoch 126, valid loss: 0.1991, valid auc: 98.45%
2023-06-07 15:50:26,431 - my_logger - INFO - epoch 127, train loss: 0.0143
2023-06-07 15:50:26,452 - my_logger - INFO - epoch 128, train loss: 0.0139
2023-06-07 15:50:26,464 - my_logger - INFO - evaluating......
2023-06-07 15:50:26,465 - my_logger - INFO - epoch 128, valid loss: 0.2001, valid auc: 98.46%
2023-06-07 15:50:26,487 - my_logger - INFO - epoch 129, train loss: 0.0135
2023-06-07 15:50:26,507 - my_logger - INFO - epoch 130, train loss: 0.0132
2023-06-07 15:50:26,520 - my_logger - INFO - evaluating......
2023-06-07 15:50:26,520 - my_logger - INFO - epoch 130, valid loss: 0.2011, valid auc: 98.47%
2023-06-07 15:50:26,542 - my_logger - INFO - epoch 131, train loss: 0.0128
2023-06-07 15:50:26,563 - my_logger - INFO - epoch 132, train loss: 0.0125
2023-06-07 15:50:26,575 - my_logger - INFO - evaluating......
2023-06-07 15:50:26,575 - my_logger - INFO - epoch 132, valid loss: 0.2021, valid auc: 98.47%
2023-06-07 15:50:26,598 - my_logger - INFO - epoch 133, train loss: 0.0121
2023-06-07 15:50:26,619 - my_logger - INFO - epoch 134, train loss: 0.0118
2023-06-07 15:50:26,631 - my_logger - INFO - evaluating......
2023-06-07 15:50:26,632 - my_logger - INFO - epoch 134, valid loss: 0.2031, valid auc: 98.48%
2023-06-07 15:50:26,653 - my_logger - INFO - epoch 135, train loss: 0.0115
2023-06-07 15:50:26,674 - my_logger - INFO - epoch 136, train loss: 0.0112
2023-06-07 15:50:26,687 - my_logger - INFO - evaluating......
2023-06-07 15:50:26,687 - my_logger - INFO - epoch 136, valid loss: 0.2041, valid auc: 98.48%
2023-06-07 15:50:26,710 - my_logger - INFO - epoch 137, train loss: 0.0109
2023-06-07 15:50:26,731 - my_logger - INFO - epoch 138, train loss: 0.0107
2023-06-07 15:50:26,744 - my_logger - INFO - evaluating......
2023-06-07 15:50:26,744 - my_logger - INFO - epoch 138, valid loss: 0.2052, valid auc: 98.49%
2023-06-07 15:50:26,766 - my_logger - INFO - epoch 139, train loss: 0.0104
2023-06-07 15:50:26,788 - my_logger - INFO - epoch 140, train loss: 0.0101
2023-06-07 15:50:26,802 - my_logger - INFO - evaluating......
2023-06-07 15:50:26,802 - my_logger - INFO - epoch 140, valid loss: 0.2063, valid auc: 98.50%
2023-06-07 15:50:26,825 - my_logger - INFO - epoch 141, train loss: 0.0099
2023-06-07 15:50:26,846 - my_logger - INFO - epoch 142, train loss: 0.0096
2023-06-07 15:50:26,858 - my_logger - INFO - evaluating......
2023-06-07 15:50:26,859 - my_logger - INFO - epoch 142, valid loss: 0.2073, valid auc: 98.50%
2023-06-07 15:50:26,881 - my_logger - INFO - epoch 143, train loss: 0.0094
2023-06-07 15:50:26,902 - my_logger - INFO - epoch 144, train loss: 0.0091
2023-06-07 15:50:26,914 - my_logger - INFO - evaluating......
2023-06-07 15:50:26,914 - my_logger - INFO - epoch 144, valid loss: 0.2084, valid auc: 98.51%
2023-06-07 15:50:26,937 - my_logger - INFO - epoch 145, train loss: 0.0089
2023-06-07 15:50:26,958 - my_logger - INFO - epoch 146, train loss: 0.0087
2023-06-07 15:50:26,970 - my_logger - INFO - evaluating......
2023-06-07 15:50:26,971 - my_logger - INFO - epoch 146, valid loss: 0.2094, valid auc: 98.51%
2023-06-07 15:50:26,993 - my_logger - INFO - epoch 147, train loss: 0.0084
2023-06-07 15:50:27,014 - my_logger - INFO - epoch 148, train loss: 0.0082
2023-06-07 15:50:27,026 - my_logger - INFO - evaluating......
2023-06-07 15:50:27,027 - my_logger - INFO - epoch 148, valid loss: 0.2105, valid auc: 98.52%
2023-06-07 15:50:27,049 - my_logger - INFO - epoch 149, train loss: 0.0080
2023-06-07 15:50:27,070 - my_logger - INFO - epoch 150, train loss: 0.0078
2023-06-07 15:50:27,083 - my_logger - INFO - evaluating......
2023-06-07 15:50:27,083 - my_logger - INFO - epoch 150, valid loss: 0.2115, valid auc: 98.52%
2023-06-07 15:50:27,105 - my_logger - INFO - epoch 151, train loss: 0.0076
2023-06-07 15:50:27,126 - my_logger - INFO - epoch 152, train loss: 0.0074
2023-06-07 15:50:27,139 - my_logger - INFO - evaluating......
2023-06-07 15:50:27,139 - my_logger - INFO - epoch 152, valid loss: 0.2125, valid auc: 98.53%
2023-06-07 15:50:27,161 - my_logger - INFO - epoch 153, train loss: 0.0072
2023-06-07 15:50:27,182 - my_logger - INFO - epoch 154, train loss: 0.0070
2023-06-07 15:50:27,195 - my_logger - INFO - evaluating......
2023-06-07 15:50:27,195 - my_logger - INFO - epoch 154, valid loss: 0.2135, valid auc: 98.53%
2023-06-07 15:50:27,217 - my_logger - INFO - epoch 155, train loss: 0.0069
2023-06-07 15:50:27,238 - my_logger - INFO - epoch 156, train loss: 0.0067
2023-06-07 15:50:27,251 - my_logger - INFO - evaluating......
2023-06-07 15:50:27,251 - my_logger - INFO - epoch 156, valid loss: 0.2145, valid auc: 98.53%
2023-06-07 15:50:27,273 - my_logger - INFO - epoch 157, train loss: 0.0065
2023-06-07 15:50:27,294 - my_logger - INFO - epoch 158, train loss: 0.0064
2023-06-07 15:50:27,309 - my_logger - INFO - evaluating......
2023-06-07 15:50:27,309 - my_logger - INFO - epoch 158, valid loss: 0.2155, valid auc: 98.54%
2023-06-07 15:50:27,332 - my_logger - INFO - epoch 159, train loss: 0.0062
2023-06-07 15:50:27,353 - my_logger - INFO - epoch 160, train loss: 0.0060
2023-06-07 15:50:27,366 - my_logger - INFO - evaluating......
2023-06-07 15:50:27,366 - my_logger - INFO - epoch 160, valid loss: 0.2166, valid auc: 98.54%
2023-06-07 15:50:27,388 - my_logger - INFO - epoch 161, train loss: 0.0059
2023-06-07 15:50:27,409 - my_logger - INFO - epoch 162, train loss: 0.0058
2023-06-07 15:50:27,421 - my_logger - INFO - evaluating......
2023-06-07 15:50:27,421 - my_logger - INFO - epoch 162, valid loss: 0.2177, valid auc: 98.54%
2023-06-07 15:50:27,444 - my_logger - INFO - epoch 163, train loss: 0.0056
2023-06-07 15:50:27,465 - my_logger - INFO - epoch 164, train loss: 0.0055
2023-06-07 15:50:27,477 - my_logger - INFO - evaluating......
2023-06-07 15:50:27,477 - my_logger - INFO - epoch 164, valid loss: 0.2187, valid auc: 98.55%
2023-06-07 15:50:27,499 - my_logger - INFO - epoch 165, train loss: 0.0054
2023-06-07 15:50:27,520 - my_logger - INFO - epoch 166, train loss: 0.0052
2023-06-07 15:50:27,532 - my_logger - INFO - evaluating......
2023-06-07 15:50:27,533 - my_logger - INFO - epoch 166, valid loss: 0.2198, valid auc: 98.55%
2023-06-07 15:50:27,555 - my_logger - INFO - epoch 167, train loss: 0.0051
2023-06-07 15:50:27,575 - my_logger - INFO - epoch 168, train loss: 0.0050
2023-06-07 15:50:27,588 - my_logger - INFO - evaluating......
2023-06-07 15:50:27,588 - my_logger - INFO - epoch 168, valid loss: 0.2209, valid auc: 98.55%
2023-06-07 15:50:27,610 - my_logger - INFO - epoch 169, train loss: 0.0049
2023-06-07 15:50:27,631 - my_logger - INFO - epoch 170, train loss: 0.0047
2023-06-07 15:50:27,644 - my_logger - INFO - evaluating......
2023-06-07 15:50:27,644 - my_logger - INFO - epoch 170, valid loss: 0.2219, valid auc: 98.55%
2023-06-07 15:50:27,666 - my_logger - INFO - epoch 171, train loss: 0.0046
2023-06-07 15:50:27,688 - my_logger - INFO - epoch 172, train loss: 0.0045
2023-06-07 15:50:27,700 - my_logger - INFO - evaluating......
2023-06-07 15:50:27,700 - my_logger - INFO - epoch 172, valid loss: 0.2230, valid auc: 98.55%
2023-06-07 15:50:27,722 - my_logger - INFO - epoch 173, train loss: 0.0044
2023-06-07 15:50:27,743 - my_logger - INFO - epoch 174, train loss: 0.0043
2023-06-07 15:50:27,755 - my_logger - INFO - evaluating......
2023-06-07 15:50:27,755 - my_logger - INFO - epoch 174, valid loss: 0.2242, valid auc: 98.55%
2023-06-07 15:50:27,777 - my_logger - INFO - epoch 175, train loss: 0.0042
2023-06-07 15:50:27,798 - my_logger - INFO - epoch 176, train loss: 0.0041
2023-06-07 15:50:27,812 - my_logger - INFO - evaluating......
2023-06-07 15:50:27,813 - my_logger - INFO - epoch 176, valid loss: 0.2253, valid auc: 98.55%
2023-06-07 15:50:27,836 - my_logger - INFO - epoch 177, train loss: 0.0040
2023-06-07 15:50:27,857 - my_logger - INFO - epoch 178, train loss: 0.0039
2023-06-07 15:50:27,869 - my_logger - INFO - evaluating......
2023-06-07 15:50:27,869 - my_logger - INFO - epoch 178, valid loss: 0.2265, valid auc: 98.55%
2023-06-07 15:50:27,891 - my_logger - INFO - epoch 179, train loss: 0.0038
2023-06-07 15:50:27,912 - my_logger - INFO - epoch 180, train loss: 0.0037
2023-06-07 15:50:27,924 - my_logger - INFO - evaluating......
2023-06-07 15:50:27,924 - my_logger - INFO - epoch 180, valid loss: 0.2276, valid auc: 98.55%
2023-06-07 15:50:27,946 - my_logger - INFO - epoch 181, train loss: 0.0036
2023-06-07 15:50:27,966 - my_logger - INFO - epoch 182, train loss: 0.0035
2023-06-07 15:50:27,979 - my_logger - INFO - evaluating......
2023-06-07 15:50:27,979 - my_logger - INFO - epoch 182, valid loss: 0.2287, valid auc: 98.56%
2023-06-07 15:50:28,001 - my_logger - INFO - epoch 183, train loss: 0.0035
2023-06-07 15:50:28,022 - my_logger - INFO - epoch 184, train loss: 0.0034
2023-06-07 15:50:28,035 - my_logger - INFO - evaluating......
2023-06-07 15:50:28,035 - my_logger - INFO - epoch 184, valid loss: 0.2299, valid auc: 98.56%
2023-06-07 15:50:28,057 - my_logger - INFO - epoch 185, train loss: 0.0033
2023-06-07 15:50:28,078 - my_logger - INFO - epoch 186, train loss: 0.0032
2023-06-07 15:50:28,091 - my_logger - INFO - evaluating......
2023-06-07 15:50:28,091 - my_logger - INFO - epoch 186, valid loss: 0.2310, valid auc: 98.56%
2023-06-07 15:50:28,113 - my_logger - INFO - epoch 187, train loss: 0.0032
2023-06-07 15:50:28,134 - my_logger - INFO - epoch 188, train loss: 0.0031
2023-06-07 15:50:28,146 - my_logger - INFO - evaluating......
2023-06-07 15:50:28,147 - my_logger - INFO - epoch 188, valid loss: 0.2322, valid auc: 98.56%
2023-06-07 15:50:28,158 - my_logger - INFO - epoch 189, train loss: 0.0030
2023-06-07 15:50:28,178 - my_logger - INFO - epoch 190, train loss: 0.0030
2023-06-07 15:50:28,191 - my_logger - INFO - evaluating......
2023-06-07 15:50:28,191 - my_logger - INFO - epoch 190, valid loss: 0.2334, valid auc: 98.56%
2023-06-07 15:50:28,202 - my_logger - INFO - epoch 191, train loss: 0.0029
2023-06-07 15:50:28,223 - my_logger - INFO - epoch 192, train loss: 0.0028
2023-06-07 15:50:28,235 - my_logger - INFO - evaluating......
2023-06-07 15:50:28,235 - my_logger - INFO - epoch 192, valid loss: 0.2345, valid auc: 98.56%
2023-06-07 15:50:28,246 - my_logger - INFO - epoch 193, train loss: 0.0028
2023-06-07 15:50:28,267 - my_logger - INFO - epoch 194, train loss: 0.0027
2023-06-07 15:50:28,279 - my_logger - INFO - evaluating......
2023-06-07 15:50:28,279 - my_logger - INFO - epoch 194, valid loss: 0.2356, valid auc: 98.56%
2023-06-07 15:50:28,302 - my_logger - INFO - epoch 195, train loss: 0.0027
2023-06-07 15:50:28,325 - my_logger - INFO - epoch 196, train loss: 0.0026
2023-06-07 15:50:28,338 - my_logger - INFO - evaluating......
2023-06-07 15:50:28,338 - my_logger - INFO - epoch 196, valid loss: 0.2367, valid auc: 98.56%
2023-06-07 15:50:28,349 - my_logger - INFO - epoch 197, train loss: 0.0026
2023-06-07 15:50:28,370 - my_logger - INFO - epoch 198, train loss: 0.0025
2023-06-07 15:50:28,383 - my_logger - INFO - evaluating......
2023-06-07 15:50:28,383 - my_logger - INFO - epoch 198, valid loss: 0.2377, valid auc: 98.56%
2023-06-07 15:50:28,394 - my_logger - INFO - epoch 199, train loss: 0.0025
2023-06-07 15:50:28,395 - my_logger - INFO - total train time used: 6.0496s
2023-06-07 15:50:28,395 - my_logger - INFO - testing......
2023-06-07 15:50:28,415 - my_logger - INFO - test auc: 98.19%
