2023-06-07 15:45:25,175 - my_logger - INFO - training......
2023-06-07 15:45:25,968 - my_logger - INFO - epoch 0, train loss: 0.6927
2023-06-07 15:45:25,976 - my_logger - INFO - evaluating......
2023-06-07 15:45:25,977 - my_logger - INFO - epoch 0, valid loss: 0.6927, valid auc: 95.86%
2023-06-07 15:45:25,984 - my_logger - INFO - epoch 1, train loss: 0.6902
2023-06-07 15:45:25,991 - my_logger - INFO - epoch 2, train loss: 0.6867
2023-06-07 15:45:25,995 - my_logger - INFO - evaluating......
2023-06-07 15:45:25,996 - my_logger - INFO - epoch 2, valid loss: 0.6880, valid auc: 77.25%
2023-06-07 15:45:26,001 - my_logger - INFO - epoch 3, train loss: 0.6833
2023-06-07 15:45:26,008 - my_logger - INFO - epoch 4, train loss: 0.6789
2023-06-07 15:45:26,012 - my_logger - INFO - evaluating......
2023-06-07 15:45:26,013 - my_logger - INFO - epoch 4, valid loss: 0.6822, valid auc: 75.00%
2023-06-07 15:45:26,018 - my_logger - INFO - epoch 5, train loss: 0.6739
2023-06-07 15:45:26,025 - my_logger - INFO - epoch 6, train loss: 0.6689
2023-06-07 15:45:26,029 - my_logger - INFO - evaluating......
2023-06-07 15:45:26,029 - my_logger - INFO - epoch 6, valid loss: 0.6739, valid auc: 75.53%
2023-06-07 15:45:26,035 - my_logger - INFO - epoch 7, train loss: 0.6638
2023-06-07 15:45:26,041 - my_logger - INFO - epoch 8, train loss: 0.6586
2023-06-07 15:45:26,046 - my_logger - INFO - evaluating......
2023-06-07 15:45:26,046 - my_logger - INFO - epoch 8, valid loss: 0.6653, valid auc: 76.54%
2023-06-07 15:45:26,052 - my_logger - INFO - epoch 9, train loss: 0.6534
2023-06-07 15:45:26,059 - my_logger - INFO - epoch 10, train loss: 0.6482
2023-06-07 15:45:26,064 - my_logger - INFO - evaluating......
2023-06-07 15:45:26,064 - my_logger - INFO - epoch 10, valid loss: 0.6566, valid auc: 77.46%
2023-06-07 15:45:26,070 - my_logger - INFO - epoch 11, train loss: 0.6429
2023-06-07 15:45:26,077 - my_logger - INFO - epoch 12, train loss: 0.6375
2023-06-07 15:45:26,082 - my_logger - INFO - evaluating......
2023-06-07 15:45:26,082 - my_logger - INFO - epoch 12, valid loss: 0.6472, valid auc: 79.23%
2023-06-07 15:45:26,088 - my_logger - INFO - epoch 13, train loss: 0.6320
2023-06-07 15:45:26,096 - my_logger - INFO - epoch 14, train loss: 0.6263
2023-06-07 15:45:26,100 - my_logger - INFO - evaluating......
2023-06-07 15:45:26,100 - my_logger - INFO - epoch 14, valid loss: 0.6369, valid auc: 81.61%
2023-06-07 15:45:26,105 - my_logger - INFO - epoch 15, train loss: 0.6205
2023-06-07 15:45:26,113 - my_logger - INFO - epoch 16, train loss: 0.6146
2023-06-07 15:45:26,118 - my_logger - INFO - evaluating......
2023-06-07 15:45:26,118 - my_logger - INFO - epoch 16, valid loss: 0.6261, valid auc: 83.58%
2023-06-07 15:45:26,123 - my_logger - INFO - epoch 17, train loss: 0.6085
2023-06-07 15:45:26,130 - my_logger - INFO - epoch 18, train loss: 0.6022
2023-06-07 15:45:26,134 - my_logger - INFO - evaluating......
2023-06-07 15:45:26,134 - my_logger - INFO - epoch 18, valid loss: 0.6147, valid auc: 85.32%
2023-06-07 15:45:26,139 - my_logger - INFO - epoch 19, train loss: 0.5958
2023-06-07 15:45:26,147 - my_logger - INFO - epoch 20, train loss: 0.5892
2023-06-07 15:45:26,151 - my_logger - INFO - evaluating......
2023-06-07 15:45:26,151 - my_logger - INFO - epoch 20, valid loss: 0.6023, valid auc: 87.08%
2023-06-07 15:45:26,156 - my_logger - INFO - epoch 21, train loss: 0.5826
2023-06-07 15:45:26,165 - my_logger - INFO - epoch 22, train loss: 0.5758
2023-06-07 15:45:26,169 - my_logger - INFO - evaluating......
2023-06-07 15:45:26,169 - my_logger - INFO - epoch 22, valid loss: 0.5894, valid auc: 88.38%
2023-06-07 15:45:26,175 - my_logger - INFO - epoch 23, train loss: 0.5690
2023-06-07 15:45:26,183 - my_logger - INFO - epoch 24, train loss: 0.5621
2023-06-07 15:45:26,187 - my_logger - INFO - evaluating......
2023-06-07 15:45:26,187 - my_logger - INFO - epoch 24, valid loss: 0.5763, valid auc: 89.24%
2023-06-07 15:45:26,192 - my_logger - INFO - epoch 25, train loss: 0.5552
2023-06-07 15:45:26,200 - my_logger - INFO - epoch 26, train loss: 0.5484
2023-06-07 15:45:26,204 - my_logger - INFO - evaluating......
2023-06-07 15:45:26,204 - my_logger - INFO - epoch 26, valid loss: 0.5632, valid auc: 89.88%
2023-06-07 15:45:26,209 - my_logger - INFO - epoch 27, train loss: 0.5417
2023-06-07 15:45:26,217 - my_logger - INFO - epoch 28, train loss: 0.5351
2023-06-07 15:45:26,221 - my_logger - INFO - evaluating......
2023-06-07 15:45:26,221 - my_logger - INFO - epoch 28, valid loss: 0.5506, valid auc: 90.38%
2023-06-07 15:45:26,226 - my_logger - INFO - epoch 29, train loss: 0.5287
2023-06-07 15:45:26,234 - my_logger - INFO - epoch 30, train loss: 0.5225
2023-06-07 15:45:26,237 - my_logger - INFO - evaluating......
2023-06-07 15:45:26,238 - my_logger - INFO - epoch 30, valid loss: 0.5389, valid auc: 90.77%
2023-06-07 15:45:26,242 - my_logger - INFO - epoch 31, train loss: 0.5166
2023-06-07 15:45:26,250 - my_logger - INFO - epoch 32, train loss: 0.5109
2023-06-07 15:45:26,254 - my_logger - INFO - evaluating......
2023-06-07 15:45:26,254 - my_logger - INFO - epoch 32, valid loss: 0.5283, valid auc: 91.05%
2023-06-07 15:45:26,259 - my_logger - INFO - epoch 33, train loss: 0.5056
2023-06-07 15:45:26,267 - my_logger - INFO - epoch 34, train loss: 0.5005
2023-06-07 15:45:26,271 - my_logger - INFO - evaluating......
2023-06-07 15:45:26,271 - my_logger - INFO - epoch 34, valid loss: 0.5190, valid auc: 91.29%
2023-06-07 15:45:26,277 - my_logger - INFO - epoch 35, train loss: 0.4956
2023-06-07 15:45:26,284 - my_logger - INFO - epoch 36, train loss: 0.4911
2023-06-07 15:45:26,288 - my_logger - INFO - evaluating......
2023-06-07 15:45:26,288 - my_logger - INFO - epoch 36, valid loss: 0.5110, valid auc: 91.51%
2023-06-07 15:45:26,293 - my_logger - INFO - epoch 37, train loss: 0.4868
2023-06-07 15:45:26,300 - my_logger - INFO - epoch 38, train loss: 0.4828
2023-06-07 15:45:26,304 - my_logger - INFO - evaluating......
2023-06-07 15:45:26,304 - my_logger - INFO - epoch 38, valid loss: 0.5044, valid auc: 91.73%
2023-06-07 15:45:26,309 - my_logger - INFO - epoch 39, train loss: 0.4790
2023-06-07 15:45:26,318 - my_logger - INFO - epoch 40, train loss: 0.4754
2023-06-07 15:45:26,322 - my_logger - INFO - evaluating......
2023-06-07 15:45:26,322 - my_logger - INFO - epoch 40, valid loss: 0.4988, valid auc: 91.96%
2023-06-07 15:45:26,328 - my_logger - INFO - epoch 41, train loss: 0.4719
2023-06-07 15:45:26,335 - my_logger - INFO - epoch 42, train loss: 0.4686
2023-06-07 15:45:26,339 - my_logger - INFO - evaluating......
2023-06-07 15:45:26,339 - my_logger - INFO - epoch 42, valid loss: 0.4941, valid auc: 92.21%
2023-06-07 15:45:26,346 - my_logger - INFO - epoch 43, train loss: 0.4655
2023-06-07 15:45:26,353 - my_logger - INFO - epoch 44, train loss: 0.4624
2023-06-07 15:45:26,357 - my_logger - INFO - evaluating......
2023-06-07 15:45:26,357 - my_logger - INFO - epoch 44, valid loss: 0.4900, valid auc: 92.45%
2023-06-07 15:45:26,363 - my_logger - INFO - epoch 45, train loss: 0.4594
2023-06-07 15:45:26,371 - my_logger - INFO - epoch 46, train loss: 0.4565
2023-06-07 15:45:26,374 - my_logger - INFO - evaluating......
2023-06-07 15:45:26,374 - my_logger - INFO - epoch 46, valid loss: 0.4865, valid auc: 92.72%
2023-06-07 15:45:26,380 - my_logger - INFO - epoch 47, train loss: 0.4537
2023-06-07 15:45:26,387 - my_logger - INFO - epoch 48, train loss: 0.4509
2023-06-07 15:45:26,391 - my_logger - INFO - evaluating......
2023-06-07 15:45:26,392 - my_logger - INFO - epoch 48, valid loss: 0.4833, valid auc: 92.97%
2023-06-07 15:45:26,398 - my_logger - INFO - epoch 49, train loss: 0.4482
2023-06-07 15:45:26,405 - my_logger - INFO - epoch 50, train loss: 0.4455
2023-06-07 15:45:26,409 - my_logger - INFO - evaluating......
2023-06-07 15:45:26,409 - my_logger - INFO - epoch 50, valid loss: 0.4804, valid auc: 93.21%
2023-06-07 15:45:26,415 - my_logger - INFO - epoch 51, train loss: 0.4429
2023-06-07 15:45:26,422 - my_logger - INFO - epoch 52, train loss: 0.4404
2023-06-07 15:45:26,426 - my_logger - INFO - evaluating......
2023-06-07 15:45:26,426 - my_logger - INFO - epoch 52, valid loss: 0.4778, valid auc: 93.44%
2023-06-07 15:45:26,432 - my_logger - INFO - epoch 53, train loss: 0.4379
2023-06-07 15:45:26,439 - my_logger - INFO - epoch 54, train loss: 0.4355
2023-06-07 15:45:26,443 - my_logger - INFO - evaluating......
2023-06-07 15:45:26,443 - my_logger - INFO - epoch 54, valid loss: 0.4754, valid auc: 93.66%
2023-06-07 15:45:26,449 - my_logger - INFO - epoch 55, train loss: 0.4332
2023-06-07 15:45:26,455 - my_logger - INFO - epoch 56, train loss: 0.4309
2023-06-07 15:45:26,459 - my_logger - INFO - evaluating......
2023-06-07 15:45:26,459 - my_logger - INFO - epoch 56, valid loss: 0.4732, valid auc: 93.85%
2023-06-07 15:45:26,465 - my_logger - INFO - epoch 57, train loss: 0.4286
2023-06-07 15:45:26,472 - my_logger - INFO - epoch 58, train loss: 0.4264
2023-06-07 15:45:26,476 - my_logger - INFO - evaluating......
2023-06-07 15:45:26,476 - my_logger - INFO - epoch 58, valid loss: 0.4712, valid auc: 94.03%
2023-06-07 15:45:26,482 - my_logger - INFO - epoch 59, train loss: 0.4243
2023-06-07 15:45:26,489 - my_logger - INFO - epoch 60, train loss: 0.4222
2023-06-07 15:45:26,493 - my_logger - INFO - evaluating......
2023-06-07 15:45:26,494 - my_logger - INFO - epoch 60, valid loss: 0.4694, valid auc: 94.20%
2023-06-07 15:45:26,500 - my_logger - INFO - epoch 61, train loss: 0.4201
2023-06-07 15:45:26,506 - my_logger - INFO - epoch 62, train loss: 0.4181
2023-06-07 15:45:26,510 - my_logger - INFO - evaluating......
2023-06-07 15:45:26,510 - my_logger - INFO - epoch 62, valid loss: 0.4676, valid auc: 94.36%
2023-06-07 15:45:26,516 - my_logger - INFO - epoch 63, train loss: 0.4161
2023-06-07 15:45:26,522 - my_logger - INFO - epoch 64, train loss: 0.4142
2023-06-07 15:45:26,526 - my_logger - INFO - evaluating......
2023-06-07 15:45:26,526 - my_logger - INFO - epoch 64, valid loss: 0.4660, valid auc: 94.51%
2023-06-07 15:45:26,532 - my_logger - INFO - epoch 65, train loss: 0.4123
2023-06-07 15:45:26,539 - my_logger - INFO - epoch 66, train loss: 0.4104
2023-06-07 15:45:26,542 - my_logger - INFO - evaluating......
2023-06-07 15:45:26,543 - my_logger - INFO - epoch 66, valid loss: 0.4645, valid auc: 94.66%
2023-06-07 15:45:26,549 - my_logger - INFO - epoch 67, train loss: 0.4085
2023-06-07 15:45:26,556 - my_logger - INFO - epoch 68, train loss: 0.4067
2023-06-07 15:45:26,560 - my_logger - INFO - evaluating......
2023-06-07 15:45:26,561 - my_logger - INFO - epoch 68, valid loss: 0.4631, valid auc: 94.79%
2023-06-07 15:45:26,567 - my_logger - INFO - epoch 69, train loss: 0.4048
2023-06-07 15:45:26,574 - my_logger - INFO - epoch 70, train loss: 0.4030
2023-06-07 15:45:26,579 - my_logger - INFO - evaluating......
2023-06-07 15:45:26,579 - my_logger - INFO - epoch 70, valid loss: 0.4617, valid auc: 94.92%
2023-06-07 15:45:26,585 - my_logger - INFO - epoch 71, train loss: 0.4012
2023-06-07 15:45:26,592 - my_logger - INFO - epoch 72, train loss: 0.3995
2023-06-07 15:45:26,596 - my_logger - INFO - evaluating......
2023-06-07 15:45:26,597 - my_logger - INFO - epoch 72, valid loss: 0.4604, valid auc: 95.04%
2023-06-07 15:45:26,602 - my_logger - INFO - epoch 73, train loss: 0.3977
2023-06-07 15:45:26,608 - my_logger - INFO - epoch 74, train loss: 0.3960
2023-06-07 15:45:26,613 - my_logger - INFO - evaluating......
2023-06-07 15:45:26,614 - my_logger - INFO - epoch 74, valid loss: 0.4592, valid auc: 95.14%
2023-06-07 15:45:26,619 - my_logger - INFO - epoch 75, train loss: 0.3943
2023-06-07 15:45:26,625 - my_logger - INFO - epoch 76, train loss: 0.3925
2023-06-07 15:45:26,630 - my_logger - INFO - evaluating......
2023-06-07 15:45:26,630 - my_logger - INFO - epoch 76, valid loss: 0.4581, valid auc: 95.26%
2023-06-07 15:45:26,635 - my_logger - INFO - epoch 77, train loss: 0.3909
2023-06-07 15:45:26,642 - my_logger - INFO - epoch 78, train loss: 0.3892
2023-06-07 15:45:26,646 - my_logger - INFO - evaluating......
2023-06-07 15:45:26,646 - my_logger - INFO - epoch 78, valid loss: 0.4570, valid auc: 95.35%
2023-06-07 15:45:26,651 - my_logger - INFO - epoch 79, train loss: 0.3875
2023-06-07 15:45:26,657 - my_logger - INFO - epoch 80, train loss: 0.3858
2023-06-07 15:45:26,661 - my_logger - INFO - evaluating......
2023-06-07 15:45:26,661 - my_logger - INFO - epoch 80, valid loss: 0.4560, valid auc: 95.44%
2023-06-07 15:45:26,666 - my_logger - INFO - epoch 81, train loss: 0.3842
2023-06-07 15:45:26,672 - my_logger - INFO - epoch 82, train loss: 0.3825
2023-06-07 15:45:26,676 - my_logger - INFO - evaluating......
2023-06-07 15:45:26,676 - my_logger - INFO - epoch 82, valid loss: 0.4551, valid auc: 95.53%
2023-06-07 15:45:26,681 - my_logger - INFO - epoch 83, train loss: 0.3809
2023-06-07 15:45:26,688 - my_logger - INFO - epoch 84, train loss: 0.3793
2023-06-07 15:45:26,691 - my_logger - INFO - evaluating......
2023-06-07 15:45:26,691 - my_logger - INFO - epoch 84, valid loss: 0.4543, valid auc: 95.61%
2023-06-07 15:45:26,696 - my_logger - INFO - epoch 85, train loss: 0.3777
2023-06-07 15:45:26,702 - my_logger - INFO - epoch 86, train loss: 0.3761
2023-06-07 15:45:26,706 - my_logger - INFO - evaluating......
2023-06-07 15:45:26,706 - my_logger - INFO - epoch 86, valid loss: 0.4536, valid auc: 95.68%
2023-06-07 15:45:26,711 - my_logger - INFO - epoch 87, train loss: 0.3745
2023-06-07 15:45:26,718 - my_logger - INFO - epoch 88, train loss: 0.3729
2023-06-07 15:45:26,721 - my_logger - INFO - evaluating......
2023-06-07 15:45:26,721 - my_logger - INFO - epoch 88, valid loss: 0.4529, valid auc: 95.74%
2023-06-07 15:45:26,726 - my_logger - INFO - epoch 89, train loss: 0.3713
2023-06-07 15:45:26,732 - my_logger - INFO - epoch 90, train loss: 0.3697
2023-06-07 15:45:26,736 - my_logger - INFO - evaluating......
2023-06-07 15:45:26,736 - my_logger - INFO - epoch 90, valid loss: 0.4523, valid auc: 95.81%
2023-06-07 15:45:26,741 - my_logger - INFO - epoch 91, train loss: 0.3682
2023-06-07 15:45:26,748 - my_logger - INFO - epoch 92, train loss: 0.3666
2023-06-07 15:45:26,751 - my_logger - INFO - evaluating......
2023-06-07 15:45:26,751 - my_logger - INFO - epoch 92, valid loss: 0.4518, valid auc: 95.87%
2023-06-07 15:45:26,757 - my_logger - INFO - epoch 93, train loss: 0.3651
2023-06-07 15:45:26,764 - my_logger - INFO - epoch 94, train loss: 0.3635
2023-06-07 15:45:26,768 - my_logger - INFO - evaluating......
2023-06-07 15:45:26,768 - my_logger - INFO - epoch 94, valid loss: 0.4514, valid auc: 95.93%
2023-06-07 15:45:26,774 - my_logger - INFO - epoch 95, train loss: 0.3620
2023-06-07 15:45:26,781 - my_logger - INFO - epoch 96, train loss: 0.3604
2023-06-07 15:45:26,785 - my_logger - INFO - evaluating......
2023-06-07 15:45:26,785 - my_logger - INFO - epoch 96, valid loss: 0.4510, valid auc: 95.98%
2023-06-07 15:45:26,791 - my_logger - INFO - epoch 97, train loss: 0.3589
2023-06-07 15:45:26,798 - my_logger - INFO - epoch 98, train loss: 0.3574
2023-06-07 15:45:26,802 - my_logger - INFO - evaluating......
2023-06-07 15:45:26,802 - my_logger - INFO - epoch 98, valid loss: 0.4507, valid auc: 96.03%
2023-06-07 15:45:26,808 - my_logger - INFO - epoch 99, train loss: 0.3559
2023-06-07 15:45:26,815 - my_logger - INFO - epoch 100, train loss: 0.3544
2023-06-07 15:45:26,819 - my_logger - INFO - evaluating......
2023-06-07 15:45:26,819 - my_logger - INFO - epoch 100, valid loss: 0.4504, valid auc: 96.07%
2023-06-07 15:45:26,826 - my_logger - INFO - epoch 101, train loss: 0.3529
2023-06-07 15:45:26,833 - my_logger - INFO - epoch 102, train loss: 0.3514
2023-06-07 15:45:26,837 - my_logger - INFO - evaluating......
2023-06-07 15:45:26,837 - my_logger - INFO - epoch 102, valid loss: 0.4502, valid auc: 96.12%
2023-06-07 15:45:26,844 - my_logger - INFO - epoch 103, train loss: 0.3499
2023-06-07 15:45:26,850 - my_logger - INFO - epoch 104, train loss: 0.3484
2023-06-07 15:45:26,854 - my_logger - INFO - evaluating......
2023-06-07 15:45:26,854 - my_logger - INFO - epoch 104, valid loss: 0.4500, valid auc: 96.16%
2023-06-07 15:45:26,860 - my_logger - INFO - epoch 105, train loss: 0.3469
2023-06-07 15:45:26,867 - my_logger - INFO - epoch 106, train loss: 0.3455
2023-06-07 15:45:26,870 - my_logger - INFO - evaluating......
2023-06-07 15:45:26,871 - my_logger - INFO - epoch 106, valid loss: 0.4499, valid auc: 96.20%
2023-06-07 15:45:26,877 - my_logger - INFO - epoch 107, train loss: 0.3440
2023-06-07 15:45:26,884 - my_logger - INFO - epoch 108, train loss: 0.3425
2023-06-07 15:45:26,887 - my_logger - INFO - evaluating......
2023-06-07 15:45:26,888 - my_logger - INFO - epoch 108, valid loss: 0.4498, valid auc: 96.23%
2023-06-07 15:45:26,893 - my_logger - INFO - epoch 109, train loss: 0.3411
2023-06-07 15:45:26,900 - my_logger - INFO - epoch 110, train loss: 0.3396
2023-06-07 15:45:26,904 - my_logger - INFO - evaluating......
2023-06-07 15:45:26,904 - my_logger - INFO - epoch 110, valid loss: 0.4497, valid auc: 96.27%
2023-06-07 15:45:26,911 - my_logger - INFO - epoch 111, train loss: 0.3382
2023-06-07 15:45:26,918 - my_logger - INFO - epoch 112, train loss: 0.3367
2023-06-07 15:45:26,922 - my_logger - INFO - evaluating......
2023-06-07 15:45:26,922 - my_logger - INFO - epoch 112, valid loss: 0.4497, valid auc: 96.31%
2023-06-07 15:45:26,928 - my_logger - INFO - epoch 113, train loss: 0.3353
2023-06-07 15:45:26,935 - my_logger - INFO - epoch 114, train loss: 0.3339
2023-06-07 15:45:26,939 - my_logger - INFO - evaluating......
2023-06-07 15:45:26,940 - my_logger - INFO - epoch 114, valid loss: 0.4497, valid auc: 96.34%
2023-06-07 15:45:26,946 - my_logger - INFO - epoch 115, train loss: 0.3324
2023-06-07 15:45:26,952 - my_logger - INFO - epoch 116, train loss: 0.3310
2023-06-07 15:45:26,956 - my_logger - INFO - evaluating......
2023-06-07 15:45:26,956 - my_logger - INFO - epoch 116, valid loss: 0.4497, valid auc: 96.37%
2023-06-07 15:45:26,962 - my_logger - INFO - epoch 117, train loss: 0.3296
2023-06-07 15:45:26,969 - my_logger - INFO - epoch 118, train loss: 0.3282
2023-06-07 15:45:26,972 - my_logger - INFO - evaluating......
2023-06-07 15:45:26,972 - my_logger - INFO - epoch 118, valid loss: 0.4498, valid auc: 96.40%
2023-06-07 15:45:26,978 - my_logger - INFO - epoch 119, train loss: 0.3268
2023-06-07 15:45:26,985 - my_logger - INFO - epoch 120, train loss: 0.3254
2023-06-07 15:45:26,988 - my_logger - INFO - evaluating......
2023-06-07 15:45:26,988 - my_logger - INFO - epoch 120, valid loss: 0.4499, valid auc: 96.43%
2023-06-07 15:45:26,994 - my_logger - INFO - epoch 121, train loss: 0.3240
2023-06-07 15:45:27,001 - my_logger - INFO - epoch 122, train loss: 0.3226
2023-06-07 15:45:27,004 - my_logger - INFO - evaluating......
2023-06-07 15:45:27,005 - my_logger - INFO - epoch 122, valid loss: 0.4500, valid auc: 96.47%
2023-06-07 15:45:27,010 - my_logger - INFO - epoch 123, train loss: 0.3212
2023-06-07 15:45:27,017 - my_logger - INFO - epoch 124, train loss: 0.3198
2023-06-07 15:45:27,021 - my_logger - INFO - evaluating......
2023-06-07 15:45:27,021 - my_logger - INFO - epoch 124, valid loss: 0.4501, valid auc: 96.50%
2023-06-07 15:45:27,029 - my_logger - INFO - epoch 125, train loss: 0.3184
2023-06-07 15:45:27,036 - my_logger - INFO - epoch 126, train loss: 0.3171
2023-06-07 15:45:27,040 - my_logger - INFO - evaluating......
2023-06-07 15:45:27,040 - my_logger - INFO - epoch 126, valid loss: 0.4503, valid auc: 96.53%
2023-06-07 15:45:27,046 - my_logger - INFO - epoch 127, train loss: 0.3157
2023-06-07 15:45:27,053 - my_logger - INFO - epoch 128, train loss: 0.3143
2023-06-07 15:45:27,057 - my_logger - INFO - evaluating......
2023-06-07 15:45:27,058 - my_logger - INFO - epoch 128, valid loss: 0.4505, valid auc: 96.56%
2023-06-07 15:45:27,064 - my_logger - INFO - epoch 129, train loss: 0.3130
2023-06-07 15:45:27,072 - my_logger - INFO - epoch 130, train loss: 0.3116
2023-06-07 15:45:27,076 - my_logger - INFO - evaluating......
2023-06-07 15:45:27,077 - my_logger - INFO - epoch 130, valid loss: 0.4508, valid auc: 96.58%
2023-06-07 15:45:27,084 - my_logger - INFO - epoch 131, train loss: 0.3103
2023-06-07 15:45:27,091 - my_logger - INFO - epoch 132, train loss: 0.3089
2023-06-07 15:45:27,095 - my_logger - INFO - evaluating......
2023-06-07 15:45:27,096 - my_logger - INFO - epoch 132, valid loss: 0.4511, valid auc: 96.60%
2023-06-07 15:45:27,103 - my_logger - INFO - epoch 133, train loss: 0.3076
2023-06-07 15:45:27,110 - my_logger - INFO - epoch 134, train loss: 0.3062
2023-06-07 15:45:27,114 - my_logger - INFO - evaluating......
2023-06-07 15:45:27,115 - my_logger - INFO - epoch 134, valid loss: 0.4514, valid auc: 96.62%
2023-06-07 15:45:27,121 - my_logger - INFO - epoch 135, train loss: 0.3049
2023-06-07 15:45:27,129 - my_logger - INFO - epoch 136, train loss: 0.3036
2023-06-07 15:45:27,133 - my_logger - INFO - evaluating......
2023-06-07 15:45:27,133 - my_logger - INFO - epoch 136, valid loss: 0.4517, valid auc: 96.63%
2023-06-07 15:45:27,140 - my_logger - INFO - epoch 137, train loss: 0.3022
2023-06-07 15:45:27,147 - my_logger - INFO - epoch 138, train loss: 0.3009
2023-06-07 15:45:27,152 - my_logger - INFO - evaluating......
2023-06-07 15:45:27,152 - my_logger - INFO - epoch 138, valid loss: 0.4521, valid auc: 96.64%
2023-06-07 15:45:27,158 - my_logger - INFO - epoch 139, train loss: 0.2996
2023-06-07 15:45:27,166 - my_logger - INFO - epoch 140, train loss: 0.2983
2023-06-07 15:45:27,174 - my_logger - INFO - evaluating......
2023-06-07 15:45:27,174 - my_logger - INFO - epoch 140, valid loss: 0.4525, valid auc: 96.66%
2023-06-07 15:45:27,185 - my_logger - INFO - epoch 141, train loss: 0.2970
2023-06-07 15:45:27,194 - my_logger - INFO - epoch 142, train loss: 0.2957
2023-06-07 15:45:27,199 - my_logger - INFO - evaluating......
2023-06-07 15:45:27,199 - my_logger - INFO - epoch 142, valid loss: 0.4530, valid auc: 96.67%
2023-06-07 15:45:27,206 - my_logger - INFO - epoch 143, train loss: 0.2944
2023-06-07 15:45:27,214 - my_logger - INFO - epoch 144, train loss: 0.2931
2023-06-07 15:45:27,219 - my_logger - INFO - evaluating......
2023-06-07 15:45:27,219 - my_logger - INFO - epoch 144, valid loss: 0.4534, valid auc: 96.68%
2023-06-07 15:45:27,225 - my_logger - INFO - epoch 145, train loss: 0.2918
2023-06-07 15:45:27,233 - my_logger - INFO - epoch 146, train loss: 0.2905
2023-06-07 15:45:27,238 - my_logger - INFO - evaluating......
2023-06-07 15:45:27,238 - my_logger - INFO - epoch 146, valid loss: 0.4539, valid auc: 96.70%
2023-06-07 15:45:27,245 - my_logger - INFO - epoch 147, train loss: 0.2892
2023-06-07 15:45:27,253 - my_logger - INFO - epoch 148, train loss: 0.2879
2023-06-07 15:45:27,258 - my_logger - INFO - evaluating......
2023-06-07 15:45:27,258 - my_logger - INFO - epoch 148, valid loss: 0.4545, valid auc: 96.71%
2023-06-07 15:45:27,265 - my_logger - INFO - epoch 149, train loss: 0.2866
2023-06-07 15:45:27,272 - my_logger - INFO - epoch 150, train loss: 0.2853
2023-06-07 15:45:27,277 - my_logger - INFO - evaluating......
2023-06-07 15:45:27,277 - my_logger - INFO - epoch 150, valid loss: 0.4551, valid auc: 96.72%
2023-06-07 15:45:27,284 - my_logger - INFO - epoch 151, train loss: 0.2841
2023-06-07 15:45:27,291 - my_logger - INFO - epoch 152, train loss: 0.2828
2023-06-07 15:45:27,295 - my_logger - INFO - evaluating......
2023-06-07 15:45:27,295 - my_logger - INFO - epoch 152, valid loss: 0.4557, valid auc: 96.73%
2023-06-07 15:45:27,302 - my_logger - INFO - epoch 153, train loss: 0.2815
2023-06-07 15:45:27,311 - my_logger - INFO - epoch 154, train loss: 0.2803
2023-06-07 15:45:27,316 - my_logger - INFO - evaluating......
2023-06-07 15:45:27,316 - my_logger - INFO - epoch 154, valid loss: 0.4563, valid auc: 96.73%
2023-06-07 15:45:27,323 - my_logger - INFO - epoch 155, train loss: 0.2790
2023-06-07 15:45:27,331 - my_logger - INFO - epoch 156, train loss: 0.2778
2023-06-07 15:45:27,335 - my_logger - INFO - evaluating......
2023-06-07 15:45:27,335 - my_logger - INFO - epoch 156, valid loss: 0.4570, valid auc: 96.74%
2023-06-07 15:45:27,341 - my_logger - INFO - epoch 157, train loss: 0.2765
2023-06-07 15:45:27,349 - my_logger - INFO - epoch 158, train loss: 0.2753
2023-06-07 15:45:27,353 - my_logger - INFO - evaluating......
2023-06-07 15:45:27,353 - my_logger - INFO - epoch 158, valid loss: 0.4577, valid auc: 96.74%
2023-06-07 15:45:27,359 - my_logger - INFO - epoch 159, train loss: 0.2740
2023-06-07 15:45:27,367 - my_logger - INFO - epoch 160, train loss: 0.2728
2023-06-07 15:45:27,371 - my_logger - INFO - evaluating......
2023-06-07 15:45:27,371 - my_logger - INFO - epoch 160, valid loss: 0.4584, valid auc: 96.75%
2023-06-07 15:45:27,378 - my_logger - INFO - epoch 161, train loss: 0.2716
2023-06-07 15:45:27,385 - my_logger - INFO - epoch 162, train loss: 0.2703
2023-06-07 15:45:27,389 - my_logger - INFO - evaluating......
2023-06-07 15:45:27,390 - my_logger - INFO - epoch 162, valid loss: 0.4591, valid auc: 96.76%
2023-06-07 15:45:27,397 - my_logger - INFO - epoch 163, train loss: 0.2691
2023-06-07 15:45:27,404 - my_logger - INFO - epoch 164, train loss: 0.2679
2023-06-07 15:45:27,407 - my_logger - INFO - evaluating......
2023-06-07 15:45:27,408 - my_logger - INFO - epoch 164, valid loss: 0.4599, valid auc: 96.76%
2023-06-07 15:45:27,414 - my_logger - INFO - epoch 165, train loss: 0.2667
2023-06-07 15:45:27,421 - my_logger - INFO - epoch 166, train loss: 0.2655
2023-06-07 15:45:27,425 - my_logger - INFO - evaluating......
2023-06-07 15:45:27,425 - my_logger - INFO - epoch 166, valid loss: 0.4607, valid auc: 96.77%
2023-06-07 15:45:27,432 - my_logger - INFO - epoch 167, train loss: 0.2643
2023-06-07 15:45:27,439 - my_logger - INFO - epoch 168, train loss: 0.2631
2023-06-07 15:45:27,442 - my_logger - INFO - evaluating......
2023-06-07 15:45:27,443 - my_logger - INFO - epoch 168, valid loss: 0.4616, valid auc: 96.77%
2023-06-07 15:45:27,449 - my_logger - INFO - epoch 169, train loss: 0.2619
2023-06-07 15:45:27,456 - my_logger - INFO - epoch 170, train loss: 0.2607
2023-06-07 15:45:27,460 - my_logger - INFO - evaluating......
2023-06-07 15:45:27,460 - my_logger - INFO - epoch 170, valid loss: 0.4624, valid auc: 96.77%
2023-06-07 15:45:27,465 - my_logger - INFO - epoch 171, train loss: 0.2595
2023-06-07 15:45:27,472 - my_logger - INFO - epoch 172, train loss: 0.2583
2023-06-07 15:45:27,476 - my_logger - INFO - evaluating......
2023-06-07 15:45:27,476 - my_logger - INFO - epoch 172, valid loss: 0.4633, valid auc: 96.77%
2023-06-07 15:45:27,481 - my_logger - INFO - epoch 173, train loss: 0.2571
2023-06-07 15:45:27,487 - my_logger - INFO - epoch 174, train loss: 0.2559
2023-06-07 15:45:27,491 - my_logger - INFO - evaluating......
2023-06-07 15:45:27,491 - my_logger - INFO - epoch 174, valid loss: 0.4643, valid auc: 96.77%
2023-06-07 15:45:27,497 - my_logger - INFO - epoch 175, train loss: 0.2547
2023-06-07 15:45:27,504 - my_logger - INFO - epoch 176, train loss: 0.2536
2023-06-07 15:45:27,507 - my_logger - INFO - evaluating......
2023-06-07 15:45:27,507 - my_logger - INFO - epoch 176, valid loss: 0.4652, valid auc: 96.77%
2023-06-07 15:45:27,512 - my_logger - INFO - epoch 177, train loss: 0.2524
2023-06-07 15:45:27,519 - my_logger - INFO - epoch 178, train loss: 0.2512
2023-06-07 15:45:27,522 - my_logger - INFO - evaluating......
2023-06-07 15:45:27,522 - my_logger - INFO - epoch 178, valid loss: 0.4662, valid auc: 96.77%
2023-06-07 15:45:27,527 - my_logger - INFO - epoch 179, train loss: 0.2501
2023-06-07 15:45:27,534 - my_logger - INFO - epoch 180, train loss: 0.2489
2023-06-07 15:45:27,537 - my_logger - INFO - evaluating......
2023-06-07 15:45:27,538 - my_logger - INFO - epoch 180, valid loss: 0.4671, valid auc: 96.77%
2023-06-07 15:45:27,543 - my_logger - INFO - epoch 181, train loss: 0.2478
2023-06-07 15:45:27,550 - my_logger - INFO - epoch 182, train loss: 0.2466
2023-06-07 15:45:27,554 - my_logger - INFO - evaluating......
2023-06-07 15:45:27,554 - my_logger - INFO - epoch 182, valid loss: 0.4682, valid auc: 96.77%
2023-06-07 15:45:27,559 - my_logger - INFO - epoch 183, train loss: 0.2455
2023-06-07 15:45:27,567 - my_logger - INFO - epoch 184, train loss: 0.2443
2023-06-07 15:45:27,571 - my_logger - INFO - evaluating......
2023-06-07 15:45:27,571 - my_logger - INFO - epoch 184, valid loss: 0.4692, valid auc: 96.77%
2023-06-07 15:45:27,578 - my_logger - INFO - epoch 185, train loss: 0.2432
2023-06-07 15:45:27,587 - my_logger - INFO - epoch 186, train loss: 0.2421
2023-06-07 15:45:27,591 - my_logger - INFO - evaluating......
2023-06-07 15:45:27,591 - my_logger - INFO - epoch 186, valid loss: 0.4702, valid auc: 96.77%
2023-06-07 15:45:27,597 - my_logger - INFO - epoch 187, train loss: 0.2410
2023-06-07 15:45:27,604 - my_logger - INFO - epoch 188, train loss: 0.2398
2023-06-07 15:45:27,608 - my_logger - INFO - evaluating......
2023-06-07 15:45:27,608 - my_logger - INFO - epoch 188, valid loss: 0.4713, valid auc: 96.76%
2023-06-07 15:45:27,613 - my_logger - INFO - epoch 189, train loss: 0.2387
2023-06-07 15:45:27,620 - my_logger - INFO - epoch 190, train loss: 0.2376
2023-06-07 15:45:27,624 - my_logger - INFO - evaluating......
2023-06-07 15:45:27,624 - my_logger - INFO - epoch 190, valid loss: 0.4724, valid auc: 96.76%
2023-06-07 15:45:27,629 - my_logger - INFO - epoch 191, train loss: 0.2365
2023-06-07 15:45:27,635 - my_logger - INFO - epoch 192, train loss: 0.2354
2023-06-07 15:45:27,639 - my_logger - INFO - evaluating......
2023-06-07 15:45:27,639 - my_logger - INFO - epoch 192, valid loss: 0.4735, valid auc: 96.76%
2023-06-07 15:45:27,645 - my_logger - INFO - epoch 193, train loss: 0.2343
2023-06-07 15:45:27,652 - my_logger - INFO - epoch 194, train loss: 0.2332
2023-06-07 15:45:27,656 - my_logger - INFO - evaluating......
2023-06-07 15:45:27,656 - my_logger - INFO - epoch 194, valid loss: 0.4746, valid auc: 96.75%
2023-06-07 15:45:27,661 - my_logger - INFO - epoch 195, train loss: 0.2321
2023-06-07 15:45:27,668 - my_logger - INFO - epoch 196, train loss: 0.2310
2023-06-07 15:45:27,672 - my_logger - INFO - evaluating......
2023-06-07 15:45:27,672 - my_logger - INFO - epoch 196, valid loss: 0.4758, valid auc: 96.75%
2023-06-07 15:45:27,677 - my_logger - INFO - epoch 197, train loss: 0.2299
2023-06-07 15:45:27,683 - my_logger - INFO - epoch 198, train loss: 0.2288
2023-06-07 15:45:27,687 - my_logger - INFO - evaluating......
2023-06-07 15:45:27,687 - my_logger - INFO - epoch 198, valid loss: 0.4770, valid auc: 96.75%
2023-06-07 15:45:27,692 - my_logger - INFO - epoch 199, train loss: 0.2278
2023-06-07 15:45:27,694 - my_logger - INFO - total train time used: 2.5196s
2023-06-07 15:45:27,694 - my_logger - INFO - testing......
2023-06-07 15:45:27,701 - my_logger - INFO - test auc: 95.50%
