2023-06-07 15:48:12,783 - my_logger - INFO - training......
2023-06-07 15:48:13,515 - my_logger - INFO - epoch 0, train loss: 0.6932
2023-06-07 15:48:13,525 - my_logger - INFO - evaluating......
2023-06-07 15:48:13,526 - my_logger - INFO - epoch 0, valid loss: 0.6932, valid auc: 95.63%
2023-06-07 15:48:13,538 - my_logger - INFO - epoch 1, train loss: 0.6930
2023-06-07 15:48:13,550 - my_logger - INFO - epoch 2, train loss: 0.6925
2023-06-07 15:48:13,556 - my_logger - INFO - evaluating......
2023-06-07 15:48:13,556 - my_logger - INFO - epoch 2, valid loss: 0.6925, valid auc: 72.89%
2023-06-07 15:48:13,563 - my_logger - INFO - epoch 3, train loss: 0.6913
2023-06-07 15:48:13,574 - my_logger - INFO - epoch 4, train loss: 0.6893
2023-06-07 15:48:13,581 - my_logger - INFO - evaluating......
2023-06-07 15:48:13,581 - my_logger - INFO - epoch 4, valid loss: 0.6896, valid auc: 71.72%
2023-06-07 15:48:13,588 - my_logger - INFO - epoch 5, train loss: 0.6869
2023-06-07 15:48:13,599 - my_logger - INFO - epoch 6, train loss: 0.6847
2023-06-07 15:48:13,605 - my_logger - INFO - evaluating......
2023-06-07 15:48:13,605 - my_logger - INFO - epoch 6, valid loss: 0.6866, valid auc: 71.66%
2023-06-07 15:48:13,612 - my_logger - INFO - epoch 7, train loss: 0.6820
2023-06-07 15:48:13,623 - my_logger - INFO - epoch 8, train loss: 0.6784
2023-06-07 15:48:13,629 - my_logger - INFO - evaluating......
2023-06-07 15:48:13,629 - my_logger - INFO - epoch 8, valid loss: 0.6818, valid auc: 71.12%
2023-06-07 15:48:13,636 - my_logger - INFO - epoch 9, train loss: 0.6740
2023-06-07 15:48:13,646 - my_logger - INFO - epoch 10, train loss: 0.6689
2023-06-07 15:48:13,653 - my_logger - INFO - evaluating......
2023-06-07 15:48:13,653 - my_logger - INFO - epoch 10, valid loss: 0.6735, valid auc: 70.34%
2023-06-07 15:48:13,660 - my_logger - INFO - epoch 11, train loss: 0.6633
2023-06-07 15:48:13,672 - my_logger - INFO - epoch 12, train loss: 0.6571
2023-06-07 15:48:13,678 - my_logger - INFO - evaluating......
2023-06-07 15:48:13,679 - my_logger - INFO - epoch 12, valid loss: 0.6631, valid auc: 69.79%
2023-06-07 15:48:13,686 - my_logger - INFO - epoch 13, train loss: 0.6502
2023-06-07 15:48:13,698 - my_logger - INFO - epoch 14, train loss: 0.6425
2023-06-07 15:48:13,709 - my_logger - INFO - evaluating......
2023-06-07 15:48:13,710 - my_logger - INFO - epoch 14, valid loss: 0.6512, valid auc: 69.62%
2023-06-07 15:48:13,728 - my_logger - INFO - epoch 15, train loss: 0.6340
2023-06-07 15:48:13,748 - my_logger - INFO - epoch 16, train loss: 0.6250
2023-06-07 15:48:13,757 - my_logger - INFO - evaluating......
2023-06-07 15:48:13,758 - my_logger - INFO - epoch 16, valid loss: 0.6378, valid auc: 69.94%
2023-06-07 15:48:13,768 - my_logger - INFO - epoch 17, train loss: 0.6156
2023-06-07 15:48:13,779 - my_logger - INFO - epoch 18, train loss: 0.6058
2023-06-07 15:48:13,786 - my_logger - INFO - evaluating......
2023-06-07 15:48:13,786 - my_logger - INFO - epoch 18, valid loss: 0.6238, valid auc: 70.78%
2023-06-07 15:48:13,793 - my_logger - INFO - epoch 19, train loss: 0.5961
2023-06-07 15:48:13,804 - my_logger - INFO - epoch 20, train loss: 0.5865
2023-06-07 15:48:13,811 - my_logger - INFO - evaluating......
2023-06-07 15:48:13,811 - my_logger - INFO - epoch 20, valid loss: 0.6109, valid auc: 72.04%
2023-06-07 15:48:13,819 - my_logger - INFO - epoch 21, train loss: 0.5773
2023-06-07 15:48:13,830 - my_logger - INFO - epoch 22, train loss: 0.5684
2023-06-07 15:48:13,837 - my_logger - INFO - evaluating......
2023-06-07 15:48:13,837 - my_logger - INFO - epoch 22, valid loss: 0.5999, valid auc: 73.37%
2023-06-07 15:48:13,845 - my_logger - INFO - epoch 23, train loss: 0.5603
2023-06-07 15:48:13,856 - my_logger - INFO - epoch 24, train loss: 0.5526
2023-06-07 15:48:13,863 - my_logger - INFO - evaluating......
2023-06-07 15:48:13,863 - my_logger - INFO - epoch 24, valid loss: 0.5906, valid auc: 74.63%
2023-06-07 15:48:13,870 - my_logger - INFO - epoch 25, train loss: 0.5451
2023-06-07 15:48:13,881 - my_logger - INFO - epoch 26, train loss: 0.5377
2023-06-07 15:48:13,887 - my_logger - INFO - evaluating......
2023-06-07 15:48:13,887 - my_logger - INFO - epoch 26, valid loss: 0.5813, valid auc: 75.82%
2023-06-07 15:48:13,894 - my_logger - INFO - epoch 27, train loss: 0.5301
2023-06-07 15:48:13,905 - my_logger - INFO - epoch 28, train loss: 0.5219
2023-06-07 15:48:13,912 - my_logger - INFO - evaluating......
2023-06-07 15:48:13,912 - my_logger - INFO - epoch 28, valid loss: 0.5698, valid auc: 77.04%
2023-06-07 15:48:13,919 - my_logger - INFO - epoch 29, train loss: 0.5136
2023-06-07 15:48:13,930 - my_logger - INFO - epoch 30, train loss: 0.5045
2023-06-07 15:48:13,937 - my_logger - INFO - evaluating......
2023-06-07 15:48:13,937 - my_logger - INFO - epoch 30, valid loss: 0.5554, valid auc: 78.56%
2023-06-07 15:48:13,944 - my_logger - INFO - epoch 31, train loss: 0.4944
2023-06-07 15:48:13,955 - my_logger - INFO - epoch 32, train loss: 0.4838
2023-06-07 15:48:13,961 - my_logger - INFO - evaluating......
2023-06-07 15:48:13,961 - my_logger - INFO - epoch 32, valid loss: 0.5371, valid auc: 80.21%
2023-06-07 15:48:13,968 - my_logger - INFO - epoch 33, train loss: 0.4744
2023-06-07 15:48:13,979 - my_logger - INFO - epoch 34, train loss: 0.4640
2023-06-07 15:48:13,986 - my_logger - INFO - evaluating......
2023-06-07 15:48:13,986 - my_logger - INFO - epoch 34, valid loss: 0.5175, valid auc: 82.11%
2023-06-07 15:48:13,993 - my_logger - INFO - epoch 35, train loss: 0.4538
2023-06-07 15:48:14,004 - my_logger - INFO - epoch 36, train loss: 0.4440
2023-06-07 15:48:14,010 - my_logger - INFO - evaluating......
2023-06-07 15:48:14,011 - my_logger - INFO - epoch 36, valid loss: 0.4977, valid auc: 84.13%
2023-06-07 15:48:14,018 - my_logger - INFO - epoch 37, train loss: 0.4336
2023-06-07 15:48:14,029 - my_logger - INFO - epoch 38, train loss: 0.4241
2023-06-07 15:48:14,035 - my_logger - INFO - evaluating......
2023-06-07 15:48:14,035 - my_logger - INFO - epoch 38, valid loss: 0.4769, valid auc: 85.66%
2023-06-07 15:48:14,042 - my_logger - INFO - epoch 39, train loss: 0.4137
2023-06-07 15:48:14,053 - my_logger - INFO - epoch 40, train loss: 0.4039
2023-06-07 15:48:14,060 - my_logger - INFO - evaluating......
2023-06-07 15:48:14,060 - my_logger - INFO - epoch 40, valid loss: 0.4582, valid auc: 87.02%
2023-06-07 15:48:14,067 - my_logger - INFO - epoch 41, train loss: 0.3940
2023-06-07 15:48:14,077 - my_logger - INFO - epoch 42, train loss: 0.3841
2023-06-07 15:48:14,084 - my_logger - INFO - evaluating......
2023-06-07 15:48:14,084 - my_logger - INFO - epoch 42, valid loss: 0.4398, valid auc: 88.10%
2023-06-07 15:48:14,091 - my_logger - INFO - epoch 43, train loss: 0.3743
2023-06-07 15:48:14,102 - my_logger - INFO - epoch 44, train loss: 0.3643
2023-06-07 15:48:14,109 - my_logger - INFO - evaluating......
2023-06-07 15:48:14,109 - my_logger - INFO - epoch 44, valid loss: 0.4224, valid auc: 89.16%
2023-06-07 15:48:14,116 - my_logger - INFO - epoch 45, train loss: 0.3547
2023-06-07 15:48:14,127 - my_logger - INFO - epoch 46, train loss: 0.3447
2023-06-07 15:48:14,134 - my_logger - INFO - evaluating......
2023-06-07 15:48:14,134 - my_logger - INFO - epoch 46, valid loss: 0.4057, valid auc: 90.08%
2023-06-07 15:48:14,141 - my_logger - INFO - epoch 47, train loss: 0.3350
2023-06-07 15:48:14,152 - my_logger - INFO - epoch 48, train loss: 0.3251
2023-06-07 15:48:14,158 - my_logger - INFO - evaluating......
2023-06-07 15:48:14,159 - my_logger - INFO - epoch 48, valid loss: 0.3887, valid auc: 90.96%
2023-06-07 15:48:14,166 - my_logger - INFO - epoch 49, train loss: 0.3155
2023-06-07 15:48:14,177 - my_logger - INFO - epoch 50, train loss: 0.3061
2023-06-07 15:48:14,183 - my_logger - INFO - evaluating......
2023-06-07 15:48:14,183 - my_logger - INFO - epoch 50, valid loss: 0.3729, valid auc: 91.78%
2023-06-07 15:48:14,190 - my_logger - INFO - epoch 51, train loss: 0.2968
2023-06-07 15:48:14,201 - my_logger - INFO - epoch 52, train loss: 0.2880
2023-06-07 15:48:14,208 - my_logger - INFO - evaluating......
2023-06-07 15:48:14,208 - my_logger - INFO - epoch 52, valid loss: 0.3564, valid auc: 92.45%
2023-06-07 15:48:14,215 - my_logger - INFO - epoch 53, train loss: 0.2792
2023-06-07 15:48:14,226 - my_logger - INFO - epoch 54, train loss: 0.2708
2023-06-07 15:48:14,232 - my_logger - INFO - evaluating......
2023-06-07 15:48:14,232 - my_logger - INFO - epoch 54, valid loss: 0.3420, valid auc: 93.11%
2023-06-07 15:48:14,239 - my_logger - INFO - epoch 55, train loss: 0.2626
2023-06-07 15:48:14,250 - my_logger - INFO - epoch 56, train loss: 0.2545
2023-06-07 15:48:14,257 - my_logger - INFO - evaluating......
2023-06-07 15:48:14,257 - my_logger - INFO - epoch 56, valid loss: 0.3274, valid auc: 93.69%
2023-06-07 15:48:14,264 - my_logger - INFO - epoch 57, train loss: 0.2468
2023-06-07 15:48:14,275 - my_logger - INFO - epoch 58, train loss: 0.2393
2023-06-07 15:48:14,281 - my_logger - INFO - evaluating......
2023-06-07 15:48:14,282 - my_logger - INFO - epoch 58, valid loss: 0.3141, valid auc: 94.20%
2023-06-07 15:48:14,288 - my_logger - INFO - epoch 59, train loss: 0.2320
2023-06-07 15:48:14,300 - my_logger - INFO - epoch 60, train loss: 0.2250
2023-06-07 15:48:14,306 - my_logger - INFO - evaluating......
2023-06-07 15:48:14,306 - my_logger - INFO - epoch 60, valid loss: 0.3031, valid auc: 94.63%
2023-06-07 15:48:14,313 - my_logger - INFO - epoch 61, train loss: 0.2183
2023-06-07 15:48:14,324 - my_logger - INFO - epoch 62, train loss: 0.2118
2023-06-07 15:48:14,331 - my_logger - INFO - evaluating......
2023-06-07 15:48:14,331 - my_logger - INFO - epoch 62, valid loss: 0.2921, valid auc: 94.99%
2023-06-07 15:48:14,338 - my_logger - INFO - epoch 63, train loss: 0.2056
2023-06-07 15:48:14,350 - my_logger - INFO - epoch 64, train loss: 0.1995
2023-06-07 15:48:14,356 - my_logger - INFO - evaluating......
2023-06-07 15:48:14,356 - my_logger - INFO - epoch 64, valid loss: 0.2829, valid auc: 95.31%
2023-06-07 15:48:14,364 - my_logger - INFO - epoch 65, train loss: 0.1937
2023-06-07 15:48:14,375 - my_logger - INFO - epoch 66, train loss: 0.1881
2023-06-07 15:48:14,382 - my_logger - INFO - evaluating......
2023-06-07 15:48:14,382 - my_logger - INFO - epoch 66, valid loss: 0.2755, valid auc: 95.59%
2023-06-07 15:48:14,389 - my_logger - INFO - epoch 67, train loss: 0.1827
2023-06-07 15:48:14,400 - my_logger - INFO - epoch 68, train loss: 0.1775
2023-06-07 15:48:14,407 - my_logger - INFO - evaluating......
2023-06-07 15:48:14,407 - my_logger - INFO - epoch 68, valid loss: 0.2681, valid auc: 95.83%
2023-06-07 15:48:14,419 - my_logger - INFO - epoch 69, train loss: 0.1725
2023-06-07 15:48:14,430 - my_logger - INFO - epoch 70, train loss: 0.1677
2023-06-07 15:48:14,436 - my_logger - INFO - evaluating......
2023-06-07 15:48:14,437 - my_logger - INFO - epoch 70, valid loss: 0.2617, valid auc: 96.05%
2023-06-07 15:48:14,449 - my_logger - INFO - epoch 71, train loss: 0.1630
2023-06-07 15:48:14,460 - my_logger - INFO - epoch 72, train loss: 0.1585
2023-06-07 15:48:14,466 - my_logger - INFO - evaluating......
2023-06-07 15:48:14,466 - my_logger - INFO - epoch 72, valid loss: 0.2559, valid auc: 96.23%
2023-06-07 15:48:14,478 - my_logger - INFO - epoch 73, train loss: 0.1541
2023-06-07 15:48:14,489 - my_logger - INFO - epoch 74, train loss: 0.1499
2023-06-07 15:48:14,496 - my_logger - INFO - evaluating......
2023-06-07 15:48:14,496 - my_logger - INFO - epoch 74, valid loss: 0.2503, valid auc: 96.42%
2023-06-07 15:48:14,508 - my_logger - INFO - epoch 75, train loss: 0.1458
2023-06-07 15:48:14,519 - my_logger - INFO - epoch 76, train loss: 0.1419
2023-06-07 15:48:14,525 - my_logger - INFO - evaluating......
2023-06-07 15:48:14,525 - my_logger - INFO - epoch 76, valid loss: 0.2451, valid auc: 96.58%
2023-06-07 15:48:14,537 - my_logger - INFO - epoch 77, train loss: 0.1381
2023-06-07 15:48:14,548 - my_logger - INFO - epoch 78, train loss: 0.1346
2023-06-07 15:48:14,555 - my_logger - INFO - evaluating......
2023-06-07 15:48:14,555 - my_logger - INFO - epoch 78, valid loss: 0.2406, valid auc: 96.73%
2023-06-07 15:48:14,567 - my_logger - INFO - epoch 79, train loss: 0.1312
2023-06-07 15:48:14,578 - my_logger - INFO - epoch 80, train loss: 0.1279
2023-06-07 15:48:14,584 - my_logger - INFO - evaluating......
2023-06-07 15:48:14,584 - my_logger - INFO - epoch 80, valid loss: 0.2366, valid auc: 96.88%
2023-06-07 15:48:14,596 - my_logger - INFO - epoch 81, train loss: 0.1249
2023-06-07 15:48:14,607 - my_logger - INFO - epoch 82, train loss: 0.1221
2023-06-07 15:48:14,614 - my_logger - INFO - evaluating......
2023-06-07 15:48:14,614 - my_logger - INFO - epoch 82, valid loss: 0.2333, valid auc: 97.01%
2023-06-07 15:48:14,626 - my_logger - INFO - epoch 83, train loss: 0.1191
2023-06-07 15:48:14,637 - my_logger - INFO - epoch 84, train loss: 0.1157
2023-06-07 15:48:14,644 - my_logger - INFO - evaluating......
2023-06-07 15:48:14,644 - my_logger - INFO - epoch 84, valid loss: 0.2285, valid auc: 97.13%
2023-06-07 15:48:14,656 - my_logger - INFO - epoch 85, train loss: 0.1126
2023-06-07 15:48:14,666 - my_logger - INFO - epoch 86, train loss: 0.1101
2023-06-07 15:48:14,673 - my_logger - INFO - evaluating......
2023-06-07 15:48:14,673 - my_logger - INFO - epoch 86, valid loss: 0.2225, valid auc: 97.23%
2023-06-07 15:48:14,685 - my_logger - INFO - epoch 87, train loss: 0.1077
2023-06-07 15:48:14,696 - my_logger - INFO - epoch 88, train loss: 0.1050
2023-06-07 15:48:14,702 - my_logger - INFO - evaluating......
2023-06-07 15:48:14,703 - my_logger - INFO - epoch 88, valid loss: 0.2189, valid auc: 97.32%
2023-06-07 15:48:14,748 - my_logger - INFO - epoch 89, train loss: 0.1022
2023-06-07 15:48:14,763 - my_logger - INFO - epoch 90, train loss: 0.1000
2023-06-07 15:48:14,771 - my_logger - INFO - evaluating......
2023-06-07 15:48:14,772 - my_logger - INFO - epoch 90, valid loss: 0.2176, valid auc: 97.42%
2023-06-07 15:48:14,799 - my_logger - INFO - epoch 91, train loss: 0.0978
2023-06-07 15:48:14,810 - my_logger - INFO - epoch 92, train loss: 0.0954
2023-06-07 15:48:14,817 - my_logger - INFO - evaluating......
2023-06-07 15:48:14,817 - my_logger - INFO - epoch 92, valid loss: 0.2149, valid auc: 97.50%
2023-06-07 15:48:14,829 - my_logger - INFO - epoch 93, train loss: 0.0930
2023-06-07 15:48:14,839 - my_logger - INFO - epoch 94, train loss: 0.0910
2023-06-07 15:48:14,846 - my_logger - INFO - evaluating......
2023-06-07 15:48:14,846 - my_logger - INFO - epoch 94, valid loss: 0.2104, valid auc: 97.57%
2023-06-07 15:48:14,857 - my_logger - INFO - epoch 95, train loss: 0.0890
2023-06-07 15:48:14,868 - my_logger - INFO - epoch 96, train loss: 0.0868
2023-06-07 15:48:14,874 - my_logger - INFO - evaluating......
2023-06-07 15:48:14,874 - my_logger - INFO - epoch 96, valid loss: 0.2081, valid auc: 97.63%
2023-06-07 15:48:14,886 - my_logger - INFO - epoch 97, train loss: 0.0848
2023-06-07 15:48:14,896 - my_logger - INFO - epoch 98, train loss: 0.0830
2023-06-07 15:48:14,902 - my_logger - INFO - evaluating......
2023-06-07 15:48:14,903 - my_logger - INFO - epoch 98, valid loss: 0.2076, valid auc: 97.70%
2023-06-07 15:48:14,914 - my_logger - INFO - epoch 99, train loss: 0.0811
2023-06-07 15:48:14,924 - my_logger - INFO - epoch 100, train loss: 0.0792
2023-06-07 15:48:14,930 - my_logger - INFO - evaluating......
2023-06-07 15:48:14,931 - my_logger - INFO - epoch 100, valid loss: 0.2053, valid auc: 97.75%
2023-06-07 15:48:14,942 - my_logger - INFO - epoch 101, train loss: 0.0774
2023-06-07 15:48:14,952 - my_logger - INFO - epoch 102, train loss: 0.0757
2023-06-07 15:48:14,958 - my_logger - INFO - evaluating......
2023-06-07 15:48:14,958 - my_logger - INFO - epoch 102, valid loss: 0.2024, valid auc: 97.80%
2023-06-07 15:48:14,970 - my_logger - INFO - epoch 103, train loss: 0.0740
2023-06-07 15:48:14,980 - my_logger - INFO - epoch 104, train loss: 0.0723
2023-06-07 15:48:14,986 - my_logger - INFO - evaluating......
2023-06-07 15:48:14,986 - my_logger - INFO - epoch 104, valid loss: 0.2012, valid auc: 97.85%
2023-06-07 15:48:14,998 - my_logger - INFO - epoch 105, train loss: 0.0707
2023-06-07 15:48:15,008 - my_logger - INFO - epoch 106, train loss: 0.0692
2023-06-07 15:48:15,015 - my_logger - INFO - evaluating......
2023-06-07 15:48:15,015 - my_logger - INFO - epoch 106, valid loss: 0.2008, valid auc: 97.89%
2023-06-07 15:48:15,026 - my_logger - INFO - epoch 107, train loss: 0.0676
2023-06-07 15:48:15,037 - my_logger - INFO - epoch 108, train loss: 0.0661
2023-06-07 15:48:15,043 - my_logger - INFO - evaluating......
2023-06-07 15:48:15,043 - my_logger - INFO - epoch 108, valid loss: 0.1991, valid auc: 97.93%
2023-06-07 15:48:15,054 - my_logger - INFO - epoch 109, train loss: 0.0647
2023-06-07 15:48:15,065 - my_logger - INFO - epoch 110, train loss: 0.0633
2023-06-07 15:48:15,071 - my_logger - INFO - evaluating......
2023-06-07 15:48:15,071 - my_logger - INFO - epoch 110, valid loss: 0.1970, valid auc: 97.97%
2023-06-07 15:48:15,082 - my_logger - INFO - epoch 111, train loss: 0.0619
2023-06-07 15:48:15,093 - my_logger - INFO - epoch 112, train loss: 0.0605
2023-06-07 15:48:15,100 - my_logger - INFO - evaluating......
2023-06-07 15:48:15,100 - my_logger - INFO - epoch 112, valid loss: 0.1962, valid auc: 98.00%
2023-06-07 15:48:15,111 - my_logger - INFO - epoch 113, train loss: 0.0592
2023-06-07 15:48:15,122 - my_logger - INFO - epoch 114, train loss: 0.0579
2023-06-07 15:48:15,128 - my_logger - INFO - evaluating......
2023-06-07 15:48:15,128 - my_logger - INFO - epoch 114, valid loss: 0.1961, valid auc: 98.04%
2023-06-07 15:48:15,140 - my_logger - INFO - epoch 115, train loss: 0.0567
2023-06-07 15:48:15,150 - my_logger - INFO - epoch 116, train loss: 0.0554
2023-06-07 15:48:15,156 - my_logger - INFO - evaluating......
2023-06-07 15:48:15,157 - my_logger - INFO - epoch 116, valid loss: 0.1952, valid auc: 98.06%
2023-06-07 15:48:15,168 - my_logger - INFO - epoch 117, train loss: 0.0542
2023-06-07 15:48:15,178 - my_logger - INFO - epoch 118, train loss: 0.0531
2023-06-07 15:48:15,185 - my_logger - INFO - evaluating......
2023-06-07 15:48:15,185 - my_logger - INFO - epoch 118, valid loss: 0.1941, valid auc: 98.09%
2023-06-07 15:48:15,196 - my_logger - INFO - epoch 119, train loss: 0.0519
2023-06-07 15:48:15,207 - my_logger - INFO - epoch 120, train loss: 0.0508
2023-06-07 15:48:15,213 - my_logger - INFO - evaluating......
2023-06-07 15:48:15,213 - my_logger - INFO - epoch 120, valid loss: 0.1937, valid auc: 98.12%
2023-06-07 15:48:15,224 - my_logger - INFO - epoch 121, train loss: 0.0497
2023-06-07 15:48:15,235 - my_logger - INFO - epoch 122, train loss: 0.0486
2023-06-07 15:48:15,241 - my_logger - INFO - evaluating......
2023-06-07 15:48:15,241 - my_logger - INFO - epoch 122, valid loss: 0.1939, valid auc: 98.13%
2023-06-07 15:48:15,253 - my_logger - INFO - epoch 123, train loss: 0.0476
2023-06-07 15:48:15,264 - my_logger - INFO - epoch 124, train loss: 0.0466
2023-06-07 15:48:15,270 - my_logger - INFO - evaluating......
2023-06-07 15:48:15,270 - my_logger - INFO - epoch 124, valid loss: 0.1938, valid auc: 98.15%
2023-06-07 15:48:15,281 - my_logger - INFO - epoch 125, train loss: 0.0456
2023-06-07 15:48:15,292 - my_logger - INFO - epoch 126, train loss: 0.0446
2023-06-07 15:48:15,298 - my_logger - INFO - evaluating......
2023-06-07 15:48:15,298 - my_logger - INFO - epoch 126, valid loss: 0.1934, valid auc: 98.17%
2023-06-07 15:48:15,310 - my_logger - INFO - epoch 127, train loss: 0.0436
2023-06-07 15:48:15,320 - my_logger - INFO - epoch 128, train loss: 0.0427
2023-06-07 15:48:15,327 - my_logger - INFO - evaluating......
2023-06-07 15:48:15,327 - my_logger - INFO - epoch 128, valid loss: 0.1933, valid auc: 98.18%
2023-06-07 15:48:15,338 - my_logger - INFO - epoch 129, train loss: 0.0418
2023-06-07 15:48:15,348 - my_logger - INFO - epoch 130, train loss: 0.0409
2023-06-07 15:48:15,355 - my_logger - INFO - evaluating......
2023-06-07 15:48:15,355 - my_logger - INFO - epoch 130, valid loss: 0.1936, valid auc: 98.20%
2023-06-07 15:48:15,366 - my_logger - INFO - epoch 131, train loss: 0.0400
2023-06-07 15:48:15,378 - my_logger - INFO - epoch 132, train loss: 0.0392
2023-06-07 15:48:15,384 - my_logger - INFO - evaluating......
2023-06-07 15:48:15,385 - my_logger - INFO - epoch 132, valid loss: 0.1940, valid auc: 98.21%
2023-06-07 15:48:15,396 - my_logger - INFO - epoch 133, train loss: 0.0383
2023-06-07 15:48:15,407 - my_logger - INFO - epoch 134, train loss: 0.0375
2023-06-07 15:48:15,413 - my_logger - INFO - evaluating......
2023-06-07 15:48:15,414 - my_logger - INFO - epoch 134, valid loss: 0.1941, valid auc: 98.22%
2023-06-07 15:48:15,425 - my_logger - INFO - epoch 135, train loss: 0.0367
2023-06-07 15:48:15,436 - my_logger - INFO - epoch 136, train loss: 0.0359
2023-06-07 15:48:15,443 - my_logger - INFO - evaluating......
2023-06-07 15:48:15,443 - my_logger - INFO - epoch 136, valid loss: 0.1941, valid auc: 98.23%
2023-06-07 15:48:15,454 - my_logger - INFO - epoch 137, train loss: 0.0352
2023-06-07 15:48:15,465 - my_logger - INFO - epoch 138, train loss: 0.0344
2023-06-07 15:48:15,472 - my_logger - INFO - evaluating......
2023-06-07 15:48:15,472 - my_logger - INFO - epoch 138, valid loss: 0.1944, valid auc: 98.25%
2023-06-07 15:48:15,483 - my_logger - INFO - epoch 139, train loss: 0.0337
2023-06-07 15:48:15,494 - my_logger - INFO - epoch 140, train loss: 0.0330
2023-06-07 15:48:15,500 - my_logger - INFO - evaluating......
2023-06-07 15:48:15,500 - my_logger - INFO - epoch 140, valid loss: 0.1948, valid auc: 98.26%
2023-06-07 15:48:15,512 - my_logger - INFO - epoch 141, train loss: 0.0323
2023-06-07 15:48:15,522 - my_logger - INFO - epoch 142, train loss: 0.0316
2023-06-07 15:48:15,528 - my_logger - INFO - evaluating......
2023-06-07 15:48:15,529 - my_logger - INFO - epoch 142, valid loss: 0.1951, valid auc: 98.27%
2023-06-07 15:48:15,540 - my_logger - INFO - epoch 143, train loss: 0.0309
2023-06-07 15:48:15,550 - my_logger - INFO - epoch 144, train loss: 0.0303
2023-06-07 15:48:15,557 - my_logger - INFO - evaluating......
2023-06-07 15:48:15,557 - my_logger - INFO - epoch 144, valid loss: 0.1952, valid auc: 98.29%
2023-06-07 15:48:15,568 - my_logger - INFO - epoch 145, train loss: 0.0296
2023-06-07 15:48:15,579 - my_logger - INFO - epoch 146, train loss: 0.0290
2023-06-07 15:48:15,585 - my_logger - INFO - evaluating......
2023-06-07 15:48:15,585 - my_logger - INFO - epoch 146, valid loss: 0.1955, valid auc: 98.30%
2023-06-07 15:48:15,597 - my_logger - INFO - epoch 147, train loss: 0.0284
2023-06-07 15:48:15,608 - my_logger - INFO - epoch 148, train loss: 0.0278
2023-06-07 15:48:15,614 - my_logger - INFO - evaluating......
2023-06-07 15:48:15,614 - my_logger - INFO - epoch 148, valid loss: 0.1959, valid auc: 98.31%
2023-06-07 15:48:15,626 - my_logger - INFO - epoch 149, train loss: 0.0272
2023-06-07 15:48:15,636 - my_logger - INFO - epoch 150, train loss: 0.0267
2023-06-07 15:48:15,643 - my_logger - INFO - evaluating......
2023-06-07 15:48:15,643 - my_logger - INFO - epoch 150, valid loss: 0.1963, valid auc: 98.32%
2023-06-07 15:48:15,654 - my_logger - INFO - epoch 151, train loss: 0.0261
2023-06-07 15:48:15,665 - my_logger - INFO - epoch 152, train loss: 0.0256
2023-06-07 15:48:15,671 - my_logger - INFO - evaluating......
2023-06-07 15:48:15,671 - my_logger - INFO - epoch 152, valid loss: 0.1966, valid auc: 98.32%
2023-06-07 15:48:15,683 - my_logger - INFO - epoch 153, train loss: 0.0251
2023-06-07 15:48:15,694 - my_logger - INFO - epoch 154, train loss: 0.0246
2023-06-07 15:48:15,700 - my_logger - INFO - evaluating......
2023-06-07 15:48:15,700 - my_logger - INFO - epoch 154, valid loss: 0.1971, valid auc: 98.33%
2023-06-07 15:48:15,712 - my_logger - INFO - epoch 155, train loss: 0.0241
2023-06-07 15:48:15,723 - my_logger - INFO - epoch 156, train loss: 0.0236
2023-06-07 15:48:15,729 - my_logger - INFO - evaluating......
2023-06-07 15:48:15,729 - my_logger - INFO - epoch 156, valid loss: 0.1976, valid auc: 98.34%
2023-06-07 15:48:15,741 - my_logger - INFO - epoch 157, train loss: 0.0231
2023-06-07 15:48:15,752 - my_logger - INFO - epoch 158, train loss: 0.0226
2023-06-07 15:48:15,758 - my_logger - INFO - evaluating......
2023-06-07 15:48:15,758 - my_logger - INFO - epoch 158, valid loss: 0.1981, valid auc: 98.35%
2023-06-07 15:48:15,769 - my_logger - INFO - epoch 159, train loss: 0.0222
2023-06-07 15:48:15,780 - my_logger - INFO - epoch 160, train loss: 0.0218
2023-06-07 15:48:15,786 - my_logger - INFO - evaluating......
2023-06-07 15:48:15,786 - my_logger - INFO - epoch 160, valid loss: 0.1986, valid auc: 98.36%
2023-06-07 15:48:15,798 - my_logger - INFO - epoch 161, train loss: 0.0213
2023-06-07 15:48:15,808 - my_logger - INFO - epoch 162, train loss: 0.0209
2023-06-07 15:48:15,815 - my_logger - INFO - evaluating......
2023-06-07 15:48:15,815 - my_logger - INFO - epoch 162, valid loss: 0.1992, valid auc: 98.36%
2023-06-07 15:48:15,826 - my_logger - INFO - epoch 163, train loss: 0.0205
2023-06-07 15:48:15,837 - my_logger - INFO - epoch 164, train loss: 0.0201
2023-06-07 15:48:15,843 - my_logger - INFO - evaluating......
2023-06-07 15:48:15,843 - my_logger - INFO - epoch 164, valid loss: 0.1998, valid auc: 98.37%
2023-06-07 15:48:15,855 - my_logger - INFO - epoch 165, train loss: 0.0197
2023-06-07 15:48:15,865 - my_logger - INFO - epoch 166, train loss: 0.0194
2023-06-07 15:48:15,872 - my_logger - INFO - evaluating......
2023-06-07 15:48:15,872 - my_logger - INFO - epoch 166, valid loss: 0.2005, valid auc: 98.38%
2023-06-07 15:48:15,883 - my_logger - INFO - epoch 167, train loss: 0.0190
2023-06-07 15:48:15,894 - my_logger - INFO - epoch 168, train loss: 0.0186
2023-06-07 15:48:15,900 - my_logger - INFO - evaluating......
2023-06-07 15:48:15,900 - my_logger - INFO - epoch 168, valid loss: 0.2011, valid auc: 98.38%
2023-06-07 15:48:15,912 - my_logger - INFO - epoch 169, train loss: 0.0183
2023-06-07 15:48:15,922 - my_logger - INFO - epoch 170, train loss: 0.0179
2023-06-07 15:48:15,928 - my_logger - INFO - evaluating......
2023-06-07 15:48:15,929 - my_logger - INFO - epoch 170, valid loss: 0.2019, valid auc: 98.39%
2023-06-07 15:48:15,940 - my_logger - INFO - epoch 171, train loss: 0.0176
2023-06-07 15:48:15,950 - my_logger - INFO - epoch 172, train loss: 0.0173
2023-06-07 15:48:15,957 - my_logger - INFO - evaluating......
2023-06-07 15:48:15,957 - my_logger - INFO - epoch 172, valid loss: 0.2026, valid auc: 98.39%
2023-06-07 15:48:15,968 - my_logger - INFO - epoch 173, train loss: 0.0169
2023-06-07 15:48:15,979 - my_logger - INFO - epoch 174, train loss: 0.0166
2023-06-07 15:48:15,985 - my_logger - INFO - evaluating......
2023-06-07 15:48:15,985 - my_logger - INFO - epoch 174, valid loss: 0.2033, valid auc: 98.40%
2023-06-07 15:48:15,997 - my_logger - INFO - epoch 175, train loss: 0.0163
2023-06-07 15:48:16,007 - my_logger - INFO - epoch 176, train loss: 0.0160
2023-06-07 15:48:16,014 - my_logger - INFO - evaluating......
2023-06-07 15:48:16,014 - my_logger - INFO - epoch 176, valid loss: 0.2041, valid auc: 98.40%
2023-06-07 15:48:16,025 - my_logger - INFO - epoch 177, train loss: 0.0157
2023-06-07 15:48:16,036 - my_logger - INFO - epoch 178, train loss: 0.0154
2023-06-07 15:48:16,042 - my_logger - INFO - evaluating......
2023-06-07 15:48:16,042 - my_logger - INFO - epoch 178, valid loss: 0.2049, valid auc: 98.41%
2023-06-07 15:48:16,054 - my_logger - INFO - epoch 179, train loss: 0.0152
2023-06-07 15:48:16,064 - my_logger - INFO - epoch 180, train loss: 0.0149
2023-06-07 15:48:16,070 - my_logger - INFO - evaluating......
2023-06-07 15:48:16,071 - my_logger - INFO - epoch 180, valid loss: 0.2057, valid auc: 98.41%
2023-06-07 15:48:16,082 - my_logger - INFO - epoch 181, train loss: 0.0146
2023-06-07 15:48:16,093 - my_logger - INFO - epoch 182, train loss: 0.0143
2023-06-07 15:48:16,099 - my_logger - INFO - evaluating......
2023-06-07 15:48:16,099 - my_logger - INFO - epoch 182, valid loss: 0.2066, valid auc: 98.41%
2023-06-07 15:48:16,111 - my_logger - INFO - epoch 183, train loss: 0.0141
2023-06-07 15:48:16,122 - my_logger - INFO - epoch 184, train loss: 0.0138
2023-06-07 15:48:16,128 - my_logger - INFO - evaluating......
2023-06-07 15:48:16,128 - my_logger - INFO - epoch 184, valid loss: 0.2074, valid auc: 98.42%
2023-06-07 15:48:16,140 - my_logger - INFO - epoch 185, train loss: 0.0136
2023-06-07 15:48:16,151 - my_logger - INFO - epoch 186, train loss: 0.0133
2023-06-07 15:48:16,157 - my_logger - INFO - evaluating......
2023-06-07 15:48:16,157 - my_logger - INFO - epoch 186, valid loss: 0.2082, valid auc: 98.42%
2023-06-07 15:48:16,169 - my_logger - INFO - epoch 187, train loss: 0.0131
2023-06-07 15:48:16,179 - my_logger - INFO - epoch 188, train loss: 0.0129
2023-06-07 15:48:16,186 - my_logger - INFO - evaluating......
2023-06-07 15:48:16,186 - my_logger - INFO - epoch 188, valid loss: 0.2090, valid auc: 98.43%
2023-06-07 15:48:16,197 - my_logger - INFO - epoch 189, train loss: 0.0127
2023-06-07 15:48:16,208 - my_logger - INFO - epoch 190, train loss: 0.0124
2023-06-07 15:48:16,214 - my_logger - INFO - evaluating......
2023-06-07 15:48:16,214 - my_logger - INFO - epoch 190, valid loss: 0.2098, valid auc: 98.43%
2023-06-07 15:48:16,226 - my_logger - INFO - epoch 191, train loss: 0.0122
2023-06-07 15:48:16,237 - my_logger - INFO - epoch 192, train loss: 0.0120
2023-06-07 15:48:16,243 - my_logger - INFO - evaluating......
2023-06-07 15:48:16,243 - my_logger - INFO - epoch 192, valid loss: 0.2106, valid auc: 98.44%
2023-06-07 15:48:16,255 - my_logger - INFO - epoch 193, train loss: 0.0118
2023-06-07 15:48:16,265 - my_logger - INFO - epoch 194, train loss: 0.0116
2023-06-07 15:48:16,272 - my_logger - INFO - evaluating......
2023-06-07 15:48:16,272 - my_logger - INFO - epoch 194, valid loss: 0.2114, valid auc: 98.44%
2023-06-07 15:48:16,283 - my_logger - INFO - epoch 195, train loss: 0.0114
2023-06-07 15:48:16,294 - my_logger - INFO - epoch 196, train loss: 0.0112
2023-06-07 15:48:16,300 - my_logger - INFO - evaluating......
2023-06-07 15:48:16,301 - my_logger - INFO - epoch 196, valid loss: 0.2123, valid auc: 98.44%
2023-06-07 15:48:16,312 - my_logger - INFO - epoch 197, train loss: 0.0110
2023-06-07 15:48:16,323 - my_logger - INFO - epoch 198, train loss: 0.0108
2023-06-07 15:48:16,329 - my_logger - INFO - evaluating......
2023-06-07 15:48:16,329 - my_logger - INFO - epoch 198, valid loss: 0.2131, valid auc: 98.44%
2023-06-07 15:48:16,340 - my_logger - INFO - epoch 199, train loss: 0.0106
2023-06-07 15:48:16,342 - my_logger - INFO - total train time used: 3.5581s
2023-06-07 15:48:16,342 - my_logger - INFO - testing......
2023-06-07 15:48:16,353 - my_logger - INFO - test auc: 97.93%
