2023-06-21 23:21:40,208 - my_logger - INFO - Number of categories:7
2023-06-21 23:21:40,209 - my_logger - INFO - graph node data: {'feat': tensor([[0., 0., 0.,  ..., 0., 0., 0.],
        [0., 0., 0.,  ..., 0., 0., 0.],
        [0., 0., 0.,  ..., 0., 0., 0.],
        ...,
        [0., 0., 0.,  ..., 0., 0., 0.],
        [0., 0., 0.,  ..., 0., 0., 0.],
        [0., 0., 0.,  ..., 0., 0., 0.]]), 'label': tensor([3, 4, 4,  ..., 3, 3, 3]), 'test_mask': tensor([False, False, False,  ...,  True,  True,  True]), 'val_mask': tensor([False, False, False,  ..., False, False, False]), 'train_mask': tensor([ True,  True,  True,  ..., False, False, False])}
2023-06-21 23:21:40,209 - my_logger - INFO - graph edge data: {}
2023-06-21 23:21:40,541 - my_logger - INFO - training......
2023-06-21 23:21:40,617 - my_logger - INFO - epoch 0, train loss: 1.9455
2023-06-21 23:21:40,679 - my_logger - INFO - evaluating......
2023-06-21 23:21:40,679 - my_logger - INFO - epoch 0, valid loss: 1.9448, valid acc: 15.20%
2023-06-21 23:21:40,689 - my_logger - INFO - epoch 1, train loss: 1.9139
2023-06-21 23:21:40,701 - my_logger - INFO - epoch 2, train loss: 1.8440
2023-06-21 23:21:40,707 - my_logger - INFO - evaluating......
2023-06-21 23:21:40,707 - my_logger - INFO - epoch 2, valid loss: 1.8791, valid acc: 62.40%
2023-06-21 23:21:40,716 - my_logger - INFO - epoch 3, train loss: 1.7080
2023-06-21 23:21:40,727 - my_logger - INFO - epoch 4, train loss: 1.4886
2023-06-21 23:21:40,733 - my_logger - INFO - evaluating......
2023-06-21 23:21:40,733 - my_logger - INFO - epoch 4, valid loss: 1.6257, valid acc: 72.20%
2023-06-21 23:21:40,741 - my_logger - INFO - epoch 5, train loss: 1.1863
2023-06-21 23:21:40,754 - my_logger - INFO - epoch 6, train loss: 0.8372
2023-06-21 23:21:40,761 - my_logger - INFO - evaluating......
2023-06-21 23:21:40,761 - my_logger - INFO - epoch 6, valid loss: 1.1839, valid acc: 72.80%
2023-06-21 23:21:40,771 - my_logger - INFO - epoch 7, train loss: 0.5191
2023-06-21 23:21:40,784 - my_logger - INFO - epoch 8, train loss: 0.3018
2023-06-21 23:21:40,790 - my_logger - INFO - evaluating......
2023-06-21 23:21:40,791 - my_logger - INFO - epoch 8, valid loss: 0.7442, valid acc: 78.00%
2023-06-21 23:21:40,800 - my_logger - INFO - epoch 9, train loss: 0.1851
2023-06-21 23:21:40,815 - my_logger - INFO - epoch 10, train loss: 0.1244
2023-06-21 23:21:40,822 - my_logger - INFO - evaluating......
2023-06-21 23:21:40,822 - my_logger - INFO - epoch 10, valid loss: 0.7200, valid acc: 79.60%
2023-06-21 23:21:40,833 - my_logger - INFO - epoch 11, train loss: 0.1146
2023-06-21 23:21:40,845 - my_logger - INFO - epoch 12, train loss: 0.0569
2023-06-21 23:21:40,853 - my_logger - INFO - evaluating......
2023-06-21 23:21:40,853 - my_logger - INFO - epoch 12, valid loss: 0.9012, valid acc: 78.00%
2023-06-21 23:21:40,860 - my_logger - INFO - epoch 13, train loss: 0.0464
2023-06-21 23:21:40,872 - my_logger - INFO - epoch 14, train loss: 0.0480
2023-06-21 23:21:40,878 - my_logger - INFO - evaluating......
2023-06-21 23:21:40,878 - my_logger - INFO - epoch 14, valid loss: 1.3324, valid acc: 74.60%
2023-06-21 23:21:40,886 - my_logger - INFO - epoch 15, train loss: 0.0443
2023-06-21 23:21:40,898 - my_logger - INFO - epoch 16, train loss: 0.0382
2023-06-21 23:21:40,904 - my_logger - INFO - evaluating......
2023-06-21 23:21:40,904 - my_logger - INFO - epoch 16, valid loss: 1.4899, valid acc: 74.40%
2023-06-21 23:21:40,911 - my_logger - INFO - epoch 17, train loss: 0.0200
2023-06-21 23:21:40,924 - my_logger - INFO - epoch 18, train loss: 0.0100
2023-06-21 23:21:40,930 - my_logger - INFO - evaluating......
2023-06-21 23:21:40,931 - my_logger - INFO - epoch 18, valid loss: 1.6267, valid acc: 75.40%
2023-06-21 23:21:40,937 - my_logger - INFO - epoch 19, train loss: 0.0158
2023-06-21 23:21:40,949 - my_logger - INFO - epoch 20, train loss: 0.0070
2023-06-21 23:21:40,955 - my_logger - INFO - evaluating......
2023-06-21 23:21:40,955 - my_logger - INFO - epoch 20, valid loss: 1.8772, valid acc: 75.40%
2023-06-21 23:21:40,962 - my_logger - INFO - epoch 21, train loss: 0.0055
2023-06-21 23:21:40,974 - my_logger - INFO - epoch 22, train loss: 0.0062
2023-06-21 23:21:40,979 - my_logger - INFO - evaluating......
2023-06-21 23:21:40,980 - my_logger - INFO - epoch 22, valid loss: 1.9911, valid acc: 76.40%
2023-06-21 23:21:40,987 - my_logger - INFO - epoch 23, train loss: 0.0018
2023-06-21 23:21:40,998 - my_logger - INFO - epoch 24, train loss: 0.0011
2023-06-21 23:21:41,004 - my_logger - INFO - evaluating......
2023-06-21 23:21:41,005 - my_logger - INFO - epoch 24, valid loss: 2.2890, valid acc: 74.00%
2023-06-21 23:21:41,011 - my_logger - INFO - epoch 25, train loss: 0.0022
2023-06-21 23:21:41,023 - my_logger - INFO - epoch 26, train loss: 0.0020
2023-06-21 23:21:41,029 - my_logger - INFO - evaluating......
2023-06-21 23:21:41,029 - my_logger - INFO - epoch 26, valid loss: 2.5676, valid acc: 73.80%
2023-06-21 23:21:41,036 - my_logger - INFO - epoch 27, train loss: 0.0007
2023-06-21 23:21:41,048 - my_logger - INFO - epoch 28, train loss: 0.0003
2023-06-21 23:21:41,053 - my_logger - INFO - evaluating......
2023-06-21 23:21:41,054 - my_logger - INFO - epoch 28, valid loss: 2.6073, valid acc: 73.60%
2023-06-21 23:21:41,060 - my_logger - INFO - epoch 29, train loss: 0.0002
2023-06-21 23:21:41,072 - my_logger - INFO - epoch 30, train loss: 0.0003
2023-06-21 23:21:41,078 - my_logger - INFO - evaluating......
2023-06-21 23:21:41,078 - my_logger - INFO - epoch 30, valid loss: 2.6284, valid acc: 73.80%
2023-06-21 23:21:41,085 - my_logger - INFO - epoch 31, train loss: 0.0003
2023-06-21 23:21:41,097 - my_logger - INFO - epoch 32, train loss: 0.0004
2023-06-21 23:21:41,103 - my_logger - INFO - evaluating......
2023-06-21 23:21:41,103 - my_logger - INFO - epoch 32, valid loss: 2.6613, valid acc: 74.60%
2023-06-21 23:21:41,109 - my_logger - INFO - epoch 33, train loss: 0.0004
2023-06-21 23:21:41,121 - my_logger - INFO - epoch 34, train loss: 0.0004
2023-06-21 23:21:41,127 - my_logger - INFO - evaluating......
2023-06-21 23:21:41,127 - my_logger - INFO - epoch 34, valid loss: 2.7092, valid acc: 74.20%
2023-06-21 23:21:41,134 - my_logger - INFO - epoch 35, train loss: 0.0004
2023-06-21 23:21:41,146 - my_logger - INFO - epoch 36, train loss: 0.0004
2023-06-21 23:21:41,151 - my_logger - INFO - evaluating......
2023-06-21 23:21:41,152 - my_logger - INFO - epoch 36, valid loss: 2.7699, valid acc: 74.60%
2023-06-21 23:21:41,158 - my_logger - INFO - epoch 37, train loss: 0.0003
2023-06-21 23:21:41,170 - my_logger - INFO - epoch 38, train loss: 0.0003
2023-06-21 23:21:41,176 - my_logger - INFO - evaluating......
2023-06-21 23:21:41,176 - my_logger - INFO - epoch 38, valid loss: 2.8385, valid acc: 74.40%
2023-06-21 23:21:41,183 - my_logger - INFO - epoch 39, train loss: 0.0002
2023-06-21 23:21:41,195 - my_logger - INFO - epoch 40, train loss: 0.0002
2023-06-21 23:21:41,200 - my_logger - INFO - evaluating......
2023-06-21 23:21:41,200 - my_logger - INFO - epoch 40, valid loss: 2.9093, valid acc: 74.00%
2023-06-21 23:21:41,207 - my_logger - INFO - epoch 41, train loss: 0.0001
2023-06-21 23:21:41,219 - my_logger - INFO - epoch 42, train loss: 0.0001
2023-06-21 23:21:41,225 - my_logger - INFO - evaluating......
2023-06-21 23:21:41,225 - my_logger - INFO - epoch 42, valid loss: 2.9769, valid acc: 73.40%
2023-06-21 23:21:41,232 - my_logger - INFO - epoch 43, train loss: 0.0001
2023-06-21 23:21:41,244 - my_logger - INFO - epoch 44, train loss: 0.0001
2023-06-21 23:21:41,250 - my_logger - INFO - evaluating......
2023-06-21 23:21:41,250 - my_logger - INFO - epoch 44, valid loss: 3.0380, valid acc: 73.80%
2023-06-21 23:21:41,257 - my_logger - INFO - epoch 45, train loss: 0.0001
2023-06-21 23:21:41,269 - my_logger - INFO - epoch 46, train loss: 0.0001
2023-06-21 23:21:41,275 - my_logger - INFO - evaluating......
2023-06-21 23:21:41,275 - my_logger - INFO - epoch 46, valid loss: 3.0911, valid acc: 73.60%
2023-06-21 23:21:41,282 - my_logger - INFO - epoch 47, train loss: 0.0000
2023-06-21 23:21:41,294 - my_logger - INFO - epoch 48, train loss: 0.0000
2023-06-21 23:21:41,300 - my_logger - INFO - evaluating......
2023-06-21 23:21:41,300 - my_logger - INFO - epoch 48, valid loss: 3.1360, valid acc: 73.40%
2023-06-21 23:21:41,307 - my_logger - INFO - epoch 49, train loss: 0.0000
2023-06-21 23:21:41,320 - my_logger - INFO - epoch 50, train loss: 0.0000
2023-06-21 23:21:41,326 - my_logger - INFO - evaluating......
2023-06-21 23:21:41,326 - my_logger - INFO - epoch 50, valid loss: 3.1726, valid acc: 73.20%
2023-06-21 23:21:41,334 - my_logger - INFO - epoch 51, train loss: 0.0000
2023-06-21 23:21:41,345 - my_logger - INFO - epoch 52, train loss: 0.0000
2023-06-21 23:21:41,352 - my_logger - INFO - evaluating......
2023-06-21 23:21:41,352 - my_logger - INFO - epoch 52, valid loss: 3.2018, valid acc: 73.00%
2023-06-21 23:21:41,359 - my_logger - INFO - epoch 53, train loss: 0.0000
2023-06-21 23:21:41,372 - my_logger - INFO - epoch 54, train loss: 0.0000
2023-06-21 23:21:41,378 - my_logger - INFO - evaluating......
2023-06-21 23:21:41,378 - my_logger - INFO - epoch 54, valid loss: 3.2247, valid acc: 73.40%
2023-06-21 23:21:41,385 - my_logger - INFO - epoch 55, train loss: 0.0000
2023-06-21 23:21:41,398 - my_logger - INFO - epoch 56, train loss: 0.0000
2023-06-21 23:21:41,404 - my_logger - INFO - evaluating......
2023-06-21 23:21:41,404 - my_logger - INFO - epoch 56, valid loss: 3.2425, valid acc: 73.40%
2023-06-21 23:21:41,411 - my_logger - INFO - epoch 57, train loss: 0.0000
2023-06-21 23:21:41,423 - my_logger - INFO - epoch 58, train loss: 0.0000
2023-06-21 23:21:41,429 - my_logger - INFO - evaluating......
2023-06-21 23:21:41,429 - my_logger - INFO - epoch 58, valid loss: 3.2562, valid acc: 73.20%
2023-06-21 23:21:41,437 - my_logger - INFO - epoch 59, train loss: 0.0000
2023-06-21 23:21:41,449 - my_logger - INFO - epoch 60, train loss: 0.0000
2023-06-21 23:21:41,455 - my_logger - INFO - evaluating......
2023-06-21 23:21:41,455 - my_logger - INFO - epoch 60, valid loss: 3.2665, valid acc: 73.20%
2023-06-21 23:21:41,462 - my_logger - INFO - epoch 61, train loss: 0.0000
2023-06-21 23:21:41,474 - my_logger - INFO - epoch 62, train loss: 0.0000
2023-06-21 23:21:41,481 - my_logger - INFO - evaluating......
2023-06-21 23:21:41,481 - my_logger - INFO - epoch 62, valid loss: 3.2742, valid acc: 73.20%
2023-06-21 23:21:41,488 - my_logger - INFO - epoch 63, train loss: 0.0000
2023-06-21 23:21:41,500 - my_logger - INFO - epoch 64, train loss: 0.0000
2023-06-21 23:21:41,506 - my_logger - INFO - evaluating......
2023-06-21 23:21:41,506 - my_logger - INFO - epoch 64, valid loss: 3.2798, valid acc: 73.20%
2023-06-21 23:21:41,513 - my_logger - INFO - epoch 65, train loss: 0.0000
2023-06-21 23:21:41,525 - my_logger - INFO - epoch 66, train loss: 0.0000
2023-06-21 23:21:41,531 - my_logger - INFO - evaluating......
2023-06-21 23:21:41,532 - my_logger - INFO - epoch 66, valid loss: 3.2837, valid acc: 73.20%
2023-06-21 23:21:41,538 - my_logger - INFO - epoch 67, train loss: 0.0000
2023-06-21 23:21:41,551 - my_logger - INFO - epoch 68, train loss: 0.0000
2023-06-21 23:21:41,557 - my_logger - INFO - evaluating......
2023-06-21 23:21:41,557 - my_logger - INFO - epoch 68, valid loss: 3.2864, valid acc: 73.20%
2023-06-21 23:21:41,564 - my_logger - INFO - epoch 69, train loss: 0.0000
2023-06-21 23:21:41,576 - my_logger - INFO - epoch 70, train loss: 0.0000
2023-06-21 23:21:41,582 - my_logger - INFO - evaluating......
2023-06-21 23:21:41,583 - my_logger - INFO - epoch 70, valid loss: 3.2881, valid acc: 73.20%
2023-06-21 23:21:41,589 - my_logger - INFO - epoch 71, train loss: 0.0000
2023-06-21 23:21:41,601 - my_logger - INFO - epoch 72, train loss: 0.0000
2023-06-21 23:21:41,607 - my_logger - INFO - evaluating......
2023-06-21 23:21:41,608 - my_logger - INFO - epoch 72, valid loss: 3.2891, valid acc: 73.20%
2023-06-21 23:21:41,615 - my_logger - INFO - epoch 73, train loss: 0.0000
2023-06-21 23:21:41,626 - my_logger - INFO - epoch 74, train loss: 0.0000
2023-06-21 23:21:41,632 - my_logger - INFO - evaluating......
2023-06-21 23:21:41,633 - my_logger - INFO - epoch 74, valid loss: 3.2896, valid acc: 73.20%
2023-06-21 23:21:41,639 - my_logger - INFO - epoch 75, train loss: 0.0000
2023-06-21 23:21:41,652 - my_logger - INFO - epoch 76, train loss: 0.0000
2023-06-21 23:21:41,658 - my_logger - INFO - evaluating......
2023-06-21 23:21:41,658 - my_logger - INFO - epoch 76, valid loss: 3.2896, valid acc: 73.20%
2023-06-21 23:21:41,665 - my_logger - INFO - epoch 77, train loss: 0.0000
2023-06-21 23:21:41,677 - my_logger - INFO - epoch 78, train loss: 0.0000
2023-06-21 23:21:41,684 - my_logger - INFO - evaluating......
2023-06-21 23:21:41,684 - my_logger - INFO - epoch 78, valid loss: 3.2894, valid acc: 73.20%
2023-06-21 23:21:41,691 - my_logger - INFO - epoch 79, train loss: 0.0000
2023-06-21 23:21:41,703 - my_logger - INFO - epoch 80, train loss: 0.0000
2023-06-21 23:21:41,708 - my_logger - INFO - evaluating......
2023-06-21 23:21:41,709 - my_logger - INFO - epoch 80, valid loss: 3.2890, valid acc: 73.20%
2023-06-21 23:21:41,716 - my_logger - INFO - epoch 81, train loss: 0.0000
2023-06-21 23:21:41,728 - my_logger - INFO - epoch 82, train loss: 0.0000
2023-06-21 23:21:41,734 - my_logger - INFO - evaluating......
2023-06-21 23:21:41,734 - my_logger - INFO - epoch 82, valid loss: 3.2886, valid acc: 73.40%
2023-06-21 23:21:41,741 - my_logger - INFO - epoch 83, train loss: 0.0000
2023-06-21 23:21:41,754 - my_logger - INFO - epoch 84, train loss: 0.0000
2023-06-21 23:21:41,760 - my_logger - INFO - evaluating......
2023-06-21 23:21:41,761 - my_logger - INFO - epoch 84, valid loss: 3.2880, valid acc: 73.40%
2023-06-21 23:21:41,768 - my_logger - INFO - epoch 85, train loss: 0.0000
2023-06-21 23:21:41,781 - my_logger - INFO - epoch 86, train loss: 0.0000
2023-06-21 23:21:41,787 - my_logger - INFO - evaluating......
2023-06-21 23:21:41,787 - my_logger - INFO - epoch 86, valid loss: 3.2874, valid acc: 73.40%
2023-06-21 23:21:41,794 - my_logger - INFO - epoch 87, train loss: 0.0000
2023-06-21 23:21:41,806 - my_logger - INFO - epoch 88, train loss: 0.0000
2023-06-21 23:21:41,812 - my_logger - INFO - evaluating......
2023-06-21 23:21:41,812 - my_logger - INFO - epoch 88, valid loss: 3.2869, valid acc: 73.40%
2023-06-21 23:21:41,820 - my_logger - INFO - epoch 89, train loss: 0.0000
2023-06-21 23:21:41,832 - my_logger - INFO - epoch 90, train loss: 0.0000
2023-06-21 23:21:41,838 - my_logger - INFO - evaluating......
2023-06-21 23:21:41,838 - my_logger - INFO - epoch 90, valid loss: 3.2864, valid acc: 73.40%
2023-06-21 23:21:41,845 - my_logger - INFO - epoch 91, train loss: 0.0000
2023-06-21 23:21:41,858 - my_logger - INFO - epoch 92, train loss: 0.0000
2023-06-21 23:21:41,865 - my_logger - INFO - evaluating......
2023-06-21 23:21:41,865 - my_logger - INFO - epoch 92, valid loss: 3.2859, valid acc: 73.40%
2023-06-21 23:21:41,873 - my_logger - INFO - epoch 93, train loss: 0.0000
2023-06-21 23:21:41,886 - my_logger - INFO - epoch 94, train loss: 0.0000
2023-06-21 23:21:41,892 - my_logger - INFO - evaluating......
2023-06-21 23:21:41,893 - my_logger - INFO - epoch 94, valid loss: 3.2855, valid acc: 73.20%
2023-06-21 23:21:41,901 - my_logger - INFO - epoch 95, train loss: 0.0000
2023-06-21 23:21:41,913 - my_logger - INFO - epoch 96, train loss: 0.0000
2023-06-21 23:21:41,919 - my_logger - INFO - evaluating......
2023-06-21 23:21:41,920 - my_logger - INFO - epoch 96, valid loss: 3.2852, valid acc: 73.20%
2023-06-21 23:21:41,926 - my_logger - INFO - epoch 97, train loss: 0.0000
2023-06-21 23:21:41,939 - my_logger - INFO - epoch 98, train loss: 0.0000
2023-06-21 23:21:41,944 - my_logger - INFO - evaluating......
2023-06-21 23:21:41,945 - my_logger - INFO - epoch 98, valid loss: 3.2849, valid acc: 73.20%
2023-06-21 23:21:41,952 - my_logger - INFO - epoch 99, train loss: 0.0000
2023-06-21 23:21:41,957 - my_logger - INFO - total train time used: 1.4164s
2023-06-21 23:21:41,957 - my_logger - INFO - testing......
2023-06-21 23:21:41,967 - my_logger - INFO - test acc: 74.30%
