2023-06-21 23:21:47,700 - my_logger - INFO - Number of categories:7
2023-06-21 23:21:47,701 - my_logger - INFO - graph node data: {'feat': tensor([[0., 0., 0.,  ..., 0., 0., 0.],
        [0., 0., 0.,  ..., 0., 0., 0.],
        [0., 0., 0.,  ..., 0., 0., 0.],
        ...,
        [0., 0., 0.,  ..., 0., 0., 0.],
        [0., 0., 0.,  ..., 0., 0., 0.],
        [0., 0., 0.,  ..., 0., 0., 0.]]), 'label': tensor([3, 4, 4,  ..., 3, 3, 3]), 'test_mask': tensor([False, False, False,  ...,  True,  True,  True]), 'val_mask': tensor([False, False, False,  ..., False, False, False]), 'train_mask': tensor([ True,  True,  True,  ..., False, False, False])}
2023-06-21 23:21:47,701 - my_logger - INFO - graph edge data: {}
2023-06-21 23:21:48,025 - my_logger - INFO - training......
2023-06-21 23:21:48,101 - my_logger - INFO - epoch 0, train loss: 1.9463
2023-06-21 23:21:48,162 - my_logger - INFO - evaluating......
2023-06-21 23:21:48,163 - my_logger - INFO - epoch 0, valid loss: 1.9448, valid acc: 14.00%
2023-06-21 23:21:48,174 - my_logger - INFO - epoch 1, train loss: 1.9004
2023-06-21 23:21:48,187 - my_logger - INFO - epoch 2, train loss: 1.7480
2023-06-21 23:21:48,194 - my_logger - INFO - evaluating......
2023-06-21 23:21:48,195 - my_logger - INFO - epoch 2, valid loss: 1.8161, valid acc: 62.00%
2023-06-21 23:21:48,206 - my_logger - INFO - epoch 3, train loss: 1.4175
2023-06-21 23:21:48,219 - my_logger - INFO - epoch 4, train loss: 0.9123
2023-06-21 23:21:48,225 - my_logger - INFO - evaluating......
2023-06-21 23:21:48,226 - my_logger - INFO - epoch 4, valid loss: 1.2096, valid acc: 73.40%
2023-06-21 23:21:48,237 - my_logger - INFO - epoch 5, train loss: 0.4352
2023-06-21 23:21:48,250 - my_logger - INFO - epoch 6, train loss: 0.2140
2023-06-21 23:21:48,257 - my_logger - INFO - evaluating......
2023-06-21 23:21:48,257 - my_logger - INFO - epoch 6, valid loss: 0.6734, valid acc: 79.20%
2023-06-21 23:21:48,268 - my_logger - INFO - epoch 7, train loss: 0.2451
2023-06-21 23:21:48,281 - my_logger - INFO - epoch 8, train loss: 0.2018
2023-06-21 23:21:48,288 - my_logger - INFO - evaluating......
2023-06-21 23:21:48,288 - my_logger - INFO - epoch 8, valid loss: 1.1560, valid acc: 74.60%
2023-06-21 23:21:48,296 - my_logger - INFO - epoch 9, train loss: 0.1191
2023-06-21 23:21:48,310 - my_logger - INFO - epoch 10, train loss: 0.1425
2023-06-21 23:21:48,318 - my_logger - INFO - evaluating......
2023-06-21 23:21:48,318 - my_logger - INFO - epoch 10, valid loss: 1.1429, valid acc: 76.60%
2023-06-21 23:21:48,325 - my_logger - INFO - epoch 11, train loss: 0.1075
2023-06-21 23:21:48,338 - my_logger - INFO - epoch 12, train loss: 0.0157
2023-06-21 23:21:48,345 - my_logger - INFO - evaluating......
2023-06-21 23:21:48,345 - my_logger - INFO - epoch 12, valid loss: 1.1167, valid acc: 79.00%
2023-06-21 23:21:48,352 - my_logger - INFO - epoch 13, train loss: 0.0379
2023-06-21 23:21:48,365 - my_logger - INFO - epoch 14, train loss: 0.0589
2023-06-21 23:21:48,371 - my_logger - INFO - evaluating......
2023-06-21 23:21:48,372 - my_logger - INFO - epoch 14, valid loss: 1.5063, valid acc: 77.80%
2023-06-21 23:21:48,379 - my_logger - INFO - epoch 15, train loss: 0.0430
2023-06-21 23:21:48,392 - my_logger - INFO - epoch 16, train loss: 0.0110
2023-06-21 23:21:48,399 - my_logger - INFO - evaluating......
2023-06-21 23:21:48,399 - my_logger - INFO - epoch 16, valid loss: 1.6049, valid acc: 79.60%
2023-06-21 23:21:48,409 - my_logger - INFO - epoch 17, train loss: 0.0083
2023-06-21 23:21:48,423 - my_logger - INFO - epoch 18, train loss: 0.0089
2023-06-21 23:21:48,430 - my_logger - INFO - evaluating......
2023-06-21 23:21:48,431 - my_logger - INFO - epoch 18, valid loss: 1.7677, valid acc: 77.80%
2023-06-21 23:21:48,438 - my_logger - INFO - epoch 19, train loss: 0.0114
2023-06-21 23:21:48,451 - my_logger - INFO - epoch 20, train loss: 0.0057
2023-06-21 23:21:48,458 - my_logger - INFO - evaluating......
2023-06-21 23:21:48,458 - my_logger - INFO - epoch 20, valid loss: 1.9204, valid acc: 76.40%
2023-06-21 23:21:48,465 - my_logger - INFO - epoch 21, train loss: 0.0027
2023-06-21 23:21:48,478 - my_logger - INFO - epoch 22, train loss: 0.0031
2023-06-21 23:21:48,484 - my_logger - INFO - evaluating......
2023-06-21 23:21:48,484 - my_logger - INFO - epoch 22, valid loss: 2.0278, valid acc: 76.40%
2023-06-21 23:21:48,491 - my_logger - INFO - epoch 23, train loss: 0.0046
2023-06-21 23:21:48,504 - my_logger - INFO - epoch 24, train loss: 0.0048
2023-06-21 23:21:48,510 - my_logger - INFO - evaluating......
2023-06-21 23:21:48,511 - my_logger - INFO - epoch 24, valid loss: 2.1815, valid acc: 75.80%
2023-06-21 23:21:48,518 - my_logger - INFO - epoch 25, train loss: 0.0033
2023-06-21 23:21:48,531 - my_logger - INFO - epoch 26, train loss: 0.0021
2023-06-21 23:21:48,538 - my_logger - INFO - evaluating......
2023-06-21 23:21:48,538 - my_logger - INFO - epoch 26, valid loss: 2.3164, valid acc: 74.60%
2023-06-21 23:21:48,544 - my_logger - INFO - epoch 27, train loss: 0.0014
2023-06-21 23:21:48,557 - my_logger - INFO - epoch 28, train loss: 0.0011
2023-06-21 23:21:48,563 - my_logger - INFO - evaluating......
2023-06-21 23:21:48,563 - my_logger - INFO - epoch 28, valid loss: 2.4490, valid acc: 75.00%
2023-06-21 23:21:48,570 - my_logger - INFO - epoch 29, train loss: 0.0009
2023-06-21 23:21:48,582 - my_logger - INFO - epoch 30, train loss: 0.0008
2023-06-21 23:21:48,589 - my_logger - INFO - evaluating......
2023-06-21 23:21:48,589 - my_logger - INFO - epoch 30, valid loss: 2.5703, valid acc: 73.40%
2023-06-21 23:21:48,596 - my_logger - INFO - epoch 31, train loss: 0.0008
2023-06-21 23:21:48,608 - my_logger - INFO - epoch 32, train loss: 0.0007
2023-06-21 23:21:48,615 - my_logger - INFO - evaluating......
2023-06-21 23:21:48,615 - my_logger - INFO - epoch 32, valid loss: 2.6595, valid acc: 73.40%
2023-06-21 23:21:48,622 - my_logger - INFO - epoch 33, train loss: 0.0006
2023-06-21 23:21:48,634 - my_logger - INFO - epoch 34, train loss: 0.0005
2023-06-21 23:21:48,641 - my_logger - INFO - evaluating......
2023-06-21 23:21:48,641 - my_logger - INFO - epoch 34, valid loss: 2.7052, valid acc: 74.20%
2023-06-21 23:21:48,648 - my_logger - INFO - epoch 35, train loss: 0.0003
2023-06-21 23:21:48,661 - my_logger - INFO - epoch 36, train loss: 0.0002
2023-06-21 23:21:48,668 - my_logger - INFO - evaluating......
2023-06-21 23:21:48,668 - my_logger - INFO - epoch 36, valid loss: 2.7205, valid acc: 74.80%
2023-06-21 23:21:48,675 - my_logger - INFO - epoch 37, train loss: 0.0002
2023-06-21 23:21:48,688 - my_logger - INFO - epoch 38, train loss: 0.0002
2023-06-21 23:21:48,694 - my_logger - INFO - evaluating......
2023-06-21 23:21:48,694 - my_logger - INFO - epoch 38, valid loss: 2.7242, valid acc: 75.60%
2023-06-21 23:21:48,702 - my_logger - INFO - epoch 39, train loss: 0.0002
2023-06-21 23:21:48,714 - my_logger - INFO - epoch 40, train loss: 0.0001
2023-06-21 23:21:48,720 - my_logger - INFO - evaluating......
2023-06-21 23:21:48,721 - my_logger - INFO - epoch 40, valid loss: 2.7264, valid acc: 75.60%
2023-06-21 23:21:48,729 - my_logger - INFO - epoch 41, train loss: 0.0001
2023-06-21 23:21:48,742 - my_logger - INFO - epoch 42, train loss: 0.0001
2023-06-21 23:21:48,750 - my_logger - INFO - evaluating......
2023-06-21 23:21:48,750 - my_logger - INFO - epoch 42, valid loss: 2.7264, valid acc: 75.80%
2023-06-21 23:21:48,758 - my_logger - INFO - epoch 43, train loss: 0.0001
2023-06-21 23:21:48,771 - my_logger - INFO - epoch 44, train loss: 0.0001
2023-06-21 23:21:48,778 - my_logger - INFO - evaluating......
2023-06-21 23:21:48,778 - my_logger - INFO - epoch 44, valid loss: 2.7280, valid acc: 75.60%
2023-06-21 23:21:48,785 - my_logger - INFO - epoch 45, train loss: 0.0001
2023-06-21 23:21:48,798 - my_logger - INFO - epoch 46, train loss: 0.0001
2023-06-21 23:21:48,805 - my_logger - INFO - evaluating......
2023-06-21 23:21:48,806 - my_logger - INFO - epoch 46, valid loss: 2.7334, valid acc: 75.60%
2023-06-21 23:21:48,813 - my_logger - INFO - epoch 47, train loss: 0.0001
2023-06-21 23:21:48,826 - my_logger - INFO - epoch 48, train loss: 0.0001
2023-06-21 23:21:48,833 - my_logger - INFO - evaluating......
2023-06-21 23:21:48,834 - my_logger - INFO - epoch 48, valid loss: 2.7427, valid acc: 75.60%
2023-06-21 23:21:48,840 - my_logger - INFO - epoch 49, train loss: 0.0001
2023-06-21 23:21:48,853 - my_logger - INFO - epoch 50, train loss: 0.0001
2023-06-21 23:21:48,860 - my_logger - INFO - evaluating......
2023-06-21 23:21:48,860 - my_logger - INFO - epoch 50, valid loss: 2.7558, valid acc: 75.20%
2023-06-21 23:21:48,867 - my_logger - INFO - epoch 51, train loss: 0.0001
2023-06-21 23:21:48,881 - my_logger - INFO - epoch 52, train loss: 0.0001
2023-06-21 23:21:48,888 - my_logger - INFO - evaluating......
2023-06-21 23:21:48,888 - my_logger - INFO - epoch 52, valid loss: 2.7709, valid acc: 75.20%
2023-06-21 23:21:48,895 - my_logger - INFO - epoch 53, train loss: 0.0001
2023-06-21 23:21:48,908 - my_logger - INFO - epoch 54, train loss: 0.0000
2023-06-21 23:21:48,915 - my_logger - INFO - evaluating......
2023-06-21 23:21:48,916 - my_logger - INFO - epoch 54, valid loss: 2.7867, valid acc: 75.40%
2023-06-21 23:21:48,923 - my_logger - INFO - epoch 55, train loss: 0.0000
2023-06-21 23:21:48,935 - my_logger - INFO - epoch 56, train loss: 0.0000
2023-06-21 23:21:48,942 - my_logger - INFO - evaluating......
2023-06-21 23:21:48,942 - my_logger - INFO - epoch 56, valid loss: 2.8026, valid acc: 75.20%
2023-06-21 23:21:48,949 - my_logger - INFO - epoch 57, train loss: 0.0000
2023-06-21 23:21:48,962 - my_logger - INFO - epoch 58, train loss: 0.0000
2023-06-21 23:21:48,969 - my_logger - INFO - evaluating......
2023-06-21 23:21:48,969 - my_logger - INFO - epoch 58, valid loss: 2.8180, valid acc: 75.20%
2023-06-21 23:21:48,976 - my_logger - INFO - epoch 59, train loss: 0.0000
2023-06-21 23:21:48,989 - my_logger - INFO - epoch 60, train loss: 0.0000
2023-06-21 23:21:48,995 - my_logger - INFO - evaluating......
2023-06-21 23:21:48,996 - my_logger - INFO - epoch 60, valid loss: 2.8322, valid acc: 75.00%
2023-06-21 23:21:49,003 - my_logger - INFO - epoch 61, train loss: 0.0000
2023-06-21 23:21:49,016 - my_logger - INFO - epoch 62, train loss: 0.0000
2023-06-21 23:21:49,023 - my_logger - INFO - evaluating......
2023-06-21 23:21:49,023 - my_logger - INFO - epoch 62, valid loss: 2.8451, valid acc: 74.80%
2023-06-21 23:21:49,030 - my_logger - INFO - epoch 63, train loss: 0.0000
2023-06-21 23:21:49,043 - my_logger - INFO - epoch 64, train loss: 0.0000
2023-06-21 23:21:49,050 - my_logger - INFO - evaluating......
2023-06-21 23:21:49,050 - my_logger - INFO - epoch 64, valid loss: 2.8565, valid acc: 75.00%
2023-06-21 23:21:49,057 - my_logger - INFO - epoch 65, train loss: 0.0000
2023-06-21 23:21:49,070 - my_logger - INFO - epoch 66, train loss: 0.0000
2023-06-21 23:21:49,077 - my_logger - INFO - evaluating......
2023-06-21 23:21:49,077 - my_logger - INFO - epoch 66, valid loss: 2.8664, valid acc: 74.60%
2023-06-21 23:21:49,085 - my_logger - INFO - epoch 67, train loss: 0.0000
2023-06-21 23:21:49,097 - my_logger - INFO - epoch 68, train loss: 0.0000
2023-06-21 23:21:49,104 - my_logger - INFO - evaluating......
2023-06-21 23:21:49,104 - my_logger - INFO - epoch 68, valid loss: 2.8748, valid acc: 74.60%
2023-06-21 23:21:49,111 - my_logger - INFO - epoch 69, train loss: 0.0000
2023-06-21 23:21:49,124 - my_logger - INFO - epoch 70, train loss: 0.0000
2023-06-21 23:21:49,132 - my_logger - INFO - evaluating......
2023-06-21 23:21:49,132 - my_logger - INFO - epoch 70, valid loss: 2.8819, valid acc: 74.60%
2023-06-21 23:21:49,139 - my_logger - INFO - epoch 71, train loss: 0.0000
2023-06-21 23:21:49,151 - my_logger - INFO - epoch 72, train loss: 0.0000
2023-06-21 23:21:49,158 - my_logger - INFO - evaluating......
2023-06-21 23:21:49,159 - my_logger - INFO - epoch 72, valid loss: 2.8879, valid acc: 74.60%
2023-06-21 23:21:49,166 - my_logger - INFO - epoch 73, train loss: 0.0000
2023-06-21 23:21:49,179 - my_logger - INFO - epoch 74, train loss: 0.0000
2023-06-21 23:21:49,186 - my_logger - INFO - evaluating......
2023-06-21 23:21:49,186 - my_logger - INFO - epoch 74, valid loss: 2.8931, valid acc: 74.60%
2023-06-21 23:21:49,193 - my_logger - INFO - epoch 75, train loss: 0.0000
2023-06-21 23:21:49,206 - my_logger - INFO - epoch 76, train loss: 0.0000
2023-06-21 23:21:49,213 - my_logger - INFO - evaluating......
2023-06-21 23:21:49,213 - my_logger - INFO - epoch 76, valid loss: 2.8976, valid acc: 74.80%
2023-06-21 23:21:49,220 - my_logger - INFO - epoch 77, train loss: 0.0000
2023-06-21 23:21:49,233 - my_logger - INFO - epoch 78, train loss: 0.0000
2023-06-21 23:21:49,241 - my_logger - INFO - evaluating......
2023-06-21 23:21:49,241 - my_logger - INFO - epoch 78, valid loss: 2.9016, valid acc: 75.00%
2023-06-21 23:21:49,250 - my_logger - INFO - epoch 79, train loss: 0.0000
2023-06-21 23:21:49,263 - my_logger - INFO - epoch 80, train loss: 0.0000
2023-06-21 23:21:49,270 - my_logger - INFO - evaluating......
2023-06-21 23:21:49,271 - my_logger - INFO - epoch 80, valid loss: 2.9053, valid acc: 74.80%
2023-06-21 23:21:49,278 - my_logger - INFO - epoch 81, train loss: 0.0000
2023-06-21 23:21:49,291 - my_logger - INFO - epoch 82, train loss: 0.0000
2023-06-21 23:21:49,299 - my_logger - INFO - evaluating......
2023-06-21 23:21:49,299 - my_logger - INFO - epoch 82, valid loss: 2.9087, valid acc: 74.60%
2023-06-21 23:21:49,306 - my_logger - INFO - epoch 83, train loss: 0.0000
2023-06-21 23:21:49,319 - my_logger - INFO - epoch 84, train loss: 0.0000
2023-06-21 23:21:49,325 - my_logger - INFO - evaluating......
2023-06-21 23:21:49,326 - my_logger - INFO - epoch 84, valid loss: 2.9118, valid acc: 74.60%
2023-06-21 23:21:49,333 - my_logger - INFO - epoch 85, train loss: 0.0000
2023-06-21 23:21:49,345 - my_logger - INFO - epoch 86, train loss: 0.0000
2023-06-21 23:21:49,352 - my_logger - INFO - evaluating......
2023-06-21 23:21:49,353 - my_logger - INFO - epoch 86, valid loss: 2.9147, valid acc: 74.60%
2023-06-21 23:21:49,359 - my_logger - INFO - epoch 87, train loss: 0.0000
2023-06-21 23:21:49,372 - my_logger - INFO - epoch 88, train loss: 0.0000
2023-06-21 23:21:49,379 - my_logger - INFO - evaluating......
2023-06-21 23:21:49,379 - my_logger - INFO - epoch 88, valid loss: 2.9174, valid acc: 74.60%
2023-06-21 23:21:49,387 - my_logger - INFO - epoch 89, train loss: 0.0000
2023-06-21 23:21:49,400 - my_logger - INFO - epoch 90, train loss: 0.0000
2023-06-21 23:21:49,407 - my_logger - INFO - evaluating......
2023-06-21 23:21:49,407 - my_logger - INFO - epoch 90, valid loss: 2.9200, valid acc: 74.60%
2023-06-21 23:21:49,415 - my_logger - INFO - epoch 91, train loss: 0.0000
2023-06-21 23:21:49,427 - my_logger - INFO - epoch 92, train loss: 0.0000
2023-06-21 23:21:49,435 - my_logger - INFO - evaluating......
2023-06-21 23:21:49,435 - my_logger - INFO - epoch 92, valid loss: 2.9224, valid acc: 74.40%
2023-06-21 23:21:49,442 - my_logger - INFO - epoch 93, train loss: 0.0000
2023-06-21 23:21:49,454 - my_logger - INFO - epoch 94, train loss: 0.0000
2023-06-21 23:21:49,461 - my_logger - INFO - evaluating......
2023-06-21 23:21:49,461 - my_logger - INFO - epoch 94, valid loss: 2.9247, valid acc: 74.40%
2023-06-21 23:21:49,469 - my_logger - INFO - epoch 95, train loss: 0.0000
2023-06-21 23:21:49,481 - my_logger - INFO - epoch 96, train loss: 0.0000
2023-06-21 23:21:49,488 - my_logger - INFO - evaluating......
2023-06-21 23:21:49,488 - my_logger - INFO - epoch 96, valid loss: 2.9268, valid acc: 74.40%
2023-06-21 23:21:49,495 - my_logger - INFO - epoch 97, train loss: 0.0000
2023-06-21 23:21:49,508 - my_logger - INFO - epoch 98, train loss: 0.0000
2023-06-21 23:21:49,515 - my_logger - INFO - evaluating......
2023-06-21 23:21:49,515 - my_logger - INFO - epoch 98, valid loss: 2.9288, valid acc: 74.40%
2023-06-21 23:21:49,522 - my_logger - INFO - epoch 99, train loss: 0.0000
2023-06-21 23:21:49,528 - my_logger - INFO - total train time used: 1.5031s
2023-06-21 23:21:49,528 - my_logger - INFO - testing......
2023-06-21 23:21:49,538 - my_logger - INFO - test acc: 77.00%
