2023-06-22 15:25:50,738 - my_logger - INFO - training......
2023-06-22 15:25:51,491 - my_logger - INFO - epoch 0, train loss: 0.6938
2023-06-22 15:25:51,502 - my_logger - INFO - evaluating......
2023-06-22 15:25:51,502 - my_logger - INFO - epoch 0, valid loss: 0.6936, valid auc: 44.89%
2023-06-22 15:25:51,514 - my_logger - INFO - epoch 1, train loss: 0.6936
2023-06-22 15:25:51,526 - my_logger - INFO - epoch 2, train loss: 0.6931
2023-06-22 15:25:51,533 - my_logger - INFO - evaluating......
2023-06-22 15:25:51,533 - my_logger - INFO - epoch 2, valid loss: 0.6931, valid auc: 53.42%
2023-06-22 15:25:51,545 - my_logger - INFO - epoch 3, train loss: 0.6947
2023-06-22 15:25:51,557 - my_logger - INFO - epoch 4, train loss: 0.6938
2023-06-22 15:25:51,564 - my_logger - INFO - evaluating......
2023-06-22 15:25:51,564 - my_logger - INFO - epoch 4, valid loss: 0.6937, valid auc: 53.48%
2023-06-22 15:25:51,576 - my_logger - INFO - epoch 5, train loss: 0.6936
2023-06-22 15:25:51,589 - my_logger - INFO - epoch 6, train loss: 0.6933
2023-06-22 15:25:51,597 - my_logger - INFO - evaluating......
2023-06-22 15:25:51,597 - my_logger - INFO - epoch 6, valid loss: 0.6935, valid auc: 51.74%
2023-06-22 15:25:51,605 - my_logger - INFO - epoch 7, train loss: 0.6931
2023-06-22 15:25:51,617 - my_logger - INFO - epoch 8, train loss: 0.6938
2023-06-22 15:25:51,625 - my_logger - INFO - evaluating......
2023-06-22 15:25:51,625 - my_logger - INFO - epoch 8, valid loss: 0.6933, valid auc: 54.66%
2023-06-22 15:25:51,636 - my_logger - INFO - epoch 9, train loss: 0.6936
2023-06-22 15:25:51,649 - my_logger - INFO - epoch 10, train loss: 0.6922
2023-06-22 15:25:51,656 - my_logger - INFO - evaluating......
2023-06-22 15:25:51,657 - my_logger - INFO - epoch 10, valid loss: 0.6928, valid auc: 58.40%
2023-06-22 15:25:51,668 - my_logger - INFO - epoch 11, train loss: 0.6921
2023-06-22 15:25:51,681 - my_logger - INFO - epoch 12, train loss: 0.6910
2023-06-22 15:25:51,688 - my_logger - INFO - evaluating......
2023-06-22 15:25:51,688 - my_logger - INFO - epoch 12, valid loss: 0.6920, valid auc: 60.70%
2023-06-22 15:25:51,700 - my_logger - INFO - epoch 13, train loss: 0.6890
2023-06-22 15:25:51,712 - my_logger - INFO - epoch 14, train loss: 0.6829
2023-06-22 15:25:51,720 - my_logger - INFO - evaluating......
2023-06-22 15:25:51,720 - my_logger - INFO - epoch 14, valid loss: 0.6878, valid auc: 61.82%
2023-06-22 15:25:51,732 - my_logger - INFO - epoch 15, train loss: 0.6711
2023-06-22 15:25:51,744 - my_logger - INFO - epoch 16, train loss: 0.7838
2023-06-22 15:25:51,752 - my_logger - INFO - evaluating......
2023-06-22 15:25:51,752 - my_logger - INFO - epoch 16, valid loss: 0.7901, valid auc: 61.99%
2023-06-22 15:25:51,763 - my_logger - INFO - epoch 17, train loss: 0.9052
2023-06-22 15:25:51,776 - my_logger - INFO - epoch 18, train loss: 0.7296
2023-06-22 15:25:51,784 - my_logger - INFO - evaluating......
2023-06-22 15:25:51,784 - my_logger - INFO - epoch 18, valid loss: 0.7345, valid auc: 62.21%
2023-06-22 15:25:51,796 - my_logger - INFO - epoch 19, train loss: 0.6842
2023-06-22 15:25:51,809 - my_logger - INFO - epoch 20, train loss: 0.6840
2023-06-22 15:25:51,817 - my_logger - INFO - evaluating......
2023-06-22 15:25:51,817 - my_logger - INFO - epoch 20, valid loss: 0.6869, valid auc: 63.47%
2023-06-22 15:25:51,829 - my_logger - INFO - epoch 21, train loss: 0.6875
2023-06-22 15:25:51,841 - my_logger - INFO - epoch 22, train loss: 0.6897
2023-06-22 15:25:51,848 - my_logger - INFO - evaluating......
2023-06-22 15:25:51,849 - my_logger - INFO - epoch 22, valid loss: 0.6904, valid auc: 66.06%
2023-06-22 15:25:51,860 - my_logger - INFO - epoch 23, train loss: 0.6908
2023-06-22 15:25:51,873 - my_logger - INFO - epoch 24, train loss: 0.6914
2023-06-22 15:25:51,880 - my_logger - INFO - evaluating......
2023-06-22 15:25:51,880 - my_logger - INFO - epoch 24, valid loss: 0.6915, valid auc: 68.60%
2023-06-22 15:25:51,891 - my_logger - INFO - epoch 25, train loss: 0.6917
2023-06-22 15:25:51,903 - my_logger - INFO - epoch 26, train loss: 0.6917
2023-06-22 15:25:51,911 - my_logger - INFO - evaluating......
2023-06-22 15:25:51,911 - my_logger - INFO - epoch 26, valid loss: 0.6915, valid auc: 70.85%
2023-06-22 15:25:51,923 - my_logger - INFO - epoch 27, train loss: 0.6916
2023-06-22 15:25:51,935 - my_logger - INFO - epoch 28, train loss: 0.6914
2023-06-22 15:25:51,943 - my_logger - INFO - evaluating......
2023-06-22 15:25:51,943 - my_logger - INFO - epoch 28, valid loss: 0.6907, valid auc: 71.34%
2023-06-22 15:25:51,954 - my_logger - INFO - epoch 29, train loss: 0.6908
2023-06-22 15:25:51,967 - my_logger - INFO - epoch 30, train loss: 0.6898
2023-06-22 15:25:51,974 - my_logger - INFO - evaluating......
2023-06-22 15:25:51,975 - my_logger - INFO - epoch 30, valid loss: 0.6887, valid auc: 71.43%
2023-06-22 15:25:51,987 - my_logger - INFO - epoch 31, train loss: 0.6883
2023-06-22 15:25:51,999 - my_logger - INFO - epoch 32, train loss: 0.6858
2023-06-22 15:25:52,007 - my_logger - INFO - evaluating......
2023-06-22 15:25:52,007 - my_logger - INFO - epoch 32, valid loss: 0.6846, valid auc: 71.39%
2023-06-22 15:25:52,015 - my_logger - INFO - epoch 33, train loss: 0.6818
2023-06-22 15:25:52,027 - my_logger - INFO - epoch 34, train loss: 0.6751
2023-06-22 15:25:52,035 - my_logger - INFO - evaluating......
2023-06-22 15:25:52,036 - my_logger - INFO - epoch 34, valid loss: 0.6762, valid auc: 70.38%
2023-06-22 15:25:52,043 - my_logger - INFO - epoch 35, train loss: 0.6650
2023-06-22 15:25:52,056 - my_logger - INFO - epoch 36, train loss: 0.6535
2023-06-22 15:25:52,064 - my_logger - INFO - evaluating......
2023-06-22 15:25:52,064 - my_logger - INFO - epoch 36, valid loss: 0.6603, valid auc: 70.36%
2023-06-22 15:25:52,072 - my_logger - INFO - epoch 37, train loss: 0.6480
2023-06-22 15:25:52,085 - my_logger - INFO - epoch 38, train loss: 0.6308
2023-06-22 15:25:52,092 - my_logger - INFO - evaluating......
2023-06-22 15:25:52,092 - my_logger - INFO - epoch 38, valid loss: 0.6536, valid auc: 69.58%
2023-06-22 15:25:52,100 - my_logger - INFO - epoch 39, train loss: 0.6219
2023-06-22 15:25:52,113 - my_logger - INFO - epoch 40, train loss: 0.6130
2023-06-22 15:25:52,121 - my_logger - INFO - evaluating......
2023-06-22 15:25:52,121 - my_logger - INFO - epoch 40, valid loss: 0.6527, valid auc: 69.43%
2023-06-22 15:25:52,128 - my_logger - INFO - epoch 41, train loss: 0.5978
2023-06-22 15:25:52,141 - my_logger - INFO - epoch 42, train loss: 0.6042
2023-06-22 15:25:52,148 - my_logger - INFO - evaluating......
2023-06-22 15:25:52,148 - my_logger - INFO - epoch 42, valid loss: 0.6364, valid auc: 69.37%
2023-06-22 15:25:52,155 - my_logger - INFO - epoch 43, train loss: 0.6108
2023-06-22 15:25:52,167 - my_logger - INFO - epoch 44, train loss: 0.6163
2023-06-22 15:25:52,175 - my_logger - INFO - evaluating......
2023-06-22 15:25:52,175 - my_logger - INFO - epoch 44, valid loss: 0.6867, valid auc: 71.41%
2023-06-22 15:25:52,182 - my_logger - INFO - epoch 45, train loss: 0.5801
2023-06-22 15:25:52,194 - my_logger - INFO - epoch 46, train loss: 0.5583
2023-06-22 15:25:52,201 - my_logger - INFO - evaluating......
2023-06-22 15:25:52,202 - my_logger - INFO - epoch 46, valid loss: 0.5985, valid auc: 72.15%
2023-06-22 15:25:52,213 - my_logger - INFO - epoch 47, train loss: 0.5796
2023-06-22 15:25:52,225 - my_logger - INFO - epoch 48, train loss: 0.5658
2023-06-22 15:25:52,232 - my_logger - INFO - evaluating......
2023-06-22 15:25:52,233 - my_logger - INFO - epoch 48, valid loss: 0.5924, valid auc: 74.73%
2023-06-22 15:25:52,244 - my_logger - INFO - epoch 49, train loss: 0.5435
2023-06-22 15:25:52,256 - my_logger - INFO - epoch 50, train loss: 0.5392
2023-06-22 15:25:52,264 - my_logger - INFO - evaluating......
2023-06-22 15:25:52,264 - my_logger - INFO - epoch 50, valid loss: 0.5970, valid auc: 74.43%
2023-06-22 15:25:52,271 - my_logger - INFO - epoch 51, train loss: 0.5418
2023-06-22 15:25:52,283 - my_logger - INFO - epoch 52, train loss: 0.5339
2023-06-22 15:25:52,290 - my_logger - INFO - evaluating......
2023-06-22 15:25:52,290 - my_logger - INFO - epoch 52, valid loss: 0.5923, valid auc: 75.17%
2023-06-22 15:25:52,302 - my_logger - INFO - epoch 53, train loss: 0.5199
2023-06-22 15:25:52,314 - my_logger - INFO - epoch 54, train loss: 0.5267
2023-06-22 15:25:52,321 - my_logger - INFO - evaluating......
2023-06-22 15:25:52,321 - my_logger - INFO - epoch 54, valid loss: 0.5862, valid auc: 75.87%
2023-06-22 15:25:52,332 - my_logger - INFO - epoch 55, train loss: 0.5226
2023-06-22 15:25:52,344 - my_logger - INFO - epoch 56, train loss: 0.5111
2023-06-22 15:25:52,353 - my_logger - INFO - evaluating......
2023-06-22 15:25:52,353 - my_logger - INFO - epoch 56, valid loss: 0.5670, valid auc: 76.29%
2023-06-22 15:25:52,365 - my_logger - INFO - epoch 57, train loss: 0.5095
2023-06-22 15:25:52,377 - my_logger - INFO - epoch 58, train loss: 0.5123
2023-06-22 15:25:52,384 - my_logger - INFO - evaluating......
2023-06-22 15:25:52,385 - my_logger - INFO - epoch 58, valid loss: 0.5685, valid auc: 76.53%
2023-06-22 15:25:52,396 - my_logger - INFO - epoch 59, train loss: 0.5073
2023-06-22 15:25:52,409 - my_logger - INFO - epoch 60, train loss: 0.5027
2023-06-22 15:25:52,418 - my_logger - INFO - evaluating......
2023-06-22 15:25:52,418 - my_logger - INFO - epoch 60, valid loss: 0.5533, valid auc: 76.88%
2023-06-22 15:25:52,430 - my_logger - INFO - epoch 61, train loss: 0.5027
2023-06-22 15:25:52,442 - my_logger - INFO - epoch 62, train loss: 0.5012
2023-06-22 15:25:52,450 - my_logger - INFO - evaluating......
2023-06-22 15:25:52,450 - my_logger - INFO - epoch 62, valid loss: 0.5531, valid auc: 77.03%
2023-06-22 15:25:52,462 - my_logger - INFO - epoch 63, train loss: 0.4956
2023-06-22 15:25:52,474 - my_logger - INFO - epoch 64, train loss: 0.4929
2023-06-22 15:25:52,481 - my_logger - INFO - evaluating......
2023-06-22 15:25:52,481 - my_logger - INFO - epoch 64, valid loss: 0.5649, valid auc: 77.15%
2023-06-22 15:25:52,493 - my_logger - INFO - epoch 65, train loss: 0.4932
2023-06-22 15:25:52,505 - my_logger - INFO - epoch 66, train loss: 0.4889
2023-06-22 15:25:52,512 - my_logger - INFO - evaluating......
2023-06-22 15:25:52,512 - my_logger - INFO - epoch 66, valid loss: 0.5698, valid auc: 77.10%
2023-06-22 15:25:52,519 - my_logger - INFO - epoch 67, train loss: 0.4868
2023-06-22 15:25:52,531 - my_logger - INFO - epoch 68, train loss: 0.4841
2023-06-22 15:25:52,539 - my_logger - INFO - evaluating......
2023-06-22 15:25:52,539 - my_logger - INFO - epoch 68, valid loss: 0.5572, valid auc: 77.19%
2023-06-22 15:25:52,550 - my_logger - INFO - epoch 69, train loss: 0.4819
2023-06-22 15:25:52,562 - my_logger - INFO - epoch 70, train loss: 0.4801
2023-06-22 15:25:52,570 - my_logger - INFO - evaluating......
2023-06-22 15:25:52,570 - my_logger - INFO - epoch 70, valid loss: 0.5591, valid auc: 77.27%
2023-06-22 15:25:52,581 - my_logger - INFO - epoch 71, train loss: 0.4771
2023-06-22 15:25:52,594 - my_logger - INFO - epoch 72, train loss: 0.4761
2023-06-22 15:25:52,601 - my_logger - INFO - evaluating......
2023-06-22 15:25:52,601 - my_logger - INFO - epoch 72, valid loss: 0.5759, valid auc: 77.25%
2023-06-22 15:25:52,608 - my_logger - INFO - epoch 73, train loss: 0.4744
2023-06-22 15:25:52,620 - my_logger - INFO - epoch 74, train loss: 0.4731
2023-06-22 15:25:52,628 - my_logger - INFO - evaluating......
2023-06-22 15:25:52,628 - my_logger - INFO - epoch 74, valid loss: 0.5833, valid auc: 77.08%
2023-06-22 15:25:52,635 - my_logger - INFO - epoch 75, train loss: 0.4710
2023-06-22 15:25:52,647 - my_logger - INFO - epoch 76, train loss: 0.4688
2023-06-22 15:25:52,654 - my_logger - INFO - evaluating......
2023-06-22 15:25:52,655 - my_logger - INFO - epoch 76, valid loss: 0.5777, valid auc: 77.15%
2023-06-22 15:25:52,662 - my_logger - INFO - epoch 77, train loss: 0.4650
2023-06-22 15:25:52,674 - my_logger - INFO - epoch 78, train loss: 0.4640
2023-06-22 15:25:52,681 - my_logger - INFO - evaluating......
2023-06-22 15:25:52,682 - my_logger - INFO - epoch 78, valid loss: 0.5789, valid auc: 77.66%
2023-06-22 15:25:52,693 - my_logger - INFO - epoch 79, train loss: 0.4627
2023-06-22 15:25:52,705 - my_logger - INFO - epoch 80, train loss: 0.4592
2023-06-22 15:25:52,712 - my_logger - INFO - evaluating......
2023-06-22 15:25:52,713 - my_logger - INFO - epoch 80, valid loss: 0.5799, valid auc: 77.91%
2023-06-22 15:25:52,724 - my_logger - INFO - epoch 81, train loss: 0.4574
2023-06-22 15:25:52,736 - my_logger - INFO - epoch 82, train loss: 0.4559
2023-06-22 15:25:52,743 - my_logger - INFO - evaluating......
2023-06-22 15:25:52,743 - my_logger - INFO - epoch 82, valid loss: 0.5830, valid auc: 77.95%
2023-06-22 15:25:52,754 - my_logger - INFO - epoch 83, train loss: 0.4571
2023-06-22 15:25:52,766 - my_logger - INFO - epoch 84, train loss: 0.4576
2023-06-22 15:25:52,773 - my_logger - INFO - evaluating......
2023-06-22 15:25:52,774 - my_logger - INFO - epoch 84, valid loss: 0.5957, valid auc: 77.93%
2023-06-22 15:25:52,781 - my_logger - INFO - epoch 85, train loss: 0.4578
2023-06-22 15:25:52,793 - my_logger - INFO - epoch 86, train loss: 0.4490
2023-06-22 15:25:52,800 - my_logger - INFO - evaluating......
2023-06-22 15:25:52,800 - my_logger - INFO - epoch 86, valid loss: 0.5840, valid auc: 78.44%
2023-06-22 15:25:52,812 - my_logger - INFO - epoch 87, train loss: 0.4455
2023-06-22 15:25:52,825 - my_logger - INFO - epoch 88, train loss: 0.4467
2023-06-22 15:25:52,833 - my_logger - INFO - evaluating......
2023-06-22 15:25:52,833 - my_logger - INFO - epoch 88, valid loss: 0.5745, valid auc: 78.69%
2023-06-22 15:25:52,845 - my_logger - INFO - epoch 89, train loss: 0.4396
2023-06-22 15:25:52,857 - my_logger - INFO - epoch 90, train loss: 0.4375
2023-06-22 15:25:52,865 - my_logger - INFO - evaluating......
2023-06-22 15:25:52,865 - my_logger - INFO - epoch 90, valid loss: 0.5758, valid auc: 79.38%
2023-06-22 15:25:52,876 - my_logger - INFO - epoch 91, train loss: 0.4390
2023-06-22 15:25:52,888 - my_logger - INFO - epoch 92, train loss: 0.4246
2023-06-22 15:25:52,895 - my_logger - INFO - evaluating......
2023-06-22 15:25:52,895 - my_logger - INFO - epoch 92, valid loss: 0.5790, valid auc: 79.83%
2023-06-22 15:25:52,907 - my_logger - INFO - epoch 93, train loss: 0.4222
2023-06-22 15:25:52,919 - my_logger - INFO - epoch 94, train loss: 0.4459
2023-06-22 15:25:52,927 - my_logger - INFO - evaluating......
2023-06-22 15:25:52,927 - my_logger - INFO - epoch 94, valid loss: 0.5959, valid auc: 80.47%
2023-06-22 15:25:52,939 - my_logger - INFO - epoch 95, train loss: 0.4285
2023-06-22 15:25:52,951 - my_logger - INFO - epoch 96, train loss: 0.4787
2023-06-22 15:25:52,959 - my_logger - INFO - evaluating......
2023-06-22 15:25:52,959 - my_logger - INFO - epoch 96, valid loss: 0.5327, valid auc: 83.01%
2023-06-22 15:25:52,972 - my_logger - INFO - epoch 97, train loss: 0.5123
2023-06-22 15:25:52,986 - my_logger - INFO - epoch 98, train loss: 0.5010
2023-06-22 15:25:52,994 - my_logger - INFO - evaluating......
2023-06-22 15:25:52,994 - my_logger - INFO - epoch 98, valid loss: 0.6389, valid auc: 81.51%
2023-06-22 15:25:53,002 - my_logger - INFO - epoch 99, train loss: 0.4541
2023-06-22 15:25:53,014 - my_logger - INFO - epoch 100, train loss: 0.4470
2023-06-22 15:25:53,022 - my_logger - INFO - evaluating......
2023-06-22 15:25:53,022 - my_logger - INFO - epoch 100, valid loss: 0.5414, valid auc: 82.38%
2023-06-22 15:25:53,029 - my_logger - INFO - epoch 101, train loss: 0.4604
2023-06-22 15:25:53,042 - my_logger - INFO - epoch 102, train loss: 0.4234
2023-06-22 15:25:53,053 - my_logger - INFO - evaluating......
2023-06-22 15:25:53,053 - my_logger - INFO - epoch 102, valid loss: 0.5327, valid auc: 82.23%
2023-06-22 15:25:53,061 - my_logger - INFO - epoch 103, train loss: 0.4153
2023-06-22 15:25:53,074 - my_logger - INFO - epoch 104, train loss: 0.3984
2023-06-22 15:25:53,082 - my_logger - INFO - evaluating......
2023-06-22 15:25:53,082 - my_logger - INFO - epoch 104, valid loss: 0.5370, valid auc: 83.29%
2023-06-22 15:25:53,094 - my_logger - INFO - epoch 105, train loss: 0.4081
2023-06-22 15:25:53,107 - my_logger - INFO - epoch 106, train loss: 0.4055
2023-06-22 15:25:53,115 - my_logger - INFO - evaluating......
2023-06-22 15:25:53,115 - my_logger - INFO - epoch 106, valid loss: 0.5733, valid auc: 83.21%
2023-06-22 15:25:53,123 - my_logger - INFO - epoch 107, train loss: 0.3770
2023-06-22 15:25:53,136 - my_logger - INFO - epoch 108, train loss: 0.3741
2023-06-22 15:25:53,144 - my_logger - INFO - evaluating......
2023-06-22 15:25:53,144 - my_logger - INFO - epoch 108, valid loss: 0.5286, valid auc: 84.83%
2023-06-22 15:25:53,156 - my_logger - INFO - epoch 109, train loss: 0.3669
2023-06-22 15:25:53,168 - my_logger - INFO - epoch 110, train loss: 0.3490
2023-06-22 15:25:53,176 - my_logger - INFO - evaluating......
2023-06-22 15:25:53,176 - my_logger - INFO - epoch 110, valid loss: 0.5012, valid auc: 85.81%
2023-06-22 15:25:53,188 - my_logger - INFO - epoch 111, train loss: 0.3408
2023-06-22 15:25:53,200 - my_logger - INFO - epoch 112, train loss: 0.3366
2023-06-22 15:25:53,208 - my_logger - INFO - evaluating......
2023-06-22 15:25:53,208 - my_logger - INFO - epoch 112, valid loss: 0.4889, valid auc: 86.75%
2023-06-22 15:25:53,219 - my_logger - INFO - epoch 113, train loss: 0.3225
2023-06-22 15:25:53,232 - my_logger - INFO - epoch 114, train loss: 0.3170
2023-06-22 15:25:53,240 - my_logger - INFO - evaluating......
2023-06-22 15:25:53,240 - my_logger - INFO - epoch 114, valid loss: 0.5073, valid auc: 87.25%
2023-06-22 15:25:53,252 - my_logger - INFO - epoch 115, train loss: 0.3174
2023-06-22 15:25:53,264 - my_logger - INFO - epoch 116, train loss: 0.3087
2023-06-22 15:25:53,273 - my_logger - INFO - evaluating......
2023-06-22 15:25:53,273 - my_logger - INFO - epoch 116, valid loss: 0.5336, valid auc: 87.47%
2023-06-22 15:25:53,284 - my_logger - INFO - epoch 117, train loss: 0.2984
2023-06-22 15:25:53,296 - my_logger - INFO - epoch 118, train loss: 0.2933
2023-06-22 15:25:53,304 - my_logger - INFO - evaluating......
2023-06-22 15:25:53,304 - my_logger - INFO - epoch 118, valid loss: 0.4949, valid auc: 88.38%
2023-06-22 15:25:53,315 - my_logger - INFO - epoch 119, train loss: 0.2955
2023-06-22 15:25:53,327 - my_logger - INFO - epoch 120, train loss: 0.2793
2023-06-22 15:25:53,335 - my_logger - INFO - evaluating......
2023-06-22 15:25:53,335 - my_logger - INFO - epoch 120, valid loss: 0.5086, valid auc: 88.62%
2023-06-22 15:25:53,346 - my_logger - INFO - epoch 121, train loss: 0.2817
2023-06-22 15:25:53,359 - my_logger - INFO - epoch 122, train loss: 0.2750
2023-06-22 15:25:53,366 - my_logger - INFO - evaluating......
2023-06-22 15:25:53,366 - my_logger - INFO - epoch 122, valid loss: 0.5326, valid auc: 88.54%
2023-06-22 15:25:53,373 - my_logger - INFO - epoch 123, train loss: 0.2684
2023-06-22 15:25:53,386 - my_logger - INFO - epoch 124, train loss: 0.2679
2023-06-22 15:25:53,393 - my_logger - INFO - evaluating......
2023-06-22 15:25:53,394 - my_logger - INFO - epoch 124, valid loss: 0.5071, valid auc: 89.04%
2023-06-22 15:25:53,405 - my_logger - INFO - epoch 125, train loss: 0.2589
2023-06-22 15:25:53,419 - my_logger - INFO - epoch 126, train loss: 0.2536
2023-06-22 15:25:53,426 - my_logger - INFO - evaluating......
2023-06-22 15:25:53,427 - my_logger - INFO - epoch 126, valid loss: 0.5269, valid auc: 89.36%
2023-06-22 15:25:53,438 - my_logger - INFO - epoch 127, train loss: 0.2522
2023-06-22 15:25:53,450 - my_logger - INFO - epoch 128, train loss: 0.2494
2023-06-22 15:25:53,458 - my_logger - INFO - evaluating......
2023-06-22 15:25:53,458 - my_logger - INFO - epoch 128, valid loss: 0.5178, valid auc: 89.62%
2023-06-22 15:25:53,470 - my_logger - INFO - epoch 129, train loss: 0.2743
2023-06-22 15:25:53,483 - my_logger - INFO - epoch 130, train loss: 0.2420
2023-06-22 15:25:53,490 - my_logger - INFO - evaluating......
2023-06-22 15:25:53,490 - my_logger - INFO - epoch 130, valid loss: 0.5198, valid auc: 89.53%
2023-06-22 15:25:53,498 - my_logger - INFO - epoch 131, train loss: 0.2426
2023-06-22 15:25:53,510 - my_logger - INFO - epoch 132, train loss: 0.2521
2023-06-22 15:25:53,517 - my_logger - INFO - evaluating......
2023-06-22 15:25:53,517 - my_logger - INFO - epoch 132, valid loss: 0.5573, valid auc: 89.15%
2023-06-22 15:25:53,525 - my_logger - INFO - epoch 133, train loss: 0.2370
2023-06-22 15:25:53,536 - my_logger - INFO - epoch 134, train loss: 0.2377
2023-06-22 15:25:53,544 - my_logger - INFO - evaluating......
2023-06-22 15:25:53,544 - my_logger - INFO - epoch 134, valid loss: 0.5046, valid auc: 89.80%
2023-06-22 15:25:53,556 - my_logger - INFO - epoch 135, train loss: 0.2287
2023-06-22 15:25:53,568 - my_logger - INFO - epoch 136, train loss: 0.2258
2023-06-22 15:25:53,575 - my_logger - INFO - evaluating......
2023-06-22 15:25:53,575 - my_logger - INFO - epoch 136, valid loss: 0.5502, valid auc: 89.93%
2023-06-22 15:25:53,586 - my_logger - INFO - epoch 137, train loss: 0.2224
2023-06-22 15:25:53,599 - my_logger - INFO - epoch 138, train loss: 0.2141
2023-06-22 15:25:53,606 - my_logger - INFO - evaluating......
2023-06-22 15:25:53,607 - my_logger - INFO - epoch 138, valid loss: 0.5247, valid auc: 90.17%
2023-06-22 15:25:53,618 - my_logger - INFO - epoch 139, train loss: 0.2150
2023-06-22 15:25:53,631 - my_logger - INFO - epoch 140, train loss: 0.2043
2023-06-22 15:25:53,639 - my_logger - INFO - evaluating......
2023-06-22 15:25:53,639 - my_logger - INFO - epoch 140, valid loss: 0.5604, valid auc: 90.52%
2023-06-22 15:25:53,651 - my_logger - INFO - epoch 141, train loss: 0.2076
2023-06-22 15:25:53,664 - my_logger - INFO - epoch 142, train loss: 0.1975
2023-06-22 15:25:53,671 - my_logger - INFO - evaluating......
2023-06-22 15:25:53,672 - my_logger - INFO - epoch 142, valid loss: 0.5515, valid auc: 90.78%
2023-06-22 15:25:53,683 - my_logger - INFO - epoch 143, train loss: 0.1972
2023-06-22 15:25:53,695 - my_logger - INFO - epoch 144, train loss: 0.2070
2023-06-22 15:25:53,703 - my_logger - INFO - evaluating......
2023-06-22 15:25:53,703 - my_logger - INFO - epoch 144, valid loss: 0.5884, valid auc: 90.30%
2023-06-22 15:25:53,712 - my_logger - INFO - epoch 145, train loss: 0.2216
2023-06-22 15:25:53,725 - my_logger - INFO - epoch 146, train loss: 0.2416
2023-06-22 15:25:53,734 - my_logger - INFO - evaluating......
2023-06-22 15:25:53,734 - my_logger - INFO - epoch 146, valid loss: 0.6201, valid auc: 90.70%
2023-06-22 15:25:53,741 - my_logger - INFO - epoch 147, train loss: 0.1900
2023-06-22 15:25:53,753 - my_logger - INFO - epoch 148, train loss: 0.2344
2023-06-22 15:25:53,760 - my_logger - INFO - evaluating......
2023-06-22 15:25:53,760 - my_logger - INFO - epoch 148, valid loss: 0.6089, valid auc: 90.72%
2023-06-22 15:25:53,768 - my_logger - INFO - epoch 149, train loss: 0.1970
2023-06-22 15:25:53,780 - my_logger - INFO - epoch 150, train loss: 0.2084
2023-06-22 15:25:53,787 - my_logger - INFO - evaluating......
2023-06-22 15:25:53,787 - my_logger - INFO - epoch 150, valid loss: 0.5647, valid auc: 90.56%
2023-06-22 15:25:53,794 - my_logger - INFO - epoch 151, train loss: 0.1829
2023-06-22 15:25:53,807 - my_logger - INFO - epoch 152, train loss: 0.2040
2023-06-22 15:25:53,814 - my_logger - INFO - evaluating......
2023-06-22 15:25:53,814 - my_logger - INFO - epoch 152, valid loss: 0.5766, valid auc: 90.93%
2023-06-22 15:25:53,825 - my_logger - INFO - epoch 153, train loss: 0.1730
2023-06-22 15:25:53,837 - my_logger - INFO - epoch 154, train loss: 0.1854
2023-06-22 15:25:53,844 - my_logger - INFO - evaluating......
2023-06-22 15:25:53,845 - my_logger - INFO - epoch 154, valid loss: 0.5834, valid auc: 90.99%
2023-06-22 15:25:53,856 - my_logger - INFO - epoch 155, train loss: 0.1775
2023-06-22 15:25:53,869 - my_logger - INFO - epoch 156, train loss: 0.1664
2023-06-22 15:25:53,877 - my_logger - INFO - evaluating......
2023-06-22 15:25:53,877 - my_logger - INFO - epoch 156, valid loss: 0.5873, valid auc: 91.35%
2023-06-22 15:25:53,889 - my_logger - INFO - epoch 157, train loss: 0.1742
2023-06-22 15:25:53,902 - my_logger - INFO - epoch 158, train loss: 0.1594
2023-06-22 15:25:53,910 - my_logger - INFO - evaluating......
2023-06-22 15:25:53,910 - my_logger - INFO - epoch 158, valid loss: 0.5842, valid auc: 91.57%
2023-06-22 15:25:53,921 - my_logger - INFO - epoch 159, train loss: 0.1642
2023-06-22 15:25:53,933 - my_logger - INFO - epoch 160, train loss: 0.1587
2023-06-22 15:25:53,941 - my_logger - INFO - evaluating......
2023-06-22 15:25:53,941 - my_logger - INFO - epoch 160, valid loss: 0.6221, valid auc: 91.74%
2023-06-22 15:25:53,952 - my_logger - INFO - epoch 161, train loss: 0.1551
2023-06-22 15:25:53,964 - my_logger - INFO - epoch 162, train loss: 0.1501
2023-06-22 15:25:53,971 - my_logger - INFO - evaluating......
2023-06-22 15:25:53,972 - my_logger - INFO - epoch 162, valid loss: 0.6303, valid auc: 91.80%
2023-06-22 15:25:53,982 - my_logger - INFO - epoch 163, train loss: 0.1519
2023-06-22 15:25:53,995 - my_logger - INFO - epoch 164, train loss: 0.1432
2023-06-22 15:25:54,002 - my_logger - INFO - evaluating......
2023-06-22 15:25:54,002 - my_logger - INFO - epoch 164, valid loss: 0.6240, valid auc: 91.94%
2023-06-22 15:25:54,013 - my_logger - INFO - epoch 165, train loss: 0.1445
2023-06-22 15:25:54,025 - my_logger - INFO - epoch 166, train loss: 0.1387
2023-06-22 15:25:54,033 - my_logger - INFO - evaluating......
2023-06-22 15:25:54,033 - my_logger - INFO - epoch 166, valid loss: 0.6435, valid auc: 92.10%
2023-06-22 15:25:54,044 - my_logger - INFO - epoch 167, train loss: 0.1382
2023-06-22 15:25:54,056 - my_logger - INFO - epoch 168, train loss: 0.1336
2023-06-22 15:25:54,063 - my_logger - INFO - evaluating......
2023-06-22 15:25:54,064 - my_logger - INFO - epoch 168, valid loss: 0.6522, valid auc: 92.24%
2023-06-22 15:25:54,075 - my_logger - INFO - epoch 169, train loss: 0.1315
2023-06-22 15:25:54,087 - my_logger - INFO - epoch 170, train loss: 0.1291
2023-06-22 15:25:54,094 - my_logger - INFO - evaluating......
2023-06-22 15:25:54,094 - my_logger - INFO - epoch 170, valid loss: 0.6955, valid auc: 92.25%
2023-06-22 15:25:54,105 - my_logger - INFO - epoch 171, train loss: 0.1256
2023-06-22 15:25:54,118 - my_logger - INFO - epoch 172, train loss: 0.1247
2023-06-22 15:25:54,125 - my_logger - INFO - evaluating......
2023-06-22 15:25:54,125 - my_logger - INFO - epoch 172, valid loss: 0.7053, valid auc: 92.46%
2023-06-22 15:25:54,137 - my_logger - INFO - epoch 173, train loss: 0.1204
2023-06-22 15:25:54,149 - my_logger - INFO - epoch 174, train loss: 0.1185
2023-06-22 15:25:54,156 - my_logger - INFO - evaluating......
2023-06-22 15:25:54,156 - my_logger - INFO - epoch 174, valid loss: 0.7266, valid auc: 92.63%
2023-06-22 15:25:54,167 - my_logger - INFO - epoch 175, train loss: 0.1156
2023-06-22 15:25:54,179 - my_logger - INFO - epoch 176, train loss: 0.1148
2023-06-22 15:25:54,186 - my_logger - INFO - evaluating......
2023-06-22 15:25:54,187 - my_logger - INFO - epoch 176, valid loss: 0.7338, valid auc: 92.76%
2023-06-22 15:25:54,198 - my_logger - INFO - epoch 177, train loss: 0.1121
2023-06-22 15:25:54,210 - my_logger - INFO - epoch 178, train loss: 0.1118
2023-06-22 15:25:54,218 - my_logger - INFO - evaluating......
2023-06-22 15:25:54,218 - my_logger - INFO - epoch 178, valid loss: 0.7449, valid auc: 92.82%
2023-06-22 15:25:54,230 - my_logger - INFO - epoch 179, train loss: 0.1102
2023-06-22 15:25:54,243 - my_logger - INFO - epoch 180, train loss: 0.1085
2023-06-22 15:25:54,251 - my_logger - INFO - evaluating......
2023-06-22 15:25:54,251 - my_logger - INFO - epoch 180, valid loss: 0.7585, valid auc: 92.99%
2023-06-22 15:25:54,262 - my_logger - INFO - epoch 181, train loss: 0.1060
2023-06-22 15:25:54,274 - my_logger - INFO - epoch 182, train loss: 0.1067
2023-06-22 15:25:54,282 - my_logger - INFO - evaluating......
2023-06-22 15:25:54,282 - my_logger - INFO - epoch 182, valid loss: 0.8160, valid auc: 92.66%
2023-06-22 15:25:54,290 - my_logger - INFO - epoch 183, train loss: 0.1215
2023-06-22 15:25:54,302 - my_logger - INFO - epoch 184, train loss: 0.1272
2023-06-22 15:25:54,309 - my_logger - INFO - evaluating......
2023-06-22 15:25:54,310 - my_logger - INFO - epoch 184, valid loss: 0.8688, valid auc: 92.38%
2023-06-22 15:25:54,317 - my_logger - INFO - epoch 185, train loss: 0.1419
2023-06-22 15:25:54,329 - my_logger - INFO - epoch 186, train loss: 0.1024
2023-06-22 15:25:54,336 - my_logger - INFO - evaluating......
2023-06-22 15:25:54,337 - my_logger - INFO - epoch 186, valid loss: 0.7750, valid auc: 92.82%
2023-06-22 15:25:54,344 - my_logger - INFO - epoch 187, train loss: 0.1421
2023-06-22 15:25:54,356 - my_logger - INFO - epoch 188, train loss: 0.2113
2023-06-22 15:25:54,363 - my_logger - INFO - evaluating......
2023-06-22 15:25:54,364 - my_logger - INFO - epoch 188, valid loss: 0.9101, valid auc: 92.14%
2023-06-22 15:25:54,371 - my_logger - INFO - epoch 189, train loss: 0.2060
2023-06-22 15:25:54,383 - my_logger - INFO - epoch 190, train loss: 0.2080
2023-06-22 15:25:54,390 - my_logger - INFO - evaluating......
2023-06-22 15:25:54,391 - my_logger - INFO - epoch 190, valid loss: 0.7504, valid auc: 92.14%
2023-06-22 15:25:54,398 - my_logger - INFO - epoch 191, train loss: 0.2984
2023-06-22 15:25:54,409 - my_logger - INFO - epoch 192, train loss: 0.1923
2023-06-22 15:25:54,418 - my_logger - INFO - evaluating......
2023-06-22 15:25:54,418 - my_logger - INFO - epoch 192, valid loss: 0.7000, valid auc: 91.09%
2023-06-22 15:25:54,426 - my_logger - INFO - epoch 193, train loss: 0.1856
2023-06-22 15:25:54,439 - my_logger - INFO - epoch 194, train loss: 0.2267
2023-06-22 15:25:54,447 - my_logger - INFO - evaluating......
2023-06-22 15:25:54,447 - my_logger - INFO - epoch 194, valid loss: 0.5767, valid auc: 89.09%
2023-06-22 15:25:54,455 - my_logger - INFO - epoch 195, train loss: 0.1987
2023-06-22 15:25:54,467 - my_logger - INFO - epoch 196, train loss: 0.1989
2023-06-22 15:25:54,474 - my_logger - INFO - evaluating......
2023-06-22 15:25:54,475 - my_logger - INFO - epoch 196, valid loss: 0.5494, valid auc: 90.01%
2023-06-22 15:25:54,482 - my_logger - INFO - epoch 197, train loss: 0.1721
2023-06-22 15:25:54,494 - my_logger - INFO - epoch 198, train loss: 0.1607
2023-06-22 15:25:54,501 - my_logger - INFO - evaluating......
2023-06-22 15:25:54,501 - my_logger - INFO - epoch 198, valid loss: 0.5326, valid auc: 91.10%
2023-06-22 15:25:54,508 - my_logger - INFO - epoch 199, train loss: 0.1502
2023-06-22 15:25:54,513 - my_logger - INFO - total train time used: 3.7752s
2023-06-22 15:25:54,513 - my_logger - INFO - testing......
2023-06-22 15:25:54,526 - my_logger - INFO - test auc: 92.62%
