2023-06-07 15:40:28,154 - my_logger - INFO - training......
2023-06-07 15:40:28,967 - my_logger - INFO - epoch 0, train loss: 0.6928
2023-06-07 15:40:28,979 - my_logger - INFO - evaluating......
2023-06-07 15:40:28,979 - my_logger - INFO - epoch 0, valid loss: 0.6928, valid auc: 69.98%
2023-06-07 15:40:28,985 - my_logger - INFO - epoch 1, train loss: 0.6900
2023-06-07 15:40:28,992 - my_logger - INFO - epoch 2, train loss: 0.6853
2023-06-07 15:40:28,997 - my_logger - INFO - evaluating......
2023-06-07 15:40:28,998 - my_logger - INFO - epoch 2, valid loss: 0.6878, valid auc: 67.86%
2023-06-07 15:40:29,001 - my_logger - INFO - epoch 3, train loss: 0.6765
2023-06-07 15:40:29,008 - my_logger - INFO - epoch 4, train loss: 0.6634
2023-06-07 15:40:29,014 - my_logger - INFO - evaluating......
2023-06-07 15:40:29,014 - my_logger - INFO - epoch 4, valid loss: 0.6646, valid auc: 87.97%
2023-06-07 15:40:29,019 - my_logger - INFO - epoch 5, train loss: 0.6357
2023-06-07 15:40:29,026 - my_logger - INFO - epoch 6, train loss: 0.6023
2023-06-07 15:40:29,032 - my_logger - INFO - evaluating......
2023-06-07 15:40:29,032 - my_logger - INFO - epoch 6, valid loss: 0.6113, valid auc: 84.93%
2023-06-07 15:40:29,036 - my_logger - INFO - epoch 7, train loss: 0.5608
2023-06-07 15:40:29,043 - my_logger - INFO - epoch 8, train loss: 0.5339
2023-06-07 15:40:29,050 - my_logger - INFO - evaluating......
2023-06-07 15:40:29,051 - my_logger - INFO - epoch 8, valid loss: 0.5426, valid auc: 86.92%
2023-06-07 15:40:29,055 - my_logger - INFO - epoch 9, train loss: 0.5396
2023-06-07 15:40:29,064 - my_logger - INFO - epoch 10, train loss: 0.5613
2023-06-07 15:40:29,070 - my_logger - INFO - evaluating......
2023-06-07 15:40:29,071 - my_logger - INFO - epoch 10, valid loss: 0.5750, valid auc: 86.52%
2023-06-07 15:40:29,076 - my_logger - INFO - epoch 11, train loss: 0.5474
2023-06-07 15:40:29,085 - my_logger - INFO - epoch 12, train loss: 0.5315
2023-06-07 15:40:29,091 - my_logger - INFO - evaluating......
2023-06-07 15:40:29,092 - my_logger - INFO - epoch 12, valid loss: 0.5632, valid auc: 86.16%
2023-06-07 15:40:29,095 - my_logger - INFO - epoch 13, train loss: 0.5183
2023-06-07 15:40:29,104 - my_logger - INFO - epoch 14, train loss: 0.5012
2023-06-07 15:40:29,110 - my_logger - INFO - evaluating......
2023-06-07 15:40:29,110 - my_logger - INFO - epoch 14, valid loss: 0.5298, valid auc: 88.53%
2023-06-07 15:40:29,116 - my_logger - INFO - epoch 15, train loss: 0.4951
2023-06-07 15:40:29,124 - my_logger - INFO - epoch 16, train loss: 0.4885
2023-06-07 15:40:29,130 - my_logger - INFO - evaluating......
2023-06-07 15:40:29,130 - my_logger - INFO - epoch 16, valid loss: 0.5170, valid auc: 89.50%
2023-06-07 15:40:29,136 - my_logger - INFO - epoch 17, train loss: 0.4812
2023-06-07 15:40:29,143 - my_logger - INFO - epoch 18, train loss: 0.4817
2023-06-07 15:40:29,149 - my_logger - INFO - evaluating......
2023-06-07 15:40:29,149 - my_logger - INFO - epoch 18, valid loss: 0.5179, valid auc: 89.94%
2023-06-07 15:40:29,155 - my_logger - INFO - epoch 19, train loss: 0.4814
2023-06-07 15:40:29,163 - my_logger - INFO - epoch 20, train loss: 0.4739
2023-06-07 15:40:29,170 - my_logger - INFO - evaluating......
2023-06-07 15:40:29,170 - my_logger - INFO - epoch 20, valid loss: 0.5117, valid auc: 90.81%
2023-06-07 15:40:29,176 - my_logger - INFO - epoch 21, train loss: 0.4677
2023-06-07 15:40:29,184 - my_logger - INFO - epoch 22, train loss: 0.4655
2023-06-07 15:40:29,190 - my_logger - INFO - evaluating......
2023-06-07 15:40:29,190 - my_logger - INFO - epoch 22, valid loss: 0.5060, valid auc: 91.20%
2023-06-07 15:40:29,196 - my_logger - INFO - epoch 23, train loss: 0.4587
2023-06-07 15:40:29,204 - my_logger - INFO - epoch 24, train loss: 0.4503
2023-06-07 15:40:29,210 - my_logger - INFO - evaluating......
2023-06-07 15:40:29,210 - my_logger - INFO - epoch 24, valid loss: 0.5021, valid auc: 91.37%
2023-06-07 15:40:29,215 - my_logger - INFO - epoch 25, train loss: 0.4487
2023-06-07 15:40:29,223 - my_logger - INFO - epoch 26, train loss: 0.4449
2023-06-07 15:40:29,229 - my_logger - INFO - evaluating......
2023-06-07 15:40:29,229 - my_logger - INFO - epoch 26, valid loss: 0.5088, valid auc: 91.32%
2023-06-07 15:40:29,232 - my_logger - INFO - epoch 27, train loss: 0.4384
2023-06-07 15:40:29,240 - my_logger - INFO - epoch 28, train loss: 0.4375
2023-06-07 15:40:29,246 - my_logger - INFO - evaluating......
2023-06-07 15:40:29,246 - my_logger - INFO - epoch 28, valid loss: 0.5076, valid auc: 91.87%
2023-06-07 15:40:29,251 - my_logger - INFO - epoch 29, train loss: 0.4333
2023-06-07 15:40:29,259 - my_logger - INFO - epoch 30, train loss: 0.4273
2023-06-07 15:40:29,265 - my_logger - INFO - evaluating......
2023-06-07 15:40:29,265 - my_logger - INFO - epoch 30, valid loss: 0.5078, valid auc: 92.28%
2023-06-07 15:40:29,271 - my_logger - INFO - epoch 31, train loss: 0.4256
2023-06-07 15:40:29,279 - my_logger - INFO - epoch 32, train loss: 0.4200
2023-06-07 15:40:29,286 - my_logger - INFO - evaluating......
2023-06-07 15:40:29,286 - my_logger - INFO - epoch 32, valid loss: 0.5062, valid auc: 92.38%
2023-06-07 15:40:29,291 - my_logger - INFO - epoch 33, train loss: 0.4155
2023-06-07 15:40:29,299 - my_logger - INFO - epoch 34, train loss: 0.4136
2023-06-07 15:40:29,306 - my_logger - INFO - evaluating......
2023-06-07 15:40:29,306 - my_logger - INFO - epoch 34, valid loss: 0.5017, valid auc: 92.77%
2023-06-07 15:40:29,312 - my_logger - INFO - epoch 35, train loss: 0.4084
2023-06-07 15:40:29,321 - my_logger - INFO - epoch 36, train loss: 0.4054
2023-06-07 15:40:29,327 - my_logger - INFO - evaluating......
2023-06-07 15:40:29,327 - my_logger - INFO - epoch 36, valid loss: 0.4982, valid auc: 92.74%
2023-06-07 15:40:29,331 - my_logger - INFO - epoch 37, train loss: 0.4030
2023-06-07 15:40:29,339 - my_logger - INFO - epoch 38, train loss: 0.3983
2023-06-07 15:40:29,345 - my_logger - INFO - evaluating......
2023-06-07 15:40:29,346 - my_logger - INFO - epoch 38, valid loss: 0.4937, valid auc: 93.09%
2023-06-07 15:40:29,351 - my_logger - INFO - epoch 39, train loss: 0.3955
2023-06-07 15:40:29,359 - my_logger - INFO - epoch 40, train loss: 0.3917
2023-06-07 15:40:29,365 - my_logger - INFO - evaluating......
2023-06-07 15:40:29,366 - my_logger - INFO - epoch 40, valid loss: 0.4919, valid auc: 93.25%
2023-06-07 15:40:29,371 - my_logger - INFO - epoch 41, train loss: 0.3870
2023-06-07 15:40:29,379 - my_logger - INFO - epoch 42, train loss: 0.3838
2023-06-07 15:40:29,385 - my_logger - INFO - evaluating......
2023-06-07 15:40:29,385 - my_logger - INFO - epoch 42, valid loss: 0.4922, valid auc: 93.30%
2023-06-07 15:40:29,391 - my_logger - INFO - epoch 43, train loss: 0.3793
2023-06-07 15:40:29,398 - my_logger - INFO - epoch 44, train loss: 0.3753
2023-06-07 15:40:29,404 - my_logger - INFO - evaluating......
2023-06-07 15:40:29,404 - my_logger - INFO - epoch 44, valid loss: 0.4916, valid auc: 93.57%
2023-06-07 15:40:29,410 - my_logger - INFO - epoch 45, train loss: 0.3721
2023-06-07 15:40:29,417 - my_logger - INFO - epoch 46, train loss: 0.3681
2023-06-07 15:40:29,423 - my_logger - INFO - evaluating......
2023-06-07 15:40:29,423 - my_logger - INFO - epoch 46, valid loss: 0.4948, valid auc: 93.53%
2023-06-07 15:40:29,427 - my_logger - INFO - epoch 47, train loss: 0.3651
2023-06-07 15:40:29,434 - my_logger - INFO - epoch 48, train loss: 0.3618
2023-06-07 15:40:29,440 - my_logger - INFO - evaluating......
2023-06-07 15:40:29,440 - my_logger - INFO - epoch 48, valid loss: 0.4989, valid auc: 93.63%
2023-06-07 15:40:29,445 - my_logger - INFO - epoch 49, train loss: 0.3585
2023-06-07 15:40:29,453 - my_logger - INFO - epoch 50, train loss: 0.3555
2023-06-07 15:40:29,458 - my_logger - INFO - evaluating......
2023-06-07 15:40:29,458 - my_logger - INFO - epoch 50, valid loss: 0.5023, valid auc: 93.55%
2023-06-07 15:40:29,462 - my_logger - INFO - epoch 51, train loss: 0.3520
2023-06-07 15:40:29,469 - my_logger - INFO - epoch 52, train loss: 0.3489
2023-06-07 15:40:29,475 - my_logger - INFO - evaluating......
2023-06-07 15:40:29,475 - my_logger - INFO - epoch 52, valid loss: 0.5053, valid auc: 93.60%
2023-06-07 15:40:29,479 - my_logger - INFO - epoch 53, train loss: 0.3453
2023-06-07 15:40:29,486 - my_logger - INFO - epoch 54, train loss: 0.3420
2023-06-07 15:40:29,491 - my_logger - INFO - evaluating......
2023-06-07 15:40:29,491 - my_logger - INFO - epoch 54, valid loss: 0.5067, valid auc: 93.51%
2023-06-07 15:40:29,495 - my_logger - INFO - epoch 55, train loss: 0.3384
2023-06-07 15:40:29,502 - my_logger - INFO - epoch 56, train loss: 0.3349
2023-06-07 15:40:29,507 - my_logger - INFO - evaluating......
2023-06-07 15:40:29,507 - my_logger - INFO - epoch 56, valid loss: 0.5084, valid auc: 93.51%
2023-06-07 15:40:29,511 - my_logger - INFO - epoch 57, train loss: 0.3315
2023-06-07 15:40:29,519 - my_logger - INFO - epoch 58, train loss: 0.3278
2023-06-07 15:40:29,525 - my_logger - INFO - evaluating......
2023-06-07 15:40:29,525 - my_logger - INFO - epoch 58, valid loss: 0.5100, valid auc: 93.42%
2023-06-07 15:40:29,529 - my_logger - INFO - epoch 59, train loss: 0.3245
2023-06-07 15:40:29,536 - my_logger - INFO - epoch 60, train loss: 0.3208
2023-06-07 15:40:29,543 - my_logger - INFO - evaluating......
2023-06-07 15:40:29,543 - my_logger - INFO - epoch 60, valid loss: 0.5129, valid auc: 93.36%
2023-06-07 15:40:29,547 - my_logger - INFO - epoch 61, train loss: 0.3175
2023-06-07 15:40:29,555 - my_logger - INFO - epoch 62, train loss: 0.3138
2023-06-07 15:40:29,562 - my_logger - INFO - evaluating......
2023-06-07 15:40:29,562 - my_logger - INFO - epoch 62, valid loss: 0.5166, valid auc: 93.28%
2023-06-07 15:40:29,566 - my_logger - INFO - epoch 63, train loss: 0.3105
2023-06-07 15:40:29,575 - my_logger - INFO - epoch 64, train loss: 0.3068
2023-06-07 15:40:29,581 - my_logger - INFO - evaluating......
2023-06-07 15:40:29,581 - my_logger - INFO - epoch 64, valid loss: 0.5218, valid auc: 93.18%
2023-06-07 15:40:29,585 - my_logger - INFO - epoch 65, train loss: 0.3034
2023-06-07 15:40:29,593 - my_logger - INFO - epoch 66, train loss: 0.2998
2023-06-07 15:40:29,599 - my_logger - INFO - evaluating......
2023-06-07 15:40:29,600 - my_logger - INFO - epoch 66, valid loss: 0.5282, valid auc: 93.07%
2023-06-07 15:40:29,604 - my_logger - INFO - epoch 67, train loss: 0.2964
2023-06-07 15:40:29,612 - my_logger - INFO - epoch 68, train loss: 0.2927
2023-06-07 15:40:29,618 - my_logger - INFO - evaluating......
2023-06-07 15:40:29,618 - my_logger - INFO - epoch 68, valid loss: 0.5352, valid auc: 92.94%
2023-06-07 15:40:29,622 - my_logger - INFO - epoch 69, train loss: 0.2892
2023-06-07 15:40:29,630 - my_logger - INFO - epoch 70, train loss: 0.2855
2023-06-07 15:40:29,636 - my_logger - INFO - evaluating......
2023-06-07 15:40:29,636 - my_logger - INFO - epoch 70, valid loss: 0.5430, valid auc: 92.80%
2023-06-07 15:40:29,640 - my_logger - INFO - epoch 71, train loss: 0.2819
2023-06-07 15:40:29,648 - my_logger - INFO - epoch 72, train loss: 0.2782
2023-06-07 15:40:29,654 - my_logger - INFO - evaluating......
2023-06-07 15:40:29,654 - my_logger - INFO - epoch 72, valid loss: 0.5511, valid auc: 92.64%
2023-06-07 15:40:29,658 - my_logger - INFO - epoch 73, train loss: 0.2745
2023-06-07 15:40:29,666 - my_logger - INFO - epoch 74, train loss: 0.2707
2023-06-07 15:40:29,672 - my_logger - INFO - evaluating......
2023-06-07 15:40:29,672 - my_logger - INFO - epoch 74, valid loss: 0.5600, valid auc: 92.45%
2023-06-07 15:40:29,676 - my_logger - INFO - epoch 75, train loss: 0.2670
2023-06-07 15:40:29,683 - my_logger - INFO - epoch 76, train loss: 0.2632
2023-06-07 15:40:29,690 - my_logger - INFO - evaluating......
2023-06-07 15:40:29,690 - my_logger - INFO - epoch 76, valid loss: 0.5697, valid auc: 92.29%
2023-06-07 15:40:29,694 - my_logger - INFO - epoch 77, train loss: 0.2595
2023-06-07 15:40:29,701 - my_logger - INFO - epoch 78, train loss: 0.2557
2023-06-07 15:40:29,707 - my_logger - INFO - evaluating......
2023-06-07 15:40:29,708 - my_logger - INFO - epoch 78, valid loss: 0.5804, valid auc: 92.05%
2023-06-07 15:40:29,711 - my_logger - INFO - epoch 79, train loss: 0.2519
2023-06-07 15:40:29,719 - my_logger - INFO - epoch 80, train loss: 0.2481
2023-06-07 15:40:29,725 - my_logger - INFO - evaluating......
2023-06-07 15:40:29,725 - my_logger - INFO - epoch 80, valid loss: 0.5921, valid auc: 91.87%
2023-06-07 15:40:29,729 - my_logger - INFO - epoch 81, train loss: 0.2442
2023-06-07 15:40:29,736 - my_logger - INFO - epoch 82, train loss: 0.2403
2023-06-07 15:40:29,742 - my_logger - INFO - evaluating......
2023-06-07 15:40:29,742 - my_logger - INFO - epoch 82, valid loss: 0.6051, valid auc: 91.63%
2023-06-07 15:40:29,745 - my_logger - INFO - epoch 83, train loss: 0.2364
2023-06-07 15:40:29,752 - my_logger - INFO - epoch 84, train loss: 0.2325
2023-06-07 15:40:29,758 - my_logger - INFO - evaluating......
2023-06-07 15:40:29,758 - my_logger - INFO - epoch 84, valid loss: 0.6194, valid auc: 91.42%
2023-06-07 15:40:29,762 - my_logger - INFO - epoch 85, train loss: 0.2285
2023-06-07 15:40:29,769 - my_logger - INFO - epoch 86, train loss: 0.2245
2023-06-07 15:40:29,775 - my_logger - INFO - evaluating......
2023-06-07 15:40:29,775 - my_logger - INFO - epoch 86, valid loss: 0.6349, valid auc: 91.19%
2023-06-07 15:40:29,779 - my_logger - INFO - epoch 87, train loss: 0.2205
2023-06-07 15:40:29,786 - my_logger - INFO - epoch 88, train loss: 0.2165
2023-06-07 15:40:29,792 - my_logger - INFO - evaluating......
2023-06-07 15:40:29,792 - my_logger - INFO - epoch 88, valid loss: 0.6517, valid auc: 90.94%
2023-06-07 15:40:29,795 - my_logger - INFO - epoch 89, train loss: 0.2124
2023-06-07 15:40:29,803 - my_logger - INFO - epoch 90, train loss: 0.2084
2023-06-07 15:40:29,808 - my_logger - INFO - evaluating......
2023-06-07 15:40:29,808 - my_logger - INFO - epoch 90, valid loss: 0.6696, valid auc: 90.74%
2023-06-07 15:40:29,812 - my_logger - INFO - epoch 91, train loss: 0.2044
2023-06-07 15:40:29,820 - my_logger - INFO - epoch 92, train loss: 0.2003
2023-06-07 15:40:29,825 - my_logger - INFO - evaluating......
2023-06-07 15:40:29,825 - my_logger - INFO - epoch 92, valid loss: 0.6889, valid auc: 90.54%
2023-06-07 15:40:29,829 - my_logger - INFO - epoch 93, train loss: 0.1964
2023-06-07 15:40:29,836 - my_logger - INFO - epoch 94, train loss: 0.1928
2023-06-07 15:40:29,843 - my_logger - INFO - evaluating......
2023-06-07 15:40:29,843 - my_logger - INFO - epoch 94, valid loss: 0.7100, valid auc: 90.41%
2023-06-07 15:40:29,846 - my_logger - INFO - epoch 95, train loss: 0.1901
2023-06-07 15:40:29,854 - my_logger - INFO - epoch 96, train loss: 0.1892
2023-06-07 15:40:29,860 - my_logger - INFO - evaluating......
2023-06-07 15:40:29,860 - my_logger - INFO - epoch 96, valid loss: 0.7366, valid auc: 90.33%
2023-06-07 15:40:29,864 - my_logger - INFO - epoch 97, train loss: 0.1887
2023-06-07 15:40:29,871 - my_logger - INFO - epoch 98, train loss: 0.1843
2023-06-07 15:40:29,877 - my_logger - INFO - evaluating......
2023-06-07 15:40:29,877 - my_logger - INFO - epoch 98, valid loss: 0.7616, valid auc: 90.09%
2023-06-07 15:40:29,881 - my_logger - INFO - epoch 99, train loss: 0.1742
2023-06-07 15:40:29,889 - my_logger - INFO - epoch 100, train loss: 0.1711
2023-06-07 15:40:29,895 - my_logger - INFO - evaluating......
2023-06-07 15:40:29,895 - my_logger - INFO - epoch 100, valid loss: 0.7860, valid auc: 89.44%
2023-06-07 15:40:29,899 - my_logger - INFO - epoch 101, train loss: 0.1702
2023-06-07 15:40:29,906 - my_logger - INFO - epoch 102, train loss: 0.1628
2023-06-07 15:40:29,912 - my_logger - INFO - evaluating......
2023-06-07 15:40:29,912 - my_logger - INFO - epoch 102, valid loss: 0.8073, valid auc: 89.45%
2023-06-07 15:40:29,916 - my_logger - INFO - epoch 103, train loss: 0.1594
2023-06-07 15:40:29,924 - my_logger - INFO - epoch 104, train loss: 0.1572
2023-06-07 15:40:29,930 - my_logger - INFO - evaluating......
2023-06-07 15:40:29,930 - my_logger - INFO - epoch 104, valid loss: 0.8264, valid auc: 89.63%
2023-06-07 15:40:29,934 - my_logger - INFO - epoch 105, train loss: 0.1508
2023-06-07 15:40:29,942 - my_logger - INFO - epoch 106, train loss: 0.1481
2023-06-07 15:40:29,948 - my_logger - INFO - evaluating......
2023-06-07 15:40:29,948 - my_logger - INFO - epoch 106, valid loss: 0.8602, valid auc: 89.06%
2023-06-07 15:40:29,952 - my_logger - INFO - epoch 107, train loss: 0.1447
2023-06-07 15:40:29,960 - my_logger - INFO - epoch 108, train loss: 0.1394
2023-06-07 15:40:29,966 - my_logger - INFO - evaluating......
2023-06-07 15:40:29,966 - my_logger - INFO - epoch 108, valid loss: 0.8856, valid auc: 89.10%
2023-06-07 15:40:29,971 - my_logger - INFO - epoch 109, train loss: 0.1369
2023-06-07 15:40:29,978 - my_logger - INFO - epoch 110, train loss: 0.1326
2023-06-07 15:40:29,984 - my_logger - INFO - evaluating......
2023-06-07 15:40:29,984 - my_logger - INFO - epoch 110, valid loss: 0.9112, valid auc: 89.21%
2023-06-07 15:40:29,988 - my_logger - INFO - epoch 111, train loss: 0.1283
2023-06-07 15:40:29,996 - my_logger - INFO - epoch 112, train loss: 0.1254
2023-06-07 15:40:30,002 - my_logger - INFO - evaluating......
2023-06-07 15:40:30,003 - my_logger - INFO - epoch 112, valid loss: 0.9519, valid auc: 88.78%
2023-06-07 15:40:30,006 - my_logger - INFO - epoch 113, train loss: 0.1210
2023-06-07 15:40:30,014 - my_logger - INFO - epoch 114, train loss: 0.1174
2023-06-07 15:40:30,020 - my_logger - INFO - evaluating......
2023-06-07 15:40:30,020 - my_logger - INFO - epoch 114, valid loss: 0.9835, valid auc: 88.85%
2023-06-07 15:40:30,024 - my_logger - INFO - epoch 115, train loss: 0.1140
2023-06-07 15:40:30,031 - my_logger - INFO - epoch 116, train loss: 0.1098
2023-06-07 15:40:30,038 - my_logger - INFO - evaluating......
2023-06-07 15:40:30,038 - my_logger - INFO - epoch 116, valid loss: 1.0207, valid auc: 88.80%
2023-06-07 15:40:30,042 - my_logger - INFO - epoch 117, train loss: 0.1065
2023-06-07 15:40:30,050 - my_logger - INFO - epoch 118, train loss: 0.1028
2023-06-07 15:40:30,057 - my_logger - INFO - evaluating......
2023-06-07 15:40:30,057 - my_logger - INFO - epoch 118, valid loss: 1.0677, valid auc: 88.57%
2023-06-07 15:40:30,061 - my_logger - INFO - epoch 119, train loss: 0.0990
2023-06-07 15:40:30,070 - my_logger - INFO - epoch 120, train loss: 0.0958
2023-06-07 15:40:30,076 - my_logger - INFO - evaluating......
2023-06-07 15:40:30,077 - my_logger - INFO - epoch 120, valid loss: 1.1085, valid auc: 88.59%
2023-06-07 15:40:30,081 - my_logger - INFO - epoch 121, train loss: 0.0920
2023-06-07 15:40:30,091 - my_logger - INFO - epoch 122, train loss: 0.0886
2023-06-07 15:40:30,097 - my_logger - INFO - evaluating......
2023-06-07 15:40:30,097 - my_logger - INFO - epoch 122, valid loss: 1.1578, valid auc: 88.43%
2023-06-07 15:40:30,101 - my_logger - INFO - epoch 123, train loss: 0.0854
2023-06-07 15:40:30,110 - my_logger - INFO - epoch 124, train loss: 0.0817
2023-06-07 15:40:30,116 - my_logger - INFO - evaluating......
2023-06-07 15:40:30,116 - my_logger - INFO - epoch 124, valid loss: 1.2083, valid auc: 88.34%
2023-06-07 15:40:30,121 - my_logger - INFO - epoch 125, train loss: 0.0786
2023-06-07 15:40:30,129 - my_logger - INFO - epoch 126, train loss: 0.0752
2023-06-07 15:40:30,135 - my_logger - INFO - evaluating......
2023-06-07 15:40:30,135 - my_logger - INFO - epoch 126, valid loss: 1.2622, valid auc: 88.23%
2023-06-07 15:40:30,139 - my_logger - INFO - epoch 127, train loss: 0.0719
2023-06-07 15:40:30,146 - my_logger - INFO - epoch 128, train loss: 0.0689
2023-06-07 15:40:30,152 - my_logger - INFO - evaluating......
2023-06-07 15:40:30,152 - my_logger - INFO - epoch 128, valid loss: 1.3239, valid auc: 88.12%
2023-06-07 15:40:30,156 - my_logger - INFO - epoch 129, train loss: 0.0659
2023-06-07 15:40:30,164 - my_logger - INFO - epoch 130, train loss: 0.0634
2023-06-07 15:40:30,169 - my_logger - INFO - evaluating......
2023-06-07 15:40:30,170 - my_logger - INFO - epoch 130, valid loss: 1.3794, valid auc: 88.08%
2023-06-07 15:40:30,173 - my_logger - INFO - epoch 131, train loss: 0.0620
2023-06-07 15:40:30,181 - my_logger - INFO - epoch 132, train loss: 0.0643
2023-06-07 15:40:30,186 - my_logger - INFO - evaluating......
2023-06-07 15:40:30,186 - my_logger - INFO - epoch 132, valid loss: 1.4406, valid auc: 88.01%
2023-06-07 15:40:30,190 - my_logger - INFO - epoch 133, train loss: 0.0610
2023-06-07 15:40:30,197 - my_logger - INFO - epoch 134, train loss: 0.0578
2023-06-07 15:40:30,202 - my_logger - INFO - evaluating......
2023-06-07 15:40:30,203 - my_logger - INFO - epoch 134, valid loss: 1.5087, valid auc: 87.96%
2023-06-07 15:40:30,206 - my_logger - INFO - epoch 135, train loss: 0.0498
2023-06-07 15:40:30,213 - my_logger - INFO - epoch 136, train loss: 0.0522
2023-06-07 15:40:30,219 - my_logger - INFO - evaluating......
2023-06-07 15:40:30,219 - my_logger - INFO - epoch 136, valid loss: 1.6253, valid auc: 87.64%
2023-06-07 15:40:30,223 - my_logger - INFO - epoch 137, train loss: 0.0509
2023-06-07 15:40:30,230 - my_logger - INFO - epoch 138, train loss: 0.0433
2023-06-07 15:40:30,236 - my_logger - INFO - evaluating......
2023-06-07 15:40:30,236 - my_logger - INFO - epoch 138, valid loss: 1.6430, valid auc: 87.83%
2023-06-07 15:40:30,240 - my_logger - INFO - epoch 139, train loss: 0.0470
2023-06-07 15:40:30,247 - my_logger - INFO - epoch 140, train loss: 0.0412
2023-06-07 15:40:30,253 - my_logger - INFO - evaluating......
2023-06-07 15:40:30,253 - my_logger - INFO - epoch 140, valid loss: 1.6964, valid auc: 87.86%
2023-06-07 15:40:30,257 - my_logger - INFO - epoch 141, train loss: 0.0398
2023-06-07 15:40:30,265 - my_logger - INFO - epoch 142, train loss: 0.0373
2023-06-07 15:40:30,271 - my_logger - INFO - evaluating......
2023-06-07 15:40:30,271 - my_logger - INFO - epoch 142, valid loss: 1.8212, valid auc: 87.57%
2023-06-07 15:40:30,275 - my_logger - INFO - epoch 143, train loss: 0.0341
2023-06-07 15:40:30,282 - my_logger - INFO - epoch 144, train loss: 0.0331
2023-06-07 15:40:30,288 - my_logger - INFO - evaluating......
2023-06-07 15:40:30,288 - my_logger - INFO - epoch 144, valid loss: 1.8316, valid auc: 87.76%
2023-06-07 15:40:30,292 - my_logger - INFO - epoch 145, train loss: 0.0308
2023-06-07 15:40:30,299 - my_logger - INFO - epoch 146, train loss: 0.0292
2023-06-07 15:40:30,305 - my_logger - INFO - evaluating......
2023-06-07 15:40:30,306 - my_logger - INFO - epoch 146, valid loss: 1.9436, valid auc: 87.60%
2023-06-07 15:40:30,310 - my_logger - INFO - epoch 147, train loss: 0.0272
2023-06-07 15:40:30,317 - my_logger - INFO - epoch 148, train loss: 0.0255
2023-06-07 15:40:30,323 - my_logger - INFO - evaluating......
2023-06-07 15:40:30,323 - my_logger - INFO - epoch 148, valid loss: 1.9767, valid auc: 87.71%
2023-06-07 15:40:30,327 - my_logger - INFO - epoch 149, train loss: 0.0246
2023-06-07 15:40:30,334 - my_logger - INFO - epoch 150, train loss: 0.0225
2023-06-07 15:40:30,340 - my_logger - INFO - evaluating......
2023-06-07 15:40:30,341 - my_logger - INFO - epoch 150, valid loss: 2.0617, valid auc: 87.69%
2023-06-07 15:40:30,344 - my_logger - INFO - epoch 151, train loss: 0.0221
2023-06-07 15:40:30,352 - my_logger - INFO - epoch 152, train loss: 0.0200
2023-06-07 15:40:30,358 - my_logger - INFO - evaluating......
2023-06-07 15:40:30,358 - my_logger - INFO - epoch 152, valid loss: 2.1179, valid auc: 87.61%
2023-06-07 15:40:30,362 - my_logger - INFO - epoch 153, train loss: 0.0195
2023-06-07 15:40:30,369 - my_logger - INFO - epoch 154, train loss: 0.0176
2023-06-07 15:40:30,375 - my_logger - INFO - evaluating......
2023-06-07 15:40:30,375 - my_logger - INFO - epoch 154, valid loss: 2.2004, valid auc: 87.62%
2023-06-07 15:40:30,379 - my_logger - INFO - epoch 155, train loss: 0.0173
2023-06-07 15:40:30,386 - my_logger - INFO - epoch 156, train loss: 0.0156
2023-06-07 15:40:30,392 - my_logger - INFO - evaluating......
2023-06-07 15:40:30,392 - my_logger - INFO - epoch 156, valid loss: 2.2734, valid auc: 87.51%
2023-06-07 15:40:30,395 - my_logger - INFO - epoch 157, train loss: 0.0150
2023-06-07 15:40:30,402 - my_logger - INFO - epoch 158, train loss: 0.0138
2023-06-07 15:40:30,408 - my_logger - INFO - evaluating......
2023-06-07 15:40:30,408 - my_logger - INFO - epoch 158, valid loss: 2.3278, valid auc: 87.67%
2023-06-07 15:40:30,412 - my_logger - INFO - epoch 159, train loss: 0.0132
2023-06-07 15:40:30,419 - my_logger - INFO - epoch 160, train loss: 0.0123
2023-06-07 15:40:30,425 - my_logger - INFO - evaluating......
2023-06-07 15:40:30,425 - my_logger - INFO - epoch 160, valid loss: 2.4160, valid auc: 87.60%
2023-06-07 15:40:30,428 - my_logger - INFO - epoch 161, train loss: 0.0115
2023-06-07 15:40:30,435 - my_logger - INFO - epoch 162, train loss: 0.0110
2023-06-07 15:40:30,441 - my_logger - INFO - evaluating......
2023-06-07 15:40:30,441 - my_logger - INFO - epoch 162, valid loss: 2.4508, valid auc: 87.67%
2023-06-07 15:40:30,445 - my_logger - INFO - epoch 163, train loss: 0.0101
2023-06-07 15:40:30,452 - my_logger - INFO - epoch 164, train loss: 0.0097
2023-06-07 15:40:30,458 - my_logger - INFO - evaluating......
2023-06-07 15:40:30,458 - my_logger - INFO - epoch 164, valid loss: 2.5532, valid auc: 87.64%
2023-06-07 15:40:30,461 - my_logger - INFO - epoch 165, train loss: 0.0089
2023-06-07 15:40:30,468 - my_logger - INFO - epoch 166, train loss: 0.0085
2023-06-07 15:40:30,474 - my_logger - INFO - evaluating......
2023-06-07 15:40:30,474 - my_logger - INFO - epoch 166, valid loss: 2.5873, valid auc: 87.67%
2023-06-07 15:40:30,478 - my_logger - INFO - epoch 167, train loss: 0.0080
2023-06-07 15:40:30,485 - my_logger - INFO - epoch 168, train loss: 0.0074
2023-06-07 15:40:30,492 - my_logger - INFO - evaluating......
2023-06-07 15:40:30,492 - my_logger - INFO - epoch 168, valid loss: 2.6588, valid auc: 87.71%
2023-06-07 15:40:30,496 - my_logger - INFO - epoch 169, train loss: 0.0071
2023-06-07 15:40:30,504 - my_logger - INFO - epoch 170, train loss: 0.0066
2023-06-07 15:40:30,511 - my_logger - INFO - evaluating......
2023-06-07 15:40:30,511 - my_logger - INFO - epoch 170, valid loss: 2.7248, valid auc: 87.67%
2023-06-07 15:40:30,515 - my_logger - INFO - epoch 171, train loss: 0.0062
2023-06-07 15:40:30,523 - my_logger - INFO - epoch 172, train loss: 0.0059
2023-06-07 15:40:30,530 - my_logger - INFO - evaluating......
2023-06-07 15:40:30,531 - my_logger - INFO - epoch 172, valid loss: 2.7738, valid auc: 87.69%
2023-06-07 15:40:30,535 - my_logger - INFO - epoch 173, train loss: 0.0055
2023-06-07 15:40:30,543 - my_logger - INFO - epoch 174, train loss: 0.0053
2023-06-07 15:40:30,549 - my_logger - INFO - evaluating......
2023-06-07 15:40:30,550 - my_logger - INFO - epoch 174, valid loss: 2.8466, valid auc: 87.73%
2023-06-07 15:40:30,554 - my_logger - INFO - epoch 175, train loss: 0.0049
2023-06-07 15:40:30,567 - my_logger - INFO - epoch 176, train loss: 0.0047
2023-06-07 15:40:30,575 - my_logger - INFO - evaluating......
2023-06-07 15:40:30,576 - my_logger - INFO - epoch 176, valid loss: 2.8892, valid auc: 87.73%
2023-06-07 15:40:30,581 - my_logger - INFO - epoch 177, train loss: 0.0045
2023-06-07 15:40:30,591 - my_logger - INFO - epoch 178, train loss: 0.0042
2023-06-07 15:40:30,598 - my_logger - INFO - evaluating......
2023-06-07 15:40:30,599 - my_logger - INFO - epoch 178, valid loss: 2.9393, valid auc: 87.76%
2023-06-07 15:40:30,603 - my_logger - INFO - epoch 179, train loss: 0.0040
2023-06-07 15:40:30,612 - my_logger - INFO - epoch 180, train loss: 0.0038
2023-06-07 15:40:30,619 - my_logger - INFO - evaluating......
2023-06-07 15:40:30,619 - my_logger - INFO - epoch 180, valid loss: 2.9989, valid auc: 87.79%
2023-06-07 15:40:30,623 - my_logger - INFO - epoch 181, train loss: 0.0036
2023-06-07 15:40:30,631 - my_logger - INFO - epoch 182, train loss: 0.0034
2023-06-07 15:40:30,638 - my_logger - INFO - evaluating......
2023-06-07 15:40:30,638 - my_logger - INFO - epoch 182, valid loss: 3.0380, valid auc: 87.79%
2023-06-07 15:40:30,642 - my_logger - INFO - epoch 183, train loss: 0.0033
2023-06-07 15:40:30,650 - my_logger - INFO - epoch 184, train loss: 0.0031
2023-06-07 15:40:30,657 - my_logger - INFO - evaluating......
2023-06-07 15:40:30,657 - my_logger - INFO - epoch 184, valid loss: 3.0819, valid auc: 87.82%
2023-06-07 15:40:30,662 - my_logger - INFO - epoch 185, train loss: 0.0030
2023-06-07 15:40:30,670 - my_logger - INFO - epoch 186, train loss: 0.0029
2023-06-07 15:40:30,677 - my_logger - INFO - evaluating......
2023-06-07 15:40:30,677 - my_logger - INFO - epoch 186, valid loss: 3.1307, valid auc: 87.85%
2023-06-07 15:40:30,681 - my_logger - INFO - epoch 187, train loss: 0.0028
2023-06-07 15:40:30,690 - my_logger - INFO - epoch 188, train loss: 0.0026
2023-06-07 15:40:30,696 - my_logger - INFO - evaluating......
2023-06-07 15:40:30,696 - my_logger - INFO - epoch 188, valid loss: 3.1661, valid auc: 87.86%
2023-06-07 15:40:30,700 - my_logger - INFO - epoch 189, train loss: 0.0025
2023-06-07 15:40:30,709 - my_logger - INFO - epoch 190, train loss: 0.0024
2023-06-07 15:40:30,715 - my_logger - INFO - evaluating......
2023-06-07 15:40:30,715 - my_logger - INFO - epoch 190, valid loss: 3.2036, valid auc: 87.86%
2023-06-07 15:40:30,720 - my_logger - INFO - epoch 191, train loss: 0.0023
2023-06-07 15:40:30,728 - my_logger - INFO - epoch 192, train loss: 0.0022
2023-06-07 15:40:30,734 - my_logger - INFO - evaluating......
2023-06-07 15:40:30,734 - my_logger - INFO - epoch 192, valid loss: 3.2502, valid auc: 87.88%
2023-06-07 15:40:30,738 - my_logger - INFO - epoch 193, train loss: 0.0021
2023-06-07 15:40:30,746 - my_logger - INFO - epoch 194, train loss: 0.0020
2023-06-07 15:40:30,752 - my_logger - INFO - evaluating......
2023-06-07 15:40:30,752 - my_logger - INFO - epoch 194, valid loss: 3.2834, valid auc: 87.91%
2023-06-07 15:40:30,756 - my_logger - INFO - epoch 195, train loss: 0.0020
2023-06-07 15:40:30,763 - my_logger - INFO - epoch 196, train loss: 0.0019
2023-06-07 15:40:30,769 - my_logger - INFO - evaluating......
2023-06-07 15:40:30,769 - my_logger - INFO - epoch 196, valid loss: 3.3086, valid auc: 87.92%
2023-06-07 15:40:30,773 - my_logger - INFO - epoch 197, train loss: 0.0018
2023-06-07 15:40:30,780 - my_logger - INFO - epoch 198, train loss: 0.0017
2023-06-07 15:40:30,786 - my_logger - INFO - evaluating......
2023-06-07 15:40:30,786 - my_logger - INFO - epoch 198, valid loss: 3.3484, valid auc: 87.93%
2023-06-07 15:40:30,790 - my_logger - INFO - epoch 199, train loss: 0.0017
2023-06-07 15:40:30,793 - my_logger - INFO - total train time used: 2.6392s
2023-06-07 15:40:30,793 - my_logger - INFO - testing......
2023-06-07 15:40:30,799 - my_logger - INFO - test auc: 92.85%
