2023-06-22 15:25:37,623 - my_logger - INFO - training......
2023-06-22 15:25:38,362 - my_logger - INFO - epoch 0, train loss: 0.6934
2023-06-22 15:25:38,372 - my_logger - INFO - evaluating......
2023-06-22 15:25:38,372 - my_logger - INFO - epoch 0, valid loss: 0.6933, valid auc: 43.90%
2023-06-22 15:25:38,381 - my_logger - INFO - epoch 1, train loss: 0.6931
2023-06-22 15:25:38,390 - my_logger - INFO - epoch 2, train loss: 0.6933
2023-06-22 15:25:38,397 - my_logger - INFO - evaluating......
2023-06-22 15:25:38,397 - my_logger - INFO - epoch 2, valid loss: 0.6936, valid auc: 58.66%
2023-06-22 15:25:38,406 - my_logger - INFO - epoch 3, train loss: 0.6925
2023-06-22 15:25:38,417 - my_logger - INFO - epoch 4, train loss: 0.6923
2023-06-22 15:25:38,423 - my_logger - INFO - evaluating......
2023-06-22 15:25:38,423 - my_logger - INFO - epoch 4, valid loss: 0.6928, valid auc: 59.29%
2023-06-22 15:25:38,433 - my_logger - INFO - epoch 5, train loss: 0.6911
2023-06-22 15:25:38,442 - my_logger - INFO - epoch 6, train loss: 0.6917
2023-06-22 15:25:38,449 - my_logger - INFO - evaluating......
2023-06-22 15:25:38,450 - my_logger - INFO - epoch 6, valid loss: 0.6946, valid auc: 60.47%
2023-06-22 15:25:38,458 - my_logger - INFO - epoch 7, train loss: 0.6897
2023-06-22 15:25:38,468 - my_logger - INFO - epoch 8, train loss: 0.6900
2023-06-22 15:25:38,474 - my_logger - INFO - evaluating......
2023-06-22 15:25:38,474 - my_logger - INFO - epoch 8, valid loss: 0.6923, valid auc: 60.52%
2023-06-22 15:25:38,483 - my_logger - INFO - epoch 9, train loss: 0.6862
2023-06-22 15:25:38,492 - my_logger - INFO - epoch 10, train loss: 0.6855
2023-06-22 15:25:38,498 - my_logger - INFO - evaluating......
2023-06-22 15:25:38,499 - my_logger - INFO - epoch 10, valid loss: 0.6949, valid auc: 62.00%
2023-06-22 15:25:38,507 - my_logger - INFO - epoch 11, train loss: 0.6750
2023-06-22 15:25:38,517 - my_logger - INFO - epoch 12, train loss: 0.6650
2023-06-22 15:25:38,524 - my_logger - INFO - evaluating......
2023-06-22 15:25:38,524 - my_logger - INFO - epoch 12, valid loss: 0.6786, valid auc: 62.26%
2023-06-22 15:25:38,533 - my_logger - INFO - epoch 13, train loss: 0.6355
2023-06-22 15:25:38,543 - my_logger - INFO - epoch 14, train loss: 0.6198
2023-06-22 15:25:38,549 - my_logger - INFO - evaluating......
2023-06-22 15:25:38,549 - my_logger - INFO - epoch 14, valid loss: 0.6347, valid auc: 73.79%
2023-06-22 15:25:38,558 - my_logger - INFO - epoch 15, train loss: 0.6265
2023-06-22 15:25:38,567 - my_logger - INFO - epoch 16, train loss: 0.6575
2023-06-22 15:25:38,573 - my_logger - INFO - evaluating......
2023-06-22 15:25:38,573 - my_logger - INFO - epoch 16, valid loss: 0.6488, valid auc: 73.29%
2023-06-22 15:25:38,579 - my_logger - INFO - epoch 17, train loss: 0.5811
2023-06-22 15:25:38,588 - my_logger - INFO - epoch 18, train loss: 0.5885
2023-06-22 15:25:38,594 - my_logger - INFO - evaluating......
2023-06-22 15:25:38,594 - my_logger - INFO - epoch 18, valid loss: 0.6222, valid auc: 72.75%
2023-06-22 15:25:38,600 - my_logger - INFO - epoch 19, train loss: 0.5779
2023-06-22 15:25:38,609 - my_logger - INFO - epoch 20, train loss: 0.5699
2023-06-22 15:25:38,615 - my_logger - INFO - evaluating......
2023-06-22 15:25:38,615 - my_logger - INFO - epoch 20, valid loss: 0.6131, valid auc: 73.75%
2023-06-22 15:25:38,620 - my_logger - INFO - epoch 21, train loss: 0.5837
2023-06-22 15:25:38,630 - my_logger - INFO - epoch 22, train loss: 0.5655
2023-06-22 15:25:38,636 - my_logger - INFO - evaluating......
2023-06-22 15:25:38,636 - my_logger - INFO - epoch 22, valid loss: 0.5951, valid auc: 76.90%
2023-06-22 15:25:38,644 - my_logger - INFO - epoch 23, train loss: 0.5438
2023-06-22 15:25:38,653 - my_logger - INFO - epoch 24, train loss: 0.5345
2023-06-22 15:25:38,659 - my_logger - INFO - evaluating......
2023-06-22 15:25:38,659 - my_logger - INFO - epoch 24, valid loss: 0.5647, valid auc: 76.84%
2023-06-22 15:25:38,665 - my_logger - INFO - epoch 25, train loss: 0.5375
2023-06-22 15:25:38,674 - my_logger - INFO - epoch 26, train loss: 0.5369
2023-06-22 15:25:38,680 - my_logger - INFO - evaluating......
2023-06-22 15:25:38,680 - my_logger - INFO - epoch 26, valid loss: 0.5724, valid auc: 77.27%
2023-06-22 15:25:38,689 - my_logger - INFO - epoch 27, train loss: 0.5219
2023-06-22 15:25:38,698 - my_logger - INFO - epoch 28, train loss: 0.5187
2023-06-22 15:25:38,704 - my_logger - INFO - evaluating......
2023-06-22 15:25:38,705 - my_logger - INFO - epoch 28, valid loss: 0.5792, valid auc: 78.03%
2023-06-22 15:25:38,713 - my_logger - INFO - epoch 29, train loss: 0.5170
2023-06-22 15:25:38,722 - my_logger - INFO - epoch 30, train loss: 0.5080
2023-06-22 15:25:38,728 - my_logger - INFO - evaluating......
2023-06-22 15:25:38,728 - my_logger - INFO - epoch 30, valid loss: 0.5613, valid auc: 76.89%
2023-06-22 15:25:38,734 - my_logger - INFO - epoch 31, train loss: 0.5059
2023-06-22 15:25:38,744 - my_logger - INFO - epoch 32, train loss: 0.5061
2023-06-22 15:25:38,750 - my_logger - INFO - evaluating......
2023-06-22 15:25:38,750 - my_logger - INFO - epoch 32, valid loss: 0.5431, valid auc: 77.73%
2023-06-22 15:25:38,755 - my_logger - INFO - epoch 33, train loss: 0.5057
2023-06-22 15:25:38,764 - my_logger - INFO - epoch 34, train loss: 0.4981
2023-06-22 15:25:38,770 - my_logger - INFO - evaluating......
2023-06-22 15:25:38,770 - my_logger - INFO - epoch 34, valid loss: 0.5410, valid auc: 77.85%
2023-06-22 15:25:38,776 - my_logger - INFO - epoch 35, train loss: 0.4923
2023-06-22 15:25:38,785 - my_logger - INFO - epoch 36, train loss: 0.4937
2023-06-22 15:25:38,791 - my_logger - INFO - evaluating......
2023-06-22 15:25:38,791 - my_logger - INFO - epoch 36, valid loss: 0.5666, valid auc: 77.47%
2023-06-22 15:25:38,796 - my_logger - INFO - epoch 37, train loss: 0.4867
2023-06-22 15:25:38,805 - my_logger - INFO - epoch 38, train loss: 0.4890
2023-06-22 15:25:38,811 - my_logger - INFO - evaluating......
2023-06-22 15:25:38,811 - my_logger - INFO - epoch 38, valid loss: 0.5651, valid auc: 78.02%
2023-06-22 15:25:38,817 - my_logger - INFO - epoch 39, train loss: 0.4847
2023-06-22 15:25:38,826 - my_logger - INFO - epoch 40, train loss: 0.4791
2023-06-22 15:25:38,832 - my_logger - INFO - evaluating......
2023-06-22 15:25:38,832 - my_logger - INFO - epoch 40, valid loss: 0.5665, valid auc: 77.95%
2023-06-22 15:25:38,837 - my_logger - INFO - epoch 41, train loss: 0.4787
2023-06-22 15:25:38,846 - my_logger - INFO - epoch 42, train loss: 0.4726
2023-06-22 15:25:38,852 - my_logger - INFO - evaluating......
2023-06-22 15:25:38,853 - my_logger - INFO - epoch 42, valid loss: 0.5470, valid auc: 78.37%
2023-06-22 15:25:38,861 - my_logger - INFO - epoch 43, train loss: 0.4725
2023-06-22 15:25:38,871 - my_logger - INFO - epoch 44, train loss: 0.4669
2023-06-22 15:25:38,877 - my_logger - INFO - evaluating......
2023-06-22 15:25:38,878 - my_logger - INFO - epoch 44, valid loss: 0.5410, valid auc: 78.86%
2023-06-22 15:25:38,887 - my_logger - INFO - epoch 45, train loss: 0.4610
2023-06-22 15:25:38,897 - my_logger - INFO - epoch 46, train loss: 0.4551
2023-06-22 15:25:38,906 - my_logger - INFO - evaluating......
2023-06-22 15:25:38,907 - my_logger - INFO - epoch 46, valid loss: 0.5491, valid auc: 80.02%
2023-06-22 15:25:38,917 - my_logger - INFO - epoch 47, train loss: 0.4474
2023-06-22 15:25:38,927 - my_logger - INFO - epoch 48, train loss: 0.4425
2023-06-22 15:25:38,934 - my_logger - INFO - evaluating......
2023-06-22 15:25:38,934 - my_logger - INFO - epoch 48, valid loss: 0.5264, valid auc: 81.88%
2023-06-22 15:25:38,944 - my_logger - INFO - epoch 49, train loss: 0.4307
2023-06-22 15:25:38,954 - my_logger - INFO - epoch 50, train loss: 0.4131
2023-06-22 15:25:38,961 - my_logger - INFO - evaluating......
2023-06-22 15:25:38,961 - my_logger - INFO - epoch 50, valid loss: 0.4999, valid auc: 84.08%
2023-06-22 15:25:38,970 - my_logger - INFO - epoch 51, train loss: 0.4121
2023-06-22 15:25:38,980 - my_logger - INFO - epoch 52, train loss: 0.4118
2023-06-22 15:25:38,986 - my_logger - INFO - evaluating......
2023-06-22 15:25:38,986 - my_logger - INFO - epoch 52, valid loss: 0.4822, valid auc: 84.95%
2023-06-22 15:25:38,996 - my_logger - INFO - epoch 53, train loss: 0.4003
2023-06-22 15:25:39,006 - my_logger - INFO - epoch 54, train loss: 0.3891
2023-06-22 15:25:39,012 - my_logger - INFO - evaluating......
2023-06-22 15:25:39,012 - my_logger - INFO - epoch 54, valid loss: 0.4906, valid auc: 85.84%
2023-06-22 15:25:39,022 - my_logger - INFO - epoch 55, train loss: 0.3921
2023-06-22 15:25:39,032 - my_logger - INFO - epoch 56, train loss: 0.4012
2023-06-22 15:25:39,038 - my_logger - INFO - evaluating......
2023-06-22 15:25:39,039 - my_logger - INFO - epoch 56, valid loss: 0.5059, valid auc: 85.35%
2023-06-22 15:25:39,044 - my_logger - INFO - epoch 57, train loss: 0.4261
2023-06-22 15:25:39,054 - my_logger - INFO - epoch 58, train loss: 0.3756
2023-06-22 15:25:39,061 - my_logger - INFO - evaluating......
2023-06-22 15:25:39,061 - my_logger - INFO - epoch 58, valid loss: 0.4629, valid auc: 86.34%
2023-06-22 15:25:39,070 - my_logger - INFO - epoch 59, train loss: 0.3798
2023-06-22 15:25:39,079 - my_logger - INFO - epoch 60, train loss: 0.3857
2023-06-22 15:25:39,086 - my_logger - INFO - evaluating......
2023-06-22 15:25:39,086 - my_logger - INFO - epoch 60, valid loss: 0.4760, valid auc: 85.84%
2023-06-22 15:25:39,091 - my_logger - INFO - epoch 61, train loss: 0.3633
2023-06-22 15:25:39,101 - my_logger - INFO - epoch 62, train loss: 0.3535
2023-06-22 15:25:39,107 - my_logger - INFO - evaluating......
2023-06-22 15:25:39,107 - my_logger - INFO - epoch 62, valid loss: 0.4486, valid auc: 87.24%
2023-06-22 15:25:39,116 - my_logger - INFO - epoch 63, train loss: 0.3497
2023-06-22 15:25:39,125 - my_logger - INFO - epoch 64, train loss: 0.3421
2023-06-22 15:25:39,132 - my_logger - INFO - evaluating......
2023-06-22 15:25:39,132 - my_logger - INFO - epoch 64, valid loss: 0.4825, valid auc: 87.41%
2023-06-22 15:25:39,141 - my_logger - INFO - epoch 65, train loss: 0.3443
2023-06-22 15:25:39,150 - my_logger - INFO - epoch 66, train loss: 0.3422
2023-06-22 15:25:39,156 - my_logger - INFO - evaluating......
2023-06-22 15:25:39,156 - my_logger - INFO - epoch 66, valid loss: 0.5076, valid auc: 88.06%
2023-06-22 15:25:39,166 - my_logger - INFO - epoch 67, train loss: 0.3690
2023-06-22 15:25:39,176 - my_logger - INFO - epoch 68, train loss: 0.3245
2023-06-22 15:25:39,183 - my_logger - INFO - evaluating......
2023-06-22 15:25:39,183 - my_logger - INFO - epoch 68, valid loss: 0.4625, valid auc: 88.34%
2023-06-22 15:25:39,193 - my_logger - INFO - epoch 69, train loss: 0.3490
2023-06-22 15:25:39,203 - my_logger - INFO - epoch 70, train loss: 0.3162
2023-06-22 15:25:39,210 - my_logger - INFO - evaluating......
2023-06-22 15:25:39,210 - my_logger - INFO - epoch 70, valid loss: 0.4341, valid auc: 88.68%
2023-06-22 15:25:39,219 - my_logger - INFO - epoch 71, train loss: 0.3293
2023-06-22 15:25:39,229 - my_logger - INFO - epoch 72, train loss: 0.3245
2023-06-22 15:25:39,235 - my_logger - INFO - evaluating......
2023-06-22 15:25:39,236 - my_logger - INFO - epoch 72, valid loss: 0.4262, valid auc: 88.74%
2023-06-22 15:25:39,244 - my_logger - INFO - epoch 73, train loss: 0.3132
2023-06-22 15:25:39,254 - my_logger - INFO - epoch 74, train loss: 0.3059
2023-06-22 15:25:39,260 - my_logger - INFO - evaluating......
2023-06-22 15:25:39,260 - my_logger - INFO - epoch 74, valid loss: 0.4354, valid auc: 88.78%
2023-06-22 15:25:39,269 - my_logger - INFO - epoch 75, train loss: 0.3019
2023-06-22 15:25:39,278 - my_logger - INFO - epoch 76, train loss: 0.3051
2023-06-22 15:25:39,285 - my_logger - INFO - evaluating......
2023-06-22 15:25:39,285 - my_logger - INFO - epoch 76, valid loss: 0.4556, valid auc: 89.13%
2023-06-22 15:25:39,293 - my_logger - INFO - epoch 77, train loss: 0.3114
2023-06-22 15:25:39,303 - my_logger - INFO - epoch 78, train loss: 0.3105
2023-06-22 15:25:39,309 - my_logger - INFO - evaluating......
2023-06-22 15:25:39,309 - my_logger - INFO - epoch 78, valid loss: 0.4788, valid auc: 89.30%
2023-06-22 15:25:39,317 - my_logger - INFO - epoch 79, train loss: 0.3079
2023-06-22 15:25:39,327 - my_logger - INFO - epoch 80, train loss: 0.2910
2023-06-22 15:25:39,333 - my_logger - INFO - evaluating......
2023-06-22 15:25:39,333 - my_logger - INFO - epoch 80, valid loss: 0.4452, valid auc: 89.31%
2023-06-22 15:25:39,341 - my_logger - INFO - epoch 81, train loss: 0.2978
2023-06-22 15:25:39,351 - my_logger - INFO - epoch 82, train loss: 0.2741
2023-06-22 15:25:39,357 - my_logger - INFO - evaluating......
2023-06-22 15:25:39,357 - my_logger - INFO - epoch 82, valid loss: 0.4180, valid auc: 89.85%
2023-06-22 15:25:39,365 - my_logger - INFO - epoch 83, train loss: 0.2816
2023-06-22 15:25:39,374 - my_logger - INFO - epoch 84, train loss: 0.2769
2023-06-22 15:25:39,381 - my_logger - INFO - evaluating......
2023-06-22 15:25:39,381 - my_logger - INFO - epoch 84, valid loss: 0.4148, valid auc: 89.70%
2023-06-22 15:25:39,386 - my_logger - INFO - epoch 85, train loss: 0.2715
2023-06-22 15:25:39,395 - my_logger - INFO - epoch 86, train loss: 0.2626
2023-06-22 15:25:39,401 - my_logger - INFO - evaluating......
2023-06-22 15:25:39,401 - my_logger - INFO - epoch 86, valid loss: 0.4196, valid auc: 89.98%
2023-06-22 15:25:39,411 - my_logger - INFO - epoch 87, train loss: 0.2581
2023-06-22 15:25:39,421 - my_logger - INFO - epoch 88, train loss: 0.2541
2023-06-22 15:25:39,427 - my_logger - INFO - evaluating......
2023-06-22 15:25:39,428 - my_logger - INFO - epoch 88, valid loss: 0.4371, valid auc: 90.11%
2023-06-22 15:25:39,436 - my_logger - INFO - epoch 89, train loss: 0.2462
2023-06-22 15:25:39,445 - my_logger - INFO - epoch 90, train loss: 0.2397
2023-06-22 15:25:39,452 - my_logger - INFO - evaluating......
2023-06-22 15:25:39,452 - my_logger - INFO - epoch 90, valid loss: 0.4485, valid auc: 90.57%
2023-06-22 15:25:39,462 - my_logger - INFO - epoch 91, train loss: 0.2353
2023-06-22 15:25:39,471 - my_logger - INFO - epoch 92, train loss: 0.2306
2023-06-22 15:25:39,477 - my_logger - INFO - evaluating......
2023-06-22 15:25:39,477 - my_logger - INFO - epoch 92, valid loss: 0.4559, valid auc: 90.76%
2023-06-22 15:25:39,486 - my_logger - INFO - epoch 93, train loss: 0.2213
2023-06-22 15:25:39,495 - my_logger - INFO - epoch 94, train loss: 0.2179
2023-06-22 15:25:39,501 - my_logger - INFO - evaluating......
2023-06-22 15:25:39,501 - my_logger - INFO - epoch 94, valid loss: 0.4303, valid auc: 91.49%
2023-06-22 15:25:39,509 - my_logger - INFO - epoch 95, train loss: 0.2118
2023-06-22 15:25:39,519 - my_logger - INFO - epoch 96, train loss: 0.2039
2023-06-22 15:25:39,524 - my_logger - INFO - evaluating......
2023-06-22 15:25:39,525 - my_logger - INFO - epoch 96, valid loss: 0.4268, valid auc: 91.75%
2023-06-22 15:25:39,533 - my_logger - INFO - epoch 97, train loss: 0.1971
2023-06-22 15:25:39,542 - my_logger - INFO - epoch 98, train loss: 0.1944
2023-06-22 15:25:39,548 - my_logger - INFO - evaluating......
2023-06-22 15:25:39,549 - my_logger - INFO - epoch 98, valid loss: 0.4271, valid auc: 92.37%
2023-06-22 15:25:39,558 - my_logger - INFO - epoch 99, train loss: 0.1912
2023-06-22 15:25:39,567 - my_logger - INFO - epoch 100, train loss: 0.1869
2023-06-22 15:25:39,573 - my_logger - INFO - evaluating......
2023-06-22 15:25:39,574 - my_logger - INFO - epoch 100, valid loss: 0.4319, valid auc: 92.75%
2023-06-22 15:25:39,583 - my_logger - INFO - epoch 101, train loss: 0.1928
2023-06-22 15:25:39,592 - my_logger - INFO - epoch 102, train loss: 0.1758
2023-06-22 15:25:39,598 - my_logger - INFO - evaluating......
2023-06-22 15:25:39,598 - my_logger - INFO - epoch 102, valid loss: 0.4351, valid auc: 93.03%
2023-06-22 15:25:39,607 - my_logger - INFO - epoch 103, train loss: 0.1702
2023-06-22 15:25:39,616 - my_logger - INFO - epoch 104, train loss: 0.1716
2023-06-22 15:25:39,622 - my_logger - INFO - evaluating......
2023-06-22 15:25:39,622 - my_logger - INFO - epoch 104, valid loss: 0.4526, valid auc: 92.77%
2023-06-22 15:25:39,627 - my_logger - INFO - epoch 105, train loss: 0.1750
2023-06-22 15:25:39,636 - my_logger - INFO - epoch 106, train loss: 0.1719
2023-06-22 15:25:39,643 - my_logger - INFO - evaluating......
2023-06-22 15:25:39,643 - my_logger - INFO - epoch 106, valid loss: 0.4473, valid auc: 92.99%
2023-06-22 15:25:39,649 - my_logger - INFO - epoch 107, train loss: 0.1526
2023-06-22 15:25:39,658 - my_logger - INFO - epoch 108, train loss: 0.1587
2023-06-22 15:25:39,664 - my_logger - INFO - evaluating......
2023-06-22 15:25:39,664 - my_logger - INFO - epoch 108, valid loss: 0.4482, valid auc: 93.28%
2023-06-22 15:25:39,673 - my_logger - INFO - epoch 109, train loss: 0.1717
2023-06-22 15:25:39,682 - my_logger - INFO - epoch 110, train loss: 0.1457
2023-06-22 15:25:39,688 - my_logger - INFO - evaluating......
2023-06-22 15:25:39,688 - my_logger - INFO - epoch 110, valid loss: 0.4488, valid auc: 93.34%
2023-06-22 15:25:39,697 - my_logger - INFO - epoch 111, train loss: 0.1594
2023-06-22 15:25:39,706 - my_logger - INFO - epoch 112, train loss: 0.1978
2023-06-22 15:25:39,712 - my_logger - INFO - evaluating......
2023-06-22 15:25:39,712 - my_logger - INFO - epoch 112, valid loss: 0.5107, valid auc: 92.89%
2023-06-22 15:25:39,718 - my_logger - INFO - epoch 113, train loss: 0.1597
2023-06-22 15:25:39,727 - my_logger - INFO - epoch 114, train loss: 0.1646
2023-06-22 15:25:39,733 - my_logger - INFO - evaluating......
2023-06-22 15:25:39,733 - my_logger - INFO - epoch 114, valid loss: 0.4826, valid auc: 93.60%
2023-06-22 15:25:39,742 - my_logger - INFO - epoch 115, train loss: 0.1697
2023-06-22 15:25:39,751 - my_logger - INFO - epoch 116, train loss: 0.1447
2023-06-22 15:25:39,757 - my_logger - INFO - evaluating......
2023-06-22 15:25:39,757 - my_logger - INFO - epoch 116, valid loss: 0.4625, valid auc: 93.12%
2023-06-22 15:25:39,763 - my_logger - INFO - epoch 117, train loss: 0.1667
2023-06-22 15:25:39,772 - my_logger - INFO - epoch 118, train loss: 0.1358
2023-06-22 15:25:39,778 - my_logger - INFO - evaluating......
2023-06-22 15:25:39,778 - my_logger - INFO - epoch 118, valid loss: 0.4469, valid auc: 93.38%
2023-06-22 15:25:39,784 - my_logger - INFO - epoch 119, train loss: 0.1406
2023-06-22 15:25:39,793 - my_logger - INFO - epoch 120, train loss: 0.1321
2023-06-22 15:25:39,799 - my_logger - INFO - evaluating......
2023-06-22 15:25:39,799 - my_logger - INFO - epoch 120, valid loss: 0.4371, valid auc: 93.59%
2023-06-22 15:25:39,804 - my_logger - INFO - epoch 121, train loss: 0.1390
2023-06-22 15:25:39,813 - my_logger - INFO - epoch 122, train loss: 0.1236
2023-06-22 15:25:39,819 - my_logger - INFO - evaluating......
2023-06-22 15:25:39,819 - my_logger - INFO - epoch 122, valid loss: 0.4427, valid auc: 93.88%
2023-06-22 15:25:39,828 - my_logger - INFO - epoch 123, train loss: 0.1202
2023-06-22 15:25:39,837 - my_logger - INFO - epoch 124, train loss: 0.1260
2023-06-22 15:25:39,843 - my_logger - INFO - evaluating......
2023-06-22 15:25:39,843 - my_logger - INFO - epoch 124, valid loss: 0.4785, valid auc: 93.58%
2023-06-22 15:25:39,849 - my_logger - INFO - epoch 125, train loss: 0.1178
2023-06-22 15:25:39,858 - my_logger - INFO - epoch 126, train loss: 0.1147
2023-06-22 15:25:39,864 - my_logger - INFO - evaluating......
2023-06-22 15:25:39,865 - my_logger - INFO - epoch 126, valid loss: 0.4951, valid auc: 94.00%
2023-06-22 15:25:39,874 - my_logger - INFO - epoch 127, train loss: 0.1122
2023-06-22 15:25:39,883 - my_logger - INFO - epoch 128, train loss: 0.1114
2023-06-22 15:25:39,890 - my_logger - INFO - evaluating......
2023-06-22 15:25:39,890 - my_logger - INFO - epoch 128, valid loss: 0.5234, valid auc: 94.01%
2023-06-22 15:25:39,899 - my_logger - INFO - epoch 129, train loss: 0.1010
2023-06-22 15:25:39,908 - my_logger - INFO - epoch 130, train loss: 0.1064
2023-06-22 15:25:39,914 - my_logger - INFO - evaluating......
2023-06-22 15:25:39,914 - my_logger - INFO - epoch 130, valid loss: 0.5426, valid auc: 94.24%
2023-06-22 15:25:39,923 - my_logger - INFO - epoch 131, train loss: 0.1040
2023-06-22 15:25:39,932 - my_logger - INFO - epoch 132, train loss: 0.0955
2023-06-22 15:25:39,938 - my_logger - INFO - evaluating......
2023-06-22 15:25:39,938 - my_logger - INFO - epoch 132, valid loss: 0.5696, valid auc: 94.04%
2023-06-22 15:25:39,943 - my_logger - INFO - epoch 133, train loss: 0.1001
2023-06-22 15:25:39,952 - my_logger - INFO - epoch 134, train loss: 0.1018
2023-06-22 15:25:39,958 - my_logger - INFO - evaluating......
2023-06-22 15:25:39,959 - my_logger - INFO - epoch 134, valid loss: 0.5822, valid auc: 94.24%
2023-06-22 15:25:39,968 - my_logger - INFO - epoch 135, train loss: 0.0914
2023-06-22 15:25:39,977 - my_logger - INFO - epoch 136, train loss: 0.0991
2023-06-22 15:25:39,983 - my_logger - INFO - evaluating......
2023-06-22 15:25:39,984 - my_logger - INFO - epoch 136, valid loss: 0.6059, valid auc: 94.23%
2023-06-22 15:25:39,989 - my_logger - INFO - epoch 137, train loss: 0.0966
2023-06-22 15:25:39,998 - my_logger - INFO - epoch 138, train loss: 0.0815
2023-06-22 15:25:40,004 - my_logger - INFO - evaluating......
2023-06-22 15:25:40,004 - my_logger - INFO - epoch 138, valid loss: 0.5808, valid auc: 94.27%
2023-06-22 15:25:40,013 - my_logger - INFO - epoch 139, train loss: 0.0946
2023-06-22 15:25:40,022 - my_logger - INFO - epoch 140, train loss: 0.0919
2023-06-22 15:25:40,028 - my_logger - INFO - evaluating......
2023-06-22 15:25:40,028 - my_logger - INFO - epoch 140, valid loss: 0.5898, valid auc: 94.26%
2023-06-22 15:25:40,034 - my_logger - INFO - epoch 141, train loss: 0.0785
2023-06-22 15:25:40,043 - my_logger - INFO - epoch 142, train loss: 0.0937
2023-06-22 15:25:40,049 - my_logger - INFO - evaluating......
2023-06-22 15:25:40,049 - my_logger - INFO - epoch 142, valid loss: 0.6186, valid auc: 94.17%
2023-06-22 15:25:40,055 - my_logger - INFO - epoch 143, train loss: 0.0844
2023-06-22 15:25:40,064 - my_logger - INFO - epoch 144, train loss: 0.0795
2023-06-22 15:25:40,070 - my_logger - INFO - evaluating......
2023-06-22 15:25:40,071 - my_logger - INFO - epoch 144, valid loss: 0.6073, valid auc: 94.07%
2023-06-22 15:25:40,076 - my_logger - INFO - epoch 145, train loss: 0.0857
2023-06-22 15:25:40,085 - my_logger - INFO - epoch 146, train loss: 0.0701
2023-06-22 15:25:40,091 - my_logger - INFO - evaluating......
2023-06-22 15:25:40,091 - my_logger - INFO - epoch 146, valid loss: 0.6081, valid auc: 94.13%
2023-06-22 15:25:40,097 - my_logger - INFO - epoch 147, train loss: 0.0767
2023-06-22 15:25:40,106 - my_logger - INFO - epoch 148, train loss: 0.0697
2023-06-22 15:25:40,112 - my_logger - INFO - evaluating......
2023-06-22 15:25:40,113 - my_logger - INFO - epoch 148, valid loss: 0.6279, valid auc: 94.09%
2023-06-22 15:25:40,119 - my_logger - INFO - epoch 149, train loss: 0.0692
2023-06-22 15:25:40,128 - my_logger - INFO - epoch 150, train loss: 0.0694
2023-06-22 15:25:40,134 - my_logger - INFO - evaluating......
2023-06-22 15:25:40,134 - my_logger - INFO - epoch 150, valid loss: 0.6551, valid auc: 93.95%
2023-06-22 15:25:40,139 - my_logger - INFO - epoch 151, train loss: 0.0635
2023-06-22 15:25:40,148 - my_logger - INFO - epoch 152, train loss: 0.0670
2023-06-22 15:25:40,154 - my_logger - INFO - evaluating......
2023-06-22 15:25:40,154 - my_logger - INFO - epoch 152, valid loss: 0.6856, valid auc: 94.04%
2023-06-22 15:25:40,160 - my_logger - INFO - epoch 153, train loss: 0.0612
2023-06-22 15:25:40,169 - my_logger - INFO - epoch 154, train loss: 0.0601
2023-06-22 15:25:40,175 - my_logger - INFO - evaluating......
2023-06-22 15:25:40,175 - my_logger - INFO - epoch 154, valid loss: 0.6989, valid auc: 93.99%
2023-06-22 15:25:40,180 - my_logger - INFO - epoch 155, train loss: 0.0610
2023-06-22 15:25:40,190 - my_logger - INFO - epoch 156, train loss: 0.0568
2023-06-22 15:25:40,196 - my_logger - INFO - evaluating......
2023-06-22 15:25:40,196 - my_logger - INFO - epoch 156, valid loss: 0.7286, valid auc: 93.98%
2023-06-22 15:25:40,202 - my_logger - INFO - epoch 157, train loss: 0.0545
2023-06-22 15:25:40,211 - my_logger - INFO - epoch 158, train loss: 0.0568
2023-06-22 15:25:40,217 - my_logger - INFO - evaluating......
2023-06-22 15:25:40,217 - my_logger - INFO - epoch 158, valid loss: 0.7743, valid auc: 93.86%
2023-06-22 15:25:40,224 - my_logger - INFO - epoch 159, train loss: 0.0546
2023-06-22 15:25:40,234 - my_logger - INFO - epoch 160, train loss: 0.0495
2023-06-22 15:25:40,240 - my_logger - INFO - evaluating......
2023-06-22 15:25:40,240 - my_logger - INFO - epoch 160, valid loss: 0.7923, valid auc: 93.90%
2023-06-22 15:25:40,246 - my_logger - INFO - epoch 161, train loss: 0.0495
2023-06-22 15:25:40,257 - my_logger - INFO - epoch 162, train loss: 0.0536
2023-06-22 15:25:40,263 - my_logger - INFO - evaluating......
2023-06-22 15:25:40,263 - my_logger - INFO - epoch 162, valid loss: 0.8293, valid auc: 93.82%
2023-06-22 15:25:40,269 - my_logger - INFO - epoch 163, train loss: 0.0513
2023-06-22 15:25:40,278 - my_logger - INFO - epoch 164, train loss: 0.0480
2023-06-22 15:25:40,285 - my_logger - INFO - evaluating......
2023-06-22 15:25:40,285 - my_logger - INFO - epoch 164, valid loss: 0.8467, valid auc: 93.84%
2023-06-22 15:25:40,290 - my_logger - INFO - epoch 165, train loss: 0.0429
2023-06-22 15:25:40,299 - my_logger - INFO - epoch 166, train loss: 0.0416
2023-06-22 15:25:40,305 - my_logger - INFO - evaluating......
2023-06-22 15:25:40,305 - my_logger - INFO - epoch 166, valid loss: 0.8695, valid auc: 93.81%
2023-06-22 15:25:40,311 - my_logger - INFO - epoch 167, train loss: 0.0440
2023-06-22 15:25:40,320 - my_logger - INFO - epoch 168, train loss: 0.0455
2023-06-22 15:25:40,326 - my_logger - INFO - evaluating......
2023-06-22 15:25:40,326 - my_logger - INFO - epoch 168, valid loss: 0.9091, valid auc: 93.78%
2023-06-22 15:25:40,331 - my_logger - INFO - epoch 169, train loss: 0.0522
2023-06-22 15:25:40,340 - my_logger - INFO - epoch 170, train loss: 0.0525
2023-06-22 15:25:40,346 - my_logger - INFO - evaluating......
2023-06-22 15:25:40,346 - my_logger - INFO - epoch 170, valid loss: 0.9521, valid auc: 93.72%
2023-06-22 15:25:40,352 - my_logger - INFO - epoch 171, train loss: 0.0578
2023-06-22 15:25:40,361 - my_logger - INFO - epoch 172, train loss: 0.0421
2023-06-22 15:25:40,367 - my_logger - INFO - evaluating......
2023-06-22 15:25:40,368 - my_logger - INFO - epoch 172, valid loss: 0.9476, valid auc: 93.75%
2023-06-22 15:25:40,373 - my_logger - INFO - epoch 173, train loss: 0.0342
2023-06-22 15:25:40,383 - my_logger - INFO - epoch 174, train loss: 0.0394
2023-06-22 15:25:40,389 - my_logger - INFO - evaluating......
2023-06-22 15:25:40,389 - my_logger - INFO - epoch 174, valid loss: 0.9402, valid auc: 93.79%
2023-06-22 15:25:40,394 - my_logger - INFO - epoch 175, train loss: 0.0378
2023-06-22 15:25:40,403 - my_logger - INFO - epoch 176, train loss: 0.0324
2023-06-22 15:25:40,410 - my_logger - INFO - evaluating......
2023-06-22 15:25:40,410 - my_logger - INFO - epoch 176, valid loss: 0.9599, valid auc: 93.76%
2023-06-22 15:25:40,416 - my_logger - INFO - epoch 177, train loss: 0.0320
2023-06-22 15:25:40,425 - my_logger - INFO - epoch 178, train loss: 0.0334
2023-06-22 15:25:40,432 - my_logger - INFO - evaluating......
2023-06-22 15:25:40,432 - my_logger - INFO - epoch 178, valid loss: 0.9937, valid auc: 93.70%
2023-06-22 15:25:40,437 - my_logger - INFO - epoch 179, train loss: 0.0307
2023-06-22 15:25:40,446 - my_logger - INFO - epoch 180, train loss: 0.0277
2023-06-22 15:25:40,452 - my_logger - INFO - evaluating......
2023-06-22 15:25:40,453 - my_logger - INFO - epoch 180, valid loss: 1.0147, valid auc: 93.66%
2023-06-22 15:25:40,458 - my_logger - INFO - epoch 181, train loss: 0.0293
2023-06-22 15:25:40,467 - my_logger - INFO - epoch 182, train loss: 0.0312
2023-06-22 15:25:40,474 - my_logger - INFO - evaluating......
2023-06-22 15:25:40,474 - my_logger - INFO - epoch 182, valid loss: 1.0623, valid auc: 93.64%
2023-06-22 15:25:40,480 - my_logger - INFO - epoch 183, train loss: 0.0272
2023-06-22 15:25:40,490 - my_logger - INFO - epoch 184, train loss: 0.0238
2023-06-22 15:25:40,496 - my_logger - INFO - evaluating......
2023-06-22 15:25:40,496 - my_logger - INFO - epoch 184, valid loss: 1.0962, valid auc: 93.63%
2023-06-22 15:25:40,501 - my_logger - INFO - epoch 185, train loss: 0.0240
2023-06-22 15:25:40,511 - my_logger - INFO - epoch 186, train loss: 0.0253
2023-06-22 15:25:40,517 - my_logger - INFO - evaluating......
2023-06-22 15:25:40,517 - my_logger - INFO - epoch 186, valid loss: 1.1352, valid auc: 93.66%
2023-06-22 15:25:40,523 - my_logger - INFO - epoch 187, train loss: 0.0268
2023-06-22 15:25:40,532 - my_logger - INFO - epoch 188, train loss: 0.0254
2023-06-22 15:25:40,538 - my_logger - INFO - evaluating......
2023-06-22 15:25:40,539 - my_logger - INFO - epoch 188, valid loss: 1.1815, valid auc: 93.63%
2023-06-22 15:25:40,544 - my_logger - INFO - epoch 189, train loss: 0.0254
2023-06-22 15:25:40,553 - my_logger - INFO - epoch 190, train loss: 0.0214
2023-06-22 15:25:40,559 - my_logger - INFO - evaluating......
2023-06-22 15:25:40,559 - my_logger - INFO - epoch 190, valid loss: 1.2151, valid auc: 93.65%
2023-06-22 15:25:40,564 - my_logger - INFO - epoch 191, train loss: 0.0185
2023-06-22 15:25:40,573 - my_logger - INFO - epoch 192, train loss: 0.0171
2023-06-22 15:25:40,579 - my_logger - INFO - evaluating......
2023-06-22 15:25:40,579 - my_logger - INFO - epoch 192, valid loss: 1.2544, valid auc: 93.60%
2023-06-22 15:25:40,585 - my_logger - INFO - epoch 193, train loss: 0.0178
2023-06-22 15:25:40,593 - my_logger - INFO - epoch 194, train loss: 0.0193
2023-06-22 15:25:40,600 - my_logger - INFO - evaluating......
2023-06-22 15:25:40,600 - my_logger - INFO - epoch 194, valid loss: 1.3153, valid auc: 93.54%
2023-06-22 15:25:40,605 - my_logger - INFO - epoch 195, train loss: 0.0203
2023-06-22 15:25:40,614 - my_logger - INFO - epoch 196, train loss: 0.0261
2023-06-22 15:25:40,620 - my_logger - INFO - evaluating......
2023-06-22 15:25:40,620 - my_logger - INFO - epoch 196, valid loss: 1.3725, valid auc: 93.57%
2023-06-22 15:25:40,625 - my_logger - INFO - epoch 197, train loss: 0.0392
2023-06-22 15:25:40,635 - my_logger - INFO - epoch 198, train loss: 0.2080
2023-06-22 15:25:40,641 - my_logger - INFO - evaluating......
2023-06-22 15:25:40,641 - my_logger - INFO - epoch 198, valid loss: 1.5433, valid auc: 93.30%
2023-06-22 15:25:40,646 - my_logger - INFO - epoch 199, train loss: 1.0455
2023-06-22 15:25:40,650 - my_logger - INFO - total train time used: 3.0268s
2023-06-22 15:25:40,650 - my_logger - INFO - testing......
2023-06-22 15:25:40,659 - my_logger - INFO - test auc: 93.44%
