2023-06-08 14:34:14,380 - my_logger - INFO - training......
2023-06-08 14:34:15,175 - my_logger - INFO - epoch 0, train loss: 0.6933
2023-06-08 14:34:15,185 - my_logger - INFO - evaluating......
2023-06-08 14:34:15,185 - my_logger - INFO - epoch 0, valid loss: 0.6929, valid auc: 57.13%
2023-06-08 14:34:15,194 - my_logger - INFO - epoch 1, train loss: 0.6921
2023-06-08 14:34:15,203 - my_logger - INFO - epoch 2, train loss: 0.6931
2023-06-08 14:34:15,210 - my_logger - INFO - evaluating......
2023-06-08 14:34:15,210 - my_logger - INFO - epoch 2, valid loss: 0.6893, valid auc: 58.57%
2023-06-08 14:34:15,219 - my_logger - INFO - epoch 3, train loss: 0.7029
2023-06-08 14:34:15,229 - my_logger - INFO - epoch 4, train loss: 0.6840
2023-06-08 14:34:15,235 - my_logger - INFO - evaluating......
2023-06-08 14:34:15,235 - my_logger - INFO - epoch 4, valid loss: 0.6880, valid auc: 59.99%
2023-06-08 14:34:15,246 - my_logger - INFO - epoch 5, train loss: 0.6893
2023-06-08 14:34:15,256 - my_logger - INFO - epoch 6, train loss: 0.6795
2023-06-08 14:34:15,263 - my_logger - INFO - evaluating......
2023-06-08 14:34:15,264 - my_logger - INFO - epoch 6, valid loss: 0.6838, valid auc: 61.79%
2023-06-08 14:34:15,274 - my_logger - INFO - epoch 7, train loss: 0.6722
2023-06-08 14:34:15,283 - my_logger - INFO - epoch 8, train loss: 0.6635
2023-06-08 14:34:15,290 - my_logger - INFO - evaluating......
2023-06-08 14:34:15,290 - my_logger - INFO - epoch 8, valid loss: 0.6753, valid auc: 62.87%
2023-06-08 14:34:15,300 - my_logger - INFO - epoch 9, train loss: 0.6487
2023-06-08 14:34:15,310 - my_logger - INFO - epoch 10, train loss: 0.6334
2023-06-08 14:34:15,317 - my_logger - INFO - evaluating......
2023-06-08 14:34:15,317 - my_logger - INFO - epoch 10, valid loss: 0.6590, valid auc: 65.20%
2023-06-08 14:34:15,328 - my_logger - INFO - epoch 11, train loss: 0.6263
2023-06-08 14:34:15,337 - my_logger - INFO - epoch 12, train loss: 0.6043
2023-06-08 14:34:15,345 - my_logger - INFO - evaluating......
2023-06-08 14:34:15,345 - my_logger - INFO - epoch 12, valid loss: 0.6256, valid auc: 75.31%
2023-06-08 14:34:15,358 - my_logger - INFO - epoch 13, train loss: 0.5716
2023-06-08 14:34:15,368 - my_logger - INFO - epoch 14, train loss: 0.5339
2023-06-08 14:34:15,376 - my_logger - INFO - evaluating......
2023-06-08 14:34:15,376 - my_logger - INFO - epoch 14, valid loss: 0.5854, valid auc: 76.14%
2023-06-08 14:34:15,386 - my_logger - INFO - epoch 15, train loss: 0.5082
2023-06-08 14:34:15,397 - my_logger - INFO - epoch 16, train loss: 0.4788
2023-06-08 14:34:15,403 - my_logger - INFO - evaluating......
2023-06-08 14:34:15,404 - my_logger - INFO - epoch 16, valid loss: 0.6158, valid auc: 78.54%
2023-06-08 14:34:15,414 - my_logger - INFO - epoch 17, train loss: 0.4722
2023-06-08 14:34:15,424 - my_logger - INFO - epoch 18, train loss: 0.4527
2023-06-08 14:34:15,431 - my_logger - INFO - evaluating......
2023-06-08 14:34:15,432 - my_logger - INFO - epoch 18, valid loss: 0.6329, valid auc: 80.12%
2023-06-08 14:34:15,442 - my_logger - INFO - epoch 19, train loss: 0.4335
2023-06-08 14:34:15,451 - my_logger - INFO - epoch 20, train loss: 0.4099
2023-06-08 14:34:15,459 - my_logger - INFO - evaluating......
2023-06-08 14:34:15,459 - my_logger - INFO - epoch 20, valid loss: 0.5875, valid auc: 82.23%
2023-06-08 14:34:15,469 - my_logger - INFO - epoch 21, train loss: 0.3896
2023-06-08 14:34:15,479 - my_logger - INFO - epoch 22, train loss: 0.3846
2023-06-08 14:34:15,485 - my_logger - INFO - evaluating......
2023-06-08 14:34:15,486 - my_logger - INFO - epoch 22, valid loss: 0.5420, valid auc: 84.37%
2023-06-08 14:34:15,496 - my_logger - INFO - epoch 23, train loss: 0.3941
2023-06-08 14:34:15,505 - my_logger - INFO - epoch 24, train loss: 0.3653
2023-06-08 14:34:15,512 - my_logger - INFO - evaluating......
2023-06-08 14:34:15,513 - my_logger - INFO - epoch 24, valid loss: 0.5442, valid auc: 85.88%
2023-06-08 14:34:15,524 - my_logger - INFO - epoch 25, train loss: 0.3493
2023-06-08 14:34:15,533 - my_logger - INFO - epoch 26, train loss: 0.3447
2023-06-08 14:34:15,541 - my_logger - INFO - evaluating......
2023-06-08 14:34:15,541 - my_logger - INFO - epoch 26, valid loss: 0.5251, valid auc: 87.09%
2023-06-08 14:34:15,551 - my_logger - INFO - epoch 27, train loss: 0.3325
2023-06-08 14:34:15,563 - my_logger - INFO - epoch 28, train loss: 0.3282
2023-06-08 14:34:15,570 - my_logger - INFO - evaluating......
2023-06-08 14:34:15,570 - my_logger - INFO - epoch 28, valid loss: 0.5534, valid auc: 87.26%
2023-06-08 14:34:15,582 - my_logger - INFO - epoch 29, train loss: 0.3193
2023-06-08 14:34:15,592 - my_logger - INFO - epoch 30, train loss: 0.3113
2023-06-08 14:34:15,599 - my_logger - INFO - evaluating......
2023-06-08 14:34:15,600 - my_logger - INFO - epoch 30, valid loss: 0.5234, valid auc: 87.97%
2023-06-08 14:34:15,611 - my_logger - INFO - epoch 31, train loss: 0.3075
2023-06-08 14:34:15,620 - my_logger - INFO - epoch 32, train loss: 0.3005
2023-06-08 14:34:15,628 - my_logger - INFO - evaluating......
2023-06-08 14:34:15,629 - my_logger - INFO - epoch 32, valid loss: 0.5302, valid auc: 88.17%
2023-06-08 14:34:15,640 - my_logger - INFO - epoch 33, train loss: 0.2924
2023-06-08 14:34:15,649 - my_logger - INFO - epoch 34, train loss: 0.2911
2023-06-08 14:34:15,656 - my_logger - INFO - evaluating......
2023-06-08 14:34:15,657 - my_logger - INFO - epoch 34, valid loss: 0.5311, valid auc: 87.89%
2023-06-08 14:34:15,663 - my_logger - INFO - epoch 35, train loss: 0.2828
2023-06-08 14:34:15,672 - my_logger - INFO - epoch 36, train loss: 0.2788
2023-06-08 14:34:15,679 - my_logger - INFO - evaluating......
2023-06-08 14:34:15,679 - my_logger - INFO - epoch 36, valid loss: 0.5261, valid auc: 88.04%
2023-06-08 14:34:15,685 - my_logger - INFO - epoch 37, train loss: 0.2769
2023-06-08 14:34:15,695 - my_logger - INFO - epoch 38, train loss: 0.2696
2023-06-08 14:34:15,701 - my_logger - INFO - evaluating......
2023-06-08 14:34:15,701 - my_logger - INFO - epoch 38, valid loss: 0.5360, valid auc: 88.11%
2023-06-08 14:34:15,707 - my_logger - INFO - epoch 39, train loss: 0.2654
2023-06-08 14:34:15,717 - my_logger - INFO - epoch 40, train loss: 0.2643
2023-06-08 14:34:15,724 - my_logger - INFO - evaluating......
2023-06-08 14:34:15,724 - my_logger - INFO - epoch 40, valid loss: 0.5391, valid auc: 88.06%
2023-06-08 14:34:15,730 - my_logger - INFO - epoch 41, train loss: 0.2608
2023-06-08 14:34:15,740 - my_logger - INFO - epoch 42, train loss: 0.2544
2023-06-08 14:34:15,747 - my_logger - INFO - evaluating......
2023-06-08 14:34:15,747 - my_logger - INFO - epoch 42, valid loss: 0.5291, valid auc: 88.64%
2023-06-08 14:34:15,764 - my_logger - INFO - epoch 43, train loss: 0.2495
2023-06-08 14:34:15,776 - my_logger - INFO - epoch 44, train loss: 0.2468
2023-06-08 14:34:15,784 - my_logger - INFO - evaluating......
2023-06-08 14:34:15,784 - my_logger - INFO - epoch 44, valid loss: 0.5375, valid auc: 88.67%
2023-06-08 14:34:15,796 - my_logger - INFO - epoch 45, train loss: 0.2457
2023-06-08 14:34:15,807 - my_logger - INFO - epoch 46, train loss: 0.2439
2023-06-08 14:34:15,814 - my_logger - INFO - evaluating......
2023-06-08 14:34:15,814 - my_logger - INFO - epoch 46, valid loss: 0.5443, valid auc: 88.66%
2023-06-08 14:34:15,820 - my_logger - INFO - epoch 47, train loss: 0.2382
2023-06-08 14:34:15,830 - my_logger - INFO - epoch 48, train loss: 0.2323
2023-06-08 14:34:15,837 - my_logger - INFO - evaluating......
2023-06-08 14:34:15,837 - my_logger - INFO - epoch 48, valid loss: 0.5509, valid auc: 88.75%
2023-06-08 14:34:15,848 - my_logger - INFO - epoch 49, train loss: 0.2274
2023-06-08 14:34:15,858 - my_logger - INFO - epoch 50, train loss: 0.2259
2023-06-08 14:34:15,865 - my_logger - INFO - evaluating......
2023-06-08 14:34:15,865 - my_logger - INFO - epoch 50, valid loss: 0.5624, valid auc: 88.55%
2023-06-08 14:34:15,871 - my_logger - INFO - epoch 51, train loss: 0.2259
2023-06-08 14:34:15,881 - my_logger - INFO - epoch 52, train loss: 0.2281
2023-06-08 14:34:15,888 - my_logger - INFO - evaluating......
2023-06-08 14:34:15,888 - my_logger - INFO - epoch 52, valid loss: 0.5725, valid auc: 88.48%
2023-06-08 14:34:15,894 - my_logger - INFO - epoch 53, train loss: 0.2316
2023-06-08 14:34:15,903 - my_logger - INFO - epoch 54, train loss: 0.2167
2023-06-08 14:34:15,911 - my_logger - INFO - evaluating......
2023-06-08 14:34:15,911 - my_logger - INFO - epoch 54, valid loss: 0.5695, valid auc: 88.52%
2023-06-08 14:34:15,917 - my_logger - INFO - epoch 55, train loss: 0.2089
2023-06-08 14:34:15,927 - my_logger - INFO - epoch 56, train loss: 0.2152
2023-06-08 14:34:15,934 - my_logger - INFO - evaluating......
2023-06-08 14:34:15,934 - my_logger - INFO - epoch 56, valid loss: 0.5823, valid auc: 88.43%
2023-06-08 14:34:15,941 - my_logger - INFO - epoch 57, train loss: 0.2054
2023-06-08 14:34:15,950 - my_logger - INFO - epoch 58, train loss: 0.1998
2023-06-08 14:34:15,957 - my_logger - INFO - evaluating......
2023-06-08 14:34:15,957 - my_logger - INFO - epoch 58, valid loss: 0.5967, valid auc: 88.21%
2023-06-08 14:34:15,963 - my_logger - INFO - epoch 59, train loss: 0.2023
2023-06-08 14:34:15,973 - my_logger - INFO - epoch 60, train loss: 0.1967
2023-06-08 14:34:15,980 - my_logger - INFO - evaluating......
2023-06-08 14:34:15,980 - my_logger - INFO - epoch 60, valid loss: 0.6041, valid auc: 88.29%
2023-06-08 14:34:15,986 - my_logger - INFO - epoch 61, train loss: 0.1889
2023-06-08 14:34:15,995 - my_logger - INFO - epoch 62, train loss: 0.1868
2023-06-08 14:34:16,002 - my_logger - INFO - evaluating......
2023-06-08 14:34:16,002 - my_logger - INFO - epoch 62, valid loss: 0.6185, valid auc: 88.28%
2023-06-08 14:34:16,008 - my_logger - INFO - epoch 63, train loss: 0.1880
2023-06-08 14:34:16,017 - my_logger - INFO - epoch 64, train loss: 0.1895
2023-06-08 14:34:16,025 - my_logger - INFO - evaluating......
2023-06-08 14:34:16,025 - my_logger - INFO - epoch 64, valid loss: 0.6395, valid auc: 88.33%
2023-06-08 14:34:16,030 - my_logger - INFO - epoch 65, train loss: 0.1842
2023-06-08 14:34:16,040 - my_logger - INFO - epoch 66, train loss: 0.1744
2023-06-08 14:34:16,047 - my_logger - INFO - evaluating......
2023-06-08 14:34:16,047 - my_logger - INFO - epoch 66, valid loss: 0.6553, valid auc: 88.27%
2023-06-08 14:34:16,053 - my_logger - INFO - epoch 67, train loss: 0.1705
2023-06-08 14:34:16,063 - my_logger - INFO - epoch 68, train loss: 0.1716
2023-06-08 14:34:16,069 - my_logger - INFO - evaluating......
2023-06-08 14:34:16,070 - my_logger - INFO - epoch 68, valid loss: 0.6807, valid auc: 88.09%
2023-06-08 14:34:16,076 - my_logger - INFO - epoch 69, train loss: 0.1751
2023-06-08 14:34:16,086 - my_logger - INFO - epoch 70, train loss: 0.1685
2023-06-08 14:34:16,093 - my_logger - INFO - evaluating......
2023-06-08 14:34:16,093 - my_logger - INFO - epoch 70, valid loss: 0.6931, valid auc: 88.03%
2023-06-08 14:34:16,099 - my_logger - INFO - epoch 71, train loss: 0.1609
2023-06-08 14:34:16,108 - my_logger - INFO - epoch 72, train loss: 0.1560
2023-06-08 14:34:16,115 - my_logger - INFO - evaluating......
2023-06-08 14:34:16,115 - my_logger - INFO - epoch 72, valid loss: 0.7119, valid auc: 88.09%
2023-06-08 14:34:16,121 - my_logger - INFO - epoch 73, train loss: 0.1515
2023-06-08 14:34:16,131 - my_logger - INFO - epoch 74, train loss: 0.1540
2023-06-08 14:34:16,138 - my_logger - INFO - evaluating......
2023-06-08 14:34:16,138 - my_logger - INFO - epoch 74, valid loss: 0.7382, valid auc: 88.10%
2023-06-08 14:34:16,144 - my_logger - INFO - epoch 75, train loss: 0.1598
2023-06-08 14:34:16,154 - my_logger - INFO - epoch 76, train loss: 0.1704
2023-06-08 14:34:16,161 - my_logger - INFO - evaluating......
2023-06-08 14:34:16,161 - my_logger - INFO - epoch 76, valid loss: 0.7628, valid auc: 87.95%
2023-06-08 14:34:16,167 - my_logger - INFO - epoch 77, train loss: 0.1683
2023-06-08 14:34:16,177 - my_logger - INFO - epoch 78, train loss: 0.1495
2023-06-08 14:34:16,184 - my_logger - INFO - evaluating......
2023-06-08 14:34:16,184 - my_logger - INFO - epoch 78, valid loss: 0.7916, valid auc: 88.02%
2023-06-08 14:34:16,190 - my_logger - INFO - epoch 79, train loss: 0.1447
2023-06-08 14:34:16,200 - my_logger - INFO - epoch 80, train loss: 0.1425
2023-06-08 14:34:16,207 - my_logger - INFO - evaluating......
2023-06-08 14:34:16,207 - my_logger - INFO - epoch 80, valid loss: 0.7933, valid auc: 87.53%
2023-06-08 14:34:16,213 - my_logger - INFO - epoch 81, train loss: 0.1543
2023-06-08 14:34:16,223 - my_logger - INFO - epoch 82, train loss: 0.1500
2023-06-08 14:34:16,230 - my_logger - INFO - evaluating......
2023-06-08 14:34:16,230 - my_logger - INFO - epoch 82, valid loss: 0.8332, valid auc: 87.84%
2023-06-08 14:34:16,235 - my_logger - INFO - epoch 83, train loss: 0.1467
2023-06-08 14:34:16,245 - my_logger - INFO - epoch 84, train loss: 0.1310
2023-06-08 14:34:16,252 - my_logger - INFO - evaluating......
2023-06-08 14:34:16,252 - my_logger - INFO - epoch 84, valid loss: 0.8296, valid auc: 87.56%
2023-06-08 14:34:16,258 - my_logger - INFO - epoch 85, train loss: 0.1455
2023-06-08 14:34:16,269 - my_logger - INFO - epoch 86, train loss: 0.1263
2023-06-08 14:34:16,276 - my_logger - INFO - evaluating......
2023-06-08 14:34:16,276 - my_logger - INFO - epoch 86, valid loss: 0.8767, valid auc: 87.61%
2023-06-08 14:34:16,281 - my_logger - INFO - epoch 87, train loss: 0.1373
2023-06-08 14:34:16,291 - my_logger - INFO - epoch 88, train loss: 0.1204
2023-06-08 14:34:16,298 - my_logger - INFO - evaluating......
2023-06-08 14:34:16,298 - my_logger - INFO - epoch 88, valid loss: 0.8790, valid auc: 87.64%
2023-06-08 14:34:16,303 - my_logger - INFO - epoch 89, train loss: 0.1271
2023-06-08 14:34:16,314 - my_logger - INFO - epoch 90, train loss: 0.1202
2023-06-08 14:34:16,320 - my_logger - INFO - evaluating......
2023-06-08 14:34:16,320 - my_logger - INFO - epoch 90, valid loss: 0.8980, valid auc: 87.84%
2023-06-08 14:34:16,326 - my_logger - INFO - epoch 91, train loss: 0.1160
2023-06-08 14:34:16,335 - my_logger - INFO - epoch 92, train loss: 0.1193
2023-06-08 14:34:16,342 - my_logger - INFO - evaluating......
2023-06-08 14:34:16,342 - my_logger - INFO - epoch 92, valid loss: 0.9233, valid auc: 87.52%
2023-06-08 14:34:16,347 - my_logger - INFO - epoch 93, train loss: 0.1099
2023-06-08 14:34:16,356 - my_logger - INFO - epoch 94, train loss: 0.1188
2023-06-08 14:34:16,362 - my_logger - INFO - evaluating......
2023-06-08 14:34:16,362 - my_logger - INFO - epoch 94, valid loss: 0.9459, valid auc: 87.60%
2023-06-08 14:34:16,366 - my_logger - INFO - epoch 95, train loss: 0.1170
2023-06-08 14:34:16,375 - my_logger - INFO - epoch 96, train loss: 0.1343
2023-06-08 14:34:16,384 - my_logger - INFO - evaluating......
2023-06-08 14:34:16,385 - my_logger - INFO - epoch 96, valid loss: 0.9814, valid auc: 87.60%
2023-06-08 14:34:16,393 - my_logger - INFO - epoch 97, train loss: 0.1435
2023-06-08 14:34:16,403 - my_logger - INFO - epoch 98, train loss: 0.1140
2023-06-08 14:34:16,409 - my_logger - INFO - evaluating......
2023-06-08 14:34:16,410 - my_logger - INFO - epoch 98, valid loss: 0.9719, valid auc: 87.56%
2023-06-08 14:34:16,414 - my_logger - INFO - epoch 99, train loss: 0.1033
2023-06-08 14:34:16,423 - my_logger - INFO - epoch 100, train loss: 0.1148
2023-06-08 14:34:16,430 - my_logger - INFO - evaluating......
2023-06-08 14:34:16,430 - my_logger - INFO - epoch 100, valid loss: 0.9949, valid auc: 87.89%
2023-06-08 14:34:16,435 - my_logger - INFO - epoch 101, train loss: 0.1030
2023-06-08 14:34:16,444 - my_logger - INFO - epoch 102, train loss: 0.0988
2023-06-08 14:34:16,451 - my_logger - INFO - evaluating......
2023-06-08 14:34:16,451 - my_logger - INFO - epoch 102, valid loss: 1.0059, valid auc: 87.47%
2023-06-08 14:34:16,457 - my_logger - INFO - epoch 103, train loss: 0.1092
2023-06-08 14:34:16,465 - my_logger - INFO - epoch 104, train loss: 0.0919
2023-06-08 14:34:16,472 - my_logger - INFO - evaluating......
2023-06-08 14:34:16,472 - my_logger - INFO - epoch 104, valid loss: 1.0279, valid auc: 87.73%
2023-06-08 14:34:16,478 - my_logger - INFO - epoch 105, train loss: 0.0981
2023-06-08 14:34:16,487 - my_logger - INFO - epoch 106, train loss: 0.0958
2023-06-08 14:34:16,493 - my_logger - INFO - evaluating......
2023-06-08 14:34:16,493 - my_logger - INFO - epoch 106, valid loss: 1.0544, valid auc: 87.56%
2023-06-08 14:34:16,498 - my_logger - INFO - epoch 107, train loss: 0.0895
2023-06-08 14:34:16,507 - my_logger - INFO - epoch 108, train loss: 0.0859
2023-06-08 14:34:16,513 - my_logger - INFO - evaluating......
2023-06-08 14:34:16,513 - my_logger - INFO - epoch 108, valid loss: 1.0825, valid auc: 87.62%
2023-06-08 14:34:16,518 - my_logger - INFO - epoch 109, train loss: 0.0881
2023-06-08 14:34:16,527 - my_logger - INFO - epoch 110, train loss: 0.0852
2023-06-08 14:34:16,534 - my_logger - INFO - evaluating......
2023-06-08 14:34:16,534 - my_logger - INFO - epoch 110, valid loss: 1.1059, valid auc: 87.72%
2023-06-08 14:34:16,539 - my_logger - INFO - epoch 111, train loss: 0.0778
2023-06-08 14:34:16,547 - my_logger - INFO - epoch 112, train loss: 0.0810
2023-06-08 14:34:16,553 - my_logger - INFO - evaluating......
2023-06-08 14:34:16,554 - my_logger - INFO - epoch 112, valid loss: 1.1321, valid auc: 87.73%
2023-06-08 14:34:16,559 - my_logger - INFO - epoch 113, train loss: 0.0777
2023-06-08 14:34:16,567 - my_logger - INFO - epoch 114, train loss: 0.0798
2023-06-08 14:34:16,573 - my_logger - INFO - evaluating......
2023-06-08 14:34:16,573 - my_logger - INFO - epoch 114, valid loss: 1.1723, valid auc: 87.78%
2023-06-08 14:34:16,578 - my_logger - INFO - epoch 115, train loss: 0.0730
2023-06-08 14:34:16,587 - my_logger - INFO - epoch 116, train loss: 0.0722
2023-06-08 14:34:16,593 - my_logger - INFO - evaluating......
2023-06-08 14:34:16,593 - my_logger - INFO - epoch 116, valid loss: 1.1990, valid auc: 87.67%
2023-06-08 14:34:16,598 - my_logger - INFO - epoch 117, train loss: 0.0678
2023-06-08 14:34:16,607 - my_logger - INFO - epoch 118, train loss: 0.0690
2023-06-08 14:34:16,613 - my_logger - INFO - evaluating......
2023-06-08 14:34:16,613 - my_logger - INFO - epoch 118, valid loss: 1.2349, valid auc: 87.81%
2023-06-08 14:34:16,618 - my_logger - INFO - epoch 119, train loss: 0.0676
2023-06-08 14:34:16,627 - my_logger - INFO - epoch 120, train loss: 0.0712
2023-06-08 14:34:16,633 - my_logger - INFO - evaluating......
2023-06-08 14:34:16,633 - my_logger - INFO - epoch 120, valid loss: 1.2721, valid auc: 87.67%
2023-06-08 14:34:16,638 - my_logger - INFO - epoch 121, train loss: 0.0871
2023-06-08 14:34:16,646 - my_logger - INFO - epoch 122, train loss: 0.1158
2023-06-08 14:34:16,652 - my_logger - INFO - evaluating......
2023-06-08 14:34:16,653 - my_logger - INFO - epoch 122, valid loss: 1.3249, valid auc: 87.62%
2023-06-08 14:34:16,658 - my_logger - INFO - epoch 123, train loss: 0.1811
2023-06-08 14:34:16,666 - my_logger - INFO - epoch 124, train loss: 0.0833
2023-06-08 14:34:16,672 - my_logger - INFO - evaluating......
2023-06-08 14:34:16,672 - my_logger - INFO - epoch 124, valid loss: 1.2917, valid auc: 87.92%
2023-06-08 14:34:16,677 - my_logger - INFO - epoch 125, train loss: 0.0992
2023-06-08 14:34:16,686 - my_logger - INFO - epoch 126, train loss: 0.1199
2023-06-08 14:34:16,692 - my_logger - INFO - evaluating......
2023-06-08 14:34:16,692 - my_logger - INFO - epoch 126, valid loss: 1.3364, valid auc: 87.94%
2023-06-08 14:34:16,697 - my_logger - INFO - epoch 127, train loss: 0.0861
2023-06-08 14:34:16,706 - my_logger - INFO - epoch 128, train loss: 0.1060
2023-06-08 14:34:16,712 - my_logger - INFO - evaluating......
2023-06-08 14:34:16,712 - my_logger - INFO - epoch 128, valid loss: 1.2714, valid auc: 87.50%
2023-06-08 14:34:16,717 - my_logger - INFO - epoch 129, train loss: 0.0745
2023-06-08 14:34:16,726 - my_logger - INFO - epoch 130, train loss: 0.0937
2023-06-08 14:34:16,732 - my_logger - INFO - evaluating......
2023-06-08 14:34:16,732 - my_logger - INFO - epoch 130, valid loss: 1.2785, valid auc: 87.93%
2023-06-08 14:34:16,736 - my_logger - INFO - epoch 131, train loss: 0.0721
2023-06-08 14:34:16,745 - my_logger - INFO - epoch 132, train loss: 0.0985
2023-06-08 14:34:16,750 - my_logger - INFO - evaluating......
2023-06-08 14:34:16,751 - my_logger - INFO - epoch 132, valid loss: 1.2918, valid auc: 87.69%
2023-06-08 14:34:16,756 - my_logger - INFO - epoch 133, train loss: 0.0618
2023-06-08 14:34:16,765 - my_logger - INFO - epoch 134, train loss: 0.0823
2023-06-08 14:34:16,771 - my_logger - INFO - evaluating......
2023-06-08 14:34:16,771 - my_logger - INFO - epoch 134, valid loss: 1.3028, valid auc: 87.50%
2023-06-08 14:34:16,777 - my_logger - INFO - epoch 135, train loss: 0.0662
2023-06-08 14:34:16,787 - my_logger - INFO - epoch 136, train loss: 0.0643
2023-06-08 14:34:16,794 - my_logger - INFO - evaluating......
2023-06-08 14:34:16,794 - my_logger - INFO - epoch 136, valid loss: 1.3539, valid auc: 87.61%
2023-06-08 14:34:16,800 - my_logger - INFO - epoch 137, train loss: 0.0681
2023-06-08 14:34:16,809 - my_logger - INFO - epoch 138, train loss: 0.0625
2023-06-08 14:34:16,816 - my_logger - INFO - evaluating......
2023-06-08 14:34:16,816 - my_logger - INFO - epoch 138, valid loss: 1.3567, valid auc: 87.75%
2023-06-08 14:34:16,821 - my_logger - INFO - epoch 139, train loss: 0.0557
2023-06-08 14:34:16,831 - my_logger - INFO - epoch 140, train loss: 0.0610
2023-06-08 14:34:16,837 - my_logger - INFO - evaluating......
2023-06-08 14:34:16,837 - my_logger - INFO - epoch 140, valid loss: 1.3862, valid auc: 87.54%
2023-06-08 14:34:16,843 - my_logger - INFO - epoch 141, train loss: 0.0542
2023-06-08 14:34:16,851 - my_logger - INFO - epoch 142, train loss: 0.0521
2023-06-08 14:34:16,857 - my_logger - INFO - evaluating......
2023-06-08 14:34:16,858 - my_logger - INFO - epoch 142, valid loss: 1.4258, valid auc: 87.72%
2023-06-08 14:34:16,862 - my_logger - INFO - epoch 143, train loss: 0.0544
2023-06-08 14:34:16,871 - my_logger - INFO - epoch 144, train loss: 0.0484
2023-06-08 14:34:16,878 - my_logger - INFO - evaluating......
2023-06-08 14:34:16,878 - my_logger - INFO - epoch 144, valid loss: 1.4499, valid auc: 87.78%
2023-06-08 14:34:16,883 - my_logger - INFO - epoch 145, train loss: 0.0476
2023-06-08 14:34:16,893 - my_logger - INFO - epoch 146, train loss: 0.0478
2023-06-08 14:34:16,900 - my_logger - INFO - evaluating......
2023-06-08 14:34:16,900 - my_logger - INFO - epoch 146, valid loss: 1.4893, valid auc: 87.75%
2023-06-08 14:34:16,906 - my_logger - INFO - epoch 147, train loss: 0.0443
2023-06-08 14:34:16,916 - my_logger - INFO - epoch 148, train loss: 0.0429
2023-06-08 14:34:16,923 - my_logger - INFO - evaluating......
2023-06-08 14:34:16,923 - my_logger - INFO - epoch 148, valid loss: 1.5363, valid auc: 87.72%
2023-06-08 14:34:16,929 - my_logger - INFO - epoch 149, train loss: 0.0433
2023-06-08 14:34:16,939 - my_logger - INFO - epoch 150, train loss: 0.0400
2023-06-08 14:34:16,945 - my_logger - INFO - evaluating......
2023-06-08 14:34:16,945 - my_logger - INFO - epoch 150, valid loss: 1.5464, valid auc: 87.81%
2023-06-08 14:34:16,951 - my_logger - INFO - epoch 151, train loss: 0.0394
2023-06-08 14:34:16,961 - my_logger - INFO - epoch 152, train loss: 0.0389
2023-06-08 14:34:16,968 - my_logger - INFO - evaluating......
2023-06-08 14:34:16,969 - my_logger - INFO - epoch 152, valid loss: 1.5797, valid auc: 87.97%
2023-06-08 14:34:16,974 - my_logger - INFO - epoch 153, train loss: 0.0364
2023-06-08 14:34:16,984 - my_logger - INFO - epoch 154, train loss: 0.0363
2023-06-08 14:34:16,991 - my_logger - INFO - evaluating......
2023-06-08 14:34:16,991 - my_logger - INFO - epoch 154, valid loss: 1.6192, valid auc: 87.94%
2023-06-08 14:34:16,996 - my_logger - INFO - epoch 155, train loss: 0.0352
2023-06-08 14:34:17,006 - my_logger - INFO - epoch 156, train loss: 0.0333
2023-06-08 14:34:17,013 - my_logger - INFO - evaluating......
2023-06-08 14:34:17,013 - my_logger - INFO - epoch 156, valid loss: 1.6508, valid auc: 87.92%
2023-06-08 14:34:17,020 - my_logger - INFO - epoch 157, train loss: 0.0331
2023-06-08 14:34:17,030 - my_logger - INFO - epoch 158, train loss: 0.0317
2023-06-08 14:34:17,036 - my_logger - INFO - evaluating......
2023-06-08 14:34:17,037 - my_logger - INFO - epoch 158, valid loss: 1.6945, valid auc: 87.94%
2023-06-08 14:34:17,043 - my_logger - INFO - epoch 159, train loss: 0.0307
2023-06-08 14:34:17,051 - my_logger - INFO - epoch 160, train loss: 0.0300
2023-06-08 14:34:17,058 - my_logger - INFO - evaluating......
2023-06-08 14:34:17,059 - my_logger - INFO - epoch 160, valid loss: 1.7309, valid auc: 87.93%
2023-06-08 14:34:17,064 - my_logger - INFO - epoch 161, train loss: 0.0288
2023-06-08 14:34:17,073 - my_logger - INFO - epoch 162, train loss: 0.0283
2023-06-08 14:34:17,080 - my_logger - INFO - evaluating......
2023-06-08 14:34:17,080 - my_logger - INFO - epoch 162, valid loss: 1.7657, valid auc: 87.93%
2023-06-08 14:34:17,085 - my_logger - INFO - epoch 163, train loss: 0.0272
2023-06-08 14:34:17,094 - my_logger - INFO - epoch 164, train loss: 0.0264
2023-06-08 14:34:17,101 - my_logger - INFO - evaluating......
2023-06-08 14:34:17,101 - my_logger - INFO - epoch 164, valid loss: 1.8024, valid auc: 87.96%
2023-06-08 14:34:17,106 - my_logger - INFO - epoch 165, train loss: 0.0258
2023-06-08 14:34:17,115 - my_logger - INFO - epoch 166, train loss: 0.0248
2023-06-08 14:34:17,121 - my_logger - INFO - evaluating......
2023-06-08 14:34:17,121 - my_logger - INFO - epoch 166, valid loss: 1.8356, valid auc: 87.95%
2023-06-08 14:34:17,126 - my_logger - INFO - epoch 167, train loss: 0.0243
2023-06-08 14:34:17,135 - my_logger - INFO - epoch 168, train loss: 0.0234
2023-06-08 14:34:17,141 - my_logger - INFO - evaluating......
2023-06-08 14:34:17,141 - my_logger - INFO - epoch 168, valid loss: 1.8751, valid auc: 87.97%
2023-06-08 14:34:17,146 - my_logger - INFO - epoch 169, train loss: 0.0226
2023-06-08 14:34:17,154 - my_logger - INFO - epoch 170, train loss: 0.0221
2023-06-08 14:34:17,160 - my_logger - INFO - evaluating......
2023-06-08 14:34:17,160 - my_logger - INFO - epoch 170, valid loss: 1.9153, valid auc: 87.96%
2023-06-08 14:34:17,165 - my_logger - INFO - epoch 171, train loss: 0.0212
2023-06-08 14:34:17,173 - my_logger - INFO - epoch 172, train loss: 0.0207
2023-06-08 14:34:17,179 - my_logger - INFO - evaluating......
2023-06-08 14:34:17,180 - my_logger - INFO - epoch 172, valid loss: 1.9488, valid auc: 87.96%
2023-06-08 14:34:17,184 - my_logger - INFO - epoch 173, train loss: 0.0201
2023-06-08 14:34:17,193 - my_logger - INFO - epoch 174, train loss: 0.0195
2023-06-08 14:34:17,199 - my_logger - INFO - evaluating......
2023-06-08 14:34:17,199 - my_logger - INFO - epoch 174, valid loss: 1.9848, valid auc: 87.97%
2023-06-08 14:34:17,204 - my_logger - INFO - epoch 175, train loss: 0.0190
2023-06-08 14:34:17,212 - my_logger - INFO - epoch 176, train loss: 0.0185
2023-06-08 14:34:17,218 - my_logger - INFO - evaluating......
2023-06-08 14:34:17,218 - my_logger - INFO - epoch 176, valid loss: 2.0234, valid auc: 87.97%
2023-06-08 14:34:17,223 - my_logger - INFO - epoch 177, train loss: 0.0183
2023-06-08 14:34:17,231 - my_logger - INFO - epoch 178, train loss: 0.0182
2023-06-08 14:34:17,237 - my_logger - INFO - evaluating......
2023-06-08 14:34:17,237 - my_logger - INFO - epoch 178, valid loss: 2.0592, valid auc: 88.00%
2023-06-08 14:34:17,242 - my_logger - INFO - epoch 179, train loss: 0.0188
2023-06-08 14:34:17,250 - my_logger - INFO - epoch 180, train loss: 0.0207
2023-06-08 14:34:17,256 - my_logger - INFO - evaluating......
2023-06-08 14:34:17,256 - my_logger - INFO - epoch 180, valid loss: 2.1023, valid auc: 87.96%
2023-06-08 14:34:17,262 - my_logger - INFO - epoch 181, train loss: 0.0283
2023-06-08 14:34:17,271 - my_logger - INFO - epoch 182, train loss: 0.0598
2023-06-08 14:34:17,278 - my_logger - INFO - evaluating......
2023-06-08 14:34:17,278 - my_logger - INFO - epoch 182, valid loss: 2.1879, valid auc: 87.89%
2023-06-08 14:34:17,283 - my_logger - INFO - epoch 183, train loss: 0.3562
2023-06-08 14:34:17,295 - my_logger - INFO - epoch 184, train loss: 0.4172
2023-06-08 14:34:17,301 - my_logger - INFO - evaluating......
2023-06-08 14:34:17,301 - my_logger - INFO - epoch 184, valid loss: 2.1237, valid auc: 87.62%
2023-06-08 14:34:17,307 - my_logger - INFO - epoch 185, train loss: 0.2645
2023-06-08 14:34:17,317 - my_logger - INFO - epoch 186, train loss: 0.2462
2023-06-08 14:34:17,325 - my_logger - INFO - evaluating......
2023-06-08 14:34:17,325 - my_logger - INFO - epoch 186, valid loss: 2.1694, valid auc: 87.86%
2023-06-08 14:34:17,331 - my_logger - INFO - epoch 187, train loss: 0.2266
2023-06-08 14:34:17,341 - my_logger - INFO - epoch 188, train loss: 0.1424
2023-06-08 14:34:17,348 - my_logger - INFO - evaluating......
2023-06-08 14:34:17,348 - my_logger - INFO - epoch 188, valid loss: 1.7030, valid auc: 88.08%
2023-06-08 14:34:17,353 - my_logger - INFO - epoch 189, train loss: 0.1151
2023-06-08 14:34:17,363 - my_logger - INFO - epoch 190, train loss: 0.1822
2023-06-08 14:34:17,370 - my_logger - INFO - evaluating......
2023-06-08 14:34:17,371 - my_logger - INFO - epoch 190, valid loss: 1.5951, valid auc: 87.17%
2023-06-08 14:34:17,376 - my_logger - INFO - epoch 191, train loss: 0.1187
2023-06-08 14:34:17,391 - my_logger - INFO - epoch 192, train loss: 0.0897
2023-06-08 14:34:17,399 - my_logger - INFO - evaluating......
2023-06-08 14:34:17,399 - my_logger - INFO - epoch 192, valid loss: 1.5703, valid auc: 86.50%
2023-06-08 14:34:17,406 - my_logger - INFO - epoch 193, train loss: 0.1079
2023-06-08 14:34:17,416 - my_logger - INFO - epoch 194, train loss: 0.1048
2023-06-08 14:34:17,423 - my_logger - INFO - evaluating......
2023-06-08 14:34:17,423 - my_logger - INFO - epoch 194, valid loss: 1.5804, valid auc: 86.86%
2023-06-08 14:34:17,428 - my_logger - INFO - epoch 195, train loss: 0.0993
2023-06-08 14:34:17,436 - my_logger - INFO - epoch 196, train loss: 0.0913
2023-06-08 14:34:17,442 - my_logger - INFO - evaluating......
2023-06-08 14:34:17,442 - my_logger - INFO - epoch 196, valid loss: 1.4589, valid auc: 87.70%
2023-06-08 14:34:17,447 - my_logger - INFO - epoch 197, train loss: 0.0833
2023-06-08 14:34:17,455 - my_logger - INFO - epoch 198, train loss: 0.0750
2023-06-08 14:34:17,461 - my_logger - INFO - evaluating......
2023-06-08 14:34:17,461 - my_logger - INFO - epoch 198, valid loss: 1.4096, valid auc: 87.72%
2023-06-08 14:34:17,466 - my_logger - INFO - epoch 199, train loss: 0.0667
2023-06-08 14:34:17,470 - my_logger - INFO - total train time used: 3.0898s
2023-06-08 14:34:17,470 - my_logger - INFO - testing......
2023-06-08 14:34:17,478 - my_logger - INFO - test auc: 87.90%
