2023-06-07 15:41:14,559 - my_logger - INFO - training......
2023-06-07 15:41:15,440 - my_logger - INFO - epoch 0, train loss: 0.6932
2023-06-07 15:41:15,451 - my_logger - INFO - evaluating......
2023-06-07 15:41:15,451 - my_logger - INFO - epoch 0, valid loss: 0.6931, valid auc: 68.28%
2023-06-07 15:41:15,462 - my_logger - INFO - epoch 1, train loss: 0.6931
2023-06-07 15:41:15,472 - my_logger - INFO - epoch 2, train loss: 0.6922
2023-06-07 15:41:15,479 - my_logger - INFO - evaluating......
2023-06-07 15:41:15,480 - my_logger - INFO - epoch 2, valid loss: 0.6924, valid auc: 60.63%
2023-06-07 15:41:15,485 - my_logger - INFO - epoch 3, train loss: 0.6891
2023-06-07 15:41:15,495 - my_logger - INFO - epoch 4, train loss: 0.6911
2023-06-07 15:41:15,502 - my_logger - INFO - evaluating......
2023-06-07 15:41:15,502 - my_logger - INFO - epoch 4, valid loss: 0.6933, valid auc: 59.29%
2023-06-07 15:41:15,507 - my_logger - INFO - epoch 5, train loss: 0.6801
2023-06-07 15:41:15,517 - my_logger - INFO - epoch 6, train loss: 0.6754
2023-06-07 15:41:15,525 - my_logger - INFO - evaluating......
2023-06-07 15:41:15,525 - my_logger - INFO - epoch 6, valid loss: 0.6780, valid auc: 73.87%
2023-06-07 15:41:15,540 - my_logger - INFO - epoch 7, train loss: 0.6560
2023-06-07 15:41:15,553 - my_logger - INFO - epoch 8, train loss: 0.6182
2023-06-07 15:41:15,562 - my_logger - INFO - evaluating......
2023-06-07 15:41:15,562 - my_logger - INFO - epoch 8, valid loss: 0.6233, valid auc: 76.91%
2023-06-07 15:41:15,576 - my_logger - INFO - epoch 9, train loss: 0.5614
2023-06-07 15:41:15,586 - my_logger - INFO - epoch 10, train loss: 0.5662
2023-06-07 15:41:15,594 - my_logger - INFO - evaluating......
2023-06-07 15:41:15,594 - my_logger - INFO - epoch 10, valid loss: 0.6198, valid auc: 76.87%
2023-06-07 15:41:15,599 - my_logger - INFO - epoch 11, train loss: 0.6058
2023-06-07 15:41:15,609 - my_logger - INFO - epoch 12, train loss: 0.5453
2023-06-07 15:41:15,616 - my_logger - INFO - evaluating......
2023-06-07 15:41:15,616 - my_logger - INFO - epoch 12, valid loss: 0.5751, valid auc: 79.59%
2023-06-07 15:41:15,628 - my_logger - INFO - epoch 13, train loss: 0.5107
2023-06-07 15:41:15,638 - my_logger - INFO - epoch 14, train loss: 0.5151
2023-06-07 15:41:15,645 - my_logger - INFO - evaluating......
2023-06-07 15:41:15,646 - my_logger - INFO - epoch 14, valid loss: 0.5427, valid auc: 81.55%
2023-06-07 15:41:15,658 - my_logger - INFO - epoch 15, train loss: 0.5028
2023-06-07 15:41:15,668 - my_logger - INFO - epoch 16, train loss: 0.4877
2023-06-07 15:41:15,675 - my_logger - INFO - evaluating......
2023-06-07 15:41:15,675 - my_logger - INFO - epoch 16, valid loss: 0.5187, valid auc: 83.61%
2023-06-07 15:41:15,687 - my_logger - INFO - epoch 17, train loss: 0.4789
2023-06-07 15:41:15,697 - my_logger - INFO - epoch 18, train loss: 0.4529
2023-06-07 15:41:15,704 - my_logger - INFO - evaluating......
2023-06-07 15:41:15,705 - my_logger - INFO - epoch 18, valid loss: 0.4922, valid auc: 84.36%
2023-06-07 15:41:15,716 - my_logger - INFO - epoch 19, train loss: 0.4451
2023-06-07 15:41:15,727 - my_logger - INFO - epoch 20, train loss: 0.4322
2023-06-07 15:41:15,735 - my_logger - INFO - evaluating......
2023-06-07 15:41:15,735 - my_logger - INFO - epoch 20, valid loss: 0.4900, valid auc: 84.61%
2023-06-07 15:41:15,746 - my_logger - INFO - epoch 21, train loss: 0.4180
2023-06-07 15:41:15,756 - my_logger - INFO - epoch 22, train loss: 0.4117
2023-06-07 15:41:15,763 - my_logger - INFO - evaluating......
2023-06-07 15:41:15,763 - my_logger - INFO - epoch 22, valid loss: 0.5100, valid auc: 85.04%
2023-06-07 15:41:15,774 - my_logger - INFO - epoch 23, train loss: 0.3993
2023-06-07 15:41:15,784 - my_logger - INFO - epoch 24, train loss: 0.3894
2023-06-07 15:41:15,791 - my_logger - INFO - evaluating......
2023-06-07 15:41:15,792 - my_logger - INFO - epoch 24, valid loss: 0.4901, valid auc: 85.51%
2023-06-07 15:41:15,803 - my_logger - INFO - epoch 25, train loss: 0.3826
2023-06-07 15:41:15,813 - my_logger - INFO - epoch 26, train loss: 0.3768
2023-06-07 15:41:15,820 - my_logger - INFO - evaluating......
2023-06-07 15:41:15,820 - my_logger - INFO - epoch 26, valid loss: 0.4736, valid auc: 85.97%
2023-06-07 15:41:15,831 - my_logger - INFO - epoch 27, train loss: 0.3640
2023-06-07 15:41:15,840 - my_logger - INFO - epoch 28, train loss: 0.3601
2023-06-07 15:41:15,847 - my_logger - INFO - evaluating......
2023-06-07 15:41:15,848 - my_logger - INFO - epoch 28, valid loss: 0.4537, valid auc: 86.69%
2023-06-07 15:41:15,859 - my_logger - INFO - epoch 29, train loss: 0.3492
2023-06-07 15:41:15,870 - my_logger - INFO - epoch 30, train loss: 0.3434
2023-06-07 15:41:15,877 - my_logger - INFO - evaluating......
2023-06-07 15:41:15,877 - my_logger - INFO - epoch 30, valid loss: 0.4432, valid auc: 87.52%
2023-06-07 15:41:15,888 - my_logger - INFO - epoch 31, train loss: 0.3350
2023-06-07 15:41:15,898 - my_logger - INFO - epoch 32, train loss: 0.3212
2023-06-07 15:41:15,905 - my_logger - INFO - evaluating......
2023-06-07 15:41:15,906 - my_logger - INFO - epoch 32, valid loss: 0.4419, valid auc: 88.15%
2023-06-07 15:41:15,917 - my_logger - INFO - epoch 33, train loss: 0.3126
2023-06-07 15:41:15,927 - my_logger - INFO - epoch 34, train loss: 0.3002
2023-06-07 15:41:15,934 - my_logger - INFO - evaluating......
2023-06-07 15:41:15,934 - my_logger - INFO - epoch 34, valid loss: 0.4378, valid auc: 89.35%
2023-06-07 15:41:15,946 - my_logger - INFO - epoch 35, train loss: 0.2920
2023-06-07 15:41:15,956 - my_logger - INFO - epoch 36, train loss: 0.2803
2023-06-07 15:41:15,964 - my_logger - INFO - evaluating......
2023-06-07 15:41:15,964 - my_logger - INFO - epoch 36, valid loss: 0.4258, valid auc: 90.27%
2023-06-07 15:41:15,976 - my_logger - INFO - epoch 37, train loss: 0.2647
2023-06-07 15:41:15,987 - my_logger - INFO - epoch 38, train loss: 0.2621
2023-06-07 15:41:15,994 - my_logger - INFO - evaluating......
2023-06-07 15:41:15,994 - my_logger - INFO - epoch 38, valid loss: 0.3935, valid auc: 91.52%
2023-06-07 15:41:16,006 - my_logger - INFO - epoch 39, train loss: 0.2591
2023-06-07 15:41:16,016 - my_logger - INFO - epoch 40, train loss: 0.2752
2023-06-07 15:41:16,023 - my_logger - INFO - evaluating......
2023-06-07 15:41:16,023 - my_logger - INFO - epoch 40, valid loss: 0.4010, valid auc: 92.51%
2023-06-07 15:41:16,036 - my_logger - INFO - epoch 41, train loss: 0.2354
2023-06-07 15:41:16,048 - my_logger - INFO - epoch 42, train loss: 0.2667
2023-06-07 15:41:16,056 - my_logger - INFO - evaluating......
2023-06-07 15:41:16,056 - my_logger - INFO - epoch 42, valid loss: 0.3949, valid auc: 92.60%
2023-06-07 15:41:16,068 - my_logger - INFO - epoch 43, train loss: 0.2340
2023-06-07 15:41:16,078 - my_logger - INFO - epoch 44, train loss: 0.2444
2023-06-07 15:41:16,085 - my_logger - INFO - evaluating......
2023-06-07 15:41:16,085 - my_logger - INFO - epoch 44, valid loss: 0.3697, valid auc: 92.96%
2023-06-07 15:41:16,096 - my_logger - INFO - epoch 45, train loss: 0.2082
2023-06-07 15:41:16,106 - my_logger - INFO - epoch 46, train loss: 0.2304
2023-06-07 15:41:16,113 - my_logger - INFO - evaluating......
2023-06-07 15:41:16,113 - my_logger - INFO - epoch 46, valid loss: 0.3728, valid auc: 93.19%
2023-06-07 15:41:16,125 - my_logger - INFO - epoch 47, train loss: 0.2014
2023-06-07 15:41:16,135 - my_logger - INFO - epoch 48, train loss: 0.2101
2023-06-07 15:41:16,142 - my_logger - INFO - evaluating......
2023-06-07 15:41:16,142 - my_logger - INFO - epoch 48, valid loss: 0.3551, valid auc: 93.57%
2023-06-07 15:41:16,153 - my_logger - INFO - epoch 49, train loss: 0.1959
2023-06-07 15:41:16,163 - my_logger - INFO - epoch 50, train loss: 0.1886
2023-06-07 15:41:16,170 - my_logger - INFO - evaluating......
2023-06-07 15:41:16,170 - my_logger - INFO - epoch 50, valid loss: 0.3550, valid auc: 93.84%
2023-06-07 15:41:16,181 - my_logger - INFO - epoch 51, train loss: 0.1905
2023-06-07 15:41:16,191 - my_logger - INFO - epoch 52, train loss: 0.1755
2023-06-07 15:41:16,198 - my_logger - INFO - evaluating......
2023-06-07 15:41:16,198 - my_logger - INFO - epoch 52, valid loss: 0.3497, valid auc: 93.92%
2023-06-07 15:41:16,209 - my_logger - INFO - epoch 53, train loss: 0.1775
2023-06-07 15:41:16,219 - my_logger - INFO - epoch 54, train loss: 0.1666
2023-06-07 15:41:16,226 - my_logger - INFO - evaluating......
2023-06-07 15:41:16,226 - my_logger - INFO - epoch 54, valid loss: 0.3543, valid auc: 93.96%
2023-06-07 15:41:16,237 - my_logger - INFO - epoch 55, train loss: 0.1623
2023-06-07 15:41:16,247 - my_logger - INFO - epoch 56, train loss: 0.1610
2023-06-07 15:41:16,255 - my_logger - INFO - evaluating......
2023-06-07 15:41:16,255 - my_logger - INFO - epoch 56, valid loss: 0.3636, valid auc: 93.93%
2023-06-07 15:41:16,260 - my_logger - INFO - epoch 57, train loss: 0.1493
2023-06-07 15:41:16,270 - my_logger - INFO - epoch 58, train loss: 0.1515
2023-06-07 15:41:16,277 - my_logger - INFO - evaluating......
2023-06-07 15:41:16,277 - my_logger - INFO - epoch 58, valid loss: 0.3669, valid auc: 94.08%
2023-06-07 15:41:16,289 - my_logger - INFO - epoch 59, train loss: 0.1418
2023-06-07 15:41:16,299 - my_logger - INFO - epoch 60, train loss: 0.1413
2023-06-07 15:41:16,306 - my_logger - INFO - evaluating......
2023-06-07 15:41:16,306 - my_logger - INFO - epoch 60, valid loss: 0.3732, valid auc: 94.19%
2023-06-07 15:41:16,317 - my_logger - INFO - epoch 61, train loss: 0.1327
2023-06-07 15:41:16,327 - my_logger - INFO - epoch 62, train loss: 0.1303
2023-06-07 15:41:16,334 - my_logger - INFO - evaluating......
2023-06-07 15:41:16,334 - my_logger - INFO - epoch 62, valid loss: 0.3718, valid auc: 94.27%
2023-06-07 15:41:16,345 - my_logger - INFO - epoch 63, train loss: 0.1267
2023-06-07 15:41:16,356 - my_logger - INFO - epoch 64, train loss: 0.1212
2023-06-07 15:41:16,363 - my_logger - INFO - evaluating......
2023-06-07 15:41:16,363 - my_logger - INFO - epoch 64, valid loss: 0.3790, valid auc: 94.36%
2023-06-07 15:41:16,376 - my_logger - INFO - epoch 65, train loss: 0.1180
2023-06-07 15:41:16,386 - my_logger - INFO - epoch 66, train loss: 0.1142
2023-06-07 15:41:16,393 - my_logger - INFO - evaluating......
2023-06-07 15:41:16,393 - my_logger - INFO - epoch 66, valid loss: 0.3873, valid auc: 94.42%
2023-06-07 15:41:16,405 - my_logger - INFO - epoch 67, train loss: 0.1101
2023-06-07 15:41:16,415 - my_logger - INFO - epoch 68, train loss: 0.1060
2023-06-07 15:41:16,422 - my_logger - INFO - evaluating......
2023-06-07 15:41:16,422 - my_logger - INFO - epoch 68, valid loss: 0.3968, valid auc: 94.56%
2023-06-07 15:41:16,433 - my_logger - INFO - epoch 69, train loss: 0.1018
2023-06-07 15:41:16,443 - my_logger - INFO - epoch 70, train loss: 0.0983
2023-06-07 15:41:16,450 - my_logger - INFO - evaluating......
2023-06-07 15:41:16,450 - my_logger - INFO - epoch 70, valid loss: 0.4068, valid auc: 94.62%
2023-06-07 15:41:16,461 - my_logger - INFO - epoch 71, train loss: 0.0952
2023-06-07 15:41:16,471 - my_logger - INFO - epoch 72, train loss: 0.0931
2023-06-07 15:41:16,478 - my_logger - INFO - evaluating......
2023-06-07 15:41:16,479 - my_logger - INFO - epoch 72, valid loss: 0.4260, valid auc: 94.58%
2023-06-07 15:41:16,484 - my_logger - INFO - epoch 73, train loss: 0.0973
2023-06-07 15:41:16,494 - my_logger - INFO - epoch 74, train loss: 0.1088
2023-06-07 15:41:16,501 - my_logger - INFO - evaluating......
2023-06-07 15:41:16,501 - my_logger - INFO - epoch 74, valid loss: 0.4480, valid auc: 94.61%
2023-06-07 15:41:16,506 - my_logger - INFO - epoch 75, train loss: 0.1900
2023-06-07 15:41:16,515 - my_logger - INFO - epoch 76, train loss: 0.0956
2023-06-07 15:41:16,523 - my_logger - INFO - evaluating......
2023-06-07 15:41:16,523 - my_logger - INFO - epoch 76, valid loss: 0.4606, valid auc: 94.44%
2023-06-07 15:41:16,529 - my_logger - INFO - epoch 77, train loss: 0.1697
2023-06-07 15:41:16,539 - my_logger - INFO - epoch 78, train loss: 0.2696
2023-06-07 15:41:16,548 - my_logger - INFO - evaluating......
2023-06-07 15:41:16,548 - my_logger - INFO - epoch 78, valid loss: 0.6880, valid auc: 93.52%
2023-06-07 15:41:16,555 - my_logger - INFO - epoch 79, train loss: 0.2151
2023-06-07 15:41:16,566 - my_logger - INFO - epoch 80, train loss: 0.1241
2023-06-07 15:41:16,573 - my_logger - INFO - evaluating......
2023-06-07 15:41:16,574 - my_logger - INFO - epoch 80, valid loss: 0.4684, valid auc: 93.73%
2023-06-07 15:41:16,579 - my_logger - INFO - epoch 81, train loss: 0.2113
2023-06-07 15:41:16,589 - my_logger - INFO - epoch 82, train loss: 0.1338
2023-06-07 15:41:16,596 - my_logger - INFO - evaluating......
2023-06-07 15:41:16,596 - my_logger - INFO - epoch 82, valid loss: 0.4589, valid auc: 93.40%
2023-06-07 15:41:16,601 - my_logger - INFO - epoch 83, train loss: 0.1455
2023-06-07 15:41:16,611 - my_logger - INFO - epoch 84, train loss: 0.1477
2023-06-07 15:41:16,618 - my_logger - INFO - evaluating......
2023-06-07 15:41:16,618 - my_logger - INFO - epoch 84, valid loss: 0.4582, valid auc: 92.56%
2023-06-07 15:41:16,624 - my_logger - INFO - epoch 85, train loss: 0.1401
2023-06-07 15:41:16,634 - my_logger - INFO - epoch 86, train loss: 0.1278
2023-06-07 15:41:16,641 - my_logger - INFO - evaluating......
2023-06-07 15:41:16,641 - my_logger - INFO - epoch 86, valid loss: 0.4068, valid auc: 93.18%
2023-06-07 15:41:16,647 - my_logger - INFO - epoch 87, train loss: 0.1224
2023-06-07 15:41:16,656 - my_logger - INFO - epoch 88, train loss: 0.1192
2023-06-07 15:41:16,664 - my_logger - INFO - evaluating......
2023-06-07 15:41:16,664 - my_logger - INFO - epoch 88, valid loss: 0.3776, valid auc: 93.81%
2023-06-07 15:41:16,669 - my_logger - INFO - epoch 89, train loss: 0.1326
2023-06-07 15:41:16,679 - my_logger - INFO - epoch 90, train loss: 0.1089
2023-06-07 15:41:16,686 - my_logger - INFO - evaluating......
2023-06-07 15:41:16,686 - my_logger - INFO - epoch 90, valid loss: 0.3874, valid auc: 93.87%
2023-06-07 15:41:16,692 - my_logger - INFO - epoch 91, train loss: 0.1052
2023-06-07 15:41:16,701 - my_logger - INFO - epoch 92, train loss: 0.1057
2023-06-07 15:41:16,709 - my_logger - INFO - evaluating......
2023-06-07 15:41:16,709 - my_logger - INFO - epoch 92, valid loss: 0.4005, valid auc: 93.93%
2023-06-07 15:41:16,714 - my_logger - INFO - epoch 93, train loss: 0.1080
2023-06-07 15:41:16,724 - my_logger - INFO - epoch 94, train loss: 0.0962
2023-06-07 15:41:16,731 - my_logger - INFO - evaluating......
2023-06-07 15:41:16,731 - my_logger - INFO - epoch 94, valid loss: 0.4007, valid auc: 93.96%
2023-06-07 15:41:16,736 - my_logger - INFO - epoch 95, train loss: 0.0885
2023-06-07 15:41:16,746 - my_logger - INFO - epoch 96, train loss: 0.0903
2023-06-07 15:41:16,754 - my_logger - INFO - evaluating......
2023-06-07 15:41:16,754 - my_logger - INFO - epoch 96, valid loss: 0.4212, valid auc: 94.14%
2023-06-07 15:41:16,759 - my_logger - INFO - epoch 97, train loss: 0.0846
2023-06-07 15:41:16,769 - my_logger - INFO - epoch 98, train loss: 0.0795
2023-06-07 15:41:16,776 - my_logger - INFO - evaluating......
2023-06-07 15:41:16,776 - my_logger - INFO - epoch 98, valid loss: 0.4202, valid auc: 94.47%
2023-06-07 15:41:16,781 - my_logger - INFO - epoch 99, train loss: 0.0744
2023-06-07 15:41:16,791 - my_logger - INFO - epoch 100, train loss: 0.0758
2023-06-07 15:41:16,798 - my_logger - INFO - evaluating......
2023-06-07 15:41:16,799 - my_logger - INFO - epoch 100, valid loss: 0.4711, valid auc: 94.38%
2023-06-07 15:41:16,804 - my_logger - INFO - epoch 101, train loss: 0.0706
2023-06-07 15:41:16,814 - my_logger - INFO - epoch 102, train loss: 0.0646
2023-06-07 15:41:16,821 - my_logger - INFO - evaluating......
2023-06-07 15:41:16,822 - my_logger - INFO - epoch 102, valid loss: 0.4621, valid auc: 94.42%
2023-06-07 15:41:16,827 - my_logger - INFO - epoch 103, train loss: 0.0636
2023-06-07 15:41:16,836 - my_logger - INFO - epoch 104, train loss: 0.0615
2023-06-07 15:41:16,844 - my_logger - INFO - evaluating......
2023-06-07 15:41:16,844 - my_logger - INFO - epoch 104, valid loss: 0.4860, valid auc: 94.52%
2023-06-07 15:41:16,849 - my_logger - INFO - epoch 105, train loss: 0.0586
2023-06-07 15:41:16,859 - my_logger - INFO - epoch 106, train loss: 0.0550
2023-06-07 15:41:16,866 - my_logger - INFO - evaluating......
2023-06-07 15:41:16,866 - my_logger - INFO - epoch 106, valid loss: 0.5003, valid auc: 94.65%
2023-06-07 15:41:16,877 - my_logger - INFO - epoch 107, train loss: 0.0548
2023-06-07 15:41:16,888 - my_logger - INFO - epoch 108, train loss: 0.0521
2023-06-07 15:41:16,895 - my_logger - INFO - evaluating......
2023-06-07 15:41:16,895 - my_logger - INFO - epoch 108, valid loss: 0.5288, valid auc: 94.66%
2023-06-07 15:41:16,906 - my_logger - INFO - epoch 109, train loss: 0.0500
2023-06-07 15:41:16,916 - my_logger - INFO - epoch 110, train loss: 0.0467
2023-06-07 15:41:16,923 - my_logger - INFO - evaluating......
2023-06-07 15:41:16,923 - my_logger - INFO - epoch 110, valid loss: 0.5342, valid auc: 94.70%
2023-06-07 15:41:16,934 - my_logger - INFO - epoch 111, train loss: 0.0466
2023-06-07 15:41:16,944 - my_logger - INFO - epoch 112, train loss: 0.0442
2023-06-07 15:41:16,952 - my_logger - INFO - evaluating......
2023-06-07 15:41:16,952 - my_logger - INFO - epoch 112, valid loss: 0.5597, valid auc: 94.67%
2023-06-07 15:41:16,957 - my_logger - INFO - epoch 113, train loss: 0.0426
2023-06-07 15:41:16,967 - my_logger - INFO - epoch 114, train loss: 0.0403
2023-06-07 15:41:16,974 - my_logger - INFO - evaluating......
2023-06-07 15:41:16,974 - my_logger - INFO - epoch 114, valid loss: 0.5748, valid auc: 94.77%
2023-06-07 15:41:16,985 - my_logger - INFO - epoch 115, train loss: 0.0398
2023-06-07 15:41:16,996 - my_logger - INFO - epoch 116, train loss: 0.0374
2023-06-07 15:41:17,004 - my_logger - INFO - evaluating......
2023-06-07 15:41:17,004 - my_logger - INFO - epoch 116, valid loss: 0.5904, valid auc: 94.82%
2023-06-07 15:41:17,016 - my_logger - INFO - epoch 117, train loss: 0.0359
2023-06-07 15:41:17,026 - my_logger - INFO - epoch 118, train loss: 0.0349
2023-06-07 15:41:17,035 - my_logger - INFO - evaluating......
2023-06-07 15:41:17,035 - my_logger - INFO - epoch 118, valid loss: 0.6046, valid auc: 94.85%
2023-06-07 15:41:17,047 - my_logger - INFO - epoch 119, train loss: 0.0335
2023-06-07 15:41:17,059 - my_logger - INFO - epoch 120, train loss: 0.0317
2023-06-07 15:41:17,066 - my_logger - INFO - evaluating......
2023-06-07 15:41:17,067 - my_logger - INFO - epoch 120, valid loss: 0.6244, valid auc: 94.89%
2023-06-07 15:41:17,079 - my_logger - INFO - epoch 121, train loss: 0.0308
2023-06-07 15:41:17,089 - my_logger - INFO - epoch 122, train loss: 0.0296
2023-06-07 15:41:17,096 - my_logger - INFO - evaluating......
2023-06-07 15:41:17,096 - my_logger - INFO - epoch 122, valid loss: 0.6385, valid auc: 94.83%
2023-06-07 15:41:17,101 - my_logger - INFO - epoch 123, train loss: 0.0282
2023-06-07 15:41:17,111 - my_logger - INFO - epoch 124, train loss: 0.0271
2023-06-07 15:41:17,118 - my_logger - INFO - evaluating......
2023-06-07 15:41:17,118 - my_logger - INFO - epoch 124, valid loss: 0.6631, valid auc: 94.82%
2023-06-07 15:41:17,123 - my_logger - INFO - epoch 125, train loss: 0.0258
2023-06-07 15:41:17,133 - my_logger - INFO - epoch 126, train loss: 0.0248
2023-06-07 15:41:17,140 - my_logger - INFO - evaluating......
2023-06-07 15:41:17,140 - my_logger - INFO - epoch 126, valid loss: 0.6708, valid auc: 94.79%
2023-06-07 15:41:17,145 - my_logger - INFO - epoch 127, train loss: 0.0237
2023-06-07 15:41:17,155 - my_logger - INFO - epoch 128, train loss: 0.0226
2023-06-07 15:41:17,162 - my_logger - INFO - evaluating......
2023-06-07 15:41:17,162 - my_logger - INFO - epoch 128, valid loss: 0.7007, valid auc: 94.81%
2023-06-07 15:41:17,167 - my_logger - INFO - epoch 129, train loss: 0.0216
2023-06-07 15:41:17,178 - my_logger - INFO - epoch 130, train loss: 0.0206
2023-06-07 15:41:17,185 - my_logger - INFO - evaluating......
2023-06-07 15:41:17,185 - my_logger - INFO - epoch 130, valid loss: 0.7213, valid auc: 94.73%
2023-06-07 15:41:17,190 - my_logger - INFO - epoch 131, train loss: 0.0197
2023-06-07 15:41:17,200 - my_logger - INFO - epoch 132, train loss: 0.0188
2023-06-07 15:41:17,207 - my_logger - INFO - evaluating......
2023-06-07 15:41:17,207 - my_logger - INFO - epoch 132, valid loss: 0.7368, valid auc: 94.78%
2023-06-07 15:41:17,212 - my_logger - INFO - epoch 133, train loss: 0.0180
2023-06-07 15:41:17,222 - my_logger - INFO - epoch 134, train loss: 0.0171
2023-06-07 15:41:17,230 - my_logger - INFO - evaluating......
2023-06-07 15:41:17,230 - my_logger - INFO - epoch 134, valid loss: 0.7669, valid auc: 94.76%
2023-06-07 15:41:17,235 - my_logger - INFO - epoch 135, train loss: 0.0164
2023-06-07 15:41:17,245 - my_logger - INFO - epoch 136, train loss: 0.0156
2023-06-07 15:41:17,252 - my_logger - INFO - evaluating......
2023-06-07 15:41:17,253 - my_logger - INFO - epoch 136, valid loss: 0.7869, valid auc: 94.73%
2023-06-07 15:41:17,258 - my_logger - INFO - epoch 137, train loss: 0.0148
2023-06-07 15:41:17,268 - my_logger - INFO - epoch 138, train loss: 0.0142
2023-06-07 15:41:17,275 - my_logger - INFO - evaluating......
2023-06-07 15:41:17,275 - my_logger - INFO - epoch 138, valid loss: 0.8094, valid auc: 94.76%
2023-06-07 15:41:17,280 - my_logger - INFO - epoch 139, train loss: 0.0136
2023-06-07 15:41:17,290 - my_logger - INFO - epoch 140, train loss: 0.0131
2023-06-07 15:41:17,297 - my_logger - INFO - evaluating......
2023-06-07 15:41:17,298 - my_logger - INFO - epoch 140, valid loss: 0.8360, valid auc: 94.70%
2023-06-07 15:41:17,303 - my_logger - INFO - epoch 141, train loss: 0.0138
2023-06-07 15:41:17,313 - my_logger - INFO - epoch 142, train loss: 0.0135
2023-06-07 15:41:17,320 - my_logger - INFO - evaluating......
2023-06-07 15:41:17,320 - my_logger - INFO - epoch 142, valid loss: 0.8706, valid auc: 94.61%
2023-06-07 15:41:17,325 - my_logger - INFO - epoch 143, train loss: 0.0152
2023-06-07 15:41:17,336 - my_logger - INFO - epoch 144, train loss: 0.0133
2023-06-07 15:41:17,343 - my_logger - INFO - evaluating......
2023-06-07 15:41:17,343 - my_logger - INFO - epoch 144, valid loss: 0.8806, valid auc: 94.65%
2023-06-07 15:41:17,349 - my_logger - INFO - epoch 145, train loss: 0.0138
2023-06-07 15:41:17,359 - my_logger - INFO - epoch 146, train loss: 0.0139
2023-06-07 15:41:17,366 - my_logger - INFO - evaluating......
2023-06-07 15:41:17,366 - my_logger - INFO - epoch 146, valid loss: 0.9058, valid auc: 94.67%
2023-06-07 15:41:17,371 - my_logger - INFO - epoch 147, train loss: 0.0124
2023-06-07 15:41:17,381 - my_logger - INFO - epoch 148, train loss: 0.0119
2023-06-07 15:41:17,388 - my_logger - INFO - evaluating......
2023-06-07 15:41:17,389 - my_logger - INFO - epoch 148, valid loss: 0.9323, valid auc: 94.65%
2023-06-07 15:41:17,394 - my_logger - INFO - epoch 149, train loss: 0.0111
2023-06-07 15:41:17,403 - my_logger - INFO - epoch 150, train loss: 0.0102
2023-06-07 15:41:17,410 - my_logger - INFO - evaluating......
2023-06-07 15:41:17,410 - my_logger - INFO - epoch 150, valid loss: 0.9366, valid auc: 94.70%
2023-06-07 15:41:17,415 - my_logger - INFO - epoch 151, train loss: 0.0097
2023-06-07 15:41:17,425 - my_logger - INFO - epoch 152, train loss: 0.0091
2023-06-07 15:41:17,432 - my_logger - INFO - evaluating......
2023-06-07 15:41:17,432 - my_logger - INFO - epoch 152, valid loss: 0.9520, valid auc: 94.72%
2023-06-07 15:41:17,437 - my_logger - INFO - epoch 153, train loss: 0.0085
2023-06-07 15:41:17,446 - my_logger - INFO - epoch 154, train loss: 0.0080
2023-06-07 15:41:17,454 - my_logger - INFO - evaluating......
2023-06-07 15:41:17,454 - my_logger - INFO - epoch 154, valid loss: 0.9676, valid auc: 94.73%
2023-06-07 15:41:17,459 - my_logger - INFO - epoch 155, train loss: 0.0075
2023-06-07 15:41:17,469 - my_logger - INFO - epoch 156, train loss: 0.0070
2023-06-07 15:41:17,476 - my_logger - INFO - evaluating......
2023-06-07 15:41:17,476 - my_logger - INFO - epoch 156, valid loss: 0.9890, valid auc: 94.72%
2023-06-07 15:41:17,481 - my_logger - INFO - epoch 157, train loss: 0.0066
2023-06-07 15:41:17,491 - my_logger - INFO - epoch 158, train loss: 0.0063
2023-06-07 15:41:17,498 - my_logger - INFO - evaluating......
2023-06-07 15:41:17,498 - my_logger - INFO - epoch 158, valid loss: 1.0008, valid auc: 94.73%
2023-06-07 15:41:17,503 - my_logger - INFO - epoch 159, train loss: 0.0059
2023-06-07 15:41:17,512 - my_logger - INFO - epoch 160, train loss: 0.0055
2023-06-07 15:41:17,519 - my_logger - INFO - evaluating......
2023-06-07 15:41:17,520 - my_logger - INFO - epoch 160, valid loss: 1.0223, valid auc: 94.74%
2023-06-07 15:41:17,525 - my_logger - INFO - epoch 161, train loss: 0.0053
2023-06-07 15:41:17,535 - my_logger - INFO - epoch 162, train loss: 0.0050
2023-06-07 15:41:17,543 - my_logger - INFO - evaluating......
2023-06-07 15:41:17,543 - my_logger - INFO - epoch 162, valid loss: 1.0476, valid auc: 94.73%
2023-06-07 15:41:17,550 - my_logger - INFO - epoch 163, train loss: 0.0047
2023-06-07 15:41:17,562 - my_logger - INFO - epoch 164, train loss: 0.0044
2023-06-07 15:41:17,569 - my_logger - INFO - evaluating......
2023-06-07 15:41:17,569 - my_logger - INFO - epoch 164, valid loss: 1.0645, valid auc: 94.73%
2023-06-07 15:41:17,575 - my_logger - INFO - epoch 165, train loss: 0.0042
2023-06-07 15:41:17,585 - my_logger - INFO - epoch 166, train loss: 0.0040
2023-06-07 15:41:17,592 - my_logger - INFO - evaluating......
2023-06-07 15:41:17,592 - my_logger - INFO - epoch 166, valid loss: 1.0795, valid auc: 94.73%
2023-06-07 15:41:17,598 - my_logger - INFO - epoch 167, train loss: 0.0038
2023-06-07 15:41:17,607 - my_logger - INFO - epoch 168, train loss: 0.0036
2023-06-07 15:41:17,614 - my_logger - INFO - evaluating......
2023-06-07 15:41:17,615 - my_logger - INFO - epoch 168, valid loss: 1.0997, valid auc: 94.73%
2023-06-07 15:41:17,620 - my_logger - INFO - epoch 169, train loss: 0.0034
2023-06-07 15:41:17,630 - my_logger - INFO - epoch 170, train loss: 0.0032
2023-06-07 15:41:17,638 - my_logger - INFO - evaluating......
2023-06-07 15:41:17,638 - my_logger - INFO - epoch 170, valid loss: 1.1243, valid auc: 94.73%
2023-06-07 15:41:17,643 - my_logger - INFO - epoch 171, train loss: 0.0031
2023-06-07 15:41:17,653 - my_logger - INFO - epoch 172, train loss: 0.0029
2023-06-07 15:41:17,660 - my_logger - INFO - evaluating......
2023-06-07 15:41:17,660 - my_logger - INFO - epoch 172, valid loss: 1.1444, valid auc: 94.74%
2023-06-07 15:41:17,666 - my_logger - INFO - epoch 173, train loss: 0.0028
2023-06-07 15:41:17,676 - my_logger - INFO - epoch 174, train loss: 0.0026
2023-06-07 15:41:17,683 - my_logger - INFO - evaluating......
2023-06-07 15:41:17,684 - my_logger - INFO - epoch 174, valid loss: 1.1589, valid auc: 94.76%
2023-06-07 15:41:17,689 - my_logger - INFO - epoch 175, train loss: 0.0025
2023-06-07 15:41:17,699 - my_logger - INFO - epoch 176, train loss: 0.0024
2023-06-07 15:41:17,706 - my_logger - INFO - evaluating......
2023-06-07 15:41:17,706 - my_logger - INFO - epoch 176, valid loss: 1.1773, valid auc: 94.77%
2023-06-07 15:41:17,711 - my_logger - INFO - epoch 177, train loss: 0.0023
2023-06-07 15:41:17,721 - my_logger - INFO - epoch 178, train loss: 0.0022
2023-06-07 15:41:17,728 - my_logger - INFO - evaluating......
2023-06-07 15:41:17,728 - my_logger - INFO - epoch 178, valid loss: 1.1888, valid auc: 94.78%
2023-06-07 15:41:17,733 - my_logger - INFO - epoch 179, train loss: 0.0020
2023-06-07 15:41:17,743 - my_logger - INFO - epoch 180, train loss: 0.0019
2023-06-07 15:41:17,750 - my_logger - INFO - evaluating......
2023-06-07 15:41:17,750 - my_logger - INFO - epoch 180, valid loss: 1.2097, valid auc: 94.77%
2023-06-07 15:41:17,755 - my_logger - INFO - epoch 181, train loss: 0.0019
2023-06-07 15:41:17,765 - my_logger - INFO - epoch 182, train loss: 0.0018
2023-06-07 15:41:17,772 - my_logger - INFO - evaluating......
2023-06-07 15:41:17,773 - my_logger - INFO - epoch 182, valid loss: 1.2286, valid auc: 94.79%
2023-06-07 15:41:17,778 - my_logger - INFO - epoch 183, train loss: 0.0017
2023-06-07 15:41:17,787 - my_logger - INFO - epoch 184, train loss: 0.0016
2023-06-07 15:41:17,794 - my_logger - INFO - evaluating......
2023-06-07 15:41:17,794 - my_logger - INFO - epoch 184, valid loss: 1.2415, valid auc: 94.77%
2023-06-07 15:41:17,799 - my_logger - INFO - epoch 185, train loss: 0.0016
2023-06-07 15:41:17,809 - my_logger - INFO - epoch 186, train loss: 0.0015
2023-06-07 15:41:17,816 - my_logger - INFO - evaluating......
2023-06-07 15:41:17,817 - my_logger - INFO - epoch 186, valid loss: 1.2587, valid auc: 94.78%
2023-06-07 15:41:17,822 - my_logger - INFO - epoch 187, train loss: 0.0015
2023-06-07 15:41:17,831 - my_logger - INFO - epoch 188, train loss: 0.0014
2023-06-07 15:41:17,838 - my_logger - INFO - evaluating......
2023-06-07 15:41:17,839 - my_logger - INFO - epoch 188, valid loss: 1.2719, valid auc: 94.79%
2023-06-07 15:41:17,844 - my_logger - INFO - epoch 189, train loss: 0.0014
2023-06-07 15:41:17,854 - my_logger - INFO - epoch 190, train loss: 0.0013
2023-06-07 15:41:17,861 - my_logger - INFO - evaluating......
2023-06-07 15:41:17,862 - my_logger - INFO - epoch 190, valid loss: 1.2856, valid auc: 94.80%
2023-06-07 15:41:17,867 - my_logger - INFO - epoch 191, train loss: 0.0013
2023-06-07 15:41:17,877 - my_logger - INFO - epoch 192, train loss: 0.0012
2023-06-07 15:41:17,884 - my_logger - INFO - evaluating......
2023-06-07 15:41:17,884 - my_logger - INFO - epoch 192, valid loss: 1.2974, valid auc: 94.79%
2023-06-07 15:41:17,889 - my_logger - INFO - epoch 193, train loss: 0.0012
2023-06-07 15:41:17,899 - my_logger - INFO - epoch 194, train loss: 0.0012
2023-06-07 15:41:17,906 - my_logger - INFO - evaluating......
2023-06-07 15:41:17,906 - my_logger - INFO - epoch 194, valid loss: 1.3098, valid auc: 94.80%
2023-06-07 15:41:17,911 - my_logger - INFO - epoch 195, train loss: 0.0011
2023-06-07 15:41:17,920 - my_logger - INFO - epoch 196, train loss: 0.0011
2023-06-07 15:41:17,927 - my_logger - INFO - evaluating......
2023-06-07 15:41:17,928 - my_logger - INFO - epoch 196, valid loss: 1.3266, valid auc: 94.80%
2023-06-07 15:41:17,933 - my_logger - INFO - epoch 197, train loss: 0.0011
2023-06-07 15:41:17,944 - my_logger - INFO - epoch 198, train loss: 0.0010
2023-06-07 15:41:17,951 - my_logger - INFO - evaluating......
2023-06-07 15:41:17,951 - my_logger - INFO - epoch 198, valid loss: 1.3358, valid auc: 94.80%
2023-06-07 15:41:17,956 - my_logger - INFO - epoch 199, train loss: 0.0010
2023-06-07 15:41:17,960 - my_logger - INFO - total train time used: 3.4009s
2023-06-07 15:41:17,960 - my_logger - INFO - testing......
2023-06-07 15:41:17,970 - my_logger - INFO - test auc: 93.42%
