2023-06-22 15:26:21,226 - my_logger - INFO - training......
2023-06-22 15:26:21,973 - my_logger - INFO - epoch 0, train loss: 0.6943
2023-06-22 15:26:21,982 - my_logger - INFO - evaluating......
2023-06-22 15:26:21,982 - my_logger - INFO - epoch 0, valid loss: 0.6941, valid auc: 53.56%
2023-06-22 15:26:21,990 - my_logger - INFO - epoch 1, train loss: 0.6940
2023-06-22 15:26:21,998 - my_logger - INFO - epoch 2, train loss: 0.6933
2023-06-22 15:26:22,004 - my_logger - INFO - evaluating......
2023-06-22 15:26:22,004 - my_logger - INFO - epoch 2, valid loss: 0.6932, valid auc: 60.22%
2023-06-22 15:26:22,011 - my_logger - INFO - epoch 3, train loss: 0.6921
2023-06-22 15:26:22,019 - my_logger - INFO - epoch 4, train loss: 0.6906
2023-06-22 15:26:22,024 - my_logger - INFO - evaluating......
2023-06-22 15:26:22,024 - my_logger - INFO - epoch 4, valid loss: 0.6918, valid auc: 60.71%
2023-06-22 15:26:22,032 - my_logger - INFO - epoch 5, train loss: 0.6880
2023-06-22 15:26:22,039 - my_logger - INFO - epoch 6, train loss: 0.6836
2023-06-22 15:26:22,044 - my_logger - INFO - evaluating......
2023-06-22 15:26:22,044 - my_logger - INFO - epoch 6, valid loss: 0.6859, valid auc: 61.77%
2023-06-22 15:26:22,052 - my_logger - INFO - epoch 7, train loss: 0.6761
2023-06-22 15:26:22,059 - my_logger - INFO - epoch 8, train loss: 0.6646
2023-06-22 15:26:22,064 - my_logger - INFO - evaluating......
2023-06-22 15:26:22,065 - my_logger - INFO - epoch 8, valid loss: 0.6735, valid auc: 61.89%
2023-06-22 15:26:22,072 - my_logger - INFO - epoch 9, train loss: 0.6492
2023-06-22 15:26:22,079 - my_logger - INFO - epoch 10, train loss: 0.6342
2023-06-22 15:26:22,084 - my_logger - INFO - evaluating......
2023-06-22 15:26:22,084 - my_logger - INFO - epoch 10, valid loss: 0.6504, valid auc: 66.12%
2023-06-22 15:26:22,091 - my_logger - INFO - epoch 11, train loss: 0.6302
2023-06-22 15:26:22,099 - my_logger - INFO - epoch 12, train loss: 0.5986
2023-06-22 15:26:22,104 - my_logger - INFO - evaluating......
2023-06-22 15:26:22,104 - my_logger - INFO - epoch 12, valid loss: 0.6130, valid auc: 74.20%
2023-06-22 15:26:22,111 - my_logger - INFO - epoch 13, train loss: 0.5998
2023-06-22 15:26:22,118 - my_logger - INFO - epoch 14, train loss: 0.5791
2023-06-22 15:26:22,124 - my_logger - INFO - evaluating......
2023-06-22 15:26:22,124 - my_logger - INFO - epoch 14, valid loss: 0.5921, valid auc: 76.12%
2023-06-22 15:26:22,132 - my_logger - INFO - epoch 15, train loss: 0.5800
2023-06-22 15:26:22,139 - my_logger - INFO - epoch 16, train loss: 0.5790
2023-06-22 15:26:22,145 - my_logger - INFO - evaluating......
2023-06-22 15:26:22,145 - my_logger - INFO - epoch 16, valid loss: 0.6094, valid auc: 75.56%
2023-06-22 15:26:22,150 - my_logger - INFO - epoch 17, train loss: 0.5674
2023-06-22 15:26:22,157 - my_logger - INFO - epoch 18, train loss: 0.5639
2023-06-22 15:26:22,163 - my_logger - INFO - evaluating......
2023-06-22 15:26:22,163 - my_logger - INFO - epoch 18, valid loss: 0.5844, valid auc: 76.83%
2023-06-22 15:26:22,172 - my_logger - INFO - epoch 19, train loss: 0.5445
2023-06-22 15:26:22,179 - my_logger - INFO - epoch 20, train loss: 0.5440
2023-06-22 15:26:22,185 - my_logger - INFO - evaluating......
2023-06-22 15:26:22,185 - my_logger - INFO - epoch 20, valid loss: 0.5831, valid auc: 76.44%
2023-06-22 15:26:22,190 - my_logger - INFO - epoch 21, train loss: 0.5426
2023-06-22 15:26:22,198 - my_logger - INFO - epoch 22, train loss: 0.5355
2023-06-22 15:26:22,204 - my_logger - INFO - evaluating......
2023-06-22 15:26:22,204 - my_logger - INFO - epoch 22, valid loss: 0.5731, valid auc: 77.52%
2023-06-22 15:26:22,211 - my_logger - INFO - epoch 23, train loss: 0.5249
2023-06-22 15:26:22,219 - my_logger - INFO - epoch 24, train loss: 0.5151
2023-06-22 15:26:22,224 - my_logger - INFO - evaluating......
2023-06-22 15:26:22,225 - my_logger - INFO - epoch 24, valid loss: 0.5525, valid auc: 78.68%
2023-06-22 15:26:22,232 - my_logger - INFO - epoch 25, train loss: 0.5110
2023-06-22 15:26:22,240 - my_logger - INFO - epoch 26, train loss: 0.5081
2023-06-22 15:26:22,245 - my_logger - INFO - evaluating......
2023-06-22 15:26:22,245 - my_logger - INFO - epoch 26, valid loss: 0.5516, valid auc: 79.15%
2023-06-22 15:26:22,253 - my_logger - INFO - epoch 27, train loss: 0.5002
2023-06-22 15:26:22,260 - my_logger - INFO - epoch 28, train loss: 0.4871
2023-06-22 15:26:22,265 - my_logger - INFO - evaluating......
2023-06-22 15:26:22,266 - my_logger - INFO - epoch 28, valid loss: 0.5360, valid auc: 80.13%
2023-06-22 15:26:22,273 - my_logger - INFO - epoch 29, train loss: 0.4728
2023-06-22 15:26:22,281 - my_logger - INFO - epoch 30, train loss: 0.4629
2023-06-22 15:26:22,287 - my_logger - INFO - evaluating......
2023-06-22 15:26:22,287 - my_logger - INFO - epoch 30, valid loss: 0.5288, valid auc: 81.12%
2023-06-22 15:26:22,295 - my_logger - INFO - epoch 31, train loss: 0.4537
2023-06-22 15:26:22,303 - my_logger - INFO - epoch 32, train loss: 0.4370
2023-06-22 15:26:22,308 - my_logger - INFO - evaluating......
2023-06-22 15:26:22,308 - my_logger - INFO - epoch 32, valid loss: 0.5187, valid auc: 82.02%
2023-06-22 15:26:22,316 - my_logger - INFO - epoch 33, train loss: 0.4212
2023-06-22 15:26:22,324 - my_logger - INFO - epoch 34, train loss: 0.4110
2023-06-22 15:26:22,329 - my_logger - INFO - evaluating......
2023-06-22 15:26:22,330 - my_logger - INFO - epoch 34, valid loss: 0.5019, valid auc: 83.56%
2023-06-22 15:26:22,337 - my_logger - INFO - epoch 35, train loss: 0.3979
2023-06-22 15:26:22,345 - my_logger - INFO - epoch 36, train loss: 0.3896
2023-06-22 15:26:22,351 - my_logger - INFO - evaluating......
2023-06-22 15:26:22,351 - my_logger - INFO - epoch 36, valid loss: 0.4925, valid auc: 84.59%
2023-06-22 15:26:22,359 - my_logger - INFO - epoch 37, train loss: 0.3848
2023-06-22 15:26:22,367 - my_logger - INFO - epoch 38, train loss: 0.3795
2023-06-22 15:26:22,372 - my_logger - INFO - evaluating......
2023-06-22 15:26:22,372 - my_logger - INFO - epoch 38, valid loss: 0.5025, valid auc: 84.87%
2023-06-22 15:26:22,380 - my_logger - INFO - epoch 39, train loss: 0.3720
2023-06-22 15:26:22,388 - my_logger - INFO - epoch 40, train loss: 0.3586
2023-06-22 15:26:22,393 - my_logger - INFO - evaluating......
2023-06-22 15:26:22,393 - my_logger - INFO - epoch 40, valid loss: 0.4822, valid auc: 86.05%
2023-06-22 15:26:22,401 - my_logger - INFO - epoch 41, train loss: 0.3488
2023-06-22 15:26:22,409 - my_logger - INFO - epoch 42, train loss: 0.3400
2023-06-22 15:26:22,414 - my_logger - INFO - evaluating......
2023-06-22 15:26:22,414 - my_logger - INFO - epoch 42, valid loss: 0.4696, valid auc: 86.82%
2023-06-22 15:26:22,422 - my_logger - INFO - epoch 43, train loss: 0.3345
2023-06-22 15:26:22,430 - my_logger - INFO - epoch 44, train loss: 0.3292
2023-06-22 15:26:22,435 - my_logger - INFO - evaluating......
2023-06-22 15:26:22,436 - my_logger - INFO - epoch 44, valid loss: 0.4674, valid auc: 86.95%
2023-06-22 15:26:22,443 - my_logger - INFO - epoch 45, train loss: 0.3227
2023-06-22 15:26:22,451 - my_logger - INFO - epoch 46, train loss: 0.3137
2023-06-22 15:26:22,456 - my_logger - INFO - evaluating......
2023-06-22 15:26:22,456 - my_logger - INFO - epoch 46, valid loss: 0.4484, valid auc: 87.96%
2023-06-22 15:26:22,464 - my_logger - INFO - epoch 47, train loss: 0.3037
2023-06-22 15:26:22,472 - my_logger - INFO - epoch 48, train loss: 0.2943
2023-06-22 15:26:22,477 - my_logger - INFO - evaluating......
2023-06-22 15:26:22,477 - my_logger - INFO - epoch 48, valid loss: 0.4306, valid auc: 89.08%
2023-06-22 15:26:22,485 - my_logger - INFO - epoch 49, train loss: 0.2867
2023-06-22 15:26:22,493 - my_logger - INFO - epoch 50, train loss: 0.2806
2023-06-22 15:26:22,498 - my_logger - INFO - evaluating......
2023-06-22 15:26:22,499 - my_logger - INFO - epoch 50, valid loss: 0.4292, valid auc: 89.52%
2023-06-22 15:26:22,506 - my_logger - INFO - epoch 51, train loss: 0.2717
2023-06-22 15:26:22,514 - my_logger - INFO - epoch 52, train loss: 0.2637
2023-06-22 15:26:22,519 - my_logger - INFO - evaluating......
2023-06-22 15:26:22,519 - my_logger - INFO - epoch 52, valid loss: 0.4269, valid auc: 90.07%
2023-06-22 15:26:22,527 - my_logger - INFO - epoch 53, train loss: 0.2565
2023-06-22 15:26:22,535 - my_logger - INFO - epoch 54, train loss: 0.2522
2023-06-22 15:26:22,540 - my_logger - INFO - evaluating......
2023-06-22 15:26:22,540 - my_logger - INFO - epoch 54, valid loss: 0.4300, valid auc: 90.29%
2023-06-22 15:26:22,548 - my_logger - INFO - epoch 55, train loss: 0.2587
2023-06-22 15:26:22,555 - my_logger - INFO - epoch 56, train loss: 0.2892
2023-06-22 15:26:22,561 - my_logger - INFO - evaluating......
2023-06-22 15:26:22,562 - my_logger - INFO - epoch 56, valid loss: 0.4671, valid auc: 90.09%
2023-06-22 15:26:22,566 - my_logger - INFO - epoch 57, train loss: 0.2337
2023-06-22 15:26:22,574 - my_logger - INFO - epoch 58, train loss: 0.2828
2023-06-22 15:26:22,579 - my_logger - INFO - evaluating......
2023-06-22 15:26:22,580 - my_logger - INFO - epoch 58, valid loss: 0.4570, valid auc: 90.65%
2023-06-22 15:26:22,587 - my_logger - INFO - epoch 59, train loss: 0.2387
2023-06-22 15:26:22,595 - my_logger - INFO - epoch 60, train loss: 0.2637
2023-06-22 15:26:22,600 - my_logger - INFO - evaluating......
2023-06-22 15:26:22,600 - my_logger - INFO - epoch 60, valid loss: 0.4353, valid auc: 90.92%
2023-06-22 15:26:22,608 - my_logger - INFO - epoch 61, train loss: 0.2175
2023-06-22 15:26:22,615 - my_logger - INFO - epoch 62, train loss: 0.2466
2023-06-22 15:26:22,621 - my_logger - INFO - evaluating......
2023-06-22 15:26:22,621 - my_logger - INFO - epoch 62, valid loss: 0.4240, valid auc: 91.75%
2023-06-22 15:26:22,628 - my_logger - INFO - epoch 63, train loss: 0.2174
2023-06-22 15:26:22,636 - my_logger - INFO - epoch 64, train loss: 0.2190
2023-06-22 15:26:22,641 - my_logger - INFO - evaluating......
2023-06-22 15:26:22,641 - my_logger - INFO - epoch 64, valid loss: 0.4008, valid auc: 91.95%
2023-06-22 15:26:22,649 - my_logger - INFO - epoch 65, train loss: 0.2212
2023-06-22 15:26:22,656 - my_logger - INFO - epoch 66, train loss: 0.2065
2023-06-22 15:26:22,661 - my_logger - INFO - evaluating......
2023-06-22 15:26:22,661 - my_logger - INFO - epoch 66, valid loss: 0.3936, valid auc: 91.80%
2023-06-22 15:26:22,666 - my_logger - INFO - epoch 67, train loss: 0.2066
2023-06-22 15:26:22,674 - my_logger - INFO - epoch 68, train loss: 0.2012
2023-06-22 15:26:22,679 - my_logger - INFO - evaluating......
2023-06-22 15:26:22,680 - my_logger - INFO - epoch 68, valid loss: 0.3977, valid auc: 92.07%
2023-06-22 15:26:22,687 - my_logger - INFO - epoch 69, train loss: 0.1960
2023-06-22 15:26:22,694 - my_logger - INFO - epoch 70, train loss: 0.1940
2023-06-22 15:26:22,699 - my_logger - INFO - evaluating......
2023-06-22 15:26:22,699 - my_logger - INFO - epoch 70, valid loss: 0.4009, valid auc: 92.14%
2023-06-22 15:26:22,707 - my_logger - INFO - epoch 71, train loss: 0.1869
2023-06-22 15:26:22,715 - my_logger - INFO - epoch 72, train loss: 0.1847
2023-06-22 15:26:22,720 - my_logger - INFO - evaluating......
2023-06-22 15:26:22,720 - my_logger - INFO - epoch 72, valid loss: 0.4033, valid auc: 92.29%
2023-06-22 15:26:22,728 - my_logger - INFO - epoch 73, train loss: 0.1804
2023-06-22 15:26:22,735 - my_logger - INFO - epoch 74, train loss: 0.1748
2023-06-22 15:26:22,741 - my_logger - INFO - evaluating......
2023-06-22 15:26:22,741 - my_logger - INFO - epoch 74, valid loss: 0.4041, valid auc: 92.45%
2023-06-22 15:26:22,748 - my_logger - INFO - epoch 75, train loss: 0.1746
2023-06-22 15:26:22,756 - my_logger - INFO - epoch 76, train loss: 0.1679
2023-06-22 15:26:22,761 - my_logger - INFO - evaluating......
2023-06-22 15:26:22,761 - my_logger - INFO - epoch 76, valid loss: 0.4074, valid auc: 92.60%
2023-06-22 15:26:22,769 - my_logger - INFO - epoch 77, train loss: 0.1633
2023-06-22 15:26:22,776 - my_logger - INFO - epoch 78, train loss: 0.1634
2023-06-22 15:26:22,782 - my_logger - INFO - evaluating......
2023-06-22 15:26:22,782 - my_logger - INFO - epoch 78, valid loss: 0.4150, valid auc: 92.71%
2023-06-22 15:26:22,789 - my_logger - INFO - epoch 79, train loss: 0.1554
2023-06-22 15:26:22,797 - my_logger - INFO - epoch 80, train loss: 0.1539
2023-06-22 15:26:22,802 - my_logger - INFO - evaluating......
2023-06-22 15:26:22,802 - my_logger - INFO - epoch 80, valid loss: 0.4143, valid auc: 92.84%
2023-06-22 15:26:22,810 - my_logger - INFO - epoch 81, train loss: 0.1507
2023-06-22 15:26:22,817 - my_logger - INFO - epoch 82, train loss: 0.1452
2023-06-22 15:26:22,823 - my_logger - INFO - evaluating......
2023-06-22 15:26:22,823 - my_logger - INFO - epoch 82, valid loss: 0.4123, valid auc: 92.93%
2023-06-22 15:26:22,831 - my_logger - INFO - epoch 83, train loss: 0.1430
2023-06-22 15:26:22,838 - my_logger - INFO - epoch 84, train loss: 0.1389
2023-06-22 15:26:22,843 - my_logger - INFO - evaluating......
2023-06-22 15:26:22,843 - my_logger - INFO - epoch 84, valid loss: 0.4123, valid auc: 93.08%
2023-06-22 15:26:22,851 - my_logger - INFO - epoch 85, train loss: 0.1342
2023-06-22 15:26:22,858 - my_logger - INFO - epoch 86, train loss: 0.1323
2023-06-22 15:26:22,863 - my_logger - INFO - evaluating......
2023-06-22 15:26:22,863 - my_logger - INFO - epoch 86, valid loss: 0.4124, valid auc: 93.24%
2023-06-22 15:26:22,870 - my_logger - INFO - epoch 87, train loss: 0.1267
2023-06-22 15:26:22,878 - my_logger - INFO - epoch 88, train loss: 0.1250
2023-06-22 15:26:22,885 - my_logger - INFO - evaluating......
2023-06-22 15:26:22,885 - my_logger - INFO - epoch 88, valid loss: 0.4102, valid auc: 93.51%
2023-06-22 15:26:22,893 - my_logger - INFO - epoch 89, train loss: 0.1197
2023-06-22 15:26:22,901 - my_logger - INFO - epoch 90, train loss: 0.1175
2023-06-22 15:26:22,906 - my_logger - INFO - evaluating......
2023-06-22 15:26:22,907 - my_logger - INFO - epoch 90, valid loss: 0.4145, valid auc: 93.61%
2023-06-22 15:26:22,915 - my_logger - INFO - epoch 91, train loss: 0.1133
2023-06-22 15:26:22,922 - my_logger - INFO - epoch 92, train loss: 0.1096
2023-06-22 15:26:22,928 - my_logger - INFO - evaluating......
2023-06-22 15:26:22,928 - my_logger - INFO - epoch 92, valid loss: 0.4149, valid auc: 93.85%
2023-06-22 15:26:22,935 - my_logger - INFO - epoch 93, train loss: 0.1066
2023-06-22 15:26:22,942 - my_logger - INFO - epoch 94, train loss: 0.1024
2023-06-22 15:26:22,947 - my_logger - INFO - evaluating......
2023-06-22 15:26:22,947 - my_logger - INFO - epoch 94, valid loss: 0.4181, valid auc: 94.02%
2023-06-22 15:26:22,954 - my_logger - INFO - epoch 95, train loss: 0.0994
2023-06-22 15:26:22,961 - my_logger - INFO - epoch 96, train loss: 0.0957
2023-06-22 15:26:22,966 - my_logger - INFO - evaluating......
2023-06-22 15:26:22,966 - my_logger - INFO - epoch 96, valid loss: 0.4224, valid auc: 94.16%
2023-06-22 15:26:22,973 - my_logger - INFO - epoch 97, train loss: 0.0921
2023-06-22 15:26:22,980 - my_logger - INFO - epoch 98, train loss: 0.0892
2023-06-22 15:26:22,985 - my_logger - INFO - evaluating......
2023-06-22 15:26:22,985 - my_logger - INFO - epoch 98, valid loss: 0.4245, valid auc: 94.37%
2023-06-22 15:26:22,992 - my_logger - INFO - epoch 99, train loss: 0.0853
2023-06-22 15:26:22,999 - my_logger - INFO - epoch 100, train loss: 0.0825
2023-06-22 15:26:23,004 - my_logger - INFO - evaluating......
2023-06-22 15:26:23,004 - my_logger - INFO - epoch 100, valid loss: 0.4323, valid auc: 94.51%
2023-06-22 15:26:23,011 - my_logger - INFO - epoch 101, train loss: 0.0792
2023-06-22 15:26:23,018 - my_logger - INFO - epoch 102, train loss: 0.0763
2023-06-22 15:26:23,023 - my_logger - INFO - evaluating......
2023-06-22 15:26:23,023 - my_logger - INFO - epoch 102, valid loss: 0.4390, valid auc: 94.66%
2023-06-22 15:26:23,030 - my_logger - INFO - epoch 103, train loss: 0.0727
2023-06-22 15:26:23,037 - my_logger - INFO - epoch 104, train loss: 0.0703
2023-06-22 15:26:23,042 - my_logger - INFO - evaluating......
2023-06-22 15:26:23,042 - my_logger - INFO - epoch 104, valid loss: 0.4491, valid auc: 94.77%
2023-06-22 15:26:23,048 - my_logger - INFO - epoch 105, train loss: 0.0671
2023-06-22 15:26:23,056 - my_logger - INFO - epoch 106, train loss: 0.0646
2023-06-22 15:26:23,061 - my_logger - INFO - evaluating......
2023-06-22 15:26:23,061 - my_logger - INFO - epoch 106, valid loss: 0.4584, valid auc: 94.90%
2023-06-22 15:26:23,068 - my_logger - INFO - epoch 107, train loss: 0.0614
2023-06-22 15:26:23,075 - my_logger - INFO - epoch 108, train loss: 0.0589
2023-06-22 15:26:23,080 - my_logger - INFO - evaluating......
2023-06-22 15:26:23,080 - my_logger - INFO - epoch 108, valid loss: 0.4676, valid auc: 95.03%
2023-06-22 15:26:23,087 - my_logger - INFO - epoch 109, train loss: 0.0563
2023-06-22 15:26:23,094 - my_logger - INFO - epoch 110, train loss: 0.0539
2023-06-22 15:26:23,099 - my_logger - INFO - evaluating......
2023-06-22 15:26:23,099 - my_logger - INFO - epoch 110, valid loss: 0.4766, valid auc: 95.15%
2023-06-22 15:26:23,106 - my_logger - INFO - epoch 111, train loss: 0.0516
2023-06-22 15:26:23,113 - my_logger - INFO - epoch 112, train loss: 0.0494
2023-06-22 15:26:23,118 - my_logger - INFO - evaluating......
2023-06-22 15:26:23,118 - my_logger - INFO - epoch 112, valid loss: 0.4891, valid auc: 95.21%
2023-06-22 15:26:23,125 - my_logger - INFO - epoch 113, train loss: 0.0476
2023-06-22 15:26:23,131 - my_logger - INFO - epoch 114, train loss: 0.0456
2023-06-22 15:26:23,136 - my_logger - INFO - evaluating......
2023-06-22 15:26:23,137 - my_logger - INFO - epoch 114, valid loss: 0.5004, valid auc: 95.30%
2023-06-22 15:26:23,143 - my_logger - INFO - epoch 115, train loss: 0.0446
2023-06-22 15:26:23,150 - my_logger - INFO - epoch 116, train loss: 0.0425
2023-06-22 15:26:23,155 - my_logger - INFO - evaluating......
2023-06-22 15:26:23,155 - my_logger - INFO - epoch 116, valid loss: 0.5156, valid auc: 95.34%
2023-06-22 15:26:23,162 - my_logger - INFO - epoch 117, train loss: 0.0421
2023-06-22 15:26:23,169 - my_logger - INFO - epoch 118, train loss: 0.0385
2023-06-22 15:26:23,174 - my_logger - INFO - evaluating......
2023-06-22 15:26:23,174 - my_logger - INFO - epoch 118, valid loss: 0.5277, valid auc: 95.40%
2023-06-22 15:26:23,181 - my_logger - INFO - epoch 119, train loss: 0.0359
2023-06-22 15:26:23,187 - my_logger - INFO - epoch 120, train loss: 0.0328
2023-06-22 15:26:23,192 - my_logger - INFO - evaluating......
2023-06-22 15:26:23,193 - my_logger - INFO - epoch 120, valid loss: 0.5411, valid auc: 95.46%
2023-06-22 15:26:23,199 - my_logger - INFO - epoch 121, train loss: 0.0315
2023-06-22 15:26:23,206 - my_logger - INFO - epoch 122, train loss: 0.0307
2023-06-22 15:26:23,212 - my_logger - INFO - evaluating......
2023-06-22 15:26:23,212 - my_logger - INFO - epoch 122, valid loss: 0.5598, valid auc: 95.50%
2023-06-22 15:26:23,220 - my_logger - INFO - epoch 123, train loss: 0.0295
2023-06-22 15:26:23,227 - my_logger - INFO - epoch 124, train loss: 0.0279
2023-06-22 15:26:23,232 - my_logger - INFO - evaluating......
2023-06-22 15:26:23,232 - my_logger - INFO - epoch 124, valid loss: 0.5757, valid auc: 95.54%
2023-06-22 15:26:23,240 - my_logger - INFO - epoch 125, train loss: 0.0255
2023-06-22 15:26:23,247 - my_logger - INFO - epoch 126, train loss: 0.0238
2023-06-22 15:26:23,253 - my_logger - INFO - evaluating......
2023-06-22 15:26:23,253 - my_logger - INFO - epoch 126, valid loss: 0.5857, valid auc: 95.58%
2023-06-22 15:26:23,260 - my_logger - INFO - epoch 127, train loss: 0.0230
2023-06-22 15:26:23,267 - my_logger - INFO - epoch 128, train loss: 0.0221
2023-06-22 15:26:23,272 - my_logger - INFO - evaluating......
2023-06-22 15:26:23,272 - my_logger - INFO - epoch 128, valid loss: 0.5973, valid auc: 95.60%
2023-06-22 15:26:23,279 - my_logger - INFO - epoch 129, train loss: 0.0207
2023-06-22 15:26:23,286 - my_logger - INFO - epoch 130, train loss: 0.0191
2023-06-22 15:26:23,291 - my_logger - INFO - evaluating......
2023-06-22 15:26:23,291 - my_logger - INFO - epoch 130, valid loss: 0.6152, valid auc: 95.63%
2023-06-22 15:26:23,298 - my_logger - INFO - epoch 131, train loss: 0.0179
2023-06-22 15:26:23,305 - my_logger - INFO - epoch 132, train loss: 0.0174
2023-06-22 15:26:23,310 - my_logger - INFO - evaluating......
2023-06-22 15:26:23,310 - my_logger - INFO - epoch 132, valid loss: 0.6358, valid auc: 95.66%
2023-06-22 15:26:23,316 - my_logger - INFO - epoch 133, train loss: 0.0164
2023-06-22 15:26:23,324 - my_logger - INFO - epoch 134, train loss: 0.0153
2023-06-22 15:26:23,329 - my_logger - INFO - evaluating......
2023-06-22 15:26:23,329 - my_logger - INFO - epoch 134, valid loss: 0.6528, valid auc: 95.67%
2023-06-22 15:26:23,336 - my_logger - INFO - epoch 135, train loss: 0.0143
2023-06-22 15:26:23,343 - my_logger - INFO - epoch 136, train loss: 0.0138
2023-06-22 15:26:23,349 - my_logger - INFO - evaluating......
2023-06-22 15:26:23,349 - my_logger - INFO - epoch 136, valid loss: 0.6679, valid auc: 95.65%
2023-06-22 15:26:23,353 - my_logger - INFO - epoch 137, train loss: 0.0131
2023-06-22 15:26:23,360 - my_logger - INFO - epoch 138, train loss: 0.0123
2023-06-22 15:26:23,365 - my_logger - INFO - evaluating......
2023-06-22 15:26:23,365 - my_logger - INFO - epoch 138, valid loss: 0.6863, valid auc: 95.67%
2023-06-22 15:26:23,369 - my_logger - INFO - epoch 139, train loss: 0.0115
2023-06-22 15:26:23,376 - my_logger - INFO - epoch 140, train loss: 0.0110
2023-06-22 15:26:23,380 - my_logger - INFO - evaluating......
2023-06-22 15:26:23,381 - my_logger - INFO - epoch 140, valid loss: 0.7063, valid auc: 95.69%
2023-06-22 15:26:23,387 - my_logger - INFO - epoch 141, train loss: 0.0104
2023-06-22 15:26:23,394 - my_logger - INFO - epoch 142, train loss: 0.0098
2023-06-22 15:26:23,399 - my_logger - INFO - evaluating......
2023-06-22 15:26:23,399 - my_logger - INFO - epoch 142, valid loss: 0.7229, valid auc: 95.69%
2023-06-22 15:26:23,404 - my_logger - INFO - epoch 143, train loss: 0.0093
2023-06-22 15:26:23,411 - my_logger - INFO - epoch 144, train loss: 0.0088
2023-06-22 15:26:23,417 - my_logger - INFO - evaluating......
2023-06-22 15:26:23,417 - my_logger - INFO - epoch 144, valid loss: 0.7388, valid auc: 95.69%
2023-06-22 15:26:23,421 - my_logger - INFO - epoch 145, train loss: 0.0083
2023-06-22 15:26:23,428 - my_logger - INFO - epoch 146, train loss: 0.0078
2023-06-22 15:26:23,433 - my_logger - INFO - evaluating......
2023-06-22 15:26:23,433 - my_logger - INFO - epoch 146, valid loss: 0.7581, valid auc: 95.68%
2023-06-22 15:26:23,437 - my_logger - INFO - epoch 147, train loss: 0.0075
2023-06-22 15:26:23,444 - my_logger - INFO - epoch 148, train loss: 0.0071
2023-06-22 15:26:23,449 - my_logger - INFO - evaluating......
2023-06-22 15:26:23,449 - my_logger - INFO - epoch 148, valid loss: 0.7759, valid auc: 95.70%
2023-06-22 15:26:23,456 - my_logger - INFO - epoch 149, train loss: 0.0066
2023-06-22 15:26:23,463 - my_logger - INFO - epoch 150, train loss: 0.0063
2023-06-22 15:26:23,468 - my_logger - INFO - evaluating......
2023-06-22 15:26:23,468 - my_logger - INFO - epoch 150, valid loss: 0.7899, valid auc: 95.71%
2023-06-22 15:26:23,474 - my_logger - INFO - epoch 151, train loss: 0.0060
2023-06-22 15:26:23,482 - my_logger - INFO - epoch 152, train loss: 0.0057
2023-06-22 15:26:23,487 - my_logger - INFO - evaluating......
2023-06-22 15:26:23,487 - my_logger - INFO - epoch 152, valid loss: 0.8069, valid auc: 95.73%
2023-06-22 15:26:23,494 - my_logger - INFO - epoch 153, train loss: 0.0055
2023-06-22 15:26:23,500 - my_logger - INFO - epoch 154, train loss: 0.0055
2023-06-22 15:26:23,505 - my_logger - INFO - evaluating......
2023-06-22 15:26:23,506 - my_logger - INFO - epoch 154, valid loss: 0.8240, valid auc: 95.74%
2023-06-22 15:26:23,512 - my_logger - INFO - epoch 155, train loss: 0.0051
2023-06-22 15:26:23,519 - my_logger - INFO - epoch 156, train loss: 0.0049
2023-06-22 15:26:23,524 - my_logger - INFO - evaluating......
2023-06-22 15:26:23,524 - my_logger - INFO - epoch 156, valid loss: 0.8388, valid auc: 95.73%
2023-06-22 15:26:23,528 - my_logger - INFO - epoch 157, train loss: 0.0048
2023-06-22 15:26:23,535 - my_logger - INFO - epoch 158, train loss: 0.0044
2023-06-22 15:26:23,540 - my_logger - INFO - evaluating......
2023-06-22 15:26:23,540 - my_logger - INFO - epoch 158, valid loss: 0.8492, valid auc: 95.76%
2023-06-22 15:26:23,548 - my_logger - INFO - epoch 159, train loss: 0.0042
2023-06-22 15:26:23,555 - my_logger - INFO - epoch 160, train loss: 0.0041
2023-06-22 15:26:23,560 - my_logger - INFO - evaluating......
2023-06-22 15:26:23,560 - my_logger - INFO - epoch 160, valid loss: 0.8704, valid auc: 95.76%
2023-06-22 15:26:23,567 - my_logger - INFO - epoch 161, train loss: 0.0036
2023-06-22 15:26:23,574 - my_logger - INFO - epoch 162, train loss: 0.0038
2023-06-22 15:26:23,579 - my_logger - INFO - evaluating......
2023-06-22 15:26:23,580 - my_logger - INFO - epoch 162, valid loss: 0.8756, valid auc: 95.77%
2023-06-22 15:26:23,586 - my_logger - INFO - epoch 163, train loss: 0.0038
2023-06-22 15:26:23,593 - my_logger - INFO - epoch 164, train loss: 0.0036
2023-06-22 15:26:23,598 - my_logger - INFO - evaluating......
2023-06-22 15:26:23,598 - my_logger - INFO - epoch 164, valid loss: 0.8913, valid auc: 95.80%
2023-06-22 15:26:23,605 - my_logger - INFO - epoch 165, train loss: 0.0033
2023-06-22 15:26:23,612 - my_logger - INFO - epoch 166, train loss: 0.0034
2023-06-22 15:26:23,617 - my_logger - INFO - evaluating......
2023-06-22 15:26:23,618 - my_logger - INFO - epoch 166, valid loss: 0.9083, valid auc: 95.77%
2023-06-22 15:26:23,622 - my_logger - INFO - epoch 167, train loss: 0.0032
2023-06-22 15:26:23,628 - my_logger - INFO - epoch 168, train loss: 0.0028
2023-06-22 15:26:23,633 - my_logger - INFO - evaluating......
2023-06-22 15:26:23,634 - my_logger - INFO - epoch 168, valid loss: 0.9119, valid auc: 95.80%
2023-06-22 15:26:23,637 - my_logger - INFO - epoch 169, train loss: 0.0029
2023-06-22 15:26:23,644 - my_logger - INFO - epoch 170, train loss: 0.0027
2023-06-22 15:26:23,649 - my_logger - INFO - evaluating......
2023-06-22 15:26:23,649 - my_logger - INFO - epoch 170, valid loss: 0.9322, valid auc: 95.80%
2023-06-22 15:26:23,656 - my_logger - INFO - epoch 171, train loss: 0.0026
2023-06-22 15:26:23,663 - my_logger - INFO - epoch 172, train loss: 0.0026
2023-06-22 15:26:23,668 - my_logger - INFO - evaluating......
2023-06-22 15:26:23,668 - my_logger - INFO - epoch 172, valid loss: 0.9339, valid auc: 95.80%
2023-06-22 15:26:23,672 - my_logger - INFO - epoch 173, train loss: 0.0024
2023-06-22 15:26:23,678 - my_logger - INFO - epoch 174, train loss: 0.0025
2023-06-22 15:26:23,683 - my_logger - INFO - evaluating......
2023-06-22 15:26:23,684 - my_logger - INFO - epoch 174, valid loss: 0.9512, valid auc: 95.82%
2023-06-22 15:26:23,690 - my_logger - INFO - epoch 175, train loss: 0.0021
2023-06-22 15:26:23,697 - my_logger - INFO - epoch 176, train loss: 0.0026
2023-06-22 15:26:23,702 - my_logger - INFO - evaluating......
2023-06-22 15:26:23,702 - my_logger - INFO - epoch 176, valid loss: 0.9577, valid auc: 95.80%
2023-06-22 15:26:23,706 - my_logger - INFO - epoch 177, train loss: 0.0019
2023-06-22 15:26:23,713 - my_logger - INFO - epoch 178, train loss: 0.0021
2023-06-22 15:26:23,718 - my_logger - INFO - evaluating......
2023-06-22 15:26:23,718 - my_logger - INFO - epoch 178, valid loss: 0.9680, valid auc: 95.83%
2023-06-22 15:26:23,726 - my_logger - INFO - epoch 179, train loss: 0.0019
2023-06-22 15:26:23,735 - my_logger - INFO - epoch 180, train loss: 0.0017
2023-06-22 15:26:23,740 - my_logger - INFO - evaluating......
2023-06-22 15:26:23,740 - my_logger - INFO - epoch 180, valid loss: 0.9723, valid auc: 95.82%
2023-06-22 15:26:23,744 - my_logger - INFO - epoch 181, train loss: 0.0018
2023-06-22 15:26:23,752 - my_logger - INFO - epoch 182, train loss: 0.0017
2023-06-22 15:26:23,757 - my_logger - INFO - evaluating......
2023-06-22 15:26:23,757 - my_logger - INFO - epoch 182, valid loss: 0.9882, valid auc: 95.83%
2023-06-22 15:26:23,765 - my_logger - INFO - epoch 183, train loss: 0.0016
2023-06-22 15:26:23,772 - my_logger - INFO - epoch 184, train loss: 0.0016
2023-06-22 15:26:23,777 - my_logger - INFO - evaluating......
2023-06-22 15:26:23,777 - my_logger - INFO - epoch 184, valid loss: 0.9842, valid auc: 95.84%
2023-06-22 15:26:23,785 - my_logger - INFO - epoch 185, train loss: 0.0015
2023-06-22 15:26:23,792 - my_logger - INFO - epoch 186, train loss: 0.0015
2023-06-22 15:26:23,797 - my_logger - INFO - evaluating......
2023-06-22 15:26:23,797 - my_logger - INFO - epoch 186, valid loss: 1.0026, valid auc: 95.86%
2023-06-22 15:26:23,804 - my_logger - INFO - epoch 187, train loss: 0.0013
2023-06-22 15:26:23,811 - my_logger - INFO - epoch 188, train loss: 0.0015
2023-06-22 15:26:23,817 - my_logger - INFO - evaluating......
2023-06-22 15:26:23,817 - my_logger - INFO - epoch 188, valid loss: 1.0000, valid auc: 95.86%
2023-06-22 15:26:23,824 - my_logger - INFO - epoch 189, train loss: 0.0012
2023-06-22 15:26:23,832 - my_logger - INFO - epoch 190, train loss: 0.0013
2023-06-22 15:26:23,838 - my_logger - INFO - evaluating......
2023-06-22 15:26:23,838 - my_logger - INFO - epoch 190, valid loss: 1.0165, valid auc: 95.87%
2023-06-22 15:26:23,846 - my_logger - INFO - epoch 191, train loss: 0.0012
2023-06-22 15:26:23,854 - my_logger - INFO - epoch 192, train loss: 0.0012
2023-06-22 15:26:23,860 - my_logger - INFO - evaluating......
2023-06-22 15:26:23,861 - my_logger - INFO - epoch 192, valid loss: 1.0163, valid auc: 95.87%
2023-06-22 15:26:23,869 - my_logger - INFO - epoch 193, train loss: 0.0011
2023-06-22 15:26:23,877 - my_logger - INFO - epoch 194, train loss: 0.0011
2023-06-22 15:26:23,883 - my_logger - INFO - evaluating......
2023-06-22 15:26:23,883 - my_logger - INFO - epoch 194, valid loss: 1.0241, valid auc: 95.88%
2023-06-22 15:26:23,891 - my_logger - INFO - epoch 195, train loss: 0.0011
2023-06-22 15:26:23,900 - my_logger - INFO - epoch 196, train loss: 0.0010
2023-06-22 15:26:23,905 - my_logger - INFO - evaluating......
2023-06-22 15:26:23,905 - my_logger - INFO - epoch 196, valid loss: 1.0321, valid auc: 95.89%
2023-06-22 15:26:23,913 - my_logger - INFO - epoch 197, train loss: 0.0010
2023-06-22 15:26:23,920 - my_logger - INFO - epoch 198, train loss: 0.0010
2023-06-22 15:26:23,925 - my_logger - INFO - evaluating......
2023-06-22 15:26:23,925 - my_logger - INFO - epoch 198, valid loss: 1.0364, valid auc: 95.90%
2023-06-22 15:26:23,933 - my_logger - INFO - epoch 199, train loss: 0.0010
2023-06-22 15:26:23,936 - my_logger - INFO - total train time used: 2.7102s
2023-06-22 15:26:23,936 - my_logger - INFO - testing......
2023-06-22 15:26:23,943 - my_logger - INFO - test auc: 95.07%
