2023-06-08 14:33:57,833 - my_logger - INFO - training......
2023-06-08 14:33:58,619 - my_logger - INFO - epoch 0, train loss: 0.6947
2023-06-08 14:33:58,629 - my_logger - INFO - evaluating......
2023-06-08 14:33:58,629 - my_logger - INFO - epoch 0, valid loss: 0.6934, valid auc: 51.09%
2023-06-08 14:33:58,636 - my_logger - INFO - epoch 1, train loss: 0.6928
2023-06-08 14:33:58,644 - my_logger - INFO - epoch 2, train loss: 0.6938
2023-06-08 14:33:58,650 - my_logger - INFO - evaluating......
2023-06-08 14:33:58,650 - my_logger - INFO - epoch 2, valid loss: 0.6928, valid auc: 56.71%
2023-06-08 14:33:58,657 - my_logger - INFO - epoch 3, train loss: 0.6916
2023-06-08 14:33:58,665 - my_logger - INFO - epoch 4, train loss: 0.6918
2023-06-08 14:33:58,670 - my_logger - INFO - evaluating......
2023-06-08 14:33:58,670 - my_logger - INFO - epoch 4, valid loss: 0.6920, valid auc: 59.65%
2023-06-08 14:33:58,678 - my_logger - INFO - epoch 5, train loss: 0.6894
2023-06-08 14:33:58,685 - my_logger - INFO - epoch 6, train loss: 0.6864
2023-06-08 14:33:58,690 - my_logger - INFO - evaluating......
2023-06-08 14:33:58,690 - my_logger - INFO - epoch 6, valid loss: 0.6885, valid auc: 60.26%
2023-06-08 14:33:58,698 - my_logger - INFO - epoch 7, train loss: 0.6809
2023-06-08 14:33:58,706 - my_logger - INFO - epoch 8, train loss: 0.6734
2023-06-08 14:33:58,711 - my_logger - INFO - evaluating......
2023-06-08 14:33:58,711 - my_logger - INFO - epoch 8, valid loss: 0.6817, valid auc: 60.96%
2023-06-08 14:33:58,719 - my_logger - INFO - epoch 9, train loss: 0.6648
2023-06-08 14:33:58,726 - my_logger - INFO - epoch 10, train loss: 0.6571
2023-06-08 14:33:58,732 - my_logger - INFO - evaluating......
2023-06-08 14:33:58,732 - my_logger - INFO - epoch 10, valid loss: 0.6828, valid auc: 61.79%
2023-06-08 14:33:58,739 - my_logger - INFO - epoch 11, train loss: 0.6621
2023-06-08 14:33:58,747 - my_logger - INFO - epoch 12, train loss: 0.6793
2023-06-08 14:33:58,752 - my_logger - INFO - evaluating......
2023-06-08 14:33:58,752 - my_logger - INFO - epoch 12, valid loss: 0.7063, valid auc: 62.99%
2023-06-08 14:33:58,760 - my_logger - INFO - epoch 13, train loss: 0.6445
2023-06-08 14:33:58,767 - my_logger - INFO - epoch 14, train loss: 0.6521
2023-06-08 14:33:58,773 - my_logger - INFO - evaluating......
2023-06-08 14:33:58,773 - my_logger - INFO - epoch 14, valid loss: 0.6751, valid auc: 64.00%
2023-06-08 14:33:58,780 - my_logger - INFO - epoch 15, train loss: 0.6491
2023-06-08 14:33:58,788 - my_logger - INFO - epoch 16, train loss: 0.6307
2023-06-08 14:33:58,793 - my_logger - INFO - evaluating......
2023-06-08 14:33:58,793 - my_logger - INFO - epoch 16, valid loss: 0.6561, valid auc: 65.66%
2023-06-08 14:33:58,800 - my_logger - INFO - epoch 17, train loss: 0.6314
2023-06-08 14:33:58,808 - my_logger - INFO - epoch 18, train loss: 0.6299
2023-06-08 14:33:58,813 - my_logger - INFO - evaluating......
2023-06-08 14:33:58,814 - my_logger - INFO - epoch 18, valid loss: 0.6606, valid auc: 66.57%
2023-06-08 14:33:58,820 - my_logger - INFO - epoch 19, train loss: 0.6127
2023-06-08 14:33:58,828 - my_logger - INFO - epoch 20, train loss: 0.6115
2023-06-08 14:33:58,833 - my_logger - INFO - evaluating......
2023-06-08 14:33:58,833 - my_logger - INFO - epoch 20, valid loss: 0.6464, valid auc: 69.57%
2023-06-08 14:33:58,841 - my_logger - INFO - epoch 21, train loss: 0.5965
2023-06-08 14:33:58,848 - my_logger - INFO - epoch 22, train loss: 0.5791
2023-06-08 14:33:58,853 - my_logger - INFO - evaluating......
2023-06-08 14:33:58,854 - my_logger - INFO - epoch 22, valid loss: 0.6339, valid auc: 70.31%
2023-06-08 14:33:58,861 - my_logger - INFO - epoch 23, train loss: 0.5709
2023-06-08 14:33:58,869 - my_logger - INFO - epoch 24, train loss: 0.5506
2023-06-08 14:33:58,874 - my_logger - INFO - evaluating......
2023-06-08 14:33:58,874 - my_logger - INFO - epoch 24, valid loss: 0.6201, valid auc: 71.91%
2023-06-08 14:33:58,881 - my_logger - INFO - epoch 25, train loss: 0.5409
2023-06-08 14:33:58,889 - my_logger - INFO - epoch 26, train loss: 0.5206
2023-06-08 14:33:58,894 - my_logger - INFO - evaluating......
2023-06-08 14:33:58,894 - my_logger - INFO - epoch 26, valid loss: 0.6131, valid auc: 73.46%
2023-06-08 14:33:58,902 - my_logger - INFO - epoch 27, train loss: 0.5099
2023-06-08 14:33:58,909 - my_logger - INFO - epoch 28, train loss: 0.4955
2023-06-08 14:33:58,914 - my_logger - INFO - evaluating......
2023-06-08 14:33:58,914 - my_logger - INFO - epoch 28, valid loss: 0.6403, valid auc: 74.22%
2023-06-08 14:33:58,922 - my_logger - INFO - epoch 29, train loss: 0.4864
2023-06-08 14:33:58,929 - my_logger - INFO - epoch 30, train loss: 0.4766
2023-06-08 14:33:58,934 - my_logger - INFO - evaluating......
2023-06-08 14:33:58,934 - my_logger - INFO - epoch 30, valid loss: 0.6620, valid auc: 75.69%
2023-06-08 14:33:58,942 - my_logger - INFO - epoch 31, train loss: 0.4644
2023-06-08 14:33:58,949 - my_logger - INFO - epoch 32, train loss: 0.4537
2023-06-08 14:33:58,954 - my_logger - INFO - evaluating......
2023-06-08 14:33:58,955 - my_logger - INFO - epoch 32, valid loss: 0.6581, valid auc: 76.57%
2023-06-08 14:33:58,962 - my_logger - INFO - epoch 33, train loss: 0.4405
2023-06-08 14:33:58,970 - my_logger - INFO - epoch 34, train loss: 0.4292
2023-06-08 14:33:58,975 - my_logger - INFO - evaluating......
2023-06-08 14:33:58,975 - my_logger - INFO - epoch 34, valid loss: 0.6312, valid auc: 78.17%
2023-06-08 14:33:58,982 - my_logger - INFO - epoch 35, train loss: 0.4149
2023-06-08 14:33:58,990 - my_logger - INFO - epoch 36, train loss: 0.4049
2023-06-08 14:33:58,995 - my_logger - INFO - evaluating......
2023-06-08 14:33:58,995 - my_logger - INFO - epoch 36, valid loss: 0.6207, valid auc: 79.01%
2023-06-08 14:33:59,002 - my_logger - INFO - epoch 37, train loss: 0.3923
2023-06-08 14:33:59,010 - my_logger - INFO - epoch 38, train loss: 0.3806
2023-06-08 14:33:59,015 - my_logger - INFO - evaluating......
2023-06-08 14:33:59,015 - my_logger - INFO - epoch 38, valid loss: 0.6177, valid auc: 80.89%
2023-06-08 14:33:59,023 - my_logger - INFO - epoch 39, train loss: 0.3691
2023-06-08 14:33:59,030 - my_logger - INFO - epoch 40, train loss: 0.3602
2023-06-08 14:33:59,036 - my_logger - INFO - evaluating......
2023-06-08 14:33:59,036 - my_logger - INFO - epoch 40, valid loss: 0.6466, valid auc: 82.43%
2023-06-08 14:33:59,043 - my_logger - INFO - epoch 41, train loss: 0.3596
2023-06-08 14:33:59,051 - my_logger - INFO - epoch 42, train loss: 0.3521
2023-06-08 14:33:59,056 - my_logger - INFO - evaluating......
2023-06-08 14:33:59,056 - my_logger - INFO - epoch 42, valid loss: 0.6161, valid auc: 84.25%
2023-06-08 14:33:59,063 - my_logger - INFO - epoch 43, train loss: 0.3391
2023-06-08 14:33:59,070 - my_logger - INFO - epoch 44, train loss: 0.3326
2023-06-08 14:33:59,076 - my_logger - INFO - evaluating......
2023-06-08 14:33:59,076 - my_logger - INFO - epoch 44, valid loss: 0.6274, valid auc: 85.10%
2023-06-08 14:33:59,083 - my_logger - INFO - epoch 45, train loss: 0.3218
2023-06-08 14:33:59,090 - my_logger - INFO - epoch 46, train loss: 0.3155
2023-06-08 14:33:59,096 - my_logger - INFO - evaluating......
2023-06-08 14:33:59,096 - my_logger - INFO - epoch 46, valid loss: 0.5851, valid auc: 85.99%
2023-06-08 14:33:59,103 - my_logger - INFO - epoch 47, train loss: 0.3106
2023-06-08 14:33:59,111 - my_logger - INFO - epoch 48, train loss: 0.3015
2023-06-08 14:33:59,116 - my_logger - INFO - evaluating......
2023-06-08 14:33:59,116 - my_logger - INFO - epoch 48, valid loss: 0.6041, valid auc: 86.05%
2023-06-08 14:33:59,124 - my_logger - INFO - epoch 49, train loss: 0.2999
2023-06-08 14:33:59,131 - my_logger - INFO - epoch 50, train loss: 0.2903
2023-06-08 14:33:59,136 - my_logger - INFO - evaluating......
2023-06-08 14:33:59,136 - my_logger - INFO - epoch 50, valid loss: 0.5782, valid auc: 86.68%
2023-06-08 14:33:59,144 - my_logger - INFO - epoch 51, train loss: 0.2884
2023-06-08 14:33:59,151 - my_logger - INFO - epoch 52, train loss: 0.2807
2023-06-08 14:33:59,156 - my_logger - INFO - evaluating......
2023-06-08 14:33:59,157 - my_logger - INFO - epoch 52, valid loss: 0.5965, valid auc: 86.66%
2023-06-08 14:33:59,162 - my_logger - INFO - epoch 53, train loss: 0.2779
2023-06-08 14:33:59,169 - my_logger - INFO - epoch 54, train loss: 0.2715
2023-06-08 14:33:59,175 - my_logger - INFO - evaluating......
2023-06-08 14:33:59,175 - my_logger - INFO - epoch 54, valid loss: 0.6001, valid auc: 86.60%
2023-06-08 14:33:59,179 - my_logger - INFO - epoch 55, train loss: 0.2684
2023-06-08 14:33:59,186 - my_logger - INFO - epoch 56, train loss: 0.2622
2023-06-08 14:33:59,192 - my_logger - INFO - evaluating......
2023-06-08 14:33:59,192 - my_logger - INFO - epoch 56, valid loss: 0.6134, valid auc: 86.44%
2023-06-08 14:33:59,196 - my_logger - INFO - epoch 57, train loss: 0.2593
2023-06-08 14:33:59,204 - my_logger - INFO - epoch 58, train loss: 0.2530
2023-06-08 14:33:59,210 - my_logger - INFO - evaluating......
2023-06-08 14:33:59,210 - my_logger - INFO - epoch 58, valid loss: 0.6127, valid auc: 86.43%
2023-06-08 14:33:59,215 - my_logger - INFO - epoch 59, train loss: 0.2507
2023-06-08 14:33:59,222 - my_logger - INFO - epoch 60, train loss: 0.2448
2023-06-08 14:33:59,227 - my_logger - INFO - evaluating......
2023-06-08 14:33:59,227 - my_logger - INFO - epoch 60, valid loss: 0.6352, valid auc: 86.23%
2023-06-08 14:33:59,232 - my_logger - INFO - epoch 61, train loss: 0.2409
2023-06-08 14:33:59,239 - my_logger - INFO - epoch 62, train loss: 0.2376
2023-06-08 14:33:59,244 - my_logger - INFO - evaluating......
2023-06-08 14:33:59,244 - my_logger - INFO - epoch 62, valid loss: 0.6378, valid auc: 86.30%
2023-06-08 14:33:59,249 - my_logger - INFO - epoch 63, train loss: 0.2318
2023-06-08 14:33:59,257 - my_logger - INFO - epoch 64, train loss: 0.2275
2023-06-08 14:33:59,262 - my_logger - INFO - evaluating......
2023-06-08 14:33:59,263 - my_logger - INFO - epoch 64, valid loss: 0.6457, valid auc: 86.40%
2023-06-08 14:33:59,267 - my_logger - INFO - epoch 65, train loss: 0.2244
2023-06-08 14:33:59,275 - my_logger - INFO - epoch 66, train loss: 0.2197
2023-06-08 14:33:59,280 - my_logger - INFO - evaluating......
2023-06-08 14:33:59,280 - my_logger - INFO - epoch 66, valid loss: 0.6638, valid auc: 86.35%
2023-06-08 14:33:59,284 - my_logger - INFO - epoch 67, train loss: 0.2141
2023-06-08 14:33:59,292 - my_logger - INFO - epoch 68, train loss: 0.2097
2023-06-08 14:33:59,297 - my_logger - INFO - evaluating......
2023-06-08 14:33:59,297 - my_logger - INFO - epoch 68, valid loss: 0.6831, valid auc: 86.24%
2023-06-08 14:33:59,302 - my_logger - INFO - epoch 69, train loss: 0.2068
2023-06-08 14:33:59,309 - my_logger - INFO - epoch 70, train loss: 0.2069
2023-06-08 14:33:59,314 - my_logger - INFO - evaluating......
2023-06-08 14:33:59,314 - my_logger - INFO - epoch 70, valid loss: 0.7020, valid auc: 86.27%
2023-06-08 14:33:59,319 - my_logger - INFO - epoch 71, train loss: 0.2139
2023-06-08 14:33:59,326 - my_logger - INFO - epoch 72, train loss: 0.2105
2023-06-08 14:33:59,331 - my_logger - INFO - evaluating......
2023-06-08 14:33:59,331 - my_logger - INFO - epoch 72, valid loss: 0.6885, valid auc: 86.63%
2023-06-08 14:33:59,336 - my_logger - INFO - epoch 73, train loss: 0.1917
2023-06-08 14:33:59,343 - my_logger - INFO - epoch 74, train loss: 0.1961
2023-06-08 14:33:59,349 - my_logger - INFO - evaluating......
2023-06-08 14:33:59,349 - my_logger - INFO - epoch 74, valid loss: 0.7130, valid auc: 86.54%
2023-06-08 14:33:59,353 - my_logger - INFO - epoch 75, train loss: 0.1902
2023-06-08 14:33:59,361 - my_logger - INFO - epoch 76, train loss: 0.1818
2023-06-08 14:33:59,366 - my_logger - INFO - evaluating......
2023-06-08 14:33:59,367 - my_logger - INFO - epoch 76, valid loss: 0.7409, valid auc: 86.31%
2023-06-08 14:33:59,371 - my_logger - INFO - epoch 77, train loss: 0.1865
2023-06-08 14:33:59,379 - my_logger - INFO - epoch 78, train loss: 0.1754
2023-06-08 14:33:59,385 - my_logger - INFO - evaluating......
2023-06-08 14:33:59,385 - my_logger - INFO - epoch 78, valid loss: 0.7244, valid auc: 86.51%
2023-06-08 14:33:59,389 - my_logger - INFO - epoch 79, train loss: 0.1748
2023-06-08 14:33:59,396 - my_logger - INFO - epoch 80, train loss: 0.1733
2023-06-08 14:33:59,402 - my_logger - INFO - evaluating......
2023-06-08 14:33:59,402 - my_logger - INFO - epoch 80, valid loss: 0.7671, valid auc: 86.41%
2023-06-08 14:33:59,406 - my_logger - INFO - epoch 81, train loss: 0.1644
2023-06-08 14:33:59,414 - my_logger - INFO - epoch 82, train loss: 0.1674
2023-06-08 14:33:59,419 - my_logger - INFO - evaluating......
2023-06-08 14:33:59,419 - my_logger - INFO - epoch 82, valid loss: 0.7685, valid auc: 86.36%
2023-06-08 14:33:59,423 - my_logger - INFO - epoch 83, train loss: 0.1615
2023-06-08 14:33:59,431 - my_logger - INFO - epoch 84, train loss: 0.1551
2023-06-08 14:33:59,436 - my_logger - INFO - evaluating......
2023-06-08 14:33:59,436 - my_logger - INFO - epoch 84, valid loss: 0.7828, valid auc: 86.36%
2023-06-08 14:33:59,441 - my_logger - INFO - epoch 85, train loss: 0.1573
2023-06-08 14:33:59,448 - my_logger - INFO - epoch 86, train loss: 0.1518
2023-06-08 14:33:59,453 - my_logger - INFO - evaluating......
2023-06-08 14:33:59,453 - my_logger - INFO - epoch 86, valid loss: 0.8208, valid auc: 86.36%
2023-06-08 14:33:59,458 - my_logger - INFO - epoch 87, train loss: 0.1451
2023-06-08 14:33:59,465 - my_logger - INFO - epoch 88, train loss: 0.1461
2023-06-08 14:33:59,471 - my_logger - INFO - evaluating......
2023-06-08 14:33:59,471 - my_logger - INFO - epoch 88, valid loss: 0.8238, valid auc: 86.48%
2023-06-08 14:33:59,475 - my_logger - INFO - epoch 89, train loss: 0.1432
2023-06-08 14:33:59,482 - my_logger - INFO - epoch 90, train loss: 0.1356
2023-06-08 14:33:59,488 - my_logger - INFO - evaluating......
2023-06-08 14:33:59,488 - my_logger - INFO - epoch 90, valid loss: 0.8349, valid auc: 86.60%
2023-06-08 14:33:59,492 - my_logger - INFO - epoch 91, train loss: 0.1342
2023-06-08 14:33:59,500 - my_logger - INFO - epoch 92, train loss: 0.1346
2023-06-08 14:33:59,505 - my_logger - INFO - evaluating......
2023-06-08 14:33:59,505 - my_logger - INFO - epoch 92, valid loss: 0.8647, valid auc: 86.61%
2023-06-08 14:33:59,509 - my_logger - INFO - epoch 93, train loss: 0.1293
2023-06-08 14:33:59,517 - my_logger - INFO - epoch 94, train loss: 0.1229
2023-06-08 14:33:59,522 - my_logger - INFO - evaluating......
2023-06-08 14:33:59,522 - my_logger - INFO - epoch 94, valid loss: 0.8803, valid auc: 86.70%
2023-06-08 14:33:59,530 - my_logger - INFO - epoch 95, train loss: 0.1203
2023-06-08 14:33:59,537 - my_logger - INFO - epoch 96, train loss: 0.1201
2023-06-08 14:33:59,542 - my_logger - INFO - evaluating......
2023-06-08 14:33:59,542 - my_logger - INFO - epoch 96, valid loss: 0.8946, valid auc: 86.83%
2023-06-08 14:33:59,550 - my_logger - INFO - epoch 97, train loss: 0.1196
2023-06-08 14:33:59,557 - my_logger - INFO - epoch 98, train loss: 0.1158
2023-06-08 14:33:59,562 - my_logger - INFO - evaluating......
2023-06-08 14:33:59,563 - my_logger - INFO - epoch 98, valid loss: 0.9068, valid auc: 87.00%
2023-06-08 14:33:59,570 - my_logger - INFO - epoch 99, train loss: 0.1109
2023-06-08 14:33:59,577 - my_logger - INFO - epoch 100, train loss: 0.1053
2023-06-08 14:33:59,582 - my_logger - INFO - evaluating......
2023-06-08 14:33:59,583 - my_logger - INFO - epoch 100, valid loss: 0.9250, valid auc: 87.13%
2023-06-08 14:33:59,590 - my_logger - INFO - epoch 101, train loss: 0.1018
2023-06-08 14:33:59,598 - my_logger - INFO - epoch 102, train loss: 0.1005
2023-06-08 14:33:59,603 - my_logger - INFO - evaluating......
2023-06-08 14:33:59,603 - my_logger - INFO - epoch 102, valid loss: 0.9497, valid auc: 87.16%
2023-06-08 14:33:59,610 - my_logger - INFO - epoch 103, train loss: 0.1012
2023-06-08 14:33:59,618 - my_logger - INFO - epoch 104, train loss: 0.1063
2023-06-08 14:33:59,623 - my_logger - INFO - evaluating......
2023-06-08 14:33:59,624 - my_logger - INFO - epoch 104, valid loss: 0.9666, valid auc: 87.27%
2023-06-08 14:33:59,632 - my_logger - INFO - epoch 105, train loss: 0.1104
2023-06-08 14:33:59,640 - my_logger - INFO - epoch 106, train loss: 0.1091
2023-06-08 14:33:59,645 - my_logger - INFO - evaluating......
2023-06-08 14:33:59,646 - my_logger - INFO - epoch 106, valid loss: 1.0073, valid auc: 87.32%
2023-06-08 14:33:59,653 - my_logger - INFO - epoch 107, train loss: 0.0884
2023-06-08 14:33:59,661 - my_logger - INFO - epoch 108, train loss: 0.0928
2023-06-08 14:33:59,667 - my_logger - INFO - evaluating......
2023-06-08 14:33:59,667 - my_logger - INFO - epoch 108, valid loss: 1.0109, valid auc: 87.41%
2023-06-08 14:33:59,675 - my_logger - INFO - epoch 109, train loss: 0.0982
2023-06-08 14:33:59,682 - my_logger - INFO - epoch 110, train loss: 0.0810
2023-06-08 14:33:59,687 - my_logger - INFO - evaluating......
2023-06-08 14:33:59,688 - my_logger - INFO - epoch 110, valid loss: 1.0084, valid auc: 87.55%
2023-06-08 14:33:59,695 - my_logger - INFO - epoch 111, train loss: 0.0881
2023-06-08 14:33:59,703 - my_logger - INFO - epoch 112, train loss: 0.0881
2023-06-08 14:33:59,709 - my_logger - INFO - evaluating......
2023-06-08 14:33:59,709 - my_logger - INFO - epoch 112, valid loss: 1.0689, valid auc: 87.52%
2023-06-08 14:33:59,714 - my_logger - INFO - epoch 113, train loss: 0.0745
2023-06-08 14:33:59,721 - my_logger - INFO - epoch 114, train loss: 0.0845
2023-06-08 14:33:59,726 - my_logger - INFO - evaluating......
2023-06-08 14:33:59,726 - my_logger - INFO - epoch 114, valid loss: 1.0487, valid auc: 87.78%
2023-06-08 14:33:59,734 - my_logger - INFO - epoch 115, train loss: 0.0765
2023-06-08 14:33:59,741 - my_logger - INFO - epoch 116, train loss: 0.0707
2023-06-08 14:33:59,746 - my_logger - INFO - evaluating......
2023-06-08 14:33:59,746 - my_logger - INFO - epoch 116, valid loss: 1.0705, valid auc: 87.89%
2023-06-08 14:33:59,754 - my_logger - INFO - epoch 117, train loss: 0.0773
2023-06-08 14:33:59,761 - my_logger - INFO - epoch 118, train loss: 0.0661
2023-06-08 14:33:59,767 - my_logger - INFO - evaluating......
2023-06-08 14:33:59,767 - my_logger - INFO - epoch 118, valid loss: 1.1197, valid auc: 87.95%
2023-06-08 14:33:59,775 - my_logger - INFO - epoch 119, train loss: 0.0672
2023-06-08 14:33:59,782 - my_logger - INFO - epoch 120, train loss: 0.0668
2023-06-08 14:33:59,787 - my_logger - INFO - evaluating......
2023-06-08 14:33:59,787 - my_logger - INFO - epoch 120, valid loss: 1.0995, valid auc: 88.18%
2023-06-08 14:33:59,795 - my_logger - INFO - epoch 121, train loss: 0.0589
2023-06-08 14:33:59,802 - my_logger - INFO - epoch 122, train loss: 0.0623
2023-06-08 14:33:59,807 - my_logger - INFO - evaluating......
2023-06-08 14:33:59,807 - my_logger - INFO - epoch 122, valid loss: 1.1469, valid auc: 88.17%
2023-06-08 14:33:59,812 - my_logger - INFO - epoch 123, train loss: 0.0569
2023-06-08 14:33:59,819 - my_logger - INFO - epoch 124, train loss: 0.0551
2023-06-08 14:33:59,824 - my_logger - INFO - evaluating......
2023-06-08 14:33:59,825 - my_logger - INFO - epoch 124, valid loss: 1.1594, valid auc: 88.29%
2023-06-08 14:33:59,832 - my_logger - INFO - epoch 125, train loss: 0.0560
2023-06-08 14:33:59,839 - my_logger - INFO - epoch 126, train loss: 0.0507
2023-06-08 14:33:59,844 - my_logger - INFO - evaluating......
2023-06-08 14:33:59,845 - my_logger - INFO - epoch 126, valid loss: 1.1545, valid auc: 88.59%
2023-06-08 14:33:59,852 - my_logger - INFO - epoch 127, train loss: 0.0513
2023-06-08 14:33:59,859 - my_logger - INFO - epoch 128, train loss: 0.0508
2023-06-08 14:33:59,864 - my_logger - INFO - evaluating......
2023-06-08 14:33:59,865 - my_logger - INFO - epoch 128, valid loss: 1.2040, valid auc: 88.58%
2023-06-08 14:33:59,869 - my_logger - INFO - epoch 129, train loss: 0.0460
2023-06-08 14:33:59,876 - my_logger - INFO - epoch 130, train loss: 0.0470
2023-06-08 14:33:59,882 - my_logger - INFO - evaluating......
2023-06-08 14:33:59,882 - my_logger - INFO - epoch 130, valid loss: 1.2090, valid auc: 88.75%
2023-06-08 14:33:59,889 - my_logger - INFO - epoch 131, train loss: 0.0460
2023-06-08 14:33:59,896 - my_logger - INFO - epoch 132, train loss: 0.0415
2023-06-08 14:33:59,902 - my_logger - INFO - evaluating......
2023-06-08 14:33:59,902 - my_logger - INFO - epoch 132, valid loss: 1.2157, valid auc: 88.95%
2023-06-08 14:33:59,909 - my_logger - INFO - epoch 133, train loss: 0.0424
2023-06-08 14:33:59,916 - my_logger - INFO - epoch 134, train loss: 0.0416
2023-06-08 14:33:59,922 - my_logger - INFO - evaluating......
2023-06-08 14:33:59,922 - my_logger - INFO - epoch 134, valid loss: 1.2589, valid auc: 88.93%
2023-06-08 14:33:59,926 - my_logger - INFO - epoch 135, train loss: 0.0375
2023-06-08 14:33:59,933 - my_logger - INFO - epoch 136, train loss: 0.0380
2023-06-08 14:33:59,939 - my_logger - INFO - evaluating......
2023-06-08 14:33:59,939 - my_logger - INFO - epoch 136, valid loss: 1.2743, valid auc: 88.98%
2023-06-08 14:33:59,946 - my_logger - INFO - epoch 137, train loss: 0.0377
2023-06-08 14:33:59,954 - my_logger - INFO - epoch 138, train loss: 0.0343
2023-06-08 14:33:59,959 - my_logger - INFO - evaluating......
2023-06-08 14:33:59,959 - my_logger - INFO - epoch 138, valid loss: 1.2920, valid auc: 89.06%
2023-06-08 14:33:59,967 - my_logger - INFO - epoch 139, train loss: 0.0338
2023-06-08 14:33:59,975 - my_logger - INFO - epoch 140, train loss: 0.0338
2023-06-08 14:33:59,980 - my_logger - INFO - evaluating......
2023-06-08 14:33:59,980 - my_logger - INFO - epoch 140, valid loss: 1.3301, valid auc: 89.13%
2023-06-08 14:33:59,987 - my_logger - INFO - epoch 141, train loss: 0.0317
2023-06-08 14:33:59,994 - my_logger - INFO - epoch 142, train loss: 0.0301
2023-06-08 14:34:00,000 - my_logger - INFO - evaluating......
2023-06-08 14:34:00,000 - my_logger - INFO - epoch 142, valid loss: 1.3522, valid auc: 89.19%
2023-06-08 14:34:00,007 - my_logger - INFO - epoch 143, train loss: 0.0300
2023-06-08 14:34:00,014 - my_logger - INFO - epoch 144, train loss: 0.0291
2023-06-08 14:34:00,020 - my_logger - INFO - evaluating......
2023-06-08 14:34:00,020 - my_logger - INFO - epoch 144, valid loss: 1.3731, valid auc: 89.22%
2023-06-08 14:34:00,028 - my_logger - INFO - epoch 145, train loss: 0.0266
2023-06-08 14:34:00,036 - my_logger - INFO - epoch 146, train loss: 0.0261
2023-06-08 14:34:00,041 - my_logger - INFO - evaluating......
2023-06-08 14:34:00,041 - my_logger - INFO - epoch 146, valid loss: 1.3953, valid auc: 89.32%
2023-06-08 14:34:00,048 - my_logger - INFO - epoch 147, train loss: 0.0255
2023-06-08 14:34:00,056 - my_logger - INFO - epoch 148, train loss: 0.0253
2023-06-08 14:34:00,061 - my_logger - INFO - evaluating......
2023-06-08 14:34:00,061 - my_logger - INFO - epoch 148, valid loss: 1.4353, valid auc: 89.32%
2023-06-08 14:34:00,066 - my_logger - INFO - epoch 149, train loss: 0.0234
2023-06-08 14:34:00,072 - my_logger - INFO - epoch 150, train loss: 0.0222
2023-06-08 14:34:00,077 - my_logger - INFO - evaluating......
2023-06-08 14:34:00,078 - my_logger - INFO - epoch 150, valid loss: 1.4579, valid auc: 89.36%
2023-06-08 14:34:00,085 - my_logger - INFO - epoch 151, train loss: 0.0215
2023-06-08 14:34:00,092 - my_logger - INFO - epoch 152, train loss: 0.0210
2023-06-08 14:34:00,097 - my_logger - INFO - evaluating......
2023-06-08 14:34:00,098 - my_logger - INFO - epoch 152, valid loss: 1.4874, valid auc: 89.36%
2023-06-08 14:34:00,102 - my_logger - INFO - epoch 153, train loss: 0.0203
2023-06-08 14:34:00,109 - my_logger - INFO - epoch 154, train loss: 0.0192
2023-06-08 14:34:00,114 - my_logger - INFO - evaluating......
2023-06-08 14:34:00,114 - my_logger - INFO - epoch 154, valid loss: 1.5112, valid auc: 89.42%
2023-06-08 14:34:00,122 - my_logger - INFO - epoch 155, train loss: 0.0183
2023-06-08 14:34:00,129 - my_logger - INFO - epoch 156, train loss: 0.0174
2023-06-08 14:34:00,135 - my_logger - INFO - evaluating......
2023-06-08 14:34:00,135 - my_logger - INFO - epoch 156, valid loss: 1.5395, valid auc: 89.46%
2023-06-08 14:34:00,142 - my_logger - INFO - epoch 157, train loss: 0.0171
2023-06-08 14:34:00,150 - my_logger - INFO - epoch 158, train loss: 0.0166
2023-06-08 14:34:00,155 - my_logger - INFO - evaluating......
2023-06-08 14:34:00,155 - my_logger - INFO - epoch 158, valid loss: 1.5803, valid auc: 89.46%
2023-06-08 14:34:00,160 - my_logger - INFO - epoch 159, train loss: 0.0161
2023-06-08 14:34:00,167 - my_logger - INFO - epoch 160, train loss: 0.0153
2023-06-08 14:34:00,172 - my_logger - INFO - evaluating......
2023-06-08 14:34:00,172 - my_logger - INFO - epoch 160, valid loss: 1.6093, valid auc: 89.48%
2023-06-08 14:34:00,180 - my_logger - INFO - epoch 161, train loss: 0.0146
2023-06-08 14:34:00,187 - my_logger - INFO - epoch 162, train loss: 0.0139
2023-06-08 14:34:00,192 - my_logger - INFO - evaluating......
2023-06-08 14:34:00,193 - my_logger - INFO - epoch 162, valid loss: 1.6429, valid auc: 89.46%
2023-06-08 14:34:00,197 - my_logger - INFO - epoch 163, train loss: 0.0134
2023-06-08 14:34:00,205 - my_logger - INFO - epoch 164, train loss: 0.0130
2023-06-08 14:34:00,211 - my_logger - INFO - evaluating......
2023-06-08 14:34:00,211 - my_logger - INFO - epoch 164, valid loss: 1.6797, valid auc: 89.44%
2023-06-08 14:34:00,216 - my_logger - INFO - epoch 165, train loss: 0.0126
2023-06-08 14:34:00,223 - my_logger - INFO - epoch 166, train loss: 0.0121
2023-06-08 14:34:00,228 - my_logger - INFO - evaluating......
2023-06-08 14:34:00,229 - my_logger - INFO - epoch 166, valid loss: 1.7019, valid auc: 89.48%
2023-06-08 14:34:00,236 - my_logger - INFO - epoch 167, train loss: 0.0115
2023-06-08 14:34:00,243 - my_logger - INFO - epoch 168, train loss: 0.0110
2023-06-08 14:34:00,249 - my_logger - INFO - evaluating......
2023-06-08 14:34:00,249 - my_logger - INFO - epoch 168, valid loss: 1.7337, valid auc: 89.50%
2023-06-08 14:34:00,256 - my_logger - INFO - epoch 169, train loss: 0.0105
2023-06-08 14:34:00,264 - my_logger - INFO - epoch 170, train loss: 0.0102
2023-06-08 14:34:00,270 - my_logger - INFO - evaluating......
2023-06-08 14:34:00,270 - my_logger - INFO - epoch 170, valid loss: 1.7675, valid auc: 89.50%
2023-06-08 14:34:00,278 - my_logger - INFO - epoch 171, train loss: 0.0098
2023-06-08 14:34:00,286 - my_logger - INFO - epoch 172, train loss: 0.0095
2023-06-08 14:34:00,292 - my_logger - INFO - evaluating......
2023-06-08 14:34:00,292 - my_logger - INFO - epoch 172, valid loss: 1.7958, valid auc: 89.53%
2023-06-08 14:34:00,300 - my_logger - INFO - epoch 173, train loss: 0.0091
2023-06-08 14:34:00,308 - my_logger - INFO - epoch 174, train loss: 0.0087
2023-06-08 14:34:00,313 - my_logger - INFO - evaluating......
2023-06-08 14:34:00,314 - my_logger - INFO - epoch 174, valid loss: 1.8277, valid auc: 89.54%
2023-06-08 14:34:00,321 - my_logger - INFO - epoch 175, train loss: 0.0083
2023-06-08 14:34:00,329 - my_logger - INFO - epoch 176, train loss: 0.0079
2023-06-08 14:34:00,335 - my_logger - INFO - evaluating......
2023-06-08 14:34:00,335 - my_logger - INFO - epoch 176, valid loss: 1.8533, valid auc: 89.56%
2023-06-08 14:34:00,343 - my_logger - INFO - epoch 177, train loss: 0.0076
2023-06-08 14:34:00,351 - my_logger - INFO - epoch 178, train loss: 0.0073
2023-06-08 14:34:00,357 - my_logger - INFO - evaluating......
2023-06-08 14:34:00,357 - my_logger - INFO - epoch 178, valid loss: 1.8834, valid auc: 89.57%
2023-06-08 14:34:00,365 - my_logger - INFO - epoch 179, train loss: 0.0070
2023-06-08 14:34:00,372 - my_logger - INFO - epoch 180, train loss: 0.0067
2023-06-08 14:34:00,378 - my_logger - INFO - evaluating......
2023-06-08 14:34:00,378 - my_logger - INFO - epoch 180, valid loss: 1.9059, valid auc: 89.61%
2023-06-08 14:34:00,386 - my_logger - INFO - epoch 181, train loss: 0.0064
2023-06-08 14:34:00,394 - my_logger - INFO - epoch 182, train loss: 0.0061
2023-06-08 14:34:00,399 - my_logger - INFO - evaluating......
2023-06-08 14:34:00,400 - my_logger - INFO - epoch 182, valid loss: 1.9344, valid auc: 89.62%
2023-06-08 14:34:00,407 - my_logger - INFO - epoch 183, train loss: 0.0059
2023-06-08 14:34:00,416 - my_logger - INFO - epoch 184, train loss: 0.0056
2023-06-08 14:34:00,421 - my_logger - INFO - evaluating......
2023-06-08 14:34:00,422 - my_logger - INFO - epoch 184, valid loss: 1.9626, valid auc: 89.65%
2023-06-08 14:34:00,430 - my_logger - INFO - epoch 185, train loss: 0.0054
2023-06-08 14:34:00,437 - my_logger - INFO - epoch 186, train loss: 0.0051
2023-06-08 14:34:00,443 - my_logger - INFO - evaluating......
2023-06-08 14:34:00,444 - my_logger - INFO - epoch 186, valid loss: 1.9871, valid auc: 89.69%
2023-06-08 14:34:00,451 - my_logger - INFO - epoch 187, train loss: 0.0049
2023-06-08 14:34:00,460 - my_logger - INFO - epoch 188, train loss: 0.0047
2023-06-08 14:34:00,466 - my_logger - INFO - evaluating......
2023-06-08 14:34:00,466 - my_logger - INFO - epoch 188, valid loss: 2.0130, valid auc: 89.71%
2023-06-08 14:34:00,473 - my_logger - INFO - epoch 189, train loss: 0.0045
2023-06-08 14:34:00,481 - my_logger - INFO - epoch 190, train loss: 0.0043
2023-06-08 14:34:00,487 - my_logger - INFO - evaluating......
2023-06-08 14:34:00,487 - my_logger - INFO - epoch 190, valid loss: 2.0359, valid auc: 89.74%
2023-06-08 14:34:00,496 - my_logger - INFO - epoch 191, train loss: 0.0042
2023-06-08 14:34:00,503 - my_logger - INFO - epoch 192, train loss: 0.0040
2023-06-08 14:34:00,509 - my_logger - INFO - evaluating......
2023-06-08 14:34:00,509 - my_logger - INFO - epoch 192, valid loss: 2.0642, valid auc: 89.76%
2023-06-08 14:34:00,517 - my_logger - INFO - epoch 193, train loss: 0.0039
2023-06-08 14:34:00,526 - my_logger - INFO - epoch 194, train loss: 0.0037
2023-06-08 14:34:00,533 - my_logger - INFO - evaluating......
2023-06-08 14:34:00,533 - my_logger - INFO - epoch 194, valid loss: 2.0883, valid auc: 89.79%
2023-06-08 14:34:00,541 - my_logger - INFO - epoch 195, train loss: 0.0036
2023-06-08 14:34:00,549 - my_logger - INFO - epoch 196, train loss: 0.0034
2023-06-08 14:34:00,555 - my_logger - INFO - evaluating......
2023-06-08 14:34:00,555 - my_logger - INFO - epoch 196, valid loss: 2.1123, valid auc: 89.81%
2023-06-08 14:34:00,564 - my_logger - INFO - epoch 197, train loss: 0.0033
2023-06-08 14:34:00,571 - my_logger - INFO - epoch 198, train loss: 0.0032
2023-06-08 14:34:00,578 - my_logger - INFO - evaluating......
2023-06-08 14:34:00,578 - my_logger - INFO - epoch 198, valid loss: 2.1315, valid auc: 89.85%
2023-06-08 14:34:00,586 - my_logger - INFO - epoch 199, train loss: 0.0030
2023-06-08 14:34:00,589 - my_logger - INFO - total train time used: 2.7558s
2023-06-08 14:34:00,589 - my_logger - INFO - testing......
2023-06-08 14:34:00,597 - my_logger - INFO - test auc: 90.51%
