2023-06-22 15:23:48,347 - my_logger - INFO - training......
2023-06-22 15:23:49,102 - my_logger - INFO - epoch 0, train loss: 0.6964
2023-06-22 15:23:49,109 - my_logger - INFO - evaluating......
2023-06-22 15:23:49,109 - my_logger - INFO - epoch 0, valid loss: 0.6952, valid auc: 50.82%
2023-06-22 15:23:49,117 - my_logger - INFO - epoch 1, train loss: 0.6930
2023-06-22 15:23:49,125 - my_logger - INFO - epoch 2, train loss: 0.6933
2023-06-22 15:23:49,130 - my_logger - INFO - evaluating......
2023-06-22 15:23:49,130 - my_logger - INFO - epoch 2, valid loss: 0.6935, valid auc: 58.86%
2023-06-22 15:23:49,138 - my_logger - INFO - epoch 3, train loss: 0.6929
2023-06-22 15:23:49,145 - my_logger - INFO - epoch 4, train loss: 0.6927
2023-06-22 15:23:49,151 - my_logger - INFO - evaluating......
2023-06-22 15:23:49,151 - my_logger - INFO - epoch 4, valid loss: 0.6929, valid auc: 61.79%
2023-06-22 15:23:49,158 - my_logger - INFO - epoch 5, train loss: 0.6910
2023-06-22 15:23:49,166 - my_logger - INFO - epoch 6, train loss: 0.6884
2023-06-22 15:23:49,171 - my_logger - INFO - evaluating......
2023-06-22 15:23:49,171 - my_logger - INFO - epoch 6, valid loss: 0.6909, valid auc: 60.88%
2023-06-22 15:23:49,175 - my_logger - INFO - epoch 7, train loss: 0.6866
2023-06-22 15:23:49,184 - my_logger - INFO - epoch 8, train loss: 0.6807
2023-06-22 15:23:49,189 - my_logger - INFO - evaluating......
2023-06-22 15:23:49,190 - my_logger - INFO - epoch 8, valid loss: 0.6866, valid auc: 62.71%
2023-06-22 15:23:49,198 - my_logger - INFO - epoch 9, train loss: 0.6728
2023-06-22 15:23:49,205 - my_logger - INFO - epoch 10, train loss: 0.6533
2023-06-22 15:23:49,211 - my_logger - INFO - evaluating......
2023-06-22 15:23:49,211 - my_logger - INFO - epoch 10, valid loss: 0.6741, valid auc: 63.56%
2023-06-22 15:23:49,219 - my_logger - INFO - epoch 11, train loss: 0.6198
2023-06-22 15:23:49,227 - my_logger - INFO - epoch 12, train loss: 0.5849
2023-06-22 15:23:49,232 - my_logger - INFO - evaluating......
2023-06-22 15:23:49,232 - my_logger - INFO - epoch 12, valid loss: 0.6302, valid auc: 69.75%
2023-06-22 15:23:49,240 - my_logger - INFO - epoch 13, train loss: 0.6237
2023-06-22 15:23:49,248 - my_logger - INFO - epoch 14, train loss: 0.9526
2023-06-22 15:23:49,253 - my_logger - INFO - evaluating......
2023-06-22 15:23:49,253 - my_logger - INFO - epoch 14, valid loss: 1.0228, valid auc: 65.83%
2023-06-22 15:23:49,257 - my_logger - INFO - epoch 15, train loss: 0.5764
2023-06-22 15:23:49,265 - my_logger - INFO - epoch 16, train loss: 0.6592
2023-06-22 15:23:49,270 - my_logger - INFO - evaluating......
2023-06-22 15:23:49,270 - my_logger - INFO - epoch 16, valid loss: 0.7001, valid auc: 72.27%
2023-06-22 15:23:49,277 - my_logger - INFO - epoch 17, train loss: 0.6465
2023-06-22 15:23:49,285 - my_logger - INFO - epoch 18, train loss: 0.6272
2023-06-22 15:23:49,290 - my_logger - INFO - evaluating......
2023-06-22 15:23:49,290 - my_logger - INFO - epoch 18, valid loss: 0.6535, valid auc: 74.76%
2023-06-22 15:23:49,298 - my_logger - INFO - epoch 19, train loss: 0.6331
2023-06-22 15:23:49,305 - my_logger - INFO - epoch 20, train loss: 0.6319
2023-06-22 15:23:49,310 - my_logger - INFO - evaluating......
2023-06-22 15:23:49,310 - my_logger - INFO - epoch 20, valid loss: 0.6499, valid auc: 72.66%
2023-06-22 15:23:49,316 - my_logger - INFO - epoch 21, train loss: 0.6329
2023-06-22 15:23:49,323 - my_logger - INFO - epoch 22, train loss: 0.6342
2023-06-22 15:23:49,329 - my_logger - INFO - evaluating......
2023-06-22 15:23:49,329 - my_logger - INFO - epoch 22, valid loss: 0.6451, valid auc: 75.59%
2023-06-22 15:23:49,337 - my_logger - INFO - epoch 23, train loss: 0.6337
2023-06-22 15:23:49,344 - my_logger - INFO - epoch 24, train loss: 0.6304
2023-06-22 15:23:49,350 - my_logger - INFO - evaluating......
2023-06-22 15:23:49,350 - my_logger - INFO - epoch 24, valid loss: 0.6401, valid auc: 74.69%
2023-06-22 15:23:49,355 - my_logger - INFO - epoch 25, train loss: 0.6235
2023-06-22 15:23:49,362 - my_logger - INFO - epoch 26, train loss: 0.6119
2023-06-22 15:23:49,367 - my_logger - INFO - evaluating......
2023-06-22 15:23:49,367 - my_logger - INFO - epoch 26, valid loss: 0.6238, valid auc: 74.73%
2023-06-22 15:23:49,372 - my_logger - INFO - epoch 27, train loss: 0.5947
2023-06-22 15:23:49,381 - my_logger - INFO - epoch 28, train loss: 0.5719
2023-06-22 15:23:49,387 - my_logger - INFO - evaluating......
2023-06-22 15:23:49,387 - my_logger - INFO - epoch 28, valid loss: 0.5920, valid auc: 75.60%
2023-06-22 15:23:49,394 - my_logger - INFO - epoch 29, train loss: 0.5482
2023-06-22 15:23:49,402 - my_logger - INFO - epoch 30, train loss: 0.5352
2023-06-22 15:23:49,407 - my_logger - INFO - evaluating......
2023-06-22 15:23:49,407 - my_logger - INFO - epoch 30, valid loss: 0.5778, valid auc: 76.45%
2023-06-22 15:23:49,414 - my_logger - INFO - epoch 31, train loss: 0.5691
2023-06-22 15:23:49,422 - my_logger - INFO - epoch 32, train loss: 0.6608
2023-06-22 15:23:49,427 - my_logger - INFO - evaluating......
2023-06-22 15:23:49,427 - my_logger - INFO - epoch 32, valid loss: 0.6621, valid auc: 73.46%
2023-06-22 15:23:49,432 - my_logger - INFO - epoch 33, train loss: 0.5332
2023-06-22 15:23:49,439 - my_logger - INFO - epoch 34, train loss: 0.5747
2023-06-22 15:23:49,444 - my_logger - INFO - evaluating......
2023-06-22 15:23:49,444 - my_logger - INFO - epoch 34, valid loss: 0.6369, valid auc: 74.59%
2023-06-22 15:23:49,449 - my_logger - INFO - epoch 35, train loss: 0.5813
2023-06-22 15:23:49,457 - my_logger - INFO - epoch 36, train loss: 0.5760
2023-06-22 15:23:49,462 - my_logger - INFO - evaluating......
2023-06-22 15:23:49,462 - my_logger - INFO - epoch 36, valid loss: 0.6241, valid auc: 73.38%
2023-06-22 15:23:49,467 - my_logger - INFO - epoch 37, train loss: 0.5681
2023-06-22 15:23:49,474 - my_logger - INFO - epoch 38, train loss: 0.5606
2023-06-22 15:23:49,480 - my_logger - INFO - evaluating......
2023-06-22 15:23:49,480 - my_logger - INFO - epoch 38, valid loss: 0.6007, valid auc: 73.47%
2023-06-22 15:23:49,485 - my_logger - INFO - epoch 39, train loss: 0.5543
2023-06-22 15:23:49,492 - my_logger - INFO - epoch 40, train loss: 0.5494
2023-06-22 15:23:49,497 - my_logger - INFO - evaluating......
2023-06-22 15:23:49,497 - my_logger - INFO - epoch 40, valid loss: 0.5856, valid auc: 74.76%
2023-06-22 15:23:49,502 - my_logger - INFO - epoch 41, train loss: 0.5458
2023-06-22 15:23:49,509 - my_logger - INFO - epoch 42, train loss: 0.5432
2023-06-22 15:23:49,514 - my_logger - INFO - evaluating......
2023-06-22 15:23:49,514 - my_logger - INFO - epoch 42, valid loss: 0.5790, valid auc: 75.68%
2023-06-22 15:23:49,518 - my_logger - INFO - epoch 43, train loss: 0.5389
2023-06-22 15:23:49,526 - my_logger - INFO - epoch 44, train loss: 0.5317
2023-06-22 15:23:49,531 - my_logger - INFO - evaluating......
2023-06-22 15:23:49,532 - my_logger - INFO - epoch 44, valid loss: 0.5715, valid auc: 75.98%
2023-06-22 15:23:49,536 - my_logger - INFO - epoch 45, train loss: 0.5224
2023-06-22 15:23:49,544 - my_logger - INFO - epoch 46, train loss: 0.5128
2023-06-22 15:23:49,549 - my_logger - INFO - evaluating......
2023-06-22 15:23:49,550 - my_logger - INFO - epoch 46, valid loss: 0.5622, valid auc: 76.48%
2023-06-22 15:23:49,557 - my_logger - INFO - epoch 47, train loss: 0.5043
2023-06-22 15:23:49,564 - my_logger - INFO - epoch 48, train loss: 0.4981
2023-06-22 15:23:49,569 - my_logger - INFO - evaluating......
2023-06-22 15:23:49,570 - my_logger - INFO - epoch 48, valid loss: 0.5655, valid auc: 76.53%
2023-06-22 15:23:49,577 - my_logger - INFO - epoch 49, train loss: 0.4945
2023-06-22 15:23:49,586 - my_logger - INFO - epoch 50, train loss: 0.4925
2023-06-22 15:23:49,592 - my_logger - INFO - evaluating......
2023-06-22 15:23:49,592 - my_logger - INFO - epoch 50, valid loss: 0.5831, valid auc: 77.24%
2023-06-22 15:23:49,601 - my_logger - INFO - epoch 51, train loss: 0.4920
2023-06-22 15:23:49,609 - my_logger - INFO - epoch 52, train loss: 0.4875
2023-06-22 15:23:49,615 - my_logger - INFO - evaluating......
2023-06-22 15:23:49,615 - my_logger - INFO - epoch 52, valid loss: 0.5876, valid auc: 77.99%
2023-06-22 15:23:49,622 - my_logger - INFO - epoch 53, train loss: 0.4809
2023-06-22 15:23:49,630 - my_logger - INFO - epoch 54, train loss: 0.4803
2023-06-22 15:23:49,635 - my_logger - INFO - evaluating......
2023-06-22 15:23:49,635 - my_logger - INFO - epoch 54, valid loss: 0.5755, valid auc: 78.47%
2023-06-22 15:23:49,643 - my_logger - INFO - epoch 55, train loss: 0.4713
2023-06-22 15:23:49,650 - my_logger - INFO - epoch 56, train loss: 0.4703
2023-06-22 15:23:49,655 - my_logger - INFO - evaluating......
2023-06-22 15:23:49,655 - my_logger - INFO - epoch 56, valid loss: 0.5596, valid auc: 78.54%
2023-06-22 15:23:49,662 - my_logger - INFO - epoch 57, train loss: 0.4658
2023-06-22 15:23:49,669 - my_logger - INFO - epoch 58, train loss: 0.4632
2023-06-22 15:23:49,674 - my_logger - INFO - evaluating......
2023-06-22 15:23:49,675 - my_logger - INFO - epoch 58, valid loss: 0.5524, valid auc: 78.70%
2023-06-22 15:23:49,682 - my_logger - INFO - epoch 59, train loss: 0.4602
2023-06-22 15:23:49,689 - my_logger - INFO - epoch 60, train loss: 0.4537
2023-06-22 15:23:49,695 - my_logger - INFO - evaluating......
2023-06-22 15:23:49,695 - my_logger - INFO - epoch 60, valid loss: 0.5513, valid auc: 79.04%
2023-06-22 15:23:49,703 - my_logger - INFO - epoch 61, train loss: 0.4514
2023-06-22 15:23:49,711 - my_logger - INFO - epoch 62, train loss: 0.4445
2023-06-22 15:23:49,716 - my_logger - INFO - evaluating......
2023-06-22 15:23:49,716 - my_logger - INFO - epoch 62, valid loss: 0.5685, valid auc: 79.11%
2023-06-22 15:23:49,725 - my_logger - INFO - epoch 63, train loss: 0.4434
2023-06-22 15:23:49,733 - my_logger - INFO - epoch 64, train loss: 0.4353
2023-06-22 15:23:49,739 - my_logger - INFO - evaluating......
2023-06-22 15:23:49,739 - my_logger - INFO - epoch 64, valid loss: 0.5773, valid auc: 79.33%
2023-06-22 15:23:49,747 - my_logger - INFO - epoch 65, train loss: 0.4311
2023-06-22 15:23:49,754 - my_logger - INFO - epoch 66, train loss: 0.4234
2023-06-22 15:23:49,760 - my_logger - INFO - evaluating......
2023-06-22 15:23:49,760 - my_logger - INFO - epoch 66, valid loss: 0.5644, valid auc: 79.77%
2023-06-22 15:23:49,767 - my_logger - INFO - epoch 67, train loss: 0.4190
2023-06-22 15:23:49,774 - my_logger - INFO - epoch 68, train loss: 0.4120
2023-06-22 15:23:49,780 - my_logger - INFO - evaluating......
2023-06-22 15:23:49,780 - my_logger - INFO - epoch 68, valid loss: 0.5572, valid auc: 80.24%
2023-06-22 15:23:49,788 - my_logger - INFO - epoch 69, train loss: 0.4036
2023-06-22 15:23:49,795 - my_logger - INFO - epoch 70, train loss: 0.3957
2023-06-22 15:23:49,801 - my_logger - INFO - evaluating......
2023-06-22 15:23:49,801 - my_logger - INFO - epoch 70, valid loss: 0.5605, valid auc: 80.95%
2023-06-22 15:23:49,808 - my_logger - INFO - epoch 71, train loss: 0.3882
2023-06-22 15:23:49,815 - my_logger - INFO - epoch 72, train loss: 0.4006
2023-06-22 15:23:49,820 - my_logger - INFO - evaluating......
2023-06-22 15:23:49,821 - my_logger - INFO - epoch 72, valid loss: 0.5521, valid auc: 82.13%
2023-06-22 15:23:49,828 - my_logger - INFO - epoch 73, train loss: 0.4624
2023-06-22 15:23:49,835 - my_logger - INFO - epoch 74, train loss: 0.3662
2023-06-22 15:23:49,840 - my_logger - INFO - evaluating......
2023-06-22 15:23:49,840 - my_logger - INFO - epoch 74, valid loss: 0.5364, valid auc: 82.71%
2023-06-22 15:23:49,848 - my_logger - INFO - epoch 75, train loss: 0.4252
2023-06-22 15:23:49,855 - my_logger - INFO - epoch 76, train loss: 0.5172
2023-06-22 15:23:49,860 - my_logger - INFO - evaluating......
2023-06-22 15:23:49,860 - my_logger - INFO - epoch 76, valid loss: 0.6974, valid auc: 78.73%
2023-06-22 15:23:49,864 - my_logger - INFO - epoch 77, train loss: 0.3703
2023-06-22 15:23:49,873 - my_logger - INFO - epoch 78, train loss: 0.3909
2023-06-22 15:23:49,878 - my_logger - INFO - evaluating......
2023-06-22 15:23:49,878 - my_logger - INFO - epoch 78, valid loss: 0.5336, valid auc: 82.89%
2023-06-22 15:23:49,886 - my_logger - INFO - epoch 79, train loss: 0.4173
2023-06-22 15:23:49,894 - my_logger - INFO - epoch 80, train loss: 0.3759
2023-06-22 15:23:49,900 - my_logger - INFO - evaluating......
2023-06-22 15:23:49,900 - my_logger - INFO - epoch 80, valid loss: 0.5055, valid auc: 84.08%
2023-06-22 15:23:49,908 - my_logger - INFO - epoch 81, train loss: 0.3648
2023-06-22 15:23:49,917 - my_logger - INFO - epoch 82, train loss: 0.3550
2023-06-22 15:23:49,923 - my_logger - INFO - evaluating......
2023-06-22 15:23:49,923 - my_logger - INFO - epoch 82, valid loss: 0.4987, valid auc: 84.19%
2023-06-22 15:23:49,930 - my_logger - INFO - epoch 83, train loss: 0.3529
2023-06-22 15:23:49,938 - my_logger - INFO - epoch 84, train loss: 0.3535
2023-06-22 15:23:49,943 - my_logger - INFO - evaluating......
2023-06-22 15:23:49,943 - my_logger - INFO - epoch 84, valid loss: 0.5300, valid auc: 84.35%
2023-06-22 15:23:49,950 - my_logger - INFO - epoch 85, train loss: 0.3456
2023-06-22 15:23:49,957 - my_logger - INFO - epoch 86, train loss: 0.3406
2023-06-22 15:23:49,963 - my_logger - INFO - evaluating......
2023-06-22 15:23:49,963 - my_logger - INFO - epoch 86, valid loss: 0.5372, valid auc: 84.81%
2023-06-22 15:23:49,970 - my_logger - INFO - epoch 87, train loss: 0.3250
2023-06-22 15:23:49,977 - my_logger - INFO - epoch 88, train loss: 0.3087
2023-06-22 15:23:49,982 - my_logger - INFO - evaluating......
2023-06-22 15:23:49,982 - my_logger - INFO - epoch 88, valid loss: 0.5131, valid auc: 85.85%
2023-06-22 15:23:49,989 - my_logger - INFO - epoch 89, train loss: 0.2993
2023-06-22 15:23:49,997 - my_logger - INFO - epoch 90, train loss: 0.2900
2023-06-22 15:23:50,002 - my_logger - INFO - evaluating......
2023-06-22 15:23:50,002 - my_logger - INFO - epoch 90, valid loss: 0.4949, valid auc: 86.73%
2023-06-22 15:23:50,009 - my_logger - INFO - epoch 91, train loss: 0.2772
2023-06-22 15:23:50,017 - my_logger - INFO - epoch 92, train loss: 0.2651
2023-06-22 15:23:50,022 - my_logger - INFO - evaluating......
2023-06-22 15:23:50,022 - my_logger - INFO - epoch 92, valid loss: 0.4960, valid auc: 87.62%
2023-06-22 15:23:50,029 - my_logger - INFO - epoch 93, train loss: 0.2610
2023-06-22 15:23:50,036 - my_logger - INFO - epoch 94, train loss: 0.2474
2023-06-22 15:23:50,041 - my_logger - INFO - evaluating......
2023-06-22 15:23:50,041 - my_logger - INFO - epoch 94, valid loss: 0.5066, valid auc: 88.39%
2023-06-22 15:23:50,048 - my_logger - INFO - epoch 95, train loss: 0.2682
2023-06-22 15:23:50,055 - my_logger - INFO - epoch 96, train loss: 0.2576
2023-06-22 15:23:50,061 - my_logger - INFO - evaluating......
2023-06-22 15:23:50,061 - my_logger - INFO - epoch 96, valid loss: 0.5584, valid auc: 88.48%
2023-06-22 15:23:50,068 - my_logger - INFO - epoch 97, train loss: 0.2347
2023-06-22 15:23:50,075 - my_logger - INFO - epoch 98, train loss: 0.2375
2023-06-22 15:23:50,080 - my_logger - INFO - evaluating......
2023-06-22 15:23:50,080 - my_logger - INFO - epoch 98, valid loss: 0.5192, valid auc: 89.17%
2023-06-22 15:23:50,087 - my_logger - INFO - epoch 99, train loss: 0.2210
2023-06-22 15:23:50,094 - my_logger - INFO - epoch 100, train loss: 0.2276
2023-06-22 15:23:50,099 - my_logger - INFO - evaluating......
2023-06-22 15:23:50,099 - my_logger - INFO - epoch 100, valid loss: 0.5187, valid auc: 89.36%
2023-06-22 15:23:50,106 - my_logger - INFO - epoch 101, train loss: 0.2023
2023-06-22 15:23:50,113 - my_logger - INFO - epoch 102, train loss: 0.2045
2023-06-22 15:23:50,119 - my_logger - INFO - evaluating......
2023-06-22 15:23:50,119 - my_logger - INFO - epoch 102, valid loss: 0.5118, valid auc: 89.91%
2023-06-22 15:23:50,126 - my_logger - INFO - epoch 103, train loss: 0.1900
2023-06-22 15:23:50,134 - my_logger - INFO - epoch 104, train loss: 0.1810
2023-06-22 15:23:50,139 - my_logger - INFO - evaluating......
2023-06-22 15:23:50,139 - my_logger - INFO - epoch 104, valid loss: 0.5084, valid auc: 90.43%
2023-06-22 15:23:50,147 - my_logger - INFO - epoch 105, train loss: 0.1840
2023-06-22 15:23:50,154 - my_logger - INFO - epoch 106, train loss: 0.1920
2023-06-22 15:23:50,160 - my_logger - INFO - evaluating......
2023-06-22 15:23:50,160 - my_logger - INFO - epoch 106, valid loss: 0.5225, valid auc: 90.59%
2023-06-22 15:23:50,168 - my_logger - INFO - epoch 107, train loss: 0.3141
2023-06-22 15:23:50,175 - my_logger - INFO - epoch 108, train loss: 0.2307
2023-06-22 15:23:50,180 - my_logger - INFO - evaluating......
2023-06-22 15:23:50,180 - my_logger - INFO - epoch 108, valid loss: 0.6108, valid auc: 89.48%
2023-06-22 15:23:50,185 - my_logger - INFO - epoch 109, train loss: 0.2307
2023-06-22 15:23:50,194 - my_logger - INFO - epoch 110, train loss: 0.2148
2023-06-22 15:23:50,201 - my_logger - INFO - evaluating......
2023-06-22 15:23:50,201 - my_logger - INFO - epoch 110, valid loss: 0.5357, valid auc: 89.31%
2023-06-22 15:23:50,207 - my_logger - INFO - epoch 111, train loss: 0.2045
2023-06-22 15:23:50,215 - my_logger - INFO - epoch 112, train loss: 0.2043
2023-06-22 15:23:50,220 - my_logger - INFO - evaluating......
2023-06-22 15:23:50,220 - my_logger - INFO - epoch 112, valid loss: 0.4709, valid auc: 89.95%
2023-06-22 15:23:50,224 - my_logger - INFO - epoch 113, train loss: 0.2023
2023-06-22 15:23:50,232 - my_logger - INFO - epoch 114, train loss: 0.2066
2023-06-22 15:23:50,237 - my_logger - INFO - evaluating......
2023-06-22 15:23:50,237 - my_logger - INFO - epoch 114, valid loss: 0.4727, valid auc: 89.71%
2023-06-22 15:23:50,242 - my_logger - INFO - epoch 115, train loss: 0.2059
2023-06-22 15:23:50,248 - my_logger - INFO - epoch 116, train loss: 0.1814
2023-06-22 15:23:50,253 - my_logger - INFO - evaluating......
2023-06-22 15:23:50,254 - my_logger - INFO - epoch 116, valid loss: 0.4771, valid auc: 90.11%
2023-06-22 15:23:50,258 - my_logger - INFO - epoch 117, train loss: 0.1717
2023-06-22 15:23:50,265 - my_logger - INFO - epoch 118, train loss: 0.1669
2023-06-22 15:23:50,270 - my_logger - INFO - evaluating......
2023-06-22 15:23:50,270 - my_logger - INFO - epoch 118, valid loss: 0.5106, valid auc: 90.37%
2023-06-22 15:23:50,275 - my_logger - INFO - epoch 119, train loss: 0.1559
2023-06-22 15:23:50,282 - my_logger - INFO - epoch 120, train loss: 0.1494
2023-06-22 15:23:50,287 - my_logger - INFO - evaluating......
2023-06-22 15:23:50,287 - my_logger - INFO - epoch 120, valid loss: 0.5576, valid auc: 90.79%
2023-06-22 15:23:50,294 - my_logger - INFO - epoch 121, train loss: 0.1376
2023-06-22 15:23:50,301 - my_logger - INFO - epoch 122, train loss: 0.1363
2023-06-22 15:23:50,306 - my_logger - INFO - evaluating......
2023-06-22 15:23:50,307 - my_logger - INFO - epoch 122, valid loss: 0.5724, valid auc: 91.22%
2023-06-22 15:23:50,313 - my_logger - INFO - epoch 123, train loss: 0.1258
2023-06-22 15:23:50,320 - my_logger - INFO - epoch 124, train loss: 0.1219
2023-06-22 15:23:50,325 - my_logger - INFO - evaluating......
2023-06-22 15:23:50,325 - my_logger - INFO - epoch 124, valid loss: 0.5894, valid auc: 91.42%
2023-06-22 15:23:50,333 - my_logger - INFO - epoch 125, train loss: 0.1178
2023-06-22 15:23:50,340 - my_logger - INFO - epoch 126, train loss: 0.1157
2023-06-22 15:23:50,345 - my_logger - INFO - evaluating......
2023-06-22 15:23:50,345 - my_logger - INFO - epoch 126, valid loss: 0.6267, valid auc: 91.53%
2023-06-22 15:23:50,352 - my_logger - INFO - epoch 127, train loss: 0.1094
2023-06-22 15:23:50,359 - my_logger - INFO - epoch 128, train loss: 0.1029
2023-06-22 15:23:50,365 - my_logger - INFO - evaluating......
2023-06-22 15:23:50,365 - my_logger - INFO - epoch 128, valid loss: 0.6293, valid auc: 91.99%
2023-06-22 15:23:50,373 - my_logger - INFO - epoch 129, train loss: 0.0985
2023-06-22 15:23:50,380 - my_logger - INFO - epoch 130, train loss: 0.0942
2023-06-22 15:23:50,386 - my_logger - INFO - evaluating......
2023-06-22 15:23:50,386 - my_logger - INFO - epoch 130, valid loss: 0.6514, valid auc: 92.09%
2023-06-22 15:23:50,393 - my_logger - INFO - epoch 131, train loss: 0.0905
2023-06-22 15:23:50,400 - my_logger - INFO - epoch 132, train loss: 0.0829
2023-06-22 15:23:50,405 - my_logger - INFO - evaluating......
2023-06-22 15:23:50,405 - my_logger - INFO - epoch 132, valid loss: 0.6546, valid auc: 92.30%
2023-06-22 15:23:50,412 - my_logger - INFO - epoch 133, train loss: 0.0799
2023-06-22 15:23:50,419 - my_logger - INFO - epoch 134, train loss: 0.0785
2023-06-22 15:23:50,424 - my_logger - INFO - evaluating......
2023-06-22 15:23:50,424 - my_logger - INFO - epoch 134, valid loss: 0.6915, valid auc: 92.25%
2023-06-22 15:23:50,428 - my_logger - INFO - epoch 135, train loss: 0.0731
2023-06-22 15:23:50,435 - my_logger - INFO - epoch 136, train loss: 0.0686
2023-06-22 15:23:50,440 - my_logger - INFO - evaluating......
2023-06-22 15:23:50,441 - my_logger - INFO - epoch 136, valid loss: 0.7103, valid auc: 92.32%
2023-06-22 15:23:50,448 - my_logger - INFO - epoch 137, train loss: 0.0669
2023-06-22 15:23:50,455 - my_logger - INFO - epoch 138, train loss: 0.0631
2023-06-22 15:23:50,460 - my_logger - INFO - evaluating......
2023-06-22 15:23:50,460 - my_logger - INFO - epoch 138, valid loss: 0.7349, valid auc: 92.40%
2023-06-22 15:23:50,467 - my_logger - INFO - epoch 139, train loss: 0.0588
2023-06-22 15:23:50,474 - my_logger - INFO - epoch 140, train loss: 0.0563
2023-06-22 15:23:50,479 - my_logger - INFO - evaluating......
2023-06-22 15:23:50,480 - my_logger - INFO - epoch 140, valid loss: 0.7763, valid auc: 92.47%
2023-06-22 15:23:50,486 - my_logger - INFO - epoch 141, train loss: 0.0530
2023-06-22 15:23:50,493 - my_logger - INFO - epoch 142, train loss: 0.0497
2023-06-22 15:23:50,498 - my_logger - INFO - evaluating......
2023-06-22 15:23:50,499 - my_logger - INFO - epoch 142, valid loss: 0.8000, valid auc: 92.60%
2023-06-22 15:23:50,506 - my_logger - INFO - epoch 143, train loss: 0.0476
2023-06-22 15:23:50,513 - my_logger - INFO - epoch 144, train loss: 0.0454
2023-06-22 15:23:50,519 - my_logger - INFO - evaluating......
2023-06-22 15:23:50,519 - my_logger - INFO - epoch 144, valid loss: 0.8469, valid auc: 92.66%
2023-06-22 15:23:50,526 - my_logger - INFO - epoch 145, train loss: 0.0417
2023-06-22 15:23:50,533 - my_logger - INFO - epoch 146, train loss: 0.0391
2023-06-22 15:23:50,538 - my_logger - INFO - evaluating......
2023-06-22 15:23:50,538 - my_logger - INFO - epoch 146, valid loss: 0.8974, valid auc: 92.71%
2023-06-22 15:23:50,545 - my_logger - INFO - epoch 147, train loss: 0.0369
2023-06-22 15:23:50,553 - my_logger - INFO - epoch 148, train loss: 0.0348
2023-06-22 15:23:50,558 - my_logger - INFO - evaluating......
2023-06-22 15:23:50,558 - my_logger - INFO - epoch 148, valid loss: 0.9533, valid auc: 92.77%
2023-06-22 15:23:50,565 - my_logger - INFO - epoch 149, train loss: 0.0330
2023-06-22 15:23:50,572 - my_logger - INFO - epoch 150, train loss: 0.0314
2023-06-22 15:23:50,577 - my_logger - INFO - evaluating......
2023-06-22 15:23:50,577 - my_logger - INFO - epoch 150, valid loss: 1.0030, valid auc: 92.86%
2023-06-22 15:23:50,584 - my_logger - INFO - epoch 151, train loss: 0.0302
2023-06-22 15:23:50,591 - my_logger - INFO - epoch 152, train loss: 0.0317
2023-06-22 15:23:50,597 - my_logger - INFO - evaluating......
2023-06-22 15:23:50,597 - my_logger - INFO - epoch 152, valid loss: 1.0755, valid auc: 92.86%
2023-06-22 15:23:50,604 - my_logger - INFO - epoch 153, train loss: 0.0364
2023-06-22 15:23:50,610 - my_logger - INFO - epoch 154, train loss: 0.0880
2023-06-22 15:23:50,616 - my_logger - INFO - evaluating......
2023-06-22 15:23:50,616 - my_logger - INFO - epoch 154, valid loss: 1.1480, valid auc: 92.86%
2023-06-22 15:23:50,620 - my_logger - INFO - epoch 155, train loss: 0.7036
2023-06-22 15:23:50,627 - my_logger - INFO - epoch 156, train loss: 1.4871
2023-06-22 15:23:50,632 - my_logger - INFO - evaluating......
2023-06-22 15:23:50,632 - my_logger - INFO - epoch 156, valid loss: 2.8954, valid auc: 89.42%
2023-06-22 15:23:50,637 - my_logger - INFO - epoch 157, train loss: 0.8001
2023-06-22 15:23:50,643 - my_logger - INFO - epoch 158, train loss: 0.4536
2023-06-22 15:23:50,649 - my_logger - INFO - evaluating......
2023-06-22 15:23:50,649 - my_logger - INFO - epoch 158, valid loss: 0.8595, valid auc: 88.46%
2023-06-22 15:23:50,654 - my_logger - INFO - epoch 159, train loss: 0.2593
2023-06-22 15:23:50,660 - my_logger - INFO - epoch 160, train loss: 0.4582
2023-06-22 15:23:50,665 - my_logger - INFO - evaluating......
2023-06-22 15:23:50,665 - my_logger - INFO - epoch 160, valid loss: 0.6133, valid auc: 84.68%
2023-06-22 15:23:50,670 - my_logger - INFO - epoch 161, train loss: 0.4252
2023-06-22 15:23:50,677 - my_logger - INFO - epoch 162, train loss: 0.3913
2023-06-22 15:23:50,682 - my_logger - INFO - evaluating......
2023-06-22 15:23:50,682 - my_logger - INFO - epoch 162, valid loss: 0.4886, valid auc: 86.01%
2023-06-22 15:23:50,686 - my_logger - INFO - epoch 163, train loss: 0.4586
2023-06-22 15:23:50,693 - my_logger - INFO - epoch 164, train loss: 0.4340
2023-06-22 15:23:50,698 - my_logger - INFO - evaluating......
2023-06-22 15:23:50,699 - my_logger - INFO - epoch 164, valid loss: 0.5144, valid auc: 84.71%
2023-06-22 15:23:50,703 - my_logger - INFO - epoch 165, train loss: 0.4042
2023-06-22 15:23:50,710 - my_logger - INFO - epoch 166, train loss: 0.4195
2023-06-22 15:23:50,715 - my_logger - INFO - evaluating......
2023-06-22 15:23:50,715 - my_logger - INFO - epoch 166, valid loss: 0.4991, valid auc: 86.54%
2023-06-22 15:23:50,719 - my_logger - INFO - epoch 167, train loss: 0.3909
2023-06-22 15:23:50,727 - my_logger - INFO - epoch 168, train loss: 0.3790
2023-06-22 15:23:50,732 - my_logger - INFO - evaluating......
2023-06-22 15:23:50,732 - my_logger - INFO - epoch 168, valid loss: 0.4833, valid auc: 86.70%
2023-06-22 15:23:50,736 - my_logger - INFO - epoch 169, train loss: 0.3248
2023-06-22 15:23:50,743 - my_logger - INFO - epoch 170, train loss: 0.3541
2023-06-22 15:23:50,748 - my_logger - INFO - evaluating......
2023-06-22 15:23:50,749 - my_logger - INFO - epoch 170, valid loss: 0.4723, valid auc: 86.16%
2023-06-22 15:23:50,753 - my_logger - INFO - epoch 171, train loss: 0.3358
2023-06-22 15:23:50,760 - my_logger - INFO - epoch 172, train loss: 0.2769
2023-06-22 15:23:50,765 - my_logger - INFO - evaluating......
2023-06-22 15:23:50,765 - my_logger - INFO - epoch 172, valid loss: 0.4520, valid auc: 88.11%
2023-06-22 15:23:50,770 - my_logger - INFO - epoch 173, train loss: 0.2839
2023-06-22 15:23:50,777 - my_logger - INFO - epoch 174, train loss: 0.2856
2023-06-22 15:23:50,782 - my_logger - INFO - evaluating......
2023-06-22 15:23:50,782 - my_logger - INFO - epoch 174, valid loss: 0.5222, valid auc: 87.23%
2023-06-22 15:23:50,786 - my_logger - INFO - epoch 175, train loss: 0.2649
2023-06-22 15:23:50,793 - my_logger - INFO - epoch 176, train loss: 0.2375
2023-06-22 15:23:50,798 - my_logger - INFO - evaluating......
2023-06-22 15:23:50,798 - my_logger - INFO - epoch 176, valid loss: 0.5047, valid auc: 88.44%
2023-06-22 15:23:50,803 - my_logger - INFO - epoch 177, train loss: 0.2345
2023-06-22 15:23:50,810 - my_logger - INFO - epoch 178, train loss: 0.2423
2023-06-22 15:23:50,815 - my_logger - INFO - evaluating......
2023-06-22 15:23:50,815 - my_logger - INFO - epoch 178, valid loss: 0.5390, valid auc: 88.17%
2023-06-22 15:23:50,820 - my_logger - INFO - epoch 179, train loss: 0.2317
2023-06-22 15:23:50,827 - my_logger - INFO - epoch 180, train loss: 0.2094
2023-06-22 15:23:50,832 - my_logger - INFO - evaluating......
2023-06-22 15:23:50,832 - my_logger - INFO - epoch 180, valid loss: 0.5297, valid auc: 89.00%
2023-06-22 15:23:50,837 - my_logger - INFO - epoch 181, train loss: 0.1981
2023-06-22 15:23:50,843 - my_logger - INFO - epoch 182, train loss: 0.1964
2023-06-22 15:23:50,849 - my_logger - INFO - evaluating......
2023-06-22 15:23:50,849 - my_logger - INFO - epoch 182, valid loss: 0.5544, valid auc: 89.05%
2023-06-22 15:23:50,853 - my_logger - INFO - epoch 183, train loss: 0.1914
2023-06-22 15:23:50,860 - my_logger - INFO - epoch 184, train loss: 0.1796
2023-06-22 15:23:50,865 - my_logger - INFO - evaluating......
2023-06-22 15:23:50,865 - my_logger - INFO - epoch 184, valid loss: 0.5522, valid auc: 89.44%
2023-06-22 15:23:50,869 - my_logger - INFO - epoch 185, train loss: 0.1701
2023-06-22 15:23:50,876 - my_logger - INFO - epoch 186, train loss: 0.1683
2023-06-22 15:23:50,881 - my_logger - INFO - evaluating......
2023-06-22 15:23:50,881 - my_logger - INFO - epoch 186, valid loss: 0.5566, valid auc: 89.81%
2023-06-22 15:23:50,885 - my_logger - INFO - epoch 187, train loss: 0.1599
2023-06-22 15:23:50,892 - my_logger - INFO - epoch 188, train loss: 0.1508
2023-06-22 15:23:50,897 - my_logger - INFO - evaluating......
2023-06-22 15:23:50,897 - my_logger - INFO - epoch 188, valid loss: 0.5559, valid auc: 90.14%
2023-06-22 15:23:50,902 - my_logger - INFO - epoch 189, train loss: 0.1473
2023-06-22 15:23:50,910 - my_logger - INFO - epoch 190, train loss: 0.1443
2023-06-22 15:23:50,916 - my_logger - INFO - evaluating......
2023-06-22 15:23:50,916 - my_logger - INFO - epoch 190, valid loss: 0.5893, valid auc: 90.24%
2023-06-22 15:23:50,921 - my_logger - INFO - epoch 191, train loss: 0.1364
2023-06-22 15:23:50,930 - my_logger - INFO - epoch 192, train loss: 0.1313
2023-06-22 15:23:50,936 - my_logger - INFO - evaluating......
2023-06-22 15:23:50,936 - my_logger - INFO - epoch 192, valid loss: 0.5955, valid auc: 90.55%
2023-06-22 15:23:50,941 - my_logger - INFO - epoch 193, train loss: 0.1281
2023-06-22 15:23:50,949 - my_logger - INFO - epoch 194, train loss: 0.1214
2023-06-22 15:23:50,955 - my_logger - INFO - evaluating......
2023-06-22 15:23:50,955 - my_logger - INFO - epoch 194, valid loss: 0.6168, valid auc: 90.71%
2023-06-22 15:23:50,960 - my_logger - INFO - epoch 195, train loss: 0.1164
2023-06-22 15:23:50,968 - my_logger - INFO - epoch 196, train loss: 0.1126
2023-06-22 15:23:50,973 - my_logger - INFO - evaluating......
2023-06-22 15:23:50,973 - my_logger - INFO - epoch 196, valid loss: 0.6414, valid auc: 90.92%
2023-06-22 15:23:50,978 - my_logger - INFO - epoch 197, train loss: 0.1066
2023-06-22 15:23:50,985 - my_logger - INFO - epoch 198, train loss: 0.1013
2023-06-22 15:23:50,990 - my_logger - INFO - evaluating......
2023-06-22 15:23:50,990 - my_logger - INFO - epoch 198, valid loss: 0.6373, valid auc: 91.17%
2023-06-22 15:23:50,994 - my_logger - INFO - epoch 199, train loss: 0.0978
2023-06-22 15:23:50,997 - my_logger - INFO - total train time used: 2.6496s
2023-06-22 15:23:50,997 - my_logger - INFO - testing......
2023-06-22 15:23:51,005 - my_logger - INFO - test auc: 93.57%
