2023-06-07 15:38:32,771 - my_logger - INFO - training......
2023-06-07 15:38:33,538 - my_logger - INFO - epoch 0, train loss: 0.6932
2023-06-07 15:38:33,549 - my_logger - INFO - evaluating......
2023-06-07 15:38:33,549 - my_logger - INFO - epoch 0, valid loss: 0.6931, valid auc: 58.92%
2023-06-07 15:38:33,562 - my_logger - INFO - epoch 1, train loss: 0.6923
2023-06-07 15:38:33,575 - my_logger - INFO - epoch 2, train loss: 0.6859
2023-06-07 15:38:33,583 - my_logger - INFO - evaluating......
2023-06-07 15:38:33,583 - my_logger - INFO - epoch 2, valid loss: 0.6892, valid auc: 61.08%
2023-06-07 15:38:33,597 - my_logger - INFO - epoch 3, train loss: 0.6633
2023-06-07 15:38:33,609 - my_logger - INFO - epoch 4, train loss: 0.6901
2023-06-07 15:38:33,618 - my_logger - INFO - evaluating......
2023-06-07 15:38:33,618 - my_logger - INFO - epoch 4, valid loss: 0.6945, valid auc: 64.15%
2023-06-07 15:38:33,632 - my_logger - INFO - epoch 5, train loss: 2.1166
2023-06-07 15:38:33,642 - my_logger - INFO - epoch 6, train loss: 0.8337
2023-06-07 15:38:33,651 - my_logger - INFO - evaluating......
2023-06-07 15:38:33,651 - my_logger - INFO - epoch 6, valid loss: 0.8191, valid auc: 62.39%
2023-06-07 15:38:33,657 - my_logger - INFO - epoch 7, train loss: 0.6433
2023-06-07 15:38:33,668 - my_logger - INFO - epoch 8, train loss: 0.6903
2023-06-07 15:38:33,677 - my_logger - INFO - evaluating......
2023-06-07 15:38:33,677 - my_logger - INFO - epoch 8, valid loss: 0.7058, valid auc: 68.46%
2023-06-07 15:38:33,692 - my_logger - INFO - epoch 9, train loss: 0.6958
2023-06-07 15:38:33,702 - my_logger - INFO - epoch 10, train loss: 0.6918
2023-06-07 15:38:33,710 - my_logger - INFO - evaluating......
2023-06-07 15:38:33,711 - my_logger - INFO - epoch 10, valid loss: 0.6926, valid auc: 63.30%
2023-06-07 15:38:33,716 - my_logger - INFO - epoch 11, train loss: 0.6967
2023-06-07 15:38:33,726 - my_logger - INFO - epoch 12, train loss: 0.7006
2023-06-07 15:38:33,736 - my_logger - INFO - evaluating......
2023-06-07 15:38:33,737 - my_logger - INFO - epoch 12, valid loss: 0.6914, valid auc: 50.97%
2023-06-07 15:38:33,744 - my_logger - INFO - epoch 13, train loss: 0.6938
2023-06-07 15:38:33,756 - my_logger - INFO - epoch 14, train loss: 0.6840
2023-06-07 15:38:33,764 - my_logger - INFO - evaluating......
2023-06-07 15:38:33,765 - my_logger - INFO - epoch 14, valid loss: 0.6896, valid auc: 69.09%
2023-06-07 15:38:33,779 - my_logger - INFO - epoch 15, train loss: 0.6843
2023-06-07 15:38:33,790 - my_logger - INFO - epoch 16, train loss: 0.6884
2023-06-07 15:38:33,798 - my_logger - INFO - evaluating......
2023-06-07 15:38:33,798 - my_logger - INFO - epoch 16, valid loss: 0.7103, valid auc: 65.51%
2023-06-07 15:38:33,804 - my_logger - INFO - epoch 17, train loss: 0.6820
2023-06-07 15:38:33,815 - my_logger - INFO - epoch 18, train loss: 0.6723
2023-06-07 15:38:33,822 - my_logger - INFO - evaluating......
2023-06-07 15:38:33,823 - my_logger - INFO - epoch 18, valid loss: 0.6863, valid auc: 67.64%
2023-06-07 15:38:33,828 - my_logger - INFO - epoch 19, train loss: 0.6680
2023-06-07 15:38:33,838 - my_logger - INFO - epoch 20, train loss: 0.6673
2023-06-07 15:38:33,846 - my_logger - INFO - evaluating......
2023-06-07 15:38:33,846 - my_logger - INFO - epoch 20, valid loss: 0.6750, valid auc: 70.83%
2023-06-07 15:38:33,860 - my_logger - INFO - epoch 21, train loss: 0.6618
2023-06-07 15:38:33,870 - my_logger - INFO - epoch 22, train loss: 0.6509
2023-06-07 15:38:33,878 - my_logger - INFO - evaluating......
2023-06-07 15:38:33,879 - my_logger - INFO - epoch 22, valid loss: 0.6673, valid auc: 70.85%
2023-06-07 15:38:33,893 - my_logger - INFO - epoch 23, train loss: 0.6435
2023-06-07 15:38:33,903 - my_logger - INFO - epoch 24, train loss: 0.6318
2023-06-07 15:38:33,911 - my_logger - INFO - evaluating......
2023-06-07 15:38:33,912 - my_logger - INFO - epoch 24, valid loss: 0.6624, valid auc: 71.07%
2023-06-07 15:38:33,926 - my_logger - INFO - epoch 25, train loss: 0.6128
2023-06-07 15:38:33,936 - my_logger - INFO - epoch 26, train loss: 0.5989
2023-06-07 15:38:33,944 - my_logger - INFO - evaluating......
2023-06-07 15:38:33,944 - my_logger - INFO - epoch 26, valid loss: 0.6352, valid auc: 71.98%
2023-06-07 15:38:33,959 - my_logger - INFO - epoch 27, train loss: 0.5734
2023-06-07 15:38:33,969 - my_logger - INFO - epoch 28, train loss: 0.5539
2023-06-07 15:38:33,977 - my_logger - INFO - evaluating......
2023-06-07 15:38:33,978 - my_logger - INFO - epoch 28, valid loss: 0.6270, valid auc: 73.00%
2023-06-07 15:38:33,991 - my_logger - INFO - epoch 29, train loss: 0.5675
2023-06-07 15:38:34,001 - my_logger - INFO - epoch 30, train loss: 0.6797
2023-06-07 15:38:34,010 - my_logger - INFO - evaluating......
2023-06-07 15:38:34,010 - my_logger - INFO - epoch 30, valid loss: 0.7299, valid auc: 74.19%
2023-06-07 15:38:34,024 - my_logger - INFO - epoch 31, train loss: 0.5608
2023-06-07 15:38:34,034 - my_logger - INFO - epoch 32, train loss: 0.5759
2023-06-07 15:38:34,042 - my_logger - INFO - evaluating......
2023-06-07 15:38:34,042 - my_logger - INFO - epoch 32, valid loss: 0.6117, valid auc: 78.08%
2023-06-07 15:38:34,055 - my_logger - INFO - epoch 33, train loss: 0.4852
2023-06-07 15:38:34,065 - my_logger - INFO - epoch 34, train loss: 0.5029
2023-06-07 15:38:34,073 - my_logger - INFO - evaluating......
2023-06-07 15:38:34,073 - my_logger - INFO - epoch 34, valid loss: 0.6097, valid auc: 79.21%
2023-06-07 15:38:34,086 - my_logger - INFO - epoch 35, train loss: 0.5032
2023-06-07 15:38:34,097 - my_logger - INFO - epoch 36, train loss: 0.4733
2023-06-07 15:38:34,105 - my_logger - INFO - evaluating......
2023-06-07 15:38:34,105 - my_logger - INFO - epoch 36, valid loss: 0.5519, valid auc: 81.48%
2023-06-07 15:38:34,118 - my_logger - INFO - epoch 37, train loss: 0.4633
2023-06-07 15:38:34,129 - my_logger - INFO - epoch 38, train loss: 0.4604
2023-06-07 15:38:34,136 - my_logger - INFO - evaluating......
2023-06-07 15:38:34,137 - my_logger - INFO - epoch 38, valid loss: 0.5240, valid auc: 82.29%
2023-06-07 15:38:34,150 - my_logger - INFO - epoch 39, train loss: 0.4562
2023-06-07 15:38:34,161 - my_logger - INFO - epoch 40, train loss: 0.4447
2023-06-07 15:38:34,168 - my_logger - INFO - evaluating......
2023-06-07 15:38:34,168 - my_logger - INFO - epoch 40, valid loss: 0.5228, valid auc: 81.78%
2023-06-07 15:38:34,174 - my_logger - INFO - epoch 41, train loss: 0.4238
2023-06-07 15:38:34,184 - my_logger - INFO - epoch 42, train loss: 0.4153
2023-06-07 15:38:34,193 - my_logger - INFO - evaluating......
2023-06-07 15:38:34,193 - my_logger - INFO - epoch 42, valid loss: 0.5377, valid auc: 83.27%
2023-06-07 15:38:34,208 - my_logger - INFO - epoch 43, train loss: 0.4069
2023-06-07 15:38:34,218 - my_logger - INFO - epoch 44, train loss: 0.3957
2023-06-07 15:38:34,227 - my_logger - INFO - evaluating......
2023-06-07 15:38:34,227 - my_logger - INFO - epoch 44, valid loss: 0.5192, valid auc: 84.50%
2023-06-07 15:38:34,241 - my_logger - INFO - epoch 45, train loss: 0.3833
2023-06-07 15:38:34,251 - my_logger - INFO - epoch 46, train loss: 0.3673
2023-06-07 15:38:34,260 - my_logger - INFO - evaluating......
2023-06-07 15:38:34,260 - my_logger - INFO - epoch 46, valid loss: 0.4869, valid auc: 85.24%
2023-06-07 15:38:34,281 - my_logger - INFO - epoch 47, train loss: 0.3652
2023-06-07 15:38:34,292 - my_logger - INFO - epoch 48, train loss: 0.3544
2023-06-07 15:38:34,299 - my_logger - INFO - evaluating......
2023-06-07 15:38:34,300 - my_logger - INFO - epoch 48, valid loss: 0.4930, valid auc: 85.28%
2023-06-07 15:38:34,313 - my_logger - INFO - epoch 49, train loss: 0.3353
2023-06-07 15:38:34,324 - my_logger - INFO - epoch 50, train loss: 0.3305
2023-06-07 15:38:34,331 - my_logger - INFO - evaluating......
2023-06-07 15:38:34,332 - my_logger - INFO - epoch 50, valid loss: 0.4851, valid auc: 86.52%
2023-06-07 15:38:34,346 - my_logger - INFO - epoch 51, train loss: 0.3190
2023-06-07 15:38:34,356 - my_logger - INFO - epoch 52, train loss: 0.3033
2023-06-07 15:38:34,363 - my_logger - INFO - evaluating......
2023-06-07 15:38:34,364 - my_logger - INFO - epoch 52, valid loss: 0.4768, valid auc: 87.49%
2023-06-07 15:38:34,377 - my_logger - INFO - epoch 53, train loss: 0.2979
2023-06-07 15:38:34,387 - my_logger - INFO - epoch 54, train loss: 0.2889
2023-06-07 15:38:34,395 - my_logger - INFO - evaluating......
2023-06-07 15:38:34,396 - my_logger - INFO - epoch 54, valid loss: 0.4668, valid auc: 88.35%
2023-06-07 15:38:34,409 - my_logger - INFO - epoch 55, train loss: 0.2759
2023-06-07 15:38:34,419 - my_logger - INFO - epoch 56, train loss: 0.2724
2023-06-07 15:38:34,427 - my_logger - INFO - evaluating......
2023-06-07 15:38:34,427 - my_logger - INFO - epoch 56, valid loss: 0.4706, valid auc: 89.06%
2023-06-07 15:38:34,441 - my_logger - INFO - epoch 57, train loss: 0.2586
2023-06-07 15:38:34,451 - my_logger - INFO - epoch 58, train loss: 0.2507
2023-06-07 15:38:34,459 - my_logger - INFO - evaluating......
2023-06-07 15:38:34,459 - my_logger - INFO - epoch 58, valid loss: 0.4517, valid auc: 89.64%
2023-06-07 15:38:34,473 - my_logger - INFO - epoch 59, train loss: 0.2408
2023-06-07 15:38:34,483 - my_logger - INFO - epoch 60, train loss: 0.2296
2023-06-07 15:38:34,490 - my_logger - INFO - evaluating......
2023-06-07 15:38:34,491 - my_logger - INFO - epoch 60, valid loss: 0.4370, valid auc: 90.32%
2023-06-07 15:38:34,504 - my_logger - INFO - epoch 61, train loss: 0.2227
2023-06-07 15:38:34,514 - my_logger - INFO - epoch 62, train loss: 0.2110
2023-06-07 15:38:34,522 - my_logger - INFO - evaluating......
2023-06-07 15:38:34,522 - my_logger - INFO - epoch 62, valid loss: 0.4319, valid auc: 90.70%
2023-06-07 15:38:34,535 - my_logger - INFO - epoch 63, train loss: 0.2049
2023-06-07 15:38:34,546 - my_logger - INFO - epoch 64, train loss: 0.1926
2023-06-07 15:38:34,553 - my_logger - INFO - evaluating......
2023-06-07 15:38:34,553 - my_logger - INFO - epoch 64, valid loss: 0.4232, valid auc: 91.23%
2023-06-07 15:38:34,567 - my_logger - INFO - epoch 65, train loss: 0.1866
2023-06-07 15:38:34,578 - my_logger - INFO - epoch 66, train loss: 0.1763
2023-06-07 15:38:34,585 - my_logger - INFO - evaluating......
2023-06-07 15:38:34,585 - my_logger - INFO - epoch 66, valid loss: 0.4161, valid auc: 91.74%
2023-06-07 15:38:34,600 - my_logger - INFO - epoch 67, train loss: 0.1707
2023-06-07 15:38:34,611 - my_logger - INFO - epoch 68, train loss: 0.1632
2023-06-07 15:38:34,618 - my_logger - INFO - evaluating......
2023-06-07 15:38:34,618 - my_logger - INFO - epoch 68, valid loss: 0.4144, valid auc: 92.16%
2023-06-07 15:38:34,634 - my_logger - INFO - epoch 69, train loss: 0.1592
2023-06-07 15:38:34,645 - my_logger - INFO - epoch 70, train loss: 0.1528
2023-06-07 15:38:34,652 - my_logger - INFO - evaluating......
2023-06-07 15:38:34,652 - my_logger - INFO - epoch 70, valid loss: 0.4115, valid auc: 92.59%
2023-06-07 15:38:34,666 - my_logger - INFO - epoch 71, train loss: 0.1414
2023-06-07 15:38:34,677 - my_logger - INFO - epoch 72, train loss: 0.1293
2023-06-07 15:38:34,684 - my_logger - INFO - evaluating......
2023-06-07 15:38:34,685 - my_logger - INFO - epoch 72, valid loss: 0.4087, valid auc: 92.93%
2023-06-07 15:38:34,698 - my_logger - INFO - epoch 73, train loss: 0.1254
2023-06-07 15:38:34,709 - my_logger - INFO - epoch 74, train loss: 0.1195
2023-06-07 15:38:34,717 - my_logger - INFO - evaluating......
2023-06-07 15:38:34,717 - my_logger - INFO - epoch 74, valid loss: 0.4143, valid auc: 93.25%
2023-06-07 15:38:34,731 - my_logger - INFO - epoch 75, train loss: 0.1166
2023-06-07 15:38:34,742 - my_logger - INFO - epoch 76, train loss: 0.1062
2023-06-07 15:38:34,750 - my_logger - INFO - evaluating......
2023-06-07 15:38:34,750 - my_logger - INFO - epoch 76, valid loss: 0.4172, valid auc: 93.52%
2023-06-07 15:38:34,764 - my_logger - INFO - epoch 77, train loss: 0.0994
2023-06-07 15:38:34,774 - my_logger - INFO - epoch 78, train loss: 0.0922
2023-06-07 15:38:34,782 - my_logger - INFO - evaluating......
2023-06-07 15:38:34,782 - my_logger - INFO - epoch 78, valid loss: 0.4203, valid auc: 93.74%
2023-06-07 15:38:34,796 - my_logger - INFO - epoch 79, train loss: 0.0892
2023-06-07 15:38:34,806 - my_logger - INFO - epoch 80, train loss: 0.0869
2023-06-07 15:38:34,813 - my_logger - INFO - evaluating......
2023-06-07 15:38:34,814 - my_logger - INFO - epoch 80, valid loss: 0.4323, valid auc: 93.90%
2023-06-07 15:38:34,827 - my_logger - INFO - epoch 81, train loss: 0.0861
2023-06-07 15:38:34,837 - my_logger - INFO - epoch 82, train loss: 0.0904
2023-06-07 15:38:34,845 - my_logger - INFO - evaluating......
2023-06-07 15:38:34,846 - my_logger - INFO - epoch 82, valid loss: 0.4555, valid auc: 94.03%
2023-06-07 15:38:34,860 - my_logger - INFO - epoch 83, train loss: 0.0794
2023-06-07 15:38:34,869 - my_logger - INFO - epoch 84, train loss: 0.0689
2023-06-07 15:38:34,878 - my_logger - INFO - evaluating......
2023-06-07 15:38:34,878 - my_logger - INFO - epoch 84, valid loss: 0.4578, valid auc: 94.13%
2023-06-07 15:38:34,892 - my_logger - INFO - epoch 85, train loss: 0.0619
2023-06-07 15:38:34,902 - my_logger - INFO - epoch 86, train loss: 0.0622
2023-06-07 15:38:34,910 - my_logger - INFO - evaluating......
2023-06-07 15:38:34,910 - my_logger - INFO - epoch 86, valid loss: 0.4610, valid auc: 94.27%
2023-06-07 15:38:34,924 - my_logger - INFO - epoch 87, train loss: 0.0625
2023-06-07 15:38:34,934 - my_logger - INFO - epoch 88, train loss: 0.0509
2023-06-07 15:38:34,942 - my_logger - INFO - evaluating......
2023-06-07 15:38:34,943 - my_logger - INFO - epoch 88, valid loss: 0.4694, valid auc: 94.37%
2023-06-07 15:38:34,956 - my_logger - INFO - epoch 89, train loss: 0.0526
2023-06-07 15:38:34,966 - my_logger - INFO - epoch 90, train loss: 0.0552
2023-06-07 15:38:34,974 - my_logger - INFO - evaluating......
2023-06-07 15:38:34,975 - my_logger - INFO - epoch 90, valid loss: 0.5013, valid auc: 94.46%
2023-06-07 15:38:34,988 - my_logger - INFO - epoch 91, train loss: 0.0437
2023-06-07 15:38:34,998 - my_logger - INFO - epoch 92, train loss: 0.0434
2023-06-07 15:38:35,006 - my_logger - INFO - evaluating......
2023-06-07 15:38:35,006 - my_logger - INFO - epoch 92, valid loss: 0.4965, valid auc: 94.50%
2023-06-07 15:38:35,020 - my_logger - INFO - epoch 93, train loss: 0.0471
2023-06-07 15:38:35,031 - my_logger - INFO - epoch 94, train loss: 0.0357
2023-06-07 15:38:35,039 - my_logger - INFO - evaluating......
2023-06-07 15:38:35,039 - my_logger - INFO - epoch 94, valid loss: 0.5113, valid auc: 94.51%
2023-06-07 15:38:35,053 - my_logger - INFO - epoch 95, train loss: 0.0380
2023-06-07 15:38:35,063 - my_logger - INFO - epoch 96, train loss: 0.0396
2023-06-07 15:38:35,071 - my_logger - INFO - evaluating......
2023-06-07 15:38:35,071 - my_logger - INFO - epoch 96, valid loss: 0.5563, valid auc: 94.59%
2023-06-07 15:38:35,085 - my_logger - INFO - epoch 97, train loss: 0.0295
2023-06-07 15:38:35,096 - my_logger - INFO - epoch 98, train loss: 0.0354
2023-06-07 15:38:35,103 - my_logger - INFO - evaluating......
2023-06-07 15:38:35,103 - my_logger - INFO - epoch 98, valid loss: 0.5447, valid auc: 94.56%
2023-06-07 15:38:35,109 - my_logger - INFO - epoch 99, train loss: 0.0328
2023-06-07 15:38:35,119 - my_logger - INFO - epoch 100, train loss: 0.0263
2023-06-07 15:38:35,127 - my_logger - INFO - evaluating......
2023-06-07 15:38:35,127 - my_logger - INFO - epoch 100, valid loss: 0.5767, valid auc: 94.61%
2023-06-07 15:38:35,141 - my_logger - INFO - epoch 101, train loss: 0.0308
2023-06-07 15:38:35,151 - my_logger - INFO - epoch 102, train loss: 0.0224
2023-06-07 15:38:35,159 - my_logger - INFO - evaluating......
2023-06-07 15:38:35,159 - my_logger - INFO - epoch 102, valid loss: 0.6040, valid auc: 94.58%
2023-06-07 15:38:35,164 - my_logger - INFO - epoch 103, train loss: 0.0247
2023-06-07 15:38:35,174 - my_logger - INFO - epoch 104, train loss: 0.0205
2023-06-07 15:38:35,182 - my_logger - INFO - evaluating......
2023-06-07 15:38:35,182 - my_logger - INFO - epoch 104, valid loss: 0.6036, valid auc: 94.59%
2023-06-07 15:38:35,187 - my_logger - INFO - epoch 105, train loss: 0.0205
2023-06-07 15:38:35,197 - my_logger - INFO - epoch 106, train loss: 0.0187
2023-06-07 15:38:35,204 - my_logger - INFO - evaluating......
2023-06-07 15:38:35,204 - my_logger - INFO - epoch 106, valid loss: 0.6538, valid auc: 94.58%
2023-06-07 15:38:35,210 - my_logger - INFO - epoch 107, train loss: 0.0176
2023-06-07 15:38:35,219 - my_logger - INFO - epoch 108, train loss: 0.0161
2023-06-07 15:38:35,227 - my_logger - INFO - evaluating......
2023-06-07 15:38:35,227 - my_logger - INFO - epoch 108, valid loss: 0.6435, valid auc: 94.58%
2023-06-07 15:38:35,232 - my_logger - INFO - epoch 109, train loss: 0.0151
2023-06-07 15:38:35,242 - my_logger - INFO - epoch 110, train loss: 0.0141
2023-06-07 15:38:35,249 - my_logger - INFO - evaluating......
2023-06-07 15:38:35,250 - my_logger - INFO - epoch 110, valid loss: 0.6973, valid auc: 94.60%
2023-06-07 15:38:35,255 - my_logger - INFO - epoch 111, train loss: 0.0134
2023-06-07 15:38:35,268 - my_logger - INFO - epoch 112, train loss: 0.0120
2023-06-07 15:38:35,287 - my_logger - INFO - evaluating......
2023-06-07 15:38:35,288 - my_logger - INFO - epoch 112, valid loss: 0.6884, valid auc: 94.56%
2023-06-07 15:38:35,301 - my_logger - INFO - epoch 113, train loss: 0.0119
2023-06-07 15:38:35,314 - my_logger - INFO - epoch 114, train loss: 0.0105
2023-06-07 15:38:35,322 - my_logger - INFO - evaluating......
2023-06-07 15:38:35,322 - my_logger - INFO - epoch 114, valid loss: 0.7364, valid auc: 94.56%
2023-06-07 15:38:35,328 - my_logger - INFO - epoch 115, train loss: 0.0108
2023-06-07 15:38:35,338 - my_logger - INFO - epoch 116, train loss: 0.0090
2023-06-07 15:38:35,345 - my_logger - INFO - evaluating......
2023-06-07 15:38:35,346 - my_logger - INFO - epoch 116, valid loss: 0.7391, valid auc: 94.55%
2023-06-07 15:38:35,351 - my_logger - INFO - epoch 117, train loss: 0.0097
2023-06-07 15:38:35,361 - my_logger - INFO - epoch 118, train loss: 0.0081
2023-06-07 15:38:35,368 - my_logger - INFO - evaluating......
2023-06-07 15:38:35,369 - my_logger - INFO - epoch 118, valid loss: 0.7689, valid auc: 94.53%
2023-06-07 15:38:35,374 - my_logger - INFO - epoch 119, train loss: 0.0085
2023-06-07 15:38:35,384 - my_logger - INFO - epoch 120, train loss: 0.0072
2023-06-07 15:38:35,391 - my_logger - INFO - evaluating......
2023-06-07 15:38:35,392 - my_logger - INFO - epoch 120, valid loss: 0.7872, valid auc: 94.54%
2023-06-07 15:38:35,397 - my_logger - INFO - epoch 121, train loss: 0.0075
2023-06-07 15:38:35,407 - my_logger - INFO - epoch 122, train loss: 0.0066
2023-06-07 15:38:35,414 - my_logger - INFO - evaluating......
2023-06-07 15:38:35,415 - my_logger - INFO - epoch 122, valid loss: 0.8020, valid auc: 94.54%
2023-06-07 15:38:35,420 - my_logger - INFO - epoch 123, train loss: 0.0065
2023-06-07 15:38:35,430 - my_logger - INFO - epoch 124, train loss: 0.0062
2023-06-07 15:38:35,437 - my_logger - INFO - evaluating......
2023-06-07 15:38:35,437 - my_logger - INFO - epoch 124, valid loss: 0.8300, valid auc: 94.52%
2023-06-07 15:38:35,443 - my_logger - INFO - epoch 125, train loss: 0.0056
2023-06-07 15:38:35,453 - my_logger - INFO - epoch 126, train loss: 0.0057
2023-06-07 15:38:35,460 - my_logger - INFO - evaluating......
2023-06-07 15:38:35,460 - my_logger - INFO - epoch 126, valid loss: 0.8299, valid auc: 94.52%
2023-06-07 15:38:35,466 - my_logger - INFO - epoch 127, train loss: 0.0051
2023-06-07 15:38:35,476 - my_logger - INFO - epoch 128, train loss: 0.0051
2023-06-07 15:38:35,483 - my_logger - INFO - evaluating......
2023-06-07 15:38:35,484 - my_logger - INFO - epoch 128, valid loss: 0.8701, valid auc: 94.53%
2023-06-07 15:38:35,489 - my_logger - INFO - epoch 129, train loss: 0.0047
2023-06-07 15:38:35,499 - my_logger - INFO - epoch 130, train loss: 0.0045
2023-06-07 15:38:35,508 - my_logger - INFO - evaluating......
2023-06-07 15:38:35,508 - my_logger - INFO - epoch 130, valid loss: 0.8674, valid auc: 94.51%
2023-06-07 15:38:35,514 - my_logger - INFO - epoch 131, train loss: 0.0044
2023-06-07 15:38:35,525 - my_logger - INFO - epoch 132, train loss: 0.0040
2023-06-07 15:38:35,533 - my_logger - INFO - evaluating......
2023-06-07 15:38:35,533 - my_logger - INFO - epoch 132, valid loss: 0.8912, valid auc: 94.50%
2023-06-07 15:38:35,538 - my_logger - INFO - epoch 133, train loss: 0.0040
2023-06-07 15:38:35,549 - my_logger - INFO - epoch 134, train loss: 0.0037
2023-06-07 15:38:35,557 - my_logger - INFO - evaluating......
2023-06-07 15:38:35,557 - my_logger - INFO - epoch 134, valid loss: 0.9071, valid auc: 94.49%
2023-06-07 15:38:35,563 - my_logger - INFO - epoch 135, train loss: 0.0036
2023-06-07 15:38:35,574 - my_logger - INFO - epoch 136, train loss: 0.0035
2023-06-07 15:38:35,581 - my_logger - INFO - evaluating......
2023-06-07 15:38:35,581 - my_logger - INFO - epoch 136, valid loss: 0.9137, valid auc: 94.49%
2023-06-07 15:38:35,587 - my_logger - INFO - epoch 137, train loss: 0.0032
2023-06-07 15:38:35,598 - my_logger - INFO - epoch 138, train loss: 0.0032
2023-06-07 15:38:35,606 - my_logger - INFO - evaluating......
2023-06-07 15:38:35,607 - my_logger - INFO - epoch 138, valid loss: 0.9407, valid auc: 94.49%
2023-06-07 15:38:35,612 - my_logger - INFO - epoch 139, train loss: 0.0030
2023-06-07 15:38:35,623 - my_logger - INFO - epoch 140, train loss: 0.0029
2023-06-07 15:38:35,631 - my_logger - INFO - evaluating......
2023-06-07 15:38:35,631 - my_logger - INFO - epoch 140, valid loss: 0.9423, valid auc: 94.49%
2023-06-07 15:38:35,636 - my_logger - INFO - epoch 141, train loss: 0.0028
2023-06-07 15:38:35,648 - my_logger - INFO - epoch 142, train loss: 0.0026
2023-06-07 15:38:35,655 - my_logger - INFO - evaluating......
2023-06-07 15:38:35,656 - my_logger - INFO - epoch 142, valid loss: 0.9575, valid auc: 94.49%
2023-06-07 15:38:35,662 - my_logger - INFO - epoch 143, train loss: 0.0025
2023-06-07 15:38:35,672 - my_logger - INFO - epoch 144, train loss: 0.0024
2023-06-07 15:38:35,680 - my_logger - INFO - evaluating......
2023-06-07 15:38:35,680 - my_logger - INFO - epoch 144, valid loss: 0.9767, valid auc: 94.50%
2023-06-07 15:38:35,685 - my_logger - INFO - epoch 145, train loss: 0.0023
2023-06-07 15:38:35,696 - my_logger - INFO - epoch 146, train loss: 0.0022
2023-06-07 15:38:35,704 - my_logger - INFO - evaluating......
2023-06-07 15:38:35,704 - my_logger - INFO - epoch 146, valid loss: 0.9791, valid auc: 94.49%
2023-06-07 15:38:35,709 - my_logger - INFO - epoch 147, train loss: 0.0021
2023-06-07 15:38:35,719 - my_logger - INFO - epoch 148, train loss: 0.0020
2023-06-07 15:38:35,727 - my_logger - INFO - evaluating......
2023-06-07 15:38:35,727 - my_logger - INFO - epoch 148, valid loss: 0.9956, valid auc: 94.50%
2023-06-07 15:38:35,732 - my_logger - INFO - epoch 149, train loss: 0.0020
2023-06-07 15:38:35,742 - my_logger - INFO - epoch 150, train loss: 0.0019
2023-06-07 15:38:35,749 - my_logger - INFO - evaluating......
2023-06-07 15:38:35,749 - my_logger - INFO - epoch 150, valid loss: 1.0075, valid auc: 94.50%
2023-06-07 15:38:35,754 - my_logger - INFO - epoch 151, train loss: 0.0018
2023-06-07 15:38:35,764 - my_logger - INFO - epoch 152, train loss: 0.0017
2023-06-07 15:38:35,771 - my_logger - INFO - evaluating......
2023-06-07 15:38:35,772 - my_logger - INFO - epoch 152, valid loss: 1.0115, valid auc: 94.50%
2023-06-07 15:38:35,777 - my_logger - INFO - epoch 153, train loss: 0.0016
2023-06-07 15:38:35,786 - my_logger - INFO - epoch 154, train loss: 0.0016
2023-06-07 15:38:35,794 - my_logger - INFO - evaluating......
2023-06-07 15:38:35,795 - my_logger - INFO - epoch 154, valid loss: 1.0274, valid auc: 94.50%
2023-06-07 15:38:35,800 - my_logger - INFO - epoch 155, train loss: 0.0015
2023-06-07 15:38:35,810 - my_logger - INFO - epoch 156, train loss: 0.0014
2023-06-07 15:38:35,817 - my_logger - INFO - evaluating......
2023-06-07 15:38:35,818 - my_logger - INFO - epoch 156, valid loss: 1.0379, valid auc: 94.49%
2023-06-07 15:38:35,823 - my_logger - INFO - epoch 157, train loss: 0.0014
2023-06-07 15:38:35,833 - my_logger - INFO - epoch 158, train loss: 0.0013
2023-06-07 15:38:35,840 - my_logger - INFO - evaluating......
2023-06-07 15:38:35,841 - my_logger - INFO - epoch 158, valid loss: 1.0426, valid auc: 94.49%
2023-06-07 15:38:35,846 - my_logger - INFO - epoch 159, train loss: 0.0012
2023-06-07 15:38:35,856 - my_logger - INFO - epoch 160, train loss: 0.0012
2023-06-07 15:38:35,863 - my_logger - INFO - evaluating......
2023-06-07 15:38:35,863 - my_logger - INFO - epoch 160, valid loss: 1.0560, valid auc: 94.49%
2023-06-07 15:38:35,868 - my_logger - INFO - epoch 161, train loss: 0.0011
2023-06-07 15:38:35,879 - my_logger - INFO - epoch 162, train loss: 0.0011
2023-06-07 15:38:35,886 - my_logger - INFO - evaluating......
2023-06-07 15:38:35,887 - my_logger - INFO - epoch 162, valid loss: 1.0661, valid auc: 94.49%
2023-06-07 15:38:35,892 - my_logger - INFO - epoch 163, train loss: 0.0010
2023-06-07 15:38:35,902 - my_logger - INFO - epoch 164, train loss: 0.0010
2023-06-07 15:38:35,911 - my_logger - INFO - evaluating......
2023-06-07 15:38:35,911 - my_logger - INFO - epoch 164, valid loss: 1.0717, valid auc: 94.48%
2023-06-07 15:38:35,916 - my_logger - INFO - epoch 165, train loss: 0.0010
2023-06-07 15:38:35,926 - my_logger - INFO - epoch 166, train loss: 0.0009
2023-06-07 15:38:35,934 - my_logger - INFO - evaluating......
2023-06-07 15:38:35,934 - my_logger - INFO - epoch 166, valid loss: 1.0830, valid auc: 94.48%
2023-06-07 15:38:35,939 - my_logger - INFO - epoch 167, train loss: 0.0009
2023-06-07 15:38:35,949 - my_logger - INFO - epoch 168, train loss: 0.0008
2023-06-07 15:38:35,956 - my_logger - INFO - evaluating......
2023-06-07 15:38:35,956 - my_logger - INFO - epoch 168, valid loss: 1.0926, valid auc: 94.48%
2023-06-07 15:38:35,961 - my_logger - INFO - epoch 169, train loss: 0.0008
2023-06-07 15:38:35,971 - my_logger - INFO - epoch 170, train loss: 0.0008
2023-06-07 15:38:35,979 - my_logger - INFO - evaluating......
2023-06-07 15:38:35,979 - my_logger - INFO - epoch 170, valid loss: 1.0975, valid auc: 94.48%
2023-06-07 15:38:35,984 - my_logger - INFO - epoch 171, train loss: 0.0008
2023-06-07 15:38:35,995 - my_logger - INFO - epoch 172, train loss: 0.0007
2023-06-07 15:38:36,002 - my_logger - INFO - evaluating......
2023-06-07 15:38:36,002 - my_logger - INFO - epoch 172, valid loss: 1.1059, valid auc: 94.48%
2023-06-07 15:38:36,008 - my_logger - INFO - epoch 173, train loss: 0.0007
2023-06-07 15:38:36,018 - my_logger - INFO - epoch 174, train loss: 0.0007
2023-06-07 15:38:36,026 - my_logger - INFO - evaluating......
2023-06-07 15:38:36,027 - my_logger - INFO - epoch 174, valid loss: 1.1156, valid auc: 94.48%
2023-06-07 15:38:36,031 - my_logger - INFO - epoch 175, train loss: 0.0007
2023-06-07 15:38:36,042 - my_logger - INFO - epoch 176, train loss: 0.0006
2023-06-07 15:38:36,049 - my_logger - INFO - evaluating......
2023-06-07 15:38:36,049 - my_logger - INFO - epoch 176, valid loss: 1.1218, valid auc: 94.48%
2023-06-07 15:38:36,055 - my_logger - INFO - epoch 177, train loss: 0.0006
2023-06-07 15:38:36,064 - my_logger - INFO - epoch 178, train loss: 0.0006
2023-06-07 15:38:36,072 - my_logger - INFO - evaluating......
2023-06-07 15:38:36,072 - my_logger - INFO - epoch 178, valid loss: 1.1282, valid auc: 94.49%
2023-06-07 15:38:36,077 - my_logger - INFO - epoch 179, train loss: 0.0006
2023-06-07 15:38:36,087 - my_logger - INFO - epoch 180, train loss: 0.0006
2023-06-07 15:38:36,096 - my_logger - INFO - evaluating......
2023-06-07 15:38:36,096 - my_logger - INFO - epoch 180, valid loss: 1.1365, valid auc: 94.49%
2023-06-07 15:38:36,101 - my_logger - INFO - epoch 181, train loss: 0.0005
2023-06-07 15:38:36,111 - my_logger - INFO - epoch 182, train loss: 0.0005
2023-06-07 15:38:36,119 - my_logger - INFO - evaluating......
2023-06-07 15:38:36,119 - my_logger - INFO - epoch 182, valid loss: 1.1430, valid auc: 94.49%
2023-06-07 15:38:36,124 - my_logger - INFO - epoch 183, train loss: 0.0005
2023-06-07 15:38:36,134 - my_logger - INFO - epoch 184, train loss: 0.0005
2023-06-07 15:38:36,142 - my_logger - INFO - evaluating......
2023-06-07 15:38:36,142 - my_logger - INFO - epoch 184, valid loss: 1.1482, valid auc: 94.49%
2023-06-07 15:38:36,147 - my_logger - INFO - epoch 185, train loss: 0.0005
2023-06-07 15:38:36,158 - my_logger - INFO - epoch 186, train loss: 0.0005
2023-06-07 15:38:36,165 - my_logger - INFO - evaluating......
2023-06-07 15:38:36,165 - my_logger - INFO - epoch 186, valid loss: 1.1550, valid auc: 94.49%
2023-06-07 15:38:36,170 - my_logger - INFO - epoch 187, train loss: 0.0005
2023-06-07 15:38:36,181 - my_logger - INFO - epoch 188, train loss: 0.0004
2023-06-07 15:38:36,188 - my_logger - INFO - evaluating......
2023-06-07 15:38:36,188 - my_logger - INFO - epoch 188, valid loss: 1.1623, valid auc: 94.49%
2023-06-07 15:38:36,194 - my_logger - INFO - epoch 189, train loss: 0.0004
2023-06-07 15:38:36,203 - my_logger - INFO - epoch 190, train loss: 0.0004
2023-06-07 15:38:36,211 - my_logger - INFO - evaluating......
2023-06-07 15:38:36,211 - my_logger - INFO - epoch 190, valid loss: 1.1678, valid auc: 94.49%
2023-06-07 15:38:36,216 - my_logger - INFO - epoch 191, train loss: 0.0004
2023-06-07 15:38:36,226 - my_logger - INFO - epoch 192, train loss: 0.0004
2023-06-07 15:38:36,234 - my_logger - INFO - evaluating......
2023-06-07 15:38:36,234 - my_logger - INFO - epoch 192, valid loss: 1.1728, valid auc: 94.49%
2023-06-07 15:38:36,239 - my_logger - INFO - epoch 193, train loss: 0.0004
2023-06-07 15:38:36,249 - my_logger - INFO - epoch 194, train loss: 0.0004
2023-06-07 15:38:36,256 - my_logger - INFO - evaluating......
2023-06-07 15:38:36,257 - my_logger - INFO - epoch 194, valid loss: 1.1788, valid auc: 94.49%
2023-06-07 15:38:36,262 - my_logger - INFO - epoch 195, train loss: 0.0004
2023-06-07 15:38:36,275 - my_logger - INFO - epoch 196, train loss: 0.0004
2023-06-07 15:38:36,288 - my_logger - INFO - evaluating......
2023-06-07 15:38:36,289 - my_logger - INFO - epoch 196, valid loss: 1.1848, valid auc: 94.48%
2023-06-07 15:38:36,297 - my_logger - INFO - epoch 197, train loss: 0.0004
2023-06-07 15:38:36,309 - my_logger - INFO - epoch 198, train loss: 0.0003
2023-06-07 15:38:36,316 - my_logger - INFO - evaluating......
2023-06-07 15:38:36,316 - my_logger - INFO - epoch 198, valid loss: 1.1898, valid auc: 94.48%
2023-06-07 15:38:36,321 - my_logger - INFO - epoch 199, train loss: 0.0003
2023-06-07 15:38:36,323 - my_logger - INFO - total train time used: 3.5522s
2023-06-07 15:38:36,323 - my_logger - INFO - testing......
2023-06-07 15:38:36,334 - my_logger - INFO - test auc: 93.83%
