2023-06-07 15:37:35,320 - my_logger - INFO - training......
2023-06-07 15:37:36,068 - my_logger - INFO - epoch 0, train loss: 0.6932
2023-06-07 15:37:36,076 - my_logger - INFO - evaluating......
2023-06-07 15:37:36,077 - my_logger - INFO - epoch 0, valid loss: 0.6931, valid auc: 52.97%
2023-06-07 15:37:36,083 - my_logger - INFO - epoch 1, train loss: 0.6928
2023-06-07 15:37:36,088 - my_logger - INFO - epoch 2, train loss: 0.6914
2023-06-07 15:37:36,092 - my_logger - INFO - evaluating......
2023-06-07 15:37:36,092 - my_logger - INFO - epoch 2, valid loss: 0.6918, valid auc: 63.59%
2023-06-07 15:37:36,098 - my_logger - INFO - epoch 3, train loss: 0.6875
2023-06-07 15:37:36,103 - my_logger - INFO - epoch 4, train loss: 0.6788
2023-06-07 15:37:36,107 - my_logger - INFO - evaluating......
2023-06-07 15:37:36,108 - my_logger - INFO - epoch 4, valid loss: 0.6833, valid auc: 62.81%
2023-06-07 15:37:36,111 - my_logger - INFO - epoch 5, train loss: 0.6630
2023-06-07 15:37:36,115 - my_logger - INFO - epoch 6, train loss: 0.6421
2023-06-07 15:37:36,119 - my_logger - INFO - evaluating......
2023-06-07 15:37:36,120 - my_logger - INFO - epoch 6, valid loss: 0.6685, valid auc: 63.10%
2023-06-07 15:37:36,123 - my_logger - INFO - epoch 7, train loss: 0.6249
2023-06-07 15:37:36,127 - my_logger - INFO - epoch 8, train loss: 0.6880
2023-06-07 15:37:36,131 - my_logger - INFO - evaluating......
2023-06-07 15:37:36,131 - my_logger - INFO - epoch 8, valid loss: 0.7085, valid auc: 68.76%
2023-06-07 15:37:36,137 - my_logger - INFO - epoch 9, train loss: 0.6808
2023-06-07 15:37:36,142 - my_logger - INFO - epoch 10, train loss: 0.6237
2023-06-07 15:37:36,146 - my_logger - INFO - evaluating......
2023-06-07 15:37:36,146 - my_logger - INFO - epoch 10, valid loss: 0.6655, valid auc: 68.68%
2023-06-07 15:37:36,150 - my_logger - INFO - epoch 11, train loss: 0.5820
2023-06-07 15:37:36,155 - my_logger - INFO - epoch 12, train loss: 0.6026
2023-06-07 15:37:36,159 - my_logger - INFO - evaluating......
2023-06-07 15:37:36,159 - my_logger - INFO - epoch 12, valid loss: 0.6305, valid auc: 75.78%
2023-06-07 15:37:36,165 - my_logger - INFO - epoch 13, train loss: 0.6090
2023-06-07 15:37:36,170 - my_logger - INFO - epoch 14, train loss: 0.5965
2023-06-07 15:37:36,174 - my_logger - INFO - evaluating......
2023-06-07 15:37:36,174 - my_logger - INFO - epoch 14, valid loss: 0.6174, valid auc: 75.75%
2023-06-07 15:37:36,177 - my_logger - INFO - epoch 15, train loss: 0.5710
2023-06-07 15:37:36,182 - my_logger - INFO - epoch 16, train loss: 0.5426
2023-06-07 15:37:36,186 - my_logger - INFO - evaluating......
2023-06-07 15:37:36,186 - my_logger - INFO - epoch 16, valid loss: 0.5742, valid auc: 79.91%
2023-06-07 15:37:36,192 - my_logger - INFO - epoch 17, train loss: 0.5321
2023-06-07 15:37:36,197 - my_logger - INFO - epoch 18, train loss: 0.5353
2023-06-07 15:37:36,201 - my_logger - INFO - evaluating......
2023-06-07 15:37:36,201 - my_logger - INFO - epoch 18, valid loss: 0.5848, valid auc: 77.82%
2023-06-07 15:37:36,204 - my_logger - INFO - epoch 19, train loss: 0.5117
2023-06-07 15:37:36,209 - my_logger - INFO - epoch 20, train loss: 0.4800
2023-06-07 15:37:36,213 - my_logger - INFO - evaluating......
2023-06-07 15:37:36,213 - my_logger - INFO - epoch 20, valid loss: 0.5332, valid auc: 80.64%
2023-06-07 15:37:36,218 - my_logger - INFO - epoch 21, train loss: 0.4778
2023-06-07 15:37:36,222 - my_logger - INFO - epoch 22, train loss: 0.4708
2023-06-07 15:37:36,226 - my_logger - INFO - evaluating......
2023-06-07 15:37:36,227 - my_logger - INFO - epoch 22, valid loss: 0.5372, valid auc: 81.90%
2023-06-07 15:37:36,232 - my_logger - INFO - epoch 23, train loss: 0.4437
2023-06-07 15:37:36,236 - my_logger - INFO - epoch 24, train loss: 0.4274
2023-06-07 15:37:36,240 - my_logger - INFO - evaluating......
2023-06-07 15:37:36,240 - my_logger - INFO - epoch 24, valid loss: 0.5118, valid auc: 82.66%
2023-06-07 15:37:36,245 - my_logger - INFO - epoch 25, train loss: 0.4162
2023-06-07 15:37:36,249 - my_logger - INFO - epoch 26, train loss: 0.3925
2023-06-07 15:37:36,253 - my_logger - INFO - evaluating......
2023-06-07 15:37:36,253 - my_logger - INFO - epoch 26, valid loss: 0.4848, valid auc: 84.54%
2023-06-07 15:37:36,259 - my_logger - INFO - epoch 27, train loss: 0.3771
2023-06-07 15:37:36,263 - my_logger - INFO - epoch 28, train loss: 0.3702
2023-06-07 15:37:36,267 - my_logger - INFO - evaluating......
2023-06-07 15:37:36,267 - my_logger - INFO - epoch 28, valid loss: 0.4677, valid auc: 86.28%
2023-06-07 15:37:36,272 - my_logger - INFO - epoch 29, train loss: 0.3624
2023-06-07 15:37:36,277 - my_logger - INFO - epoch 30, train loss: 0.3547
2023-06-07 15:37:36,281 - my_logger - INFO - evaluating......
2023-06-07 15:37:36,281 - my_logger - INFO - epoch 30, valid loss: 0.4572, valid auc: 87.13%
2023-06-07 15:37:36,286 - my_logger - INFO - epoch 31, train loss: 0.3471
2023-06-07 15:37:36,291 - my_logger - INFO - epoch 32, train loss: 0.3379
2023-06-07 15:37:36,295 - my_logger - INFO - evaluating......
2023-06-07 15:37:36,295 - my_logger - INFO - epoch 32, valid loss: 0.4570, valid auc: 87.28%
2023-06-07 15:37:36,300 - my_logger - INFO - epoch 33, train loss: 0.3210
2023-06-07 15:37:36,304 - my_logger - INFO - epoch 34, train loss: 0.3093
2023-06-07 15:37:36,308 - my_logger - INFO - evaluating......
2023-06-07 15:37:36,308 - my_logger - INFO - epoch 34, valid loss: 0.4487, valid auc: 88.39%
2023-06-07 15:37:36,314 - my_logger - INFO - epoch 35, train loss: 0.2966
2023-06-07 15:37:36,318 - my_logger - INFO - epoch 36, train loss: 0.2833
2023-06-07 15:37:36,321 - my_logger - INFO - evaluating......
2023-06-07 15:37:36,322 - my_logger - INFO - epoch 36, valid loss: 0.4307, valid auc: 89.17%
2023-06-07 15:37:36,328 - my_logger - INFO - epoch 37, train loss: 0.2798
2023-06-07 15:37:36,332 - my_logger - INFO - epoch 38, train loss: 0.2677
2023-06-07 15:37:36,336 - my_logger - INFO - evaluating......
2023-06-07 15:37:36,336 - my_logger - INFO - epoch 38, valid loss: 0.4265, valid auc: 89.63%
2023-06-07 15:37:36,342 - my_logger - INFO - epoch 39, train loss: 0.2593
2023-06-07 15:37:36,346 - my_logger - INFO - epoch 40, train loss: 0.2503
2023-06-07 15:37:36,350 - my_logger - INFO - evaluating......
2023-06-07 15:37:36,350 - my_logger - INFO - epoch 40, valid loss: 0.4165, valid auc: 90.21%
2023-06-07 15:37:36,355 - my_logger - INFO - epoch 41, train loss: 0.2369
2023-06-07 15:37:36,360 - my_logger - INFO - epoch 42, train loss: 0.2304
2023-06-07 15:37:36,364 - my_logger - INFO - evaluating......
2023-06-07 15:37:36,364 - my_logger - INFO - epoch 42, valid loss: 0.3961, valid auc: 91.16%
2023-06-07 15:37:36,369 - my_logger - INFO - epoch 43, train loss: 0.2218
2023-06-07 15:37:36,374 - my_logger - INFO - epoch 44, train loss: 0.2134
2023-06-07 15:37:36,378 - my_logger - INFO - evaluating......
2023-06-07 15:37:36,378 - my_logger - INFO - epoch 44, valid loss: 0.3873, valid auc: 91.71%
2023-06-07 15:37:36,383 - my_logger - INFO - epoch 45, train loss: 0.2060
2023-06-07 15:37:36,388 - my_logger - INFO - epoch 46, train loss: 0.1952
2023-06-07 15:37:36,392 - my_logger - INFO - evaluating......
2023-06-07 15:37:36,392 - my_logger - INFO - epoch 46, valid loss: 0.3821, valid auc: 92.18%
2023-06-07 15:37:36,398 - my_logger - INFO - epoch 47, train loss: 0.1882
2023-06-07 15:37:36,403 - my_logger - INFO - epoch 48, train loss: 0.1788
2023-06-07 15:37:36,407 - my_logger - INFO - evaluating......
2023-06-07 15:37:36,407 - my_logger - INFO - epoch 48, valid loss: 0.3820, valid auc: 92.51%
2023-06-07 15:37:36,413 - my_logger - INFO - epoch 49, train loss: 0.1732
2023-06-07 15:37:36,418 - my_logger - INFO - epoch 50, train loss: 0.1662
2023-06-07 15:37:36,422 - my_logger - INFO - evaluating......
2023-06-07 15:37:36,422 - my_logger - INFO - epoch 50, valid loss: 0.3853, valid auc: 92.68%
2023-06-07 15:37:36,427 - my_logger - INFO - epoch 51, train loss: 0.1578
2023-06-07 15:37:36,432 - my_logger - INFO - epoch 52, train loss: 0.1500
2023-06-07 15:37:36,436 - my_logger - INFO - evaluating......
2023-06-07 15:37:36,436 - my_logger - INFO - epoch 52, valid loss: 0.3831, valid auc: 93.07%
2023-06-07 15:37:36,441 - my_logger - INFO - epoch 53, train loss: 0.1431
2023-06-07 15:37:36,445 - my_logger - INFO - epoch 54, train loss: 0.1385
2023-06-07 15:37:36,449 - my_logger - INFO - evaluating......
2023-06-07 15:37:36,449 - my_logger - INFO - epoch 54, valid loss: 0.3834, valid auc: 93.28%
2023-06-07 15:37:36,455 - my_logger - INFO - epoch 55, train loss: 0.1326
2023-06-07 15:37:36,459 - my_logger - INFO - epoch 56, train loss: 0.1285
2023-06-07 15:37:36,463 - my_logger - INFO - evaluating......
2023-06-07 15:37:36,463 - my_logger - INFO - epoch 56, valid loss: 0.3904, valid auc: 93.49%
2023-06-07 15:37:36,469 - my_logger - INFO - epoch 57, train loss: 0.1260
2023-06-07 15:37:36,473 - my_logger - INFO - epoch 58, train loss: 0.1226
2023-06-07 15:37:36,477 - my_logger - INFO - evaluating......
2023-06-07 15:37:36,477 - my_logger - INFO - epoch 58, valid loss: 0.3962, valid auc: 93.70%
2023-06-07 15:37:36,482 - my_logger - INFO - epoch 59, train loss: 0.1192
2023-06-07 15:37:36,487 - my_logger - INFO - epoch 60, train loss: 0.1057
2023-06-07 15:37:36,491 - my_logger - INFO - evaluating......
2023-06-07 15:37:36,491 - my_logger - INFO - epoch 60, valid loss: 0.3987, valid auc: 93.83%
2023-06-07 15:37:36,496 - my_logger - INFO - epoch 61, train loss: 0.0972
2023-06-07 15:37:36,501 - my_logger - INFO - epoch 62, train loss: 0.0972
2023-06-07 15:37:36,505 - my_logger - INFO - evaluating......
2023-06-07 15:37:36,505 - my_logger - INFO - epoch 62, valid loss: 0.4010, valid auc: 93.96%
2023-06-07 15:37:36,510 - my_logger - INFO - epoch 63, train loss: 0.0946
2023-06-07 15:37:36,515 - my_logger - INFO - epoch 64, train loss: 0.0898
2023-06-07 15:37:36,519 - my_logger - INFO - evaluating......
2023-06-07 15:37:36,519 - my_logger - INFO - epoch 64, valid loss: 0.4133, valid auc: 94.09%
2023-06-07 15:37:36,524 - my_logger - INFO - epoch 65, train loss: 0.0801
2023-06-07 15:37:36,529 - my_logger - INFO - epoch 66, train loss: 0.0763
2023-06-07 15:37:36,532 - my_logger - INFO - evaluating......
2023-06-07 15:37:36,532 - my_logger - INFO - epoch 66, valid loss: 0.4122, valid auc: 94.20%
2023-06-07 15:37:36,538 - my_logger - INFO - epoch 67, train loss: 0.0765
2023-06-07 15:37:36,542 - my_logger - INFO - epoch 68, train loss: 0.0717
2023-06-07 15:37:36,546 - my_logger - INFO - evaluating......
2023-06-07 15:37:36,546 - my_logger - INFO - epoch 68, valid loss: 0.4219, valid auc: 94.28%
2023-06-07 15:37:36,551 - my_logger - INFO - epoch 69, train loss: 0.0655
2023-06-07 15:37:36,555 - my_logger - INFO - epoch 70, train loss: 0.0606
2023-06-07 15:37:36,559 - my_logger - INFO - evaluating......
2023-06-07 15:37:36,560 - my_logger - INFO - epoch 70, valid loss: 0.4320, valid auc: 94.32%
2023-06-07 15:37:36,565 - my_logger - INFO - epoch 71, train loss: 0.0587
2023-06-07 15:37:36,569 - my_logger - INFO - epoch 72, train loss: 0.0579
2023-06-07 15:37:36,573 - my_logger - INFO - evaluating......
2023-06-07 15:37:36,573 - my_logger - INFO - epoch 72, valid loss: 0.4507, valid auc: 94.43%
2023-06-07 15:37:36,579 - my_logger - INFO - epoch 73, train loss: 0.0531
2023-06-07 15:37:36,584 - my_logger - INFO - epoch 74, train loss: 0.0484
2023-06-07 15:37:36,587 - my_logger - INFO - evaluating......
2023-06-07 15:37:36,588 - my_logger - INFO - epoch 74, valid loss: 0.4567, valid auc: 94.52%
2023-06-07 15:37:36,593 - my_logger - INFO - epoch 75, train loss: 0.0452
2023-06-07 15:37:36,598 - my_logger - INFO - epoch 76, train loss: 0.0437
2023-06-07 15:37:36,602 - my_logger - INFO - evaluating......
2023-06-07 15:37:36,602 - my_logger - INFO - epoch 76, valid loss: 0.4626, valid auc: 94.65%
2023-06-07 15:37:36,607 - my_logger - INFO - epoch 77, train loss: 0.0425
2023-06-07 15:37:36,612 - my_logger - INFO - epoch 78, train loss: 0.0393
2023-06-07 15:37:36,615 - my_logger - INFO - evaluating......
2023-06-07 15:37:36,616 - my_logger - INFO - epoch 78, valid loss: 0.4774, valid auc: 94.72%
2023-06-07 15:37:36,621 - my_logger - INFO - epoch 79, train loss: 0.0360
2023-06-07 15:37:36,626 - my_logger - INFO - epoch 80, train loss: 0.0326
2023-06-07 15:37:36,630 - my_logger - INFO - evaluating......
2023-06-07 15:37:36,630 - my_logger - INFO - epoch 80, valid loss: 0.4935, valid auc: 94.78%
2023-06-07 15:37:36,635 - my_logger - INFO - epoch 81, train loss: 0.0311
2023-06-07 15:37:36,640 - my_logger - INFO - epoch 82, train loss: 0.0300
2023-06-07 15:37:36,643 - my_logger - INFO - evaluating......
2023-06-07 15:37:36,644 - my_logger - INFO - epoch 82, valid loss: 0.5196, valid auc: 94.79%
2023-06-07 15:37:36,650 - my_logger - INFO - epoch 83, train loss: 0.0283
2023-06-07 15:37:36,655 - my_logger - INFO - epoch 84, train loss: 0.0259
2023-06-07 15:37:36,659 - my_logger - INFO - evaluating......
2023-06-07 15:37:36,659 - my_logger - INFO - epoch 84, valid loss: 0.5393, valid auc: 94.87%
2023-06-07 15:37:36,664 - my_logger - INFO - epoch 85, train loss: 0.0233
2023-06-07 15:37:36,669 - my_logger - INFO - epoch 86, train loss: 0.0214
2023-06-07 15:37:36,673 - my_logger - INFO - evaluating......
2023-06-07 15:37:36,673 - my_logger - INFO - epoch 86, valid loss: 0.5453, valid auc: 94.91%
2023-06-07 15:37:36,679 - my_logger - INFO - epoch 87, train loss: 0.0205
2023-06-07 15:37:36,683 - my_logger - INFO - epoch 88, train loss: 0.0192
2023-06-07 15:37:36,687 - my_logger - INFO - evaluating......
2023-06-07 15:37:36,687 - my_logger - INFO - epoch 88, valid loss: 0.5605, valid auc: 94.96%
2023-06-07 15:37:36,693 - my_logger - INFO - epoch 89, train loss: 0.0175
2023-06-07 15:37:36,697 - my_logger - INFO - epoch 90, train loss: 0.0158
2023-06-07 15:37:36,701 - my_logger - INFO - evaluating......
2023-06-07 15:37:36,701 - my_logger - INFO - epoch 90, valid loss: 0.5833, valid auc: 94.97%
2023-06-07 15:37:36,707 - my_logger - INFO - epoch 91, train loss: 0.0149
2023-06-07 15:37:36,712 - my_logger - INFO - epoch 92, train loss: 0.0141
2023-06-07 15:37:36,716 - my_logger - INFO - evaluating......
2023-06-07 15:37:36,716 - my_logger - INFO - epoch 92, valid loss: 0.6128, valid auc: 94.99%
2023-06-07 15:37:36,721 - my_logger - INFO - epoch 93, train loss: 0.0127
2023-06-07 15:37:36,726 - my_logger - INFO - epoch 94, train loss: 0.0117
2023-06-07 15:37:36,730 - my_logger - INFO - evaluating......
2023-06-07 15:37:36,730 - my_logger - INFO - epoch 94, valid loss: 0.6213, valid auc: 95.00%
2023-06-07 15:37:36,735 - my_logger - INFO - epoch 95, train loss: 0.0110
2023-06-07 15:37:36,740 - my_logger - INFO - epoch 96, train loss: 0.0101
2023-06-07 15:37:36,744 - my_logger - INFO - evaluating......
2023-06-07 15:37:36,744 - my_logger - INFO - epoch 96, valid loss: 0.6386, valid auc: 95.03%
2023-06-07 15:37:36,749 - my_logger - INFO - epoch 97, train loss: 0.0092
2023-06-07 15:37:36,754 - my_logger - INFO - epoch 98, train loss: 0.0087
2023-06-07 15:37:36,757 - my_logger - INFO - evaluating......
2023-06-07 15:37:36,758 - my_logger - INFO - epoch 98, valid loss: 0.6677, valid auc: 95.03%
2023-06-07 15:37:36,763 - my_logger - INFO - epoch 99, train loss: 0.0079
2023-06-07 15:37:36,767 - my_logger - INFO - epoch 100, train loss: 0.0073
2023-06-07 15:37:36,771 - my_logger - INFO - evaluating......
2023-06-07 15:37:36,771 - my_logger - INFO - epoch 100, valid loss: 0.6787, valid auc: 95.06%
2023-06-07 15:37:36,777 - my_logger - INFO - epoch 101, train loss: 0.0069
2023-06-07 15:37:36,781 - my_logger - INFO - epoch 102, train loss: 0.0063
2023-06-07 15:37:36,785 - my_logger - INFO - evaluating......
2023-06-07 15:37:36,785 - my_logger - INFO - epoch 102, valid loss: 0.6959, valid auc: 95.07%
2023-06-07 15:37:36,791 - my_logger - INFO - epoch 103, train loss: 0.0059
2023-06-07 15:37:36,796 - my_logger - INFO - epoch 104, train loss: 0.0054
2023-06-07 15:37:36,799 - my_logger - INFO - evaluating......
2023-06-07 15:37:36,800 - my_logger - INFO - epoch 104, valid loss: 0.7201, valid auc: 95.08%
2023-06-07 15:37:36,805 - my_logger - INFO - epoch 105, train loss: 0.0051
2023-06-07 15:37:36,809 - my_logger - INFO - epoch 106, train loss: 0.0047
2023-06-07 15:37:36,813 - my_logger - INFO - evaluating......
2023-06-07 15:37:36,813 - my_logger - INFO - epoch 106, valid loss: 0.7291, valid auc: 95.10%
2023-06-07 15:37:36,819 - my_logger - INFO - epoch 107, train loss: 0.0044
2023-06-07 15:37:36,824 - my_logger - INFO - epoch 108, train loss: 0.0041
2023-06-07 15:37:36,828 - my_logger - INFO - evaluating......
2023-06-07 15:37:36,828 - my_logger - INFO - epoch 108, valid loss: 0.7533, valid auc: 95.10%
2023-06-07 15:37:36,834 - my_logger - INFO - epoch 109, train loss: 0.0037
2023-06-07 15:37:36,838 - my_logger - INFO - epoch 110, train loss: 0.0035
2023-06-07 15:37:36,842 - my_logger - INFO - evaluating......
2023-06-07 15:37:36,843 - my_logger - INFO - epoch 110, valid loss: 0.7627, valid auc: 95.10%
2023-06-07 15:37:36,845 - my_logger - INFO - epoch 111, train loss: 0.0032
2023-06-07 15:37:36,850 - my_logger - INFO - epoch 112, train loss: 0.0030
2023-06-07 15:37:36,854 - my_logger - INFO - evaluating......
2023-06-07 15:37:36,854 - my_logger - INFO - epoch 112, valid loss: 0.7850, valid auc: 95.12%
2023-06-07 15:37:36,859 - my_logger - INFO - epoch 113, train loss: 0.0028
2023-06-07 15:37:36,864 - my_logger - INFO - epoch 114, train loss: 0.0026
2023-06-07 15:37:36,868 - my_logger - INFO - evaluating......
2023-06-07 15:37:36,868 - my_logger - INFO - epoch 114, valid loss: 0.7927, valid auc: 95.12%
2023-06-07 15:37:36,874 - my_logger - INFO - epoch 115, train loss: 0.0024
2023-06-07 15:37:36,878 - my_logger - INFO - epoch 116, train loss: 0.0022
2023-06-07 15:37:36,882 - my_logger - INFO - evaluating......
2023-06-07 15:37:36,882 - my_logger - INFO - epoch 116, valid loss: 0.8139, valid auc: 95.13%
2023-06-07 15:37:36,888 - my_logger - INFO - epoch 117, train loss: 0.0021
2023-06-07 15:37:36,892 - my_logger - INFO - epoch 118, train loss: 0.0020
2023-06-07 15:37:36,896 - my_logger - INFO - evaluating......
2023-06-07 15:37:36,897 - my_logger - INFO - epoch 118, valid loss: 0.8208, valid auc: 95.14%
2023-06-07 15:37:36,902 - my_logger - INFO - epoch 119, train loss: 0.0018
2023-06-07 15:37:36,907 - my_logger - INFO - epoch 120, train loss: 0.0017
2023-06-07 15:37:36,910 - my_logger - INFO - evaluating......
2023-06-07 15:37:36,911 - my_logger - INFO - epoch 120, valid loss: 0.8358, valid auc: 95.16%
2023-06-07 15:37:36,916 - my_logger - INFO - epoch 121, train loss: 0.0016
2023-06-07 15:37:36,921 - my_logger - INFO - epoch 122, train loss: 0.0015
2023-06-07 15:37:36,924 - my_logger - INFO - evaluating......
2023-06-07 15:37:36,924 - my_logger - INFO - epoch 122, valid loss: 0.8482, valid auc: 95.17%
2023-06-07 15:37:36,930 - my_logger - INFO - epoch 123, train loss: 0.0015
2023-06-07 15:37:36,935 - my_logger - INFO - epoch 124, train loss: 0.0014
2023-06-07 15:37:36,939 - my_logger - INFO - evaluating......
2023-06-07 15:37:36,939 - my_logger - INFO - epoch 124, valid loss: 0.8563, valid auc: 95.19%
2023-06-07 15:37:36,945 - my_logger - INFO - epoch 125, train loss: 0.0013
2023-06-07 15:37:36,949 - my_logger - INFO - epoch 126, train loss: 0.0013
2023-06-07 15:37:36,953 - my_logger - INFO - evaluating......
2023-06-07 15:37:36,953 - my_logger - INFO - epoch 126, valid loss: 0.8693, valid auc: 95.20%
2023-06-07 15:37:36,959 - my_logger - INFO - epoch 127, train loss: 0.0012
2023-06-07 15:37:36,963 - my_logger - INFO - epoch 128, train loss: 0.0011
2023-06-07 15:37:36,967 - my_logger - INFO - evaluating......
2023-06-07 15:37:36,967 - my_logger - INFO - epoch 128, valid loss: 0.8750, valid auc: 95.21%
2023-06-07 15:37:36,973 - my_logger - INFO - epoch 129, train loss: 0.0011
2023-06-07 15:37:36,977 - my_logger - INFO - epoch 130, train loss: 0.0010
2023-06-07 15:37:36,982 - my_logger - INFO - evaluating......
2023-06-07 15:37:36,982 - my_logger - INFO - epoch 130, valid loss: 0.8859, valid auc: 95.22%
2023-06-07 15:37:36,987 - my_logger - INFO - epoch 131, train loss: 0.0010
2023-06-07 15:37:36,992 - my_logger - INFO - epoch 132, train loss: 0.0010
2023-06-07 15:37:36,996 - my_logger - INFO - evaluating......
2023-06-07 15:37:36,996 - my_logger - INFO - epoch 132, valid loss: 0.8957, valid auc: 95.22%
2023-06-07 15:37:37,002 - my_logger - INFO - epoch 133, train loss: 0.0009
2023-06-07 15:37:37,006 - my_logger - INFO - epoch 134, train loss: 0.0009
2023-06-07 15:37:37,010 - my_logger - INFO - evaluating......
2023-06-07 15:37:37,010 - my_logger - INFO - epoch 134, valid loss: 0.9007, valid auc: 95.23%
2023-06-07 15:37:37,016 - my_logger - INFO - epoch 135, train loss: 0.0009
2023-06-07 15:37:37,020 - my_logger - INFO - epoch 136, train loss: 0.0008
2023-06-07 15:37:37,024 - my_logger - INFO - evaluating......
2023-06-07 15:37:37,024 - my_logger - INFO - epoch 136, valid loss: 0.9104, valid auc: 95.24%
2023-06-07 15:37:37,030 - my_logger - INFO - epoch 137, train loss: 0.0008
2023-06-07 15:37:37,035 - my_logger - INFO - epoch 138, train loss: 0.0008
2023-06-07 15:37:37,038 - my_logger - INFO - evaluating......
2023-06-07 15:37:37,039 - my_logger - INFO - epoch 138, valid loss: 0.9184, valid auc: 95.25%
2023-06-07 15:37:37,044 - my_logger - INFO - epoch 139, train loss: 0.0008
2023-06-07 15:37:37,049 - my_logger - INFO - epoch 140, train loss: 0.0007
2023-06-07 15:37:37,053 - my_logger - INFO - evaluating......
2023-06-07 15:37:37,053 - my_logger - INFO - epoch 140, valid loss: 0.9229, valid auc: 95.25%
2023-06-07 15:37:37,059 - my_logger - INFO - epoch 141, train loss: 0.0007
2023-06-07 15:37:37,063 - my_logger - INFO - epoch 142, train loss: 0.0007
2023-06-07 15:37:37,067 - my_logger - INFO - evaluating......
2023-06-07 15:37:37,067 - my_logger - INFO - epoch 142, valid loss: 0.9307, valid auc: 95.25%
2023-06-07 15:37:37,073 - my_logger - INFO - epoch 143, train loss: 0.0007
2023-06-07 15:37:37,077 - my_logger - INFO - epoch 144, train loss: 0.0007
2023-06-07 15:37:37,081 - my_logger - INFO - evaluating......
2023-06-07 15:37:37,082 - my_logger - INFO - epoch 144, valid loss: 0.9382, valid auc: 95.25%
2023-06-07 15:37:37,087 - my_logger - INFO - epoch 145, train loss: 0.0006
2023-06-07 15:37:37,092 - my_logger - INFO - epoch 146, train loss: 0.0006
2023-06-07 15:37:37,096 - my_logger - INFO - evaluating......
2023-06-07 15:37:37,096 - my_logger - INFO - epoch 146, valid loss: 0.9428, valid auc: 95.26%
2023-06-07 15:37:37,101 - my_logger - INFO - epoch 147, train loss: 0.0006
2023-06-07 15:37:37,106 - my_logger - INFO - epoch 148, train loss: 0.0006
2023-06-07 15:37:37,110 - my_logger - INFO - evaluating......
2023-06-07 15:37:37,110 - my_logger - INFO - epoch 148, valid loss: 0.9491, valid auc: 95.26%
2023-06-07 15:37:37,115 - my_logger - INFO - epoch 149, train loss: 0.0006
2023-06-07 15:37:37,120 - my_logger - INFO - epoch 150, train loss: 0.0006
2023-06-07 15:37:37,124 - my_logger - INFO - evaluating......
2023-06-07 15:37:37,124 - my_logger - INFO - epoch 150, valid loss: 0.9559, valid auc: 95.26%
2023-06-07 15:37:37,129 - my_logger - INFO - epoch 151, train loss: 0.0005
2023-06-07 15:37:37,134 - my_logger - INFO - epoch 152, train loss: 0.0005
2023-06-07 15:37:37,138 - my_logger - INFO - evaluating......
2023-06-07 15:37:37,138 - my_logger - INFO - epoch 152, valid loss: 0.9604, valid auc: 95.26%
2023-06-07 15:37:37,144 - my_logger - INFO - epoch 153, train loss: 0.0005
2023-06-07 15:37:37,151 - my_logger - INFO - epoch 154, train loss: 0.0005
2023-06-07 15:37:37,155 - my_logger - INFO - evaluating......
2023-06-07 15:37:37,156 - my_logger - INFO - epoch 154, valid loss: 0.9650, valid auc: 95.27%
2023-06-07 15:37:37,161 - my_logger - INFO - epoch 155, train loss: 0.0005
2023-06-07 15:37:37,166 - my_logger - INFO - epoch 156, train loss: 0.0005
2023-06-07 15:37:37,170 - my_logger - INFO - evaluating......
2023-06-07 15:37:37,170 - my_logger - INFO - epoch 156, valid loss: 0.9709, valid auc: 95.27%
2023-06-07 15:37:37,175 - my_logger - INFO - epoch 157, train loss: 0.0005
2023-06-07 15:37:37,180 - my_logger - INFO - epoch 158, train loss: 0.0005
2023-06-07 15:37:37,184 - my_logger - INFO - evaluating......
2023-06-07 15:37:37,184 - my_logger - INFO - epoch 158, valid loss: 0.9757, valid auc: 95.27%
2023-06-07 15:37:37,189 - my_logger - INFO - epoch 159, train loss: 0.0005
2023-06-07 15:37:37,194 - my_logger - INFO - epoch 160, train loss: 0.0004
2023-06-07 15:37:37,198 - my_logger - INFO - evaluating......
2023-06-07 15:37:37,198 - my_logger - INFO - epoch 160, valid loss: 0.9795, valid auc: 95.27%
2023-06-07 15:37:37,204 - my_logger - INFO - epoch 161, train loss: 0.0004
2023-06-07 15:37:37,208 - my_logger - INFO - epoch 162, train loss: 0.0004
2023-06-07 15:37:37,212 - my_logger - INFO - evaluating......
2023-06-07 15:37:37,212 - my_logger - INFO - epoch 162, valid loss: 0.9843, valid auc: 95.27%
2023-06-07 15:37:37,218 - my_logger - INFO - epoch 163, train loss: 0.0004
2023-06-07 15:37:37,222 - my_logger - INFO - epoch 164, train loss: 0.0004
2023-06-07 15:37:37,226 - my_logger - INFO - evaluating......
2023-06-07 15:37:37,226 - my_logger - INFO - epoch 164, valid loss: 0.9893, valid auc: 95.28%
2023-06-07 15:37:37,232 - my_logger - INFO - epoch 165, train loss: 0.0004
2023-06-07 15:37:37,237 - my_logger - INFO - epoch 166, train loss: 0.0004
2023-06-07 15:37:37,240 - my_logger - INFO - evaluating......
2023-06-07 15:37:37,240 - my_logger - INFO - epoch 166, valid loss: 0.9931, valid auc: 95.28%
2023-06-07 15:37:37,246 - my_logger - INFO - epoch 167, train loss: 0.0004
2023-06-07 15:37:37,251 - my_logger - INFO - epoch 168, train loss: 0.0004
2023-06-07 15:37:37,254 - my_logger - INFO - evaluating......
2023-06-07 15:37:37,255 - my_logger - INFO - epoch 168, valid loss: 0.9966, valid auc: 95.28%
2023-06-07 15:37:37,260 - my_logger - INFO - epoch 169, train loss: 0.0004
2023-06-07 15:37:37,265 - my_logger - INFO - epoch 170, train loss: 0.0004
2023-06-07 15:37:37,269 - my_logger - INFO - evaluating......
2023-06-07 15:37:37,269 - my_logger - INFO - epoch 170, valid loss: 1.0008, valid auc: 95.28%
2023-06-07 15:37:37,274 - my_logger - INFO - epoch 171, train loss: 0.0004
2023-06-07 15:37:37,279 - my_logger - INFO - epoch 172, train loss: 0.0004
2023-06-07 15:37:37,283 - my_logger - INFO - evaluating......
2023-06-07 15:37:37,284 - my_logger - INFO - epoch 172, valid loss: 1.0050, valid auc: 95.28%
2023-06-07 15:37:37,286 - my_logger - INFO - epoch 173, train loss: 0.0004
2023-06-07 15:37:37,291 - my_logger - INFO - epoch 174, train loss: 0.0003
2023-06-07 15:37:37,295 - my_logger - INFO - evaluating......
2023-06-07 15:37:37,295 - my_logger - INFO - epoch 174, valid loss: 1.0085, valid auc: 95.28%
2023-06-07 15:37:37,300 - my_logger - INFO - epoch 175, train loss: 0.0003
2023-06-07 15:37:37,305 - my_logger - INFO - epoch 176, train loss: 0.0003
2023-06-07 15:37:37,309 - my_logger - INFO - evaluating......
2023-06-07 15:37:37,309 - my_logger - INFO - epoch 176, valid loss: 1.0119, valid auc: 95.29%
2023-06-07 15:37:37,315 - my_logger - INFO - epoch 177, train loss: 0.0003
2023-06-07 15:37:37,320 - my_logger - INFO - epoch 178, train loss: 0.0003
2023-06-07 15:37:37,325 - my_logger - INFO - evaluating......
2023-06-07 15:37:37,325 - my_logger - INFO - epoch 178, valid loss: 1.0158, valid auc: 95.28%
2023-06-07 15:37:37,328 - my_logger - INFO - epoch 179, train loss: 0.0003
2023-06-07 15:37:37,333 - my_logger - INFO - epoch 180, train loss: 0.0003
2023-06-07 15:37:37,337 - my_logger - INFO - evaluating......
2023-06-07 15:37:37,337 - my_logger - INFO - epoch 180, valid loss: 1.0194, valid auc: 95.28%
2023-06-07 15:37:37,340 - my_logger - INFO - epoch 181, train loss: 0.0003
2023-06-07 15:37:37,344 - my_logger - INFO - epoch 182, train loss: 0.0003
2023-06-07 15:37:37,348 - my_logger - INFO - evaluating......
2023-06-07 15:37:37,349 - my_logger - INFO - epoch 182, valid loss: 1.0227, valid auc: 95.28%
2023-06-07 15:37:37,351 - my_logger - INFO - epoch 183, train loss: 0.0003
2023-06-07 15:37:37,356 - my_logger - INFO - epoch 184, train loss: 0.0003
2023-06-07 15:37:37,360 - my_logger - INFO - evaluating......
2023-06-07 15:37:37,360 - my_logger - INFO - epoch 184, valid loss: 1.0259, valid auc: 95.29%
2023-06-07 15:37:37,363 - my_logger - INFO - epoch 185, train loss: 0.0003
2023-06-07 15:37:37,367 - my_logger - INFO - epoch 186, train loss: 0.0003
2023-06-07 15:37:37,371 - my_logger - INFO - evaluating......
2023-06-07 15:37:37,371 - my_logger - INFO - epoch 186, valid loss: 1.0295, valid auc: 95.29%
2023-06-07 15:37:37,376 - my_logger - INFO - epoch 187, train loss: 0.0003
2023-06-07 15:37:37,381 - my_logger - INFO - epoch 188, train loss: 0.0003
2023-06-07 15:37:37,385 - my_logger - INFO - evaluating......
2023-06-07 15:37:37,385 - my_logger - INFO - epoch 188, valid loss: 1.0328, valid auc: 95.29%
2023-06-07 15:37:37,390 - my_logger - INFO - epoch 189, train loss: 0.0003
2023-06-07 15:37:37,395 - my_logger - INFO - epoch 190, train loss: 0.0003
2023-06-07 15:37:37,399 - my_logger - INFO - evaluating......
2023-06-07 15:37:37,399 - my_logger - INFO - epoch 190, valid loss: 1.0358, valid auc: 95.29%
2023-06-07 15:37:37,405 - my_logger - INFO - epoch 191, train loss: 0.0003
2023-06-07 15:37:37,410 - my_logger - INFO - epoch 192, train loss: 0.0003
2023-06-07 15:37:37,415 - my_logger - INFO - evaluating......
2023-06-07 15:37:37,415 - my_logger - INFO - epoch 192, valid loss: 1.0389, valid auc: 95.29%
2023-06-07 15:37:37,420 - my_logger - INFO - epoch 193, train loss: 0.0003
2023-06-07 15:37:37,425 - my_logger - INFO - epoch 194, train loss: 0.0003
2023-06-07 15:37:37,429 - my_logger - INFO - evaluating......
2023-06-07 15:37:37,429 - my_logger - INFO - epoch 194, valid loss: 1.0421, valid auc: 95.29%
2023-06-07 15:37:37,436 - my_logger - INFO - epoch 195, train loss: 0.0003
2023-06-07 15:37:37,441 - my_logger - INFO - epoch 196, train loss: 0.0003
2023-06-07 15:37:37,445 - my_logger - INFO - evaluating......
2023-06-07 15:37:37,445 - my_logger - INFO - epoch 196, valid loss: 1.0452, valid auc: 95.29%
2023-06-07 15:37:37,448 - my_logger - INFO - epoch 197, train loss: 0.0003
2023-06-07 15:37:37,453 - my_logger - INFO - epoch 198, train loss: 0.0002
2023-06-07 15:37:37,458 - my_logger - INFO - evaluating......
2023-06-07 15:37:37,458 - my_logger - INFO - epoch 198, valid loss: 1.0482, valid auc: 95.29%
2023-06-07 15:37:37,464 - my_logger - INFO - epoch 199, train loss: 0.0002
2023-06-07 15:37:37,466 - my_logger - INFO - total train time used: 2.1462s
2023-06-07 15:37:37,466 - my_logger - INFO - testing......
2023-06-07 15:37:37,471 - my_logger - INFO - test auc: 94.87%
2023-06-22 15:36:09,792 - my_logger - INFO - training......
2023-06-22 15:36:10,495 - my_logger - INFO - epoch 0, train loss: 0.6938
2023-06-22 15:36:10,503 - my_logger - INFO - evaluating......
2023-06-22 15:36:10,503 - my_logger - INFO - epoch 0, valid loss: 0.6935, valid auc: 55.39%
2023-06-22 15:36:10,509 - my_logger - INFO - epoch 1, train loss: 0.6925
2023-06-22 15:36:10,514 - my_logger - INFO - epoch 2, train loss: 0.6901
2023-06-22 15:36:10,517 - my_logger - INFO - evaluating......
2023-06-22 15:36:10,518 - my_logger - INFO - epoch 2, valid loss: 0.6914, valid auc: 63.08%
2023-06-22 15:36:10,523 - my_logger - INFO - epoch 3, train loss: 0.6844
2023-06-22 15:36:10,528 - my_logger - INFO - epoch 4, train loss: 0.6739
2023-06-22 15:36:10,532 - my_logger - INFO - evaluating......
2023-06-22 15:36:10,532 - my_logger - INFO - epoch 4, valid loss: 0.6786, valid auc: 63.41%
2023-06-22 15:36:10,538 - my_logger - INFO - epoch 5, train loss: 0.6546
2023-06-22 15:36:10,543 - my_logger - INFO - epoch 6, train loss: 0.6274
2023-06-22 15:36:10,547 - my_logger - INFO - evaluating......
2023-06-22 15:36:10,547 - my_logger - INFO - epoch 6, valid loss: 0.6475, valid auc: 66.66%
2023-06-22 15:36:10,552 - my_logger - INFO - epoch 7, train loss: 0.6065
2023-06-22 15:36:10,557 - my_logger - INFO - epoch 8, train loss: 0.5871
2023-06-22 15:36:10,561 - my_logger - INFO - evaluating......
2023-06-22 15:36:10,561 - my_logger - INFO - epoch 8, valid loss: 0.6275, valid auc: 72.96%
2023-06-22 15:36:10,566 - my_logger - INFO - epoch 9, train loss: 0.5668
2023-06-22 15:36:10,571 - my_logger - INFO - epoch 10, train loss: 0.5627
2023-06-22 15:36:10,575 - my_logger - INFO - evaluating......
2023-06-22 15:36:10,576 - my_logger - INFO - epoch 10, valid loss: 0.5934, valid auc: 75.43%
2023-06-22 15:36:10,581 - my_logger - INFO - epoch 11, train loss: 0.5612
2023-06-22 15:36:10,585 - my_logger - INFO - epoch 12, train loss: 0.5335
2023-06-22 15:36:10,590 - my_logger - INFO - evaluating......
2023-06-22 15:36:10,590 - my_logger - INFO - epoch 12, valid loss: 0.5765, valid auc: 77.36%
2023-06-22 15:36:10,596 - my_logger - INFO - epoch 13, train loss: 0.5309
2023-06-22 15:36:10,600 - my_logger - INFO - epoch 14, train loss: 0.5069
2023-06-22 15:36:10,605 - my_logger - INFO - evaluating......
2023-06-22 15:36:10,605 - my_logger - INFO - epoch 14, valid loss: 0.5579, valid auc: 78.89%
2023-06-22 15:36:10,611 - my_logger - INFO - epoch 15, train loss: 0.5052
2023-06-22 15:36:10,616 - my_logger - INFO - epoch 16, train loss: 0.4819
2023-06-22 15:36:10,620 - my_logger - INFO - evaluating......
2023-06-22 15:36:10,620 - my_logger - INFO - epoch 16, valid loss: 0.5349, valid auc: 80.75%
2023-06-22 15:36:10,626 - my_logger - INFO - epoch 17, train loss: 0.4777
2023-06-22 15:36:10,631 - my_logger - INFO - epoch 18, train loss: 0.4573
2023-06-22 15:36:10,635 - my_logger - INFO - evaluating......
2023-06-22 15:36:10,635 - my_logger - INFO - epoch 18, valid loss: 0.5190, valid auc: 82.04%
2023-06-22 15:36:10,641 - my_logger - INFO - epoch 19, train loss: 0.4382
2023-06-22 15:36:10,646 - my_logger - INFO - epoch 20, train loss: 0.4363
2023-06-22 15:36:10,650 - my_logger - INFO - evaluating......
2023-06-22 15:36:10,650 - my_logger - INFO - epoch 20, valid loss: 0.5185, valid auc: 83.40%
2023-06-22 15:36:10,656 - my_logger - INFO - epoch 21, train loss: 0.4190
2023-06-22 15:36:10,661 - my_logger - INFO - epoch 22, train loss: 0.3964
2023-06-22 15:36:10,665 - my_logger - INFO - evaluating......
2023-06-22 15:36:10,666 - my_logger - INFO - epoch 22, valid loss: 0.4922, valid auc: 84.53%
2023-06-22 15:36:10,672 - my_logger - INFO - epoch 23, train loss: 0.3828
2023-06-22 15:36:10,677 - my_logger - INFO - epoch 24, train loss: 0.3693
2023-06-22 15:36:10,681 - my_logger - INFO - evaluating......
2023-06-22 15:36:10,681 - my_logger - INFO - epoch 24, valid loss: 0.4754, valid auc: 85.90%
2023-06-22 15:36:10,687 - my_logger - INFO - epoch 25, train loss: 0.3440
2023-06-22 15:36:10,693 - my_logger - INFO - epoch 26, train loss: 0.3271
2023-06-22 15:36:10,697 - my_logger - INFO - evaluating......
2023-06-22 15:36:10,697 - my_logger - INFO - epoch 26, valid loss: 0.4334, valid auc: 88.33%
2023-06-22 15:36:10,703 - my_logger - INFO - epoch 27, train loss: 0.3239
2023-06-22 15:36:10,708 - my_logger - INFO - epoch 28, train loss: 0.2977
2023-06-22 15:36:10,711 - my_logger - INFO - evaluating......
2023-06-22 15:36:10,712 - my_logger - INFO - epoch 28, valid loss: 0.4129, valid auc: 89.54%
2023-06-22 15:36:10,717 - my_logger - INFO - epoch 29, train loss: 0.2916
2023-06-22 15:36:10,722 - my_logger - INFO - epoch 30, train loss: 0.2841
2023-06-22 15:36:10,726 - my_logger - INFO - evaluating......
2023-06-22 15:36:10,726 - my_logger - INFO - epoch 30, valid loss: 0.4105, valid auc: 90.04%
2023-06-22 15:36:10,732 - my_logger - INFO - epoch 31, train loss: 0.2644
2023-06-22 15:36:10,736 - my_logger - INFO - epoch 32, train loss: 0.2564
2023-06-22 15:36:10,740 - my_logger - INFO - evaluating......
2023-06-22 15:36:10,740 - my_logger - INFO - epoch 32, valid loss: 0.4023, valid auc: 90.74%
2023-06-22 15:36:10,746 - my_logger - INFO - epoch 33, train loss: 0.2448
2023-06-22 15:36:10,750 - my_logger - INFO - epoch 34, train loss: 0.2305
2023-06-22 15:36:10,754 - my_logger - INFO - evaluating......
2023-06-22 15:36:10,754 - my_logger - INFO - epoch 34, valid loss: 0.3925, valid auc: 91.65%
2023-06-22 15:36:10,760 - my_logger - INFO - epoch 35, train loss: 0.2157
2023-06-22 15:36:10,765 - my_logger - INFO - epoch 36, train loss: 0.2136
2023-06-22 15:36:10,768 - my_logger - INFO - evaluating......
2023-06-22 15:36:10,768 - my_logger - INFO - epoch 36, valid loss: 0.3797, valid auc: 92.04%
2023-06-22 15:36:10,774 - my_logger - INFO - epoch 37, train loss: 0.2032
2023-06-22 15:36:10,779 - my_logger - INFO - epoch 38, train loss: 0.1953
2023-06-22 15:36:10,783 - my_logger - INFO - evaluating......
2023-06-22 15:36:10,783 - my_logger - INFO - epoch 38, valid loss: 0.3758, valid auc: 92.59%
2023-06-22 15:36:10,788 - my_logger - INFO - epoch 39, train loss: 0.1792
2023-06-22 15:36:10,793 - my_logger - INFO - epoch 40, train loss: 0.1735
2023-06-22 15:36:10,798 - my_logger - INFO - evaluating......
2023-06-22 15:36:10,798 - my_logger - INFO - epoch 40, valid loss: 0.3709, valid auc: 92.81%
2023-06-22 15:36:10,808 - my_logger - INFO - epoch 41, train loss: 0.1686
2023-06-22 15:36:10,816 - my_logger - INFO - epoch 42, train loss: 0.1620
2023-06-22 15:36:10,824 - my_logger - INFO - evaluating......
2023-06-22 15:36:10,824 - my_logger - INFO - epoch 42, valid loss: 0.3726, valid auc: 93.22%
2023-06-22 15:36:10,835 - my_logger - INFO - epoch 43, train loss: 0.1503
2023-06-22 15:36:10,841 - my_logger - INFO - epoch 44, train loss: 0.1398
2023-06-22 15:36:10,846 - my_logger - INFO - evaluating......
2023-06-22 15:36:10,846 - my_logger - INFO - epoch 44, valid loss: 0.3653, valid auc: 93.40%
2023-06-22 15:36:10,852 - my_logger - INFO - epoch 45, train loss: 0.1336
2023-06-22 15:36:10,857 - my_logger - INFO - epoch 46, train loss: 0.1306
2023-06-22 15:36:10,862 - my_logger - INFO - evaluating......
2023-06-22 15:36:10,862 - my_logger - INFO - epoch 46, valid loss: 0.3639, valid auc: 93.76%
2023-06-22 15:36:10,868 - my_logger - INFO - epoch 47, train loss: 0.1230
2023-06-22 15:36:10,873 - my_logger - INFO - epoch 48, train loss: 0.1160
2023-06-22 15:36:10,878 - my_logger - INFO - evaluating......
2023-06-22 15:36:10,878 - my_logger - INFO - epoch 48, valid loss: 0.3662, valid auc: 93.94%
2023-06-22 15:36:10,883 - my_logger - INFO - epoch 49, train loss: 0.1063
2023-06-22 15:36:10,888 - my_logger - INFO - epoch 50, train loss: 0.0991
2023-06-22 15:36:10,892 - my_logger - INFO - evaluating......
2023-06-22 15:36:10,892 - my_logger - INFO - epoch 50, valid loss: 0.3661, valid auc: 94.24%
2023-06-22 15:36:10,898 - my_logger - INFO - epoch 51, train loss: 0.0934
2023-06-22 15:36:10,902 - my_logger - INFO - epoch 52, train loss: 0.0890
2023-06-22 15:36:10,907 - my_logger - INFO - evaluating......
2023-06-22 15:36:10,907 - my_logger - INFO - epoch 52, valid loss: 0.3728, valid auc: 94.43%
2023-06-22 15:36:10,912 - my_logger - INFO - epoch 53, train loss: 0.0848
2023-06-22 15:36:10,917 - my_logger - INFO - epoch 54, train loss: 0.0808
2023-06-22 15:36:10,921 - my_logger - INFO - evaluating......
2023-06-22 15:36:10,922 - my_logger - INFO - epoch 54, valid loss: 0.3788, valid auc: 94.65%
2023-06-22 15:36:10,927 - my_logger - INFO - epoch 55, train loss: 0.0776
2023-06-22 15:36:10,932 - my_logger - INFO - epoch 56, train loss: 0.0718
2023-06-22 15:36:10,936 - my_logger - INFO - evaluating......
2023-06-22 15:36:10,936 - my_logger - INFO - epoch 56, valid loss: 0.3857, valid auc: 94.86%
2023-06-22 15:36:10,942 - my_logger - INFO - epoch 57, train loss: 0.0670
2023-06-22 15:36:10,947 - my_logger - INFO - epoch 58, train loss: 0.0590
2023-06-22 15:36:10,951 - my_logger - INFO - evaluating......
2023-06-22 15:36:10,951 - my_logger - INFO - epoch 58, valid loss: 0.3946, valid auc: 94.99%
2023-06-22 15:36:10,957 - my_logger - INFO - epoch 59, train loss: 0.0533
2023-06-22 15:36:10,961 - my_logger - INFO - epoch 60, train loss: 0.0504
2023-06-22 15:36:10,965 - my_logger - INFO - evaluating......
2023-06-22 15:36:10,965 - my_logger - INFO - epoch 60, valid loss: 0.4055, valid auc: 95.12%
2023-06-22 15:36:10,971 - my_logger - INFO - epoch 61, train loss: 0.0491
2023-06-22 15:36:10,976 - my_logger - INFO - epoch 62, train loss: 0.0472
2023-06-22 15:36:10,979 - my_logger - INFO - evaluating......
2023-06-22 15:36:10,980 - my_logger - INFO - epoch 62, valid loss: 0.4307, valid auc: 95.18%
2023-06-22 15:36:10,985 - my_logger - INFO - epoch 63, train loss: 0.0423
2023-06-22 15:36:10,990 - my_logger - INFO - epoch 64, train loss: 0.0371
2023-06-22 15:36:10,994 - my_logger - INFO - evaluating......
2023-06-22 15:36:10,994 - my_logger - INFO - epoch 64, valid loss: 0.4404, valid auc: 95.25%
2023-06-22 15:36:10,999 - my_logger - INFO - epoch 65, train loss: 0.0333
2023-06-22 15:36:11,003 - my_logger - INFO - epoch 66, train loss: 0.0317
2023-06-22 15:36:11,007 - my_logger - INFO - evaluating......
2023-06-22 15:36:11,007 - my_logger - INFO - epoch 66, valid loss: 0.4533, valid auc: 95.23%
2023-06-22 15:36:11,010 - my_logger - INFO - epoch 67, train loss: 0.0309
2023-06-22 15:36:11,014 - my_logger - INFO - epoch 68, train loss: 0.0275
2023-06-22 15:36:11,018 - my_logger - INFO - evaluating......
2023-06-22 15:36:11,018 - my_logger - INFO - epoch 68, valid loss: 0.4703, valid auc: 95.28%
2023-06-22 15:36:11,024 - my_logger - INFO - epoch 69, train loss: 0.0240
2023-06-22 15:36:11,028 - my_logger - INFO - epoch 70, train loss: 0.0219
2023-06-22 15:36:11,032 - my_logger - INFO - evaluating......
2023-06-22 15:36:11,032 - my_logger - INFO - epoch 70, valid loss: 0.4965, valid auc: 95.33%
2023-06-22 15:36:11,037 - my_logger - INFO - epoch 71, train loss: 0.0210
2023-06-22 15:36:11,041 - my_logger - INFO - epoch 72, train loss: 0.0191
2023-06-22 15:36:11,045 - my_logger - INFO - evaluating......
2023-06-22 15:36:11,045 - my_logger - INFO - epoch 72, valid loss: 0.5227, valid auc: 95.35%
2023-06-22 15:36:11,050 - my_logger - INFO - epoch 73, train loss: 0.0167
2023-06-22 15:36:11,055 - my_logger - INFO - epoch 74, train loss: 0.0152
2023-06-22 15:36:11,058 - my_logger - INFO - evaluating......
2023-06-22 15:36:11,059 - my_logger - INFO - epoch 74, valid loss: 0.5348, valid auc: 95.38%
2023-06-22 15:36:11,064 - my_logger - INFO - epoch 75, train loss: 0.0146
2023-06-22 15:36:11,068 - my_logger - INFO - epoch 76, train loss: 0.0127
2023-06-22 15:36:11,072 - my_logger - INFO - evaluating......
2023-06-22 15:36:11,072 - my_logger - INFO - epoch 76, valid loss: 0.5560, valid auc: 95.41%
2023-06-22 15:36:11,078 - my_logger - INFO - epoch 77, train loss: 0.0115
2023-06-22 15:36:11,083 - my_logger - INFO - epoch 78, train loss: 0.0108
2023-06-22 15:36:11,086 - my_logger - INFO - evaluating......
2023-06-22 15:36:11,087 - my_logger - INFO - epoch 78, valid loss: 0.5881, valid auc: 95.43%
2023-06-22 15:36:11,092 - my_logger - INFO - epoch 79, train loss: 0.0096
2023-06-22 15:36:11,097 - my_logger - INFO - epoch 80, train loss: 0.0086
2023-06-22 15:36:11,100 - my_logger - INFO - evaluating......
2023-06-22 15:36:11,101 - my_logger - INFO - epoch 80, valid loss: 0.5988, valid auc: 95.46%
2023-06-22 15:36:11,106 - my_logger - INFO - epoch 81, train loss: 0.0081
2023-06-22 15:36:11,110 - my_logger - INFO - epoch 82, train loss: 0.0071
2023-06-22 15:36:11,114 - my_logger - INFO - evaluating......
2023-06-22 15:36:11,114 - my_logger - INFO - epoch 82, valid loss: 0.6206, valid auc: 95.48%
2023-06-22 15:36:11,119 - my_logger - INFO - epoch 83, train loss: 0.0066
2023-06-22 15:36:11,124 - my_logger - INFO - epoch 84, train loss: 0.0060
2023-06-22 15:36:11,127 - my_logger - INFO - evaluating......
2023-06-22 15:36:11,128 - my_logger - INFO - epoch 84, valid loss: 0.6476, valid auc: 95.51%
2023-06-22 15:36:11,133 - my_logger - INFO - epoch 85, train loss: 0.0054
2023-06-22 15:36:11,137 - my_logger - INFO - epoch 86, train loss: 0.0050
2023-06-22 15:36:11,141 - my_logger - INFO - evaluating......
2023-06-22 15:36:11,141 - my_logger - INFO - epoch 86, valid loss: 0.6575, valid auc: 95.51%
2023-06-22 15:36:11,144 - my_logger - INFO - epoch 87, train loss: 0.0045
2023-06-22 15:36:11,149 - my_logger - INFO - epoch 88, train loss: 0.0042
2023-06-22 15:36:11,152 - my_logger - INFO - evaluating......
2023-06-22 15:36:11,153 - my_logger - INFO - epoch 88, valid loss: 0.6859, valid auc: 95.54%
2023-06-22 15:36:11,158 - my_logger - INFO - epoch 89, train loss: 0.0038
2023-06-22 15:36:11,162 - my_logger - INFO - epoch 90, train loss: 0.0035
2023-06-22 15:36:11,166 - my_logger - INFO - evaluating......
2023-06-22 15:36:11,166 - my_logger - INFO - epoch 90, valid loss: 0.6959, valid auc: 95.54%
2023-06-22 15:36:11,172 - my_logger - INFO - epoch 91, train loss: 0.0032
2023-06-22 15:36:11,176 - my_logger - INFO - epoch 92, train loss: 0.0030
2023-06-22 15:36:11,180 - my_logger - INFO - evaluating......
2023-06-22 15:36:11,180 - my_logger - INFO - epoch 92, valid loss: 0.7260, valid auc: 95.55%
2023-06-22 15:36:11,185 - my_logger - INFO - epoch 93, train loss: 0.0027
2023-06-22 15:36:11,189 - my_logger - INFO - epoch 94, train loss: 0.0025
2023-06-22 15:36:11,193 - my_logger - INFO - evaluating......
2023-06-22 15:36:11,193 - my_logger - INFO - epoch 94, valid loss: 0.7320, valid auc: 95.56%
2023-06-22 15:36:11,198 - my_logger - INFO - epoch 95, train loss: 0.0023
2023-06-22 15:36:11,202 - my_logger - INFO - epoch 96, train loss: 0.0021
2023-06-22 15:36:11,206 - my_logger - INFO - evaluating......
2023-06-22 15:36:11,207 - my_logger - INFO - epoch 96, valid loss: 0.7551, valid auc: 95.57%
2023-06-22 15:36:11,212 - my_logger - INFO - epoch 97, train loss: 0.0019
2023-06-22 15:36:11,216 - my_logger - INFO - epoch 98, train loss: 0.0017
2023-06-22 15:36:11,220 - my_logger - INFO - evaluating......
2023-06-22 15:36:11,220 - my_logger - INFO - epoch 98, valid loss: 0.7664, valid auc: 95.58%
2023-06-22 15:36:11,225 - my_logger - INFO - epoch 99, train loss: 0.0016
2023-06-22 15:36:11,230 - my_logger - INFO - epoch 100, train loss: 0.0015
2023-06-22 15:36:11,233 - my_logger - INFO - evaluating......
2023-06-22 15:36:11,233 - my_logger - INFO - epoch 100, valid loss: 0.7810, valid auc: 95.59%
2023-06-22 15:36:11,239 - my_logger - INFO - epoch 101, train loss: 0.0014
2023-06-22 15:36:11,243 - my_logger - INFO - epoch 102, train loss: 0.0013
2023-06-22 15:36:11,247 - my_logger - INFO - evaluating......
2023-06-22 15:36:11,247 - my_logger - INFO - epoch 102, valid loss: 0.7988, valid auc: 95.61%
2023-06-22 15:36:11,252 - my_logger - INFO - epoch 103, train loss: 0.0012
2023-06-22 15:36:11,256 - my_logger - INFO - epoch 104, train loss: 0.0011
2023-06-22 15:36:11,260 - my_logger - INFO - evaluating......
2023-06-22 15:36:11,260 - my_logger - INFO - epoch 104, valid loss: 0.8046, valid auc: 95.62%
2023-06-22 15:36:11,265 - my_logger - INFO - epoch 105, train loss: 0.0011
2023-06-22 15:36:11,270 - my_logger - INFO - epoch 106, train loss: 0.0010
2023-06-22 15:36:11,274 - my_logger - INFO - evaluating......
2023-06-22 15:36:11,274 - my_logger - INFO - epoch 106, valid loss: 0.8203, valid auc: 95.63%
2023-06-22 15:36:11,279 - my_logger - INFO - epoch 107, train loss: 0.0010
2023-06-22 15:36:11,283 - my_logger - INFO - epoch 108, train loss: 0.0009
2023-06-22 15:36:11,287 - my_logger - INFO - evaluating......
2023-06-22 15:36:11,287 - my_logger - INFO - epoch 108, valid loss: 0.8305, valid auc: 95.64%
2023-06-22 15:36:11,292 - my_logger - INFO - epoch 109, train loss: 0.0009
2023-06-22 15:36:11,297 - my_logger - INFO - epoch 110, train loss: 0.0008
2023-06-22 15:36:11,300 - my_logger - INFO - evaluating......
2023-06-22 15:36:11,300 - my_logger - INFO - epoch 110, valid loss: 0.8367, valid auc: 95.64%
2023-06-22 15:36:11,306 - my_logger - INFO - epoch 111, train loss: 0.0008
2023-06-22 15:36:11,310 - my_logger - INFO - epoch 112, train loss: 0.0007
2023-06-22 15:36:11,314 - my_logger - INFO - evaluating......
2023-06-22 15:36:11,314 - my_logger - INFO - epoch 112, valid loss: 0.8512, valid auc: 95.65%
2023-06-22 15:36:11,319 - my_logger - INFO - epoch 113, train loss: 0.0007
2023-06-22 15:36:11,324 - my_logger - INFO - epoch 114, train loss: 0.0007
2023-06-22 15:36:11,327 - my_logger - INFO - evaluating......
2023-06-22 15:36:11,328 - my_logger - INFO - epoch 114, valid loss: 0.8608, valid auc: 95.65%
2023-06-22 15:36:11,332 - my_logger - INFO - epoch 115, train loss: 0.0006
2023-06-22 15:36:11,337 - my_logger - INFO - epoch 116, train loss: 0.0006
2023-06-22 15:36:11,341 - my_logger - INFO - evaluating......
2023-06-22 15:36:11,341 - my_logger - INFO - epoch 116, valid loss: 0.8653, valid auc: 95.66%
2023-06-22 15:36:11,346 - my_logger - INFO - epoch 117, train loss: 0.0006
2023-06-22 15:36:11,351 - my_logger - INFO - epoch 118, train loss: 0.0006
2023-06-22 15:36:11,355 - my_logger - INFO - evaluating......
2023-06-22 15:36:11,355 - my_logger - INFO - epoch 118, valid loss: 0.8748, valid auc: 95.66%
2023-06-22 15:36:11,360 - my_logger - INFO - epoch 119, train loss: 0.0006
2023-06-22 15:36:11,364 - my_logger - INFO - epoch 120, train loss: 0.0005
2023-06-22 15:36:11,368 - my_logger - INFO - evaluating......
2023-06-22 15:36:11,368 - my_logger - INFO - epoch 120, valid loss: 0.8840, valid auc: 95.67%
2023-06-22 15:36:11,373 - my_logger - INFO - epoch 121, train loss: 0.0005
2023-06-22 15:36:11,378 - my_logger - INFO - epoch 122, train loss: 0.0005
2023-06-22 15:36:11,381 - my_logger - INFO - evaluating......
2023-06-22 15:36:11,382 - my_logger - INFO - epoch 122, valid loss: 0.8885, valid auc: 95.66%
2023-06-22 15:36:11,384 - my_logger - INFO - epoch 123, train loss: 0.0005
2023-06-22 15:36:11,388 - my_logger - INFO - epoch 124, train loss: 0.0005
2023-06-22 15:36:11,392 - my_logger - INFO - evaluating......
2023-06-22 15:36:11,392 - my_logger - INFO - epoch 124, valid loss: 0.8949, valid auc: 95.66%
2023-06-22 15:36:11,395 - my_logger - INFO - epoch 125, train loss: 0.0005
2023-06-22 15:36:11,399 - my_logger - INFO - epoch 126, train loss: 0.0004
2023-06-22 15:36:11,403 - my_logger - INFO - evaluating......
2023-06-22 15:36:11,404 - my_logger - INFO - epoch 126, valid loss: 0.9035, valid auc: 95.67%
2023-06-22 15:36:11,409 - my_logger - INFO - epoch 127, train loss: 0.0004
2023-06-22 15:36:11,413 - my_logger - INFO - epoch 128, train loss: 0.0004
2023-06-22 15:36:11,417 - my_logger - INFO - evaluating......
2023-06-22 15:36:11,417 - my_logger - INFO - epoch 128, valid loss: 0.9091, valid auc: 95.67%
2023-06-22 15:36:11,422 - my_logger - INFO - epoch 129, train loss: 0.0004
2023-06-22 15:36:11,427 - my_logger - INFO - epoch 130, train loss: 0.0004
2023-06-22 15:36:11,430 - my_logger - INFO - evaluating......
2023-06-22 15:36:11,430 - my_logger - INFO - epoch 130, valid loss: 0.9130, valid auc: 95.68%
2023-06-22 15:36:11,436 - my_logger - INFO - epoch 131, train loss: 0.0004
2023-06-22 15:36:11,440 - my_logger - INFO - epoch 132, train loss: 0.0004
2023-06-22 15:36:11,444 - my_logger - INFO - evaluating......
2023-06-22 15:36:11,444 - my_logger - INFO - epoch 132, valid loss: 0.9191, valid auc: 95.68%
2023-06-22 15:36:11,449 - my_logger - INFO - epoch 133, train loss: 0.0004
2023-06-22 15:36:11,453 - my_logger - INFO - epoch 134, train loss: 0.0004
2023-06-22 15:36:11,457 - my_logger - INFO - evaluating......
2023-06-22 15:36:11,458 - my_logger - INFO - epoch 134, valid loss: 0.9256, valid auc: 95.68%
2023-06-22 15:36:11,463 - my_logger - INFO - epoch 135, train loss: 0.0004
2023-06-22 15:36:11,467 - my_logger - INFO - epoch 136, train loss: 0.0003
2023-06-22 15:36:11,471 - my_logger - INFO - evaluating......
2023-06-22 15:36:11,471 - my_logger - INFO - epoch 136, valid loss: 0.9298, valid auc: 95.68%
2023-06-22 15:36:11,474 - my_logger - INFO - epoch 137, train loss: 0.0003
2023-06-22 15:36:11,478 - my_logger - INFO - epoch 138, train loss: 0.0003
2023-06-22 15:36:11,482 - my_logger - INFO - evaluating......
2023-06-22 15:36:11,482 - my_logger - INFO - epoch 138, valid loss: 0.9334, valid auc: 95.68%
2023-06-22 15:36:11,485 - my_logger - INFO - epoch 139, train loss: 0.0003
2023-06-22 15:36:11,489 - my_logger - INFO - epoch 140, train loss: 0.0003
2023-06-22 15:36:11,493 - my_logger - INFO - evaluating......
2023-06-22 15:36:11,493 - my_logger - INFO - epoch 140, valid loss: 0.9387, valid auc: 95.68%
2023-06-22 15:36:11,499 - my_logger - INFO - epoch 141, train loss: 0.0003
2023-06-22 15:36:11,504 - my_logger - INFO - epoch 142, train loss: 0.0003
2023-06-22 15:36:11,509 - my_logger - INFO - evaluating......
2023-06-22 15:36:11,509 - my_logger - INFO - epoch 142, valid loss: 0.9441, valid auc: 95.69%
2023-06-22 15:36:11,515 - my_logger - INFO - epoch 143, train loss: 0.0003
2023-06-22 15:36:11,521 - my_logger - INFO - epoch 144, train loss: 0.0003
2023-06-22 15:36:11,525 - my_logger - INFO - evaluating......
2023-06-22 15:36:11,525 - my_logger - INFO - epoch 144, valid loss: 0.9480, valid auc: 95.69%
2023-06-22 15:36:11,530 - my_logger - INFO - epoch 145, train loss: 0.0003
2023-06-22 15:36:11,535 - my_logger - INFO - epoch 146, train loss: 0.0003
2023-06-22 15:36:11,538 - my_logger - INFO - evaluating......
2023-06-22 15:36:11,539 - my_logger - INFO - epoch 146, valid loss: 0.9516, valid auc: 95.69%
2023-06-22 15:36:11,541 - my_logger - INFO - epoch 147, train loss: 0.0003
2023-06-22 15:36:11,546 - my_logger - INFO - epoch 148, train loss: 0.0003
2023-06-22 15:36:11,549 - my_logger - INFO - evaluating......
2023-06-22 15:36:11,550 - my_logger - INFO - epoch 148, valid loss: 0.9560, valid auc: 95.69%
2023-06-22 15:36:11,555 - my_logger - INFO - epoch 149, train loss: 0.0003
2023-06-22 15:36:11,559 - my_logger - INFO - epoch 150, train loss: 0.0003
2023-06-22 15:36:11,563 - my_logger - INFO - evaluating......
2023-06-22 15:36:11,563 - my_logger - INFO - epoch 150, valid loss: 0.9606, valid auc: 95.69%
2023-06-22 15:36:11,569 - my_logger - INFO - epoch 151, train loss: 0.0003
2023-06-22 15:36:11,573 - my_logger - INFO - epoch 152, train loss: 0.0003
2023-06-22 15:36:11,578 - my_logger - INFO - evaluating......
2023-06-22 15:36:11,578 - my_logger - INFO - epoch 152, valid loss: 0.9643, valid auc: 95.69%
2023-06-22 15:36:11,581 - my_logger - INFO - epoch 153, train loss: 0.0003
2023-06-22 15:36:11,585 - my_logger - INFO - epoch 154, train loss: 0.0002
2023-06-22 15:36:11,589 - my_logger - INFO - evaluating......
2023-06-22 15:36:11,589 - my_logger - INFO - epoch 154, valid loss: 0.9674, valid auc: 95.69%
2023-06-22 15:36:11,593 - my_logger - INFO - epoch 155, train loss: 0.0002
2023-06-22 15:36:11,597 - my_logger - INFO - epoch 156, train loss: 0.0002
2023-06-22 15:36:11,601 - my_logger - INFO - evaluating......
2023-06-22 15:36:11,602 - my_logger - INFO - epoch 156, valid loss: 0.9712, valid auc: 95.69%
2023-06-22 15:36:11,604 - my_logger - INFO - epoch 157, train loss: 0.0002
2023-06-22 15:36:11,609 - my_logger - INFO - epoch 158, train loss: 0.0002
2023-06-22 15:36:11,612 - my_logger - INFO - evaluating......
2023-06-22 15:36:11,613 - my_logger - INFO - epoch 158, valid loss: 0.9753, valid auc: 95.68%
2023-06-22 15:36:11,615 - my_logger - INFO - epoch 159, train loss: 0.0002
2023-06-22 15:36:11,620 - my_logger - INFO - epoch 160, train loss: 0.0002
2023-06-22 15:36:11,624 - my_logger - INFO - evaluating......
2023-06-22 15:36:11,624 - my_logger - INFO - epoch 160, valid loss: 0.9788, valid auc: 95.69%
2023-06-22 15:36:11,627 - my_logger - INFO - epoch 161, train loss: 0.0002
2023-06-22 15:36:11,631 - my_logger - INFO - epoch 162, train loss: 0.0002
2023-06-22 15:36:11,635 - my_logger - INFO - evaluating......
2023-06-22 15:36:11,635 - my_logger - INFO - epoch 162, valid loss: 0.9819, valid auc: 95.69%
2023-06-22 15:36:11,638 - my_logger - INFO - epoch 163, train loss: 0.0002
2023-06-22 15:36:11,642 - my_logger - INFO - epoch 164, train loss: 0.0002
2023-06-22 15:36:11,646 - my_logger - INFO - evaluating......
2023-06-22 15:36:11,646 - my_logger - INFO - epoch 164, valid loss: 0.9852, valid auc: 95.69%
2023-06-22 15:36:11,649 - my_logger - INFO - epoch 165, train loss: 0.0002
2023-06-22 15:36:11,653 - my_logger - INFO - epoch 166, train loss: 0.0002
2023-06-22 15:36:11,657 - my_logger - INFO - evaluating......
2023-06-22 15:36:11,657 - my_logger - INFO - epoch 166, valid loss: 0.9888, valid auc: 95.69%
2023-06-22 15:36:11,660 - my_logger - INFO - epoch 167, train loss: 0.0002
2023-06-22 15:36:11,664 - my_logger - INFO - epoch 168, train loss: 0.0002
2023-06-22 15:36:11,668 - my_logger - INFO - evaluating......
2023-06-22 15:36:11,668 - my_logger - INFO - epoch 168, valid loss: 0.9922, valid auc: 95.69%
2023-06-22 15:36:11,671 - my_logger - INFO - epoch 169, train loss: 0.0002
2023-06-22 15:36:11,676 - my_logger - INFO - epoch 170, train loss: 0.0002
2023-06-22 15:36:11,679 - my_logger - INFO - evaluating......
2023-06-22 15:36:11,680 - my_logger - INFO - epoch 170, valid loss: 0.9952, valid auc: 95.69%
2023-06-22 15:36:11,683 - my_logger - INFO - epoch 171, train loss: 0.0002
2023-06-22 15:36:11,687 - my_logger - INFO - epoch 172, train loss: 0.0002
2023-06-22 15:36:11,691 - my_logger - INFO - evaluating......
2023-06-22 15:36:11,691 - my_logger - INFO - epoch 172, valid loss: 0.9982, valid auc: 95.69%
2023-06-22 15:36:11,694 - my_logger - INFO - epoch 173, train loss: 0.0002
2023-06-22 15:36:11,699 - my_logger - INFO - epoch 174, train loss: 0.0002
2023-06-22 15:36:11,703 - my_logger - INFO - evaluating......
2023-06-22 15:36:11,703 - my_logger - INFO - epoch 174, valid loss: 1.0013, valid auc: 95.69%
2023-06-22 15:36:11,706 - my_logger - INFO - epoch 175, train loss: 0.0002
2023-06-22 15:36:11,710 - my_logger - INFO - epoch 176, train loss: 0.0002
2023-06-22 15:36:11,714 - my_logger - INFO - evaluating......
2023-06-22 15:36:11,714 - my_logger - INFO - epoch 176, valid loss: 1.0045, valid auc: 95.69%
2023-06-22 15:36:11,717 - my_logger - INFO - epoch 177, train loss: 0.0002
2023-06-22 15:36:11,722 - my_logger - INFO - epoch 178, train loss: 0.0002
2023-06-22 15:36:11,725 - my_logger - INFO - evaluating......
2023-06-22 15:36:11,726 - my_logger - INFO - epoch 178, valid loss: 1.0075, valid auc: 95.69%
2023-06-22 15:36:11,729 - my_logger - INFO - epoch 179, train loss: 0.0002
2023-06-22 15:36:11,733 - my_logger - INFO - epoch 180, train loss: 0.0002
2023-06-22 15:36:11,737 - my_logger - INFO - evaluating......
2023-06-22 15:36:11,737 - my_logger - INFO - epoch 180, valid loss: 1.0103, valid auc: 95.69%
2023-06-22 15:36:11,740 - my_logger - INFO - epoch 181, train loss: 0.0002
2023-06-22 15:36:11,744 - my_logger - INFO - epoch 182, train loss: 0.0002
2023-06-22 15:36:11,748 - my_logger - INFO - evaluating......
2023-06-22 15:36:11,748 - my_logger - INFO - epoch 182, valid loss: 1.0133, valid auc: 95.69%
2023-06-22 15:36:11,751 - my_logger - INFO - epoch 183, train loss: 0.0002
2023-06-22 15:36:11,755 - my_logger - INFO - epoch 184, train loss: 0.0002
2023-06-22 15:36:11,759 - my_logger - INFO - evaluating......
2023-06-22 15:36:11,759 - my_logger - INFO - epoch 184, valid loss: 1.0163, valid auc: 95.69%
2023-06-22 15:36:11,762 - my_logger - INFO - epoch 185, train loss: 0.0002
2023-06-22 15:36:11,766 - my_logger - INFO - epoch 186, train loss: 0.0002
2023-06-22 15:36:11,770 - my_logger - INFO - evaluating......
2023-06-22 15:36:11,770 - my_logger - INFO - epoch 186, valid loss: 1.0192, valid auc: 95.69%
2023-06-22 15:36:11,773 - my_logger - INFO - epoch 187, train loss: 0.0002
2023-06-22 15:36:11,777 - my_logger - INFO - epoch 188, train loss: 0.0002
2023-06-22 15:36:11,781 - my_logger - INFO - evaluating......
2023-06-22 15:36:11,781 - my_logger - INFO - epoch 188, valid loss: 1.0219, valid auc: 95.69%
2023-06-22 15:36:11,784 - my_logger - INFO - epoch 189, train loss: 0.0002
2023-06-22 15:36:11,789 - my_logger - INFO - epoch 190, train loss: 0.0002
2023-06-22 15:36:11,793 - my_logger - INFO - evaluating......
2023-06-22 15:36:11,793 - my_logger - INFO - epoch 190, valid loss: 1.0246, valid auc: 95.69%
2023-06-22 15:36:11,798 - my_logger - INFO - epoch 191, train loss: 0.0001
2023-06-22 15:36:11,803 - my_logger - INFO - epoch 192, train loss: 0.0001
2023-06-22 15:36:11,808 - my_logger - INFO - evaluating......
2023-06-22 15:36:11,808 - my_logger - INFO - epoch 192, valid loss: 1.0274, valid auc: 95.69%
2023-06-22 15:36:11,814 - my_logger - INFO - epoch 193, train loss: 0.0001
2023-06-22 15:36:11,818 - my_logger - INFO - epoch 194, train loss: 0.0001
2023-06-22 15:36:11,822 - my_logger - INFO - evaluating......
2023-06-22 15:36:11,823 - my_logger - INFO - epoch 194, valid loss: 1.0302, valid auc: 95.69%
2023-06-22 15:36:11,825 - my_logger - INFO - epoch 195, train loss: 0.0001
2023-06-22 15:36:11,830 - my_logger - INFO - epoch 196, train loss: 0.0001
2023-06-22 15:36:11,834 - my_logger - INFO - evaluating......
2023-06-22 15:36:11,834 - my_logger - INFO - epoch 196, valid loss: 1.0328, valid auc: 95.69%
2023-06-22 15:36:11,837 - my_logger - INFO - epoch 197, train loss: 0.0001
2023-06-22 15:36:11,842 - my_logger - INFO - epoch 198, train loss: 0.0001
2023-06-22 15:36:11,846 - my_logger - INFO - evaluating......
2023-06-22 15:36:11,846 - my_logger - INFO - epoch 198, valid loss: 1.0355, valid auc: 95.69%
2023-06-22 15:36:11,849 - my_logger - INFO - epoch 199, train loss: 0.0001
2023-06-22 15:36:11,851 - my_logger - INFO - total train time used: 2.0586s
2023-06-22 15:36:11,851 - my_logger - INFO - testing......
2023-06-22 15:36:11,857 - my_logger - INFO - test auc: 94.94%
