2023-06-07 15:36:19,499 - my_logger - INFO - training......
2023-06-07 15:36:20,263 - my_logger - INFO - epoch 0, train loss: 0.7171
2023-06-07 15:36:20,272 - my_logger - INFO - evaluating......
2023-06-07 15:36:20,272 - my_logger - INFO - epoch 0, valid loss: 0.7170, valid auc: 52.16%
2023-06-07 15:36:20,277 - my_logger - INFO - epoch 1, train loss: 0.7001
2023-06-07 15:36:20,283 - my_logger - INFO - epoch 2, train loss: 0.6945
2023-06-07 15:36:20,287 - my_logger - INFO - evaluating......
2023-06-07 15:36:20,288 - my_logger - INFO - epoch 2, valid loss: 0.6948, valid auc: 64.07%
2023-06-07 15:36:20,292 - my_logger - INFO - epoch 3, train loss: 0.6918
2023-06-07 15:36:20,298 - my_logger - INFO - epoch 4, train loss: 0.6897
2023-06-07 15:36:20,302 - my_logger - INFO - evaluating......
2023-06-07 15:36:20,303 - my_logger - INFO - epoch 4, valid loss: 0.6902, valid auc: 70.46%
2023-06-07 15:36:20,307 - my_logger - INFO - epoch 5, train loss: 0.6866
2023-06-07 15:36:20,312 - my_logger - INFO - epoch 6, train loss: 0.6821
2023-06-07 15:36:20,317 - my_logger - INFO - evaluating......
2023-06-07 15:36:20,318 - my_logger - INFO - epoch 6, valid loss: 0.6842, valid auc: 68.78%
2023-06-07 15:36:20,321 - my_logger - INFO - epoch 7, train loss: 0.6754
2023-06-07 15:36:20,326 - my_logger - INFO - epoch 8, train loss: 0.6660
2023-06-07 15:36:20,331 - my_logger - INFO - evaluating......
2023-06-07 15:36:20,331 - my_logger - INFO - epoch 8, valid loss: 0.6701, valid auc: 74.77%
2023-06-07 15:36:20,336 - my_logger - INFO - epoch 9, train loss: 0.6539
2023-06-07 15:36:20,341 - my_logger - INFO - epoch 10, train loss: 0.6398
2023-06-07 15:36:20,347 - my_logger - INFO - evaluating......
2023-06-07 15:36:20,348 - my_logger - INFO - epoch 10, valid loss: 0.6451, valid auc: 79.32%
2023-06-07 15:36:20,352 - my_logger - INFO - epoch 11, train loss: 0.6238
2023-06-07 15:36:20,358 - my_logger - INFO - epoch 12, train loss: 0.6072
2023-06-07 15:36:20,363 - my_logger - INFO - evaluating......
2023-06-07 15:36:20,364 - my_logger - INFO - epoch 12, valid loss: 0.6156, valid auc: 79.36%
2023-06-07 15:36:20,368 - my_logger - INFO - epoch 13, train loss: 0.5920
2023-06-07 15:36:20,374 - my_logger - INFO - epoch 14, train loss: 0.5793
2023-06-07 15:36:20,380 - my_logger - INFO - evaluating......
2023-06-07 15:36:20,380 - my_logger - INFO - epoch 14, valid loss: 0.5918, valid auc: 79.56%
2023-06-07 15:36:20,384 - my_logger - INFO - epoch 15, train loss: 0.5695
2023-06-07 15:36:20,389 - my_logger - INFO - epoch 16, train loss: 0.5613
2023-06-07 15:36:20,394 - my_logger - INFO - evaluating......
2023-06-07 15:36:20,395 - my_logger - INFO - epoch 16, valid loss: 0.5801, valid auc: 80.18%
2023-06-07 15:36:20,399 - my_logger - INFO - epoch 17, train loss: 0.5539
2023-06-07 15:36:20,404 - my_logger - INFO - epoch 18, train loss: 0.5463
2023-06-07 15:36:20,409 - my_logger - INFO - evaluating......
2023-06-07 15:36:20,409 - my_logger - INFO - epoch 18, valid loss: 0.5706, valid auc: 81.47%
2023-06-07 15:36:20,414 - my_logger - INFO - epoch 19, train loss: 0.5382
2023-06-07 15:36:20,420 - my_logger - INFO - epoch 20, train loss: 0.5294
2023-06-07 15:36:20,424 - my_logger - INFO - evaluating......
2023-06-07 15:36:20,425 - my_logger - INFO - epoch 20, valid loss: 0.5603, valid auc: 83.16%
2023-06-07 15:36:20,430 - my_logger - INFO - epoch 21, train loss: 0.5203
2023-06-07 15:36:20,435 - my_logger - INFO - epoch 22, train loss: 0.5113
2023-06-07 15:36:20,440 - my_logger - INFO - evaluating......
2023-06-07 15:36:20,440 - my_logger - INFO - epoch 22, valid loss: 0.5495, valid auc: 84.70%
2023-06-07 15:36:20,445 - my_logger - INFO - epoch 23, train loss: 0.5034
2023-06-07 15:36:20,451 - my_logger - INFO - epoch 24, train loss: 0.4979
2023-06-07 15:36:20,456 - my_logger - INFO - evaluating......
2023-06-07 15:36:20,456 - my_logger - INFO - epoch 24, valid loss: 0.5435, valid auc: 85.55%
2023-06-07 15:36:20,460 - my_logger - INFO - epoch 25, train loss: 0.4946
2023-06-07 15:36:20,466 - my_logger - INFO - epoch 26, train loss: 0.4918
2023-06-07 15:36:20,471 - my_logger - INFO - evaluating......
2023-06-07 15:36:20,471 - my_logger - INFO - epoch 26, valid loss: 0.5451, valid auc: 86.03%
2023-06-07 15:36:20,476 - my_logger - INFO - epoch 27, train loss: 0.4876
2023-06-07 15:36:20,482 - my_logger - INFO - epoch 28, train loss: 0.4823
2023-06-07 15:36:20,487 - my_logger - INFO - evaluating......
2023-06-07 15:36:20,487 - my_logger - INFO - epoch 28, valid loss: 0.5427, valid auc: 86.28%
2023-06-07 15:36:20,491 - my_logger - INFO - epoch 29, train loss: 0.4762
2023-06-07 15:36:20,498 - my_logger - INFO - epoch 30, train loss: 0.4699
2023-06-07 15:36:20,502 - my_logger - INFO - evaluating......
2023-06-07 15:36:20,503 - my_logger - INFO - epoch 30, valid loss: 0.5386, valid auc: 86.64%
2023-06-07 15:36:20,507 - my_logger - INFO - epoch 31, train loss: 0.4631
2023-06-07 15:36:20,514 - my_logger - INFO - epoch 32, train loss: 0.4562
2023-06-07 15:36:20,518 - my_logger - INFO - evaluating......
2023-06-07 15:36:20,519 - my_logger - INFO - epoch 32, valid loss: 0.5355, valid auc: 87.03%
2023-06-07 15:36:20,523 - my_logger - INFO - epoch 33, train loss: 0.4496
2023-06-07 15:36:20,528 - my_logger - INFO - epoch 34, train loss: 0.4437
2023-06-07 15:36:20,533 - my_logger - INFO - evaluating......
2023-06-07 15:36:20,533 - my_logger - INFO - epoch 34, valid loss: 0.5380, valid auc: 87.26%
2023-06-07 15:36:20,537 - my_logger - INFO - epoch 35, train loss: 0.4381
2023-06-07 15:36:20,543 - my_logger - INFO - epoch 36, train loss: 0.4325
2023-06-07 15:36:20,548 - my_logger - INFO - evaluating......
2023-06-07 15:36:20,548 - my_logger - INFO - epoch 36, valid loss: 0.5413, valid auc: 87.42%
2023-06-07 15:36:20,552 - my_logger - INFO - epoch 37, train loss: 0.4266
2023-06-07 15:36:20,557 - my_logger - INFO - epoch 38, train loss: 0.4205
2023-06-07 15:36:20,562 - my_logger - INFO - evaluating......
2023-06-07 15:36:20,562 - my_logger - INFO - epoch 38, valid loss: 0.5408, valid auc: 87.67%
2023-06-07 15:36:20,567 - my_logger - INFO - epoch 39, train loss: 0.4142
2023-06-07 15:36:20,572 - my_logger - INFO - epoch 40, train loss: 0.4079
2023-06-07 15:36:20,577 - my_logger - INFO - evaluating......
2023-06-07 15:36:20,577 - my_logger - INFO - epoch 40, valid loss: 0.5411, valid auc: 87.88%
2023-06-07 15:36:20,581 - my_logger - INFO - epoch 41, train loss: 0.4017
2023-06-07 15:36:20,586 - my_logger - INFO - epoch 42, train loss: 0.3955
2023-06-07 15:36:20,591 - my_logger - INFO - evaluating......
2023-06-07 15:36:20,591 - my_logger - INFO - epoch 42, valid loss: 0.5457, valid auc: 88.12%
2023-06-07 15:36:20,596 - my_logger - INFO - epoch 43, train loss: 0.3894
2023-06-07 15:36:20,601 - my_logger - INFO - epoch 44, train loss: 0.3831
2023-06-07 15:36:20,606 - my_logger - INFO - evaluating......
2023-06-07 15:36:20,606 - my_logger - INFO - epoch 44, valid loss: 0.5513, valid auc: 88.34%
2023-06-07 15:36:20,610 - my_logger - INFO - epoch 45, train loss: 0.3767
2023-06-07 15:36:20,616 - my_logger - INFO - epoch 46, train loss: 0.3701
2023-06-07 15:36:20,620 - my_logger - INFO - evaluating......
2023-06-07 15:36:20,621 - my_logger - INFO - epoch 46, valid loss: 0.5573, valid auc: 88.48%
2023-06-07 15:36:20,625 - my_logger - INFO - epoch 47, train loss: 0.3636
2023-06-07 15:36:20,631 - my_logger - INFO - epoch 48, train loss: 0.3571
2023-06-07 15:36:20,636 - my_logger - INFO - evaluating......
2023-06-07 15:36:20,636 - my_logger - INFO - epoch 48, valid loss: 0.5644, valid auc: 88.50%
2023-06-07 15:36:20,640 - my_logger - INFO - epoch 49, train loss: 0.3509
2023-06-07 15:36:20,646 - my_logger - INFO - epoch 50, train loss: 0.3447
2023-06-07 15:36:20,651 - my_logger - INFO - evaluating......
2023-06-07 15:36:20,651 - my_logger - INFO - epoch 50, valid loss: 0.5730, valid auc: 88.41%
2023-06-07 15:36:20,654 - my_logger - INFO - epoch 51, train loss: 0.3386
2023-06-07 15:36:20,659 - my_logger - INFO - epoch 52, train loss: 0.3325
2023-06-07 15:36:20,665 - my_logger - INFO - evaluating......
2023-06-07 15:36:20,665 - my_logger - INFO - epoch 52, valid loss: 0.5833, valid auc: 88.23%
2023-06-07 15:36:20,667 - my_logger - INFO - epoch 53, train loss: 0.3263
2023-06-07 15:36:20,673 - my_logger - INFO - epoch 54, train loss: 0.3201
2023-06-07 15:36:20,677 - my_logger - INFO - evaluating......
2023-06-07 15:36:20,678 - my_logger - INFO - epoch 54, valid loss: 0.5953, valid auc: 88.03%
2023-06-07 15:36:20,680 - my_logger - INFO - epoch 55, train loss: 0.3138
2023-06-07 15:36:20,685 - my_logger - INFO - epoch 56, train loss: 0.3076
2023-06-07 15:36:20,690 - my_logger - INFO - evaluating......
2023-06-07 15:36:20,690 - my_logger - INFO - epoch 56, valid loss: 0.6074, valid auc: 87.83%
2023-06-07 15:36:20,693 - my_logger - INFO - epoch 57, train loss: 0.3014
2023-06-07 15:36:20,698 - my_logger - INFO - epoch 58, train loss: 0.2951
2023-06-07 15:36:20,702 - my_logger - INFO - evaluating......
2023-06-07 15:36:20,702 - my_logger - INFO - epoch 58, valid loss: 0.6195, valid auc: 87.65%
2023-06-07 15:36:20,705 - my_logger - INFO - epoch 59, train loss: 0.2890
2023-06-07 15:36:20,710 - my_logger - INFO - epoch 60, train loss: 0.2828
2023-06-07 15:36:20,715 - my_logger - INFO - evaluating......
2023-06-07 15:36:20,715 - my_logger - INFO - epoch 60, valid loss: 0.6349, valid auc: 87.43%
2023-06-07 15:36:20,717 - my_logger - INFO - epoch 61, train loss: 0.2767
2023-06-07 15:36:20,722 - my_logger - INFO - epoch 62, train loss: 0.2706
2023-06-07 15:36:20,727 - my_logger - INFO - evaluating......
2023-06-07 15:36:20,727 - my_logger - INFO - epoch 62, valid loss: 0.6532, valid auc: 87.31%
2023-06-07 15:36:20,729 - my_logger - INFO - epoch 63, train loss: 0.2644
2023-06-07 15:36:20,734 - my_logger - INFO - epoch 64, train loss: 0.2583
2023-06-07 15:36:20,738 - my_logger - INFO - evaluating......
2023-06-07 15:36:20,738 - my_logger - INFO - epoch 64, valid loss: 0.6720, valid auc: 87.20%
2023-06-07 15:36:20,741 - my_logger - INFO - epoch 65, train loss: 0.2523
2023-06-07 15:36:20,746 - my_logger - INFO - epoch 66, train loss: 0.2462
2023-06-07 15:36:20,750 - my_logger - INFO - evaluating......
2023-06-07 15:36:20,750 - my_logger - INFO - epoch 66, valid loss: 0.6914, valid auc: 87.10%
2023-06-07 15:36:20,753 - my_logger - INFO - epoch 67, train loss: 0.2400
2023-06-07 15:36:20,758 - my_logger - INFO - epoch 68, train loss: 0.2339
2023-06-07 15:36:20,762 - my_logger - INFO - evaluating......
2023-06-07 15:36:20,762 - my_logger - INFO - epoch 68, valid loss: 0.7118, valid auc: 86.92%
2023-06-07 15:36:20,765 - my_logger - INFO - epoch 69, train loss: 0.2280
2023-06-07 15:36:20,770 - my_logger - INFO - epoch 70, train loss: 0.2221
2023-06-07 15:36:20,774 - my_logger - INFO - evaluating......
2023-06-07 15:36:20,774 - my_logger - INFO - epoch 70, valid loss: 0.7356, valid auc: 86.71%
2023-06-07 15:36:20,777 - my_logger - INFO - epoch 71, train loss: 0.2161
2023-06-07 15:36:20,782 - my_logger - INFO - epoch 72, train loss: 0.2100
2023-06-07 15:36:20,786 - my_logger - INFO - evaluating......
2023-06-07 15:36:20,786 - my_logger - INFO - epoch 72, valid loss: 0.7609, valid auc: 86.60%
2023-06-07 15:36:20,789 - my_logger - INFO - epoch 73, train loss: 0.2041
2023-06-07 15:36:20,794 - my_logger - INFO - epoch 74, train loss: 0.1982
2023-06-07 15:36:20,798 - my_logger - INFO - evaluating......
2023-06-07 15:36:20,798 - my_logger - INFO - epoch 74, valid loss: 0.7898, valid auc: 86.45%
2023-06-07 15:36:20,801 - my_logger - INFO - epoch 75, train loss: 0.1923
2023-06-07 15:36:20,806 - my_logger - INFO - epoch 76, train loss: 0.1864
2023-06-07 15:36:20,810 - my_logger - INFO - evaluating......
2023-06-07 15:36:20,811 - my_logger - INFO - epoch 76, valid loss: 0.8218, valid auc: 86.23%
2023-06-07 15:36:20,813 - my_logger - INFO - epoch 77, train loss: 0.1806
2023-06-07 15:36:20,818 - my_logger - INFO - epoch 78, train loss: 0.1749
2023-06-07 15:36:20,822 - my_logger - INFO - evaluating......
2023-06-07 15:36:20,822 - my_logger - INFO - epoch 78, valid loss: 0.8563, valid auc: 85.96%
2023-06-07 15:36:20,825 - my_logger - INFO - epoch 79, train loss: 0.1692
2023-06-07 15:36:20,830 - my_logger - INFO - epoch 80, train loss: 0.1635
2023-06-07 15:36:20,834 - my_logger - INFO - evaluating......
2023-06-07 15:36:20,835 - my_logger - INFO - epoch 80, valid loss: 0.8926, valid auc: 85.74%
2023-06-07 15:36:20,837 - my_logger - INFO - epoch 81, train loss: 0.1578
2023-06-07 15:36:20,842 - my_logger - INFO - epoch 82, train loss: 0.1522
2023-06-07 15:36:20,847 - my_logger - INFO - evaluating......
2023-06-07 15:36:20,847 - my_logger - INFO - epoch 82, valid loss: 0.9309, valid auc: 85.64%
2023-06-07 15:36:20,850 - my_logger - INFO - epoch 83, train loss: 0.1467
2023-06-07 15:36:20,854 - my_logger - INFO - epoch 84, train loss: 0.1413
2023-06-07 15:36:20,859 - my_logger - INFO - evaluating......
2023-06-07 15:36:20,859 - my_logger - INFO - epoch 84, valid loss: 0.9701, valid auc: 85.58%
2023-06-07 15:36:20,862 - my_logger - INFO - epoch 85, train loss: 0.1358
2023-06-07 15:36:20,868 - my_logger - INFO - epoch 86, train loss: 0.1303
2023-06-07 15:36:20,872 - my_logger - INFO - evaluating......
2023-06-07 15:36:20,873 - my_logger - INFO - epoch 86, valid loss: 1.0120, valid auc: 85.51%
2023-06-07 15:36:20,875 - my_logger - INFO - epoch 87, train loss: 0.1249
2023-06-07 15:36:20,880 - my_logger - INFO - epoch 88, train loss: 0.1198
2023-06-07 15:36:20,885 - my_logger - INFO - evaluating......
2023-06-07 15:36:20,885 - my_logger - INFO - epoch 88, valid loss: 1.0604, valid auc: 85.38%
2023-06-07 15:36:20,887 - my_logger - INFO - epoch 89, train loss: 0.1148
2023-06-07 15:36:20,892 - my_logger - INFO - epoch 90, train loss: 0.1099
2023-06-07 15:36:20,897 - my_logger - INFO - evaluating......
2023-06-07 15:36:20,897 - my_logger - INFO - epoch 90, valid loss: 1.1119, valid auc: 85.21%
2023-06-07 15:36:20,900 - my_logger - INFO - epoch 91, train loss: 0.1050
2023-06-07 15:36:20,904 - my_logger - INFO - epoch 92, train loss: 0.1000
2023-06-07 15:36:20,909 - my_logger - INFO - evaluating......
2023-06-07 15:36:20,909 - my_logger - INFO - epoch 92, valid loss: 1.1665, valid auc: 85.07%
2023-06-07 15:36:20,911 - my_logger - INFO - epoch 93, train loss: 0.0951
2023-06-07 15:36:20,917 - my_logger - INFO - epoch 94, train loss: 0.0905
2023-06-07 15:36:20,921 - my_logger - INFO - evaluating......
2023-06-07 15:36:20,922 - my_logger - INFO - epoch 94, valid loss: 1.2263, valid auc: 84.95%
2023-06-07 15:36:20,924 - my_logger - INFO - epoch 95, train loss: 0.0860
2023-06-07 15:36:20,929 - my_logger - INFO - epoch 96, train loss: 0.0817
2023-06-07 15:36:20,934 - my_logger - INFO - evaluating......
2023-06-07 15:36:20,934 - my_logger - INFO - epoch 96, valid loss: 1.2930, valid auc: 84.84%
2023-06-07 15:36:20,937 - my_logger - INFO - epoch 97, train loss: 0.0774
2023-06-07 15:36:20,941 - my_logger - INFO - epoch 98, train loss: 0.0731
2023-06-07 15:36:20,946 - my_logger - INFO - evaluating......
2023-06-07 15:36:20,946 - my_logger - INFO - epoch 98, valid loss: 1.3610, valid auc: 84.69%
2023-06-07 15:36:20,949 - my_logger - INFO - epoch 99, train loss: 0.0690
2023-06-07 15:36:20,954 - my_logger - INFO - epoch 100, train loss: 0.0650
2023-06-07 15:36:20,958 - my_logger - INFO - evaluating......
2023-06-07 15:36:20,958 - my_logger - INFO - epoch 100, valid loss: 1.4315, valid auc: 84.59%
2023-06-07 15:36:20,961 - my_logger - INFO - epoch 101, train loss: 0.0612
2023-06-07 15:36:20,966 - my_logger - INFO - epoch 102, train loss: 0.0575
2023-06-07 15:36:20,970 - my_logger - INFO - evaluating......
2023-06-07 15:36:20,970 - my_logger - INFO - epoch 102, valid loss: 1.5060, valid auc: 84.57%
2023-06-07 15:36:20,973 - my_logger - INFO - epoch 103, train loss: 0.0540
2023-06-07 15:36:20,978 - my_logger - INFO - epoch 104, train loss: 0.0506
2023-06-07 15:36:20,982 - my_logger - INFO - evaluating......
2023-06-07 15:36:20,982 - my_logger - INFO - epoch 104, valid loss: 1.5847, valid auc: 84.53%
2023-06-07 15:36:20,985 - my_logger - INFO - epoch 105, train loss: 0.0473
2023-06-07 15:36:20,990 - my_logger - INFO - epoch 106, train loss: 0.0441
2023-06-07 15:36:20,994 - my_logger - INFO - evaluating......
2023-06-07 15:36:20,995 - my_logger - INFO - epoch 106, valid loss: 1.6721, valid auc: 84.43%
2023-06-07 15:36:20,997 - my_logger - INFO - epoch 107, train loss: 0.0412
2023-06-07 15:36:21,002 - my_logger - INFO - epoch 108, train loss: 0.0383
2023-06-07 15:36:21,006 - my_logger - INFO - evaluating......
2023-06-07 15:36:21,007 - my_logger - INFO - epoch 108, valid loss: 1.7579, valid auc: 84.38%
2023-06-07 15:36:21,009 - my_logger - INFO - epoch 109, train loss: 0.0356
2023-06-07 15:36:21,014 - my_logger - INFO - epoch 110, train loss: 0.0330
2023-06-07 15:36:21,019 - my_logger - INFO - evaluating......
2023-06-07 15:36:21,019 - my_logger - INFO - epoch 110, valid loss: 1.8442, valid auc: 84.37%
2023-06-07 15:36:21,021 - my_logger - INFO - epoch 111, train loss: 0.0306
2023-06-07 15:36:21,026 - my_logger - INFO - epoch 112, train loss: 0.0283
2023-06-07 15:36:21,031 - my_logger - INFO - evaluating......
2023-06-07 15:36:21,031 - my_logger - INFO - epoch 112, valid loss: 1.9383, valid auc: 84.31%
2023-06-07 15:36:21,033 - my_logger - INFO - epoch 113, train loss: 0.0261
2023-06-07 15:36:21,038 - my_logger - INFO - epoch 114, train loss: 0.0241
2023-06-07 15:36:21,043 - my_logger - INFO - evaluating......
2023-06-07 15:36:21,043 - my_logger - INFO - epoch 114, valid loss: 2.0299, valid auc: 84.26%
2023-06-07 15:36:21,045 - my_logger - INFO - epoch 115, train loss: 0.0222
2023-06-07 15:36:21,050 - my_logger - INFO - epoch 116, train loss: 0.0204
2023-06-07 15:36:21,055 - my_logger - INFO - evaluating......
2023-06-07 15:36:21,055 - my_logger - INFO - epoch 116, valid loss: 2.1253, valid auc: 84.25%
2023-06-07 15:36:21,057 - my_logger - INFO - epoch 117, train loss: 0.0188
2023-06-07 15:36:21,062 - my_logger - INFO - epoch 118, train loss: 0.0173
2023-06-07 15:36:21,066 - my_logger - INFO - evaluating......
2023-06-07 15:36:21,067 - my_logger - INFO - epoch 118, valid loss: 2.2225, valid auc: 84.22%
2023-06-07 15:36:21,069 - my_logger - INFO - epoch 119, train loss: 0.0158
2023-06-07 15:36:21,074 - my_logger - INFO - epoch 120, train loss: 0.0145
2023-06-07 15:36:21,079 - my_logger - INFO - evaluating......
2023-06-07 15:36:21,079 - my_logger - INFO - epoch 120, valid loss: 2.3206, valid auc: 84.20%
2023-06-07 15:36:21,082 - my_logger - INFO - epoch 121, train loss: 0.0133
2023-06-07 15:36:21,086 - my_logger - INFO - epoch 122, train loss: 0.0122
2023-06-07 15:36:21,091 - my_logger - INFO - evaluating......
2023-06-07 15:36:21,091 - my_logger - INFO - epoch 122, valid loss: 2.4165, valid auc: 84.19%
2023-06-07 15:36:21,094 - my_logger - INFO - epoch 123, train loss: 0.0112
2023-06-07 15:36:21,099 - my_logger - INFO - epoch 124, train loss: 0.0103
2023-06-07 15:36:21,103 - my_logger - INFO - evaluating......
2023-06-07 15:36:21,103 - my_logger - INFO - epoch 124, valid loss: 2.5116, valid auc: 84.19%
2023-06-07 15:36:21,106 - my_logger - INFO - epoch 125, train loss: 0.0094
2023-06-07 15:36:21,111 - my_logger - INFO - epoch 126, train loss: 0.0086
2023-06-07 15:36:21,116 - my_logger - INFO - evaluating......
2023-06-07 15:36:21,116 - my_logger - INFO - epoch 126, valid loss: 2.6011, valid auc: 84.19%
2023-06-07 15:36:21,119 - my_logger - INFO - epoch 127, train loss: 0.0079
2023-06-07 15:36:21,124 - my_logger - INFO - epoch 128, train loss: 0.0073
2023-06-07 15:36:21,129 - my_logger - INFO - evaluating......
2023-06-07 15:36:21,129 - my_logger - INFO - epoch 128, valid loss: 2.6869, valid auc: 84.18%
2023-06-07 15:36:21,132 - my_logger - INFO - epoch 129, train loss: 0.0067
2023-06-07 15:36:21,138 - my_logger - INFO - epoch 130, train loss: 0.0061
2023-06-07 15:36:21,143 - my_logger - INFO - evaluating......
2023-06-07 15:36:21,144 - my_logger - INFO - epoch 130, valid loss: 2.7707, valid auc: 84.18%
2023-06-07 15:36:21,147 - my_logger - INFO - epoch 131, train loss: 0.0056
2023-06-07 15:36:21,153 - my_logger - INFO - epoch 132, train loss: 0.0052
2023-06-07 15:36:21,158 - my_logger - INFO - evaluating......
2023-06-07 15:36:21,158 - my_logger - INFO - epoch 132, valid loss: 2.8506, valid auc: 84.17%
2023-06-07 15:36:21,161 - my_logger - INFO - epoch 133, train loss: 0.0048
2023-06-07 15:36:21,167 - my_logger - INFO - epoch 134, train loss: 0.0044
2023-06-07 15:36:21,172 - my_logger - INFO - evaluating......
2023-06-07 15:36:21,172 - my_logger - INFO - epoch 134, valid loss: 2.9253, valid auc: 84.18%
2023-06-07 15:36:21,174 - my_logger - INFO - epoch 135, train loss: 0.0041
2023-06-07 15:36:21,181 - my_logger - INFO - epoch 136, train loss: 0.0038
2023-06-07 15:36:21,186 - my_logger - INFO - evaluating......
2023-06-07 15:36:21,186 - my_logger - INFO - epoch 136, valid loss: 2.9975, valid auc: 84.17%
2023-06-07 15:36:21,188 - my_logger - INFO - epoch 137, train loss: 0.0035
2023-06-07 15:36:21,194 - my_logger - INFO - epoch 138, train loss: 0.0033
2023-06-07 15:36:21,199 - my_logger - INFO - evaluating......
2023-06-07 15:36:21,199 - my_logger - INFO - epoch 138, valid loss: 3.0659, valid auc: 84.18%
2023-06-07 15:36:21,202 - my_logger - INFO - epoch 139, train loss: 0.0030
2023-06-07 15:36:21,207 - my_logger - INFO - epoch 140, train loss: 0.0028
2023-06-07 15:36:21,213 - my_logger - INFO - evaluating......
2023-06-07 15:36:21,213 - my_logger - INFO - epoch 140, valid loss: 3.1302, valid auc: 84.18%
2023-06-07 15:36:21,216 - my_logger - INFO - epoch 141, train loss: 0.0027
2023-06-07 15:36:21,221 - my_logger - INFO - epoch 142, train loss: 0.0025
2023-06-07 15:36:21,225 - my_logger - INFO - evaluating......
2023-06-07 15:36:21,226 - my_logger - INFO - epoch 142, valid loss: 3.1903, valid auc: 84.18%
2023-06-07 15:36:21,229 - my_logger - INFO - epoch 143, train loss: 0.0024
2023-06-07 15:36:21,234 - my_logger - INFO - epoch 144, train loss: 0.0022
2023-06-07 15:36:21,239 - my_logger - INFO - evaluating......
2023-06-07 15:36:21,239 - my_logger - INFO - epoch 144, valid loss: 3.2453, valid auc: 84.19%
2023-06-07 15:36:21,242 - my_logger - INFO - epoch 145, train loss: 0.0021
2023-06-07 15:36:21,247 - my_logger - INFO - epoch 146, train loss: 0.0020
2023-06-07 15:36:21,252 - my_logger - INFO - evaluating......
2023-06-07 15:36:21,252 - my_logger - INFO - epoch 146, valid loss: 3.2969, valid auc: 84.19%
2023-06-07 15:36:21,255 - my_logger - INFO - epoch 147, train loss: 0.0019
2023-06-07 15:36:21,260 - my_logger - INFO - epoch 148, train loss: 0.0018
2023-06-07 15:36:21,265 - my_logger - INFO - evaluating......
2023-06-07 15:36:21,265 - my_logger - INFO - epoch 148, valid loss: 3.3459, valid auc: 84.20%
2023-06-07 15:36:21,268 - my_logger - INFO - epoch 149, train loss: 0.0017
2023-06-07 15:36:21,273 - my_logger - INFO - epoch 150, train loss: 0.0016
2023-06-07 15:36:21,278 - my_logger - INFO - evaluating......
2023-06-07 15:36:21,278 - my_logger - INFO - epoch 150, valid loss: 3.3911, valid auc: 84.20%
2023-06-07 15:36:21,281 - my_logger - INFO - epoch 151, train loss: 0.0015
2023-06-07 15:36:21,286 - my_logger - INFO - epoch 152, train loss: 0.0015
2023-06-07 15:36:21,291 - my_logger - INFO - evaluating......
2023-06-07 15:36:21,291 - my_logger - INFO - epoch 152, valid loss: 3.4328, valid auc: 84.20%
2023-06-07 15:36:21,294 - my_logger - INFO - epoch 153, train loss: 0.0014
2023-06-07 15:36:21,300 - my_logger - INFO - epoch 154, train loss: 0.0014
2023-06-07 15:36:21,304 - my_logger - INFO - evaluating......
2023-06-07 15:36:21,304 - my_logger - INFO - epoch 154, valid loss: 3.4723, valid auc: 84.20%
2023-06-07 15:36:21,307 - my_logger - INFO - epoch 155, train loss: 0.0013
2023-06-07 15:36:21,313 - my_logger - INFO - epoch 156, train loss: 0.0013
2023-06-07 15:36:21,317 - my_logger - INFO - evaluating......
2023-06-07 15:36:21,317 - my_logger - INFO - epoch 156, valid loss: 3.5094, valid auc: 84.20%
2023-06-07 15:36:21,320 - my_logger - INFO - epoch 157, train loss: 0.0012
2023-06-07 15:36:21,325 - my_logger - INFO - epoch 158, train loss: 0.0012
2023-06-07 15:36:21,331 - my_logger - INFO - evaluating......
2023-06-07 15:36:21,331 - my_logger - INFO - epoch 158, valid loss: 3.5439, valid auc: 84.20%
2023-06-07 15:36:21,334 - my_logger - INFO - epoch 159, train loss: 0.0011
2023-06-07 15:36:21,339 - my_logger - INFO - epoch 160, train loss: 0.0011
2023-06-07 15:36:21,344 - my_logger - INFO - evaluating......
2023-06-07 15:36:21,344 - my_logger - INFO - epoch 160, valid loss: 3.5761, valid auc: 84.20%
2023-06-07 15:36:21,348 - my_logger - INFO - epoch 161, train loss: 0.0010
2023-06-07 15:36:21,353 - my_logger - INFO - epoch 162, train loss: 0.0010
2023-06-07 15:36:21,358 - my_logger - INFO - evaluating......
2023-06-07 15:36:21,359 - my_logger - INFO - epoch 162, valid loss: 3.6064, valid auc: 84.20%
2023-06-07 15:36:21,361 - my_logger - INFO - epoch 163, train loss: 0.0010
2023-06-07 15:36:21,367 - my_logger - INFO - epoch 164, train loss: 0.0010
2023-06-07 15:36:21,372 - my_logger - INFO - evaluating......
2023-06-07 15:36:21,372 - my_logger - INFO - epoch 164, valid loss: 3.6345, valid auc: 84.20%
2023-06-07 15:36:21,374 - my_logger - INFO - epoch 165, train loss: 0.0009
2023-06-07 15:36:21,381 - my_logger - INFO - epoch 166, train loss: 0.0009
2023-06-07 15:36:21,385 - my_logger - INFO - evaluating......
2023-06-07 15:36:21,386 - my_logger - INFO - epoch 166, valid loss: 3.6613, valid auc: 84.20%
2023-06-07 15:36:21,388 - my_logger - INFO - epoch 167, train loss: 0.0009
2023-06-07 15:36:21,394 - my_logger - INFO - epoch 168, train loss: 0.0009
2023-06-07 15:36:21,399 - my_logger - INFO - evaluating......
2023-06-07 15:36:21,399 - my_logger - INFO - epoch 168, valid loss: 3.6868, valid auc: 84.21%
2023-06-07 15:36:21,402 - my_logger - INFO - epoch 169, train loss: 0.0008
2023-06-07 15:36:21,407 - my_logger - INFO - epoch 170, train loss: 0.0008
2023-06-07 15:36:21,412 - my_logger - INFO - evaluating......
2023-06-07 15:36:21,412 - my_logger - INFO - epoch 170, valid loss: 3.7108, valid auc: 84.21%
2023-06-07 15:36:21,415 - my_logger - INFO - epoch 171, train loss: 0.0008
2023-06-07 15:36:21,420 - my_logger - INFO - epoch 172, train loss: 0.0008
2023-06-07 15:36:21,425 - my_logger - INFO - evaluating......
2023-06-07 15:36:21,425 - my_logger - INFO - epoch 172, valid loss: 3.7338, valid auc: 84.21%
2023-06-07 15:36:21,428 - my_logger - INFO - epoch 173, train loss: 0.0008
2023-06-07 15:36:21,434 - my_logger - INFO - epoch 174, train loss: 0.0007
2023-06-07 15:36:21,438 - my_logger - INFO - evaluating......
2023-06-07 15:36:21,438 - my_logger - INFO - epoch 174, valid loss: 3.7556, valid auc: 84.21%
2023-06-07 15:36:21,441 - my_logger - INFO - epoch 175, train loss: 0.0007
2023-06-07 15:36:21,447 - my_logger - INFO - epoch 176, train loss: 0.0007
2023-06-07 15:36:21,452 - my_logger - INFO - evaluating......
2023-06-07 15:36:21,452 - my_logger - INFO - epoch 176, valid loss: 3.7764, valid auc: 84.21%
2023-06-07 15:36:21,455 - my_logger - INFO - epoch 177, train loss: 0.0007
2023-06-07 15:36:21,460 - my_logger - INFO - epoch 178, train loss: 0.0007
2023-06-07 15:36:21,465 - my_logger - INFO - evaluating......
2023-06-07 15:36:21,465 - my_logger - INFO - epoch 178, valid loss: 3.7962, valid auc: 84.21%
2023-06-07 15:36:21,468 - my_logger - INFO - epoch 179, train loss: 0.0007
2023-06-07 15:36:21,473 - my_logger - INFO - epoch 180, train loss: 0.0006
2023-06-07 15:36:21,478 - my_logger - INFO - evaluating......
2023-06-07 15:36:21,478 - my_logger - INFO - epoch 180, valid loss: 3.8155, valid auc: 84.21%
2023-06-07 15:36:21,481 - my_logger - INFO - epoch 181, train loss: 0.0006
2023-06-07 15:36:21,486 - my_logger - INFO - epoch 182, train loss: 0.0006
2023-06-07 15:36:21,490 - my_logger - INFO - evaluating......
2023-06-07 15:36:21,490 - my_logger - INFO - epoch 182, valid loss: 3.8342, valid auc: 84.21%
2023-06-07 15:36:21,493 - my_logger - INFO - epoch 183, train loss: 0.0006
2023-06-07 15:36:21,498 - my_logger - INFO - epoch 184, train loss: 0.0006
2023-06-07 15:36:21,503 - my_logger - INFO - evaluating......
2023-06-07 15:36:21,503 - my_logger - INFO - epoch 184, valid loss: 3.8522, valid auc: 84.20%
2023-06-07 15:36:21,506 - my_logger - INFO - epoch 185, train loss: 0.0006
2023-06-07 15:36:21,511 - my_logger - INFO - epoch 186, train loss: 0.0006
2023-06-07 15:36:21,516 - my_logger - INFO - evaluating......
2023-06-07 15:36:21,516 - my_logger - INFO - epoch 186, valid loss: 3.8693, valid auc: 84.21%
2023-06-07 15:36:21,519 - my_logger - INFO - epoch 187, train loss: 0.0006
2023-06-07 15:36:21,525 - my_logger - INFO - epoch 188, train loss: 0.0006
2023-06-07 15:36:21,530 - my_logger - INFO - evaluating......
2023-06-07 15:36:21,530 - my_logger - INFO - epoch 188, valid loss: 3.8860, valid auc: 84.21%
2023-06-07 15:36:21,533 - my_logger - INFO - epoch 189, train loss: 0.0005
2023-06-07 15:36:21,538 - my_logger - INFO - epoch 190, train loss: 0.0005
2023-06-07 15:36:21,543 - my_logger - INFO - evaluating......
2023-06-07 15:36:21,543 - my_logger - INFO - epoch 190, valid loss: 3.9023, valid auc: 84.21%
2023-06-07 15:36:21,546 - my_logger - INFO - epoch 191, train loss: 0.0005
2023-06-07 15:36:21,552 - my_logger - INFO - epoch 192, train loss: 0.0005
2023-06-07 15:36:21,557 - my_logger - INFO - evaluating......
2023-06-07 15:36:21,557 - my_logger - INFO - epoch 192, valid loss: 3.9179, valid auc: 84.21%
2023-06-07 15:36:21,560 - my_logger - INFO - epoch 193, train loss: 0.0005
2023-06-07 15:36:21,565 - my_logger - INFO - epoch 194, train loss: 0.0005
2023-06-07 15:36:21,570 - my_logger - INFO - evaluating......
2023-06-07 15:36:21,570 - my_logger - INFO - epoch 194, valid loss: 3.9331, valid auc: 84.21%
2023-06-07 15:36:21,573 - my_logger - INFO - epoch 195, train loss: 0.0005
2023-06-07 15:36:21,578 - my_logger - INFO - epoch 196, train loss: 0.0005
2023-06-07 15:36:21,583 - my_logger - INFO - evaluating......
2023-06-07 15:36:21,583 - my_logger - INFO - epoch 196, valid loss: 3.9481, valid auc: 84.21%
2023-06-07 15:36:21,585 - my_logger - INFO - epoch 197, train loss: 0.0005
2023-06-07 15:36:21,590 - my_logger - INFO - epoch 198, train loss: 0.0005
2023-06-07 15:36:21,595 - my_logger - INFO - evaluating......
2023-06-07 15:36:21,595 - my_logger - INFO - epoch 198, valid loss: 3.9629, valid auc: 84.21%
2023-06-07 15:36:21,598 - my_logger - INFO - epoch 199, train loss: 0.0005
2023-06-07 15:36:21,601 - my_logger - INFO - total train time used: 2.1012s
2023-06-07 15:36:21,601 - my_logger - INFO - testing......
2023-06-07 15:36:21,605 - my_logger - INFO - test auc: 88.45%
