2023-06-07 15:38:08,991 - my_logger - INFO - training......
2023-06-07 15:38:09,761 - my_logger - INFO - epoch 0, train loss: 0.6931
2023-06-07 15:38:09,769 - my_logger - INFO - evaluating......
2023-06-07 15:38:09,769 - my_logger - INFO - epoch 0, valid loss: 0.6931, valid auc: 59.05%
2023-06-07 15:38:09,777 - my_logger - INFO - epoch 1, train loss: 0.6925
2023-06-07 15:38:09,785 - my_logger - INFO - epoch 2, train loss: 0.6891
2023-06-07 15:38:09,790 - my_logger - INFO - evaluating......
2023-06-07 15:38:09,790 - my_logger - INFO - epoch 2, valid loss: 0.6899, valid auc: 63.84%
2023-06-07 15:38:09,798 - my_logger - INFO - epoch 3, train loss: 0.6779
2023-06-07 15:38:09,804 - my_logger - INFO - epoch 4, train loss: 0.6671
2023-06-07 15:38:09,809 - my_logger - INFO - evaluating......
2023-06-07 15:38:09,809 - my_logger - INFO - epoch 4, valid loss: 0.6787, valid auc: 63.16%
2023-06-07 15:38:09,813 - my_logger - INFO - epoch 5, train loss: 0.7235
2023-06-07 15:38:09,819 - my_logger - INFO - epoch 6, train loss: 0.6434
2023-06-07 15:38:09,823 - my_logger - INFO - evaluating......
2023-06-07 15:38:09,824 - my_logger - INFO - epoch 6, valid loss: 0.6638, valid auc: 65.03%
2023-06-07 15:38:09,832 - my_logger - INFO - epoch 7, train loss: 0.6733
2023-06-07 15:38:09,838 - my_logger - INFO - epoch 8, train loss: 0.6561
2023-06-07 15:38:09,844 - my_logger - INFO - evaluating......
2023-06-07 15:38:09,844 - my_logger - INFO - epoch 8, valid loss: 0.6735, valid auc: 65.46%
2023-06-07 15:38:09,852 - my_logger - INFO - epoch 9, train loss: 0.6457
2023-06-07 15:38:09,858 - my_logger - INFO - epoch 10, train loss: 0.6411
2023-06-07 15:38:09,863 - my_logger - INFO - evaluating......
2023-06-07 15:38:09,863 - my_logger - INFO - epoch 10, valid loss: 0.6514, valid auc: 74.66%
2023-06-07 15:38:09,871 - my_logger - INFO - epoch 11, train loss: 0.6318
2023-06-07 15:38:09,877 - my_logger - INFO - epoch 12, train loss: 0.6114
2023-06-07 15:38:09,882 - my_logger - INFO - evaluating......
2023-06-07 15:38:09,882 - my_logger - INFO - epoch 12, valid loss: 0.6252, valid auc: 75.90%
2023-06-07 15:38:09,890 - my_logger - INFO - epoch 13, train loss: 0.5816
2023-06-07 15:38:09,896 - my_logger - INFO - epoch 14, train loss: 0.5798
2023-06-07 15:38:09,901 - my_logger - INFO - evaluating......
2023-06-07 15:38:09,901 - my_logger - INFO - epoch 14, valid loss: 0.6265, valid auc: 74.86%
2023-06-07 15:38:09,905 - my_logger - INFO - epoch 15, train loss: 0.5623
2023-06-07 15:38:09,911 - my_logger - INFO - epoch 16, train loss: 0.5442
2023-06-07 15:38:09,916 - my_logger - INFO - evaluating......
2023-06-07 15:38:09,916 - my_logger - INFO - epoch 16, valid loss: 0.5851, valid auc: 77.85%
2023-06-07 15:38:09,924 - my_logger - INFO - epoch 17, train loss: 0.5061
2023-06-07 15:38:09,930 - my_logger - INFO - epoch 18, train loss: 0.4933
2023-06-07 15:38:09,935 - my_logger - INFO - evaluating......
2023-06-07 15:38:09,936 - my_logger - INFO - epoch 18, valid loss: 0.5615, valid auc: 79.85%
2023-06-07 15:38:09,944 - my_logger - INFO - epoch 19, train loss: 0.4725
2023-06-07 15:38:09,950 - my_logger - INFO - epoch 20, train loss: 0.4472
2023-06-07 15:38:09,955 - my_logger - INFO - evaluating......
2023-06-07 15:38:09,956 - my_logger - INFO - epoch 20, valid loss: 0.5174, valid auc: 81.98%
2023-06-07 15:38:09,964 - my_logger - INFO - epoch 21, train loss: 0.4440
2023-06-07 15:38:09,970 - my_logger - INFO - epoch 22, train loss: 0.4113
2023-06-07 15:38:09,975 - my_logger - INFO - evaluating......
2023-06-07 15:38:09,975 - my_logger - INFO - epoch 22, valid loss: 0.4901, valid auc: 84.55%
2023-06-07 15:38:09,983 - my_logger - INFO - epoch 23, train loss: 0.3854
2023-06-07 15:38:09,989 - my_logger - INFO - epoch 24, train loss: 0.3669
2023-06-07 15:38:09,994 - my_logger - INFO - evaluating......
2023-06-07 15:38:09,994 - my_logger - INFO - epoch 24, valid loss: 0.4647, valid auc: 86.39%
2023-06-07 15:38:10,002 - my_logger - INFO - epoch 25, train loss: 0.3406
2023-06-07 15:38:10,008 - my_logger - INFO - epoch 26, train loss: 0.3239
2023-06-07 15:38:10,013 - my_logger - INFO - evaluating......
2023-06-07 15:38:10,013 - my_logger - INFO - epoch 26, valid loss: 0.4271, valid auc: 89.07%
2023-06-07 15:38:10,021 - my_logger - INFO - epoch 27, train loss: 0.3001
2023-06-07 15:38:10,027 - my_logger - INFO - epoch 28, train loss: 0.2836
2023-06-07 15:38:10,032 - my_logger - INFO - evaluating......
2023-06-07 15:38:10,033 - my_logger - INFO - epoch 28, valid loss: 0.4120, valid auc: 90.37%
2023-06-07 15:38:10,041 - my_logger - INFO - epoch 29, train loss: 0.2772
2023-06-07 15:38:10,047 - my_logger - INFO - epoch 30, train loss: 0.2504
2023-06-07 15:38:10,052 - my_logger - INFO - evaluating......
2023-06-07 15:38:10,052 - my_logger - INFO - epoch 30, valid loss: 0.3990, valid auc: 91.34%
2023-06-07 15:38:10,060 - my_logger - INFO - epoch 31, train loss: 0.2346
2023-06-07 15:38:10,066 - my_logger - INFO - epoch 32, train loss: 0.2242
2023-06-07 15:38:10,071 - my_logger - INFO - evaluating......
2023-06-07 15:38:10,071 - my_logger - INFO - epoch 32, valid loss: 0.3725, valid auc: 92.40%
2023-06-07 15:38:10,079 - my_logger - INFO - epoch 33, train loss: 0.2039
2023-06-07 15:38:10,085 - my_logger - INFO - epoch 34, train loss: 0.1931
2023-06-07 15:38:10,090 - my_logger - INFO - evaluating......
2023-06-07 15:38:10,090 - my_logger - INFO - epoch 34, valid loss: 0.3704, valid auc: 92.74%
2023-06-07 15:38:10,098 - my_logger - INFO - epoch 35, train loss: 0.1792
2023-06-07 15:38:10,104 - my_logger - INFO - epoch 36, train loss: 0.1768
2023-06-07 15:38:10,109 - my_logger - INFO - evaluating......
2023-06-07 15:38:10,109 - my_logger - INFO - epoch 36, valid loss: 0.3672, valid auc: 93.24%
2023-06-07 15:38:10,117 - my_logger - INFO - epoch 37, train loss: 0.1735
2023-06-07 15:38:10,123 - my_logger - INFO - epoch 38, train loss: 0.1572
2023-06-07 15:38:10,128 - my_logger - INFO - evaluating......
2023-06-07 15:38:10,128 - my_logger - INFO - epoch 38, valid loss: 0.3623, valid auc: 93.88%
2023-06-07 15:38:10,136 - my_logger - INFO - epoch 39, train loss: 0.1428
2023-06-07 15:38:10,142 - my_logger - INFO - epoch 40, train loss: 0.1327
2023-06-07 15:38:10,146 - my_logger - INFO - evaluating......
2023-06-07 15:38:10,147 - my_logger - INFO - epoch 40, valid loss: 0.3463, valid auc: 94.28%
2023-06-07 15:38:10,154 - my_logger - INFO - epoch 41, train loss: 0.1311
2023-06-07 15:38:10,160 - my_logger - INFO - epoch 42, train loss: 0.1207
2023-06-07 15:38:10,165 - my_logger - INFO - evaluating......
2023-06-07 15:38:10,165 - my_logger - INFO - epoch 42, valid loss: 0.3565, valid auc: 94.30%
2023-06-07 15:38:10,173 - my_logger - INFO - epoch 43, train loss: 0.1069
2023-06-07 15:38:10,179 - my_logger - INFO - epoch 44, train loss: 0.1033
2023-06-07 15:38:10,184 - my_logger - INFO - evaluating......
2023-06-07 15:38:10,184 - my_logger - INFO - epoch 44, valid loss: 0.3633, valid auc: 94.49%
2023-06-07 15:38:10,192 - my_logger - INFO - epoch 45, train loss: 0.1028
2023-06-07 15:38:10,198 - my_logger - INFO - epoch 46, train loss: 0.0881
2023-06-07 15:38:10,203 - my_logger - INFO - evaluating......
2023-06-07 15:38:10,203 - my_logger - INFO - epoch 46, valid loss: 0.3779, valid auc: 94.52%
2023-06-07 15:38:10,211 - my_logger - INFO - epoch 47, train loss: 0.0847
2023-06-07 15:38:10,217 - my_logger - INFO - epoch 48, train loss: 0.0917
2023-06-07 15:38:10,222 - my_logger - INFO - evaluating......
2023-06-07 15:38:10,222 - my_logger - INFO - epoch 48, valid loss: 0.4029, valid auc: 94.59%
2023-06-07 15:38:10,230 - my_logger - INFO - epoch 49, train loss: 0.0735
2023-06-07 15:38:10,236 - my_logger - INFO - epoch 50, train loss: 0.0651
2023-06-07 15:38:10,241 - my_logger - INFO - evaluating......
2023-06-07 15:38:10,241 - my_logger - INFO - epoch 50, valid loss: 0.3987, valid auc: 94.82%
2023-06-07 15:38:10,249 - my_logger - INFO - epoch 51, train loss: 0.0648
2023-06-07 15:38:10,255 - my_logger - INFO - epoch 52, train loss: 0.0572
2023-06-07 15:38:10,260 - my_logger - INFO - evaluating......
2023-06-07 15:38:10,260 - my_logger - INFO - epoch 52, valid loss: 0.4082, valid auc: 94.87%
2023-06-07 15:38:10,268 - my_logger - INFO - epoch 53, train loss: 0.0503
2023-06-07 15:38:10,274 - my_logger - INFO - epoch 54, train loss: 0.0467
2023-06-07 15:38:10,279 - my_logger - INFO - evaluating......
2023-06-07 15:38:10,279 - my_logger - INFO - epoch 54, valid loss: 0.4321, valid auc: 94.94%
2023-06-07 15:38:10,287 - my_logger - INFO - epoch 55, train loss: 0.0447
2023-06-07 15:38:10,293 - my_logger - INFO - epoch 56, train loss: 0.0416
2023-06-07 15:38:10,297 - my_logger - INFO - evaluating......
2023-06-07 15:38:10,298 - my_logger - INFO - epoch 56, valid loss: 0.4673, valid auc: 95.02%
2023-06-07 15:38:10,305 - my_logger - INFO - epoch 57, train loss: 0.0344
2023-06-07 15:38:10,311 - my_logger - INFO - epoch 58, train loss: 0.0325
2023-06-07 15:38:10,316 - my_logger - INFO - evaluating......
2023-06-07 15:38:10,316 - my_logger - INFO - epoch 58, valid loss: 0.4698, valid auc: 95.07%
2023-06-07 15:38:10,324 - my_logger - INFO - epoch 59, train loss: 0.0323
2023-06-07 15:38:10,330 - my_logger - INFO - epoch 60, train loss: 0.0286
2023-06-07 15:38:10,335 - my_logger - INFO - evaluating......
2023-06-07 15:38:10,335 - my_logger - INFO - epoch 60, valid loss: 0.4924, valid auc: 95.18%
2023-06-07 15:38:10,343 - my_logger - INFO - epoch 61, train loss: 0.0244
2023-06-07 15:38:10,349 - my_logger - INFO - epoch 62, train loss: 0.0208
2023-06-07 15:38:10,354 - my_logger - INFO - evaluating......
2023-06-07 15:38:10,355 - my_logger - INFO - epoch 62, valid loss: 0.5256, valid auc: 95.30%
2023-06-07 15:38:10,363 - my_logger - INFO - epoch 63, train loss: 0.0204
2023-06-07 15:38:10,369 - my_logger - INFO - epoch 64, train loss: 0.0199
2023-06-07 15:38:10,374 - my_logger - INFO - evaluating......
2023-06-07 15:38:10,374 - my_logger - INFO - epoch 64, valid loss: 0.5633, valid auc: 95.35%
2023-06-07 15:38:10,382 - my_logger - INFO - epoch 65, train loss: 0.0158
2023-06-07 15:38:10,387 - my_logger - INFO - epoch 66, train loss: 0.0140
2023-06-07 15:38:10,392 - my_logger - INFO - evaluating......
2023-06-07 15:38:10,392 - my_logger - INFO - epoch 66, valid loss: 0.5741, valid auc: 95.41%
2023-06-07 15:38:10,401 - my_logger - INFO - epoch 67, train loss: 0.0138
2023-06-07 15:38:10,407 - my_logger - INFO - epoch 68, train loss: 0.0114
2023-06-07 15:38:10,412 - my_logger - INFO - evaluating......
2023-06-07 15:38:10,412 - my_logger - INFO - epoch 68, valid loss: 0.5913, valid auc: 95.43%
2023-06-07 15:38:10,420 - my_logger - INFO - epoch 69, train loss: 0.0101
2023-06-07 15:38:10,426 - my_logger - INFO - epoch 70, train loss: 0.0097
2023-06-07 15:38:10,431 - my_logger - INFO - evaluating......
2023-06-07 15:38:10,431 - my_logger - INFO - epoch 70, valid loss: 0.6379, valid auc: 95.55%
2023-06-07 15:38:10,439 - my_logger - INFO - epoch 71, train loss: 0.0078
2023-06-07 15:38:10,445 - my_logger - INFO - epoch 72, train loss: 0.0076
2023-06-07 15:38:10,450 - my_logger - INFO - evaluating......
2023-06-07 15:38:10,450 - my_logger - INFO - epoch 72, valid loss: 0.6322, valid auc: 95.56%
2023-06-07 15:38:10,459 - my_logger - INFO - epoch 73, train loss: 0.0064
2023-06-07 15:38:10,465 - my_logger - INFO - epoch 74, train loss: 0.0059
2023-06-07 15:38:10,470 - my_logger - INFO - evaluating......
2023-06-07 15:38:10,470 - my_logger - INFO - epoch 74, valid loss: 0.6819, valid auc: 95.67%
2023-06-07 15:38:10,478 - my_logger - INFO - epoch 75, train loss: 0.0053
2023-06-07 15:38:10,484 - my_logger - INFO - epoch 76, train loss: 0.0045
2023-06-07 15:38:10,489 - my_logger - INFO - evaluating......
2023-06-07 15:38:10,489 - my_logger - INFO - epoch 76, valid loss: 0.6844, valid auc: 95.71%
2023-06-07 15:38:10,497 - my_logger - INFO - epoch 77, train loss: 0.0042
2023-06-07 15:38:10,503 - my_logger - INFO - epoch 78, train loss: 0.0035
2023-06-07 15:38:10,508 - my_logger - INFO - evaluating......
2023-06-07 15:38:10,508 - my_logger - INFO - epoch 78, valid loss: 0.7101, valid auc: 95.75%
2023-06-07 15:38:10,516 - my_logger - INFO - epoch 79, train loss: 0.0034
2023-06-07 15:38:10,522 - my_logger - INFO - epoch 80, train loss: 0.0027
2023-06-07 15:38:10,527 - my_logger - INFO - evaluating......
2023-06-07 15:38:10,527 - my_logger - INFO - epoch 80, valid loss: 0.7348, valid auc: 95.80%
2023-06-07 15:38:10,535 - my_logger - INFO - epoch 81, train loss: 0.0026
2023-06-07 15:38:10,541 - my_logger - INFO - epoch 82, train loss: 0.0022
2023-06-07 15:38:10,546 - my_logger - INFO - evaluating......
2023-06-07 15:38:10,547 - my_logger - INFO - epoch 82, valid loss: 0.7540, valid auc: 95.82%
2023-06-07 15:38:10,554 - my_logger - INFO - epoch 83, train loss: 0.0020
2023-06-07 15:38:10,560 - my_logger - INFO - epoch 84, train loss: 0.0018
2023-06-07 15:38:10,565 - my_logger - INFO - evaluating......
2023-06-07 15:38:10,565 - my_logger - INFO - epoch 84, valid loss: 0.7747, valid auc: 95.85%
2023-06-07 15:38:10,573 - my_logger - INFO - epoch 85, train loss: 0.0016
2023-06-07 15:38:10,580 - my_logger - INFO - epoch 86, train loss: 0.0014
2023-06-07 15:38:10,585 - my_logger - INFO - evaluating......
2023-06-07 15:38:10,585 - my_logger - INFO - epoch 86, valid loss: 0.7922, valid auc: 95.88%
2023-06-07 15:38:10,593 - my_logger - INFO - epoch 87, train loss: 0.0012
2023-06-07 15:38:10,599 - my_logger - INFO - epoch 88, train loss: 0.0011
2023-06-07 15:38:10,604 - my_logger - INFO - evaluating......
2023-06-07 15:38:10,604 - my_logger - INFO - epoch 88, valid loss: 0.7888, valid auc: 95.91%
2023-06-07 15:38:10,612 - my_logger - INFO - epoch 89, train loss: 0.0010
2023-06-07 15:38:10,618 - my_logger - INFO - epoch 90, train loss: 0.0009
2023-06-07 15:38:10,623 - my_logger - INFO - evaluating......
2023-06-07 15:38:10,623 - my_logger - INFO - epoch 90, valid loss: 0.8259, valid auc: 95.93%
2023-06-07 15:38:10,631 - my_logger - INFO - epoch 91, train loss: 0.0008
2023-06-07 15:38:10,637 - my_logger - INFO - epoch 92, train loss: 0.0007
2023-06-07 15:38:10,642 - my_logger - INFO - evaluating......
2023-06-07 15:38:10,642 - my_logger - INFO - epoch 92, valid loss: 0.8371, valid auc: 95.93%
2023-06-07 15:38:10,650 - my_logger - INFO - epoch 93, train loss: 0.0007
2023-06-07 15:38:10,656 - my_logger - INFO - epoch 94, train loss: 0.0006
2023-06-07 15:38:10,661 - my_logger - INFO - evaluating......
2023-06-07 15:38:10,661 - my_logger - INFO - epoch 94, valid loss: 0.8388, valid auc: 95.94%
2023-06-07 15:38:10,669 - my_logger - INFO - epoch 95, train loss: 0.0006
2023-06-07 15:38:10,675 - my_logger - INFO - epoch 96, train loss: 0.0005
2023-06-07 15:38:10,680 - my_logger - INFO - evaluating......
2023-06-07 15:38:10,680 - my_logger - INFO - epoch 96, valid loss: 0.8575, valid auc: 95.97%
2023-06-07 15:38:10,688 - my_logger - INFO - epoch 97, train loss: 0.0005
2023-06-07 15:38:10,694 - my_logger - INFO - epoch 98, train loss: 0.0004
2023-06-07 15:38:10,699 - my_logger - INFO - evaluating......
2023-06-07 15:38:10,700 - my_logger - INFO - epoch 98, valid loss: 0.8651, valid auc: 95.99%
2023-06-07 15:38:10,708 - my_logger - INFO - epoch 99, train loss: 0.0004
2023-06-07 15:38:10,714 - my_logger - INFO - epoch 100, train loss: 0.0004
2023-06-07 15:38:10,719 - my_logger - INFO - evaluating......
2023-06-07 15:38:10,719 - my_logger - INFO - epoch 100, valid loss: 0.8685, valid auc: 96.00%
2023-06-07 15:38:10,728 - my_logger - INFO - epoch 101, train loss: 0.0004
2023-06-07 15:38:10,735 - my_logger - INFO - epoch 102, train loss: 0.0003
2023-06-07 15:38:10,739 - my_logger - INFO - evaluating......
2023-06-07 15:38:10,740 - my_logger - INFO - epoch 102, valid loss: 0.8807, valid auc: 96.01%
2023-06-07 15:38:10,748 - my_logger - INFO - epoch 103, train loss: 0.0003
2023-06-07 15:38:10,754 - my_logger - INFO - epoch 104, train loss: 0.0003
2023-06-07 15:38:10,759 - my_logger - INFO - evaluating......
2023-06-07 15:38:10,759 - my_logger - INFO - epoch 104, valid loss: 0.8909, valid auc: 96.01%
2023-06-07 15:38:10,767 - my_logger - INFO - epoch 105, train loss: 0.0003
2023-06-07 15:38:10,773 - my_logger - INFO - epoch 106, train loss: 0.0003
2023-06-07 15:38:10,778 - my_logger - INFO - evaluating......
2023-06-07 15:38:10,778 - my_logger - INFO - epoch 106, valid loss: 0.8943, valid auc: 96.02%
2023-06-07 15:38:10,786 - my_logger - INFO - epoch 107, train loss: 0.0003
2023-06-07 15:38:10,793 - my_logger - INFO - epoch 108, train loss: 0.0002
2023-06-07 15:38:10,798 - my_logger - INFO - evaluating......
2023-06-07 15:38:10,798 - my_logger - INFO - epoch 108, valid loss: 0.9007, valid auc: 96.04%
2023-06-07 15:38:10,806 - my_logger - INFO - epoch 109, train loss: 0.0002
2023-06-07 15:38:10,812 - my_logger - INFO - epoch 110, train loss: 0.0002
2023-06-07 15:38:10,817 - my_logger - INFO - evaluating......
2023-06-07 15:38:10,817 - my_logger - INFO - epoch 110, valid loss: 0.9111, valid auc: 96.05%
2023-06-07 15:38:10,825 - my_logger - INFO - epoch 111, train loss: 0.0002
2023-06-07 15:38:10,831 - my_logger - INFO - epoch 112, train loss: 0.0002
2023-06-07 15:38:10,836 - my_logger - INFO - evaluating......
2023-06-07 15:38:10,836 - my_logger - INFO - epoch 112, valid loss: 0.9174, valid auc: 96.06%
2023-06-07 15:38:10,845 - my_logger - INFO - epoch 113, train loss: 0.0002
2023-06-07 15:38:10,851 - my_logger - INFO - epoch 114, train loss: 0.0002
2023-06-07 15:38:10,856 - my_logger - INFO - evaluating......
2023-06-07 15:38:10,857 - my_logger - INFO - epoch 114, valid loss: 0.9175, valid auc: 96.06%
2023-06-07 15:38:10,865 - my_logger - INFO - epoch 115, train loss: 0.0002
2023-06-07 15:38:10,871 - my_logger - INFO - epoch 116, train loss: 0.0002
2023-06-07 15:38:10,877 - my_logger - INFO - evaluating......
2023-06-07 15:38:10,877 - my_logger - INFO - epoch 116, valid loss: 0.9184, valid auc: 96.06%
2023-06-07 15:38:10,885 - my_logger - INFO - epoch 117, train loss: 0.0002
2023-06-07 15:38:10,892 - my_logger - INFO - epoch 118, train loss: 0.0002
2023-06-07 15:38:10,897 - my_logger - INFO - evaluating......
2023-06-07 15:38:10,897 - my_logger - INFO - epoch 118, valid loss: 0.9246, valid auc: 96.07%
2023-06-07 15:38:10,906 - my_logger - INFO - epoch 119, train loss: 0.0002
2023-06-07 15:38:10,913 - my_logger - INFO - epoch 120, train loss: 0.0002
2023-06-07 15:38:10,918 - my_logger - INFO - evaluating......
2023-06-07 15:38:10,918 - my_logger - INFO - epoch 120, valid loss: 0.9329, valid auc: 96.08%
2023-06-07 15:38:10,927 - my_logger - INFO - epoch 121, train loss: 0.0002
2023-06-07 15:38:10,933 - my_logger - INFO - epoch 122, train loss: 0.0001
2023-06-07 15:38:10,938 - my_logger - INFO - evaluating......
2023-06-07 15:38:10,939 - my_logger - INFO - epoch 122, valid loss: 0.9378, valid auc: 96.08%
2023-06-07 15:38:10,948 - my_logger - INFO - epoch 123, train loss: 0.0001
2023-06-07 15:38:10,954 - my_logger - INFO - epoch 124, train loss: 0.0001
2023-06-07 15:38:10,960 - my_logger - INFO - evaluating......
2023-06-07 15:38:10,960 - my_logger - INFO - epoch 124, valid loss: 0.9387, valid auc: 96.09%
2023-06-07 15:38:10,968 - my_logger - INFO - epoch 125, train loss: 0.0001
2023-06-07 15:38:10,975 - my_logger - INFO - epoch 126, train loss: 0.0001
2023-06-07 15:38:10,980 - my_logger - INFO - evaluating......
2023-06-07 15:38:10,980 - my_logger - INFO - epoch 126, valid loss: 0.9394, valid auc: 96.09%
2023-06-07 15:38:10,989 - my_logger - INFO - epoch 127, train loss: 0.0001
2023-06-07 15:38:10,995 - my_logger - INFO - epoch 128, train loss: 0.0001
2023-06-07 15:38:11,000 - my_logger - INFO - evaluating......
2023-06-07 15:38:11,001 - my_logger - INFO - epoch 128, valid loss: 0.9429, valid auc: 96.09%
2023-06-07 15:38:11,010 - my_logger - INFO - epoch 129, train loss: 0.0001
2023-06-07 15:38:11,018 - my_logger - INFO - epoch 130, train loss: 0.0001
2023-06-07 15:38:11,026 - my_logger - INFO - evaluating......
2023-06-07 15:38:11,026 - my_logger - INFO - epoch 130, valid loss: 0.9482, valid auc: 96.09%
2023-06-07 15:38:11,037 - my_logger - INFO - epoch 131, train loss: 0.0001
2023-06-07 15:38:11,045 - my_logger - INFO - epoch 132, train loss: 0.0001
2023-06-07 15:38:11,050 - my_logger - INFO - evaluating......
2023-06-07 15:38:11,050 - my_logger - INFO - epoch 132, valid loss: 0.9526, valid auc: 96.10%
2023-06-07 15:38:11,060 - my_logger - INFO - epoch 133, train loss: 0.0001
2023-06-07 15:38:11,067 - my_logger - INFO - epoch 134, train loss: 0.0001
2023-06-07 15:38:11,072 - my_logger - INFO - evaluating......
2023-06-07 15:38:11,072 - my_logger - INFO - epoch 134, valid loss: 0.9547, valid auc: 96.10%
2023-06-07 15:38:11,081 - my_logger - INFO - epoch 135, train loss: 0.0001
2023-06-07 15:38:11,087 - my_logger - INFO - epoch 136, train loss: 0.0001
2023-06-07 15:38:11,093 - my_logger - INFO - evaluating......
2023-06-07 15:38:11,093 - my_logger - INFO - epoch 136, valid loss: 0.9557, valid auc: 96.10%
2023-06-07 15:38:11,102 - my_logger - INFO - epoch 137, train loss: 0.0001
2023-06-07 15:38:11,109 - my_logger - INFO - epoch 138, train loss: 0.0001
2023-06-07 15:38:11,115 - my_logger - INFO - evaluating......
2023-06-07 15:38:11,115 - my_logger - INFO - epoch 138, valid loss: 0.9574, valid auc: 96.10%
2023-06-07 15:38:11,124 - my_logger - INFO - epoch 139, train loss: 0.0001
2023-06-07 15:38:11,130 - my_logger - INFO - epoch 140, train loss: 0.0001
2023-06-07 15:38:11,136 - my_logger - INFO - evaluating......
2023-06-07 15:38:11,136 - my_logger - INFO - epoch 140, valid loss: 0.9603, valid auc: 96.10%
2023-06-07 15:38:11,145 - my_logger - INFO - epoch 141, train loss: 0.0001
2023-06-07 15:38:11,152 - my_logger - INFO - epoch 142, train loss: 0.0001
2023-06-07 15:38:11,157 - my_logger - INFO - evaluating......
2023-06-07 15:38:11,157 - my_logger - INFO - epoch 142, valid loss: 0.9636, valid auc: 96.11%
2023-06-07 15:38:11,166 - my_logger - INFO - epoch 143, train loss: 0.0001
2023-06-07 15:38:11,172 - my_logger - INFO - epoch 144, train loss: 0.0001
2023-06-07 15:38:11,178 - my_logger - INFO - evaluating......
2023-06-07 15:38:11,178 - my_logger - INFO - epoch 144, valid loss: 0.9665, valid auc: 96.11%
2023-06-07 15:38:11,186 - my_logger - INFO - epoch 145, train loss: 0.0001
2023-06-07 15:38:11,193 - my_logger - INFO - epoch 146, train loss: 0.0001
2023-06-07 15:38:11,199 - my_logger - INFO - evaluating......
2023-06-07 15:38:11,199 - my_logger - INFO - epoch 146, valid loss: 0.9686, valid auc: 96.11%
2023-06-07 15:38:11,208 - my_logger - INFO - epoch 147, train loss: 0.0001
2023-06-07 15:38:11,214 - my_logger - INFO - epoch 148, train loss: 0.0001
2023-06-07 15:38:11,219 - my_logger - INFO - evaluating......
2023-06-07 15:38:11,219 - my_logger - INFO - epoch 148, valid loss: 0.9707, valid auc: 96.11%
2023-06-07 15:38:11,224 - my_logger - INFO - epoch 149, train loss: 0.0001
2023-06-07 15:38:11,230 - my_logger - INFO - epoch 150, train loss: 0.0001
2023-06-07 15:38:11,235 - my_logger - INFO - evaluating......
2023-06-07 15:38:11,236 - my_logger - INFO - epoch 150, valid loss: 0.9732, valid auc: 96.11%
2023-06-07 15:38:11,245 - my_logger - INFO - epoch 151, train loss: 0.0001
2023-06-07 15:38:11,251 - my_logger - INFO - epoch 152, train loss: 0.0001
2023-06-07 15:38:11,256 - my_logger - INFO - evaluating......
2023-06-07 15:38:11,256 - my_logger - INFO - epoch 152, valid loss: 0.9758, valid auc: 96.11%
2023-06-07 15:38:11,265 - my_logger - INFO - epoch 153, train loss: 0.0001
2023-06-07 15:38:11,271 - my_logger - INFO - epoch 154, train loss: 0.0001
2023-06-07 15:38:11,277 - my_logger - INFO - evaluating......
2023-06-07 15:38:11,277 - my_logger - INFO - epoch 154, valid loss: 0.9781, valid auc: 96.11%
2023-06-07 15:38:11,286 - my_logger - INFO - epoch 155, train loss: 0.0001
2023-06-07 15:38:11,293 - my_logger - INFO - epoch 156, train loss: 0.0001
2023-06-07 15:38:11,298 - my_logger - INFO - evaluating......
2023-06-07 15:38:11,298 - my_logger - INFO - epoch 156, valid loss: 0.9799, valid auc: 96.12%
2023-06-07 15:38:11,308 - my_logger - INFO - epoch 157, train loss: 0.0001
2023-06-07 15:38:11,315 - my_logger - INFO - epoch 158, train loss: 0.0001
2023-06-07 15:38:11,320 - my_logger - INFO - evaluating......
2023-06-07 15:38:11,320 - my_logger - INFO - epoch 158, valid loss: 0.9815, valid auc: 96.12%
2023-06-07 15:38:11,329 - my_logger - INFO - epoch 159, train loss: 0.0001
2023-06-07 15:38:11,335 - my_logger - INFO - epoch 160, train loss: 0.0001
2023-06-07 15:38:11,341 - my_logger - INFO - evaluating......
2023-06-07 15:38:11,341 - my_logger - INFO - epoch 160, valid loss: 0.9833, valid auc: 96.12%
2023-06-07 15:38:11,350 - my_logger - INFO - epoch 161, train loss: 0.0001
2023-06-07 15:38:11,357 - my_logger - INFO - epoch 162, train loss: 0.0001
2023-06-07 15:38:11,362 - my_logger - INFO - evaluating......
2023-06-07 15:38:11,362 - my_logger - INFO - epoch 162, valid loss: 0.9855, valid auc: 96.12%
2023-06-07 15:38:11,371 - my_logger - INFO - epoch 163, train loss: 0.0001
2023-06-07 15:38:11,378 - my_logger - INFO - epoch 164, train loss: 0.0001
2023-06-07 15:38:11,383 - my_logger - INFO - evaluating......
2023-06-07 15:38:11,383 - my_logger - INFO - epoch 164, valid loss: 0.9879, valid auc: 96.12%
2023-06-07 15:38:11,392 - my_logger - INFO - epoch 165, train loss: 0.0001
2023-06-07 15:38:11,398 - my_logger - INFO - epoch 166, train loss: 0.0001
2023-06-07 15:38:11,403 - my_logger - INFO - evaluating......
2023-06-07 15:38:11,403 - my_logger - INFO - epoch 166, valid loss: 0.9901, valid auc: 96.12%
2023-06-07 15:38:11,412 - my_logger - INFO - epoch 167, train loss: 0.0001
2023-06-07 15:38:11,418 - my_logger - INFO - epoch 168, train loss: 0.0001
2023-06-07 15:38:11,423 - my_logger - INFO - evaluating......
2023-06-07 15:38:11,423 - my_logger - INFO - epoch 168, valid loss: 0.9920, valid auc: 96.12%
2023-06-07 15:38:11,427 - my_logger - INFO - epoch 169, train loss: 0.0001
2023-06-07 15:38:11,433 - my_logger - INFO - epoch 170, train loss: 0.0001
2023-06-07 15:38:11,438 - my_logger - INFO - evaluating......
2023-06-07 15:38:11,438 - my_logger - INFO - epoch 170, valid loss: 0.9936, valid auc: 96.13%
2023-06-07 15:38:11,447 - my_logger - INFO - epoch 171, train loss: 0.0001
2023-06-07 15:38:11,453 - my_logger - INFO - epoch 172, train loss: 0.0001
2023-06-07 15:38:11,459 - my_logger - INFO - evaluating......
2023-06-07 15:38:11,459 - my_logger - INFO - epoch 172, valid loss: 0.9952, valid auc: 96.13%
2023-06-07 15:38:11,468 - my_logger - INFO - epoch 173, train loss: 0.0001
2023-06-07 15:38:11,474 - my_logger - INFO - epoch 174, train loss: 0.0001
2023-06-07 15:38:11,479 - my_logger - INFO - evaluating......
2023-06-07 15:38:11,480 - my_logger - INFO - epoch 174, valid loss: 0.9970, valid auc: 96.13%
2023-06-07 15:38:11,488 - my_logger - INFO - epoch 175, train loss: 0.0001
2023-06-07 15:38:11,495 - my_logger - INFO - epoch 176, train loss: 0.0001
2023-06-07 15:38:11,500 - my_logger - INFO - evaluating......
2023-06-07 15:38:11,500 - my_logger - INFO - epoch 176, valid loss: 0.9990, valid auc: 96.13%
2023-06-07 15:38:11,510 - my_logger - INFO - epoch 177, train loss: 0.0001
2023-06-07 15:38:11,516 - my_logger - INFO - epoch 178, train loss: 0.0001
2023-06-07 15:38:11,521 - my_logger - INFO - evaluating......
2023-06-07 15:38:11,521 - my_logger - INFO - epoch 178, valid loss: 1.0009, valid auc: 96.13%
2023-06-07 15:38:11,530 - my_logger - INFO - epoch 179, train loss: 0.0001
2023-06-07 15:38:11,537 - my_logger - INFO - epoch 180, train loss: 0.0001
2023-06-07 15:38:11,542 - my_logger - INFO - evaluating......
2023-06-07 15:38:11,542 - my_logger - INFO - epoch 180, valid loss: 1.0027, valid auc: 96.13%
2023-06-07 15:38:11,551 - my_logger - INFO - epoch 181, train loss: 0.0001
2023-06-07 15:38:11,558 - my_logger - INFO - epoch 182, train loss: 0.0001
2023-06-07 15:38:11,564 - my_logger - INFO - evaluating......
2023-06-07 15:38:11,564 - my_logger - INFO - epoch 182, valid loss: 1.0043, valid auc: 96.14%
2023-06-07 15:38:11,573 - my_logger - INFO - epoch 183, train loss: 0.0001
2023-06-07 15:38:11,579 - my_logger - INFO - epoch 184, train loss: 0.0001
2023-06-07 15:38:11,584 - my_logger - INFO - evaluating......
2023-06-07 15:38:11,585 - my_logger - INFO - epoch 184, valid loss: 1.0059, valid auc: 96.14%
2023-06-07 15:38:11,594 - my_logger - INFO - epoch 185, train loss: 0.0001
2023-06-07 15:38:11,600 - my_logger - INFO - epoch 186, train loss: 0.0001
2023-06-07 15:38:11,605 - my_logger - INFO - evaluating......
2023-06-07 15:38:11,605 - my_logger - INFO - epoch 186, valid loss: 1.0075, valid auc: 96.14%
2023-06-07 15:38:11,614 - my_logger - INFO - epoch 187, train loss: 0.0001
2023-06-07 15:38:11,620 - my_logger - INFO - epoch 188, train loss: 0.0001
2023-06-07 15:38:11,626 - my_logger - INFO - evaluating......
2023-06-07 15:38:11,626 - my_logger - INFO - epoch 188, valid loss: 1.0092, valid auc: 96.14%
2023-06-07 15:38:11,635 - my_logger - INFO - epoch 189, train loss: 0.0001
2023-06-07 15:38:11,642 - my_logger - INFO - epoch 190, train loss: 0.0001
2023-06-07 15:38:11,647 - my_logger - INFO - evaluating......
2023-06-07 15:38:11,647 - my_logger - INFO - epoch 190, valid loss: 1.0108, valid auc: 96.15%
2023-06-07 15:38:11,656 - my_logger - INFO - epoch 191, train loss: 0.0001
2023-06-07 15:38:11,662 - my_logger - INFO - epoch 192, train loss: 0.0001
2023-06-07 15:38:11,667 - my_logger - INFO - evaluating......
2023-06-07 15:38:11,667 - my_logger - INFO - epoch 192, valid loss: 1.0125, valid auc: 96.15%
2023-06-07 15:38:11,676 - my_logger - INFO - epoch 193, train loss: 0.0001
2023-06-07 15:38:11,682 - my_logger - INFO - epoch 194, train loss: 0.0001
2023-06-07 15:38:11,687 - my_logger - INFO - evaluating......
2023-06-07 15:38:11,687 - my_logger - INFO - epoch 194, valid loss: 1.0141, valid auc: 96.15%
2023-06-07 15:38:11,696 - my_logger - INFO - epoch 195, train loss: 0.0001
2023-06-07 15:38:11,702 - my_logger - INFO - epoch 196, train loss: 0.0001
2023-06-07 15:38:11,708 - my_logger - INFO - evaluating......
2023-06-07 15:38:11,708 - my_logger - INFO - epoch 196, valid loss: 1.0157, valid auc: 96.15%
2023-06-07 15:38:11,716 - my_logger - INFO - epoch 197, train loss: 0.0001
2023-06-07 15:38:11,723 - my_logger - INFO - epoch 198, train loss: 0.0000
2023-06-07 15:38:11,728 - my_logger - INFO - evaluating......
2023-06-07 15:38:11,728 - my_logger - INFO - epoch 198, valid loss: 1.0173, valid auc: 96.15%
2023-06-07 15:38:11,737 - my_logger - INFO - epoch 199, train loss: 0.0000
2023-06-07 15:38:11,739 - my_logger - INFO - total train time used: 2.7474s
2023-06-07 15:38:11,739 - my_logger - INFO - testing......
2023-06-07 15:38:11,746 - my_logger - INFO - test auc: 95.54%
