2023-06-22 15:23:39,879 - my_logger - INFO - training......
2023-06-22 15:23:40,620 - my_logger - INFO - epoch 0, train loss: 0.6936
2023-06-22 15:23:40,627 - my_logger - INFO - evaluating......
2023-06-22 15:23:40,627 - my_logger - INFO - epoch 0, valid loss: 0.6933, valid auc: 50.97%
2023-06-22 15:23:40,633 - my_logger - INFO - epoch 1, train loss: 0.6928
2023-06-22 15:23:40,640 - my_logger - INFO - epoch 2, train loss: 0.6911
2023-06-22 15:23:40,644 - my_logger - INFO - evaluating......
2023-06-22 15:23:40,644 - my_logger - INFO - epoch 2, valid loss: 0.6918, valid auc: 61.59%
2023-06-22 15:23:40,650 - my_logger - INFO - epoch 3, train loss: 0.6856
2023-06-22 15:23:40,656 - my_logger - INFO - epoch 4, train loss: 0.6718
2023-06-22 15:23:40,661 - my_logger - INFO - evaluating......
2023-06-22 15:23:40,661 - my_logger - INFO - epoch 4, valid loss: 0.6779, valid auc: 62.07%
2023-06-22 15:23:40,667 - my_logger - INFO - epoch 5, train loss: 0.6445
2023-06-22 15:23:40,672 - my_logger - INFO - epoch 6, train loss: 0.6211
2023-06-22 15:23:40,677 - my_logger - INFO - evaluating......
2023-06-22 15:23:40,677 - my_logger - INFO - epoch 6, valid loss: 0.6444, valid auc: 70.11%
2023-06-22 15:23:40,683 - my_logger - INFO - epoch 7, train loss: 0.7473
2023-06-22 15:23:40,688 - my_logger - INFO - epoch 8, train loss: 0.5799
2023-06-22 15:23:40,693 - my_logger - INFO - evaluating......
2023-06-22 15:23:40,693 - my_logger - INFO - epoch 8, valid loss: 0.6018, valid auc: 75.37%
2023-06-22 15:23:40,699 - my_logger - INFO - epoch 9, train loss: 0.6856
2023-06-22 15:23:40,705 - my_logger - INFO - epoch 10, train loss: 0.6784
2023-06-22 15:23:40,709 - my_logger - INFO - evaluating......
2023-06-22 15:23:40,710 - my_logger - INFO - epoch 10, valid loss: 0.6738, valid auc: 62.40%
2023-06-22 15:23:40,713 - my_logger - INFO - epoch 11, train loss: 0.6398
2023-06-22 15:23:40,719 - my_logger - INFO - epoch 12, train loss: 0.6142
2023-06-22 15:23:40,723 - my_logger - INFO - evaluating......
2023-06-22 15:23:40,724 - my_logger - INFO - epoch 12, valid loss: 0.6311, valid auc: 76.29%
2023-06-22 15:23:40,729 - my_logger - INFO - epoch 13, train loss: 0.5956
2023-06-22 15:23:40,735 - my_logger - INFO - epoch 14, train loss: 0.5891
2023-06-22 15:23:40,740 - my_logger - INFO - evaluating......
2023-06-22 15:23:40,740 - my_logger - INFO - epoch 14, valid loss: 0.6160, valid auc: 75.59%
2023-06-22 15:23:40,743 - my_logger - INFO - epoch 15, train loss: 0.5983
2023-06-22 15:23:40,749 - my_logger - INFO - epoch 16, train loss: 0.6089
2023-06-22 15:23:40,753 - my_logger - INFO - evaluating......
2023-06-22 15:23:40,753 - my_logger - INFO - epoch 16, valid loss: 0.6443, valid auc: 71.96%
2023-06-22 15:23:40,757 - my_logger - INFO - epoch 17, train loss: 0.6022
2023-06-22 15:23:40,762 - my_logger - INFO - epoch 18, train loss: 0.5819
2023-06-22 15:23:40,767 - my_logger - INFO - evaluating......
2023-06-22 15:23:40,767 - my_logger - INFO - epoch 18, valid loss: 0.6149, valid auc: 74.41%
2023-06-22 15:23:40,771 - my_logger - INFO - epoch 19, train loss: 0.5626
2023-06-22 15:23:40,776 - my_logger - INFO - epoch 20, train loss: 0.5492
2023-06-22 15:23:40,781 - my_logger - INFO - evaluating......
2023-06-22 15:23:40,781 - my_logger - INFO - epoch 20, valid loss: 0.5765, valid auc: 77.58%
2023-06-22 15:23:40,787 - my_logger - INFO - epoch 21, train loss: 0.5390
2023-06-22 15:23:40,792 - my_logger - INFO - epoch 22, train loss: 0.5340
2023-06-22 15:23:40,797 - my_logger - INFO - evaluating......
2023-06-22 15:23:40,797 - my_logger - INFO - epoch 22, valid loss: 0.5608, valid auc: 76.97%
2023-06-22 15:23:40,801 - my_logger - INFO - epoch 23, train loss: 0.5337
2023-06-22 15:23:40,806 - my_logger - INFO - epoch 24, train loss: 0.5204
2023-06-22 15:23:40,810 - my_logger - INFO - evaluating......
2023-06-22 15:23:40,811 - my_logger - INFO - epoch 24, valid loss: 0.5603, valid auc: 77.36%
2023-06-22 15:23:40,815 - my_logger - INFO - epoch 25, train loss: 0.5078
2023-06-22 15:23:40,821 - my_logger - INFO - epoch 26, train loss: 0.5148
2023-06-22 15:23:40,826 - my_logger - INFO - evaluating......
2023-06-22 15:23:40,826 - my_logger - INFO - epoch 26, valid loss: 0.5783, valid auc: 77.92%
2023-06-22 15:23:40,833 - my_logger - INFO - epoch 27, train loss: 0.5173
2023-06-22 15:23:40,839 - my_logger - INFO - epoch 28, train loss: 0.4993
2023-06-22 15:23:40,844 - my_logger - INFO - evaluating......
2023-06-22 15:23:40,844 - my_logger - INFO - epoch 28, valid loss: 0.5612, valid auc: 78.59%
2023-06-22 15:23:40,850 - my_logger - INFO - epoch 29, train loss: 0.4881
2023-06-22 15:23:40,857 - my_logger - INFO - epoch 30, train loss: 0.4897
2023-06-22 15:23:40,862 - my_logger - INFO - evaluating......
2023-06-22 15:23:40,862 - my_logger - INFO - epoch 30, valid loss: 0.5404, valid auc: 78.87%
2023-06-22 15:23:40,868 - my_logger - INFO - epoch 31, train loss: 0.4869
2023-06-22 15:23:40,874 - my_logger - INFO - epoch 32, train loss: 0.4788
2023-06-22 15:23:40,879 - my_logger - INFO - evaluating......
2023-06-22 15:23:40,879 - my_logger - INFO - epoch 32, valid loss: 0.5278, valid auc: 79.57%
2023-06-22 15:23:40,886 - my_logger - INFO - epoch 33, train loss: 0.4725
2023-06-22 15:23:40,893 - my_logger - INFO - epoch 34, train loss: 0.4672
2023-06-22 15:23:40,898 - my_logger - INFO - evaluating......
2023-06-22 15:23:40,898 - my_logger - INFO - epoch 34, valid loss: 0.5220, valid auc: 80.01%
2023-06-22 15:23:40,905 - my_logger - INFO - epoch 35, train loss: 0.4634
2023-06-22 15:23:40,912 - my_logger - INFO - epoch 36, train loss: 0.4564
2023-06-22 15:23:40,917 - my_logger - INFO - evaluating......
2023-06-22 15:23:40,917 - my_logger - INFO - epoch 36, valid loss: 0.5173, valid auc: 81.20%
2023-06-22 15:23:40,924 - my_logger - INFO - epoch 37, train loss: 0.4415
2023-06-22 15:23:40,930 - my_logger - INFO - epoch 38, train loss: 0.4342
2023-06-22 15:23:40,934 - my_logger - INFO - evaluating......
2023-06-22 15:23:40,935 - my_logger - INFO - epoch 38, valid loss: 0.5090, valid auc: 82.07%
2023-06-22 15:23:40,940 - my_logger - INFO - epoch 39, train loss: 0.4254
2023-06-22 15:23:40,947 - my_logger - INFO - epoch 40, train loss: 0.4159
2023-06-22 15:23:40,951 - my_logger - INFO - evaluating......
2023-06-22 15:23:40,951 - my_logger - INFO - epoch 40, valid loss: 0.5114, valid auc: 82.98%
2023-06-22 15:23:40,957 - my_logger - INFO - epoch 41, train loss: 0.4125
2023-06-22 15:23:40,963 - my_logger - INFO - epoch 42, train loss: 0.4020
2023-06-22 15:23:40,967 - my_logger - INFO - evaluating......
2023-06-22 15:23:40,968 - my_logger - INFO - epoch 42, valid loss: 0.5197, valid auc: 83.69%
2023-06-22 15:23:40,973 - my_logger - INFO - epoch 43, train loss: 0.3841
2023-06-22 15:23:40,979 - my_logger - INFO - epoch 44, train loss: 0.3769
2023-06-22 15:23:40,983 - my_logger - INFO - evaluating......
2023-06-22 15:23:40,983 - my_logger - INFO - epoch 44, valid loss: 0.4966, valid auc: 84.51%
2023-06-22 15:23:40,989 - my_logger - INFO - epoch 45, train loss: 0.3606
2023-06-22 15:23:40,995 - my_logger - INFO - epoch 46, train loss: 0.3573
2023-06-22 15:23:40,999 - my_logger - INFO - evaluating......
2023-06-22 15:23:41,000 - my_logger - INFO - epoch 46, valid loss: 0.4929, valid auc: 85.16%
2023-06-22 15:23:41,006 - my_logger - INFO - epoch 47, train loss: 0.3412
2023-06-22 15:23:41,012 - my_logger - INFO - epoch 48, train loss: 0.3396
2023-06-22 15:23:41,016 - my_logger - INFO - evaluating......
2023-06-22 15:23:41,016 - my_logger - INFO - epoch 48, valid loss: 0.4743, valid auc: 86.35%
2023-06-22 15:23:41,022 - my_logger - INFO - epoch 49, train loss: 0.3776
2023-06-22 15:23:41,028 - my_logger - INFO - epoch 50, train loss: 0.5477
2023-06-22 15:23:41,033 - my_logger - INFO - evaluating......
2023-06-22 15:23:41,033 - my_logger - INFO - epoch 50, valid loss: 0.6873, valid auc: 84.70%
2023-06-22 15:23:41,037 - my_logger - INFO - epoch 51, train loss: 0.3291
2023-06-22 15:23:41,043 - my_logger - INFO - epoch 52, train loss: 0.4200
2023-06-22 15:23:41,048 - my_logger - INFO - evaluating......
2023-06-22 15:23:41,048 - my_logger - INFO - epoch 52, valid loss: 0.5579, valid auc: 87.06%
2023-06-22 15:23:41,054 - my_logger - INFO - epoch 53, train loss: 0.3637
2023-06-22 15:23:41,060 - my_logger - INFO - epoch 54, train loss: 0.3332
2023-06-22 15:23:41,065 - my_logger - INFO - evaluating......
2023-06-22 15:23:41,065 - my_logger - INFO - epoch 54, valid loss: 0.4455, valid auc: 87.24%
2023-06-22 15:23:41,071 - my_logger - INFO - epoch 55, train loss: 0.3271
2023-06-22 15:23:41,077 - my_logger - INFO - epoch 56, train loss: 0.3495
2023-06-22 15:23:41,082 - my_logger - INFO - evaluating......
2023-06-22 15:23:41,082 - my_logger - INFO - epoch 56, valid loss: 0.4593, valid auc: 86.14%
2023-06-22 15:23:41,086 - my_logger - INFO - epoch 57, train loss: 0.3453
2023-06-22 15:23:41,091 - my_logger - INFO - epoch 58, train loss: 0.3177
2023-06-22 15:23:41,096 - my_logger - INFO - evaluating......
2023-06-22 15:23:41,096 - my_logger - INFO - epoch 58, valid loss: 0.4203, valid auc: 88.74%
2023-06-22 15:23:41,102 - my_logger - INFO - epoch 59, train loss: 0.3124
2023-06-22 15:23:41,108 - my_logger - INFO - epoch 60, train loss: 0.3068
2023-06-22 15:23:41,113 - my_logger - INFO - evaluating......
2023-06-22 15:23:41,113 - my_logger - INFO - epoch 60, valid loss: 0.4074, valid auc: 89.48%
2023-06-22 15:23:41,119 - my_logger - INFO - epoch 61, train loss: 0.2832
2023-06-22 15:23:41,125 - my_logger - INFO - epoch 62, train loss: 0.2730
2023-06-22 15:23:41,129 - my_logger - INFO - evaluating......
2023-06-22 15:23:41,129 - my_logger - INFO - epoch 62, valid loss: 0.3863, valid auc: 91.15%
2023-06-22 15:23:41,135 - my_logger - INFO - epoch 63, train loss: 0.2629
2023-06-22 15:23:41,141 - my_logger - INFO - epoch 64, train loss: 0.2466
2023-06-22 15:23:41,145 - my_logger - INFO - evaluating......
2023-06-22 15:23:41,146 - my_logger - INFO - epoch 64, valid loss: 0.3778, valid auc: 91.18%
2023-06-22 15:23:41,152 - my_logger - INFO - epoch 65, train loss: 0.2402
2023-06-22 15:23:41,157 - my_logger - INFO - epoch 66, train loss: 0.2239
2023-06-22 15:23:41,162 - my_logger - INFO - evaluating......
2023-06-22 15:23:41,162 - my_logger - INFO - epoch 66, valid loss: 0.3648, valid auc: 92.35%
2023-06-22 15:23:41,168 - my_logger - INFO - epoch 67, train loss: 0.2265
2023-06-22 15:23:41,173 - my_logger - INFO - epoch 68, train loss: 0.2077
2023-06-22 15:23:41,178 - my_logger - INFO - evaluating......
2023-06-22 15:23:41,178 - my_logger - INFO - epoch 68, valid loss: 0.3660, valid auc: 92.87%
2023-06-22 15:23:41,184 - my_logger - INFO - epoch 69, train loss: 0.2054
2023-06-22 15:23:41,190 - my_logger - INFO - epoch 70, train loss: 0.1918
2023-06-22 15:23:41,194 - my_logger - INFO - evaluating......
2023-06-22 15:23:41,194 - my_logger - INFO - epoch 70, valid loss: 0.3664, valid auc: 92.99%
2023-06-22 15:23:41,200 - my_logger - INFO - epoch 71, train loss: 0.1869
2023-06-22 15:23:41,206 - my_logger - INFO - epoch 72, train loss: 0.1776
2023-06-22 15:23:41,211 - my_logger - INFO - evaluating......
2023-06-22 15:23:41,211 - my_logger - INFO - epoch 72, valid loss: 0.3633, valid auc: 93.40%
2023-06-22 15:23:41,217 - my_logger - INFO - epoch 73, train loss: 0.1702
2023-06-22 15:23:41,223 - my_logger - INFO - epoch 74, train loss: 0.1617
2023-06-22 15:23:41,227 - my_logger - INFO - evaluating......
2023-06-22 15:23:41,228 - my_logger - INFO - epoch 74, valid loss: 0.3634, valid auc: 93.70%
2023-06-22 15:23:41,233 - my_logger - INFO - epoch 75, train loss: 0.1549
2023-06-22 15:23:41,239 - my_logger - INFO - epoch 76, train loss: 0.1493
2023-06-22 15:23:41,244 - my_logger - INFO - evaluating......
2023-06-22 15:23:41,244 - my_logger - INFO - epoch 76, valid loss: 0.3517, valid auc: 94.22%
2023-06-22 15:23:41,250 - my_logger - INFO - epoch 77, train loss: 0.1429
2023-06-22 15:23:41,256 - my_logger - INFO - epoch 78, train loss: 0.1378
2023-06-22 15:23:41,261 - my_logger - INFO - evaluating......
2023-06-22 15:23:41,261 - my_logger - INFO - epoch 78, valid loss: 0.3519, valid auc: 94.45%
2023-06-22 15:23:41,268 - my_logger - INFO - epoch 79, train loss: 0.1307
2023-06-22 15:23:41,274 - my_logger - INFO - epoch 80, train loss: 0.1251
2023-06-22 15:23:41,278 - my_logger - INFO - evaluating......
2023-06-22 15:23:41,278 - my_logger - INFO - epoch 80, valid loss: 0.3458, valid auc: 94.68%
2023-06-22 15:23:41,285 - my_logger - INFO - epoch 81, train loss: 0.1199
2023-06-22 15:23:41,291 - my_logger - INFO - epoch 82, train loss: 0.1119
2023-06-22 15:23:41,296 - my_logger - INFO - evaluating......
2023-06-22 15:23:41,296 - my_logger - INFO - epoch 82, valid loss: 0.3490, valid auc: 94.92%
2023-06-22 15:23:41,302 - my_logger - INFO - epoch 83, train loss: 0.1099
2023-06-22 15:23:41,308 - my_logger - INFO - epoch 84, train loss: 0.1049
2023-06-22 15:23:41,313 - my_logger - INFO - evaluating......
2023-06-22 15:23:41,313 - my_logger - INFO - epoch 84, valid loss: 0.3625, valid auc: 95.00%
2023-06-22 15:23:41,320 - my_logger - INFO - epoch 85, train loss: 0.0981
2023-06-22 15:23:41,326 - my_logger - INFO - epoch 86, train loss: 0.0945
2023-06-22 15:23:41,330 - my_logger - INFO - evaluating......
2023-06-22 15:23:41,330 - my_logger - INFO - epoch 86, valid loss: 0.3584, valid auc: 95.22%
2023-06-22 15:23:41,336 - my_logger - INFO - epoch 87, train loss: 0.0915
2023-06-22 15:23:41,343 - my_logger - INFO - epoch 88, train loss: 0.0866
2023-06-22 15:23:41,347 - my_logger - INFO - evaluating......
2023-06-22 15:23:41,347 - my_logger - INFO - epoch 88, valid loss: 0.3703, valid auc: 95.26%
2023-06-22 15:23:41,353 - my_logger - INFO - epoch 89, train loss: 0.0813
2023-06-22 15:23:41,360 - my_logger - INFO - epoch 90, train loss: 0.0764
2023-06-22 15:23:41,364 - my_logger - INFO - evaluating......
2023-06-22 15:23:41,364 - my_logger - INFO - epoch 90, valid loss: 0.3854, valid auc: 95.28%
2023-06-22 15:23:41,371 - my_logger - INFO - epoch 91, train loss: 0.0741
2023-06-22 15:23:41,377 - my_logger - INFO - epoch 92, train loss: 0.0718
2023-06-22 15:23:41,382 - my_logger - INFO - evaluating......
2023-06-22 15:23:41,382 - my_logger - INFO - epoch 92, valid loss: 0.4063, valid auc: 95.25%
2023-06-22 15:23:41,386 - my_logger - INFO - epoch 93, train loss: 0.0725
2023-06-22 15:23:41,392 - my_logger - INFO - epoch 94, train loss: 0.0731
2023-06-22 15:23:41,397 - my_logger - INFO - evaluating......
2023-06-22 15:23:41,397 - my_logger - INFO - epoch 94, valid loss: 0.4276, valid auc: 95.35%
2023-06-22 15:23:41,404 - my_logger - INFO - epoch 95, train loss: 0.0842
2023-06-22 15:23:41,410 - my_logger - INFO - epoch 96, train loss: 0.0699
2023-06-22 15:23:41,415 - my_logger - INFO - evaluating......
2023-06-22 15:23:41,415 - my_logger - INFO - epoch 96, valid loss: 0.4497, valid auc: 95.35%
2023-06-22 15:23:41,421 - my_logger - INFO - epoch 97, train loss: 0.0575
2023-06-22 15:23:41,427 - my_logger - INFO - epoch 98, train loss: 0.0516
2023-06-22 15:23:41,432 - my_logger - INFO - evaluating......
2023-06-22 15:23:41,432 - my_logger - INFO - epoch 98, valid loss: 0.4496, valid auc: 95.30%
2023-06-22 15:23:41,437 - my_logger - INFO - epoch 99, train loss: 0.0579
2023-06-22 15:23:41,443 - my_logger - INFO - epoch 100, train loss: 0.0564
2023-06-22 15:23:41,447 - my_logger - INFO - evaluating......
2023-06-22 15:23:41,448 - my_logger - INFO - epoch 100, valid loss: 0.4804, valid auc: 95.30%
2023-06-22 15:23:41,451 - my_logger - INFO - epoch 101, train loss: 0.0443
2023-06-22 15:23:41,457 - my_logger - INFO - epoch 102, train loss: 0.0511
2023-06-22 15:23:41,462 - my_logger - INFO - evaluating......
2023-06-22 15:23:41,462 - my_logger - INFO - epoch 102, valid loss: 0.4896, valid auc: 95.31%
2023-06-22 15:23:41,465 - my_logger - INFO - epoch 103, train loss: 0.0522
2023-06-22 15:23:41,471 - my_logger - INFO - epoch 104, train loss: 0.0373
2023-06-22 15:23:41,476 - my_logger - INFO - evaluating......
2023-06-22 15:23:41,476 - my_logger - INFO - epoch 104, valid loss: 0.4992, valid auc: 95.24%
2023-06-22 15:23:41,480 - my_logger - INFO - epoch 105, train loss: 0.0470
2023-06-22 15:23:41,485 - my_logger - INFO - epoch 106, train loss: 0.0506
2023-06-22 15:23:41,490 - my_logger - INFO - evaluating......
2023-06-22 15:23:41,490 - my_logger - INFO - epoch 106, valid loss: 0.5551, valid auc: 95.22%
2023-06-22 15:23:41,493 - my_logger - INFO - epoch 107, train loss: 0.0323
2023-06-22 15:23:41,499 - my_logger - INFO - epoch 108, train loss: 0.0492
2023-06-22 15:23:41,503 - my_logger - INFO - evaluating......
2023-06-22 15:23:41,503 - my_logger - INFO - epoch 108, valid loss: 0.5466, valid auc: 95.31%
2023-06-22 15:23:41,506 - my_logger - INFO - epoch 109, train loss: 0.0458
2023-06-22 15:23:41,512 - my_logger - INFO - epoch 110, train loss: 0.0308
2023-06-22 15:23:41,516 - my_logger - INFO - evaluating......
2023-06-22 15:23:41,516 - my_logger - INFO - epoch 110, valid loss: 0.5673, valid auc: 95.16%
2023-06-22 15:23:41,519 - my_logger - INFO - epoch 111, train loss: 0.0446
2023-06-22 15:23:41,525 - my_logger - INFO - epoch 112, train loss: 0.0322
2023-06-22 15:23:41,529 - my_logger - INFO - evaluating......
2023-06-22 15:23:41,529 - my_logger - INFO - epoch 112, valid loss: 0.5989, valid auc: 95.22%
2023-06-22 15:23:41,533 - my_logger - INFO - epoch 113, train loss: 0.0301
2023-06-22 15:23:41,538 - my_logger - INFO - epoch 114, train loss: 0.0301
2023-06-22 15:23:41,542 - my_logger - INFO - evaluating......
2023-06-22 15:23:41,542 - my_logger - INFO - epoch 114, valid loss: 0.6148, valid auc: 95.07%
2023-06-22 15:23:41,546 - my_logger - INFO - epoch 115, train loss: 0.0218
2023-06-22 15:23:41,551 - my_logger - INFO - epoch 116, train loss: 0.0264
2023-06-22 15:23:41,555 - my_logger - INFO - evaluating......
2023-06-22 15:23:41,555 - my_logger - INFO - epoch 116, valid loss: 0.6367, valid auc: 95.09%
2023-06-22 15:23:41,559 - my_logger - INFO - epoch 117, train loss: 0.0183
2023-06-22 15:23:41,564 - my_logger - INFO - epoch 118, train loss: 0.0223
2023-06-22 15:23:41,568 - my_logger - INFO - evaluating......
2023-06-22 15:23:41,568 - my_logger - INFO - epoch 118, valid loss: 0.6631, valid auc: 95.01%
2023-06-22 15:23:41,572 - my_logger - INFO - epoch 119, train loss: 0.0165
2023-06-22 15:23:41,577 - my_logger - INFO - epoch 120, train loss: 0.0176
2023-06-22 15:23:41,581 - my_logger - INFO - evaluating......
2023-06-22 15:23:41,582 - my_logger - INFO - epoch 120, valid loss: 0.6879, valid auc: 95.07%
2023-06-22 15:23:41,585 - my_logger - INFO - epoch 121, train loss: 0.0156
2023-06-22 15:23:41,590 - my_logger - INFO - epoch 122, train loss: 0.0143
2023-06-22 15:23:41,594 - my_logger - INFO - evaluating......
2023-06-22 15:23:41,594 - my_logger - INFO - epoch 122, valid loss: 0.7090, valid auc: 95.05%
2023-06-22 15:23:41,598 - my_logger - INFO - epoch 123, train loss: 0.0138
2023-06-22 15:23:41,603 - my_logger - INFO - epoch 124, train loss: 0.0124
2023-06-22 15:23:41,607 - my_logger - INFO - evaluating......
2023-06-22 15:23:41,608 - my_logger - INFO - epoch 124, valid loss: 0.7632, valid auc: 94.97%
2023-06-22 15:23:41,611 - my_logger - INFO - epoch 125, train loss: 0.0116
2023-06-22 15:23:41,616 - my_logger - INFO - epoch 126, train loss: 0.0109
2023-06-22 15:23:41,620 - my_logger - INFO - evaluating......
2023-06-22 15:23:41,620 - my_logger - INFO - epoch 126, valid loss: 0.7754, valid auc: 95.02%
2023-06-22 15:23:41,624 - my_logger - INFO - epoch 127, train loss: 0.0099
2023-06-22 15:23:41,629 - my_logger - INFO - epoch 128, train loss: 0.0092
2023-06-22 15:23:41,633 - my_logger - INFO - evaluating......
2023-06-22 15:23:41,634 - my_logger - INFO - epoch 128, valid loss: 0.8225, valid auc: 94.97%
2023-06-22 15:23:41,637 - my_logger - INFO - epoch 129, train loss: 0.0086
2023-06-22 15:23:41,642 - my_logger - INFO - epoch 130, train loss: 0.0082
2023-06-22 15:23:41,646 - my_logger - INFO - evaluating......
2023-06-22 15:23:41,646 - my_logger - INFO - epoch 130, valid loss: 0.8565, valid auc: 94.90%
2023-06-22 15:23:41,650 - my_logger - INFO - epoch 131, train loss: 0.0070
2023-06-22 15:23:41,655 - my_logger - INFO - epoch 132, train loss: 0.0072
2023-06-22 15:23:41,660 - my_logger - INFO - evaluating......
2023-06-22 15:23:41,660 - my_logger - INFO - epoch 132, valid loss: 0.8841, valid auc: 94.99%
2023-06-22 15:23:41,664 - my_logger - INFO - epoch 133, train loss: 0.0062
2023-06-22 15:23:41,670 - my_logger - INFO - epoch 134, train loss: 0.0056
2023-06-22 15:23:41,674 - my_logger - INFO - evaluating......
2023-06-22 15:23:41,674 - my_logger - INFO - epoch 134, valid loss: 0.9247, valid auc: 94.89%
2023-06-22 15:23:41,677 - my_logger - INFO - epoch 135, train loss: 0.0057
2023-06-22 15:23:41,682 - my_logger - INFO - epoch 136, train loss: 0.0048
2023-06-22 15:23:41,687 - my_logger - INFO - evaluating......
2023-06-22 15:23:41,687 - my_logger - INFO - epoch 136, valid loss: 0.9625, valid auc: 94.87%
2023-06-22 15:23:41,691 - my_logger - INFO - epoch 137, train loss: 0.0046
2023-06-22 15:23:41,696 - my_logger - INFO - epoch 138, train loss: 0.0043
2023-06-22 15:23:41,701 - my_logger - INFO - evaluating......
2023-06-22 15:23:41,701 - my_logger - INFO - epoch 138, valid loss: 0.9805, valid auc: 94.92%
2023-06-22 15:23:41,704 - my_logger - INFO - epoch 139, train loss: 0.0040
2023-06-22 15:23:41,710 - my_logger - INFO - epoch 140, train loss: 0.0036
2023-06-22 15:23:41,715 - my_logger - INFO - evaluating......
2023-06-22 15:23:41,715 - my_logger - INFO - epoch 140, valid loss: 1.0224, valid auc: 94.86%
2023-06-22 15:23:41,718 - my_logger - INFO - epoch 141, train loss: 0.0034
2023-06-22 15:23:41,724 - my_logger - INFO - epoch 142, train loss: 0.0032
2023-06-22 15:23:41,728 - my_logger - INFO - evaluating......
2023-06-22 15:23:41,728 - my_logger - INFO - epoch 142, valid loss: 1.0569, valid auc: 94.83%
2023-06-22 15:23:41,732 - my_logger - INFO - epoch 143, train loss: 0.0029
2023-06-22 15:23:41,737 - my_logger - INFO - epoch 144, train loss: 0.0027
2023-06-22 15:23:41,741 - my_logger - INFO - evaluating......
2023-06-22 15:23:41,741 - my_logger - INFO - epoch 144, valid loss: 1.0749, valid auc: 94.86%
2023-06-22 15:23:41,745 - my_logger - INFO - epoch 145, train loss: 0.0026
2023-06-22 15:23:41,750 - my_logger - INFO - epoch 146, train loss: 0.0024
2023-06-22 15:23:41,754 - my_logger - INFO - evaluating......
2023-06-22 15:23:41,754 - my_logger - INFO - epoch 146, valid loss: 1.1082, valid auc: 94.84%
2023-06-22 15:23:41,758 - my_logger - INFO - epoch 147, train loss: 0.0022
2023-06-22 15:23:41,763 - my_logger - INFO - epoch 148, train loss: 0.0021
2023-06-22 15:23:41,767 - my_logger - INFO - evaluating......
2023-06-22 15:23:41,768 - my_logger - INFO - epoch 148, valid loss: 1.1344, valid auc: 94.82%
2023-06-22 15:23:41,771 - my_logger - INFO - epoch 149, train loss: 0.0020
2023-06-22 15:23:41,776 - my_logger - INFO - epoch 150, train loss: 0.0018
2023-06-22 15:23:41,781 - my_logger - INFO - evaluating......
2023-06-22 15:23:41,781 - my_logger - INFO - epoch 150, valid loss: 1.1593, valid auc: 94.82%
2023-06-22 15:23:41,784 - my_logger - INFO - epoch 151, train loss: 0.0017
2023-06-22 15:23:41,789 - my_logger - INFO - epoch 152, train loss: 0.0016
2023-06-22 15:23:41,793 - my_logger - INFO - evaluating......
2023-06-22 15:23:41,793 - my_logger - INFO - epoch 152, valid loss: 1.1792, valid auc: 94.83%
2023-06-22 15:23:41,797 - my_logger - INFO - epoch 153, train loss: 0.0015
2023-06-22 15:23:41,802 - my_logger - INFO - epoch 154, train loss: 0.0014
2023-06-22 15:23:41,806 - my_logger - INFO - evaluating......
2023-06-22 15:23:41,806 - my_logger - INFO - epoch 154, valid loss: 1.1968, valid auc: 94.83%
2023-06-22 15:23:41,810 - my_logger - INFO - epoch 155, train loss: 0.0013
2023-06-22 15:23:41,815 - my_logger - INFO - epoch 156, train loss: 0.0013
2023-06-22 15:23:41,819 - my_logger - INFO - evaluating......
2023-06-22 15:23:41,819 - my_logger - INFO - epoch 156, valid loss: 1.2243, valid auc: 94.81%
2023-06-22 15:23:41,823 - my_logger - INFO - epoch 157, train loss: 0.0012
2023-06-22 15:23:41,828 - my_logger - INFO - epoch 158, train loss: 0.0011
2023-06-22 15:23:41,832 - my_logger - INFO - evaluating......
2023-06-22 15:23:41,833 - my_logger - INFO - epoch 158, valid loss: 1.2452, valid auc: 94.79%
2023-06-22 15:23:41,836 - my_logger - INFO - epoch 159, train loss: 0.0011
2023-06-22 15:23:41,842 - my_logger - INFO - epoch 160, train loss: 0.0010
2023-06-22 15:23:41,847 - my_logger - INFO - evaluating......
2023-06-22 15:23:41,847 - my_logger - INFO - epoch 160, valid loss: 1.2562, valid auc: 94.80%
2023-06-22 15:23:41,851 - my_logger - INFO - epoch 161, train loss: 0.0010
2023-06-22 15:23:41,856 - my_logger - INFO - epoch 162, train loss: 0.0009
2023-06-22 15:23:41,861 - my_logger - INFO - evaluating......
2023-06-22 15:23:41,861 - my_logger - INFO - epoch 162, valid loss: 1.2727, valid auc: 94.81%
2023-06-22 15:23:41,864 - my_logger - INFO - epoch 163, train loss: 0.0009
2023-06-22 15:23:41,869 - my_logger - INFO - epoch 164, train loss: 0.0008
2023-06-22 15:23:41,874 - my_logger - INFO - evaluating......
2023-06-22 15:23:41,874 - my_logger - INFO - epoch 164, valid loss: 1.2932, valid auc: 94.79%
2023-06-22 15:23:41,878 - my_logger - INFO - epoch 165, train loss: 0.0008
2023-06-22 15:23:41,883 - my_logger - INFO - epoch 166, train loss: 0.0007
2023-06-22 15:23:41,888 - my_logger - INFO - evaluating......
2023-06-22 15:23:41,888 - my_logger - INFO - epoch 166, valid loss: 1.3090, valid auc: 94.78%
2023-06-22 15:23:41,891 - my_logger - INFO - epoch 167, train loss: 0.0007
2023-06-22 15:23:41,897 - my_logger - INFO - epoch 168, train loss: 0.0007
2023-06-22 15:23:41,901 - my_logger - INFO - evaluating......
2023-06-22 15:23:41,902 - my_logger - INFO - epoch 168, valid loss: 1.3204, valid auc: 94.79%
2023-06-22 15:23:41,905 - my_logger - INFO - epoch 169, train loss: 0.0006
2023-06-22 15:23:41,911 - my_logger - INFO - epoch 170, train loss: 0.0006
2023-06-22 15:23:41,915 - my_logger - INFO - evaluating......
2023-06-22 15:23:41,915 - my_logger - INFO - epoch 170, valid loss: 1.3322, valid auc: 94.79%
2023-06-22 15:23:41,918 - my_logger - INFO - epoch 171, train loss: 0.0006
2023-06-22 15:23:41,923 - my_logger - INFO - epoch 172, train loss: 0.0006
2023-06-22 15:23:41,928 - my_logger - INFO - evaluating......
2023-06-22 15:23:41,928 - my_logger - INFO - epoch 172, valid loss: 1.3456, valid auc: 94.79%
2023-06-22 15:23:41,931 - my_logger - INFO - epoch 173, train loss: 0.0005
2023-06-22 15:23:41,936 - my_logger - INFO - epoch 174, train loss: 0.0005
2023-06-22 15:23:41,940 - my_logger - INFO - evaluating......
2023-06-22 15:23:41,941 - my_logger - INFO - epoch 174, valid loss: 1.3594, valid auc: 94.78%
2023-06-22 15:23:41,944 - my_logger - INFO - epoch 175, train loss: 0.0005
2023-06-22 15:23:41,949 - my_logger - INFO - epoch 176, train loss: 0.0005
2023-06-22 15:23:41,953 - my_logger - INFO - evaluating......
2023-06-22 15:23:41,953 - my_logger - INFO - epoch 176, valid loss: 1.3713, valid auc: 94.78%
2023-06-22 15:23:41,957 - my_logger - INFO - epoch 177, train loss: 0.0005
2023-06-22 15:23:41,962 - my_logger - INFO - epoch 178, train loss: 0.0005
2023-06-22 15:23:41,966 - my_logger - INFO - evaluating......
2023-06-22 15:23:41,966 - my_logger - INFO - epoch 178, valid loss: 1.3806, valid auc: 94.79%
2023-06-22 15:23:41,970 - my_logger - INFO - epoch 179, train loss: 0.0004
2023-06-22 15:23:41,975 - my_logger - INFO - epoch 180, train loss: 0.0004
2023-06-22 15:23:41,979 - my_logger - INFO - evaluating......
2023-06-22 15:23:41,980 - my_logger - INFO - epoch 180, valid loss: 1.3890, valid auc: 94.79%
2023-06-22 15:23:41,983 - my_logger - INFO - epoch 181, train loss: 0.0004
2023-06-22 15:23:41,988 - my_logger - INFO - epoch 182, train loss: 0.0004
2023-06-22 15:23:41,992 - my_logger - INFO - evaluating......
2023-06-22 15:23:41,992 - my_logger - INFO - epoch 182, valid loss: 1.3982, valid auc: 94.79%
2023-06-22 15:23:41,996 - my_logger - INFO - epoch 183, train loss: 0.0004
2023-06-22 15:23:42,001 - my_logger - INFO - epoch 184, train loss: 0.0004
2023-06-22 15:23:42,005 - my_logger - INFO - evaluating......
2023-06-22 15:23:42,005 - my_logger - INFO - epoch 184, valid loss: 1.4080, valid auc: 94.79%
2023-06-22 15:23:42,008 - my_logger - INFO - epoch 185, train loss: 0.0004
2023-06-22 15:23:42,014 - my_logger - INFO - epoch 186, train loss: 0.0004
2023-06-22 15:23:42,018 - my_logger - INFO - evaluating......
2023-06-22 15:23:42,018 - my_logger - INFO - epoch 186, valid loss: 1.4176, valid auc: 94.79%
2023-06-22 15:23:42,021 - my_logger - INFO - epoch 187, train loss: 0.0003
2023-06-22 15:23:42,027 - my_logger - INFO - epoch 188, train loss: 0.0003
2023-06-22 15:23:42,031 - my_logger - INFO - evaluating......
2023-06-22 15:23:42,031 - my_logger - INFO - epoch 188, valid loss: 1.4262, valid auc: 94.79%
2023-06-22 15:23:42,035 - my_logger - INFO - epoch 189, train loss: 0.0003
2023-06-22 15:23:42,040 - my_logger - INFO - epoch 190, train loss: 0.0003
2023-06-22 15:23:42,044 - my_logger - INFO - evaluating......
2023-06-22 15:23:42,044 - my_logger - INFO - epoch 190, valid loss: 1.4341, valid auc: 94.79%
2023-06-22 15:23:42,047 - my_logger - INFO - epoch 191, train loss: 0.0003
2023-06-22 15:23:42,053 - my_logger - INFO - epoch 192, train loss: 0.0003
2023-06-22 15:23:42,057 - my_logger - INFO - evaluating......
2023-06-22 15:23:42,057 - my_logger - INFO - epoch 192, valid loss: 1.4416, valid auc: 94.79%
2023-06-22 15:23:42,061 - my_logger - INFO - epoch 193, train loss: 0.0003
2023-06-22 15:23:42,066 - my_logger - INFO - epoch 194, train loss: 0.0003
2023-06-22 15:23:42,070 - my_logger - INFO - evaluating......
2023-06-22 15:23:42,070 - my_logger - INFO - epoch 194, valid loss: 1.4491, valid auc: 94.79%
2023-06-22 15:23:42,073 - my_logger - INFO - epoch 195, train loss: 0.0003
2023-06-22 15:23:42,079 - my_logger - INFO - epoch 196, train loss: 0.0003
2023-06-22 15:23:42,083 - my_logger - INFO - evaluating......
2023-06-22 15:23:42,083 - my_logger - INFO - epoch 196, valid loss: 1.4569, valid auc: 94.79%
2023-06-22 15:23:42,087 - my_logger - INFO - epoch 197, train loss: 0.0003
2023-06-22 15:23:42,093 - my_logger - INFO - epoch 198, train loss: 0.0003
2023-06-22 15:23:42,097 - my_logger - INFO - evaluating......
2023-06-22 15:23:42,097 - my_logger - INFO - epoch 198, valid loss: 1.4648, valid auc: 94.79%
2023-06-22 15:23:42,101 - my_logger - INFO - epoch 199, train loss: 0.0003
2023-06-22 15:23:42,103 - my_logger - INFO - total train time used: 2.2236s
2023-06-22 15:23:42,103 - my_logger - INFO - testing......
2023-06-22 15:23:42,109 - my_logger - INFO - test auc: 94.28%
