2023-06-21 23:08:43,072 - my_logger - INFO - Number of categories:7
2023-06-21 23:08:43,073 - my_logger - INFO - graph node data: {'feat': tensor([[0., 0., 0.,  ..., 0., 0., 0.],
        [0., 0., 0.,  ..., 0., 0., 0.],
        [0., 0., 0.,  ..., 0., 0., 0.],
        ...,
        [0., 0., 0.,  ..., 0., 0., 0.],
        [0., 0., 0.,  ..., 0., 0., 0.],
        [0., 0., 0.,  ..., 0., 0., 0.]]), 'label': tensor([3, 4, 4,  ..., 3, 3, 3]), 'test_mask': tensor([False, False, False,  ...,  True,  True,  True]), 'val_mask': tensor([False, False, False,  ..., False, False, False]), 'train_mask': tensor([ True,  True,  True,  ..., False, False, False])}
2023-06-21 23:08:43,073 - my_logger - INFO - graph edge data: {}
2023-06-21 23:08:43,382 - my_logger - INFO - training......
2023-06-21 23:08:43,459 - my_logger - INFO - epoch 0, train loss: 1.9457
2023-06-21 23:08:43,507 - my_logger - INFO - evaluating......
2023-06-21 23:08:43,508 - my_logger - INFO - epoch 0, valid loss: 1.9456, valid acc: 13.40%
2023-06-21 23:08:43,516 - my_logger - INFO - epoch 1, train loss: 1.9407
2023-06-21 23:08:43,525 - my_logger - INFO - epoch 2, train loss: 1.9317
2023-06-21 23:08:43,527 - my_logger - INFO - evaluating......
2023-06-21 23:08:43,527 - my_logger - INFO - epoch 2, valid loss: 1.9349, valid acc: 18.80%
2023-06-21 23:08:43,535 - my_logger - INFO - epoch 3, train loss: 1.9193
2023-06-21 23:08:43,543 - my_logger - INFO - epoch 4, train loss: 1.9018
2023-06-21 23:08:43,545 - my_logger - INFO - evaluating......
2023-06-21 23:08:43,545 - my_logger - INFO - epoch 4, valid loss: 1.9198, valid acc: 12.20%
2023-06-21 23:08:43,552 - my_logger - INFO - epoch 5, train loss: 1.8794
2023-06-21 23:08:43,559 - my_logger - INFO - epoch 6, train loss: 1.8509
2023-06-21 23:08:43,562 - my_logger - INFO - evaluating......
2023-06-21 23:08:43,562 - my_logger - INFO - epoch 6, valid loss: 1.8939, valid acc: 12.20%
2023-06-21 23:08:43,568 - my_logger - INFO - epoch 7, train loss: 1.8147
2023-06-21 23:08:43,576 - my_logger - INFO - epoch 8, train loss: 1.7696
2023-06-21 23:08:43,578 - my_logger - INFO - evaluating......
2023-06-21 23:08:43,579 - my_logger - INFO - epoch 8, valid loss: 1.8553, valid acc: 24.60%
2023-06-21 23:08:43,586 - my_logger - INFO - epoch 9, train loss: 1.7147
2023-06-21 23:08:43,594 - my_logger - INFO - epoch 10, train loss: 1.6493
2023-06-21 23:08:43,596 - my_logger - INFO - evaluating......
2023-06-21 23:08:43,596 - my_logger - INFO - epoch 10, valid loss: 1.7871, valid acc: 44.80%
2023-06-21 23:08:43,604 - my_logger - INFO - epoch 11, train loss: 1.5736
2023-06-21 23:08:43,611 - my_logger - INFO - epoch 12, train loss: 1.4864
2023-06-21 23:08:43,614 - my_logger - INFO - evaluating......
2023-06-21 23:08:43,614 - my_logger - INFO - epoch 12, valid loss: 1.6872, valid acc: 61.40%
2023-06-21 23:08:43,622 - my_logger - INFO - epoch 13, train loss: 1.3888
2023-06-21 23:08:43,631 - my_logger - INFO - epoch 14, train loss: 1.2844
2023-06-21 23:08:43,633 - my_logger - INFO - evaluating......
2023-06-21 23:08:43,634 - my_logger - INFO - epoch 14, valid loss: 1.5731, valid acc: 73.40%
2023-06-21 23:08:43,642 - my_logger - INFO - epoch 15, train loss: 1.1742
2023-06-21 23:08:43,650 - my_logger - INFO - epoch 16, train loss: 1.0598
2023-06-21 23:08:43,653 - my_logger - INFO - evaluating......
2023-06-21 23:08:43,653 - my_logger - INFO - epoch 16, valid loss: 1.4359, valid acc: 75.40%
2023-06-21 23:08:43,661 - my_logger - INFO - epoch 17, train loss: 0.9438
2023-06-21 23:08:43,670 - my_logger - INFO - epoch 18, train loss: 0.8299
2023-06-21 23:08:43,672 - my_logger - INFO - evaluating......
2023-06-21 23:08:43,673 - my_logger - INFO - epoch 18, valid loss: 1.2933, valid acc: 75.80%
2023-06-21 23:08:43,681 - my_logger - INFO - epoch 19, train loss: 0.7211
2023-06-21 23:08:43,690 - my_logger - INFO - epoch 20, train loss: 0.6194
2023-06-21 23:08:43,693 - my_logger - INFO - evaluating......
2023-06-21 23:08:43,693 - my_logger - INFO - epoch 20, valid loss: 1.1784, valid acc: 74.60%
2023-06-21 23:08:43,699 - my_logger - INFO - epoch 21, train loss: 0.5262
2023-06-21 23:08:43,708 - my_logger - INFO - epoch 22, train loss: 0.4426
2023-06-21 23:08:43,710 - my_logger - INFO - evaluating......
2023-06-21 23:08:43,711 - my_logger - INFO - epoch 22, valid loss: 1.0834, valid acc: 74.80%
2023-06-21 23:08:43,717 - my_logger - INFO - epoch 23, train loss: 0.3695
2023-06-21 23:08:43,725 - my_logger - INFO - epoch 24, train loss: 0.3061
2023-06-21 23:08:43,727 - my_logger - INFO - evaluating......
2023-06-21 23:08:43,728 - my_logger - INFO - epoch 24, valid loss: 1.0269, valid acc: 76.00%
2023-06-21 23:08:43,735 - my_logger - INFO - epoch 25, train loss: 0.2516
2023-06-21 23:08:43,743 - my_logger - INFO - epoch 26, train loss: 0.2057
2023-06-21 23:08:43,746 - my_logger - INFO - evaluating......
2023-06-21 23:08:43,746 - my_logger - INFO - epoch 26, valid loss: 1.0203, valid acc: 76.20%
2023-06-21 23:08:43,754 - my_logger - INFO - epoch 27, train loss: 0.1675
2023-06-21 23:08:43,762 - my_logger - INFO - epoch 28, train loss: 0.1361
2023-06-21 23:08:43,764 - my_logger - INFO - evaluating......
2023-06-21 23:08:43,764 - my_logger - INFO - epoch 28, valid loss: 1.0354, valid acc: 77.40%
2023-06-21 23:08:43,773 - my_logger - INFO - epoch 29, train loss: 0.1102
2023-06-21 23:08:43,780 - my_logger - INFO - epoch 30, train loss: 0.0888
2023-06-21 23:08:43,783 - my_logger - INFO - evaluating......
2023-06-21 23:08:43,783 - my_logger - INFO - epoch 30, valid loss: 1.0989, valid acc: 77.60%
2023-06-21 23:08:43,792 - my_logger - INFO - epoch 31, train loss: 0.0712
2023-06-21 23:08:43,800 - my_logger - INFO - epoch 32, train loss: 0.0567
2023-06-21 23:08:43,802 - my_logger - INFO - evaluating......
2023-06-21 23:08:43,802 - my_logger - INFO - epoch 32, valid loss: 1.1886, valid acc: 77.60%
2023-06-21 23:08:43,809 - my_logger - INFO - epoch 33, train loss: 0.0446
2023-06-21 23:08:43,817 - my_logger - INFO - epoch 34, train loss: 0.0349
2023-06-21 23:08:43,819 - my_logger - INFO - evaluating......
2023-06-21 23:08:43,819 - my_logger - INFO - epoch 34, valid loss: 1.2772, valid acc: 77.00%
2023-06-21 23:08:43,826 - my_logger - INFO - epoch 35, train loss: 0.0270
2023-06-21 23:08:43,833 - my_logger - INFO - epoch 36, train loss: 0.0209
2023-06-21 23:08:43,836 - my_logger - INFO - evaluating......
2023-06-21 23:08:43,836 - my_logger - INFO - epoch 36, valid loss: 1.3918, valid acc: 76.60%
2023-06-21 23:08:43,842 - my_logger - INFO - epoch 37, train loss: 0.0161
2023-06-21 23:08:43,850 - my_logger - INFO - epoch 38, train loss: 0.0125
2023-06-21 23:08:43,852 - my_logger - INFO - evaluating......
2023-06-21 23:08:43,852 - my_logger - INFO - epoch 38, valid loss: 1.4851, valid acc: 77.20%
2023-06-21 23:08:43,858 - my_logger - INFO - epoch 39, train loss: 0.0097
2023-06-21 23:08:43,866 - my_logger - INFO - epoch 40, train loss: 0.0076
2023-06-21 23:08:43,869 - my_logger - INFO - evaluating......
2023-06-21 23:08:43,869 - my_logger - INFO - epoch 40, valid loss: 1.5946, valid acc: 76.80%
2023-06-21 23:08:43,875 - my_logger - INFO - epoch 41, train loss: 0.0060
2023-06-21 23:08:43,883 - my_logger - INFO - epoch 42, train loss: 0.0048
2023-06-21 23:08:43,885 - my_logger - INFO - evaluating......
2023-06-21 23:08:43,885 - my_logger - INFO - epoch 42, valid loss: 1.6793, valid acc: 76.80%
2023-06-21 23:08:43,892 - my_logger - INFO - epoch 43, train loss: 0.0039
2023-06-21 23:08:43,899 - my_logger - INFO - epoch 44, train loss: 0.0032
2023-06-21 23:08:43,902 - my_logger - INFO - evaluating......
2023-06-21 23:08:43,902 - my_logger - INFO - epoch 44, valid loss: 1.7509, valid acc: 76.60%
2023-06-21 23:08:43,908 - my_logger - INFO - epoch 45, train loss: 0.0026
2023-06-21 23:08:43,916 - my_logger - INFO - epoch 46, train loss: 0.0022
2023-06-21 23:08:43,918 - my_logger - INFO - evaluating......
2023-06-21 23:08:43,919 - my_logger - INFO - epoch 46, valid loss: 1.8263, valid acc: 76.60%
2023-06-21 23:08:43,925 - my_logger - INFO - epoch 47, train loss: 0.0018
2023-06-21 23:08:43,933 - my_logger - INFO - epoch 48, train loss: 0.0015
2023-06-21 23:08:43,936 - my_logger - INFO - evaluating......
2023-06-21 23:08:43,936 - my_logger - INFO - epoch 48, valid loss: 1.8876, valid acc: 76.80%
2023-06-21 23:08:43,942 - my_logger - INFO - epoch 49, train loss: 0.0013
2023-06-21 23:08:43,950 - my_logger - INFO - epoch 50, train loss: 0.0012
2023-06-21 23:08:43,952 - my_logger - INFO - evaluating......
2023-06-21 23:08:43,952 - my_logger - INFO - epoch 50, valid loss: 1.9439, valid acc: 76.80%
2023-06-21 23:08:43,959 - my_logger - INFO - epoch 51, train loss: 0.0010
2023-06-21 23:08:43,967 - my_logger - INFO - epoch 52, train loss: 0.0009
2023-06-21 23:08:43,969 - my_logger - INFO - evaluating......
2023-06-21 23:08:43,969 - my_logger - INFO - epoch 52, valid loss: 1.9993, valid acc: 77.00%
2023-06-21 23:08:43,975 - my_logger - INFO - epoch 53, train loss: 0.0008
2023-06-21 23:08:43,983 - my_logger - INFO - epoch 54, train loss: 0.0007
2023-06-21 23:08:43,985 - my_logger - INFO - evaluating......
2023-06-21 23:08:43,985 - my_logger - INFO - epoch 54, valid loss: 2.0459, valid acc: 77.00%
2023-06-21 23:08:43,991 - my_logger - INFO - epoch 55, train loss: 0.0007
2023-06-21 23:08:43,999 - my_logger - INFO - epoch 56, train loss: 0.0006
2023-06-21 23:08:44,001 - my_logger - INFO - evaluating......
2023-06-21 23:08:44,001 - my_logger - INFO - epoch 56, valid loss: 2.0830, valid acc: 77.00%
2023-06-21 23:08:44,007 - my_logger - INFO - epoch 57, train loss: 0.0005
2023-06-21 23:08:44,015 - my_logger - INFO - epoch 58, train loss: 0.0005
2023-06-21 23:08:44,018 - my_logger - INFO - evaluating......
2023-06-21 23:08:44,018 - my_logger - INFO - epoch 58, valid loss: 2.1176, valid acc: 77.00%
2023-06-21 23:08:44,024 - my_logger - INFO - epoch 59, train loss: 0.0005
2023-06-21 23:08:44,031 - my_logger - INFO - epoch 60, train loss: 0.0004
2023-06-21 23:08:44,034 - my_logger - INFO - evaluating......
2023-06-21 23:08:44,034 - my_logger - INFO - epoch 60, valid loss: 2.1527, valid acc: 77.00%
2023-06-21 23:08:44,039 - my_logger - INFO - epoch 61, train loss: 0.0004
2023-06-21 23:08:44,047 - my_logger - INFO - epoch 62, train loss: 0.0004
2023-06-21 23:08:44,049 - my_logger - INFO - evaluating......
2023-06-21 23:08:44,049 - my_logger - INFO - epoch 62, valid loss: 2.1852, valid acc: 77.00%
2023-06-21 23:08:44,055 - my_logger - INFO - epoch 63, train loss: 0.0004
2023-06-21 23:08:44,063 - my_logger - INFO - epoch 64, train loss: 0.0003
2023-06-21 23:08:44,065 - my_logger - INFO - evaluating......
2023-06-21 23:08:44,065 - my_logger - INFO - epoch 64, valid loss: 2.2118, valid acc: 77.00%
2023-06-21 23:08:44,071 - my_logger - INFO - epoch 65, train loss: 0.0003
2023-06-21 23:08:44,078 - my_logger - INFO - epoch 66, train loss: 0.0003
2023-06-21 23:08:44,081 - my_logger - INFO - evaluating......
2023-06-21 23:08:44,081 - my_logger - INFO - epoch 66, valid loss: 2.2323, valid acc: 77.00%
2023-06-21 23:08:44,087 - my_logger - INFO - epoch 67, train loss: 0.0003
2023-06-21 23:08:44,094 - my_logger - INFO - epoch 68, train loss: 0.0003
2023-06-21 23:08:44,096 - my_logger - INFO - evaluating......
2023-06-21 23:08:44,097 - my_logger - INFO - epoch 68, valid loss: 2.2488, valid acc: 77.00%
2023-06-21 23:08:44,102 - my_logger - INFO - epoch 69, train loss: 0.0003
2023-06-21 23:08:44,110 - my_logger - INFO - epoch 70, train loss: 0.0003
2023-06-21 23:08:44,112 - my_logger - INFO - evaluating......
2023-06-21 23:08:44,112 - my_logger - INFO - epoch 70, valid loss: 2.2634, valid acc: 76.80%
2023-06-21 23:08:44,118 - my_logger - INFO - epoch 71, train loss: 0.0002
2023-06-21 23:08:44,126 - my_logger - INFO - epoch 72, train loss: 0.0002
2023-06-21 23:08:44,129 - my_logger - INFO - evaluating......
2023-06-21 23:08:44,129 - my_logger - INFO - epoch 72, valid loss: 2.2771, valid acc: 76.80%
2023-06-21 23:08:44,135 - my_logger - INFO - epoch 73, train loss: 0.0002
2023-06-21 23:08:44,143 - my_logger - INFO - epoch 74, train loss: 0.0002
2023-06-21 23:08:44,145 - my_logger - INFO - evaluating......
2023-06-21 23:08:44,145 - my_logger - INFO - epoch 74, valid loss: 2.2897, valid acc: 77.00%
2023-06-21 23:08:44,151 - my_logger - INFO - epoch 75, train loss: 0.0002
2023-06-21 23:08:44,159 - my_logger - INFO - epoch 76, train loss: 0.0002
2023-06-21 23:08:44,161 - my_logger - INFO - evaluating......
2023-06-21 23:08:44,162 - my_logger - INFO - epoch 76, valid loss: 2.3005, valid acc: 77.00%
2023-06-21 23:08:44,168 - my_logger - INFO - epoch 77, train loss: 0.0002
2023-06-21 23:08:44,176 - my_logger - INFO - epoch 78, train loss: 0.0002
2023-06-21 23:08:44,179 - my_logger - INFO - evaluating......
2023-06-21 23:08:44,180 - my_logger - INFO - epoch 78, valid loss: 2.3095, valid acc: 77.00%
2023-06-21 23:08:44,185 - my_logger - INFO - epoch 79, train loss: 0.0002
2023-06-21 23:08:44,194 - my_logger - INFO - epoch 80, train loss: 0.0002
2023-06-21 23:08:44,196 - my_logger - INFO - evaluating......
2023-06-21 23:08:44,196 - my_logger - INFO - epoch 80, valid loss: 2.3168, valid acc: 77.00%
2023-06-21 23:08:44,202 - my_logger - INFO - epoch 81, train loss: 0.0002
2023-06-21 23:08:44,210 - my_logger - INFO - epoch 82, train loss: 0.0002
2023-06-21 23:08:44,212 - my_logger - INFO - evaluating......
2023-06-21 23:08:44,213 - my_logger - INFO - epoch 82, valid loss: 2.3228, valid acc: 77.00%
2023-06-21 23:08:44,219 - my_logger - INFO - epoch 83, train loss: 0.0002
2023-06-21 23:08:44,226 - my_logger - INFO - epoch 84, train loss: 0.0002
2023-06-21 23:08:44,229 - my_logger - INFO - evaluating......
2023-06-21 23:08:44,229 - my_logger - INFO - epoch 84, valid loss: 2.3282, valid acc: 77.00%
2023-06-21 23:08:44,235 - my_logger - INFO - epoch 85, train loss: 0.0002
2023-06-21 23:08:44,243 - my_logger - INFO - epoch 86, train loss: 0.0002
2023-06-21 23:08:44,245 - my_logger - INFO - evaluating......
2023-06-21 23:08:44,246 - my_logger - INFO - epoch 86, valid loss: 2.3331, valid acc: 77.00%
2023-06-21 23:08:44,252 - my_logger - INFO - epoch 87, train loss: 0.0002
2023-06-21 23:08:44,259 - my_logger - INFO - epoch 88, train loss: 0.0002
2023-06-21 23:08:44,262 - my_logger - INFO - evaluating......
2023-06-21 23:08:44,262 - my_logger - INFO - epoch 88, valid loss: 2.3379, valid acc: 77.00%
2023-06-21 23:08:44,268 - my_logger - INFO - epoch 89, train loss: 0.0002
2023-06-21 23:08:44,276 - my_logger - INFO - epoch 90, train loss: 0.0002
2023-06-21 23:08:44,278 - my_logger - INFO - evaluating......
2023-06-21 23:08:44,279 - my_logger - INFO - epoch 90, valid loss: 2.3422, valid acc: 77.00%
2023-06-21 23:08:44,285 - my_logger - INFO - epoch 91, train loss: 0.0002
2023-06-21 23:08:44,292 - my_logger - INFO - epoch 92, train loss: 0.0002
2023-06-21 23:08:44,295 - my_logger - INFO - evaluating......
2023-06-21 23:08:44,295 - my_logger - INFO - epoch 92, valid loss: 2.3459, valid acc: 77.00%
2023-06-21 23:08:44,301 - my_logger - INFO - epoch 93, train loss: 0.0002
2023-06-21 23:08:44,309 - my_logger - INFO - epoch 94, train loss: 0.0002
2023-06-21 23:08:44,312 - my_logger - INFO - evaluating......
2023-06-21 23:08:44,312 - my_logger - INFO - epoch 94, valid loss: 2.3489, valid acc: 77.00%
2023-06-21 23:08:44,318 - my_logger - INFO - epoch 95, train loss: 0.0002
2023-06-21 23:08:44,326 - my_logger - INFO - epoch 96, train loss: 0.0002
2023-06-21 23:08:44,328 - my_logger - INFO - evaluating......
2023-06-21 23:08:44,329 - my_logger - INFO - epoch 96, valid loss: 2.3513, valid acc: 77.00%
2023-06-21 23:08:44,334 - my_logger - INFO - epoch 97, train loss: 0.0002
2023-06-21 23:08:44,343 - my_logger - INFO - epoch 98, train loss: 0.0002
2023-06-21 23:08:44,345 - my_logger - INFO - evaluating......
2023-06-21 23:08:44,345 - my_logger - INFO - epoch 98, valid loss: 2.3534, valid acc: 77.00%
2023-06-21 23:08:44,351 - my_logger - INFO - epoch 99, train loss: 0.0002
2023-06-21 23:08:44,353 - my_logger - INFO - total train time used: 0.9711s
2023-06-21 23:08:44,353 - my_logger - INFO - testing......
2023-06-21 23:08:44,361 - my_logger - INFO - test acc: 76.00%
