2023-06-04 13:08:28,283 - my_logger - INFO - Number of categories:7
2023-06-04 13:08:28,284 - my_logger - INFO - graph node data: {'feat': tensor([[0., 0., 0.,  ..., 0., 0., 0.],
        [0., 0., 0.,  ..., 0., 0., 0.],
        [0., 0., 0.,  ..., 0., 0., 0.],
        ...,
        [0., 0., 0.,  ..., 0., 0., 0.],
        [0., 0., 0.,  ..., 0., 0., 0.],
        [0., 0., 0.,  ..., 0., 0., 0.]]), 'label': tensor([3, 4, 4,  ..., 3, 3, 3]), 'test_mask': tensor([False, False, False,  ...,  True,  True,  True]), 'val_mask': tensor([False, False, False,  ..., False, False, False]), 'train_mask': tensor([ True,  True,  True,  ..., False, False, False])}
2023-06-04 13:08:28,284 - my_logger - INFO - graph edge data: {}
2023-06-04 13:08:28,594 - my_logger - INFO - training......
2023-06-04 13:08:28,655 - my_logger - INFO - epoch 0, train loss: 1.9452
2023-06-04 13:08:28,708 - my_logger - INFO - evaluating......
2023-06-04 13:08:28,708 - my_logger - INFO - epoch 0, valid loss: 1.9457, valid acc: 17.20%
2023-06-04 13:08:28,715 - my_logger - INFO - epoch 1, train loss: 1.9404
2023-06-04 13:08:28,722 - my_logger - INFO - epoch 2, train loss: 1.9323
2023-06-04 13:08:28,725 - my_logger - INFO - evaluating......
2023-06-04 13:08:28,725 - my_logger - INFO - epoch 2, valid loss: 1.9406, valid acc: 23.60%
2023-06-04 13:08:28,731 - my_logger - INFO - epoch 3, train loss: 1.9207
2023-06-04 13:08:28,737 - my_logger - INFO - epoch 4, train loss: 1.9083
2023-06-04 13:08:28,740 - my_logger - INFO - evaluating......
2023-06-04 13:08:28,740 - my_logger - INFO - epoch 4, valid loss: 1.9248, valid acc: 29.80%
2023-06-04 13:08:28,746 - my_logger - INFO - epoch 5, train loss: 1.8933
2023-06-04 13:08:28,753 - my_logger - INFO - epoch 6, train loss: 1.8770
2023-06-04 13:08:28,755 - my_logger - INFO - evaluating......
2023-06-04 13:08:28,755 - my_logger - INFO - epoch 6, valid loss: 1.9091, valid acc: 31.00%
2023-06-04 13:08:28,761 - my_logger - INFO - epoch 7, train loss: 1.8585
2023-06-04 13:08:28,768 - my_logger - INFO - epoch 8, train loss: 1.8376
2023-06-04 13:08:28,770 - my_logger - INFO - evaluating......
2023-06-04 13:08:28,770 - my_logger - INFO - epoch 8, valid loss: 1.8893, valid acc: 35.20%
2023-06-04 13:08:28,776 - my_logger - INFO - epoch 9, train loss: 1.8144
2023-06-04 13:08:28,782 - my_logger - INFO - epoch 10, train loss: 1.7887
2023-06-04 13:08:28,785 - my_logger - INFO - evaluating......
2023-06-04 13:08:28,785 - my_logger - INFO - epoch 10, valid loss: 1.8649, valid acc: 40.80%
2023-06-04 13:08:28,791 - my_logger - INFO - epoch 11, train loss: 1.7605
2023-06-04 13:08:28,797 - my_logger - INFO - epoch 12, train loss: 1.7297
2023-06-04 13:08:28,800 - my_logger - INFO - evaluating......
2023-06-04 13:08:28,801 - my_logger - INFO - epoch 12, valid loss: 1.8362, valid acc: 46.40%
2023-06-04 13:08:28,806 - my_logger - INFO - epoch 13, train loss: 1.6962
2023-06-04 13:08:28,813 - my_logger - INFO - epoch 14, train loss: 1.6599
2023-06-04 13:08:28,815 - my_logger - INFO - evaluating......
2023-06-04 13:08:28,816 - my_logger - INFO - epoch 14, valid loss: 1.7973, valid acc: 50.80%
2023-06-04 13:08:28,822 - my_logger - INFO - epoch 15, train loss: 1.6210
2023-06-04 13:08:28,828 - my_logger - INFO - epoch 16, train loss: 1.5793
2023-06-04 13:08:28,831 - my_logger - INFO - evaluating......
2023-06-04 13:08:28,831 - my_logger - INFO - epoch 16, valid loss: 1.7495, valid acc: 53.60%
2023-06-04 13:08:28,837 - my_logger - INFO - epoch 17, train loss: 1.5350
2023-06-04 13:08:28,843 - my_logger - INFO - epoch 18, train loss: 1.4881
2023-06-04 13:08:28,846 - my_logger - INFO - evaluating......
2023-06-04 13:08:28,846 - my_logger - INFO - epoch 18, valid loss: 1.6974, valid acc: 55.80%
2023-06-04 13:08:28,852 - my_logger - INFO - epoch 19, train loss: 1.4388
2023-06-04 13:08:28,859 - my_logger - INFO - epoch 20, train loss: 1.3873
2023-06-04 13:08:28,862 - my_logger - INFO - evaluating......
2023-06-04 13:08:28,862 - my_logger - INFO - epoch 20, valid loss: 1.6396, valid acc: 58.40%
2023-06-04 13:08:28,869 - my_logger - INFO - epoch 21, train loss: 1.3336
2023-06-04 13:08:28,876 - my_logger - INFO - epoch 22, train loss: 1.2782
2023-06-04 13:08:28,879 - my_logger - INFO - evaluating......
2023-06-04 13:08:28,879 - my_logger - INFO - epoch 22, valid loss: 1.5738, valid acc: 63.40%
2023-06-04 13:08:28,885 - my_logger - INFO - epoch 23, train loss: 1.2212
2023-06-04 13:08:28,893 - my_logger - INFO - epoch 24, train loss: 1.1631
2023-06-04 13:08:28,896 - my_logger - INFO - evaluating......
2023-06-04 13:08:28,896 - my_logger - INFO - epoch 24, valid loss: 1.5031, valid acc: 66.20%
2023-06-04 13:08:28,903 - my_logger - INFO - epoch 25, train loss: 1.1040
2023-06-04 13:08:28,910 - my_logger - INFO - epoch 26, train loss: 1.0444
2023-06-04 13:08:28,913 - my_logger - INFO - evaluating......
2023-06-04 13:08:28,913 - my_logger - INFO - epoch 26, valid loss: 1.4289, valid acc: 67.00%
2023-06-04 13:08:28,919 - my_logger - INFO - epoch 27, train loss: 0.9845
2023-06-04 13:08:28,926 - my_logger - INFO - epoch 28, train loss: 0.9248
2023-06-04 13:08:28,929 - my_logger - INFO - evaluating......
2023-06-04 13:08:28,929 - my_logger - INFO - epoch 28, valid loss: 1.3512, valid acc: 68.40%
2023-06-04 13:08:28,936 - my_logger - INFO - epoch 29, train loss: 0.8657
2023-06-04 13:08:28,943 - my_logger - INFO - epoch 30, train loss: 0.8076
2023-06-04 13:08:28,945 - my_logger - INFO - evaluating......
2023-06-04 13:08:28,946 - my_logger - INFO - epoch 30, valid loss: 1.2733, valid acc: 71.00%
2023-06-04 13:08:28,952 - my_logger - INFO - epoch 31, train loss: 0.7508
2023-06-04 13:08:28,959 - my_logger - INFO - epoch 32, train loss: 0.6959
2023-06-04 13:08:28,961 - my_logger - INFO - evaluating......
2023-06-04 13:08:28,962 - my_logger - INFO - epoch 32, valid loss: 1.2000, valid acc: 72.20%
2023-06-04 13:08:28,968 - my_logger - INFO - epoch 33, train loss: 0.6431
2023-06-04 13:08:28,975 - my_logger - INFO - epoch 34, train loss: 0.5928
2023-06-04 13:08:28,978 - my_logger - INFO - evaluating......
2023-06-04 13:08:28,979 - my_logger - INFO - epoch 34, valid loss: 1.1311, valid acc: 73.00%
2023-06-04 13:08:28,985 - my_logger - INFO - epoch 35, train loss: 0.5453
2023-06-04 13:08:28,992 - my_logger - INFO - epoch 36, train loss: 0.5006
2023-06-04 13:08:28,995 - my_logger - INFO - evaluating......
2023-06-04 13:08:28,995 - my_logger - INFO - epoch 36, valid loss: 1.0696, valid acc: 73.40%
2023-06-04 13:08:29,001 - my_logger - INFO - epoch 37, train loss: 0.4590
2023-06-04 13:08:29,008 - my_logger - INFO - epoch 38, train loss: 0.4202
2023-06-04 13:08:29,012 - my_logger - INFO - evaluating......
2023-06-04 13:08:29,012 - my_logger - INFO - epoch 38, valid loss: 1.0174, valid acc: 74.00%
2023-06-04 13:08:29,018 - my_logger - INFO - epoch 39, train loss: 0.3844
2023-06-04 13:08:29,025 - my_logger - INFO - epoch 40, train loss: 0.3513
2023-06-04 13:08:29,028 - my_logger - INFO - evaluating......
2023-06-04 13:08:29,028 - my_logger - INFO - epoch 40, valid loss: 0.9737, valid acc: 73.80%
2023-06-04 13:08:29,033 - my_logger - INFO - epoch 41, train loss: 0.3209
2023-06-04 13:08:29,040 - my_logger - INFO - epoch 42, train loss: 0.2930
2023-06-04 13:08:29,042 - my_logger - INFO - evaluating......
2023-06-04 13:08:29,043 - my_logger - INFO - epoch 42, valid loss: 0.9433, valid acc: 74.60%
2023-06-04 13:08:29,049 - my_logger - INFO - epoch 43, train loss: 0.2675
2023-06-04 13:08:29,056 - my_logger - INFO - epoch 44, train loss: 0.2442
2023-06-04 13:08:29,058 - my_logger - INFO - evaluating......
2023-06-04 13:08:29,059 - my_logger - INFO - epoch 44, valid loss: 0.9199, valid acc: 75.00%
2023-06-04 13:08:29,065 - my_logger - INFO - epoch 45, train loss: 0.2230
2023-06-04 13:08:29,071 - my_logger - INFO - epoch 46, train loss: 0.2037
2023-06-04 13:08:29,074 - my_logger - INFO - evaluating......
2023-06-04 13:08:29,074 - my_logger - INFO - epoch 46, valid loss: 0.9021, valid acc: 74.80%
2023-06-04 13:08:29,080 - my_logger - INFO - epoch 47, train loss: 0.1863
2023-06-04 13:08:29,086 - my_logger - INFO - epoch 48, train loss: 0.1704
2023-06-04 13:08:29,089 - my_logger - INFO - evaluating......
2023-06-04 13:08:29,089 - my_logger - INFO - epoch 48, valid loss: 0.8966, valid acc: 75.00%
2023-06-04 13:08:29,095 - my_logger - INFO - epoch 49, train loss: 0.1561
2023-06-04 13:08:29,101 - my_logger - INFO - epoch 50, train loss: 0.1431
2023-06-04 13:08:29,104 - my_logger - INFO - evaluating......
2023-06-04 13:08:29,104 - my_logger - INFO - epoch 50, valid loss: 0.8978, valid acc: 74.80%
2023-06-04 13:08:29,109 - my_logger - INFO - epoch 51, train loss: 0.1314
2023-06-04 13:08:29,116 - my_logger - INFO - epoch 52, train loss: 0.1208
2023-06-04 13:08:29,119 - my_logger - INFO - evaluating......
2023-06-04 13:08:29,119 - my_logger - INFO - epoch 52, valid loss: 0.9005, valid acc: 74.60%
2023-06-04 13:08:29,124 - my_logger - INFO - epoch 53, train loss: 0.1113
2023-06-04 13:08:29,131 - my_logger - INFO - epoch 54, train loss: 0.1026
2023-06-04 13:08:29,133 - my_logger - INFO - evaluating......
2023-06-04 13:08:29,134 - my_logger - INFO - epoch 54, valid loss: 0.9083, valid acc: 74.40%
2023-06-04 13:08:29,139 - my_logger - INFO - epoch 55, train loss: 0.0948
2023-06-04 13:08:29,146 - my_logger - INFO - epoch 56, train loss: 0.0877
2023-06-04 13:08:29,148 - my_logger - INFO - evaluating......
2023-06-04 13:08:29,149 - my_logger - INFO - epoch 56, valid loss: 0.9203, valid acc: 74.60%
2023-06-04 13:08:29,154 - my_logger - INFO - epoch 57, train loss: 0.0812
2023-06-04 13:08:29,161 - my_logger - INFO - epoch 58, train loss: 0.0754
2023-06-04 13:08:29,163 - my_logger - INFO - evaluating......
2023-06-04 13:08:29,163 - my_logger - INFO - epoch 58, valid loss: 0.9308, valid acc: 74.20%
2023-06-04 13:08:29,168 - my_logger - INFO - epoch 59, train loss: 0.0701
2023-06-04 13:08:29,175 - my_logger - INFO - epoch 60, train loss: 0.0652
2023-06-04 13:08:29,178 - my_logger - INFO - evaluating......
2023-06-04 13:08:29,178 - my_logger - INFO - epoch 60, valid loss: 0.9454, valid acc: 74.00%
2023-06-04 13:08:29,184 - my_logger - INFO - epoch 61, train loss: 0.0608
2023-06-04 13:08:29,191 - my_logger - INFO - epoch 62, train loss: 0.0568
2023-06-04 13:08:29,194 - my_logger - INFO - evaluating......
2023-06-04 13:08:29,194 - my_logger - INFO - epoch 62, valid loss: 0.9615, valid acc: 73.60%
2023-06-04 13:08:29,199 - my_logger - INFO - epoch 63, train loss: 0.0531
2023-06-04 13:08:29,206 - my_logger - INFO - epoch 64, train loss: 0.0497
2023-06-04 13:08:29,209 - my_logger - INFO - evaluating......
2023-06-04 13:08:29,209 - my_logger - INFO - epoch 64, valid loss: 0.9746, valid acc: 74.00%
2023-06-04 13:08:29,214 - my_logger - INFO - epoch 65, train loss: 0.0467
2023-06-04 13:08:29,221 - my_logger - INFO - epoch 66, train loss: 0.0439
2023-06-04 13:08:29,224 - my_logger - INFO - evaluating......
2023-06-04 13:08:29,224 - my_logger - INFO - epoch 66, valid loss: 0.9890, valid acc: 73.80%
2023-06-04 13:08:29,229 - my_logger - INFO - epoch 67, train loss: 0.0413
2023-06-04 13:08:29,236 - my_logger - INFO - epoch 68, train loss: 0.0389
2023-06-04 13:08:29,239 - my_logger - INFO - evaluating......
2023-06-04 13:08:29,239 - my_logger - INFO - epoch 68, valid loss: 1.0053, valid acc: 73.80%
2023-06-04 13:08:29,244 - my_logger - INFO - epoch 69, train loss: 0.0367
2023-06-04 13:08:29,251 - my_logger - INFO - epoch 70, train loss: 0.0347
2023-06-04 13:08:29,254 - my_logger - INFO - evaluating......
2023-06-04 13:08:29,254 - my_logger - INFO - epoch 70, valid loss: 1.0197, valid acc: 73.60%
2023-06-04 13:08:29,259 - my_logger - INFO - epoch 71, train loss: 0.0328
2023-06-04 13:08:29,266 - my_logger - INFO - epoch 72, train loss: 0.0311
2023-06-04 13:08:29,269 - my_logger - INFO - evaluating......
2023-06-04 13:08:29,269 - my_logger - INFO - epoch 72, valid loss: 1.0307, valid acc: 73.80%
2023-06-04 13:08:29,274 - my_logger - INFO - epoch 73, train loss: 0.0296
2023-06-04 13:08:29,281 - my_logger - INFO - epoch 74, train loss: 0.0281
2023-06-04 13:08:29,284 - my_logger - INFO - evaluating......
2023-06-04 13:08:29,284 - my_logger - INFO - epoch 74, valid loss: 1.0426, valid acc: 73.80%
2023-06-04 13:08:29,290 - my_logger - INFO - epoch 75, train loss: 0.0268
2023-06-04 13:08:29,297 - my_logger - INFO - epoch 76, train loss: 0.0255
2023-06-04 13:08:29,300 - my_logger - INFO - evaluating......
2023-06-04 13:08:29,300 - my_logger - INFO - epoch 76, valid loss: 1.0561, valid acc: 73.40%
2023-06-04 13:08:29,305 - my_logger - INFO - epoch 77, train loss: 0.0244
2023-06-04 13:08:29,313 - my_logger - INFO - epoch 78, train loss: 0.0233
2023-06-04 13:08:29,315 - my_logger - INFO - evaluating......
2023-06-04 13:08:29,315 - my_logger - INFO - epoch 78, valid loss: 1.0676, valid acc: 73.40%
2023-06-04 13:08:29,320 - my_logger - INFO - epoch 79, train loss: 0.0223
2023-06-04 13:08:29,328 - my_logger - INFO - epoch 80, train loss: 0.0213
2023-06-04 13:08:29,330 - my_logger - INFO - evaluating......
2023-06-04 13:08:29,331 - my_logger - INFO - epoch 80, valid loss: 1.0772, valid acc: 73.40%
2023-06-04 13:08:29,336 - my_logger - INFO - epoch 81, train loss: 0.0205
2023-06-04 13:08:29,343 - my_logger - INFO - epoch 82, train loss: 0.0197
2023-06-04 13:08:29,346 - my_logger - INFO - evaluating......
2023-06-04 13:08:29,346 - my_logger - INFO - epoch 82, valid loss: 1.0868, valid acc: 73.60%
2023-06-04 13:08:29,351 - my_logger - INFO - epoch 83, train loss: 0.0189
2023-06-04 13:08:29,358 - my_logger - INFO - epoch 84, train loss: 0.0182
2023-06-04 13:08:29,360 - my_logger - INFO - evaluating......
2023-06-04 13:08:29,361 - my_logger - INFO - epoch 84, valid loss: 1.0966, valid acc: 73.60%
2023-06-04 13:08:29,366 - my_logger - INFO - epoch 85, train loss: 0.0175
2023-06-04 13:08:29,372 - my_logger - INFO - epoch 86, train loss: 0.0169
2023-06-04 13:08:29,375 - my_logger - INFO - evaluating......
2023-06-04 13:08:29,376 - my_logger - INFO - epoch 86, valid loss: 1.1049, valid acc: 73.60%
2023-06-04 13:08:29,381 - my_logger - INFO - epoch 87, train loss: 0.0163
2023-06-04 13:08:29,387 - my_logger - INFO - epoch 88, train loss: 0.0157
2023-06-04 13:08:29,390 - my_logger - INFO - evaluating......
2023-06-04 13:08:29,390 - my_logger - INFO - epoch 88, valid loss: 1.1124, valid acc: 73.60%
2023-06-04 13:08:29,396 - my_logger - INFO - epoch 89, train loss: 0.0152
2023-06-04 13:08:29,403 - my_logger - INFO - epoch 90, train loss: 0.0147
2023-06-04 13:08:29,406 - my_logger - INFO - evaluating......
2023-06-04 13:08:29,407 - my_logger - INFO - epoch 90, valid loss: 1.1214, valid acc: 73.60%
2023-06-04 13:08:29,413 - my_logger - INFO - epoch 91, train loss: 0.0142
2023-06-04 13:08:29,421 - my_logger - INFO - epoch 92, train loss: 0.0138
2023-06-04 13:08:29,424 - my_logger - INFO - evaluating......
2023-06-04 13:08:29,424 - my_logger - INFO - epoch 92, valid loss: 1.1297, valid acc: 73.60%
2023-06-04 13:08:29,430 - my_logger - INFO - epoch 93, train loss: 0.0134
2023-06-04 13:08:29,436 - my_logger - INFO - epoch 94, train loss: 0.0130
2023-06-04 13:08:29,439 - my_logger - INFO - evaluating......
2023-06-04 13:08:29,439 - my_logger - INFO - epoch 94, valid loss: 1.1383, valid acc: 73.60%
2023-06-04 13:08:29,445 - my_logger - INFO - epoch 95, train loss: 0.0126
2023-06-04 13:08:29,454 - my_logger - INFO - epoch 96, train loss: 0.0123
2023-06-04 13:08:29,456 - my_logger - INFO - evaluating......
2023-06-04 13:08:29,457 - my_logger - INFO - epoch 96, valid loss: 1.1460, valid acc: 73.60%
2023-06-04 13:08:29,462 - my_logger - INFO - epoch 97, train loss: 0.0119
2023-06-04 13:08:29,468 - my_logger - INFO - epoch 98, train loss: 0.0116
2023-06-04 13:08:29,471 - my_logger - INFO - evaluating......
2023-06-04 13:08:29,471 - my_logger - INFO - epoch 98, valid loss: 1.1534, valid acc: 73.40%
2023-06-04 13:08:29,476 - my_logger - INFO - epoch 99, train loss: 0.0113
2023-06-04 13:08:29,477 - my_logger - INFO - total train time used: 0.8832s
2023-06-04 13:08:29,478 - my_logger - INFO - testing......
2023-06-04 13:08:29,484 - my_logger - INFO - test acc: 74.10%
