2023-06-07 15:33:54,296 - my_logger - INFO - training......
2023-06-07 15:33:55,023 - my_logger - INFO - epoch 0, train loss: 0.6930
2023-06-07 15:33:55,031 - my_logger - INFO - evaluating......
2023-06-07 15:33:55,031 - my_logger - INFO - epoch 0, valid loss: 0.6931, valid auc: 81.57%
2023-06-07 15:33:55,037 - my_logger - INFO - epoch 1, train loss: 0.6867
2023-06-07 15:33:55,043 - my_logger - INFO - epoch 2, train loss: 0.6797
2023-06-07 15:33:55,047 - my_logger - INFO - evaluating......
2023-06-07 15:33:55,048 - my_logger - INFO - epoch 2, valid loss: 0.6846, valid auc: 69.14%
2023-06-07 15:33:55,051 - my_logger - INFO - epoch 3, train loss: 0.6765
2023-06-07 15:33:55,058 - my_logger - INFO - epoch 4, train loss: 0.6730
2023-06-07 15:33:55,062 - my_logger - INFO - evaluating......
2023-06-07 15:33:55,063 - my_logger - INFO - epoch 4, valid loss: 0.6781, valid auc: 69.21%
2023-06-07 15:33:55,066 - my_logger - INFO - epoch 5, train loss: 0.6687
2023-06-07 15:33:55,072 - my_logger - INFO - epoch 6, train loss: 0.6628
2023-06-07 15:33:55,076 - my_logger - INFO - evaluating......
2023-06-07 15:33:55,076 - my_logger - INFO - epoch 6, valid loss: 0.6717, valid auc: 68.78%
2023-06-07 15:33:55,080 - my_logger - INFO - epoch 7, train loss: 0.6592
2023-06-07 15:33:55,086 - my_logger - INFO - epoch 8, train loss: 0.6518
2023-06-07 15:33:55,090 - my_logger - INFO - evaluating......
2023-06-07 15:33:55,090 - my_logger - INFO - epoch 8, valid loss: 0.6626, valid auc: 68.86%
2023-06-07 15:33:55,093 - my_logger - INFO - epoch 9, train loss: 0.6465
2023-06-07 15:33:55,099 - my_logger - INFO - epoch 10, train loss: 0.6374
2023-06-07 15:33:55,104 - my_logger - INFO - evaluating......
2023-06-07 15:33:55,104 - my_logger - INFO - epoch 10, valid loss: 0.6513, valid auc: 70.03%
2023-06-07 15:33:55,108 - my_logger - INFO - epoch 11, train loss: 0.6301
2023-06-07 15:33:55,114 - my_logger - INFO - epoch 12, train loss: 0.6188
2023-06-07 15:33:55,118 - my_logger - INFO - evaluating......
2023-06-07 15:33:55,119 - my_logger - INFO - epoch 12, valid loss: 0.6364, valid auc: 73.37%
2023-06-07 15:33:55,122 - my_logger - INFO - epoch 13, train loss: 0.6085
2023-06-07 15:33:55,128 - my_logger - INFO - epoch 14, train loss: 0.5952
2023-06-07 15:33:55,132 - my_logger - INFO - evaluating......
2023-06-07 15:33:55,132 - my_logger - INFO - epoch 14, valid loss: 0.6146, valid auc: 78.56%
2023-06-07 15:33:55,136 - my_logger - INFO - epoch 15, train loss: 0.5823
2023-06-07 15:33:55,142 - my_logger - INFO - epoch 16, train loss: 0.5683
2023-06-07 15:33:55,146 - my_logger - INFO - evaluating......
2023-06-07 15:33:55,146 - my_logger - INFO - epoch 16, valid loss: 0.5922, valid auc: 80.40%
2023-06-07 15:33:55,149 - my_logger - INFO - epoch 17, train loss: 0.5575
2023-06-07 15:33:55,155 - my_logger - INFO - epoch 18, train loss: 0.5472
2023-06-07 15:33:55,160 - my_logger - INFO - evaluating......
2023-06-07 15:33:55,160 - my_logger - INFO - epoch 18, valid loss: 0.5753, valid auc: 81.46%
2023-06-07 15:33:55,163 - my_logger - INFO - epoch 19, train loss: 0.5417
2023-06-07 15:33:55,170 - my_logger - INFO - epoch 20, train loss: 0.5370
2023-06-07 15:33:55,174 - my_logger - INFO - evaluating......
2023-06-07 15:33:55,174 - my_logger - INFO - epoch 20, valid loss: 0.5693, valid auc: 82.18%
2023-06-07 15:33:55,179 - my_logger - INFO - epoch 21, train loss: 0.5286
2023-06-07 15:33:55,186 - my_logger - INFO - epoch 22, train loss: 0.5189
2023-06-07 15:33:55,190 - my_logger - INFO - evaluating......
2023-06-07 15:33:55,190 - my_logger - INFO - epoch 22, valid loss: 0.5566, valid auc: 84.37%
2023-06-07 15:33:55,195 - my_logger - INFO - epoch 23, train loss: 0.5086
2023-06-07 15:33:55,201 - my_logger - INFO - epoch 24, train loss: 0.4996
2023-06-07 15:33:55,205 - my_logger - INFO - evaluating......
2023-06-07 15:33:55,206 - my_logger - INFO - epoch 24, valid loss: 0.5376, valid auc: 86.22%
2023-06-07 15:33:55,211 - my_logger - INFO - epoch 25, train loss: 0.4957
2023-06-07 15:33:55,217 - my_logger - INFO - epoch 26, train loss: 0.4938
2023-06-07 15:33:55,222 - my_logger - INFO - evaluating......
2023-06-07 15:33:55,222 - my_logger - INFO - epoch 26, valid loss: 0.5319, valid auc: 87.07%
2023-06-07 15:33:55,226 - my_logger - INFO - epoch 27, train loss: 0.4940
2023-06-07 15:33:55,233 - my_logger - INFO - epoch 28, train loss: 0.4924
2023-06-07 15:33:55,237 - my_logger - INFO - evaluating......
2023-06-07 15:33:55,238 - my_logger - INFO - epoch 28, valid loss: 0.5332, valid auc: 87.43%
2023-06-07 15:33:55,242 - my_logger - INFO - epoch 29, train loss: 0.4890
2023-06-07 15:33:55,249 - my_logger - INFO - epoch 30, train loss: 0.4829
2023-06-07 15:33:55,254 - my_logger - INFO - evaluating......
2023-06-07 15:33:55,254 - my_logger - INFO - epoch 30, valid loss: 0.5287, valid auc: 88.00%
2023-06-07 15:33:55,259 - my_logger - INFO - epoch 31, train loss: 0.4762
2023-06-07 15:33:55,266 - my_logger - INFO - epoch 32, train loss: 0.4690
2023-06-07 15:33:55,271 - my_logger - INFO - evaluating......
2023-06-07 15:33:55,271 - my_logger - INFO - epoch 32, valid loss: 0.5207, valid auc: 88.90%
2023-06-07 15:33:55,276 - my_logger - INFO - epoch 33, train loss: 0.4629
2023-06-07 15:33:55,283 - my_logger - INFO - epoch 34, train loss: 0.4576
2023-06-07 15:33:55,288 - my_logger - INFO - evaluating......
2023-06-07 15:33:55,288 - my_logger - INFO - epoch 34, valid loss: 0.5148, valid auc: 89.56%
2023-06-07 15:33:55,293 - my_logger - INFO - epoch 35, train loss: 0.4539
2023-06-07 15:33:55,300 - my_logger - INFO - epoch 36, train loss: 0.4511
2023-06-07 15:33:55,305 - my_logger - INFO - evaluating......
2023-06-07 15:33:55,305 - my_logger - INFO - epoch 36, valid loss: 0.5123, valid auc: 89.91%
2023-06-07 15:33:55,310 - my_logger - INFO - epoch 37, train loss: 0.4493
2023-06-07 15:33:55,317 - my_logger - INFO - epoch 38, train loss: 0.4477
2023-06-07 15:33:55,322 - my_logger - INFO - evaluating......
2023-06-07 15:33:55,322 - my_logger - INFO - epoch 38, valid loss: 0.5131, valid auc: 90.10%
2023-06-07 15:33:55,327 - my_logger - INFO - epoch 39, train loss: 0.4462
2023-06-07 15:33:55,334 - my_logger - INFO - epoch 40, train loss: 0.4442
2023-06-07 15:33:55,339 - my_logger - INFO - evaluating......
2023-06-07 15:33:55,339 - my_logger - INFO - epoch 40, valid loss: 0.5125, valid auc: 90.38%
2023-06-07 15:33:55,344 - my_logger - INFO - epoch 41, train loss: 0.4416
2023-06-07 15:33:55,352 - my_logger - INFO - epoch 42, train loss: 0.4385
2023-06-07 15:33:55,357 - my_logger - INFO - evaluating......
2023-06-07 15:33:55,357 - my_logger - INFO - epoch 42, valid loss: 0.5111, valid auc: 90.53%
2023-06-07 15:33:55,362 - my_logger - INFO - epoch 43, train loss: 0.4350
2023-06-07 15:33:55,369 - my_logger - INFO - epoch 44, train loss: 0.4317
2023-06-07 15:33:55,374 - my_logger - INFO - evaluating......
2023-06-07 15:33:55,374 - my_logger - INFO - epoch 44, valid loss: 0.5091, valid auc: 90.64%
2023-06-07 15:33:55,379 - my_logger - INFO - epoch 45, train loss: 0.4287
2023-06-07 15:33:55,386 - my_logger - INFO - epoch 46, train loss: 0.4263
2023-06-07 15:33:55,390 - my_logger - INFO - evaluating......
2023-06-07 15:33:55,391 - my_logger - INFO - epoch 46, valid loss: 0.5105, valid auc: 90.41%
2023-06-07 15:33:55,394 - my_logger - INFO - epoch 47, train loss: 0.4243
2023-06-07 15:33:55,401 - my_logger - INFO - epoch 48, train loss: 0.4225
2023-06-07 15:33:55,406 - my_logger - INFO - evaluating......
2023-06-07 15:33:55,406 - my_logger - INFO - epoch 48, valid loss: 0.5134, valid auc: 90.11%
2023-06-07 15:33:55,409 - my_logger - INFO - epoch 49, train loss: 0.4206
2023-06-07 15:33:55,416 - my_logger - INFO - epoch 50, train loss: 0.4184
2023-06-07 15:33:55,421 - my_logger - INFO - evaluating......
2023-06-07 15:33:55,421 - my_logger - INFO - epoch 50, valid loss: 0.5175, valid auc: 89.85%
2023-06-07 15:33:55,425 - my_logger - INFO - epoch 51, train loss: 0.4160
2023-06-07 15:33:55,432 - my_logger - INFO - epoch 52, train loss: 0.4134
2023-06-07 15:33:55,437 - my_logger - INFO - evaluating......
2023-06-07 15:33:55,437 - my_logger - INFO - epoch 52, valid loss: 0.5199, valid auc: 89.77%
2023-06-07 15:33:55,441 - my_logger - INFO - epoch 53, train loss: 0.4108
2023-06-07 15:33:55,447 - my_logger - INFO - epoch 54, train loss: 0.4084
2023-06-07 15:33:55,452 - my_logger - INFO - evaluating......
2023-06-07 15:33:55,453 - my_logger - INFO - epoch 54, valid loss: 0.5227, valid auc: 89.77%
2023-06-07 15:33:55,456 - my_logger - INFO - epoch 55, train loss: 0.4061
2023-06-07 15:33:55,462 - my_logger - INFO - epoch 56, train loss: 0.4040
2023-06-07 15:33:55,468 - my_logger - INFO - evaluating......
2023-06-07 15:33:55,468 - my_logger - INFO - epoch 56, valid loss: 0.5251, valid auc: 89.78%
2023-06-07 15:33:55,472 - my_logger - INFO - epoch 57, train loss: 0.4020
2023-06-07 15:33:55,478 - my_logger - INFO - epoch 58, train loss: 0.4001
2023-06-07 15:33:55,483 - my_logger - INFO - evaluating......
2023-06-07 15:33:55,484 - my_logger - INFO - epoch 58, valid loss: 0.5279, valid auc: 89.67%
2023-06-07 15:33:55,487 - my_logger - INFO - epoch 59, train loss: 0.3982
2023-06-07 15:33:55,493 - my_logger - INFO - epoch 60, train loss: 0.3961
2023-06-07 15:33:55,499 - my_logger - INFO - evaluating......
2023-06-07 15:33:55,499 - my_logger - INFO - epoch 60, valid loss: 0.5308, valid auc: 89.50%
2023-06-07 15:33:55,503 - my_logger - INFO - epoch 61, train loss: 0.3940
2023-06-07 15:33:55,510 - my_logger - INFO - epoch 62, train loss: 0.3918
2023-06-07 15:33:55,515 - my_logger - INFO - evaluating......
2023-06-07 15:33:55,515 - my_logger - INFO - epoch 62, valid loss: 0.5347, valid auc: 89.26%
2023-06-07 15:33:55,519 - my_logger - INFO - epoch 63, train loss: 0.3897
2023-06-07 15:33:55,526 - my_logger - INFO - epoch 64, train loss: 0.3877
2023-06-07 15:33:55,531 - my_logger - INFO - evaluating......
2023-06-07 15:33:55,531 - my_logger - INFO - epoch 64, valid loss: 0.5395, valid auc: 88.97%
2023-06-07 15:33:55,536 - my_logger - INFO - epoch 65, train loss: 0.3857
2023-06-07 15:33:55,542 - my_logger - INFO - epoch 66, train loss: 0.3838
2023-06-07 15:33:55,547 - my_logger - INFO - evaluating......
2023-06-07 15:33:55,547 - my_logger - INFO - epoch 66, valid loss: 0.5449, valid auc: 88.65%
2023-06-07 15:33:55,551 - my_logger - INFO - epoch 67, train loss: 0.3819
2023-06-07 15:33:55,557 - my_logger - INFO - epoch 68, train loss: 0.3800
2023-06-07 15:33:55,562 - my_logger - INFO - evaluating......
2023-06-07 15:33:55,562 - my_logger - INFO - epoch 68, valid loss: 0.5504, valid auc: 88.38%
2023-06-07 15:33:55,567 - my_logger - INFO - epoch 69, train loss: 0.3781
2023-06-07 15:33:55,573 - my_logger - INFO - epoch 70, train loss: 0.3761
2023-06-07 15:33:55,578 - my_logger - INFO - evaluating......
2023-06-07 15:33:55,578 - my_logger - INFO - epoch 70, valid loss: 0.5551, valid auc: 88.16%
2023-06-07 15:33:55,583 - my_logger - INFO - epoch 71, train loss: 0.3742
2023-06-07 15:33:55,589 - my_logger - INFO - epoch 72, train loss: 0.3723
2023-06-07 15:33:55,594 - my_logger - INFO - evaluating......
2023-06-07 15:33:55,594 - my_logger - INFO - epoch 72, valid loss: 0.5592, valid auc: 87.97%
2023-06-07 15:33:55,598 - my_logger - INFO - epoch 73, train loss: 0.3706
2023-06-07 15:33:55,605 - my_logger - INFO - epoch 74, train loss: 0.3691
2023-06-07 15:33:55,610 - my_logger - INFO - evaluating......
2023-06-07 15:33:55,610 - my_logger - INFO - epoch 74, valid loss: 0.5643, valid auc: 87.79%
2023-06-07 15:33:55,614 - my_logger - INFO - epoch 75, train loss: 0.3675
2023-06-07 15:33:55,620 - my_logger - INFO - epoch 76, train loss: 0.3654
2023-06-07 15:33:55,625 - my_logger - INFO - evaluating......
2023-06-07 15:33:55,625 - my_logger - INFO - epoch 76, valid loss: 0.5696, valid auc: 87.59%
2023-06-07 15:33:55,629 - my_logger - INFO - epoch 77, train loss: 0.3630
2023-06-07 15:33:55,636 - my_logger - INFO - epoch 78, train loss: 0.3611
2023-06-07 15:33:55,640 - my_logger - INFO - evaluating......
2023-06-07 15:33:55,640 - my_logger - INFO - epoch 78, valid loss: 0.5753, valid auc: 87.44%
2023-06-07 15:33:55,644 - my_logger - INFO - epoch 79, train loss: 0.3597
2023-06-07 15:33:55,651 - my_logger - INFO - epoch 80, train loss: 0.3580
2023-06-07 15:33:55,655 - my_logger - INFO - evaluating......
2023-06-07 15:33:55,655 - my_logger - INFO - epoch 80, valid loss: 0.5819, valid auc: 87.23%
2023-06-07 15:33:55,659 - my_logger - INFO - epoch 81, train loss: 0.3559
2023-06-07 15:33:55,665 - my_logger - INFO - epoch 82, train loss: 0.3538
2023-06-07 15:33:55,670 - my_logger - INFO - evaluating......
2023-06-07 15:33:55,670 - my_logger - INFO - epoch 82, valid loss: 0.5859, valid auc: 87.00%
2023-06-07 15:33:55,673 - my_logger - INFO - epoch 83, train loss: 0.3522
2023-06-07 15:33:55,679 - my_logger - INFO - epoch 84, train loss: 0.3508
2023-06-07 15:33:55,684 - my_logger - INFO - evaluating......
2023-06-07 15:33:55,684 - my_logger - INFO - epoch 84, valid loss: 0.5909, valid auc: 86.74%
2023-06-07 15:33:55,688 - my_logger - INFO - epoch 85, train loss: 0.3491
2023-06-07 15:33:55,693 - my_logger - INFO - epoch 86, train loss: 0.3471
2023-06-07 15:33:55,698 - my_logger - INFO - evaluating......
2023-06-07 15:33:55,698 - my_logger - INFO - epoch 86, valid loss: 0.5957, valid auc: 86.59%
2023-06-07 15:33:55,702 - my_logger - INFO - epoch 87, train loss: 0.3451
2023-06-07 15:33:55,708 - my_logger - INFO - epoch 88, train loss: 0.3435
2023-06-07 15:33:55,712 - my_logger - INFO - evaluating......
2023-06-07 15:33:55,712 - my_logger - INFO - epoch 88, valid loss: 0.6011, valid auc: 86.51%
2023-06-07 15:33:55,716 - my_logger - INFO - epoch 89, train loss: 0.3420
2023-06-07 15:33:55,723 - my_logger - INFO - epoch 90, train loss: 0.3406
2023-06-07 15:33:55,728 - my_logger - INFO - evaluating......
2023-06-07 15:33:55,728 - my_logger - INFO - epoch 90, valid loss: 0.6075, valid auc: 86.44%
2023-06-07 15:33:55,732 - my_logger - INFO - epoch 91, train loss: 0.3390
2023-06-07 15:33:55,738 - my_logger - INFO - epoch 92, train loss: 0.3375
2023-06-07 15:33:55,743 - my_logger - INFO - evaluating......
2023-06-07 15:33:55,743 - my_logger - INFO - epoch 92, valid loss: 0.6136, valid auc: 86.36%
2023-06-07 15:33:55,747 - my_logger - INFO - epoch 93, train loss: 0.3363
2023-06-07 15:33:55,753 - my_logger - INFO - epoch 94, train loss: 0.3346
2023-06-07 15:33:55,758 - my_logger - INFO - evaluating......
2023-06-07 15:33:55,758 - my_logger - INFO - epoch 94, valid loss: 0.6190, valid auc: 86.21%
2023-06-07 15:33:55,761 - my_logger - INFO - epoch 95, train loss: 0.3324
2023-06-07 15:33:55,768 - my_logger - INFO - epoch 96, train loss: 0.3305
2023-06-07 15:33:55,772 - my_logger - INFO - evaluating......
2023-06-07 15:33:55,773 - my_logger - INFO - epoch 96, valid loss: 0.6205, valid auc: 86.06%
2023-06-07 15:33:55,776 - my_logger - INFO - epoch 97, train loss: 0.3294
2023-06-07 15:33:55,783 - my_logger - INFO - epoch 98, train loss: 0.3274
2023-06-07 15:33:55,788 - my_logger - INFO - evaluating......
2023-06-07 15:33:55,788 - my_logger - INFO - epoch 98, valid loss: 0.6234, valid auc: 85.98%
2023-06-07 15:33:55,792 - my_logger - INFO - epoch 99, train loss: 0.3250
2023-06-07 15:33:55,800 - my_logger - INFO - epoch 100, train loss: 0.3239
2023-06-07 15:33:55,804 - my_logger - INFO - evaluating......
2023-06-07 15:33:55,804 - my_logger - INFO - epoch 100, valid loss: 0.6283, valid auc: 86.03%
2023-06-07 15:33:55,808 - my_logger - INFO - epoch 101, train loss: 0.3225
2023-06-07 15:33:55,816 - my_logger - INFO - epoch 102, train loss: 0.3199
2023-06-07 15:33:55,821 - my_logger - INFO - evaluating......
2023-06-07 15:33:55,821 - my_logger - INFO - epoch 102, valid loss: 0.6315, valid auc: 86.00%
2023-06-07 15:33:55,825 - my_logger - INFO - epoch 103, train loss: 0.3179
2023-06-07 15:33:55,832 - my_logger - INFO - epoch 104, train loss: 0.3169
2023-06-07 15:33:55,836 - my_logger - INFO - evaluating......
2023-06-07 15:33:55,836 - my_logger - INFO - epoch 104, valid loss: 0.6346, valid auc: 85.85%
2023-06-07 15:33:55,840 - my_logger - INFO - epoch 105, train loss: 0.3149
2023-06-07 15:33:55,846 - my_logger - INFO - epoch 106, train loss: 0.3125
2023-06-07 15:33:55,851 - my_logger - INFO - evaluating......
2023-06-07 15:33:55,851 - my_logger - INFO - epoch 106, valid loss: 0.6381, valid auc: 85.95%
2023-06-07 15:33:55,855 - my_logger - INFO - epoch 107, train loss: 0.3109
2023-06-07 15:33:55,861 - my_logger - INFO - epoch 108, train loss: 0.3092
2023-06-07 15:33:55,865 - my_logger - INFO - evaluating......
2023-06-07 15:33:55,866 - my_logger - INFO - epoch 108, valid loss: 0.6426, valid auc: 86.03%
2023-06-07 15:33:55,869 - my_logger - INFO - epoch 109, train loss: 0.3069
2023-06-07 15:33:55,875 - my_logger - INFO - epoch 110, train loss: 0.3048
2023-06-07 15:33:55,879 - my_logger - INFO - evaluating......
2023-06-07 15:33:55,879 - my_logger - INFO - epoch 110, valid loss: 0.6436, valid auc: 86.04%
2023-06-07 15:33:55,883 - my_logger - INFO - epoch 111, train loss: 0.3033
2023-06-07 15:33:55,889 - my_logger - INFO - epoch 112, train loss: 0.3018
2023-06-07 15:33:55,893 - my_logger - INFO - evaluating......
2023-06-07 15:33:55,893 - my_logger - INFO - epoch 112, valid loss: 0.6458, valid auc: 85.99%
2023-06-07 15:33:55,898 - my_logger - INFO - epoch 113, train loss: 0.3001
2023-06-07 15:33:55,906 - my_logger - INFO - epoch 114, train loss: 0.2999
2023-06-07 15:33:55,911 - my_logger - INFO - evaluating......
2023-06-07 15:33:55,911 - my_logger - INFO - epoch 114, valid loss: 0.6489, valid auc: 85.90%
2023-06-07 15:33:55,915 - my_logger - INFO - epoch 115, train loss: 0.2995
2023-06-07 15:33:55,921 - my_logger - INFO - epoch 116, train loss: 0.2975
2023-06-07 15:33:55,925 - my_logger - INFO - evaluating......
2023-06-07 15:33:55,926 - my_logger - INFO - epoch 116, valid loss: 0.6524, valid auc: 85.89%
2023-06-07 15:33:55,929 - my_logger - INFO - epoch 117, train loss: 0.2922
2023-06-07 15:33:55,936 - my_logger - INFO - epoch 118, train loss: 0.2913
2023-06-07 15:33:55,940 - my_logger - INFO - evaluating......
2023-06-07 15:33:55,940 - my_logger - INFO - epoch 118, valid loss: 0.6612, valid auc: 86.49%
2023-06-07 15:33:55,944 - my_logger - INFO - epoch 119, train loss: 0.2906
2023-06-07 15:33:55,950 - my_logger - INFO - epoch 120, train loss: 0.2866
2023-06-07 15:33:55,955 - my_logger - INFO - evaluating......
2023-06-07 15:33:55,955 - my_logger - INFO - epoch 120, valid loss: 0.6652, valid auc: 86.72%
2023-06-07 15:33:55,959 - my_logger - INFO - epoch 121, train loss: 0.2854
2023-06-07 15:33:55,965 - my_logger - INFO - epoch 122, train loss: 0.2838
2023-06-07 15:33:55,970 - my_logger - INFO - evaluating......
2023-06-07 15:33:55,970 - my_logger - INFO - epoch 122, valid loss: 0.6641, valid auc: 86.58%
2023-06-07 15:33:55,973 - my_logger - INFO - epoch 123, train loss: 0.2811
2023-06-07 15:33:55,979 - my_logger - INFO - epoch 124, train loss: 0.2800
2023-06-07 15:33:55,984 - my_logger - INFO - evaluating......
2023-06-07 15:33:55,984 - my_logger - INFO - epoch 124, valid loss: 0.6729, valid auc: 86.70%
2023-06-07 15:33:55,988 - my_logger - INFO - epoch 125, train loss: 0.2771
2023-06-07 15:33:55,995 - my_logger - INFO - epoch 126, train loss: 0.2755
2023-06-07 15:33:56,000 - my_logger - INFO - evaluating......
2023-06-07 15:33:56,000 - my_logger - INFO - epoch 126, valid loss: 0.6813, valid auc: 86.86%
2023-06-07 15:33:56,006 - my_logger - INFO - epoch 127, train loss: 0.2745
2023-06-07 15:33:56,015 - my_logger - INFO - epoch 128, train loss: 0.2710
2023-06-07 15:33:56,020 - my_logger - INFO - evaluating......
2023-06-07 15:33:56,020 - my_logger - INFO - epoch 128, valid loss: 0.6826, valid auc: 86.84%
2023-06-07 15:33:56,024 - my_logger - INFO - epoch 129, train loss: 0.2698
2023-06-07 15:33:56,033 - my_logger - INFO - epoch 130, train loss: 0.2686
2023-06-07 15:33:56,038 - my_logger - INFO - evaluating......
2023-06-07 15:33:56,039 - my_logger - INFO - epoch 130, valid loss: 0.6877, valid auc: 86.80%
2023-06-07 15:33:56,044 - my_logger - INFO - epoch 131, train loss: 0.2653
2023-06-07 15:33:56,051 - my_logger - INFO - epoch 132, train loss: 0.2641
2023-06-07 15:33:56,056 - my_logger - INFO - evaluating......
2023-06-07 15:33:56,056 - my_logger - INFO - epoch 132, valid loss: 0.6950, valid auc: 86.92%
2023-06-07 15:33:56,060 - my_logger - INFO - epoch 133, train loss: 0.2625
2023-06-07 15:33:56,067 - my_logger - INFO - epoch 134, train loss: 0.2597
2023-06-07 15:33:56,072 - my_logger - INFO - evaluating......
2023-06-07 15:33:56,072 - my_logger - INFO - epoch 134, valid loss: 0.7011, valid auc: 86.99%
2023-06-07 15:33:56,076 - my_logger - INFO - epoch 135, train loss: 0.2582
2023-06-07 15:33:56,083 - my_logger - INFO - epoch 136, train loss: 0.2562
2023-06-07 15:33:56,087 - my_logger - INFO - evaluating......
2023-06-07 15:33:56,088 - my_logger - INFO - epoch 136, valid loss: 0.7051, valid auc: 86.90%
2023-06-07 15:33:56,091 - my_logger - INFO - epoch 137, train loss: 0.2539
2023-06-07 15:33:56,097 - my_logger - INFO - epoch 138, train loss: 0.2524
2023-06-07 15:33:56,103 - my_logger - INFO - evaluating......
2023-06-07 15:33:56,103 - my_logger - INFO - epoch 138, valid loss: 0.7110, valid auc: 86.82%
2023-06-07 15:33:56,107 - my_logger - INFO - epoch 139, train loss: 0.2501
2023-06-07 15:33:56,113 - my_logger - INFO - epoch 140, train loss: 0.2478
2023-06-07 15:33:56,119 - my_logger - INFO - evaluating......
2023-06-07 15:33:56,119 - my_logger - INFO - epoch 140, valid loss: 0.7191, valid auc: 86.95%
2023-06-07 15:33:56,123 - my_logger - INFO - epoch 141, train loss: 0.2463
2023-06-07 15:33:56,130 - my_logger - INFO - epoch 142, train loss: 0.2441
2023-06-07 15:33:56,136 - my_logger - INFO - evaluating......
2023-06-07 15:33:56,136 - my_logger - INFO - epoch 142, valid loss: 0.7269, valid auc: 86.98%
2023-06-07 15:33:56,140 - my_logger - INFO - epoch 143, train loss: 0.2418
2023-06-07 15:33:56,146 - my_logger - INFO - epoch 144, train loss: 0.2400
2023-06-07 15:33:56,152 - my_logger - INFO - evaluating......
2023-06-07 15:33:56,152 - my_logger - INFO - epoch 144, valid loss: 0.7316, valid auc: 86.90%
2023-06-07 15:33:56,157 - my_logger - INFO - epoch 145, train loss: 0.2381
2023-06-07 15:33:56,164 - my_logger - INFO - epoch 146, train loss: 0.2361
2023-06-07 15:33:56,170 - my_logger - INFO - evaluating......
2023-06-07 15:33:56,170 - my_logger - INFO - epoch 146, valid loss: 0.7375, valid auc: 86.84%
2023-06-07 15:33:56,174 - my_logger - INFO - epoch 147, train loss: 0.2348
2023-06-07 15:33:56,180 - my_logger - INFO - epoch 148, train loss: 0.2340
2023-06-07 15:33:56,185 - my_logger - INFO - evaluating......
2023-06-07 15:33:56,185 - my_logger - INFO - epoch 148, valid loss: 0.7470, valid auc: 86.77%
2023-06-07 15:33:56,189 - my_logger - INFO - epoch 149, train loss: 0.2332
2023-06-07 15:33:56,195 - my_logger - INFO - epoch 150, train loss: 0.2325
2023-06-07 15:33:56,201 - my_logger - INFO - evaluating......
2023-06-07 15:33:56,201 - my_logger - INFO - epoch 150, valid loss: 0.7578, valid auc: 86.68%
2023-06-07 15:33:56,205 - my_logger - INFO - epoch 151, train loss: 0.2292
2023-06-07 15:33:56,211 - my_logger - INFO - epoch 152, train loss: 0.2245
2023-06-07 15:33:56,217 - my_logger - INFO - evaluating......
2023-06-07 15:33:56,217 - my_logger - INFO - epoch 152, valid loss: 0.7611, valid auc: 87.00%
2023-06-07 15:33:56,221 - my_logger - INFO - epoch 153, train loss: 0.2227
2023-06-07 15:33:56,227 - my_logger - INFO - epoch 154, train loss: 0.2225
2023-06-07 15:33:56,232 - my_logger - INFO - evaluating......
2023-06-07 15:33:56,232 - my_logger - INFO - epoch 154, valid loss: 0.7716, valid auc: 87.15%
2023-06-07 15:33:56,237 - my_logger - INFO - epoch 155, train loss: 0.2201
2023-06-07 15:33:56,243 - my_logger - INFO - epoch 156, train loss: 0.2166
2023-06-07 15:33:56,248 - my_logger - INFO - evaluating......
2023-06-07 15:33:56,248 - my_logger - INFO - epoch 156, valid loss: 0.7734, valid auc: 87.00%
2023-06-07 15:33:56,253 - my_logger - INFO - epoch 157, train loss: 0.2154
2023-06-07 15:33:56,259 - my_logger - INFO - epoch 158, train loss: 0.2143
2023-06-07 15:33:56,264 - my_logger - INFO - evaluating......
2023-06-07 15:33:56,264 - my_logger - INFO - epoch 158, valid loss: 0.7834, valid auc: 86.80%
2023-06-07 15:33:56,268 - my_logger - INFO - epoch 159, train loss: 0.2116
2023-06-07 15:33:56,275 - my_logger - INFO - epoch 160, train loss: 0.2093
2023-06-07 15:33:56,279 - my_logger - INFO - evaluating......
2023-06-07 15:33:56,279 - my_logger - INFO - epoch 160, valid loss: 0.7946, valid auc: 87.06%
2023-06-07 15:33:56,284 - my_logger - INFO - epoch 161, train loss: 0.2076
2023-06-07 15:33:56,290 - my_logger - INFO - epoch 162, train loss: 0.2059
2023-06-07 15:33:56,294 - my_logger - INFO - evaluating......
2023-06-07 15:33:56,295 - my_logger - INFO - epoch 162, valid loss: 0.8065, valid auc: 87.13%
2023-06-07 15:33:56,300 - my_logger - INFO - epoch 163, train loss: 0.2042
2023-06-07 15:33:56,306 - my_logger - INFO - epoch 164, train loss: 0.2018
2023-06-07 15:33:56,310 - my_logger - INFO - evaluating......
2023-06-07 15:33:56,311 - my_logger - INFO - epoch 164, valid loss: 0.8135, valid auc: 87.00%
2023-06-07 15:33:56,315 - my_logger - INFO - epoch 165, train loss: 0.1995
2023-06-07 15:33:56,321 - my_logger - INFO - epoch 166, train loss: 0.1981
2023-06-07 15:33:56,326 - my_logger - INFO - evaluating......
2023-06-07 15:33:56,326 - my_logger - INFO - epoch 166, valid loss: 0.8212, valid auc: 86.91%
2023-06-07 15:33:56,330 - my_logger - INFO - epoch 167, train loss: 0.1965
2023-06-07 15:33:56,338 - my_logger - INFO - epoch 168, train loss: 0.1941
2023-06-07 15:33:56,343 - my_logger - INFO - evaluating......
2023-06-07 15:33:56,343 - my_logger - INFO - epoch 168, valid loss: 0.8312, valid auc: 86.91%
2023-06-07 15:33:56,349 - my_logger - INFO - epoch 169, train loss: 0.1918
2023-06-07 15:33:56,356 - my_logger - INFO - epoch 170, train loss: 0.1903
2023-06-07 15:33:56,360 - my_logger - INFO - evaluating......
2023-06-07 15:33:56,360 - my_logger - INFO - epoch 170, valid loss: 0.8430, valid auc: 86.93%
2023-06-07 15:33:56,365 - my_logger - INFO - epoch 171, train loss: 0.1887
2023-06-07 15:33:56,372 - my_logger - INFO - epoch 172, train loss: 0.1866
2023-06-07 15:33:56,376 - my_logger - INFO - evaluating......
2023-06-07 15:33:56,376 - my_logger - INFO - epoch 172, valid loss: 0.8548, valid auc: 86.95%
2023-06-07 15:33:56,381 - my_logger - INFO - epoch 173, train loss: 0.1845
2023-06-07 15:33:56,387 - my_logger - INFO - epoch 174, train loss: 0.1826
2023-06-07 15:33:56,392 - my_logger - INFO - evaluating......
2023-06-07 15:33:56,392 - my_logger - INFO - epoch 174, valid loss: 0.8651, valid auc: 86.92%
2023-06-07 15:33:56,396 - my_logger - INFO - epoch 175, train loss: 0.1808
2023-06-07 15:33:56,403 - my_logger - INFO - epoch 176, train loss: 0.1790
2023-06-07 15:33:56,407 - my_logger - INFO - evaluating......
2023-06-07 15:33:56,408 - my_logger - INFO - epoch 176, valid loss: 0.8757, valid auc: 86.81%
2023-06-07 15:33:56,411 - my_logger - INFO - epoch 177, train loss: 0.1773
2023-06-07 15:33:56,419 - my_logger - INFO - epoch 178, train loss: 0.1757
2023-06-07 15:33:56,423 - my_logger - INFO - evaluating......
2023-06-07 15:33:56,423 - my_logger - INFO - epoch 178, valid loss: 0.8868, valid auc: 86.69%
2023-06-07 15:33:56,427 - my_logger - INFO - epoch 179, train loss: 0.1740
2023-06-07 15:33:56,434 - my_logger - INFO - epoch 180, train loss: 0.1728
2023-06-07 15:33:56,438 - my_logger - INFO - evaluating......
2023-06-07 15:33:56,439 - my_logger - INFO - epoch 180, valid loss: 0.8982, valid auc: 86.68%
2023-06-07 15:33:56,442 - my_logger - INFO - epoch 181, train loss: 0.1719
2023-06-07 15:33:56,449 - my_logger - INFO - epoch 182, train loss: 0.1721
2023-06-07 15:33:56,454 - my_logger - INFO - evaluating......
2023-06-07 15:33:56,454 - my_logger - INFO - epoch 182, valid loss: 0.9123, valid auc: 86.65%
2023-06-07 15:33:56,458 - my_logger - INFO - epoch 183, train loss: 0.1703
2023-06-07 15:33:56,465 - my_logger - INFO - epoch 184, train loss: 0.1667
2023-06-07 15:33:56,469 - my_logger - INFO - evaluating......
2023-06-07 15:33:56,470 - my_logger - INFO - epoch 184, valid loss: 0.9241, valid auc: 86.79%
2023-06-07 15:33:56,473 - my_logger - INFO - epoch 185, train loss: 0.1627
2023-06-07 15:33:56,479 - my_logger - INFO - epoch 186, train loss: 0.1616
2023-06-07 15:33:56,485 - my_logger - INFO - evaluating......
2023-06-07 15:33:56,485 - my_logger - INFO - epoch 186, valid loss: 0.9445, valid auc: 86.97%
2023-06-07 15:33:56,489 - my_logger - INFO - epoch 187, train loss: 0.1616
2023-06-07 15:33:56,495 - my_logger - INFO - epoch 188, train loss: 0.1587
2023-06-07 15:33:56,500 - my_logger - INFO - evaluating......
2023-06-07 15:33:56,500 - my_logger - INFO - epoch 188, valid loss: 0.9608, valid auc: 86.98%
2023-06-07 15:33:56,504 - my_logger - INFO - epoch 189, train loss: 0.1556
2023-06-07 15:33:56,510 - my_logger - INFO - epoch 190, train loss: 0.1543
2023-06-07 15:33:56,515 - my_logger - INFO - evaluating......
2023-06-07 15:33:56,515 - my_logger - INFO - epoch 190, valid loss: 0.9643, valid auc: 86.83%
2023-06-07 15:33:56,519 - my_logger - INFO - epoch 191, train loss: 0.1534
2023-06-07 15:33:56,525 - my_logger - INFO - epoch 192, train loss: 0.1515
2023-06-07 15:33:56,530 - my_logger - INFO - evaluating......
2023-06-07 15:33:56,530 - my_logger - INFO - epoch 192, valid loss: 0.9778, valid auc: 86.70%
2023-06-07 15:33:56,534 - my_logger - INFO - epoch 193, train loss: 0.1489
2023-06-07 15:33:56,540 - my_logger - INFO - epoch 194, train loss: 0.1473
2023-06-07 15:33:56,545 - my_logger - INFO - evaluating......
2023-06-07 15:33:56,545 - my_logger - INFO - epoch 194, valid loss: 1.0001, valid auc: 86.81%
2023-06-07 15:33:56,549 - my_logger - INFO - epoch 195, train loss: 0.1462
2023-06-07 15:33:56,555 - my_logger - INFO - epoch 196, train loss: 0.1443
2023-06-07 15:33:56,560 - my_logger - INFO - evaluating......
2023-06-07 15:33:56,560 - my_logger - INFO - epoch 196, valid loss: 1.0191, valid auc: 86.90%
2023-06-07 15:33:56,564 - my_logger - INFO - epoch 197, train loss: 0.1422
2023-06-07 15:33:56,570 - my_logger - INFO - epoch 198, train loss: 0.1405
2023-06-07 15:33:56,575 - my_logger - INFO - evaluating......
2023-06-07 15:33:56,575 - my_logger - INFO - epoch 198, valid loss: 1.0292, valid auc: 86.81%
2023-06-07 15:33:56,579 - my_logger - INFO - epoch 199, train loss: 0.1390
2023-06-07 15:33:56,582 - my_logger - INFO - total train time used: 2.2861s
2023-06-07 15:33:56,582 - my_logger - INFO - testing......
2023-06-07 15:33:56,588 - my_logger - INFO - test auc: 89.36%
