2023-06-04 13:06:09,777 - my_logger - INFO - Number of categories:7
2023-06-04 13:06:09,778 - my_logger - INFO - graph node data: {'feat': tensor([[0., 0., 0.,  ..., 0., 0., 0.],
        [0., 0., 0.,  ..., 0., 0., 0.],
        [0., 0., 0.,  ..., 0., 0., 0.],
        ...,
        [0., 0., 0.,  ..., 0., 0., 0.],
        [0., 0., 0.,  ..., 0., 0., 0.],
        [0., 0., 0.,  ..., 0., 0., 0.]]), 'label': tensor([3, 4, 4,  ..., 3, 3, 3]), 'test_mask': tensor([False, False, False,  ...,  True,  True,  True]), 'val_mask': tensor([False, False, False,  ..., False, False, False]), 'train_mask': tensor([ True,  True,  True,  ..., False, False, False])}
2023-06-04 13:06:09,778 - my_logger - INFO - graph edge data: {}
2023-06-04 13:06:10,076 - my_logger - INFO - training......
2023-06-04 13:06:10,144 - my_logger - INFO - epoch 0, train loss: 1.9469
2023-06-04 13:06:10,195 - my_logger - INFO - evaluating......
2023-06-04 13:06:10,195 - my_logger - INFO - epoch 0, valid loss: 1.9455, valid acc: 12.60%
2023-06-04 13:06:10,201 - my_logger - INFO - epoch 1, train loss: 1.9327
2023-06-04 13:06:10,205 - my_logger - INFO - epoch 2, train loss: 1.9141
2023-06-04 13:06:10,208 - my_logger - INFO - evaluating......
2023-06-04 13:06:10,208 - my_logger - INFO - epoch 2, valid loss: 1.9313, valid acc: 54.20%
2023-06-04 13:06:10,213 - my_logger - INFO - epoch 3, train loss: 1.8881
2023-06-04 13:06:10,217 - my_logger - INFO - epoch 4, train loss: 1.8593
2023-06-04 13:06:10,219 - my_logger - INFO - evaluating......
2023-06-04 13:06:10,219 - my_logger - INFO - epoch 4, valid loss: 1.8985, valid acc: 74.60%
2023-06-04 13:06:10,223 - my_logger - INFO - epoch 5, train loss: 1.8285
2023-06-04 13:06:10,227 - my_logger - INFO - epoch 6, train loss: 1.7943
2023-06-04 13:06:10,229 - my_logger - INFO - evaluating......
2023-06-04 13:06:10,230 - my_logger - INFO - epoch 6, valid loss: 1.8628, valid acc: 78.00%
2023-06-04 13:06:10,233 - my_logger - INFO - epoch 7, train loss: 1.7569
2023-06-04 13:06:10,238 - my_logger - INFO - epoch 8, train loss: 1.7164
2023-06-04 13:06:10,240 - my_logger - INFO - evaluating......
2023-06-04 13:06:10,240 - my_logger - INFO - epoch 8, valid loss: 1.8264, valid acc: 76.00%
2023-06-04 13:06:10,243 - my_logger - INFO - epoch 9, train loss: 1.6727
2023-06-04 13:06:10,247 - my_logger - INFO - epoch 10, train loss: 1.6261
2023-06-04 13:06:10,249 - my_logger - INFO - evaluating......
2023-06-04 13:06:10,249 - my_logger - INFO - epoch 10, valid loss: 1.7868, valid acc: 74.80%
2023-06-04 13:06:10,252 - my_logger - INFO - epoch 11, train loss: 1.5765
2023-06-04 13:06:10,256 - my_logger - INFO - epoch 12, train loss: 1.5237
2023-06-04 13:06:10,259 - my_logger - INFO - evaluating......
2023-06-04 13:06:10,259 - my_logger - INFO - epoch 12, valid loss: 1.7404, valid acc: 73.60%
2023-06-04 13:06:10,262 - my_logger - INFO - epoch 13, train loss: 1.4681
2023-06-04 13:06:10,266 - my_logger - INFO - epoch 14, train loss: 1.4101
2023-06-04 13:06:10,268 - my_logger - INFO - evaluating......
2023-06-04 13:06:10,268 - my_logger - INFO - epoch 14, valid loss: 1.6832, valid acc: 74.80%
2023-06-04 13:06:10,271 - my_logger - INFO - epoch 15, train loss: 1.3503
2023-06-04 13:06:10,276 - my_logger - INFO - epoch 16, train loss: 1.2889
2023-06-04 13:06:10,278 - my_logger - INFO - evaluating......
2023-06-04 13:06:10,278 - my_logger - INFO - epoch 16, valid loss: 1.6165, valid acc: 75.40%
2023-06-04 13:06:10,281 - my_logger - INFO - epoch 17, train loss: 1.2262
2023-06-04 13:06:10,285 - my_logger - INFO - epoch 18, train loss: 1.1625
2023-06-04 13:06:10,287 - my_logger - INFO - evaluating......
2023-06-04 13:06:10,287 - my_logger - INFO - epoch 18, valid loss: 1.5457, valid acc: 77.00%
2023-06-04 13:06:10,290 - my_logger - INFO - epoch 19, train loss: 1.0982
2023-06-04 13:06:10,294 - my_logger - INFO - epoch 20, train loss: 1.0337
2023-06-04 13:06:10,296 - my_logger - INFO - evaluating......
2023-06-04 13:06:10,296 - my_logger - INFO - epoch 20, valid loss: 1.4738, valid acc: 77.00%
2023-06-04 13:06:10,299 - my_logger - INFO - epoch 21, train loss: 0.9696
2023-06-04 13:06:10,303 - my_logger - INFO - epoch 22, train loss: 0.9064
2023-06-04 13:06:10,305 - my_logger - INFO - evaluating......
2023-06-04 13:06:10,306 - my_logger - INFO - epoch 22, valid loss: 1.4007, valid acc: 77.20%
2023-06-04 13:06:10,309 - my_logger - INFO - epoch 23, train loss: 0.8443
2023-06-04 13:06:10,313 - my_logger - INFO - epoch 24, train loss: 0.7841
2023-06-04 13:06:10,315 - my_logger - INFO - evaluating......
2023-06-04 13:06:10,315 - my_logger - INFO - epoch 24, valid loss: 1.3257, valid acc: 77.60%
2023-06-04 13:06:10,318 - my_logger - INFO - epoch 25, train loss: 0.7261
2023-06-04 13:06:10,322 - my_logger - INFO - epoch 26, train loss: 0.6706
2023-06-04 13:06:10,324 - my_logger - INFO - evaluating......
2023-06-04 13:06:10,324 - my_logger - INFO - epoch 26, valid loss: 1.2500, valid acc: 77.80%
2023-06-04 13:06:10,327 - my_logger - INFO - epoch 27, train loss: 0.6178
2023-06-04 13:06:10,331 - my_logger - INFO - epoch 28, train loss: 0.5680
2023-06-04 13:06:10,333 - my_logger - INFO - evaluating......
2023-06-04 13:06:10,334 - my_logger - INFO - epoch 28, valid loss: 1.1755, valid acc: 78.20%
2023-06-04 13:06:10,337 - my_logger - INFO - epoch 29, train loss: 0.5212
2023-06-04 13:06:10,342 - my_logger - INFO - epoch 30, train loss: 0.4776
2023-06-04 13:06:10,344 - my_logger - INFO - evaluating......
2023-06-04 13:06:10,344 - my_logger - INFO - epoch 30, valid loss: 1.1067, valid acc: 78.20%
2023-06-04 13:06:10,348 - my_logger - INFO - epoch 31, train loss: 0.4371
2023-06-04 13:06:10,352 - my_logger - INFO - epoch 32, train loss: 0.3996
2023-06-04 13:06:10,355 - my_logger - INFO - evaluating......
2023-06-04 13:06:10,355 - my_logger - INFO - epoch 32, valid loss: 1.0463, valid acc: 78.00%
2023-06-04 13:06:10,358 - my_logger - INFO - epoch 33, train loss: 0.3652
2023-06-04 13:06:10,363 - my_logger - INFO - epoch 34, train loss: 0.3336
2023-06-04 13:06:10,365 - my_logger - INFO - evaluating......
2023-06-04 13:06:10,365 - my_logger - INFO - epoch 34, valid loss: 0.9936, valid acc: 78.20%
2023-06-04 13:06:10,369 - my_logger - INFO - epoch 35, train loss: 0.3047
2023-06-04 13:06:10,374 - my_logger - INFO - epoch 36, train loss: 0.2784
2023-06-04 13:06:10,376 - my_logger - INFO - evaluating......
2023-06-04 13:06:10,376 - my_logger - INFO - epoch 36, valid loss: 0.9474, valid acc: 78.00%
2023-06-04 13:06:10,379 - my_logger - INFO - epoch 37, train loss: 0.2544
2023-06-04 13:06:10,384 - my_logger - INFO - epoch 38, train loss: 0.2326
2023-06-04 13:06:10,387 - my_logger - INFO - evaluating......
2023-06-04 13:06:10,387 - my_logger - INFO - epoch 38, valid loss: 0.9077, valid acc: 78.00%
2023-06-04 13:06:10,390 - my_logger - INFO - epoch 39, train loss: 0.2128
2023-06-04 13:06:10,394 - my_logger - INFO - epoch 40, train loss: 0.1948
2023-06-04 13:06:10,396 - my_logger - INFO - evaluating......
2023-06-04 13:06:10,397 - my_logger - INFO - epoch 40, valid loss: 0.8749, valid acc: 78.40%
2023-06-04 13:06:10,401 - my_logger - INFO - epoch 41, train loss: 0.1785
2023-06-04 13:06:10,405 - my_logger - INFO - epoch 42, train loss: 0.1637
2023-06-04 13:06:10,407 - my_logger - INFO - evaluating......
2023-06-04 13:06:10,407 - my_logger - INFO - epoch 42, valid loss: 0.8488, valid acc: 78.60%
2023-06-04 13:06:10,411 - my_logger - INFO - epoch 43, train loss: 0.1503
2023-06-04 13:06:10,415 - my_logger - INFO - epoch 44, train loss: 0.1381
2023-06-04 13:06:10,417 - my_logger - INFO - evaluating......
2023-06-04 13:06:10,418 - my_logger - INFO - epoch 44, valid loss: 0.8285, valid acc: 78.60%
2023-06-04 13:06:10,421 - my_logger - INFO - epoch 45, train loss: 0.1271
2023-06-04 13:06:10,425 - my_logger - INFO - epoch 46, train loss: 0.1171
2023-06-04 13:06:10,427 - my_logger - INFO - evaluating......
2023-06-04 13:06:10,427 - my_logger - INFO - epoch 46, valid loss: 0.8127, valid acc: 79.00%
2023-06-04 13:06:10,431 - my_logger - INFO - epoch 47, train loss: 0.1081
2023-06-04 13:06:10,435 - my_logger - INFO - epoch 48, train loss: 0.0998
2023-06-04 13:06:10,437 - my_logger - INFO - evaluating......
2023-06-04 13:06:10,437 - my_logger - INFO - epoch 48, valid loss: 0.8001, valid acc: 79.00%
2023-06-04 13:06:10,440 - my_logger - INFO - epoch 49, train loss: 0.0924
2023-06-04 13:06:10,444 - my_logger - INFO - epoch 50, train loss: 0.0856
2023-06-04 13:06:10,446 - my_logger - INFO - evaluating......
2023-06-04 13:06:10,446 - my_logger - INFO - epoch 50, valid loss: 0.7903, valid acc: 79.20%
2023-06-04 13:06:10,450 - my_logger - INFO - epoch 51, train loss: 0.0795
2023-06-04 13:06:10,454 - my_logger - INFO - epoch 52, train loss: 0.0739
2023-06-04 13:06:10,456 - my_logger - INFO - evaluating......
2023-06-04 13:06:10,457 - my_logger - INFO - epoch 52, valid loss: 0.7831, valid acc: 79.40%
2023-06-04 13:06:10,461 - my_logger - INFO - epoch 53, train loss: 0.0688
2023-06-04 13:06:10,465 - my_logger - INFO - epoch 54, train loss: 0.0642
2023-06-04 13:06:10,467 - my_logger - INFO - evaluating......
2023-06-04 13:06:10,467 - my_logger - INFO - epoch 54, valid loss: 0.7782, valid acc: 79.40%
2023-06-04 13:06:10,470 - my_logger - INFO - epoch 55, train loss: 0.0599
2023-06-04 13:06:10,475 - my_logger - INFO - epoch 56, train loss: 0.0561
2023-06-04 13:06:10,477 - my_logger - INFO - evaluating......
2023-06-04 13:06:10,477 - my_logger - INFO - epoch 56, valid loss: 0.7755, valid acc: 79.00%
2023-06-04 13:06:10,480 - my_logger - INFO - epoch 57, train loss: 0.0526
2023-06-04 13:06:10,484 - my_logger - INFO - epoch 58, train loss: 0.0494
2023-06-04 13:06:10,486 - my_logger - INFO - evaluating......
2023-06-04 13:06:10,486 - my_logger - INFO - epoch 58, valid loss: 0.7744, valid acc: 78.40%
2023-06-04 13:06:10,489 - my_logger - INFO - epoch 59, train loss: 0.0465
2023-06-04 13:06:10,493 - my_logger - INFO - epoch 60, train loss: 0.0438
2023-06-04 13:06:10,495 - my_logger - INFO - evaluating......
2023-06-04 13:06:10,496 - my_logger - INFO - epoch 60, valid loss: 0.7743, valid acc: 78.40%
2023-06-04 13:06:10,499 - my_logger - INFO - epoch 61, train loss: 0.0414
2023-06-04 13:06:10,503 - my_logger - INFO - epoch 62, train loss: 0.0391
2023-06-04 13:06:10,505 - my_logger - INFO - evaluating......
2023-06-04 13:06:10,505 - my_logger - INFO - epoch 62, valid loss: 0.7747, valid acc: 78.40%
2023-06-04 13:06:10,508 - my_logger - INFO - epoch 63, train loss: 0.0371
2023-06-04 13:06:10,512 - my_logger - INFO - epoch 64, train loss: 0.0352
2023-06-04 13:06:10,514 - my_logger - INFO - evaluating......
2023-06-04 13:06:10,515 - my_logger - INFO - epoch 64, valid loss: 0.7753, valid acc: 78.60%
2023-06-04 13:06:10,517 - my_logger - INFO - epoch 65, train loss: 0.0334
2023-06-04 13:06:10,522 - my_logger - INFO - epoch 66, train loss: 0.0318
2023-06-04 13:06:10,524 - my_logger - INFO - evaluating......
2023-06-04 13:06:10,524 - my_logger - INFO - epoch 66, valid loss: 0.7760, valid acc: 78.60%
2023-06-04 13:06:10,527 - my_logger - INFO - epoch 67, train loss: 0.0303
2023-06-04 13:06:10,531 - my_logger - INFO - epoch 68, train loss: 0.0290
2023-06-04 13:06:10,533 - my_logger - INFO - evaluating......
2023-06-04 13:06:10,533 - my_logger - INFO - epoch 68, valid loss: 0.7769, valid acc: 78.40%
2023-06-04 13:06:10,536 - my_logger - INFO - epoch 69, train loss: 0.0277
2023-06-04 13:06:10,540 - my_logger - INFO - epoch 70, train loss: 0.0265
2023-06-04 13:06:10,542 - my_logger - INFO - evaluating......
2023-06-04 13:06:10,543 - my_logger - INFO - epoch 70, valid loss: 0.7781, valid acc: 78.40%
2023-06-04 13:06:10,546 - my_logger - INFO - epoch 71, train loss: 0.0254
2023-06-04 13:06:10,550 - my_logger - INFO - epoch 72, train loss: 0.0244
2023-06-04 13:06:10,552 - my_logger - INFO - evaluating......
2023-06-04 13:06:10,552 - my_logger - INFO - epoch 72, valid loss: 0.7797, valid acc: 78.40%
2023-06-04 13:06:10,555 - my_logger - INFO - epoch 73, train loss: 0.0235
2023-06-04 13:06:10,560 - my_logger - INFO - epoch 74, train loss: 0.0226
2023-06-04 13:06:10,562 - my_logger - INFO - evaluating......
2023-06-04 13:06:10,562 - my_logger - INFO - epoch 74, valid loss: 0.7814, valid acc: 78.40%
2023-06-04 13:06:10,566 - my_logger - INFO - epoch 75, train loss: 0.0218
2023-06-04 13:06:10,570 - my_logger - INFO - epoch 76, train loss: 0.0210
2023-06-04 13:06:10,572 - my_logger - INFO - evaluating......
2023-06-04 13:06:10,572 - my_logger - INFO - epoch 76, valid loss: 0.7831, valid acc: 78.40%
2023-06-04 13:06:10,575 - my_logger - INFO - epoch 77, train loss: 0.0203
2023-06-04 13:06:10,579 - my_logger - INFO - epoch 78, train loss: 0.0196
2023-06-04 13:06:10,581 - my_logger - INFO - evaluating......
2023-06-04 13:06:10,582 - my_logger - INFO - epoch 78, valid loss: 0.7847, valid acc: 78.40%
2023-06-04 13:06:10,585 - my_logger - INFO - epoch 79, train loss: 0.0190
2023-06-04 13:06:10,589 - my_logger - INFO - epoch 80, train loss: 0.0184
2023-06-04 13:06:10,591 - my_logger - INFO - evaluating......
2023-06-04 13:06:10,591 - my_logger - INFO - epoch 80, valid loss: 0.7861, valid acc: 78.60%
2023-06-04 13:06:10,594 - my_logger - INFO - epoch 81, train loss: 0.0178
2023-06-04 13:06:10,598 - my_logger - INFO - epoch 82, train loss: 0.0173
2023-06-04 13:06:10,600 - my_logger - INFO - evaluating......
2023-06-04 13:06:10,600 - my_logger - INFO - epoch 82, valid loss: 0.7875, valid acc: 78.60%
2023-06-04 13:06:10,603 - my_logger - INFO - epoch 83, train loss: 0.0168
2023-06-04 13:06:10,607 - my_logger - INFO - epoch 84, train loss: 0.0163
2023-06-04 13:06:10,609 - my_logger - INFO - evaluating......
2023-06-04 13:06:10,609 - my_logger - INFO - epoch 84, valid loss: 0.7888, valid acc: 78.60%
2023-06-04 13:06:10,612 - my_logger - INFO - epoch 85, train loss: 0.0158
2023-06-04 13:06:10,616 - my_logger - INFO - epoch 86, train loss: 0.0154
2023-06-04 13:06:10,618 - my_logger - INFO - evaluating......
2023-06-04 13:06:10,619 - my_logger - INFO - epoch 86, valid loss: 0.7900, valid acc: 78.60%
2023-06-04 13:06:10,621 - my_logger - INFO - epoch 87, train loss: 0.0150
2023-06-04 13:06:10,626 - my_logger - INFO - epoch 88, train loss: 0.0146
2023-06-04 13:06:10,628 - my_logger - INFO - evaluating......
2023-06-04 13:06:10,628 - my_logger - INFO - epoch 88, valid loss: 0.7913, valid acc: 78.60%
2023-06-04 13:06:10,631 - my_logger - INFO - epoch 89, train loss: 0.0142
2023-06-04 13:06:10,635 - my_logger - INFO - epoch 90, train loss: 0.0139
2023-06-04 13:06:10,637 - my_logger - INFO - evaluating......
2023-06-04 13:06:10,637 - my_logger - INFO - epoch 90, valid loss: 0.7926, valid acc: 78.60%
2023-06-04 13:06:10,640 - my_logger - INFO - epoch 91, train loss: 0.0135
2023-06-04 13:06:10,645 - my_logger - INFO - epoch 92, train loss: 0.0132
2023-06-04 13:06:10,647 - my_logger - INFO - evaluating......
2023-06-04 13:06:10,647 - my_logger - INFO - epoch 92, valid loss: 0.7938, valid acc: 78.60%
2023-06-04 13:06:10,650 - my_logger - INFO - epoch 93, train loss: 0.0129
2023-06-04 13:06:10,654 - my_logger - INFO - epoch 94, train loss: 0.0126
2023-06-04 13:06:10,656 - my_logger - INFO - evaluating......
2023-06-04 13:06:10,656 - my_logger - INFO - epoch 94, valid loss: 0.7950, valid acc: 78.60%
2023-06-04 13:06:10,659 - my_logger - INFO - epoch 95, train loss: 0.0123
2023-06-04 13:06:10,664 - my_logger - INFO - epoch 96, train loss: 0.0121
2023-06-04 13:06:10,666 - my_logger - INFO - evaluating......
2023-06-04 13:06:10,666 - my_logger - INFO - epoch 96, valid loss: 0.7962, valid acc: 78.80%
2023-06-04 13:06:10,669 - my_logger - INFO - epoch 97, train loss: 0.0118
2023-06-04 13:06:10,673 - my_logger - INFO - epoch 98, train loss: 0.0116
2023-06-04 13:06:10,675 - my_logger - INFO - evaluating......
2023-06-04 13:06:10,675 - my_logger - INFO - epoch 98, valid loss: 0.7973, valid acc: 78.60%
2023-06-04 13:06:10,678 - my_logger - INFO - epoch 99, train loss: 0.0113
2023-06-04 13:06:10,679 - my_logger - INFO - total train time used: 0.6031s
2023-06-04 13:06:10,679 - my_logger - INFO - testing......
2023-06-04 13:06:10,684 - my_logger - INFO - test acc: 79.40%
