2023-06-04 13:00:55,164 - my_logger - INFO - Number of categories:7
2023-06-04 13:00:55,165 - my_logger - INFO - graph node data: {'feat': tensor([[0., 0., 0.,  ..., 0., 0., 0.],
        [0., 0., 0.,  ..., 0., 0., 0.],
        [0., 0., 0.,  ..., 0., 0., 0.],
        ...,
        [0., 0., 0.,  ..., 0., 0., 0.],
        [0., 0., 0.,  ..., 0., 0., 0.],
        [0., 0., 0.,  ..., 0., 0., 0.]]), 'label': tensor([3, 4, 4,  ..., 3, 3, 3]), 'test_mask': tensor([False, False, False,  ...,  True,  True,  True]), 'val_mask': tensor([False, False, False,  ..., False, False, False]), 'train_mask': tensor([ True,  True,  True,  ..., False, False, False])}
2023-06-04 13:00:55,165 - my_logger - INFO - graph edge data: {}
2023-06-04 13:00:55,509 - my_logger - INFO - training......
2023-06-04 13:00:55,567 - my_logger - INFO - epoch 0, train loss: 1.9458
2023-06-04 13:00:55,619 - my_logger - INFO - evaluating......
2023-06-04 13:00:55,619 - my_logger - INFO - epoch 0, valid loss: 1.9457, valid acc: 15.40%
2023-06-04 13:00:55,626 - my_logger - INFO - epoch 1, train loss: 1.9393
2023-06-04 13:00:55,631 - my_logger - INFO - epoch 2, train loss: 1.9314
2023-06-04 13:00:55,633 - my_logger - INFO - evaluating......
2023-06-04 13:00:55,633 - my_logger - INFO - epoch 2, valid loss: 1.9402, valid acc: 21.00%
2023-06-04 13:00:55,638 - my_logger - INFO - epoch 3, train loss: 1.9198
2023-06-04 13:00:55,643 - my_logger - INFO - epoch 4, train loss: 1.9077
2023-06-04 13:00:55,645 - my_logger - INFO - evaluating......
2023-06-04 13:00:55,646 - my_logger - INFO - epoch 4, valid loss: 1.9285, valid acc: 48.60%
2023-06-04 13:00:55,650 - my_logger - INFO - epoch 5, train loss: 1.8946
2023-06-04 13:00:55,654 - my_logger - INFO - epoch 6, train loss: 1.8809
2023-06-04 13:00:55,656 - my_logger - INFO - evaluating......
2023-06-04 13:00:55,656 - my_logger - INFO - epoch 6, valid loss: 1.9154, valid acc: 54.80%
2023-06-04 13:00:55,660 - my_logger - INFO - epoch 7, train loss: 1.8661
2023-06-04 13:00:55,664 - my_logger - INFO - epoch 8, train loss: 1.8506
2023-06-04 13:00:55,666 - my_logger - INFO - evaluating......
2023-06-04 13:00:55,666 - my_logger - INFO - epoch 8, valid loss: 1.9011, valid acc: 56.40%
2023-06-04 13:00:55,670 - my_logger - INFO - epoch 9, train loss: 1.8340
2023-06-04 13:00:55,675 - my_logger - INFO - epoch 10, train loss: 1.8163
2023-06-04 13:00:55,677 - my_logger - INFO - evaluating......
2023-06-04 13:00:55,677 - my_logger - INFO - epoch 10, valid loss: 1.8843, valid acc: 57.60%
2023-06-04 13:00:55,682 - my_logger - INFO - epoch 11, train loss: 1.7975
2023-06-04 13:00:55,686 - my_logger - INFO - epoch 12, train loss: 1.7778
2023-06-04 13:00:55,688 - my_logger - INFO - evaluating......
2023-06-04 13:00:55,688 - my_logger - INFO - epoch 12, valid loss: 1.8647, valid acc: 59.00%
2023-06-04 13:00:55,692 - my_logger - INFO - epoch 13, train loss: 1.7571
2023-06-04 13:00:55,696 - my_logger - INFO - epoch 14, train loss: 1.7354
2023-06-04 13:00:55,698 - my_logger - INFO - evaluating......
2023-06-04 13:00:55,698 - my_logger - INFO - epoch 14, valid loss: 1.8437, valid acc: 59.00%
2023-06-04 13:00:55,701 - my_logger - INFO - epoch 15, train loss: 1.7128
2023-06-04 13:00:55,706 - my_logger - INFO - epoch 16, train loss: 1.6892
2023-06-04 13:00:55,708 - my_logger - INFO - evaluating......
2023-06-04 13:00:55,708 - my_logger - INFO - epoch 16, valid loss: 1.8218, valid acc: 61.00%
2023-06-04 13:00:55,712 - my_logger - INFO - epoch 17, train loss: 1.6648
2023-06-04 13:00:55,716 - my_logger - INFO - epoch 18, train loss: 1.6394
2023-06-04 13:00:55,718 - my_logger - INFO - evaluating......
2023-06-04 13:00:55,719 - my_logger - INFO - epoch 18, valid loss: 1.7991, valid acc: 63.00%
2023-06-04 13:00:55,723 - my_logger - INFO - epoch 19, train loss: 1.6131
2023-06-04 13:00:55,727 - my_logger - INFO - epoch 20, train loss: 1.5858
2023-06-04 13:00:55,729 - my_logger - INFO - evaluating......
2023-06-04 13:00:55,729 - my_logger - INFO - epoch 20, valid loss: 1.7749, valid acc: 63.20%
2023-06-04 13:00:55,733 - my_logger - INFO - epoch 21, train loss: 1.5576
2023-06-04 13:00:55,738 - my_logger - INFO - epoch 22, train loss: 1.5286
2023-06-04 13:00:55,740 - my_logger - INFO - evaluating......
2023-06-04 13:00:55,740 - my_logger - INFO - epoch 22, valid loss: 1.7483, valid acc: 64.00%
2023-06-04 13:00:55,745 - my_logger - INFO - epoch 23, train loss: 1.4988
2023-06-04 13:00:55,750 - my_logger - INFO - epoch 24, train loss: 1.4683
2023-06-04 13:00:55,752 - my_logger - INFO - evaluating......
2023-06-04 13:00:55,752 - my_logger - INFO - epoch 24, valid loss: 1.7187, valid acc: 65.80%
2023-06-04 13:00:55,757 - my_logger - INFO - epoch 25, train loss: 1.4370
2023-06-04 13:00:55,762 - my_logger - INFO - epoch 26, train loss: 1.4051
2023-06-04 13:00:55,764 - my_logger - INFO - evaluating......
2023-06-04 13:00:55,764 - my_logger - INFO - epoch 26, valid loss: 1.6863, valid acc: 67.60%
2023-06-04 13:00:55,769 - my_logger - INFO - epoch 27, train loss: 1.3726
2023-06-04 13:00:55,773 - my_logger - INFO - epoch 28, train loss: 1.3395
2023-06-04 13:00:55,775 - my_logger - INFO - evaluating......
2023-06-04 13:00:55,776 - my_logger - INFO - epoch 28, valid loss: 1.6515, valid acc: 70.40%
2023-06-04 13:00:55,780 - my_logger - INFO - epoch 29, train loss: 1.3060
2023-06-04 13:00:55,785 - my_logger - INFO - epoch 30, train loss: 1.2721
2023-06-04 13:00:55,787 - my_logger - INFO - evaluating......
2023-06-04 13:00:55,788 - my_logger - INFO - epoch 30, valid loss: 1.6153, valid acc: 71.00%
2023-06-04 13:00:55,792 - my_logger - INFO - epoch 31, train loss: 1.2379
2023-06-04 13:00:55,796 - my_logger - INFO - epoch 32, train loss: 1.2034
2023-06-04 13:00:55,798 - my_logger - INFO - evaluating......
2023-06-04 13:00:55,799 - my_logger - INFO - epoch 32, valid loss: 1.5779, valid acc: 72.00%
2023-06-04 13:00:55,803 - my_logger - INFO - epoch 33, train loss: 1.1688
2023-06-04 13:00:55,808 - my_logger - INFO - epoch 34, train loss: 1.1341
2023-06-04 13:00:55,809 - my_logger - INFO - evaluating......
2023-06-04 13:00:55,810 - my_logger - INFO - epoch 34, valid loss: 1.5402, valid acc: 72.00%
2023-06-04 13:00:55,813 - my_logger - INFO - epoch 35, train loss: 1.0994
2023-06-04 13:00:55,817 - my_logger - INFO - epoch 36, train loss: 1.0648
2023-06-04 13:00:55,819 - my_logger - INFO - evaluating......
2023-06-04 13:00:55,819 - my_logger - INFO - epoch 36, valid loss: 1.5022, valid acc: 72.60%
2023-06-04 13:00:55,823 - my_logger - INFO - epoch 37, train loss: 1.0303
2023-06-04 13:00:55,827 - my_logger - INFO - epoch 38, train loss: 0.9961
2023-06-04 13:00:55,829 - my_logger - INFO - evaluating......
2023-06-04 13:00:55,829 - my_logger - INFO - epoch 38, valid loss: 1.4638, valid acc: 72.80%
2023-06-04 13:00:55,833 - my_logger - INFO - epoch 39, train loss: 0.9623
2023-06-04 13:00:55,837 - my_logger - INFO - epoch 40, train loss: 0.9288
2023-06-04 13:00:55,839 - my_logger - INFO - evaluating......
2023-06-04 13:00:55,839 - my_logger - INFO - epoch 40, valid loss: 1.4245, valid acc: 73.00%
2023-06-04 13:00:55,843 - my_logger - INFO - epoch 41, train loss: 0.8958
2023-06-04 13:00:55,848 - my_logger - INFO - epoch 42, train loss: 0.8633
2023-06-04 13:00:55,850 - my_logger - INFO - evaluating......
2023-06-04 13:00:55,851 - my_logger - INFO - epoch 42, valid loss: 1.3849, valid acc: 73.20%
2023-06-04 13:00:55,856 - my_logger - INFO - epoch 43, train loss: 0.8314
2023-06-04 13:00:55,861 - my_logger - INFO - epoch 44, train loss: 0.8001
2023-06-04 13:00:55,863 - my_logger - INFO - evaluating......
2023-06-04 13:00:55,863 - my_logger - INFO - epoch 44, valid loss: 1.3455, valid acc: 74.40%
2023-06-04 13:00:55,867 - my_logger - INFO - epoch 45, train loss: 0.7696
2023-06-04 13:00:55,872 - my_logger - INFO - epoch 46, train loss: 0.7397
2023-06-04 13:00:55,874 - my_logger - INFO - evaluating......
2023-06-04 13:00:55,874 - my_logger - INFO - epoch 46, valid loss: 1.3068, valid acc: 74.80%
2023-06-04 13:00:55,879 - my_logger - INFO - epoch 47, train loss: 0.7106
2023-06-04 13:00:55,884 - my_logger - INFO - epoch 48, train loss: 0.6824
2023-06-04 13:00:55,886 - my_logger - INFO - evaluating......
2023-06-04 13:00:55,886 - my_logger - INFO - epoch 48, valid loss: 1.2693, valid acc: 75.60%
2023-06-04 13:00:55,890 - my_logger - INFO - epoch 49, train loss: 0.6549
2023-06-04 13:00:55,894 - my_logger - INFO - epoch 50, train loss: 0.6283
2023-06-04 13:00:55,896 - my_logger - INFO - evaluating......
2023-06-04 13:00:55,896 - my_logger - INFO - epoch 50, valid loss: 1.2337, valid acc: 75.60%
2023-06-04 13:00:55,900 - my_logger - INFO - epoch 51, train loss: 0.6026
2023-06-04 13:00:55,904 - my_logger - INFO - epoch 52, train loss: 0.5777
2023-06-04 13:00:55,906 - my_logger - INFO - evaluating......
2023-06-04 13:00:55,906 - my_logger - INFO - epoch 52, valid loss: 1.1996, valid acc: 75.60%
2023-06-04 13:00:55,909 - my_logger - INFO - epoch 53, train loss: 0.5537
2023-06-04 13:00:55,914 - my_logger - INFO - epoch 54, train loss: 0.5305
2023-06-04 13:00:55,915 - my_logger - INFO - evaluating......
2023-06-04 13:00:55,916 - my_logger - INFO - epoch 54, valid loss: 1.1677, valid acc: 75.60%
2023-06-04 13:00:55,919 - my_logger - INFO - epoch 55, train loss: 0.5083
2023-06-04 13:00:55,923 - my_logger - INFO - epoch 56, train loss: 0.4868
2023-06-04 13:00:55,925 - my_logger - INFO - evaluating......
2023-06-04 13:00:55,925 - my_logger - INFO - epoch 56, valid loss: 1.1376, valid acc: 75.80%
2023-06-04 13:00:55,929 - my_logger - INFO - epoch 57, train loss: 0.4663
2023-06-04 13:00:55,933 - my_logger - INFO - epoch 58, train loss: 0.4465
2023-06-04 13:00:55,935 - my_logger - INFO - evaluating......
2023-06-04 13:00:55,935 - my_logger - INFO - epoch 58, valid loss: 1.1095, valid acc: 76.00%
2023-06-04 13:00:55,939 - my_logger - INFO - epoch 59, train loss: 0.4276
2023-06-04 13:00:55,943 - my_logger - INFO - epoch 60, train loss: 0.4095
2023-06-04 13:00:55,945 - my_logger - INFO - evaluating......
2023-06-04 13:00:55,945 - my_logger - INFO - epoch 60, valid loss: 1.0833, valid acc: 76.20%
2023-06-04 13:00:55,949 - my_logger - INFO - epoch 61, train loss: 0.3921
2023-06-04 13:00:55,953 - my_logger - INFO - epoch 62, train loss: 0.3756
2023-06-04 13:00:55,956 - my_logger - INFO - evaluating......
2023-06-04 13:00:55,956 - my_logger - INFO - epoch 62, valid loss: 1.0587, valid acc: 76.40%
2023-06-04 13:00:55,960 - my_logger - INFO - epoch 63, train loss: 0.3597
2023-06-04 13:00:55,965 - my_logger - INFO - epoch 64, train loss: 0.3446
2023-06-04 13:00:55,967 - my_logger - INFO - evaluating......
2023-06-04 13:00:55,967 - my_logger - INFO - epoch 64, valid loss: 1.0360, valid acc: 76.60%
2023-06-04 13:00:55,971 - my_logger - INFO - epoch 65, train loss: 0.3301
2023-06-04 13:00:55,976 - my_logger - INFO - epoch 66, train loss: 0.3163
2023-06-04 13:00:55,978 - my_logger - INFO - evaluating......
2023-06-04 13:00:55,978 - my_logger - INFO - epoch 66, valid loss: 1.0150, valid acc: 77.00%
2023-06-04 13:00:55,982 - my_logger - INFO - epoch 67, train loss: 0.3031
2023-06-04 13:00:55,986 - my_logger - INFO - epoch 68, train loss: 0.2906
2023-06-04 13:00:55,988 - my_logger - INFO - evaluating......
2023-06-04 13:00:55,989 - my_logger - INFO - epoch 68, valid loss: 0.9958, valid acc: 77.00%
2023-06-04 13:00:55,992 - my_logger - INFO - epoch 69, train loss: 0.2786
2023-06-04 13:00:55,996 - my_logger - INFO - epoch 70, train loss: 0.2672
2023-06-04 13:00:55,998 - my_logger - INFO - evaluating......
2023-06-04 13:00:55,998 - my_logger - INFO - epoch 70, valid loss: 0.9786, valid acc: 77.20%
2023-06-04 13:00:56,002 - my_logger - INFO - epoch 71, train loss: 0.2563
2023-06-04 13:00:56,007 - my_logger - INFO - epoch 72, train loss: 0.2459
2023-06-04 13:00:56,009 - my_logger - INFO - evaluating......
2023-06-04 13:00:56,009 - my_logger - INFO - epoch 72, valid loss: 0.9632, valid acc: 77.40%
2023-06-04 13:00:56,013 - my_logger - INFO - epoch 73, train loss: 0.2360
2023-06-04 13:00:56,017 - my_logger - INFO - epoch 74, train loss: 0.2266
2023-06-04 13:00:56,019 - my_logger - INFO - evaluating......
2023-06-04 13:00:56,020 - my_logger - INFO - epoch 74, valid loss: 0.9493, valid acc: 77.20%
2023-06-04 13:00:56,023 - my_logger - INFO - epoch 75, train loss: 0.2176
2023-06-04 13:00:56,028 - my_logger - INFO - epoch 76, train loss: 0.2090
2023-06-04 13:00:56,030 - my_logger - INFO - evaluating......
2023-06-04 13:00:56,030 - my_logger - INFO - epoch 76, valid loss: 0.9364, valid acc: 76.60%
2023-06-04 13:00:56,033 - my_logger - INFO - epoch 77, train loss: 0.2009
2023-06-04 13:00:56,038 - my_logger - INFO - epoch 78, train loss: 0.1931
2023-06-04 13:00:56,040 - my_logger - INFO - evaluating......
2023-06-04 13:00:56,040 - my_logger - INFO - epoch 78, valid loss: 0.9250, valid acc: 76.60%
2023-06-04 13:00:56,043 - my_logger - INFO - epoch 79, train loss: 0.1857
2023-06-04 13:00:56,048 - my_logger - INFO - epoch 80, train loss: 0.1787
2023-06-04 13:00:56,049 - my_logger - INFO - evaluating......
2023-06-04 13:00:56,050 - my_logger - INFO - epoch 80, valid loss: 0.9149, valid acc: 76.40%
2023-06-04 13:00:56,054 - my_logger - INFO - epoch 81, train loss: 0.1720
2023-06-04 13:00:56,058 - my_logger - INFO - epoch 82, train loss: 0.1656
2023-06-04 13:00:56,060 - my_logger - INFO - evaluating......
2023-06-04 13:00:56,061 - my_logger - INFO - epoch 82, valid loss: 0.9055, valid acc: 76.40%
2023-06-04 13:00:56,064 - my_logger - INFO - epoch 83, train loss: 0.1595
2023-06-04 13:00:56,068 - my_logger - INFO - epoch 84, train loss: 0.1537
2023-06-04 13:00:56,070 - my_logger - INFO - evaluating......
2023-06-04 13:00:56,071 - my_logger - INFO - epoch 84, valid loss: 0.8974, valid acc: 76.60%
2023-06-04 13:00:56,074 - my_logger - INFO - epoch 85, train loss: 0.1481
2023-06-04 13:00:56,078 - my_logger - INFO - epoch 86, train loss: 0.1428
2023-06-04 13:00:56,080 - my_logger - INFO - evaluating......
2023-06-04 13:00:56,080 - my_logger - INFO - epoch 86, valid loss: 0.8905, valid acc: 76.80%
2023-06-04 13:00:56,083 - my_logger - INFO - epoch 87, train loss: 0.1378
2023-06-04 13:00:56,088 - my_logger - INFO - epoch 88, train loss: 0.1330
2023-06-04 13:00:56,089 - my_logger - INFO - evaluating......
2023-06-04 13:00:56,090 - my_logger - INFO - epoch 88, valid loss: 0.8844, valid acc: 76.60%
2023-06-04 13:00:56,093 - my_logger - INFO - epoch 89, train loss: 0.1284
2023-06-04 13:00:56,097 - my_logger - INFO - epoch 90, train loss: 0.1240
2023-06-04 13:00:56,100 - my_logger - INFO - evaluating......
2023-06-04 13:00:56,100 - my_logger - INFO - epoch 90, valid loss: 0.8783, valid acc: 76.80%
2023-06-04 13:00:56,103 - my_logger - INFO - epoch 91, train loss: 0.1199
2023-06-04 13:00:56,108 - my_logger - INFO - epoch 92, train loss: 0.1159
2023-06-04 13:00:56,110 - my_logger - INFO - evaluating......
2023-06-04 13:00:56,110 - my_logger - INFO - epoch 92, valid loss: 0.8728, valid acc: 76.80%
2023-06-04 13:00:56,113 - my_logger - INFO - epoch 93, train loss: 0.1121
2023-06-04 13:00:56,117 - my_logger - INFO - epoch 94, train loss: 0.1084
2023-06-04 13:00:56,119 - my_logger - INFO - evaluating......
2023-06-04 13:00:56,119 - my_logger - INFO - epoch 94, valid loss: 0.8682, valid acc: 76.80%
2023-06-04 13:00:56,123 - my_logger - INFO - epoch 95, train loss: 0.1050
2023-06-04 13:00:56,127 - my_logger - INFO - epoch 96, train loss: 0.1016
2023-06-04 13:00:56,129 - my_logger - INFO - evaluating......
2023-06-04 13:00:56,129 - my_logger - INFO - epoch 96, valid loss: 0.8641, valid acc: 76.80%
2023-06-04 13:00:56,133 - my_logger - INFO - epoch 97, train loss: 0.0985
2023-06-04 13:00:56,138 - my_logger - INFO - epoch 98, train loss: 0.0954
2023-06-04 13:00:56,140 - my_logger - INFO - evaluating......
2023-06-04 13:00:56,140 - my_logger - INFO - epoch 98, valid loss: 0.8602, valid acc: 76.80%
2023-06-04 13:00:56,144 - my_logger - INFO - epoch 99, train loss: 0.0925
2023-06-04 13:00:56,145 - my_logger - INFO - total train time used: 0.6363s
2023-06-04 13:00:56,145 - my_logger - INFO - testing......
2023-06-04 13:00:56,150 - my_logger - INFO - test acc: 75.30%
