2023-06-22 12:59:23,112 - my_logger - INFO - Number of categories:7
2023-06-22 12:59:23,113 - my_logger - INFO - graph node data: {'feat': tensor([[0., 0., 0.,  ..., 0., 0., 0.],
        [0., 0., 0.,  ..., 0., 0., 0.],
        [0., 0., 0.,  ..., 0., 0., 0.],
        ...,
        [0., 0., 0.,  ..., 0., 0., 0.],
        [0., 0., 0.,  ..., 0., 0., 0.],
        [0., 0., 0.,  ..., 0., 0., 0.]]), 'label': tensor([3, 4, 4,  ..., 3, 3, 3]), 'test_mask': tensor([False, False, False,  ...,  True,  True,  True]), 'val_mask': tensor([False, False, False,  ..., False, False, False]), 'train_mask': tensor([ True,  True,  True,  ..., False, False, False])}
2023-06-22 12:59:23,113 - my_logger - INFO - graph edge data: {}
2023-06-22 12:59:23,596 - my_logger - INFO - training......
2023-06-22 12:59:23,645 - my_logger - INFO - epoch 0, train loss: 3.5403
2023-06-22 12:59:23,700 - my_logger - INFO - evaluating......
2023-06-22 12:59:23,700 - my_logger - INFO - epoch 0, valid loss: 3.2753, valid acc: 5.60%
2023-06-22 12:59:23,707 - my_logger - INFO - epoch 1, train loss: 4.6952
2023-06-22 12:59:23,712 - my_logger - INFO - epoch 2, train loss: 11.0394
2023-06-22 12:59:23,715 - my_logger - INFO - evaluating......
2023-06-22 12:59:23,715 - my_logger - INFO - epoch 2, valid loss: 10.3087, valid acc: 8.60%
2023-06-22 12:59:23,719 - my_logger - INFO - epoch 3, train loss: 4.5010
2023-06-22 12:59:23,724 - my_logger - INFO - epoch 4, train loss: 5.8670
2023-06-22 12:59:23,728 - my_logger - INFO - evaluating......
2023-06-22 12:59:23,728 - my_logger - INFO - epoch 4, valid loss: 4.6895, valid acc: 37.40%
2023-06-22 12:59:23,733 - my_logger - INFO - epoch 5, train loss: 4.1327
2023-06-22 12:59:23,738 - my_logger - INFO - epoch 6, train loss: 2.0446
2023-06-22 12:59:23,741 - my_logger - INFO - evaluating......
2023-06-22 12:59:23,741 - my_logger - INFO - epoch 6, valid loss: 1.9147, valid acc: 33.80%
2023-06-22 12:59:23,744 - my_logger - INFO - epoch 7, train loss: 1.8409
2023-06-22 12:59:23,749 - my_logger - INFO - epoch 8, train loss: 1.7401
2023-06-22 12:59:23,752 - my_logger - INFO - evaluating......
2023-06-22 12:59:23,752 - my_logger - INFO - epoch 8, valid loss: 1.4518, valid acc: 53.00%
2023-06-22 12:59:23,756 - my_logger - INFO - epoch 9, train loss: 1.6197
2023-06-22 12:59:23,762 - my_logger - INFO - epoch 10, train loss: 1.4536
2023-06-22 12:59:23,765 - my_logger - INFO - evaluating......
2023-06-22 12:59:23,765 - my_logger - INFO - epoch 10, valid loss: 1.5110, valid acc: 39.20%
2023-06-22 12:59:23,768 - my_logger - INFO - epoch 11, train loss: 2.3908
2023-06-22 12:59:23,774 - my_logger - INFO - epoch 12, train loss: 1.4337
2023-06-22 12:59:23,777 - my_logger - INFO - evaluating......
2023-06-22 12:59:23,777 - my_logger - INFO - epoch 12, valid loss: 1.5316, valid acc: 45.00%
2023-06-22 12:59:23,780 - my_logger - INFO - epoch 13, train loss: 1.5917
2023-06-22 12:59:23,784 - my_logger - INFO - epoch 14, train loss: 1.6640
2023-06-22 12:59:23,787 - my_logger - INFO - evaluating......
2023-06-22 12:59:23,787 - my_logger - INFO - epoch 14, valid loss: 1.4946, valid acc: 48.80%
2023-06-22 12:59:23,790 - my_logger - INFO - epoch 15, train loss: 1.6562
2023-06-22 12:59:23,795 - my_logger - INFO - epoch 16, train loss: 1.5504
2023-06-22 12:59:23,797 - my_logger - INFO - evaluating......
2023-06-22 12:59:23,798 - my_logger - INFO - epoch 16, valid loss: 1.3574, valid acc: 61.20%
2023-06-22 12:59:23,802 - my_logger - INFO - epoch 17, train loss: 1.3946
2023-06-22 12:59:23,806 - my_logger - INFO - epoch 18, train loss: 1.2606
2023-06-22 12:59:23,809 - my_logger - INFO - evaluating......
2023-06-22 12:59:23,810 - my_logger - INFO - epoch 18, valid loss: 1.3143, valid acc: 58.60%
2023-06-22 12:59:23,812 - my_logger - INFO - epoch 19, train loss: 1.1431
2023-06-22 12:59:23,816 - my_logger - INFO - epoch 20, train loss: 1.0298
2023-06-22 12:59:23,819 - my_logger - INFO - evaluating......
2023-06-22 12:59:23,819 - my_logger - INFO - epoch 20, valid loss: 1.3340, valid acc: 59.40%
2023-06-22 12:59:23,822 - my_logger - INFO - epoch 21, train loss: 1.2799
2023-06-22 12:59:23,826 - my_logger - INFO - epoch 22, train loss: 0.9191
2023-06-22 12:59:23,829 - my_logger - INFO - evaluating......
2023-06-22 12:59:23,829 - my_logger - INFO - epoch 22, valid loss: 1.4185, valid acc: 62.00%
2023-06-22 12:59:23,833 - my_logger - INFO - epoch 23, train loss: 0.9330
2023-06-22 12:59:23,838 - my_logger - INFO - epoch 24, train loss: 0.9386
2023-06-22 12:59:23,841 - my_logger - INFO - evaluating......
2023-06-22 12:59:23,841 - my_logger - INFO - epoch 24, valid loss: 1.5247, valid acc: 64.40%
2023-06-22 12:59:23,845 - my_logger - INFO - epoch 25, train loss: 0.8840
2023-06-22 12:59:23,850 - my_logger - INFO - epoch 26, train loss: 0.8378
2023-06-22 12:59:23,853 - my_logger - INFO - evaluating......
2023-06-22 12:59:23,853 - my_logger - INFO - epoch 26, valid loss: 1.5495, valid acc: 66.20%
2023-06-22 12:59:23,857 - my_logger - INFO - epoch 27, train loss: 0.7973
2023-06-22 12:59:23,862 - my_logger - INFO - epoch 28, train loss: 0.8466
2023-06-22 12:59:23,865 - my_logger - INFO - evaluating......
2023-06-22 12:59:23,865 - my_logger - INFO - epoch 28, valid loss: 1.6613, valid acc: 55.60%
2023-06-22 12:59:23,867 - my_logger - INFO - epoch 29, train loss: 0.7876
2023-06-22 12:59:23,872 - my_logger - INFO - epoch 30, train loss: 0.7999
2023-06-22 12:59:23,874 - my_logger - INFO - evaluating......
2023-06-22 12:59:23,875 - my_logger - INFO - epoch 30, valid loss: 1.5271, valid acc: 68.20%
2023-06-22 12:59:23,879 - my_logger - INFO - epoch 31, train loss: 0.8321
2023-06-22 12:59:23,883 - my_logger - INFO - epoch 32, train loss: 0.8205
2023-06-22 12:59:23,886 - my_logger - INFO - evaluating......
2023-06-22 12:59:23,886 - my_logger - INFO - epoch 32, valid loss: 1.6266, valid acc: 69.40%
2023-06-22 12:59:23,890 - my_logger - INFO - epoch 33, train loss: 0.7493
2023-06-22 12:59:23,895 - my_logger - INFO - epoch 34, train loss: 0.7073
2023-06-22 12:59:23,897 - my_logger - INFO - evaluating......
2023-06-22 12:59:23,898 - my_logger - INFO - epoch 34, valid loss: 1.8479, valid acc: 67.80%
2023-06-22 12:59:23,900 - my_logger - INFO - epoch 35, train loss: 0.6408
2023-06-22 12:59:23,904 - my_logger - INFO - epoch 36, train loss: 0.5950
2023-06-22 12:59:23,907 - my_logger - INFO - evaluating......
2023-06-22 12:59:23,907 - my_logger - INFO - epoch 36, valid loss: 2.0268, valid acc: 68.20%
2023-06-22 12:59:23,910 - my_logger - INFO - epoch 37, train loss: 0.5562
2023-06-22 12:59:23,914 - my_logger - INFO - epoch 38, train loss: 0.4914
2023-06-22 12:59:23,917 - my_logger - INFO - evaluating......
2023-06-22 12:59:23,917 - my_logger - INFO - epoch 38, valid loss: 2.0423, valid acc: 68.60%
2023-06-22 12:59:23,919 - my_logger - INFO - epoch 39, train loss: 0.4468
2023-06-22 12:59:23,924 - my_logger - INFO - epoch 40, train loss: 0.4285
2023-06-22 12:59:23,926 - my_logger - INFO - evaluating......
2023-06-22 12:59:23,926 - my_logger - INFO - epoch 40, valid loss: 2.0629, valid acc: 67.00%
2023-06-22 12:59:23,929 - my_logger - INFO - epoch 41, train loss: 0.3878
2023-06-22 12:59:23,933 - my_logger - INFO - epoch 42, train loss: 0.3536
2023-06-22 12:59:23,936 - my_logger - INFO - evaluating......
2023-06-22 12:59:23,936 - my_logger - INFO - epoch 42, valid loss: 1.9830, valid acc: 69.20%
2023-06-22 12:59:23,938 - my_logger - INFO - epoch 43, train loss: 0.3400
2023-06-22 12:59:23,943 - my_logger - INFO - epoch 44, train loss: 0.3265
2023-06-22 12:59:23,945 - my_logger - INFO - evaluating......
2023-06-22 12:59:23,946 - my_logger - INFO - epoch 44, valid loss: 2.0093, valid acc: 68.60%
2023-06-22 12:59:23,948 - my_logger - INFO - epoch 45, train loss: 0.3057
2023-06-22 12:59:23,953 - my_logger - INFO - epoch 46, train loss: 0.2973
2023-06-22 12:59:23,955 - my_logger - INFO - evaluating......
2023-06-22 12:59:23,955 - my_logger - INFO - epoch 46, valid loss: 2.0788, valid acc: 68.40%
2023-06-22 12:59:23,958 - my_logger - INFO - epoch 47, train loss: 0.2851
2023-06-22 12:59:23,962 - my_logger - INFO - epoch 48, train loss: 0.2671
2023-06-22 12:59:23,965 - my_logger - INFO - evaluating......
2023-06-22 12:59:23,965 - my_logger - INFO - epoch 48, valid loss: 2.2786, valid acc: 67.80%
2023-06-22 12:59:23,968 - my_logger - INFO - epoch 49, train loss: 0.2576
2023-06-22 12:59:23,972 - my_logger - INFO - epoch 50, train loss: 0.2448
2023-06-22 12:59:23,975 - my_logger - INFO - evaluating......
2023-06-22 12:59:23,975 - my_logger - INFO - epoch 50, valid loss: 2.4489, valid acc: 67.60%
2023-06-22 12:59:23,977 - my_logger - INFO - epoch 51, train loss: 0.2277
2023-06-22 12:59:23,982 - my_logger - INFO - epoch 52, train loss: 0.2190
2023-06-22 12:59:23,984 - my_logger - INFO - evaluating......
2023-06-22 12:59:23,984 - my_logger - INFO - epoch 52, valid loss: 2.5035, valid acc: 68.40%
2023-06-22 12:59:23,987 - my_logger - INFO - epoch 53, train loss: 0.2035
2023-06-22 12:59:23,991 - my_logger - INFO - epoch 54, train loss: 0.1936
2023-06-22 12:59:23,994 - my_logger - INFO - evaluating......
2023-06-22 12:59:23,994 - my_logger - INFO - epoch 54, valid loss: 2.6315, valid acc: 68.80%
2023-06-22 12:59:23,997 - my_logger - INFO - epoch 55, train loss: 0.1829
2023-06-22 12:59:24,001 - my_logger - INFO - epoch 56, train loss: 0.1715
2023-06-22 12:59:24,003 - my_logger - INFO - evaluating......
2023-06-22 12:59:24,004 - my_logger - INFO - epoch 56, valid loss: 2.7811, valid acc: 69.00%
2023-06-22 12:59:24,006 - my_logger - INFO - epoch 57, train loss: 0.1597
2023-06-22 12:59:24,011 - my_logger - INFO - epoch 58, train loss: 0.1494
2023-06-22 12:59:24,013 - my_logger - INFO - evaluating......
2023-06-22 12:59:24,013 - my_logger - INFO - epoch 58, valid loss: 3.0171, valid acc: 68.20%
2023-06-22 12:59:24,016 - my_logger - INFO - epoch 59, train loss: 0.1459
2023-06-22 12:59:24,020 - my_logger - INFO - epoch 60, train loss: 0.1364
2023-06-22 12:59:24,023 - my_logger - INFO - evaluating......
2023-06-22 12:59:24,023 - my_logger - INFO - epoch 60, valid loss: 3.2983, valid acc: 67.40%
2023-06-22 12:59:24,026 - my_logger - INFO - epoch 61, train loss: 0.1316
2023-06-22 12:59:24,030 - my_logger - INFO - epoch 62, train loss: 0.1244
2023-06-22 12:59:24,032 - my_logger - INFO - evaluating......
2023-06-22 12:59:24,033 - my_logger - INFO - epoch 62, valid loss: 3.4940, valid acc: 67.80%
2023-06-22 12:59:24,035 - my_logger - INFO - epoch 63, train loss: 0.1169
2023-06-22 12:59:24,039 - my_logger - INFO - epoch 64, train loss: 0.1229
2023-06-22 12:59:24,042 - my_logger - INFO - evaluating......
2023-06-22 12:59:24,042 - my_logger - INFO - epoch 64, valid loss: 3.6366, valid acc: 67.40%
2023-06-22 12:59:24,045 - my_logger - INFO - epoch 65, train loss: 0.1312
2023-06-22 12:59:24,049 - my_logger - INFO - epoch 66, train loss: 0.1946
2023-06-22 12:59:24,052 - my_logger - INFO - evaluating......
2023-06-22 12:59:24,052 - my_logger - INFO - epoch 66, valid loss: 4.3931, valid acc: 68.60%
2023-06-22 12:59:24,054 - my_logger - INFO - epoch 67, train loss: 0.1992
2023-06-22 12:59:24,059 - my_logger - INFO - epoch 68, train loss: 0.4899
2023-06-22 12:59:24,061 - my_logger - INFO - evaluating......
2023-06-22 12:59:24,062 - my_logger - INFO - epoch 68, valid loss: 5.6008, valid acc: 66.00%
2023-06-22 12:59:24,064 - my_logger - INFO - epoch 69, train loss: 0.2556
2023-06-22 12:59:24,068 - my_logger - INFO - epoch 70, train loss: 0.6453
2023-06-22 12:59:24,071 - my_logger - INFO - evaluating......
2023-06-22 12:59:24,071 - my_logger - INFO - epoch 70, valid loss: 4.8781, valid acc: 66.40%
2023-06-22 12:59:24,074 - my_logger - INFO - epoch 71, train loss: 0.2259
2023-06-22 12:59:24,078 - my_logger - INFO - epoch 72, train loss: 0.4603
2023-06-22 12:59:24,081 - my_logger - INFO - evaluating......
2023-06-22 12:59:24,081 - my_logger - INFO - epoch 72, valid loss: 4.6286, valid acc: 67.00%
2023-06-22 12:59:24,084 - my_logger - INFO - epoch 73, train loss: 0.4927
2023-06-22 12:59:24,088 - my_logger - INFO - epoch 74, train loss: 0.3739
2023-06-22 12:59:24,091 - my_logger - INFO - evaluating......
2023-06-22 12:59:24,091 - my_logger - INFO - epoch 74, valid loss: 3.9149, valid acc: 69.20%
2023-06-22 12:59:24,093 - my_logger - INFO - epoch 75, train loss: 0.2221
2023-06-22 12:59:24,098 - my_logger - INFO - epoch 76, train loss: 0.1842
2023-06-22 12:59:24,101 - my_logger - INFO - evaluating......
2023-06-22 12:59:24,101 - my_logger - INFO - epoch 76, valid loss: 3.5970, valid acc: 73.40%
2023-06-22 12:59:24,105 - my_logger - INFO - epoch 77, train loss: 0.1900
2023-06-22 12:59:24,109 - my_logger - INFO - epoch 78, train loss: 0.2307
2023-06-22 12:59:24,112 - my_logger - INFO - evaluating......
2023-06-22 12:59:24,112 - my_logger - INFO - epoch 78, valid loss: 3.5824, valid acc: 74.00%
2023-06-22 12:59:24,116 - my_logger - INFO - epoch 79, train loss: 0.1224
2023-06-22 12:59:24,120 - my_logger - INFO - epoch 80, train loss: 0.1269
2023-06-22 12:59:24,123 - my_logger - INFO - evaluating......
2023-06-22 12:59:24,123 - my_logger - INFO - epoch 80, valid loss: 3.5353, valid acc: 71.20%
2023-06-22 12:59:24,126 - my_logger - INFO - epoch 81, train loss: 0.1159
2023-06-22 12:59:24,130 - my_logger - INFO - epoch 82, train loss: 0.1448
2023-06-22 12:59:24,133 - my_logger - INFO - evaluating......
2023-06-22 12:59:24,133 - my_logger - INFO - epoch 82, valid loss: 3.7199, valid acc: 68.40%
2023-06-22 12:59:24,136 - my_logger - INFO - epoch 83, train loss: 0.1710
2023-06-22 12:59:24,140 - my_logger - INFO - epoch 84, train loss: 0.1315
2023-06-22 12:59:24,143 - my_logger - INFO - evaluating......
2023-06-22 12:59:24,143 - my_logger - INFO - epoch 84, valid loss: 3.5936, valid acc: 67.40%
2023-06-22 12:59:24,145 - my_logger - INFO - epoch 85, train loss: 0.0969
2023-06-22 12:59:24,150 - my_logger - INFO - epoch 86, train loss: 0.0903
2023-06-22 12:59:24,152 - my_logger - INFO - evaluating......
2023-06-22 12:59:24,153 - my_logger - INFO - epoch 86, valid loss: 3.3482, valid acc: 70.40%
2023-06-22 12:59:24,155 - my_logger - INFO - epoch 87, train loss: 0.1234
2023-06-22 12:59:24,159 - my_logger - INFO - epoch 88, train loss: 0.0908
2023-06-22 12:59:24,162 - my_logger - INFO - evaluating......
2023-06-22 12:59:24,162 - my_logger - INFO - epoch 88, valid loss: 3.3080, valid acc: 70.40%
2023-06-22 12:59:24,164 - my_logger - INFO - epoch 89, train loss: 0.0825
2023-06-22 12:59:24,169 - my_logger - INFO - epoch 90, train loss: 0.0817
2023-06-22 12:59:24,171 - my_logger - INFO - evaluating......
2023-06-22 12:59:24,172 - my_logger - INFO - epoch 90, valid loss: 3.1782, valid acc: 70.40%
2023-06-22 12:59:24,174 - my_logger - INFO - epoch 91, train loss: 0.0809
2023-06-22 12:59:24,179 - my_logger - INFO - epoch 92, train loss: 0.0795
2023-06-22 12:59:24,182 - my_logger - INFO - evaluating......
2023-06-22 12:59:24,182 - my_logger - INFO - epoch 92, valid loss: 3.1232, valid acc: 71.20%
2023-06-22 12:59:24,184 - my_logger - INFO - epoch 93, train loss: 0.0774
2023-06-22 12:59:24,189 - my_logger - INFO - epoch 94, train loss: 0.0751
2023-06-22 12:59:24,191 - my_logger - INFO - evaluating......
2023-06-22 12:59:24,192 - my_logger - INFO - epoch 94, valid loss: 3.1323, valid acc: 72.40%
2023-06-22 12:59:24,194 - my_logger - INFO - epoch 95, train loss: 0.0731
2023-06-22 12:59:24,198 - my_logger - INFO - epoch 96, train loss: 0.0702
2023-06-22 12:59:24,201 - my_logger - INFO - evaluating......
2023-06-22 12:59:24,201 - my_logger - INFO - epoch 96, valid loss: 3.2341, valid acc: 72.00%
2023-06-22 12:59:24,204 - my_logger - INFO - epoch 97, train loss: 0.0670
2023-06-22 12:59:24,208 - my_logger - INFO - epoch 98, train loss: 0.0630
2023-06-22 12:59:24,211 - my_logger - INFO - evaluating......
2023-06-22 12:59:24,211 - my_logger - INFO - epoch 98, valid loss: 3.4339, valid acc: 69.80%
2023-06-22 12:59:24,213 - my_logger - INFO - epoch 99, train loss: 0.0596
2023-06-22 12:59:24,215 - my_logger - INFO - total train time used: 0.6193s
2023-06-22 12:59:24,215 - my_logger - INFO - testing......
2023-06-22 12:59:24,220 - my_logger - INFO - test acc: 70.80%
