2023-06-08 14:27:57,370 - my_logger - INFO - training......
2023-06-08 14:28:02,763 - my_logger - INFO - epoch 0, first phase train loss: 3.7107
2023-06-08 14:28:07,983 - my_logger - INFO - epoch 1, first phase train loss: 2.9262
2023-06-08 14:28:13,418 - my_logger - INFO - epoch 2, first phase train loss: 2.4554
2023-06-08 14:28:18,741 - my_logger - INFO - epoch 3, first phase train loss: 1.7847
2023-06-08 14:28:24,105 - my_logger - INFO - epoch 4, first phase train loss: 1.3306
2023-06-08 14:28:29,423 - my_logger - INFO - epoch 5, first phase train loss: 1.1258
2023-06-08 14:28:34,911 - my_logger - INFO - epoch 6, first phase train loss: 1.0422
2023-06-08 14:28:40,298 - my_logger - INFO - epoch 7, first phase train loss: 0.9848
2023-06-08 14:28:45,626 - my_logger - INFO - epoch 8, first phase train loss: 0.9542
2023-06-08 14:28:50,991 - my_logger - INFO - epoch 9, first phase train loss: 0.9230
2023-06-08 14:28:56,401 - my_logger - INFO - epoch 10, first phase train loss: 0.8919
2023-06-08 14:29:01,718 - my_logger - INFO - epoch 11, first phase train loss: 0.8770
2023-06-08 14:29:07,106 - my_logger - INFO - epoch 12, first phase train loss: 0.8678
2023-06-08 14:29:12,561 - my_logger - INFO - epoch 13, first phase train loss: 0.8604
2023-06-08 14:29:17,841 - my_logger - INFO - epoch 14, first phase train loss: 0.8644
2023-06-08 14:29:23,348 - my_logger - INFO - epoch 15, first phase train loss: 0.8331
2023-06-08 14:29:28,650 - my_logger - INFO - epoch 16, first phase train loss: 0.8222
2023-06-08 14:29:33,975 - my_logger - INFO - epoch 17, first phase train loss: 0.8097
2023-06-08 14:29:39,416 - my_logger - INFO - epoch 18, first phase train loss: 0.7951
2023-06-08 14:29:44,721 - my_logger - INFO - epoch 19, first phase train loss: 0.7850
2023-06-08 14:29:44,732 - my_logger - INFO - epoch 0, second phase train loss: 0.6954
2023-06-08 14:29:44,741 - my_logger - INFO - evaluating......
2023-06-08 14:29:44,741 - my_logger - INFO - epoch 0, valid loss: 0.7554, valid auc: 59.74%
2023-06-08 14:29:44,751 - my_logger - INFO - epoch 1, second phase train loss: 0.7498
2023-06-08 14:29:44,765 - my_logger - INFO - epoch 2, second phase train loss: 0.6797
2023-06-08 14:29:44,774 - my_logger - INFO - evaluating......
2023-06-08 14:29:44,774 - my_logger - INFO - epoch 2, valid loss: 0.6971, valid auc: 65.03%
2023-06-08 14:29:44,783 - my_logger - INFO - epoch 3, second phase train loss: 0.6937
2023-06-08 14:29:44,797 - my_logger - INFO - epoch 4, second phase train loss: 0.6773
2023-06-08 14:29:44,806 - my_logger - INFO - evaluating......
2023-06-08 14:29:44,807 - my_logger - INFO - epoch 4, valid loss: 0.6719, valid auc: 67.26%
2023-06-08 14:29:44,815 - my_logger - INFO - epoch 5, second phase train loss: 0.6673
2023-06-08 14:29:44,828 - my_logger - INFO - epoch 6, second phase train loss: 0.6594
2023-06-08 14:29:44,836 - my_logger - INFO - evaluating......
2023-06-08 14:29:44,836 - my_logger - INFO - epoch 6, valid loss: 0.6567, valid auc: 69.48%
2023-06-08 14:29:44,844 - my_logger - INFO - epoch 7, second phase train loss: 0.6493
2023-06-08 14:29:44,858 - my_logger - INFO - epoch 8, second phase train loss: 0.6385
2023-06-08 14:29:44,869 - my_logger - INFO - evaluating......
2023-06-08 14:29:44,869 - my_logger - INFO - epoch 8, valid loss: 0.6370, valid auc: 70.96%
2023-06-08 14:29:44,878 - my_logger - INFO - epoch 9, second phase train loss: 0.6258
2023-06-08 14:29:44,891 - my_logger - INFO - epoch 10, second phase train loss: 0.6128
2023-06-08 14:29:44,900 - my_logger - INFO - evaluating......
2023-06-08 14:29:44,901 - my_logger - INFO - epoch 10, valid loss: 0.6141, valid auc: 72.86%
2023-06-08 14:29:44,910 - my_logger - INFO - epoch 11, second phase train loss: 0.6000
2023-06-08 14:29:44,924 - my_logger - INFO - epoch 12, second phase train loss: 0.5868
2023-06-08 14:29:44,933 - my_logger - INFO - evaluating......
2023-06-08 14:29:44,933 - my_logger - INFO - epoch 12, valid loss: 0.5908, valid auc: 75.27%
2023-06-08 14:29:44,942 - my_logger - INFO - epoch 13, second phase train loss: 0.5738
2023-06-08 14:29:44,976 - my_logger - INFO - epoch 14, second phase train loss: 0.5595
2023-06-08 14:29:44,988 - my_logger - INFO - evaluating......
2023-06-08 14:29:44,988 - my_logger - INFO - epoch 14, valid loss: 0.5624, valid auc: 78.56%
2023-06-08 14:29:44,999 - my_logger - INFO - epoch 15, second phase train loss: 0.5455
2023-06-08 14:29:45,019 - my_logger - INFO - epoch 16, second phase train loss: 0.5308
2023-06-08 14:29:45,030 - my_logger - INFO - evaluating......
2023-06-08 14:29:45,030 - my_logger - INFO - epoch 16, valid loss: 0.5347, valid auc: 81.41%
2023-06-08 14:29:45,040 - my_logger - INFO - epoch 17, second phase train loss: 0.5163
2023-06-08 14:29:45,060 - my_logger - INFO - epoch 18, second phase train loss: 0.5013
2023-06-08 14:29:45,074 - my_logger - INFO - evaluating......
2023-06-08 14:29:45,074 - my_logger - INFO - epoch 18, valid loss: 0.5052, valid auc: 84.26%
2023-06-08 14:29:45,087 - my_logger - INFO - epoch 19, second phase train loss: 0.4865
2023-06-08 14:29:45,104 - my_logger - INFO - epoch 20, second phase train loss: 0.4716
2023-06-08 14:29:45,117 - my_logger - INFO - evaluating......
2023-06-08 14:29:45,117 - my_logger - INFO - epoch 20, valid loss: 0.4766, valid auc: 86.39%
2023-06-08 14:29:45,127 - my_logger - INFO - epoch 21, second phase train loss: 0.4571
2023-06-08 14:29:45,143 - my_logger - INFO - epoch 22, second phase train loss: 0.4424
2023-06-08 14:29:45,155 - my_logger - INFO - evaluating......
2023-06-08 14:29:45,156 - my_logger - INFO - epoch 22, valid loss: 0.4485, valid auc: 88.13%
2023-06-08 14:29:45,166 - my_logger - INFO - epoch 23, second phase train loss: 0.4275
2023-06-08 14:29:45,182 - my_logger - INFO - epoch 24, second phase train loss: 0.4125
2023-06-08 14:29:45,194 - my_logger - INFO - evaluating......
2023-06-08 14:29:45,194 - my_logger - INFO - epoch 24, valid loss: 0.4189, valid auc: 89.81%
2023-06-08 14:29:45,204 - my_logger - INFO - epoch 25, second phase train loss: 0.3974
2023-06-08 14:29:45,220 - my_logger - INFO - epoch 26, second phase train loss: 0.3827
2023-06-08 14:29:45,230 - my_logger - INFO - evaluating......
2023-06-08 14:29:45,230 - my_logger - INFO - epoch 26, valid loss: 0.3888, valid auc: 91.39%
2023-06-08 14:29:45,239 - my_logger - INFO - epoch 27, second phase train loss: 0.3682
2023-06-08 14:29:45,255 - my_logger - INFO - epoch 28, second phase train loss: 0.3537
2023-06-08 14:29:45,265 - my_logger - INFO - evaluating......
2023-06-08 14:29:45,265 - my_logger - INFO - epoch 28, valid loss: 0.3599, valid auc: 92.83%
2023-06-08 14:29:45,274 - my_logger - INFO - epoch 29, second phase train loss: 0.3397
2023-06-08 14:29:45,290 - my_logger - INFO - epoch 30, second phase train loss: 0.3260
2023-06-08 14:29:45,302 - my_logger - INFO - evaluating......
2023-06-08 14:29:45,302 - my_logger - INFO - epoch 30, valid loss: 0.3333, valid auc: 93.97%
2023-06-08 14:29:45,313 - my_logger - INFO - epoch 31, second phase train loss: 0.3128
2023-06-08 14:29:45,332 - my_logger - INFO - epoch 32, second phase train loss: 0.3003
2023-06-08 14:29:45,343 - my_logger - INFO - evaluating......
2023-06-08 14:29:45,343 - my_logger - INFO - epoch 32, valid loss: 0.3108, valid auc: 94.77%
2023-06-08 14:29:45,354 - my_logger - INFO - epoch 33, second phase train loss: 0.2884
2023-06-08 14:29:45,372 - my_logger - INFO - epoch 34, second phase train loss: 0.2771
2023-06-08 14:29:45,382 - my_logger - INFO - evaluating......
2023-06-08 14:29:45,383 - my_logger - INFO - epoch 34, valid loss: 0.2916, valid auc: 95.38%
2023-06-08 14:29:45,392 - my_logger - INFO - epoch 35, second phase train loss: 0.2667
2023-06-08 14:29:45,407 - my_logger - INFO - epoch 36, second phase train loss: 0.2569
2023-06-08 14:29:45,418 - my_logger - INFO - evaluating......
2023-06-08 14:29:45,418 - my_logger - INFO - epoch 36, valid loss: 0.2755, valid auc: 95.89%
2023-06-08 14:29:45,427 - my_logger - INFO - epoch 37, second phase train loss: 0.2481
2023-06-08 14:29:45,445 - my_logger - INFO - epoch 38, second phase train loss: 0.2405
2023-06-08 14:29:45,458 - my_logger - INFO - evaluating......
2023-06-08 14:29:45,458 - my_logger - INFO - epoch 38, valid loss: 0.2647, valid auc: 96.31%
2023-06-08 14:29:45,472 - my_logger - INFO - epoch 39, second phase train loss: 0.2344
2023-06-08 14:29:45,490 - my_logger - INFO - epoch 40, second phase train loss: 0.2249
2023-06-08 14:29:45,501 - my_logger - INFO - evaluating......
2023-06-08 14:29:45,501 - my_logger - INFO - epoch 40, valid loss: 0.2440, valid auc: 96.73%
2023-06-08 14:29:45,512 - my_logger - INFO - epoch 41, second phase train loss: 0.2154
2023-06-08 14:29:45,529 - my_logger - INFO - epoch 42, second phase train loss: 0.2099
2023-06-08 14:29:45,539 - my_logger - INFO - evaluating......
2023-06-08 14:29:45,539 - my_logger - INFO - epoch 42, valid loss: 0.2317, valid auc: 97.01%
2023-06-08 14:29:45,548 - my_logger - INFO - epoch 43, second phase train loss: 0.2039
2023-06-08 14:29:45,565 - my_logger - INFO - epoch 44, second phase train loss: 0.1959
2023-06-08 14:29:45,575 - my_logger - INFO - evaluating......
2023-06-08 14:29:45,575 - my_logger - INFO - epoch 44, valid loss: 0.2220, valid auc: 97.22%
2023-06-08 14:29:45,585 - my_logger - INFO - epoch 45, second phase train loss: 0.1902
2023-06-08 14:29:45,601 - my_logger - INFO - epoch 46, second phase train loss: 0.1852
2023-06-08 14:29:45,611 - my_logger - INFO - evaluating......
2023-06-08 14:29:45,611 - my_logger - INFO - epoch 46, valid loss: 0.2117, valid auc: 97.44%
2023-06-08 14:29:45,621 - my_logger - INFO - epoch 47, second phase train loss: 0.1787
2023-06-08 14:29:45,636 - my_logger - INFO - epoch 48, second phase train loss: 0.1732
2023-06-08 14:29:45,647 - my_logger - INFO - evaluating......
2023-06-08 14:29:45,647 - my_logger - INFO - epoch 48, valid loss: 0.2009, valid auc: 97.65%
2023-06-08 14:29:45,657 - my_logger - INFO - epoch 49, second phase train loss: 0.1691
2023-06-08 14:29:45,672 - my_logger - INFO - epoch 50, second phase train loss: 0.1637
2023-06-08 14:29:45,683 - my_logger - INFO - evaluating......
2023-06-08 14:29:45,683 - my_logger - INFO - epoch 50, valid loss: 0.1922, valid auc: 97.85%
2023-06-08 14:29:45,693 - my_logger - INFO - epoch 51, second phase train loss: 0.1585
2023-06-08 14:29:45,708 - my_logger - INFO - epoch 52, second phase train loss: 0.1547
2023-06-08 14:29:45,721 - my_logger - INFO - evaluating......
2023-06-08 14:29:45,722 - my_logger - INFO - epoch 52, valid loss: 0.1851, valid auc: 98.03%
2023-06-08 14:29:45,734 - my_logger - INFO - epoch 53, second phase train loss: 0.1503
2023-06-08 14:29:45,748 - my_logger - INFO - epoch 54, second phase train loss: 0.1454
2023-06-08 14:29:45,757 - my_logger - INFO - evaluating......
2023-06-08 14:29:45,758 - my_logger - INFO - epoch 54, valid loss: 0.1756, valid auc: 98.18%
2023-06-08 14:29:45,766 - my_logger - INFO - epoch 55, second phase train loss: 0.1418
2023-06-08 14:29:45,780 - my_logger - INFO - epoch 56, second phase train loss: 0.1382
2023-06-08 14:29:45,790 - my_logger - INFO - evaluating......
2023-06-08 14:29:45,790 - my_logger - INFO - epoch 56, valid loss: 0.1688, valid auc: 98.31%
2023-06-08 14:29:45,801 - my_logger - INFO - epoch 57, second phase train loss: 0.1338
2023-06-08 14:29:45,817 - my_logger - INFO - epoch 58, second phase train loss: 0.1303
2023-06-08 14:29:45,826 - my_logger - INFO - evaluating......
2023-06-08 14:29:45,826 - my_logger - INFO - epoch 58, valid loss: 0.1642, valid auc: 98.42%
2023-06-08 14:29:45,836 - my_logger - INFO - epoch 59, second phase train loss: 0.1273
2023-06-08 14:29:45,852 - my_logger - INFO - epoch 60, second phase train loss: 0.1236
2023-06-08 14:29:45,862 - my_logger - INFO - evaluating......
2023-06-08 14:29:45,862 - my_logger - INFO - epoch 60, valid loss: 0.1567, valid auc: 98.53%
2023-06-08 14:29:45,872 - my_logger - INFO - epoch 61, second phase train loss: 0.1201
2023-06-08 14:29:45,886 - my_logger - INFO - epoch 62, second phase train loss: 0.1173
2023-06-08 14:29:45,896 - my_logger - INFO - evaluating......
2023-06-08 14:29:45,897 - my_logger - INFO - epoch 62, valid loss: 0.1506, valid auc: 98.64%
2023-06-08 14:29:45,906 - my_logger - INFO - epoch 63, second phase train loss: 0.1144
2023-06-08 14:29:45,921 - my_logger - INFO - epoch 64, second phase train loss: 0.1112
2023-06-08 14:29:45,932 - my_logger - INFO - evaluating......
2023-06-08 14:29:45,932 - my_logger - INFO - epoch 64, valid loss: 0.1454, valid auc: 98.73%
2023-06-08 14:29:45,941 - my_logger - INFO - epoch 65, second phase train loss: 0.1084
2023-06-08 14:29:45,955 - my_logger - INFO - epoch 66, second phase train loss: 0.1059
2023-06-08 14:29:45,966 - my_logger - INFO - evaluating......
2023-06-08 14:29:45,966 - my_logger - INFO - epoch 66, valid loss: 0.1407, valid auc: 98.81%
2023-06-08 14:29:45,975 - my_logger - INFO - epoch 67, second phase train loss: 0.1033
2023-06-08 14:29:45,989 - my_logger - INFO - epoch 68, second phase train loss: 0.1006
2023-06-08 14:29:45,999 - my_logger - INFO - evaluating......
2023-06-08 14:29:45,999 - my_logger - INFO - epoch 68, valid loss: 0.1351, valid auc: 98.88%
2023-06-08 14:29:46,008 - my_logger - INFO - epoch 69, second phase train loss: 0.0982
2023-06-08 14:29:46,022 - my_logger - INFO - epoch 70, second phase train loss: 0.0960
2023-06-08 14:29:46,032 - my_logger - INFO - evaluating......
2023-06-08 14:29:46,032 - my_logger - INFO - epoch 70, valid loss: 0.1307, valid auc: 98.94%
2023-06-08 14:29:46,041 - my_logger - INFO - epoch 71, second phase train loss: 0.0937
2023-06-08 14:29:46,056 - my_logger - INFO - epoch 72, second phase train loss: 0.0914
2023-06-08 14:29:46,066 - my_logger - INFO - evaluating......
2023-06-08 14:29:46,066 - my_logger - INFO - epoch 72, valid loss: 0.1272, valid auc: 98.99%
2023-06-08 14:29:46,076 - my_logger - INFO - epoch 73, second phase train loss: 0.0893
2023-06-08 14:29:46,091 - my_logger - INFO - epoch 74, second phase train loss: 0.0874
2023-06-08 14:29:46,104 - my_logger - INFO - evaluating......
2023-06-08 14:29:46,104 - my_logger - INFO - epoch 74, valid loss: 0.1237, valid auc: 99.03%
2023-06-08 14:29:46,116 - my_logger - INFO - epoch 75, second phase train loss: 0.0854
2023-06-08 14:29:46,132 - my_logger - INFO - epoch 76, second phase train loss: 0.0834
2023-06-08 14:29:46,146 - my_logger - INFO - evaluating......
2023-06-08 14:29:46,147 - my_logger - INFO - epoch 76, valid loss: 0.1197, valid auc: 99.08%
2023-06-08 14:29:46,157 - my_logger - INFO - epoch 77, second phase train loss: 0.0815
2023-06-08 14:29:46,174 - my_logger - INFO - epoch 78, second phase train loss: 0.0798
2023-06-08 14:29:46,184 - my_logger - INFO - evaluating......
2023-06-08 14:29:46,184 - my_logger - INFO - epoch 78, valid loss: 0.1164, valid auc: 99.11%
2023-06-08 14:29:46,193 - my_logger - INFO - epoch 79, second phase train loss: 0.0781
2023-06-08 14:29:46,233 - my_logger - INFO - epoch 80, second phase train loss: 0.0763
2023-06-08 14:29:46,243 - my_logger - INFO - evaluating......
2023-06-08 14:29:46,243 - my_logger - INFO - epoch 80, valid loss: 0.1139, valid auc: 99.14%
2023-06-08 14:29:46,252 - my_logger - INFO - epoch 81, second phase train loss: 0.0747
2023-06-08 14:29:46,280 - my_logger - INFO - epoch 82, second phase train loss: 0.0732
2023-06-08 14:29:46,290 - my_logger - INFO - evaluating......
2023-06-08 14:29:46,290 - my_logger - INFO - epoch 82, valid loss: 0.1114, valid auc: 99.17%
2023-06-08 14:29:46,299 - my_logger - INFO - epoch 83, second phase train loss: 0.0716
2023-06-08 14:29:46,313 - my_logger - INFO - epoch 84, second phase train loss: 0.0701
2023-06-08 14:29:46,322 - my_logger - INFO - evaluating......
2023-06-08 14:29:46,322 - my_logger - INFO - epoch 84, valid loss: 0.1084, valid auc: 99.20%
2023-06-08 14:29:46,331 - my_logger - INFO - epoch 85, second phase train loss: 0.0686
2023-06-08 14:29:46,345 - my_logger - INFO - epoch 86, second phase train loss: 0.0672
2023-06-08 14:29:46,355 - my_logger - INFO - evaluating......
2023-06-08 14:29:46,355 - my_logger - INFO - epoch 86, valid loss: 0.1059, valid auc: 99.23%
2023-06-08 14:29:46,364 - my_logger - INFO - epoch 87, second phase train loss: 0.0659
2023-06-08 14:29:46,379 - my_logger - INFO - epoch 88, second phase train loss: 0.0645
2023-06-08 14:29:46,388 - my_logger - INFO - evaluating......
2023-06-08 14:29:46,389 - my_logger - INFO - epoch 88, valid loss: 0.1039, valid auc: 99.25%
2023-06-08 14:29:46,398 - my_logger - INFO - epoch 89, second phase train loss: 0.0632
2023-06-08 14:29:46,411 - my_logger - INFO - epoch 90, second phase train loss: 0.0619
2023-06-08 14:29:46,424 - my_logger - INFO - evaluating......
2023-06-08 14:29:46,424 - my_logger - INFO - epoch 90, valid loss: 0.1020, valid auc: 99.28%
2023-06-08 14:29:46,433 - my_logger - INFO - epoch 91, second phase train loss: 0.0607
2023-06-08 14:29:46,446 - my_logger - INFO - epoch 92, second phase train loss: 0.0595
2023-06-08 14:29:46,455 - my_logger - INFO - evaluating......
2023-06-08 14:29:46,456 - my_logger - INFO - epoch 92, valid loss: 0.0997, valid auc: 99.30%
2023-06-08 14:29:46,464 - my_logger - INFO - epoch 93, second phase train loss: 0.0583
2023-06-08 14:29:46,478 - my_logger - INFO - epoch 94, second phase train loss: 0.0572
2023-06-08 14:29:46,487 - my_logger - INFO - evaluating......
2023-06-08 14:29:46,488 - my_logger - INFO - epoch 94, valid loss: 0.0978, valid auc: 99.32%
2023-06-08 14:29:46,496 - my_logger - INFO - epoch 95, second phase train loss: 0.0561
2023-06-08 14:29:46,509 - my_logger - INFO - epoch 96, second phase train loss: 0.0550
2023-06-08 14:29:46,519 - my_logger - INFO - evaluating......
2023-06-08 14:29:46,519 - my_logger - INFO - epoch 96, valid loss: 0.0963, valid auc: 99.33%
2023-06-08 14:29:46,528 - my_logger - INFO - epoch 97, second phase train loss: 0.0540
2023-06-08 14:29:46,543 - my_logger - INFO - epoch 98, second phase train loss: 0.0530
2023-06-08 14:29:46,552 - my_logger - INFO - evaluating......
2023-06-08 14:29:46,552 - my_logger - INFO - epoch 98, valid loss: 0.0949, valid auc: 99.34%
2023-06-08 14:29:46,561 - my_logger - INFO - epoch 99, second phase train loss: 0.0520
2023-06-08 14:29:46,575 - my_logger - INFO - epoch 100, second phase train loss: 0.0511
2023-06-08 14:29:46,584 - my_logger - INFO - evaluating......
2023-06-08 14:29:46,585 - my_logger - INFO - epoch 100, valid loss: 0.0933, valid auc: 99.36%
2023-06-08 14:29:46,594 - my_logger - INFO - epoch 101, second phase train loss: 0.0501
2023-06-08 14:29:46,607 - my_logger - INFO - epoch 102, second phase train loss: 0.0492
2023-06-08 14:29:46,617 - my_logger - INFO - evaluating......
2023-06-08 14:29:46,617 - my_logger - INFO - epoch 102, valid loss: 0.0916, valid auc: 99.37%
2023-06-08 14:29:46,625 - my_logger - INFO - epoch 103, second phase train loss: 0.0483
2023-06-08 14:29:46,639 - my_logger - INFO - epoch 104, second phase train loss: 0.0474
2023-06-08 14:29:46,648 - my_logger - INFO - evaluating......
2023-06-08 14:29:46,648 - my_logger - INFO - epoch 104, valid loss: 0.0902, valid auc: 99.38%
2023-06-08 14:29:46,657 - my_logger - INFO - epoch 105, second phase train loss: 0.0466
2023-06-08 14:29:46,671 - my_logger - INFO - epoch 106, second phase train loss: 0.0457
2023-06-08 14:29:46,678 - my_logger - INFO - evaluating......
2023-06-08 14:29:46,679 - my_logger - INFO - epoch 106, valid loss: 0.0891, valid auc: 99.39%
2023-06-08 14:29:46,687 - my_logger - INFO - epoch 107, second phase train loss: 0.0449
2023-06-08 14:29:46,701 - my_logger - INFO - epoch 108, second phase train loss: 0.0441
2023-06-08 14:29:46,710 - my_logger - INFO - evaluating......
2023-06-08 14:29:46,710 - my_logger - INFO - epoch 108, valid loss: 0.0880, valid auc: 99.40%
2023-06-08 14:29:46,719 - my_logger - INFO - epoch 109, second phase train loss: 0.0434
2023-06-08 14:29:46,733 - my_logger - INFO - epoch 110, second phase train loss: 0.0426
2023-06-08 14:29:46,741 - my_logger - INFO - evaluating......
2023-06-08 14:29:46,741 - my_logger - INFO - epoch 110, valid loss: 0.0868, valid auc: 99.41%
2023-06-08 14:29:46,750 - my_logger - INFO - epoch 111, second phase train loss: 0.0419
2023-06-08 14:29:46,764 - my_logger - INFO - epoch 112, second phase train loss: 0.0412
2023-06-08 14:29:46,773 - my_logger - INFO - evaluating......
2023-06-08 14:29:46,773 - my_logger - INFO - epoch 112, valid loss: 0.0857, valid auc: 99.42%
2023-06-08 14:29:46,780 - my_logger - INFO - epoch 113, second phase train loss: 0.0405
2023-06-08 14:29:46,792 - my_logger - INFO - epoch 114, second phase train loss: 0.0398
2023-06-08 14:29:46,801 - my_logger - INFO - evaluating......
2023-06-08 14:29:46,801 - my_logger - INFO - epoch 114, valid loss: 0.0848, valid auc: 99.42%
2023-06-08 14:29:46,810 - my_logger - INFO - epoch 115, second phase train loss: 0.0392
2023-06-08 14:29:46,824 - my_logger - INFO - epoch 116, second phase train loss: 0.0385
2023-06-08 14:29:46,833 - my_logger - INFO - evaluating......
2023-06-08 14:29:46,833 - my_logger - INFO - epoch 116, valid loss: 0.0841, valid auc: 99.43%
2023-06-08 14:29:46,841 - my_logger - INFO - epoch 117, second phase train loss: 0.0379
2023-06-08 14:29:46,855 - my_logger - INFO - epoch 118, second phase train loss: 0.0373
2023-06-08 14:29:46,864 - my_logger - INFO - evaluating......
2023-06-08 14:29:46,864 - my_logger - INFO - epoch 118, valid loss: 0.0834, valid auc: 99.44%
2023-06-08 14:29:46,872 - my_logger - INFO - epoch 119, second phase train loss: 0.0367
2023-06-08 14:29:46,885 - my_logger - INFO - epoch 120, second phase train loss: 0.0361
2023-06-08 14:29:46,895 - my_logger - INFO - evaluating......
2023-06-08 14:29:46,895 - my_logger - INFO - epoch 120, valid loss: 0.0826, valid auc: 99.44%
2023-06-08 14:29:46,904 - my_logger - INFO - epoch 121, second phase train loss: 0.0355
2023-06-08 14:29:46,917 - my_logger - INFO - epoch 122, second phase train loss: 0.0350
2023-06-08 14:29:46,925 - my_logger - INFO - evaluating......
2023-06-08 14:29:46,926 - my_logger - INFO - epoch 122, valid loss: 0.0818, valid auc: 99.45%
2023-06-08 14:29:46,934 - my_logger - INFO - epoch 123, second phase train loss: 0.0344
2023-06-08 14:29:46,948 - my_logger - INFO - epoch 124, second phase train loss: 0.0339
2023-06-08 14:29:46,956 - my_logger - INFO - evaluating......
2023-06-08 14:29:46,957 - my_logger - INFO - epoch 124, valid loss: 0.0810, valid auc: 99.45%
2023-06-08 14:29:46,965 - my_logger - INFO - epoch 125, second phase train loss: 0.0334
2023-06-08 14:29:46,978 - my_logger - INFO - epoch 126, second phase train loss: 0.0329
2023-06-08 14:29:46,988 - my_logger - INFO - evaluating......
2023-06-08 14:29:46,988 - my_logger - INFO - epoch 126, valid loss: 0.0805, valid auc: 99.46%
2023-06-08 14:29:46,997 - my_logger - INFO - epoch 127, second phase train loss: 0.0324
2023-06-08 14:29:47,010 - my_logger - INFO - epoch 128, second phase train loss: 0.0319
2023-06-08 14:29:47,019 - my_logger - INFO - evaluating......
2023-06-08 14:29:47,019 - my_logger - INFO - epoch 128, valid loss: 0.0798, valid auc: 99.46%
2023-06-08 14:29:47,028 - my_logger - INFO - epoch 129, second phase train loss: 0.0314
2023-06-08 14:29:47,042 - my_logger - INFO - epoch 130, second phase train loss: 0.0310
2023-06-08 14:29:47,050 - my_logger - INFO - evaluating......
2023-06-08 14:29:47,051 - my_logger - INFO - epoch 130, valid loss: 0.0792, valid auc: 99.47%
2023-06-08 14:29:47,059 - my_logger - INFO - epoch 131, second phase train loss: 0.0305
2023-06-08 14:29:47,072 - my_logger - INFO - epoch 132, second phase train loss: 0.0301
2023-06-08 14:29:47,080 - my_logger - INFO - evaluating......
2023-06-08 14:29:47,080 - my_logger - INFO - epoch 132, valid loss: 0.0786, valid auc: 99.47%
2023-06-08 14:29:47,089 - my_logger - INFO - epoch 133, second phase train loss: 0.0296
2023-06-08 14:29:47,103 - my_logger - INFO - epoch 134, second phase train loss: 0.0292
2023-06-08 14:29:47,112 - my_logger - INFO - evaluating......
2023-06-08 14:29:47,112 - my_logger - INFO - epoch 134, valid loss: 0.0779, valid auc: 99.48%
2023-06-08 14:29:47,121 - my_logger - INFO - epoch 135, second phase train loss: 0.0288
2023-06-08 14:29:47,133 - my_logger - INFO - epoch 136, second phase train loss: 0.0284
2023-06-08 14:29:47,141 - my_logger - INFO - evaluating......
2023-06-08 14:29:47,142 - my_logger - INFO - epoch 136, valid loss: 0.0773, valid auc: 99.48%
2023-06-08 14:29:47,150 - my_logger - INFO - epoch 137, second phase train loss: 0.0280
2023-06-08 14:29:47,162 - my_logger - INFO - epoch 138, second phase train loss: 0.0276
2023-06-08 14:29:47,171 - my_logger - INFO - evaluating......
2023-06-08 14:29:47,171 - my_logger - INFO - epoch 138, valid loss: 0.0767, valid auc: 99.49%
2023-06-08 14:29:47,180 - my_logger - INFO - epoch 139, second phase train loss: 0.0272
2023-06-08 14:29:47,194 - my_logger - INFO - epoch 140, second phase train loss: 0.0268
2023-06-08 14:29:47,203 - my_logger - INFO - evaluating......
2023-06-08 14:29:47,204 - my_logger - INFO - epoch 140, valid loss: 0.0761, valid auc: 99.49%
2023-06-08 14:29:47,213 - my_logger - INFO - epoch 141, second phase train loss: 0.0264
2023-06-08 14:29:47,227 - my_logger - INFO - epoch 142, second phase train loss: 0.0261
2023-06-08 14:29:47,236 - my_logger - INFO - evaluating......
2023-06-08 14:29:47,236 - my_logger - INFO - epoch 142, valid loss: 0.0757, valid auc: 99.50%
2023-06-08 14:29:47,245 - my_logger - INFO - epoch 143, second phase train loss: 0.0257
2023-06-08 14:29:47,259 - my_logger - INFO - epoch 144, second phase train loss: 0.0254
2023-06-08 14:29:47,269 - my_logger - INFO - evaluating......
2023-06-08 14:29:47,269 - my_logger - INFO - epoch 144, valid loss: 0.0752, valid auc: 99.50%
2023-06-08 14:29:47,278 - my_logger - INFO - epoch 145, second phase train loss: 0.0250
2023-06-08 14:29:47,292 - my_logger - INFO - epoch 146, second phase train loss: 0.0247
2023-06-08 14:29:47,301 - my_logger - INFO - evaluating......
2023-06-08 14:29:47,301 - my_logger - INFO - epoch 146, valid loss: 0.0748, valid auc: 99.51%
2023-06-08 14:29:47,309 - my_logger - INFO - epoch 147, second phase train loss: 0.0244
2023-06-08 14:29:47,323 - my_logger - INFO - epoch 148, second phase train loss: 0.0240
2023-06-08 14:29:47,333 - my_logger - INFO - evaluating......
2023-06-08 14:29:47,334 - my_logger - INFO - epoch 148, valid loss: 0.0743, valid auc: 99.51%
2023-06-08 14:29:47,343 - my_logger - INFO - epoch 149, second phase train loss: 0.0237
2023-06-08 14:29:47,357 - my_logger - INFO - epoch 150, second phase train loss: 0.0234
2023-06-08 14:29:47,366 - my_logger - INFO - evaluating......
2023-06-08 14:29:47,366 - my_logger - INFO - epoch 150, valid loss: 0.0739, valid auc: 99.51%
2023-06-08 14:29:47,375 - my_logger - INFO - epoch 151, second phase train loss: 0.0231
2023-06-08 14:29:47,389 - my_logger - INFO - epoch 152, second phase train loss: 0.0228
2023-06-08 14:29:47,399 - my_logger - INFO - evaluating......
2023-06-08 14:29:47,399 - my_logger - INFO - epoch 152, valid loss: 0.0737, valid auc: 99.52%
2023-06-08 14:29:47,408 - my_logger - INFO - epoch 153, second phase train loss: 0.0225
2023-06-08 14:29:47,422 - my_logger - INFO - epoch 154, second phase train loss: 0.0222
2023-06-08 14:29:47,431 - my_logger - INFO - evaluating......
2023-06-08 14:29:47,431 - my_logger - INFO - epoch 154, valid loss: 0.0736, valid auc: 99.52%
2023-06-08 14:29:47,440 - my_logger - INFO - epoch 155, second phase train loss: 0.0220
2023-06-08 14:29:47,454 - my_logger - INFO - epoch 156, second phase train loss: 0.0217
2023-06-08 14:29:47,463 - my_logger - INFO - evaluating......
2023-06-08 14:29:47,463 - my_logger - INFO - epoch 156, valid loss: 0.0732, valid auc: 99.52%
2023-06-08 14:29:47,472 - my_logger - INFO - epoch 157, second phase train loss: 0.0214
2023-06-08 14:29:47,485 - my_logger - INFO - epoch 158, second phase train loss: 0.0212
2023-06-08 14:29:47,494 - my_logger - INFO - evaluating......
2023-06-08 14:29:47,494 - my_logger - INFO - epoch 158, valid loss: 0.0729, valid auc: 99.53%
2023-06-08 14:29:47,503 - my_logger - INFO - epoch 159, second phase train loss: 0.0209
2023-06-08 14:29:47,516 - my_logger - INFO - epoch 160, second phase train loss: 0.0206
2023-06-08 14:29:47,525 - my_logger - INFO - evaluating......
2023-06-08 14:29:47,525 - my_logger - INFO - epoch 160, valid loss: 0.0725, valid auc: 99.53%
2023-06-08 14:29:47,534 - my_logger - INFO - epoch 161, second phase train loss: 0.0204
2023-06-08 14:29:47,548 - my_logger - INFO - epoch 162, second phase train loss: 0.0202
2023-06-08 14:29:47,556 - my_logger - INFO - evaluating......
2023-06-08 14:29:47,556 - my_logger - INFO - epoch 162, valid loss: 0.0722, valid auc: 99.53%
2023-06-08 14:29:47,564 - my_logger - INFO - epoch 163, second phase train loss: 0.0199
2023-06-08 14:29:47,577 - my_logger - INFO - epoch 164, second phase train loss: 0.0197
2023-06-08 14:29:47,586 - my_logger - INFO - evaluating......
2023-06-08 14:29:47,587 - my_logger - INFO - epoch 164, valid loss: 0.0718, valid auc: 99.53%
2023-06-08 14:29:47,595 - my_logger - INFO - epoch 165, second phase train loss: 0.0194
2023-06-08 14:29:47,610 - my_logger - INFO - epoch 166, second phase train loss: 0.0192
2023-06-08 14:29:47,620 - my_logger - INFO - evaluating......
2023-06-08 14:29:47,620 - my_logger - INFO - epoch 166, valid loss: 0.0715, valid auc: 99.54%
2023-06-08 14:29:47,629 - my_logger - INFO - epoch 167, second phase train loss: 0.0190
2023-06-08 14:29:47,643 - my_logger - INFO - epoch 168, second phase train loss: 0.0188
2023-06-08 14:29:47,653 - my_logger - INFO - evaluating......
2023-06-08 14:29:47,653 - my_logger - INFO - epoch 168, valid loss: 0.0715, valid auc: 99.54%
2023-06-08 14:29:47,662 - my_logger - INFO - epoch 169, second phase train loss: 0.0185
2023-06-08 14:29:47,676 - my_logger - INFO - epoch 170, second phase train loss: 0.0183
2023-06-08 14:29:47,685 - my_logger - INFO - evaluating......
2023-06-08 14:29:47,685 - my_logger - INFO - epoch 170, valid loss: 0.0717, valid auc: 99.54%
2023-06-08 14:29:47,694 - my_logger - INFO - epoch 171, second phase train loss: 0.0181
2023-06-08 14:29:47,708 - my_logger - INFO - epoch 172, second phase train loss: 0.0179
2023-06-08 14:29:47,717 - my_logger - INFO - evaluating......
2023-06-08 14:29:47,717 - my_logger - INFO - epoch 172, valid loss: 0.0716, valid auc: 99.54%
2023-06-08 14:29:47,726 - my_logger - INFO - epoch 173, second phase train loss: 0.0177
2023-06-08 14:29:47,739 - my_logger - INFO - epoch 174, second phase train loss: 0.0175
2023-06-08 14:29:47,749 - my_logger - INFO - evaluating......
2023-06-08 14:29:47,749 - my_logger - INFO - epoch 174, valid loss: 0.0711, valid auc: 99.55%
2023-06-08 14:29:47,757 - my_logger - INFO - epoch 175, second phase train loss: 0.0173
2023-06-08 14:29:47,770 - my_logger - INFO - epoch 176, second phase train loss: 0.0171
2023-06-08 14:29:47,780 - my_logger - INFO - evaluating......
2023-06-08 14:29:47,780 - my_logger - INFO - epoch 176, valid loss: 0.0708, valid auc: 99.55%
2023-06-08 14:29:47,788 - my_logger - INFO - epoch 177, second phase train loss: 0.0169
2023-06-08 14:29:47,801 - my_logger - INFO - epoch 178, second phase train loss: 0.0168
2023-06-08 14:29:47,809 - my_logger - INFO - evaluating......
2023-06-08 14:29:47,810 - my_logger - INFO - epoch 178, valid loss: 0.0708, valid auc: 99.55%
2023-06-08 14:29:47,818 - my_logger - INFO - epoch 179, second phase train loss: 0.0166
2023-06-08 14:29:47,831 - my_logger - INFO - epoch 180, second phase train loss: 0.0164
2023-06-08 14:29:47,839 - my_logger - INFO - evaluating......
2023-06-08 14:29:47,840 - my_logger - INFO - epoch 180, valid loss: 0.0706, valid auc: 99.55%
2023-06-08 14:29:47,847 - my_logger - INFO - epoch 181, second phase train loss: 0.0162
2023-06-08 14:29:47,861 - my_logger - INFO - epoch 182, second phase train loss: 0.0160
2023-06-08 14:29:47,869 - my_logger - INFO - evaluating......
2023-06-08 14:29:47,869 - my_logger - INFO - epoch 182, valid loss: 0.0706, valid auc: 99.55%
2023-06-08 14:29:47,877 - my_logger - INFO - epoch 183, second phase train loss: 0.0159
2023-06-08 14:29:47,889 - my_logger - INFO - epoch 184, second phase train loss: 0.0157
2023-06-08 14:29:47,897 - my_logger - INFO - evaluating......
2023-06-08 14:29:47,897 - my_logger - INFO - epoch 184, valid loss: 0.0703, valid auc: 99.56%
2023-06-08 14:29:47,905 - my_logger - INFO - epoch 185, second phase train loss: 0.0155
2023-06-08 14:29:47,915 - my_logger - INFO - epoch 186, second phase train loss: 0.0154
2023-06-08 14:29:47,922 - my_logger - INFO - evaluating......
2023-06-08 14:29:47,922 - my_logger - INFO - epoch 186, valid loss: 0.0704, valid auc: 99.56%
2023-06-08 14:29:47,928 - my_logger - INFO - epoch 187, second phase train loss: 0.0152
2023-06-08 14:29:47,941 - my_logger - INFO - epoch 188, second phase train loss: 0.0151
2023-06-08 14:29:47,950 - my_logger - INFO - evaluating......
2023-06-08 14:29:47,950 - my_logger - INFO - epoch 188, valid loss: 0.0703, valid auc: 99.56%
2023-06-08 14:29:47,959 - my_logger - INFO - epoch 189, second phase train loss: 0.0149
2023-06-08 14:29:47,972 - my_logger - INFO - epoch 190, second phase train loss: 0.0148
2023-06-08 14:29:47,979 - my_logger - INFO - evaluating......
2023-06-08 14:29:47,979 - my_logger - INFO - epoch 190, valid loss: 0.0703, valid auc: 99.56%
2023-06-08 14:29:47,986 - my_logger - INFO - epoch 191, second phase train loss: 0.0146
2023-06-08 14:29:47,999 - my_logger - INFO - epoch 192, second phase train loss: 0.0145
2023-06-08 14:29:48,007 - my_logger - INFO - evaluating......
2023-06-08 14:29:48,007 - my_logger - INFO - epoch 192, valid loss: 0.0701, valid auc: 99.56%
2023-06-08 14:29:48,015 - my_logger - INFO - epoch 193, second phase train loss: 0.0143
2023-06-08 14:29:48,027 - my_logger - INFO - epoch 194, second phase train loss: 0.0142
2023-06-08 14:29:48,036 - my_logger - INFO - evaluating......
2023-06-08 14:29:48,036 - my_logger - INFO - epoch 194, valid loss: 0.0699, valid auc: 99.56%
2023-06-08 14:29:48,042 - my_logger - INFO - epoch 195, second phase train loss: 0.0140
2023-06-08 14:29:48,053 - my_logger - INFO - epoch 196, second phase train loss: 0.0139
2023-06-08 14:29:48,062 - my_logger - INFO - evaluating......
2023-06-08 14:29:48,063 - my_logger - INFO - epoch 196, valid loss: 0.0698, valid auc: 99.56%
2023-06-08 14:29:48,072 - my_logger - INFO - epoch 197, second phase train loss: 0.0138
2023-06-08 14:29:48,085 - my_logger - INFO - epoch 198, second phase train loss: 0.0136
2023-06-08 14:29:48,093 - my_logger - INFO - evaluating......
2023-06-08 14:29:48,093 - my_logger - INFO - epoch 198, valid loss: 0.0699, valid auc: 99.56%
2023-06-08 14:29:48,100 - my_logger - INFO - epoch 199, second phase train loss: 0.0135
2023-06-08 14:29:48,106 - my_logger - INFO - total train time used: 110.7353s
2023-06-08 14:29:48,106 - my_logger - INFO - testing......
2023-06-08 14:29:48,109 - my_logger - INFO - test auc: 99.49%
