2023-06-07 16:45:46,124 - my_logger - INFO - training......
2023-06-07 16:45:51,555 - my_logger - INFO - epoch 0, first phase train loss: 3.7058
2023-06-07 16:45:56,838 - my_logger - INFO - epoch 1, first phase train loss: 2.9250
2023-06-07 16:46:02,117 - my_logger - INFO - epoch 2, first phase train loss: 2.4334
2023-06-07 16:46:07,289 - my_logger - INFO - epoch 3, first phase train loss: 1.7742
2023-06-07 16:46:12,618 - my_logger - INFO - epoch 4, first phase train loss: 1.3420
2023-06-07 16:46:17,808 - my_logger - INFO - epoch 5, first phase train loss: 1.1181
2023-06-07 16:46:23,142 - my_logger - INFO - epoch 6, first phase train loss: 1.0498
2023-06-07 16:46:28,608 - my_logger - INFO - epoch 7, first phase train loss: 1.0038
2023-06-07 16:46:33,888 - my_logger - INFO - epoch 8, first phase train loss: 0.9659
2023-06-07 16:46:39,167 - my_logger - INFO - epoch 9, first phase train loss: 0.9356
2023-06-07 16:46:44,460 - my_logger - INFO - epoch 10, first phase train loss: 0.8923
2023-06-07 16:46:49,843 - my_logger - INFO - epoch 11, first phase train loss: 0.8738
2023-06-07 16:46:55,245 - my_logger - INFO - epoch 12, first phase train loss: 0.8632
2023-06-07 16:47:00,619 - my_logger - INFO - epoch 13, first phase train loss: 0.8554
2023-06-07 16:47:05,929 - my_logger - INFO - epoch 14, first phase train loss: 0.8403
2023-06-07 16:47:11,155 - my_logger - INFO - epoch 15, first phase train loss: 0.8274
2023-06-07 16:47:16,552 - my_logger - INFO - epoch 16, first phase train loss: 0.8109
2023-06-07 16:47:21,880 - my_logger - INFO - epoch 17, first phase train loss: 0.8108
2023-06-07 16:47:27,153 - my_logger - INFO - epoch 18, first phase train loss: 0.7956
2023-06-07 16:47:32,565 - my_logger - INFO - epoch 19, first phase train loss: 0.7946
2023-06-07 16:47:32,567 - my_logger - INFO - epoch 0, second phase train loss: 4.6709
2023-06-07 16:47:32,570 - my_logger - INFO - evaluating......
2023-06-07 16:47:32,571 - my_logger - INFO - epoch 0, valid loss: 4.6279, valid auc: 2.32%
2023-06-07 16:47:32,572 - my_logger - INFO - epoch 1, second phase train loss: 4.5923
2023-06-07 16:47:32,573 - my_logger - INFO - epoch 2, second phase train loss: 4.5137
2023-06-07 16:47:32,575 - my_logger - INFO - evaluating......
2023-06-07 16:47:32,575 - my_logger - INFO - epoch 2, valid loss: 4.4698, valid auc: 2.32%
2023-06-07 16:47:32,576 - my_logger - INFO - epoch 3, second phase train loss: 4.4353
2023-06-07 16:47:32,578 - my_logger - INFO - epoch 4, second phase train loss: 4.3570
2023-06-07 16:47:32,579 - my_logger - INFO - evaluating......
2023-06-07 16:47:32,580 - my_logger - INFO - epoch 4, valid loss: 4.3122, valid auc: 2.32%
2023-06-07 16:47:32,581 - my_logger - INFO - epoch 5, second phase train loss: 4.2787
2023-06-07 16:47:32,582 - my_logger - INFO - epoch 6, second phase train loss: 4.2007
2023-06-07 16:47:32,584 - my_logger - INFO - evaluating......
2023-06-07 16:47:32,584 - my_logger - INFO - epoch 6, valid loss: 4.1550, valid auc: 2.32%
2023-06-07 16:47:32,585 - my_logger - INFO - epoch 7, second phase train loss: 4.1227
2023-06-07 16:47:32,586 - my_logger - INFO - epoch 8, second phase train loss: 4.0449
2023-06-07 16:47:32,588 - my_logger - INFO - evaluating......
2023-06-07 16:47:32,589 - my_logger - INFO - epoch 8, valid loss: 3.9985, valid auc: 2.32%
2023-06-07 16:47:32,590 - my_logger - INFO - epoch 9, second phase train loss: 3.9673
2023-06-07 16:47:32,591 - my_logger - INFO - epoch 10, second phase train loss: 3.8898
2023-06-07 16:47:32,593 - my_logger - INFO - evaluating......
2023-06-07 16:47:32,593 - my_logger - INFO - epoch 10, valid loss: 3.8427, valid auc: 2.32%
2023-06-07 16:47:32,594 - my_logger - INFO - epoch 11, second phase train loss: 3.8125
2023-06-07 16:47:32,595 - my_logger - INFO - epoch 12, second phase train loss: 3.7354
2023-06-07 16:47:32,597 - my_logger - INFO - evaluating......
2023-06-07 16:47:32,597 - my_logger - INFO - epoch 12, valid loss: 3.6876, valid auc: 2.32%
2023-06-07 16:47:32,598 - my_logger - INFO - epoch 13, second phase train loss: 3.6585
2023-06-07 16:47:32,600 - my_logger - INFO - epoch 14, second phase train loss: 3.5819
2023-06-07 16:47:32,601 - my_logger - INFO - evaluating......
2023-06-07 16:47:32,602 - my_logger - INFO - epoch 14, valid loss: 3.5334, valid auc: 2.32%
2023-06-07 16:47:32,603 - my_logger - INFO - epoch 15, second phase train loss: 3.5054
2023-06-07 16:47:32,604 - my_logger - INFO - epoch 16, second phase train loss: 3.4293
2023-06-07 16:47:32,606 - my_logger - INFO - evaluating......
2023-06-07 16:47:32,606 - my_logger - INFO - epoch 16, valid loss: 3.3802, valid auc: 2.32%
2023-06-07 16:47:32,607 - my_logger - INFO - epoch 17, second phase train loss: 3.3534
2023-06-07 16:47:32,609 - my_logger - INFO - epoch 18, second phase train loss: 3.2777
2023-06-07 16:47:32,611 - my_logger - INFO - evaluating......
2023-06-07 16:47:32,611 - my_logger - INFO - epoch 18, valid loss: 3.2282, valid auc: 2.32%
2023-06-07 16:47:32,612 - my_logger - INFO - epoch 19, second phase train loss: 3.2024
2023-06-07 16:47:32,613 - my_logger - INFO - epoch 20, second phase train loss: 3.1274
2023-06-07 16:47:32,615 - my_logger - INFO - evaluating......
2023-06-07 16:47:32,615 - my_logger - INFO - epoch 20, valid loss: 3.0774, valid auc: 2.32%
2023-06-07 16:47:32,616 - my_logger - INFO - epoch 21, second phase train loss: 3.0528
2023-06-07 16:47:32,617 - my_logger - INFO - epoch 22, second phase train loss: 2.9786
2023-06-07 16:47:32,619 - my_logger - INFO - evaluating......
2023-06-07 16:47:32,619 - my_logger - INFO - epoch 22, valid loss: 2.9282, valid auc: 2.32%
2023-06-07 16:47:32,620 - my_logger - INFO - epoch 23, second phase train loss: 2.9047
2023-06-07 16:47:32,622 - my_logger - INFO - epoch 24, second phase train loss: 2.8313
2023-06-07 16:47:32,624 - my_logger - INFO - evaluating......
2023-06-07 16:47:32,624 - my_logger - INFO - epoch 24, valid loss: 2.7807, valid auc: 2.32%
2023-06-07 16:47:32,625 - my_logger - INFO - epoch 25, second phase train loss: 2.7583
2023-06-07 16:47:32,626 - my_logger - INFO - epoch 26, second phase train loss: 2.6858
2023-06-07 16:47:32,628 - my_logger - INFO - evaluating......
2023-06-07 16:47:32,628 - my_logger - INFO - epoch 26, valid loss: 2.6351, valid auc: 2.32%
2023-06-07 16:47:32,629 - my_logger - INFO - epoch 27, second phase train loss: 2.6139
2023-06-07 16:47:32,630 - my_logger - INFO - epoch 28, second phase train loss: 2.5425
2023-06-07 16:47:32,632 - my_logger - INFO - evaluating......
2023-06-07 16:47:32,632 - my_logger - INFO - epoch 28, valid loss: 2.4917, valid auc: 2.32%
2023-06-07 16:47:32,633 - my_logger - INFO - epoch 29, second phase train loss: 2.4717
2023-06-07 16:47:32,635 - my_logger - INFO - epoch 30, second phase train loss: 2.4015
2023-06-07 16:47:32,637 - my_logger - INFO - evaluating......
2023-06-07 16:47:32,637 - my_logger - INFO - epoch 30, valid loss: 2.3509, valid auc: 2.32%
2023-06-07 16:47:32,639 - my_logger - INFO - epoch 31, second phase train loss: 2.3320
2023-06-07 16:47:32,640 - my_logger - INFO - epoch 32, second phase train loss: 2.2632
2023-06-07 16:47:32,642 - my_logger - INFO - evaluating......
2023-06-07 16:47:32,642 - my_logger - INFO - epoch 32, valid loss: 2.2129, valid auc: 2.32%
2023-06-07 16:47:32,644 - my_logger - INFO - epoch 33, second phase train loss: 2.1952
2023-06-07 16:47:32,645 - my_logger - INFO - epoch 34, second phase train loss: 2.1281
2023-06-07 16:47:32,647 - my_logger - INFO - evaluating......
2023-06-07 16:47:32,647 - my_logger - INFO - epoch 34, valid loss: 2.0783, valid auc: 2.32%
2023-06-07 16:47:32,649 - my_logger - INFO - epoch 35, second phase train loss: 2.0618
2023-06-07 16:47:32,650 - my_logger - INFO - epoch 36, second phase train loss: 1.9965
2023-06-07 16:47:32,652 - my_logger - INFO - evaluating......
2023-06-07 16:47:32,652 - my_logger - INFO - epoch 36, valid loss: 1.9475, valid auc: 2.32%
2023-06-07 16:47:32,653 - my_logger - INFO - epoch 37, second phase train loss: 1.9322
2023-06-07 16:47:32,654 - my_logger - INFO - epoch 38, second phase train loss: 1.8690
2023-06-07 16:47:32,656 - my_logger - INFO - evaluating......
2023-06-07 16:47:32,657 - my_logger - INFO - epoch 38, valid loss: 1.8210, valid auc: 2.32%
2023-06-07 16:47:32,657 - my_logger - INFO - epoch 39, second phase train loss: 1.8069
2023-06-07 16:47:32,659 - my_logger - INFO - epoch 40, second phase train loss: 1.7461
2023-06-07 16:47:32,661 - my_logger - INFO - evaluating......
2023-06-07 16:47:32,661 - my_logger - INFO - epoch 40, valid loss: 1.6995, valid auc: 2.32%
2023-06-07 16:47:32,662 - my_logger - INFO - epoch 41, second phase train loss: 1.6867
2023-06-07 16:47:32,663 - my_logger - INFO - epoch 42, second phase train loss: 1.6286
2023-06-07 16:47:32,665 - my_logger - INFO - evaluating......
2023-06-07 16:47:32,665 - my_logger - INFO - epoch 42, valid loss: 1.5837, valid auc: 2.32%
2023-06-07 16:47:32,666 - my_logger - INFO - epoch 43, second phase train loss: 1.5721
2023-06-07 16:47:32,667 - my_logger - INFO - epoch 44, second phase train loss: 1.5172
2023-06-07 16:47:32,669 - my_logger - INFO - evaluating......
2023-06-07 16:47:32,669 - my_logger - INFO - epoch 44, valid loss: 1.4745, valid auc: 2.32%
2023-06-07 16:47:32,670 - my_logger - INFO - epoch 45, second phase train loss: 1.4641
2023-06-07 16:47:32,672 - my_logger - INFO - epoch 46, second phase train loss: 1.4128
2023-06-07 16:47:32,673 - my_logger - INFO - evaluating......
2023-06-07 16:47:32,674 - my_logger - INFO - epoch 46, valid loss: 1.3726, valid auc: 2.32%
2023-06-07 16:47:32,675 - my_logger - INFO - epoch 47, second phase train loss: 1.3634
2023-06-07 16:47:32,676 - my_logger - INFO - epoch 48, second phase train loss: 1.3162
2023-06-07 16:47:32,678 - my_logger - INFO - evaluating......
2023-06-07 16:47:32,678 - my_logger - INFO - epoch 48, valid loss: 1.2790, valid auc: 2.32%
2023-06-07 16:47:32,679 - my_logger - INFO - epoch 49, second phase train loss: 1.2710
2023-06-07 16:47:32,680 - my_logger - INFO - epoch 50, second phase train loss: 1.2282
2023-06-07 16:47:32,682 - my_logger - INFO - evaluating......
2023-06-07 16:47:32,682 - my_logger - INFO - epoch 50, valid loss: 1.1946, valid auc: 2.32%
2023-06-07 16:47:32,683 - my_logger - INFO - epoch 51, second phase train loss: 1.1878
2023-06-07 16:47:32,685 - my_logger - INFO - epoch 52, second phase train loss: 1.1497
2023-06-07 16:47:32,687 - my_logger - INFO - evaluating......
2023-06-07 16:47:32,687 - my_logger - INFO - epoch 52, valid loss: 1.1201, valid auc: 2.32%
2023-06-07 16:47:32,688 - my_logger - INFO - epoch 53, second phase train loss: 1.1143
2023-06-07 16:47:32,689 - my_logger - INFO - epoch 54, second phase train loss: 1.0814
2023-06-07 16:47:32,691 - my_logger - INFO - evaluating......
2023-06-07 16:47:32,691 - my_logger - INFO - epoch 54, valid loss: 1.0560, valid auc: 2.32%
2023-06-07 16:47:32,692 - my_logger - INFO - epoch 55, second phase train loss: 1.0511
2023-06-07 16:47:32,694 - my_logger - INFO - epoch 56, second phase train loss: 1.0234
2023-06-07 16:47:32,696 - my_logger - INFO - evaluating......
2023-06-07 16:47:32,696 - my_logger - INFO - epoch 56, valid loss: 1.0024, valid auc: 2.32%
2023-06-07 16:47:32,697 - my_logger - INFO - epoch 57, second phase train loss: 0.9984
2023-06-07 16:47:32,698 - my_logger - INFO - epoch 58, second phase train loss: 0.9758
2023-06-07 16:47:32,700 - my_logger - INFO - evaluating......
2023-06-07 16:47:32,700 - my_logger - INFO - epoch 58, valid loss: 0.9591, valid auc: 2.32%
2023-06-07 16:47:32,701 - my_logger - INFO - epoch 59, second phase train loss: 0.9558
2023-06-07 16:47:32,702 - my_logger - INFO - epoch 60, second phase train loss: 0.9381
2023-06-07 16:47:32,704 - my_logger - INFO - evaluating......
2023-06-07 16:47:32,704 - my_logger - INFO - epoch 60, valid loss: 0.9252, valid auc: 2.32%
2023-06-07 16:47:32,706 - my_logger - INFO - epoch 61, second phase train loss: 0.9226
2023-06-07 16:47:32,707 - my_logger - INFO - epoch 62, second phase train loss: 0.9092
2023-06-07 16:47:32,709 - my_logger - INFO - evaluating......
2023-06-07 16:47:32,709 - my_logger - INFO - epoch 62, valid loss: 0.8998, valid auc: 2.32%
2023-06-07 16:47:32,710 - my_logger - INFO - epoch 63, second phase train loss: 0.8977
2023-06-07 16:47:32,711 - my_logger - INFO - epoch 64, second phase train loss: 0.8879
2023-06-07 16:47:32,713 - my_logger - INFO - evaluating......
2023-06-07 16:47:32,713 - my_logger - INFO - epoch 64, valid loss: 0.8814, valid auc: 2.32%
2023-06-07 16:47:32,714 - my_logger - INFO - epoch 65, second phase train loss: 0.8797
2023-06-07 16:47:32,716 - my_logger - INFO - epoch 66, second phase train loss: 0.8728
2023-06-07 16:47:32,718 - my_logger - INFO - evaluating......
2023-06-07 16:47:32,718 - my_logger - INFO - epoch 66, valid loss: 0.8685, valid auc: 2.32%
2023-06-07 16:47:32,719 - my_logger - INFO - epoch 67, second phase train loss: 0.8672
2023-06-07 16:47:32,720 - my_logger - INFO - epoch 68, second phase train loss: 0.8625
2023-06-07 16:47:32,722 - my_logger - INFO - evaluating......
2023-06-07 16:47:32,722 - my_logger - INFO - epoch 68, valid loss: 0.8598, valid auc: 2.32%
2023-06-07 16:47:32,723 - my_logger - INFO - epoch 69, second phase train loss: 0.8588
2023-06-07 16:47:32,725 - my_logger - INFO - epoch 70, second phase train loss: 0.8557
2023-06-07 16:47:32,726 - my_logger - INFO - evaluating......
2023-06-07 16:47:32,727 - my_logger - INFO - epoch 70, valid loss: 0.8540, valid auc: 2.32%
2023-06-07 16:47:32,728 - my_logger - INFO - epoch 71, second phase train loss: 0.8532
2023-06-07 16:47:32,729 - my_logger - INFO - epoch 72, second phase train loss: 0.8512
2023-06-07 16:47:32,731 - my_logger - INFO - evaluating......
2023-06-07 16:47:32,731 - my_logger - INFO - epoch 72, valid loss: 0.8502, valid auc: 2.32%
2023-06-07 16:47:32,732 - my_logger - INFO - epoch 73, second phase train loss: 0.8495
2023-06-07 16:47:32,734 - my_logger - INFO - epoch 74, second phase train loss: 0.8481
2023-06-07 16:47:32,736 - my_logger - INFO - evaluating......
2023-06-07 16:47:32,736 - my_logger - INFO - epoch 74, valid loss: 0.8474, valid auc: 2.32%
2023-06-07 16:47:32,737 - my_logger - INFO - epoch 75, second phase train loss: 0.8469
2023-06-07 16:47:32,738 - my_logger - INFO - epoch 76, second phase train loss: 0.8459
2023-06-07 16:47:32,740 - my_logger - INFO - evaluating......
2023-06-07 16:47:32,740 - my_logger - INFO - epoch 76, valid loss: 0.8453, valid auc: 2.32%
2023-06-07 16:47:32,741 - my_logger - INFO - epoch 77, second phase train loss: 0.8449
2023-06-07 16:47:32,743 - my_logger - INFO - epoch 78, second phase train loss: 0.8439
2023-06-07 16:47:32,745 - my_logger - INFO - evaluating......
2023-06-07 16:47:32,745 - my_logger - INFO - epoch 78, valid loss: 0.8433, valid auc: 2.32%
2023-06-07 16:47:32,746 - my_logger - INFO - epoch 79, second phase train loss: 0.8430
2023-06-07 16:47:32,747 - my_logger - INFO - epoch 80, second phase train loss: 0.8420
2023-06-07 16:47:32,749 - my_logger - INFO - evaluating......
2023-06-07 16:47:32,749 - my_logger - INFO - epoch 80, valid loss: 0.8412, valid auc: 2.32%
2023-06-07 16:47:32,750 - my_logger - INFO - epoch 81, second phase train loss: 0.8410
2023-06-07 16:47:32,752 - my_logger - INFO - epoch 82, second phase train loss: 0.8399
2023-06-07 16:47:32,754 - my_logger - INFO - evaluating......
2023-06-07 16:47:32,754 - my_logger - INFO - epoch 82, valid loss: 0.8389, valid auc: 2.32%
2023-06-07 16:47:32,755 - my_logger - INFO - epoch 83, second phase train loss: 0.8388
2023-06-07 16:47:32,756 - my_logger - INFO - epoch 84, second phase train loss: 0.8376
2023-06-07 16:47:32,758 - my_logger - INFO - evaluating......
2023-06-07 16:47:32,758 - my_logger - INFO - epoch 84, valid loss: 0.8364, valid auc: 2.32%
2023-06-07 16:47:32,759 - my_logger - INFO - epoch 85, second phase train loss: 0.8363
2023-06-07 16:47:32,761 - my_logger - INFO - epoch 86, second phase train loss: 0.8350
2023-06-07 16:47:32,763 - my_logger - INFO - evaluating......
2023-06-07 16:47:32,763 - my_logger - INFO - epoch 86, valid loss: 0.8336, valid auc: 2.32%
2023-06-07 16:47:32,764 - my_logger - INFO - epoch 87, second phase train loss: 0.8336
2023-06-07 16:47:32,765 - my_logger - INFO - epoch 88, second phase train loss: 0.8321
2023-06-07 16:47:32,767 - my_logger - INFO - evaluating......
2023-06-07 16:47:32,767 - my_logger - INFO - epoch 88, valid loss: 0.8306, valid auc: 2.32%
2023-06-07 16:47:32,768 - my_logger - INFO - epoch 89, second phase train loss: 0.8305
2023-06-07 16:47:32,769 - my_logger - INFO - epoch 90, second phase train loss: 0.8290
2023-06-07 16:47:32,771 - my_logger - INFO - evaluating......
2023-06-07 16:47:32,771 - my_logger - INFO - epoch 90, valid loss: 0.8274, valid auc: 2.32%
2023-06-07 16:47:32,773 - my_logger - INFO - epoch 91, second phase train loss: 0.8273
2023-06-07 16:47:32,774 - my_logger - INFO - epoch 92, second phase train loss: 0.8257
2023-06-07 16:47:32,776 - my_logger - INFO - evaluating......
2023-06-07 16:47:32,776 - my_logger - INFO - epoch 92, valid loss: 0.8240, valid auc: 2.32%
2023-06-07 16:47:32,777 - my_logger - INFO - epoch 93, second phase train loss: 0.8240
2023-06-07 16:47:32,779 - my_logger - INFO - epoch 94, second phase train loss: 0.8223
2023-06-07 16:47:32,781 - my_logger - INFO - evaluating......
2023-06-07 16:47:32,781 - my_logger - INFO - epoch 94, valid loss: 0.8206, valid auc: 2.32%
2023-06-07 16:47:32,782 - my_logger - INFO - epoch 95, second phase train loss: 0.8205
2023-06-07 16:47:32,783 - my_logger - INFO - epoch 96, second phase train loss: 0.8188
2023-06-07 16:47:32,786 - my_logger - INFO - evaluating......
2023-06-07 16:47:32,786 - my_logger - INFO - epoch 96, valid loss: 0.8171, valid auc: 2.32%
2023-06-07 16:47:32,787 - my_logger - INFO - epoch 97, second phase train loss: 0.8170
2023-06-07 16:47:32,788 - my_logger - INFO - epoch 98, second phase train loss: 0.8153
2023-06-07 16:47:32,790 - my_logger - INFO - evaluating......
2023-06-07 16:47:32,790 - my_logger - INFO - epoch 98, valid loss: 0.8136, valid auc: 2.32%
2023-06-07 16:47:32,791 - my_logger - INFO - epoch 99, second phase train loss: 0.8135
2023-06-07 16:47:32,792 - my_logger - INFO - epoch 100, second phase train loss: 0.8118
2023-06-07 16:47:32,795 - my_logger - INFO - evaluating......
2023-06-07 16:47:32,795 - my_logger - INFO - epoch 100, valid loss: 0.8101, valid auc: 2.32%
2023-06-07 16:47:32,796 - my_logger - INFO - epoch 101, second phase train loss: 0.8101
2023-06-07 16:47:32,797 - my_logger - INFO - epoch 102, second phase train loss: 0.8084
2023-06-07 16:47:32,799 - my_logger - INFO - evaluating......
2023-06-07 16:47:32,800 - my_logger - INFO - epoch 102, valid loss: 0.8067, valid auc: 2.32%
2023-06-07 16:47:32,801 - my_logger - INFO - epoch 103, second phase train loss: 0.8067
2023-06-07 16:47:32,802 - my_logger - INFO - epoch 104, second phase train loss: 0.8050
2023-06-07 16:47:32,805 - my_logger - INFO - evaluating......
2023-06-07 16:47:32,805 - my_logger - INFO - epoch 104, valid loss: 0.8034, valid auc: 2.32%
2023-06-07 16:47:32,806 - my_logger - INFO - epoch 105, second phase train loss: 0.8033
2023-06-07 16:47:32,807 - my_logger - INFO - epoch 106, second phase train loss: 0.8017
2023-06-07 16:47:32,810 - my_logger - INFO - evaluating......
2023-06-07 16:47:32,810 - my_logger - INFO - epoch 106, valid loss: 0.8001, valid auc: 2.32%
2023-06-07 16:47:32,811 - my_logger - INFO - epoch 107, second phase train loss: 0.8000
2023-06-07 16:47:32,813 - my_logger - INFO - epoch 108, second phase train loss: 0.7984
2023-06-07 16:47:32,815 - my_logger - INFO - evaluating......
2023-06-07 16:47:32,815 - my_logger - INFO - epoch 108, valid loss: 0.7969, valid auc: 2.32%
2023-06-07 16:47:32,816 - my_logger - INFO - epoch 109, second phase train loss: 0.7968
2023-06-07 16:47:32,817 - my_logger - INFO - epoch 110, second phase train loss: 0.7952
2023-06-07 16:47:32,819 - my_logger - INFO - evaluating......
2023-06-07 16:47:32,819 - my_logger - INFO - epoch 110, valid loss: 0.7937, valid auc: 2.32%
2023-06-07 16:47:32,820 - my_logger - INFO - epoch 111, second phase train loss: 0.7936
2023-06-07 16:47:32,822 - my_logger - INFO - epoch 112, second phase train loss: 0.7921
2023-06-07 16:47:32,824 - my_logger - INFO - evaluating......
2023-06-07 16:47:32,824 - my_logger - INFO - epoch 112, valid loss: 0.7906, valid auc: 2.32%
2023-06-07 16:47:32,825 - my_logger - INFO - epoch 113, second phase train loss: 0.7905
2023-06-07 16:47:32,826 - my_logger - INFO - epoch 114, second phase train loss: 0.7890
2023-06-07 16:47:32,828 - my_logger - INFO - evaluating......
2023-06-07 16:47:32,828 - my_logger - INFO - epoch 114, valid loss: 0.7876, valid auc: 2.32%
2023-06-07 16:47:32,830 - my_logger - INFO - epoch 115, second phase train loss: 0.7875
2023-06-07 16:47:32,831 - my_logger - INFO - epoch 116, second phase train loss: 0.7860
2023-06-07 16:47:32,833 - my_logger - INFO - evaluating......
2023-06-07 16:47:32,833 - my_logger - INFO - epoch 116, valid loss: 0.7845, valid auc: 2.32%
2023-06-07 16:47:32,834 - my_logger - INFO - epoch 117, second phase train loss: 0.7845
2023-06-07 16:47:32,835 - my_logger - INFO - epoch 118, second phase train loss: 0.7830
2023-06-07 16:47:32,837 - my_logger - INFO - evaluating......
2023-06-07 16:47:32,837 - my_logger - INFO - epoch 118, valid loss: 0.7815, valid auc: 2.32%
2023-06-07 16:47:32,839 - my_logger - INFO - epoch 119, second phase train loss: 0.7815
2023-06-07 16:47:32,840 - my_logger - INFO - epoch 120, second phase train loss: 0.7800
2023-06-07 16:47:32,842 - my_logger - INFO - evaluating......
2023-06-07 16:47:32,842 - my_logger - INFO - epoch 120, valid loss: 0.7786, valid auc: 2.32%
2023-06-07 16:47:32,843 - my_logger - INFO - epoch 121, second phase train loss: 0.7785
2023-06-07 16:47:32,844 - my_logger - INFO - epoch 122, second phase train loss: 0.7770
2023-06-07 16:47:32,846 - my_logger - INFO - evaluating......
2023-06-07 16:47:32,846 - my_logger - INFO - epoch 122, valid loss: 0.7756, valid auc: 2.32%
2023-06-07 16:47:32,847 - my_logger - INFO - epoch 123, second phase train loss: 0.7756
2023-06-07 16:47:32,849 - my_logger - INFO - epoch 124, second phase train loss: 0.7741
2023-06-07 16:47:32,850 - my_logger - INFO - evaluating......
2023-06-07 16:47:32,851 - my_logger - INFO - epoch 124, valid loss: 0.7726, valid auc: 2.32%
2023-06-07 16:47:32,852 - my_logger - INFO - epoch 125, second phase train loss: 0.7726
2023-06-07 16:47:32,853 - my_logger - INFO - epoch 126, second phase train loss: 0.7711
2023-06-07 16:47:32,855 - my_logger - INFO - evaluating......
2023-06-07 16:47:32,855 - my_logger - INFO - epoch 126, valid loss: 0.7697, valid auc: 97.68%
2023-06-07 16:47:32,857 - my_logger - INFO - epoch 127, second phase train loss: 0.7697
2023-06-07 16:47:32,858 - my_logger - INFO - epoch 128, second phase train loss: 0.7682
2023-06-07 16:47:32,860 - my_logger - INFO - evaluating......
2023-06-07 16:47:32,860 - my_logger - INFO - epoch 128, valid loss: 0.7667, valid auc: 97.68%
2023-06-07 16:47:32,862 - my_logger - INFO - epoch 129, second phase train loss: 0.7667
2023-06-07 16:47:32,863 - my_logger - INFO - epoch 130, second phase train loss: 0.7653
2023-06-07 16:47:32,865 - my_logger - INFO - evaluating......
2023-06-07 16:47:32,866 - my_logger - INFO - epoch 130, valid loss: 0.7637, valid auc: 97.68%
2023-06-07 16:47:32,867 - my_logger - INFO - epoch 131, second phase train loss: 0.7638
2023-06-07 16:47:32,868 - my_logger - INFO - epoch 132, second phase train loss: 0.7623
2023-06-07 16:47:32,870 - my_logger - INFO - evaluating......
2023-06-07 16:47:32,870 - my_logger - INFO - epoch 132, valid loss: 0.7608, valid auc: 97.68%
2023-06-07 16:47:32,871 - my_logger - INFO - epoch 133, second phase train loss: 0.7608
2023-06-07 16:47:32,873 - my_logger - INFO - epoch 134, second phase train loss: 0.7594
2023-06-07 16:47:32,875 - my_logger - INFO - evaluating......
2023-06-07 16:47:32,875 - my_logger - INFO - epoch 134, valid loss: 0.7578, valid auc: 97.68%
2023-06-07 16:47:32,876 - my_logger - INFO - epoch 135, second phase train loss: 0.7579
2023-06-07 16:47:32,877 - my_logger - INFO - epoch 136, second phase train loss: 0.7564
2023-06-07 16:47:32,879 - my_logger - INFO - evaluating......
2023-06-07 16:47:32,880 - my_logger - INFO - epoch 136, valid loss: 0.7548, valid auc: 97.68%
2023-06-07 16:47:32,881 - my_logger - INFO - epoch 137, second phase train loss: 0.7550
2023-06-07 16:47:32,882 - my_logger - INFO - epoch 138, second phase train loss: 0.7535
2023-06-07 16:47:32,884 - my_logger - INFO - evaluating......
2023-06-07 16:47:32,884 - my_logger - INFO - epoch 138, valid loss: 0.7519, valid auc: 97.68%
2023-06-07 16:47:32,885 - my_logger - INFO - epoch 139, second phase train loss: 0.7520
2023-06-07 16:47:32,887 - my_logger - INFO - epoch 140, second phase train loss: 0.7506
2023-06-07 16:47:32,889 - my_logger - INFO - evaluating......
2023-06-07 16:47:32,889 - my_logger - INFO - epoch 140, valid loss: 0.7489, valid auc: 97.68%
2023-06-07 16:47:32,890 - my_logger - INFO - epoch 141, second phase train loss: 0.7491
2023-06-07 16:47:32,891 - my_logger - INFO - epoch 142, second phase train loss: 0.7476
2023-06-07 16:47:32,894 - my_logger - INFO - evaluating......
2023-06-07 16:47:32,894 - my_logger - INFO - epoch 142, valid loss: 0.7460, valid auc: 97.68%
2023-06-07 16:47:32,895 - my_logger - INFO - epoch 143, second phase train loss: 0.7462
2023-06-07 16:47:32,896 - my_logger - INFO - epoch 144, second phase train loss: 0.7447
2023-06-07 16:47:32,899 - my_logger - INFO - evaluating......
2023-06-07 16:47:32,899 - my_logger - INFO - epoch 144, valid loss: 0.7430, valid auc: 97.68%
2023-06-07 16:47:32,900 - my_logger - INFO - epoch 145, second phase train loss: 0.7433
2023-06-07 16:47:32,901 - my_logger - INFO - epoch 146, second phase train loss: 0.7418
2023-06-07 16:47:32,904 - my_logger - INFO - evaluating......
2023-06-07 16:47:32,904 - my_logger - INFO - epoch 146, valid loss: 0.7401, valid auc: 97.68%
2023-06-07 16:47:32,905 - my_logger - INFO - epoch 147, second phase train loss: 0.7404
2023-06-07 16:47:32,907 - my_logger - INFO - epoch 148, second phase train loss: 0.7389
2023-06-07 16:47:32,909 - my_logger - INFO - evaluating......
2023-06-07 16:47:32,909 - my_logger - INFO - epoch 148, valid loss: 0.7372, valid auc: 97.68%
2023-06-07 16:47:32,910 - my_logger - INFO - epoch 149, second phase train loss: 0.7375
2023-06-07 16:47:32,911 - my_logger - INFO - epoch 150, second phase train loss: 0.7360
2023-06-07 16:47:32,914 - my_logger - INFO - evaluating......
2023-06-07 16:47:32,914 - my_logger - INFO - epoch 150, valid loss: 0.7342, valid auc: 97.68%
2023-06-07 16:47:32,915 - my_logger - INFO - epoch 151, second phase train loss: 0.7346
2023-06-07 16:47:32,916 - my_logger - INFO - epoch 152, second phase train loss: 0.7331
2023-06-07 16:47:32,918 - my_logger - INFO - evaluating......
2023-06-07 16:47:32,918 - my_logger - INFO - epoch 152, valid loss: 0.7313, valid auc: 97.68%
2023-06-07 16:47:32,919 - my_logger - INFO - epoch 153, second phase train loss: 0.7317
2023-06-07 16:47:32,921 - my_logger - INFO - epoch 154, second phase train loss: 0.7302
2023-06-07 16:47:32,923 - my_logger - INFO - evaluating......
2023-06-07 16:47:32,923 - my_logger - INFO - epoch 154, valid loss: 0.7284, valid auc: 97.68%
2023-06-07 16:47:32,924 - my_logger - INFO - epoch 155, second phase train loss: 0.7288
2023-06-07 16:47:32,925 - my_logger - INFO - epoch 156, second phase train loss: 0.7274
2023-06-07 16:47:32,927 - my_logger - INFO - evaluating......
2023-06-07 16:47:32,927 - my_logger - INFO - epoch 156, valid loss: 0.7255, valid auc: 97.68%
2023-06-07 16:47:32,928 - my_logger - INFO - epoch 157, second phase train loss: 0.7259
2023-06-07 16:47:32,929 - my_logger - INFO - epoch 158, second phase train loss: 0.7245
2023-06-07 16:47:32,931 - my_logger - INFO - evaluating......
2023-06-07 16:47:32,932 - my_logger - INFO - epoch 158, valid loss: 0.7226, valid auc: 97.68%
2023-06-07 16:47:32,933 - my_logger - INFO - epoch 159, second phase train loss: 0.7231
2023-06-07 16:47:32,934 - my_logger - INFO - epoch 160, second phase train loss: 0.7217
2023-06-07 16:47:32,936 - my_logger - INFO - evaluating......
2023-06-07 16:47:32,936 - my_logger - INFO - epoch 160, valid loss: 0.7198, valid auc: 97.68%
2023-06-07 16:47:32,937 - my_logger - INFO - epoch 161, second phase train loss: 0.7202
2023-06-07 16:47:32,939 - my_logger - INFO - epoch 162, second phase train loss: 0.7188
2023-06-07 16:47:32,941 - my_logger - INFO - evaluating......
2023-06-07 16:47:32,941 - my_logger - INFO - epoch 162, valid loss: 0.7169, valid auc: 97.68%
2023-06-07 16:47:32,942 - my_logger - INFO - epoch 163, second phase train loss: 0.7174
2023-06-07 16:47:32,943 - my_logger - INFO - epoch 164, second phase train loss: 0.7160
2023-06-07 16:47:32,945 - my_logger - INFO - evaluating......
2023-06-07 16:47:32,945 - my_logger - INFO - epoch 164, valid loss: 0.7140, valid auc: 97.68%
2023-06-07 16:47:32,946 - my_logger - INFO - epoch 165, second phase train loss: 0.7146
2023-06-07 16:47:32,947 - my_logger - INFO - epoch 166, second phase train loss: 0.7131
2023-06-07 16:47:32,949 - my_logger - INFO - evaluating......
2023-06-07 16:47:32,949 - my_logger - INFO - epoch 166, valid loss: 0.7112, valid auc: 97.68%
2023-06-07 16:47:32,950 - my_logger - INFO - epoch 167, second phase train loss: 0.7117
2023-06-07 16:47:32,952 - my_logger - INFO - epoch 168, second phase train loss: 0.7103
2023-06-07 16:47:32,954 - my_logger - INFO - evaluating......
2023-06-07 16:47:32,954 - my_logger - INFO - epoch 168, valid loss: 0.7084, valid auc: 97.68%
2023-06-07 16:47:32,955 - my_logger - INFO - epoch 169, second phase train loss: 0.7089
2023-06-07 16:47:32,956 - my_logger - INFO - epoch 170, second phase train loss: 0.7075
2023-06-07 16:47:32,958 - my_logger - INFO - evaluating......
2023-06-07 16:47:32,958 - my_logger - INFO - epoch 170, valid loss: 0.7055, valid auc: 97.68%
2023-06-07 16:47:32,959 - my_logger - INFO - epoch 171, second phase train loss: 0.7061
2023-06-07 16:47:32,961 - my_logger - INFO - epoch 172, second phase train loss: 0.7047
2023-06-07 16:47:32,963 - my_logger - INFO - evaluating......
2023-06-07 16:47:32,963 - my_logger - INFO - epoch 172, valid loss: 0.7027, valid auc: 97.68%
2023-06-07 16:47:32,964 - my_logger - INFO - epoch 173, second phase train loss: 0.7033
2023-06-07 16:47:32,965 - my_logger - INFO - epoch 174, second phase train loss: 0.7019
2023-06-07 16:47:32,967 - my_logger - INFO - evaluating......
2023-06-07 16:47:32,967 - my_logger - INFO - epoch 174, valid loss: 0.6999, valid auc: 97.68%
2023-06-07 16:47:32,969 - my_logger - INFO - epoch 175, second phase train loss: 0.7005
2023-06-07 16:47:32,970 - my_logger - INFO - epoch 176, second phase train loss: 0.6992
2023-06-07 16:47:32,972 - my_logger - INFO - evaluating......
2023-06-07 16:47:32,972 - my_logger - INFO - epoch 176, valid loss: 0.6971, valid auc: 97.68%
2023-06-07 16:47:32,973 - my_logger - INFO - epoch 177, second phase train loss: 0.6978
2023-06-07 16:47:32,975 - my_logger - INFO - epoch 178, second phase train loss: 0.6964
2023-06-07 16:47:32,977 - my_logger - INFO - evaluating......
2023-06-07 16:47:32,977 - my_logger - INFO - epoch 178, valid loss: 0.6943, valid auc: 97.68%
2023-06-07 16:47:32,978 - my_logger - INFO - epoch 179, second phase train loss: 0.6950
2023-06-07 16:47:32,979 - my_logger - INFO - epoch 180, second phase train loss: 0.6936
2023-06-07 16:47:32,981 - my_logger - INFO - evaluating......
2023-06-07 16:47:32,981 - my_logger - INFO - epoch 180, valid loss: 0.6915, valid auc: 97.68%
2023-06-07 16:47:32,982 - my_logger - INFO - epoch 181, second phase train loss: 0.6923
2023-06-07 16:47:32,983 - my_logger - INFO - epoch 182, second phase train loss: 0.6909
2023-06-07 16:47:32,986 - my_logger - INFO - evaluating......
2023-06-07 16:47:32,986 - my_logger - INFO - epoch 182, valid loss: 0.6888, valid auc: 97.68%
2023-06-07 16:47:32,987 - my_logger - INFO - epoch 183, second phase train loss: 0.6895
2023-06-07 16:47:32,988 - my_logger - INFO - epoch 184, second phase train loss: 0.6881
2023-06-07 16:47:32,991 - my_logger - INFO - evaluating......
2023-06-07 16:47:32,991 - my_logger - INFO - epoch 184, valid loss: 0.6860, valid auc: 97.68%
2023-06-07 16:47:32,992 - my_logger - INFO - epoch 185, second phase train loss: 0.6868
2023-06-07 16:47:32,993 - my_logger - INFO - epoch 186, second phase train loss: 0.6854
2023-06-07 16:47:32,995 - my_logger - INFO - evaluating......
2023-06-07 16:47:32,996 - my_logger - INFO - epoch 186, valid loss: 0.6833, valid auc: 97.68%
2023-06-07 16:47:32,997 - my_logger - INFO - epoch 187, second phase train loss: 0.6841
2023-06-07 16:47:32,998 - my_logger - INFO - epoch 188, second phase train loss: 0.6827
2023-06-07 16:47:33,000 - my_logger - INFO - evaluating......
2023-06-07 16:47:33,000 - my_logger - INFO - epoch 188, valid loss: 0.6805, valid auc: 97.68%
2023-06-07 16:47:33,001 - my_logger - INFO - epoch 189, second phase train loss: 0.6813
2023-06-07 16:47:33,003 - my_logger - INFO - epoch 190, second phase train loss: 0.6800
2023-06-07 16:47:33,005 - my_logger - INFO - evaluating......
2023-06-07 16:47:33,005 - my_logger - INFO - epoch 190, valid loss: 0.6778, valid auc: 97.68%
2023-06-07 16:47:33,006 - my_logger - INFO - epoch 191, second phase train loss: 0.6786
2023-06-07 16:47:33,007 - my_logger - INFO - epoch 192, second phase train loss: 0.6773
2023-06-07 16:47:33,009 - my_logger - INFO - evaluating......
2023-06-07 16:47:33,009 - my_logger - INFO - epoch 192, valid loss: 0.6751, valid auc: 97.68%
2023-06-07 16:47:33,010 - my_logger - INFO - epoch 193, second phase train loss: 0.6760
2023-06-07 16:47:33,011 - my_logger - INFO - epoch 194, second phase train loss: 0.6746
2023-06-07 16:47:33,013 - my_logger - INFO - evaluating......
2023-06-07 16:47:33,013 - my_logger - INFO - epoch 194, valid loss: 0.6724, valid auc: 97.68%
2023-06-07 16:47:33,014 - my_logger - INFO - epoch 195, second phase train loss: 0.6733
2023-06-07 16:47:33,016 - my_logger - INFO - epoch 196, second phase train loss: 0.6719
2023-06-07 16:47:33,018 - my_logger - INFO - evaluating......
2023-06-07 16:47:33,018 - my_logger - INFO - epoch 196, valid loss: 0.6697, valid auc: 97.68%
2023-06-07 16:47:33,019 - my_logger - INFO - epoch 197, second phase train loss: 0.6706
2023-06-07 16:47:33,020 - my_logger - INFO - epoch 198, second phase train loss: 0.6693
2023-06-07 16:47:33,022 - my_logger - INFO - evaluating......
2023-06-07 16:47:33,022 - my_logger - INFO - epoch 198, valid loss: 0.6670, valid auc: 97.68%
2023-06-07 16:47:33,023 - my_logger - INFO - epoch 199, second phase train loss: 0.6680
2023-06-07 16:47:33,024 - my_logger - INFO - total train time used: 106.9000s
2023-06-07 16:47:33,024 - my_logger - INFO - testing......
2023-06-07 16:47:33,026 - my_logger - INFO - test auc: 97.54%
