2023-06-07 15:41:47,576 - my_logger - INFO - training......
2023-06-07 15:41:48,293 - my_logger - INFO - epoch 0, train loss: 0.6882
2023-06-07 15:41:48,301 - my_logger - INFO - evaluating......
2023-06-07 15:41:48,301 - my_logger - INFO - epoch 0, valid loss: 0.6934, valid auc: 65.51%
2023-06-07 15:41:48,305 - my_logger - INFO - epoch 1, train loss: 1.2902
2023-06-07 15:41:48,308 - my_logger - INFO - epoch 2, train loss: 0.6703
2023-06-07 15:41:48,312 - my_logger - INFO - evaluating......
2023-06-07 15:41:48,312 - my_logger - INFO - epoch 2, valid loss: 0.6821, valid auc: 66.98%
2023-06-07 15:41:48,315 - my_logger - INFO - epoch 3, train loss: 0.6883
2023-06-07 15:41:48,319 - my_logger - INFO - epoch 4, train loss: 0.6654
2023-06-07 15:41:48,323 - my_logger - INFO - evaluating......
2023-06-07 15:41:48,323 - my_logger - INFO - epoch 4, valid loss: 0.6768, valid auc: 65.88%
2023-06-07 15:41:48,325 - my_logger - INFO - epoch 5, train loss: 0.6672
2023-06-07 15:41:48,328 - my_logger - INFO - epoch 6, train loss: 0.6576
2023-06-07 15:41:48,332 - my_logger - INFO - evaluating......
2023-06-07 15:41:48,332 - my_logger - INFO - epoch 6, valid loss: 0.6727, valid auc: 66.98%
2023-06-07 15:41:48,335 - my_logger - INFO - epoch 7, train loss: 0.6454
2023-06-07 15:41:48,338 - my_logger - INFO - epoch 8, train loss: 0.6431
2023-06-07 15:41:48,342 - my_logger - INFO - evaluating......
2023-06-07 15:41:48,342 - my_logger - INFO - epoch 8, valid loss: 0.6602, valid auc: 68.56%
2023-06-07 15:41:48,345 - my_logger - INFO - epoch 9, train loss: 0.6374
2023-06-07 15:41:48,348 - my_logger - INFO - epoch 10, train loss: 0.6286
2023-06-07 15:41:48,353 - my_logger - INFO - evaluating......
2023-06-07 15:41:48,353 - my_logger - INFO - epoch 10, valid loss: 0.6498, valid auc: 68.89%
2023-06-07 15:41:48,355 - my_logger - INFO - epoch 11, train loss: 0.6249
2023-06-07 15:41:48,359 - my_logger - INFO - epoch 12, train loss: 0.6191
2023-06-07 15:41:48,363 - my_logger - INFO - evaluating......
2023-06-07 15:41:48,363 - my_logger - INFO - epoch 12, valid loss: 0.6435, valid auc: 70.15%
2023-06-07 15:41:48,365 - my_logger - INFO - epoch 13, train loss: 0.6105
2023-06-07 15:41:48,369 - my_logger - INFO - epoch 14, train loss: 0.6034
2023-06-07 15:41:48,374 - my_logger - INFO - evaluating......
2023-06-07 15:41:48,374 - my_logger - INFO - epoch 14, valid loss: 0.6315, valid auc: 72.71%
2023-06-07 15:41:48,377 - my_logger - INFO - epoch 15, train loss: 0.5977
2023-06-07 15:41:48,381 - my_logger - INFO - epoch 16, train loss: 0.5907
2023-06-07 15:41:48,385 - my_logger - INFO - evaluating......
2023-06-07 15:41:48,385 - my_logger - INFO - epoch 16, valid loss: 0.6217, valid auc: 76.15%
2023-06-07 15:41:48,388 - my_logger - INFO - epoch 17, train loss: 0.5823
2023-06-07 15:41:48,391 - my_logger - INFO - epoch 18, train loss: 0.5744
2023-06-07 15:41:48,395 - my_logger - INFO - evaluating......
2023-06-07 15:41:48,395 - my_logger - INFO - epoch 18, valid loss: 0.6083, valid auc: 78.30%
2023-06-07 15:41:48,398 - my_logger - INFO - epoch 19, train loss: 0.5686
2023-06-07 15:41:48,402 - my_logger - INFO - epoch 20, train loss: 0.5647
2023-06-07 15:41:48,405 - my_logger - INFO - evaluating......
2023-06-07 15:41:48,406 - my_logger - INFO - epoch 20, valid loss: 0.6016, valid auc: 79.51%
2023-06-07 15:41:48,408 - my_logger - INFO - epoch 21, train loss: 0.5612
2023-06-07 15:41:48,412 - my_logger - INFO - epoch 22, train loss: 0.5571
2023-06-07 15:41:48,416 - my_logger - INFO - evaluating......
2023-06-07 15:41:48,416 - my_logger - INFO - epoch 22, valid loss: 0.5967, valid auc: 80.21%
2023-06-07 15:41:48,419 - my_logger - INFO - epoch 23, train loss: 0.5527
2023-06-07 15:41:48,422 - my_logger - INFO - epoch 24, train loss: 0.5484
2023-06-07 15:41:48,427 - my_logger - INFO - evaluating......
2023-06-07 15:41:48,427 - my_logger - INFO - epoch 24, valid loss: 0.5893, valid auc: 80.77%
2023-06-07 15:41:48,429 - my_logger - INFO - epoch 25, train loss: 0.5447
2023-06-07 15:41:48,434 - my_logger - INFO - epoch 26, train loss: 0.5417
2023-06-07 15:41:48,438 - my_logger - INFO - evaluating......
2023-06-07 15:41:48,438 - my_logger - INFO - epoch 26, valid loss: 0.5827, valid auc: 81.47%
2023-06-07 15:41:48,441 - my_logger - INFO - epoch 27, train loss: 0.5390
2023-06-07 15:41:48,444 - my_logger - INFO - epoch 28, train loss: 0.5365
2023-06-07 15:41:48,448 - my_logger - INFO - evaluating......
2023-06-07 15:41:48,448 - my_logger - INFO - epoch 28, valid loss: 0.5774, valid auc: 82.16%
2023-06-07 15:41:48,451 - my_logger - INFO - epoch 29, train loss: 0.5338
2023-06-07 15:41:48,455 - my_logger - INFO - epoch 30, train loss: 0.5311
2023-06-07 15:41:48,459 - my_logger - INFO - evaluating......
2023-06-07 15:41:48,459 - my_logger - INFO - epoch 30, valid loss: 0.5729, valid auc: 82.73%
2023-06-07 15:41:48,461 - my_logger - INFO - epoch 31, train loss: 0.5285
2023-06-07 15:41:48,465 - my_logger - INFO - epoch 32, train loss: 0.5258
2023-06-07 15:41:48,469 - my_logger - INFO - evaluating......
2023-06-07 15:41:48,469 - my_logger - INFO - epoch 32, valid loss: 0.5695, valid auc: 83.26%
2023-06-07 15:41:48,472 - my_logger - INFO - epoch 33, train loss: 0.5232
2023-06-07 15:41:48,475 - my_logger - INFO - epoch 34, train loss: 0.5209
2023-06-07 15:41:48,479 - my_logger - INFO - evaluating......
2023-06-07 15:41:48,479 - my_logger - INFO - epoch 34, valid loss: 0.5673, valid auc: 83.50%
2023-06-07 15:41:48,482 - my_logger - INFO - epoch 35, train loss: 0.5188
2023-06-07 15:41:48,485 - my_logger - INFO - epoch 36, train loss: 0.5168
2023-06-07 15:41:48,489 - my_logger - INFO - evaluating......
2023-06-07 15:41:48,489 - my_logger - INFO - epoch 36, valid loss: 0.5655, valid auc: 83.57%
2023-06-07 15:41:48,492 - my_logger - INFO - epoch 37, train loss: 0.5146
2023-06-07 15:41:48,495 - my_logger - INFO - epoch 38, train loss: 0.5124
2023-06-07 15:41:48,499 - my_logger - INFO - evaluating......
2023-06-07 15:41:48,499 - my_logger - INFO - epoch 38, valid loss: 0.5624, valid auc: 83.81%
2023-06-07 15:41:48,502 - my_logger - INFO - epoch 39, train loss: 0.5101
2023-06-07 15:41:48,506 - my_logger - INFO - epoch 40, train loss: 0.5079
2023-06-07 15:41:48,509 - my_logger - INFO - evaluating......
2023-06-07 15:41:48,510 - my_logger - INFO - epoch 40, valid loss: 0.5601, valid auc: 84.01%
2023-06-07 15:41:48,512 - my_logger - INFO - epoch 41, train loss: 0.5058
2023-06-07 15:41:48,516 - my_logger - INFO - epoch 42, train loss: 0.5038
2023-06-07 15:41:48,520 - my_logger - INFO - evaluating......
2023-06-07 15:41:48,520 - my_logger - INFO - epoch 42, valid loss: 0.5594, valid auc: 83.90%
2023-06-07 15:41:48,522 - my_logger - INFO - epoch 43, train loss: 0.5017
2023-06-07 15:41:48,525 - my_logger - INFO - epoch 44, train loss: 0.4994
2023-06-07 15:41:48,529 - my_logger - INFO - evaluating......
2023-06-07 15:41:48,529 - my_logger - INFO - epoch 44, valid loss: 0.5580, valid auc: 83.87%
2023-06-07 15:41:48,531 - my_logger - INFO - epoch 45, train loss: 0.4973
2023-06-07 15:41:48,535 - my_logger - INFO - epoch 46, train loss: 0.4953
2023-06-07 15:41:48,538 - my_logger - INFO - evaluating......
2023-06-07 15:41:48,539 - my_logger - INFO - epoch 46, valid loss: 0.5573, valid auc: 83.90%
2023-06-07 15:41:48,540 - my_logger - INFO - epoch 47, train loss: 0.4932
2023-06-07 15:41:48,544 - my_logger - INFO - epoch 48, train loss: 0.4912
2023-06-07 15:41:48,548 - my_logger - INFO - evaluating......
2023-06-07 15:41:48,548 - my_logger - INFO - epoch 48, valid loss: 0.5578, valid auc: 83.89%
2023-06-07 15:41:48,550 - my_logger - INFO - epoch 49, train loss: 0.4892
2023-06-07 15:41:48,554 - my_logger - INFO - epoch 50, train loss: 0.4872
2023-06-07 15:41:48,557 - my_logger - INFO - evaluating......
2023-06-07 15:41:48,558 - my_logger - INFO - epoch 50, valid loss: 0.5575, valid auc: 84.05%
2023-06-07 15:41:48,560 - my_logger - INFO - epoch 51, train loss: 0.4852
2023-06-07 15:41:48,564 - my_logger - INFO - epoch 52, train loss: 0.4833
2023-06-07 15:41:48,568 - my_logger - INFO - evaluating......
2023-06-07 15:41:48,568 - my_logger - INFO - epoch 52, valid loss: 0.5560, valid auc: 84.14%
2023-06-07 15:41:48,570 - my_logger - INFO - epoch 53, train loss: 0.4816
2023-06-07 15:41:48,574 - my_logger - INFO - epoch 54, train loss: 0.4799
2023-06-07 15:41:48,578 - my_logger - INFO - evaluating......
2023-06-07 15:41:48,578 - my_logger - INFO - epoch 54, valid loss: 0.5557, valid auc: 84.16%
2023-06-07 15:41:48,581 - my_logger - INFO - epoch 55, train loss: 0.4782
2023-06-07 15:41:48,584 - my_logger - INFO - epoch 56, train loss: 0.4765
2023-06-07 15:41:48,588 - my_logger - INFO - evaluating......
2023-06-07 15:41:48,588 - my_logger - INFO - epoch 56, valid loss: 0.5565, valid auc: 84.35%
2023-06-07 15:41:48,591 - my_logger - INFO - epoch 57, train loss: 0.4749
2023-06-07 15:41:48,595 - my_logger - INFO - epoch 58, train loss: 0.4731
2023-06-07 15:41:48,599 - my_logger - INFO - evaluating......
2023-06-07 15:41:48,599 - my_logger - INFO - epoch 58, valid loss: 0.5571, valid auc: 84.43%
2023-06-07 15:41:48,602 - my_logger - INFO - epoch 59, train loss: 0.4714
2023-06-07 15:41:48,606 - my_logger - INFO - epoch 60, train loss: 0.4695
2023-06-07 15:41:48,610 - my_logger - INFO - evaluating......
2023-06-07 15:41:48,610 - my_logger - INFO - epoch 60, valid loss: 0.5572, valid auc: 84.42%
2023-06-07 15:41:48,612 - my_logger - INFO - epoch 61, train loss: 0.4677
2023-06-07 15:41:48,616 - my_logger - INFO - epoch 62, train loss: 0.4658
2023-06-07 15:41:48,620 - my_logger - INFO - evaluating......
2023-06-07 15:41:48,620 - my_logger - INFO - epoch 62, valid loss: 0.5577, valid auc: 84.38%
2023-06-07 15:41:48,622 - my_logger - INFO - epoch 63, train loss: 0.4639
2023-06-07 15:41:48,626 - my_logger - INFO - epoch 64, train loss: 0.4621
2023-06-07 15:41:48,630 - my_logger - INFO - evaluating......
2023-06-07 15:41:48,630 - my_logger - INFO - epoch 64, valid loss: 0.5589, valid auc: 84.38%
2023-06-07 15:41:48,632 - my_logger - INFO - epoch 65, train loss: 0.4605
2023-06-07 15:41:48,636 - my_logger - INFO - epoch 66, train loss: 0.4589
2023-06-07 15:41:48,640 - my_logger - INFO - evaluating......
2023-06-07 15:41:48,640 - my_logger - INFO - epoch 66, valid loss: 0.5606, valid auc: 84.45%
2023-06-07 15:41:48,643 - my_logger - INFO - epoch 67, train loss: 0.4574
2023-06-07 15:41:48,646 - my_logger - INFO - epoch 68, train loss: 0.4558
2023-06-07 15:41:48,650 - my_logger - INFO - evaluating......
2023-06-07 15:41:48,650 - my_logger - INFO - epoch 68, valid loss: 0.5610, valid auc: 84.32%
2023-06-07 15:41:48,652 - my_logger - INFO - epoch 69, train loss: 0.4542
2023-06-07 15:41:48,656 - my_logger - INFO - epoch 70, train loss: 0.4526
2023-06-07 15:41:48,661 - my_logger - INFO - evaluating......
2023-06-07 15:41:48,661 - my_logger - INFO - epoch 70, valid loss: 0.5606, valid auc: 84.38%
2023-06-07 15:41:48,663 - my_logger - INFO - epoch 71, train loss: 0.4510
2023-06-07 15:41:48,666 - my_logger - INFO - epoch 72, train loss: 0.4495
2023-06-07 15:41:48,670 - my_logger - INFO - evaluating......
2023-06-07 15:41:48,670 - my_logger - INFO - epoch 72, valid loss: 0.5624, valid auc: 84.43%
2023-06-07 15:41:48,672 - my_logger - INFO - epoch 73, train loss: 0.4480
2023-06-07 15:41:48,676 - my_logger - INFO - epoch 74, train loss: 0.4466
2023-06-07 15:41:48,679 - my_logger - INFO - evaluating......
2023-06-07 15:41:48,680 - my_logger - INFO - epoch 74, valid loss: 0.5635, valid auc: 84.40%
2023-06-07 15:41:48,681 - my_logger - INFO - epoch 75, train loss: 0.4451
2023-06-07 15:41:48,685 - my_logger - INFO - epoch 76, train loss: 0.4438
2023-06-07 15:41:48,689 - my_logger - INFO - evaluating......
2023-06-07 15:41:48,689 - my_logger - INFO - epoch 76, valid loss: 0.5643, valid auc: 84.35%
2023-06-07 15:41:48,691 - my_logger - INFO - epoch 77, train loss: 0.4424
2023-06-07 15:41:48,694 - my_logger - INFO - epoch 78, train loss: 0.4410
2023-06-07 15:41:48,698 - my_logger - INFO - evaluating......
2023-06-07 15:41:48,698 - my_logger - INFO - epoch 78, valid loss: 0.5648, valid auc: 84.32%
2023-06-07 15:41:48,700 - my_logger - INFO - epoch 79, train loss: 0.4397
2023-06-07 15:41:48,704 - my_logger - INFO - epoch 80, train loss: 0.4383
2023-06-07 15:41:48,707 - my_logger - INFO - evaluating......
2023-06-07 15:41:48,708 - my_logger - INFO - epoch 80, valid loss: 0.5668, valid auc: 84.33%
2023-06-07 15:41:48,709 - my_logger - INFO - epoch 81, train loss: 0.4369
2023-06-07 15:41:48,713 - my_logger - INFO - epoch 82, train loss: 0.4355
2023-06-07 15:41:48,717 - my_logger - INFO - evaluating......
2023-06-07 15:41:48,717 - my_logger - INFO - epoch 82, valid loss: 0.5681, valid auc: 84.31%
2023-06-07 15:41:48,719 - my_logger - INFO - epoch 83, train loss: 0.4341
2023-06-07 15:41:48,722 - my_logger - INFO - epoch 84, train loss: 0.4327
2023-06-07 15:41:48,726 - my_logger - INFO - evaluating......
2023-06-07 15:41:48,726 - my_logger - INFO - epoch 84, valid loss: 0.5703, valid auc: 84.23%
2023-06-07 15:41:48,728 - my_logger - INFO - epoch 85, train loss: 0.4313
2023-06-07 15:41:48,732 - my_logger - INFO - epoch 86, train loss: 0.4300
2023-06-07 15:41:48,735 - my_logger - INFO - evaluating......
2023-06-07 15:41:48,735 - my_logger - INFO - epoch 86, valid loss: 0.5729, valid auc: 84.19%
2023-06-07 15:41:48,737 - my_logger - INFO - epoch 87, train loss: 0.4286
2023-06-07 15:41:48,741 - my_logger - INFO - epoch 88, train loss: 0.4273
2023-06-07 15:41:48,745 - my_logger - INFO - evaluating......
2023-06-07 15:41:48,745 - my_logger - INFO - epoch 88, valid loss: 0.5752, valid auc: 84.21%
2023-06-07 15:41:48,747 - my_logger - INFO - epoch 89, train loss: 0.4259
2023-06-07 15:41:48,750 - my_logger - INFO - epoch 90, train loss: 0.4246
2023-06-07 15:41:48,754 - my_logger - INFO - evaluating......
2023-06-07 15:41:48,754 - my_logger - INFO - epoch 90, valid loss: 0.5765, valid auc: 84.19%
2023-06-07 15:41:48,756 - my_logger - INFO - epoch 91, train loss: 0.4233
2023-06-07 15:41:48,760 - my_logger - INFO - epoch 92, train loss: 0.4220
2023-06-07 15:41:48,764 - my_logger - INFO - evaluating......
2023-06-07 15:41:48,764 - my_logger - INFO - epoch 92, valid loss: 0.5779, valid auc: 84.20%
2023-06-07 15:41:48,766 - my_logger - INFO - epoch 93, train loss: 0.4207
2023-06-07 15:41:48,770 - my_logger - INFO - epoch 94, train loss: 0.4195
2023-06-07 15:41:48,773 - my_logger - INFO - evaluating......
2023-06-07 15:41:48,774 - my_logger - INFO - epoch 94, valid loss: 0.5799, valid auc: 84.16%
2023-06-07 15:41:48,776 - my_logger - INFO - epoch 95, train loss: 0.4182
2023-06-07 15:41:48,779 - my_logger - INFO - epoch 96, train loss: 0.4170
2023-06-07 15:41:48,783 - my_logger - INFO - evaluating......
2023-06-07 15:41:48,783 - my_logger - INFO - epoch 96, valid loss: 0.5820, valid auc: 84.06%
2023-06-07 15:41:48,785 - my_logger - INFO - epoch 97, train loss: 0.4158
2023-06-07 15:41:48,789 - my_logger - INFO - epoch 98, train loss: 0.4145
2023-06-07 15:41:48,792 - my_logger - INFO - evaluating......
2023-06-07 15:41:48,793 - my_logger - INFO - epoch 98, valid loss: 0.5844, valid auc: 83.99%
2023-06-07 15:41:48,794 - my_logger - INFO - epoch 99, train loss: 0.4133
2023-06-07 15:41:48,798 - my_logger - INFO - epoch 100, train loss: 0.4120
2023-06-07 15:41:48,802 - my_logger - INFO - evaluating......
2023-06-07 15:41:48,802 - my_logger - INFO - epoch 100, valid loss: 0.5869, valid auc: 83.94%
2023-06-07 15:41:48,804 - my_logger - INFO - epoch 101, train loss: 0.4108
2023-06-07 15:41:48,808 - my_logger - INFO - epoch 102, train loss: 0.4096
2023-06-07 15:41:48,812 - my_logger - INFO - evaluating......
2023-06-07 15:41:48,812 - my_logger - INFO - epoch 102, valid loss: 0.5892, valid auc: 83.87%
2023-06-07 15:41:48,814 - my_logger - INFO - epoch 103, train loss: 0.4083
2023-06-07 15:41:48,818 - my_logger - INFO - epoch 104, train loss: 0.4071
2023-06-07 15:41:48,822 - my_logger - INFO - evaluating......
2023-06-07 15:41:48,822 - my_logger - INFO - epoch 104, valid loss: 0.5922, valid auc: 83.82%
2023-06-07 15:41:48,824 - my_logger - INFO - epoch 105, train loss: 0.4059
2023-06-07 15:41:48,828 - my_logger - INFO - epoch 106, train loss: 0.4048
2023-06-07 15:41:48,831 - my_logger - INFO - evaluating......
2023-06-07 15:41:48,831 - my_logger - INFO - epoch 106, valid loss: 0.5954, valid auc: 83.78%
2023-06-07 15:41:48,834 - my_logger - INFO - epoch 107, train loss: 0.4037
2023-06-07 15:41:48,837 - my_logger - INFO - epoch 108, train loss: 0.4027
2023-06-07 15:41:48,842 - my_logger - INFO - evaluating......
2023-06-07 15:41:48,842 - my_logger - INFO - epoch 108, valid loss: 0.5979, valid auc: 83.68%
2023-06-07 15:41:48,844 - my_logger - INFO - epoch 109, train loss: 0.4019
2023-06-07 15:41:48,847 - my_logger - INFO - epoch 110, train loss: 0.4014
2023-06-07 15:41:48,851 - my_logger - INFO - evaluating......
2023-06-07 15:41:48,851 - my_logger - INFO - epoch 110, valid loss: 0.6013, valid auc: 83.59%
2023-06-07 15:41:48,853 - my_logger - INFO - epoch 111, train loss: 0.3999
2023-06-07 15:41:48,857 - my_logger - INFO - epoch 112, train loss: 0.3983
2023-06-07 15:41:48,861 - my_logger - INFO - evaluating......
2023-06-07 15:41:48,861 - my_logger - INFO - epoch 112, valid loss: 0.6044, valid auc: 83.56%
2023-06-07 15:41:48,863 - my_logger - INFO - epoch 113, train loss: 0.3971
2023-06-07 15:41:48,867 - my_logger - INFO - epoch 114, train loss: 0.3966
2023-06-07 15:41:48,871 - my_logger - INFO - evaluating......
2023-06-07 15:41:48,871 - my_logger - INFO - epoch 114, valid loss: 0.6095, valid auc: 83.40%
2023-06-07 15:41:48,873 - my_logger - INFO - epoch 115, train loss: 0.3957
2023-06-07 15:41:48,877 - my_logger - INFO - epoch 116, train loss: 0.3942
2023-06-07 15:41:48,881 - my_logger - INFO - evaluating......
2023-06-07 15:41:48,882 - my_logger - INFO - epoch 116, valid loss: 0.6112, valid auc: 83.51%
2023-06-07 15:41:48,884 - my_logger - INFO - epoch 117, train loss: 0.3936
2023-06-07 15:41:48,888 - my_logger - INFO - epoch 118, train loss: 0.3935
2023-06-07 15:41:48,892 - my_logger - INFO - evaluating......
2023-06-07 15:41:48,892 - my_logger - INFO - epoch 118, valid loss: 0.6111, valid auc: 83.55%
2023-06-07 15:41:48,894 - my_logger - INFO - epoch 119, train loss: 0.3934
2023-06-07 15:41:48,898 - my_logger - INFO - epoch 120, train loss: 0.3927
2023-06-07 15:41:48,902 - my_logger - INFO - evaluating......
2023-06-07 15:41:48,902 - my_logger - INFO - epoch 120, valid loss: 0.6140, valid auc: 83.47%
2023-06-07 15:41:48,904 - my_logger - INFO - epoch 121, train loss: 0.3987
2023-06-07 15:41:48,908 - my_logger - INFO - epoch 122, train loss: 0.3929
2023-06-07 15:41:48,911 - my_logger - INFO - evaluating......
2023-06-07 15:41:48,911 - my_logger - INFO - epoch 122, valid loss: 0.6264, valid auc: 83.57%
2023-06-07 15:41:48,913 - my_logger - INFO - epoch 123, train loss: 0.3916
2023-06-07 15:41:48,917 - my_logger - INFO - epoch 124, train loss: 0.3925
2023-06-07 15:41:48,922 - my_logger - INFO - evaluating......
2023-06-07 15:41:48,922 - my_logger - INFO - epoch 124, valid loss: 0.6137, valid auc: 82.26%
2023-06-07 15:41:48,924 - my_logger - INFO - epoch 125, train loss: 0.3881
2023-06-07 15:41:48,927 - my_logger - INFO - epoch 126, train loss: 0.3923
2023-06-07 15:41:48,931 - my_logger - INFO - evaluating......
2023-06-07 15:41:48,931 - my_logger - INFO - epoch 126, valid loss: 0.6267, valid auc: 82.93%
2023-06-07 15:41:48,933 - my_logger - INFO - epoch 127, train loss: 0.4018
2023-06-07 15:41:48,938 - my_logger - INFO - epoch 128, train loss: 0.3967
2023-06-07 15:41:48,942 - my_logger - INFO - evaluating......
2023-06-07 15:41:48,942 - my_logger - INFO - epoch 128, valid loss: 0.6510, valid auc: 83.23%
2023-06-07 15:41:48,944 - my_logger - INFO - epoch 129, train loss: 0.3969
2023-06-07 15:41:48,947 - my_logger - INFO - epoch 130, train loss: 0.3872
2023-06-07 15:41:48,952 - my_logger - INFO - evaluating......
2023-06-07 15:41:48,952 - my_logger - INFO - epoch 130, valid loss: 0.6195, valid auc: 82.92%
2023-06-07 15:41:48,954 - my_logger - INFO - epoch 131, train loss: 0.3937
2023-06-07 15:41:48,957 - my_logger - INFO - epoch 132, train loss: 0.3913
2023-06-07 15:41:48,961 - my_logger - INFO - evaluating......
2023-06-07 15:41:48,962 - my_logger - INFO - epoch 132, valid loss: 0.6060, valid auc: 82.21%
2023-06-07 15:41:48,964 - my_logger - INFO - epoch 133, train loss: 0.3860
2023-06-07 15:41:48,967 - my_logger - INFO - epoch 134, train loss: 0.3853
2023-06-07 15:41:48,971 - my_logger - INFO - evaluating......
2023-06-07 15:41:48,972 - my_logger - INFO - epoch 134, valid loss: 0.6425, valid auc: 82.76%
2023-06-07 15:41:48,973 - my_logger - INFO - epoch 135, train loss: 0.3897
2023-06-07 15:41:48,977 - my_logger - INFO - epoch 136, train loss: 0.3875
2023-06-07 15:41:48,981 - my_logger - INFO - evaluating......
2023-06-07 15:41:48,981 - my_logger - INFO - epoch 136, valid loss: 0.6536, valid auc: 83.06%
2023-06-07 15:41:48,983 - my_logger - INFO - epoch 137, train loss: 0.3834
2023-06-07 15:41:48,987 - my_logger - INFO - epoch 138, train loss: 0.3808
2023-06-07 15:41:48,991 - my_logger - INFO - evaluating......
2023-06-07 15:41:48,991 - my_logger - INFO - epoch 138, valid loss: 0.6247, valid auc: 82.60%
2023-06-07 15:41:48,993 - my_logger - INFO - epoch 139, train loss: 0.3840
2023-06-07 15:41:48,996 - my_logger - INFO - epoch 140, train loss: 0.3822
2023-06-07 15:41:49,000 - my_logger - INFO - evaluating......
2023-06-07 15:41:49,001 - my_logger - INFO - epoch 140, valid loss: 0.6161, valid auc: 82.33%
2023-06-07 15:41:49,002 - my_logger - INFO - epoch 141, train loss: 0.3790
2023-06-07 15:41:49,006 - my_logger - INFO - epoch 142, train loss: 0.3800
2023-06-07 15:41:49,010 - my_logger - INFO - evaluating......
2023-06-07 15:41:49,010 - my_logger - INFO - epoch 142, valid loss: 0.6412, valid auc: 83.01%
2023-06-07 15:41:49,012 - my_logger - INFO - epoch 143, train loss: 0.3785
2023-06-07 15:41:49,016 - my_logger - INFO - epoch 144, train loss: 0.3794
2023-06-07 15:41:49,020 - my_logger - INFO - evaluating......
2023-06-07 15:41:49,020 - my_logger - INFO - epoch 144, valid loss: 0.6442, valid auc: 82.64%
2023-06-07 15:41:49,022 - my_logger - INFO - epoch 145, train loss: 0.3756
2023-06-07 15:41:49,026 - my_logger - INFO - epoch 146, train loss: 0.3808
2023-06-07 15:41:49,030 - my_logger - INFO - evaluating......
2023-06-07 15:41:49,030 - my_logger - INFO - epoch 146, valid loss: 0.6415, valid auc: 82.37%
2023-06-07 15:41:49,032 - my_logger - INFO - epoch 147, train loss: 0.3818
2023-06-07 15:41:49,036 - my_logger - INFO - epoch 148, train loss: 0.3795
2023-06-07 15:41:49,040 - my_logger - INFO - evaluating......
2023-06-07 15:41:49,040 - my_logger - INFO - epoch 148, valid loss: 0.6486, valid auc: 82.58%
2023-06-07 15:41:49,042 - my_logger - INFO - epoch 149, train loss: 0.3795
2023-06-07 15:41:49,045 - my_logger - INFO - epoch 150, train loss: 0.3803
2023-06-07 15:41:49,050 - my_logger - INFO - evaluating......
2023-06-07 15:41:49,050 - my_logger - INFO - epoch 150, valid loss: 0.6538, valid auc: 82.40%
2023-06-07 15:41:49,052 - my_logger - INFO - epoch 151, train loss: 0.3745
2023-06-07 15:41:49,055 - my_logger - INFO - epoch 152, train loss: 0.3780
2023-06-07 15:41:49,059 - my_logger - INFO - evaluating......
2023-06-07 15:41:49,059 - my_logger - INFO - epoch 152, valid loss: 0.6298, valid auc: 82.03%
2023-06-07 15:41:49,061 - my_logger - INFO - epoch 153, train loss: 0.3738
2023-06-07 15:41:49,065 - my_logger - INFO - epoch 154, train loss: 0.3749
2023-06-07 15:41:49,069 - my_logger - INFO - evaluating......
2023-06-07 15:41:49,069 - my_logger - INFO - epoch 154, valid loss: 0.6460, valid auc: 82.15%
2023-06-07 15:41:49,071 - my_logger - INFO - epoch 155, train loss: 0.3721
2023-06-07 15:41:49,075 - my_logger - INFO - epoch 156, train loss: 0.3749
2023-06-07 15:41:49,079 - my_logger - INFO - evaluating......
2023-06-07 15:41:49,079 - my_logger - INFO - epoch 156, valid loss: 0.6629, valid auc: 82.44%
2023-06-07 15:41:49,081 - my_logger - INFO - epoch 157, train loss: 0.3727
2023-06-07 15:41:49,085 - my_logger - INFO - epoch 158, train loss: 0.3704
2023-06-07 15:41:49,089 - my_logger - INFO - evaluating......
2023-06-07 15:41:49,089 - my_logger - INFO - epoch 158, valid loss: 0.6540, valid auc: 82.44%
2023-06-07 15:41:49,091 - my_logger - INFO - epoch 159, train loss: 0.3705
2023-06-07 15:41:49,095 - my_logger - INFO - epoch 160, train loss: 0.3703
2023-06-07 15:41:49,098 - my_logger - INFO - evaluating......
2023-06-07 15:41:49,099 - my_logger - INFO - epoch 160, valid loss: 0.6353, valid auc: 82.07%
2023-06-07 15:41:49,100 - my_logger - INFO - epoch 161, train loss: 0.3702
2023-06-07 15:41:49,104 - my_logger - INFO - epoch 162, train loss: 0.3675
2023-06-07 15:41:49,108 - my_logger - INFO - evaluating......
2023-06-07 15:41:49,108 - my_logger - INFO - epoch 162, valid loss: 0.6448, valid auc: 82.36%
2023-06-07 15:41:49,110 - my_logger - INFO - epoch 163, train loss: 0.3682
2023-06-07 15:41:49,114 - my_logger - INFO - epoch 164, train loss: 0.3676
2023-06-07 15:41:49,118 - my_logger - INFO - evaluating......
2023-06-07 15:41:49,118 - my_logger - INFO - epoch 164, valid loss: 0.6630, valid auc: 82.49%
2023-06-07 15:41:49,120 - my_logger - INFO - epoch 165, train loss: 0.3669
2023-06-07 15:41:49,124 - my_logger - INFO - epoch 166, train loss: 0.3658
2023-06-07 15:41:49,128 - my_logger - INFO - evaluating......
2023-06-07 15:41:49,128 - my_logger - INFO - epoch 166, valid loss: 0.6551, valid auc: 82.15%
2023-06-07 15:41:49,130 - my_logger - INFO - epoch 167, train loss: 0.3673
2023-06-07 15:41:49,134 - my_logger - INFO - epoch 168, train loss: 0.3667
2023-06-07 15:41:49,138 - my_logger - INFO - evaluating......
2023-06-07 15:41:49,139 - my_logger - INFO - epoch 168, valid loss: 0.6599, valid auc: 81.82%
2023-06-07 15:41:49,140 - my_logger - INFO - epoch 169, train loss: 0.3668
2023-06-07 15:41:49,144 - my_logger - INFO - epoch 170, train loss: 0.3660
2023-06-07 15:41:49,148 - my_logger - INFO - evaluating......
2023-06-07 15:41:49,148 - my_logger - INFO - epoch 170, valid loss: 0.6696, valid auc: 82.41%
2023-06-07 15:41:49,150 - my_logger - INFO - epoch 171, train loss: 0.3655
2023-06-07 15:41:49,154 - my_logger - INFO - epoch 172, train loss: 0.3642
2023-06-07 15:41:49,158 - my_logger - INFO - evaluating......
2023-06-07 15:41:49,158 - my_logger - INFO - epoch 172, valid loss: 0.6549, valid auc: 82.16%
2023-06-07 15:41:49,160 - my_logger - INFO - epoch 173, train loss: 0.3637
2023-06-07 15:41:49,164 - my_logger - INFO - epoch 174, train loss: 0.3631
2023-06-07 15:41:49,168 - my_logger - INFO - evaluating......
2023-06-07 15:41:49,168 - my_logger - INFO - epoch 174, valid loss: 0.6567, valid auc: 81.66%
2023-06-07 15:41:49,170 - my_logger - INFO - epoch 175, train loss: 0.3622
2023-06-07 15:41:49,174 - my_logger - INFO - epoch 176, train loss: 0.3620
2023-06-07 15:41:49,178 - my_logger - INFO - evaluating......
2023-06-07 15:41:49,178 - my_logger - INFO - epoch 176, valid loss: 0.6736, valid auc: 82.07%
2023-06-07 15:41:49,180 - my_logger - INFO - epoch 177, train loss: 0.3623
2023-06-07 15:41:49,184 - my_logger - INFO - epoch 178, train loss: 0.3607
2023-06-07 15:41:49,188 - my_logger - INFO - evaluating......
2023-06-07 15:41:49,188 - my_logger - INFO - epoch 178, valid loss: 0.6733, valid auc: 82.18%
2023-06-07 15:41:49,190 - my_logger - INFO - epoch 179, train loss: 0.3601
2023-06-07 15:41:49,194 - my_logger - INFO - epoch 180, train loss: 0.3599
2023-06-07 15:41:49,198 - my_logger - INFO - evaluating......
2023-06-07 15:41:49,198 - my_logger - INFO - epoch 180, valid loss: 0.6577, valid auc: 81.70%
2023-06-07 15:41:49,200 - my_logger - INFO - epoch 181, train loss: 0.3597
2023-06-07 15:41:49,204 - my_logger - INFO - epoch 182, train loss: 0.3582
2023-06-07 15:41:49,207 - my_logger - INFO - evaluating......
2023-06-07 15:41:49,208 - my_logger - INFO - epoch 182, valid loss: 0.6655, valid auc: 81.91%
2023-06-07 15:41:49,209 - my_logger - INFO - epoch 183, train loss: 0.3583
2023-06-07 15:41:49,213 - my_logger - INFO - epoch 184, train loss: 0.3579
2023-06-07 15:41:49,217 - my_logger - INFO - evaluating......
2023-06-07 15:41:49,217 - my_logger - INFO - epoch 184, valid loss: 0.6786, valid auc: 82.18%
2023-06-07 15:41:49,219 - my_logger - INFO - epoch 185, train loss: 0.3572
2023-06-07 15:41:49,223 - my_logger - INFO - epoch 186, train loss: 0.3565
2023-06-07 15:41:49,226 - my_logger - INFO - evaluating......
2023-06-07 15:41:49,226 - my_logger - INFO - epoch 186, valid loss: 0.6734, valid auc: 81.77%
2023-06-07 15:41:49,228 - my_logger - INFO - epoch 187, train loss: 0.3561
2023-06-07 15:41:49,233 - my_logger - INFO - epoch 188, train loss: 0.3557
2023-06-07 15:41:49,237 - my_logger - INFO - evaluating......
2023-06-07 15:41:49,238 - my_logger - INFO - epoch 188, valid loss: 0.6762, valid auc: 81.86%
2023-06-07 15:41:49,240 - my_logger - INFO - epoch 189, train loss: 0.3553
2023-06-07 15:41:49,244 - my_logger - INFO - epoch 190, train loss: 0.3550
2023-06-07 15:41:49,248 - my_logger - INFO - evaluating......
2023-06-07 15:41:49,248 - my_logger - INFO - epoch 190, valid loss: 0.6818, valid auc: 81.97%
2023-06-07 15:41:49,250 - my_logger - INFO - epoch 191, train loss: 0.3541
2023-06-07 15:41:49,254 - my_logger - INFO - epoch 192, train loss: 0.3538
2023-06-07 15:41:49,258 - my_logger - INFO - evaluating......
2023-06-07 15:41:49,258 - my_logger - INFO - epoch 192, valid loss: 0.6762, valid auc: 81.77%
2023-06-07 15:41:49,261 - my_logger - INFO - epoch 193, train loss: 0.3534
2023-06-07 15:41:49,265 - my_logger - INFO - epoch 194, train loss: 0.3528
2023-06-07 15:41:49,269 - my_logger - INFO - evaluating......
2023-06-07 15:41:49,269 - my_logger - INFO - epoch 194, valid loss: 0.6838, valid auc: 81.76%
2023-06-07 15:41:49,271 - my_logger - INFO - epoch 195, train loss: 0.3526
2023-06-07 15:41:49,274 - my_logger - INFO - epoch 196, train loss: 0.3521
2023-06-07 15:41:49,278 - my_logger - INFO - evaluating......
2023-06-07 15:41:49,278 - my_logger - INFO - epoch 196, valid loss: 0.6886, valid auc: 81.79%
2023-06-07 15:41:49,280 - my_logger - INFO - epoch 197, train loss: 0.3513
2023-06-07 15:41:49,284 - my_logger - INFO - epoch 198, train loss: 0.3511
2023-06-07 15:41:49,288 - my_logger - INFO - evaluating......
2023-06-07 15:41:49,288 - my_logger - INFO - epoch 198, valid loss: 0.6820, valid auc: 81.69%
2023-06-07 15:41:49,290 - my_logger - INFO - epoch 199, train loss: 0.3506
2023-06-07 15:41:49,292 - my_logger - INFO - total train time used: 1.7153s
2023-06-07 15:41:49,292 - my_logger - INFO - testing......
2023-06-07 15:41:49,295 - my_logger - INFO - test auc: 84.60%
