2023-06-22 15:27:28,751 - my_logger - INFO - training......
2023-06-22 15:27:29,488 - my_logger - INFO - epoch 0, train loss: 0.7238
2023-06-22 15:27:29,494 - my_logger - INFO - evaluating......
2023-06-22 15:27:29,494 - my_logger - INFO - epoch 0, valid loss: 0.6718, valid auc: 65.30%
2023-06-22 15:27:29,501 - my_logger - INFO - epoch 1, train loss: 2.9396
2023-06-22 15:27:29,505 - my_logger - INFO - epoch 2, train loss: 12.6359
2023-06-22 15:27:29,510 - my_logger - INFO - evaluating......
2023-06-22 15:27:29,510 - my_logger - INFO - epoch 2, valid loss: 6.5766, valid auc: 36.61%
2023-06-22 15:27:29,513 - my_logger - INFO - epoch 3, train loss: 0.6706
2023-06-22 15:27:29,518 - my_logger - INFO - epoch 4, train loss: 0.6636
2023-06-22 15:27:29,522 - my_logger - INFO - evaluating......
2023-06-22 15:27:29,522 - my_logger - INFO - epoch 4, valid loss: 0.6825, valid auc: 63.83%
2023-06-22 15:27:29,525 - my_logger - INFO - epoch 5, train loss: 0.6579
2023-06-22 15:27:29,529 - my_logger - INFO - epoch 6, train loss: 0.6494
2023-06-22 15:27:29,533 - my_logger - INFO - evaluating......
2023-06-22 15:27:29,534 - my_logger - INFO - epoch 6, valid loss: 0.6674, valid auc: 64.45%
2023-06-22 15:27:29,536 - my_logger - INFO - epoch 7, train loss: 0.6455
2023-06-22 15:27:29,541 - my_logger - INFO - epoch 8, train loss: 0.6420
2023-06-22 15:27:29,545 - my_logger - INFO - evaluating......
2023-06-22 15:27:29,545 - my_logger - INFO - epoch 8, valid loss: 0.6572, valid auc: 67.69%
2023-06-22 15:27:29,550 - my_logger - INFO - epoch 9, train loss: 0.6344
2023-06-22 15:27:29,555 - my_logger - INFO - epoch 10, train loss: 0.6305
2023-06-22 15:27:29,559 - my_logger - INFO - evaluating......
2023-06-22 15:27:29,559 - my_logger - INFO - epoch 10, valid loss: 0.6504, valid auc: 68.14%
2023-06-22 15:27:29,564 - my_logger - INFO - epoch 11, train loss: 0.6217
2023-06-22 15:27:29,569 - my_logger - INFO - epoch 12, train loss: 0.6132
2023-06-22 15:27:29,573 - my_logger - INFO - evaluating......
2023-06-22 15:27:29,573 - my_logger - INFO - epoch 12, valid loss: 0.6345, valid auc: 70.33%
2023-06-22 15:27:29,578 - my_logger - INFO - epoch 13, train loss: 0.6013
2023-06-22 15:27:29,583 - my_logger - INFO - epoch 14, train loss: 0.5902
2023-06-22 15:27:29,587 - my_logger - INFO - evaluating......
2023-06-22 15:27:29,587 - my_logger - INFO - epoch 14, valid loss: 0.6124, valid auc: 74.89%
2023-06-22 15:27:29,591 - my_logger - INFO - epoch 15, train loss: 0.5798
2023-06-22 15:27:29,596 - my_logger - INFO - epoch 16, train loss: 0.5749
2023-06-22 15:27:29,600 - my_logger - INFO - evaluating......
2023-06-22 15:27:29,600 - my_logger - INFO - epoch 16, valid loss: 0.6020, valid auc: 76.03%
2023-06-22 15:27:29,605 - my_logger - INFO - epoch 17, train loss: 0.5863
2023-06-22 15:27:29,610 - my_logger - INFO - epoch 18, train loss: 0.6060
2023-06-22 15:27:29,613 - my_logger - INFO - evaluating......
2023-06-22 15:27:29,614 - my_logger - INFO - epoch 18, valid loss: 0.6330, valid auc: 75.76%
2023-06-22 15:27:29,617 - my_logger - INFO - epoch 19, train loss: 0.5975
2023-06-22 15:27:29,621 - my_logger - INFO - epoch 20, train loss: 0.5690
2023-06-22 15:27:29,625 - my_logger - INFO - evaluating......
2023-06-22 15:27:29,625 - my_logger - INFO - epoch 20, valid loss: 0.6045, valid auc: 76.88%
2023-06-22 15:27:29,630 - my_logger - INFO - epoch 21, train loss: 0.5899
2023-06-22 15:27:29,634 - my_logger - INFO - epoch 22, train loss: 0.5545
2023-06-22 15:27:29,638 - my_logger - INFO - evaluating......
2023-06-22 15:27:29,638 - my_logger - INFO - epoch 22, valid loss: 0.5924, valid auc: 76.19%
2023-06-22 15:27:29,641 - my_logger - INFO - epoch 23, train loss: 0.5713
2023-06-22 15:27:29,645 - my_logger - INFO - epoch 24, train loss: 0.5718
2023-06-22 15:27:29,650 - my_logger - INFO - evaluating......
2023-06-22 15:27:29,650 - my_logger - INFO - epoch 24, valid loss: 0.6036, valid auc: 75.54%
2023-06-22 15:27:29,653 - my_logger - INFO - epoch 25, train loss: 0.5543
2023-06-22 15:27:29,657 - my_logger - INFO - epoch 26, train loss: 0.5553
2023-06-22 15:27:29,661 - my_logger - INFO - evaluating......
2023-06-22 15:27:29,661 - my_logger - INFO - epoch 26, valid loss: 0.6011, valid auc: 76.89%
2023-06-22 15:27:29,666 - my_logger - INFO - epoch 27, train loss: 0.5591
2023-06-22 15:27:29,671 - my_logger - INFO - epoch 28, train loss: 0.5449
2023-06-22 15:27:29,675 - my_logger - INFO - evaluating......
2023-06-22 15:27:29,675 - my_logger - INFO - epoch 28, valid loss: 0.5917, valid auc: 77.96%
2023-06-22 15:27:29,680 - my_logger - INFO - epoch 29, train loss: 0.5417
2023-06-22 15:27:29,685 - my_logger - INFO - epoch 30, train loss: 0.5455
2023-06-22 15:27:29,688 - my_logger - INFO - evaluating......
2023-06-22 15:27:29,689 - my_logger - INFO - epoch 30, valid loss: 0.5854, valid auc: 77.66%
2023-06-22 15:27:29,692 - my_logger - INFO - epoch 31, train loss: 0.5431
2023-06-22 15:27:29,696 - my_logger - INFO - epoch 32, train loss: 0.5344
2023-06-22 15:27:29,700 - my_logger - INFO - evaluating......
2023-06-22 15:27:29,700 - my_logger - INFO - epoch 32, valid loss: 0.5799, valid auc: 78.34%
2023-06-22 15:27:29,705 - my_logger - INFO - epoch 33, train loss: 0.5331
2023-06-22 15:27:29,710 - my_logger - INFO - epoch 34, train loss: 0.5318
2023-06-22 15:27:29,713 - my_logger - INFO - evaluating......
2023-06-22 15:27:29,714 - my_logger - INFO - epoch 34, valid loss: 0.5879, valid auc: 78.35%
2023-06-22 15:27:29,719 - my_logger - INFO - epoch 35, train loss: 0.5218
2023-06-22 15:27:29,723 - my_logger - INFO - epoch 36, train loss: 0.5209
2023-06-22 15:27:29,727 - my_logger - INFO - evaluating......
2023-06-22 15:27:29,727 - my_logger - INFO - epoch 36, valid loss: 0.5728, valid auc: 78.79%
2023-06-22 15:27:29,732 - my_logger - INFO - epoch 37, train loss: 0.5200
2023-06-22 15:27:29,736 - my_logger - INFO - epoch 38, train loss: 0.5132
2023-06-22 15:27:29,740 - my_logger - INFO - evaluating......
2023-06-22 15:27:29,740 - my_logger - INFO - epoch 38, valid loss: 0.5754, valid auc: 79.40%
2023-06-22 15:27:29,745 - my_logger - INFO - epoch 39, train loss: 0.5123
2023-06-22 15:27:29,750 - my_logger - INFO - epoch 40, train loss: 0.5059
2023-06-22 15:27:29,754 - my_logger - INFO - evaluating......
2023-06-22 15:27:29,754 - my_logger - INFO - epoch 40, valid loss: 0.5752, valid auc: 80.06%
2023-06-22 15:27:29,758 - my_logger - INFO - epoch 41, train loss: 0.5011
2023-06-22 15:27:29,763 - my_logger - INFO - epoch 42, train loss: 0.5002
2023-06-22 15:27:29,767 - my_logger - INFO - evaluating......
2023-06-22 15:27:29,767 - my_logger - INFO - epoch 42, valid loss: 0.5645, valid auc: 80.37%
2023-06-22 15:27:29,772 - my_logger - INFO - epoch 43, train loss: 0.4936
2023-06-22 15:27:29,776 - my_logger - INFO - epoch 44, train loss: 0.4926
2023-06-22 15:27:29,780 - my_logger - INFO - evaluating......
2023-06-22 15:27:29,780 - my_logger - INFO - epoch 44, valid loss: 0.5744, valid auc: 80.94%
2023-06-22 15:27:29,785 - my_logger - INFO - epoch 45, train loss: 0.4842
2023-06-22 15:27:29,789 - my_logger - INFO - epoch 46, train loss: 0.4833
2023-06-22 15:27:29,793 - my_logger - INFO - evaluating......
2023-06-22 15:27:29,793 - my_logger - INFO - epoch 46, valid loss: 0.5571, valid auc: 81.29%
2023-06-22 15:27:29,798 - my_logger - INFO - epoch 47, train loss: 0.4817
2023-06-22 15:27:29,803 - my_logger - INFO - epoch 48, train loss: 0.4884
2023-06-22 15:27:29,807 - my_logger - INFO - evaluating......
2023-06-22 15:27:29,807 - my_logger - INFO - epoch 48, valid loss: 0.5746, valid auc: 80.81%
2023-06-22 15:27:29,810 - my_logger - INFO - epoch 49, train loss: 0.4771
2023-06-22 15:27:29,814 - my_logger - INFO - epoch 50, train loss: 0.4979
2023-06-22 15:27:29,818 - my_logger - INFO - evaluating......
2023-06-22 15:27:29,818 - my_logger - INFO - epoch 50, valid loss: 0.5584, valid auc: 82.25%
2023-06-22 15:27:29,823 - my_logger - INFO - epoch 51, train loss: 0.5587
2023-06-22 15:27:29,827 - my_logger - INFO - epoch 52, train loss: 0.5540
2023-06-22 15:27:29,831 - my_logger - INFO - evaluating......
2023-06-22 15:27:29,832 - my_logger - INFO - epoch 52, valid loss: 0.6391, valid auc: 80.51%
2023-06-22 15:27:29,835 - my_logger - INFO - epoch 53, train loss: 0.5298
2023-06-22 15:27:29,839 - my_logger - INFO - epoch 54, train loss: 0.4815
2023-06-22 15:27:29,843 - my_logger - INFO - evaluating......
2023-06-22 15:27:29,843 - my_logger - INFO - epoch 54, valid loss: 0.5738, valid auc: 82.03%
2023-06-22 15:27:29,846 - my_logger - INFO - epoch 55, train loss: 0.5298
2023-06-22 15:27:29,851 - my_logger - INFO - epoch 56, train loss: 0.4890
2023-06-22 15:27:29,855 - my_logger - INFO - evaluating......
2023-06-22 15:27:29,855 - my_logger - INFO - epoch 56, valid loss: 0.5710, valid auc: 81.76%
2023-06-22 15:27:29,857 - my_logger - INFO - epoch 57, train loss: 0.5241
2023-06-22 15:27:29,862 - my_logger - INFO - epoch 58, train loss: 0.5353
2023-06-22 15:27:29,867 - my_logger - INFO - evaluating......
2023-06-22 15:27:29,867 - my_logger - INFO - epoch 58, valid loss: 0.6289, valid auc: 77.18%
2023-06-22 15:27:29,870 - my_logger - INFO - epoch 59, train loss: 0.5002
2023-06-22 15:27:29,874 - my_logger - INFO - epoch 60, train loss: 0.4765
2023-06-22 15:27:29,878 - my_logger - INFO - evaluating......
2023-06-22 15:27:29,878 - my_logger - INFO - epoch 60, valid loss: 0.5590, valid auc: 81.71%
2023-06-22 15:27:29,882 - my_logger - INFO - epoch 61, train loss: 0.4837
2023-06-22 15:27:29,886 - my_logger - INFO - epoch 62, train loss: 0.5017
2023-06-22 15:27:29,890 - my_logger - INFO - evaluating......
2023-06-22 15:27:29,890 - my_logger - INFO - epoch 62, valid loss: 0.5690, valid auc: 81.26%
2023-06-22 15:27:29,893 - my_logger - INFO - epoch 63, train loss: 0.5031
2023-06-22 15:27:29,898 - my_logger - INFO - epoch 64, train loss: 0.4897
2023-06-22 15:27:29,902 - my_logger - INFO - evaluating......
2023-06-22 15:27:29,902 - my_logger - INFO - epoch 64, valid loss: 0.5589, valid auc: 81.55%
2023-06-22 15:27:29,905 - my_logger - INFO - epoch 65, train loss: 0.4774
2023-06-22 15:27:29,909 - my_logger - INFO - epoch 66, train loss: 0.4734
2023-06-22 15:27:29,913 - my_logger - INFO - evaluating......
2023-06-22 15:27:29,914 - my_logger - INFO - epoch 66, valid loss: 0.5483, valid auc: 82.07%
2023-06-22 15:27:29,917 - my_logger - INFO - epoch 67, train loss: 0.4753
2023-06-22 15:27:29,921 - my_logger - INFO - epoch 68, train loss: 0.4770
2023-06-22 15:27:29,925 - my_logger - INFO - evaluating......
2023-06-22 15:27:29,925 - my_logger - INFO - epoch 68, valid loss: 0.5559, valid auc: 81.13%
2023-06-22 15:27:29,928 - my_logger - INFO - epoch 69, train loss: 0.4748
2023-06-22 15:27:29,934 - my_logger - INFO - epoch 70, train loss: 0.4699
2023-06-22 15:27:29,938 - my_logger - INFO - evaluating......
2023-06-22 15:27:29,939 - my_logger - INFO - epoch 70, valid loss: 0.5527, valid auc: 81.99%
2023-06-22 15:27:29,942 - my_logger - INFO - epoch 71, train loss: 0.4647
2023-06-22 15:27:29,947 - my_logger - INFO - epoch 72, train loss: 0.4607
2023-06-22 15:27:29,951 - my_logger - INFO - evaluating......
2023-06-22 15:27:29,951 - my_logger - INFO - epoch 72, valid loss: 0.5506, valid auc: 82.39%
2023-06-22 15:27:29,956 - my_logger - INFO - epoch 73, train loss: 0.4590
2023-06-22 15:27:29,961 - my_logger - INFO - epoch 74, train loss: 0.4580
2023-06-22 15:27:29,964 - my_logger - INFO - evaluating......
2023-06-22 15:27:29,965 - my_logger - INFO - epoch 74, valid loss: 0.5611, valid auc: 82.21%
2023-06-22 15:27:29,968 - my_logger - INFO - epoch 75, train loss: 0.4533
2023-06-22 15:27:29,972 - my_logger - INFO - epoch 76, train loss: 0.4473
2023-06-22 15:27:29,975 - my_logger - INFO - evaluating......
2023-06-22 15:27:29,976 - my_logger - INFO - epoch 76, valid loss: 0.5532, valid auc: 82.52%
2023-06-22 15:27:29,980 - my_logger - INFO - epoch 77, train loss: 0.4467
2023-06-22 15:27:29,984 - my_logger - INFO - epoch 78, train loss: 0.4461
2023-06-22 15:27:29,988 - my_logger - INFO - evaluating......
2023-06-22 15:27:29,988 - my_logger - INFO - epoch 78, valid loss: 0.5488, valid auc: 82.57%
2023-06-22 15:27:29,993 - my_logger - INFO - epoch 79, train loss: 0.4398
2023-06-22 15:27:29,997 - my_logger - INFO - epoch 80, train loss: 0.4363
2023-06-22 15:27:30,001 - my_logger - INFO - evaluating......
2023-06-22 15:27:30,001 - my_logger - INFO - epoch 80, valid loss: 0.5470, valid auc: 82.85%
2023-06-22 15:27:30,006 - my_logger - INFO - epoch 81, train loss: 0.4326
2023-06-22 15:27:30,010 - my_logger - INFO - epoch 82, train loss: 0.4306
2023-06-22 15:27:30,014 - my_logger - INFO - evaluating......
2023-06-22 15:27:30,014 - my_logger - INFO - epoch 82, valid loss: 0.5344, valid auc: 83.53%
2023-06-22 15:27:30,019 - my_logger - INFO - epoch 83, train loss: 0.4267
2023-06-22 15:27:30,023 - my_logger - INFO - epoch 84, train loss: 0.4253
2023-06-22 15:27:30,027 - my_logger - INFO - evaluating......
2023-06-22 15:27:30,027 - my_logger - INFO - epoch 84, valid loss: 0.5381, valid auc: 83.23%
2023-06-22 15:27:30,030 - my_logger - INFO - epoch 85, train loss: 0.4228
2023-06-22 15:27:30,034 - my_logger - INFO - epoch 86, train loss: 0.4181
2023-06-22 15:27:30,038 - my_logger - INFO - evaluating......
2023-06-22 15:27:30,038 - my_logger - INFO - epoch 86, valid loss: 0.5281, valid auc: 83.87%
2023-06-22 15:27:30,043 - my_logger - INFO - epoch 87, train loss: 0.4146
2023-06-22 15:27:30,047 - my_logger - INFO - epoch 88, train loss: 0.4125
2023-06-22 15:27:30,051 - my_logger - INFO - evaluating......
2023-06-22 15:27:30,051 - my_logger - INFO - epoch 88, valid loss: 0.5289, valid auc: 83.84%
2023-06-22 15:27:30,054 - my_logger - INFO - epoch 89, train loss: 0.4088
2023-06-22 15:27:30,059 - my_logger - INFO - epoch 90, train loss: 0.4063
2023-06-22 15:27:30,062 - my_logger - INFO - evaluating......
2023-06-22 15:27:30,062 - my_logger - INFO - epoch 90, valid loss: 0.5219, valid auc: 84.38%
2023-06-22 15:27:30,067 - my_logger - INFO - epoch 91, train loss: 0.4035
2023-06-22 15:27:30,072 - my_logger - INFO - epoch 92, train loss: 0.3994
2023-06-22 15:27:30,076 - my_logger - INFO - evaluating......
2023-06-22 15:27:30,076 - my_logger - INFO - epoch 92, valid loss: 0.5228, valid auc: 84.45%
2023-06-22 15:27:30,081 - my_logger - INFO - epoch 93, train loss: 0.3979
2023-06-22 15:27:30,085 - my_logger - INFO - epoch 94, train loss: 0.3943
2023-06-22 15:27:30,089 - my_logger - INFO - evaluating......
2023-06-22 15:27:30,089 - my_logger - INFO - epoch 94, valid loss: 0.5184, valid auc: 84.67%
2023-06-22 15:27:30,094 - my_logger - INFO - epoch 95, train loss: 0.3902
2023-06-22 15:27:30,098 - my_logger - INFO - epoch 96, train loss: 0.3890
2023-06-22 15:27:30,102 - my_logger - INFO - evaluating......
2023-06-22 15:27:30,103 - my_logger - INFO - epoch 96, valid loss: 0.5220, valid auc: 84.52%
2023-06-22 15:27:30,105 - my_logger - INFO - epoch 97, train loss: 0.3845
2023-06-22 15:27:30,110 - my_logger - INFO - epoch 98, train loss: 0.3822
2023-06-22 15:27:30,113 - my_logger - INFO - evaluating......
2023-06-22 15:27:30,114 - my_logger - INFO - epoch 98, valid loss: 0.5158, valid auc: 85.16%
2023-06-22 15:27:30,118 - my_logger - INFO - epoch 99, train loss: 0.3807
2023-06-22 15:27:30,123 - my_logger - INFO - epoch 100, train loss: 0.3775
2023-06-22 15:27:30,127 - my_logger - INFO - evaluating......
2023-06-22 15:27:30,127 - my_logger - INFO - epoch 100, valid loss: 0.5151, valid auc: 85.17%
2023-06-22 15:27:30,132 - my_logger - INFO - epoch 101, train loss: 0.3741
2023-06-22 15:27:30,137 - my_logger - INFO - epoch 102, train loss: 0.3724
2023-06-22 15:27:30,141 - my_logger - INFO - evaluating......
2023-06-22 15:27:30,141 - my_logger - INFO - epoch 102, valid loss: 0.5213, valid auc: 85.05%
2023-06-22 15:27:30,144 - my_logger - INFO - epoch 103, train loss: 0.3714
2023-06-22 15:27:30,148 - my_logger - INFO - epoch 104, train loss: 0.3663
2023-06-22 15:27:30,152 - my_logger - INFO - evaluating......
2023-06-22 15:27:30,152 - my_logger - INFO - epoch 104, valid loss: 0.5195, valid auc: 85.48%
2023-06-22 15:27:30,157 - my_logger - INFO - epoch 105, train loss: 0.3644
2023-06-22 15:27:30,161 - my_logger - INFO - epoch 106, train loss: 0.3618
2023-06-22 15:27:30,165 - my_logger - INFO - evaluating......
2023-06-22 15:27:30,165 - my_logger - INFO - epoch 106, valid loss: 0.5144, valid auc: 85.56%
2023-06-22 15:27:30,170 - my_logger - INFO - epoch 107, train loss: 0.3607
2023-06-22 15:27:30,174 - my_logger - INFO - epoch 108, train loss: 0.3585
2023-06-22 15:27:30,178 - my_logger - INFO - evaluating......
2023-06-22 15:27:30,178 - my_logger - INFO - epoch 108, valid loss: 0.5137, valid auc: 85.76%
2023-06-22 15:27:30,183 - my_logger - INFO - epoch 109, train loss: 0.3558
2023-06-22 15:27:30,187 - my_logger - INFO - epoch 110, train loss: 0.3535
2023-06-22 15:27:30,191 - my_logger - INFO - evaluating......
2023-06-22 15:27:30,191 - my_logger - INFO - epoch 110, valid loss: 0.5124, valid auc: 86.00%
2023-06-22 15:27:30,196 - my_logger - INFO - epoch 111, train loss: 0.3515
2023-06-22 15:27:30,200 - my_logger - INFO - epoch 112, train loss: 0.3531
2023-06-22 15:27:30,204 - my_logger - INFO - evaluating......
2023-06-22 15:27:30,204 - my_logger - INFO - epoch 112, valid loss: 0.5116, valid auc: 85.98%
2023-06-22 15:27:30,207 - my_logger - INFO - epoch 113, train loss: 0.3505
2023-06-22 15:27:30,211 - my_logger - INFO - epoch 114, train loss: 0.3502
2023-06-22 15:27:30,215 - my_logger - INFO - evaluating......
2023-06-22 15:27:30,215 - my_logger - INFO - epoch 114, valid loss: 0.5088, valid auc: 86.49%
2023-06-22 15:27:30,220 - my_logger - INFO - epoch 115, train loss: 0.3467
2023-06-22 15:27:30,224 - my_logger - INFO - epoch 116, train loss: 0.3406
2023-06-22 15:27:30,228 - my_logger - INFO - evaluating......
2023-06-22 15:27:30,228 - my_logger - INFO - epoch 116, valid loss: 0.5058, valid auc: 86.25%
2023-06-22 15:27:30,231 - my_logger - INFO - epoch 117, train loss: 0.3435
2023-06-22 15:27:30,235 - my_logger - INFO - epoch 118, train loss: 0.3355
2023-06-22 15:27:30,239 - my_logger - INFO - evaluating......
2023-06-22 15:27:30,239 - my_logger - INFO - epoch 118, valid loss: 0.4969, valid auc: 86.74%
2023-06-22 15:27:30,244 - my_logger - INFO - epoch 119, train loss: 0.3423
2023-06-22 15:27:30,248 - my_logger - INFO - epoch 120, train loss: 0.3494
2023-06-22 15:27:30,252 - my_logger - INFO - evaluating......
2023-06-22 15:27:30,252 - my_logger - INFO - epoch 120, valid loss: 0.5047, valid auc: 86.31%
2023-06-22 15:27:30,255 - my_logger - INFO - epoch 121, train loss: 0.3557
2023-06-22 15:27:30,259 - my_logger - INFO - epoch 122, train loss: 0.3486
2023-06-22 15:27:30,263 - my_logger - INFO - evaluating......
2023-06-22 15:27:30,263 - my_logger - INFO - epoch 122, valid loss: 0.5029, valid auc: 86.95%
2023-06-22 15:27:30,268 - my_logger - INFO - epoch 123, train loss: 0.3547
2023-06-22 15:27:30,272 - my_logger - INFO - epoch 124, train loss: 0.3365
2023-06-22 15:27:30,276 - my_logger - INFO - evaluating......
2023-06-22 15:27:30,276 - my_logger - INFO - epoch 124, valid loss: 0.4943, valid auc: 86.69%
2023-06-22 15:27:30,279 - my_logger - INFO - epoch 125, train loss: 0.3353
2023-06-22 15:27:30,284 - my_logger - INFO - epoch 126, train loss: 0.3445
2023-06-22 15:27:30,287 - my_logger - INFO - evaluating......
2023-06-22 15:27:30,288 - my_logger - INFO - epoch 126, valid loss: 0.5017, valid auc: 85.85%
2023-06-22 15:27:30,290 - my_logger - INFO - epoch 127, train loss: 0.3244
2023-06-22 15:27:30,295 - my_logger - INFO - epoch 128, train loss: 0.3293
2023-06-22 15:27:30,298 - my_logger - INFO - evaluating......
2023-06-22 15:27:30,299 - my_logger - INFO - epoch 128, valid loss: 0.4909, valid auc: 87.25%
2023-06-22 15:27:30,303 - my_logger - INFO - epoch 129, train loss: 0.3319
2023-06-22 15:27:30,308 - my_logger - INFO - epoch 130, train loss: 0.3228
2023-06-22 15:27:30,312 - my_logger - INFO - evaluating......
2023-06-22 15:27:30,312 - my_logger - INFO - epoch 130, valid loss: 0.4817, valid auc: 87.58%
2023-06-22 15:27:30,318 - my_logger - INFO - epoch 131, train loss: 0.3164
2023-06-22 15:27:30,323 - my_logger - INFO - epoch 132, train loss: 0.3190
2023-06-22 15:27:30,327 - my_logger - INFO - evaluating......
2023-06-22 15:27:30,327 - my_logger - INFO - epoch 132, valid loss: 0.4805, valid auc: 87.30%
2023-06-22 15:27:30,331 - my_logger - INFO - epoch 133, train loss: 0.3159
2023-06-22 15:27:30,336 - my_logger - INFO - epoch 134, train loss: 0.3120
2023-06-22 15:27:30,340 - my_logger - INFO - evaluating......
2023-06-22 15:27:30,340 - my_logger - INFO - epoch 134, valid loss: 0.4740, valid auc: 87.73%
2023-06-22 15:27:30,345 - my_logger - INFO - epoch 135, train loss: 0.3133
2023-06-22 15:27:30,350 - my_logger - INFO - epoch 136, train loss: 0.3104
2023-06-22 15:27:30,354 - my_logger - INFO - evaluating......
2023-06-22 15:27:30,354 - my_logger - INFO - epoch 136, valid loss: 0.4757, valid auc: 88.09%
2023-06-22 15:27:30,359 - my_logger - INFO - epoch 137, train loss: 0.3691
2023-06-22 15:27:30,363 - my_logger - INFO - epoch 138, train loss: 0.6928
2023-06-22 15:27:30,367 - my_logger - INFO - evaluating......
2023-06-22 15:27:30,367 - my_logger - INFO - epoch 138, valid loss: 0.8602, valid auc: 83.54%
2023-06-22 15:27:30,370 - my_logger - INFO - epoch 139, train loss: 0.6059
2023-06-22 15:27:30,374 - my_logger - INFO - epoch 140, train loss: 0.6211
2023-06-22 15:27:30,378 - my_logger - INFO - evaluating......
2023-06-22 15:27:30,378 - my_logger - INFO - epoch 140, valid loss: 0.7732, valid auc: 82.63%
2023-06-22 15:27:30,381 - my_logger - INFO - epoch 141, train loss: 0.5000
2023-06-22 15:27:30,385 - my_logger - INFO - epoch 142, train loss: 0.4343
2023-06-22 15:27:30,389 - my_logger - INFO - evaluating......
2023-06-22 15:27:30,389 - my_logger - INFO - epoch 142, valid loss: 0.5683, valid auc: 86.37%
2023-06-22 15:27:30,392 - my_logger - INFO - epoch 143, train loss: 0.3841
2023-06-22 15:27:30,396 - my_logger - INFO - epoch 144, train loss: 0.4054
2023-06-22 15:27:30,400 - my_logger - INFO - evaluating......
2023-06-22 15:27:30,400 - my_logger - INFO - epoch 144, valid loss: 0.5047, valid auc: 85.25%
2023-06-22 15:27:30,403 - my_logger - INFO - epoch 145, train loss: 0.3959
2023-06-22 15:27:30,407 - my_logger - INFO - epoch 146, train loss: 0.4041
2023-06-22 15:27:30,411 - my_logger - INFO - evaluating......
2023-06-22 15:27:30,411 - my_logger - INFO - epoch 146, valid loss: 0.4923, valid auc: 86.02%
2023-06-22 15:27:30,414 - my_logger - INFO - epoch 147, train loss: 0.4100
2023-06-22 15:27:30,418 - my_logger - INFO - epoch 148, train loss: 0.4115
2023-06-22 15:27:30,422 - my_logger - INFO - evaluating......
2023-06-22 15:27:30,422 - my_logger - INFO - epoch 148, valid loss: 0.5026, valid auc: 86.02%
2023-06-22 15:27:30,425 - my_logger - INFO - epoch 149, train loss: 0.4106
2023-06-22 15:27:30,429 - my_logger - INFO - epoch 150, train loss: 0.4051
2023-06-22 15:27:30,433 - my_logger - INFO - evaluating......
2023-06-22 15:27:30,433 - my_logger - INFO - epoch 150, valid loss: 0.5043, valid auc: 86.49%
2023-06-22 15:27:30,436 - my_logger - INFO - epoch 151, train loss: 0.3958
2023-06-22 15:27:30,441 - my_logger - INFO - epoch 152, train loss: 0.3877
2023-06-22 15:27:30,444 - my_logger - INFO - evaluating......
2023-06-22 15:27:30,445 - my_logger - INFO - epoch 152, valid loss: 0.4888, valid auc: 87.08%
2023-06-22 15:27:30,447 - my_logger - INFO - epoch 153, train loss: 0.3820
2023-06-22 15:27:30,452 - my_logger - INFO - epoch 154, train loss: 0.3773
2023-06-22 15:27:30,456 - my_logger - INFO - evaluating......
2023-06-22 15:27:30,456 - my_logger - INFO - epoch 154, valid loss: 0.4766, valid auc: 87.10%
2023-06-22 15:27:30,458 - my_logger - INFO - epoch 155, train loss: 0.3702
2023-06-22 15:27:30,463 - my_logger - INFO - epoch 156, train loss: 0.3623
2023-06-22 15:27:30,467 - my_logger - INFO - evaluating......
2023-06-22 15:27:30,467 - my_logger - INFO - epoch 156, valid loss: 0.4644, valid auc: 87.41%
2023-06-22 15:27:30,470 - my_logger - INFO - epoch 157, train loss: 0.3563
2023-06-22 15:27:30,474 - my_logger - INFO - epoch 158, train loss: 0.3513
2023-06-22 15:27:30,478 - my_logger - INFO - evaluating......
2023-06-22 15:27:30,478 - my_logger - INFO - epoch 158, valid loss: 0.4613, valid auc: 87.44%
2023-06-22 15:27:30,481 - my_logger - INFO - epoch 159, train loss: 0.3463
2023-06-22 15:27:30,485 - my_logger - INFO - epoch 160, train loss: 0.3414
2023-06-22 15:27:30,489 - my_logger - INFO - evaluating......
2023-06-22 15:27:30,489 - my_logger - INFO - epoch 160, valid loss: 0.4636, valid auc: 87.48%
2023-06-22 15:27:30,492 - my_logger - INFO - epoch 161, train loss: 0.3361
2023-06-22 15:27:30,497 - my_logger - INFO - epoch 162, train loss: 0.3307
2023-06-22 15:27:30,501 - my_logger - INFO - evaluating......
2023-06-22 15:27:30,501 - my_logger - INFO - epoch 162, valid loss: 0.4678, valid auc: 87.76%
2023-06-22 15:27:30,504 - my_logger - INFO - epoch 163, train loss: 0.3291
2023-06-22 15:27:30,508 - my_logger - INFO - epoch 164, train loss: 0.3220
2023-06-22 15:27:30,512 - my_logger - INFO - evaluating......
2023-06-22 15:27:30,513 - my_logger - INFO - epoch 164, valid loss: 0.4653, valid auc: 88.02%
2023-06-22 15:27:30,515 - my_logger - INFO - epoch 165, train loss: 0.3183
2023-06-22 15:27:30,520 - my_logger - INFO - epoch 166, train loss: 0.3156
2023-06-22 15:27:30,523 - my_logger - INFO - evaluating......
2023-06-22 15:27:30,523 - my_logger - INFO - epoch 166, valid loss: 0.4605, valid auc: 88.13%
2023-06-22 15:27:30,528 - my_logger - INFO - epoch 167, train loss: 0.3108
2023-06-22 15:27:30,532 - my_logger - INFO - epoch 168, train loss: 0.3077
2023-06-22 15:27:30,536 - my_logger - INFO - evaluating......
2023-06-22 15:27:30,537 - my_logger - INFO - epoch 168, valid loss: 0.4541, valid auc: 88.52%
2023-06-22 15:27:30,541 - my_logger - INFO - epoch 169, train loss: 0.3039
2023-06-22 15:27:30,546 - my_logger - INFO - epoch 170, train loss: 0.2989
2023-06-22 15:27:30,549 - my_logger - INFO - evaluating......
2023-06-22 15:27:30,550 - my_logger - INFO - epoch 170, valid loss: 0.4505, valid auc: 88.68%
2023-06-22 15:27:30,554 - my_logger - INFO - epoch 171, train loss: 0.2955
2023-06-22 15:27:30,558 - my_logger - INFO - epoch 172, train loss: 0.2921
2023-06-22 15:27:30,562 - my_logger - INFO - evaluating......
2023-06-22 15:27:30,562 - my_logger - INFO - epoch 172, valid loss: 0.4455, valid auc: 89.05%
2023-06-22 15:27:30,568 - my_logger - INFO - epoch 173, train loss: 0.2875
2023-06-22 15:27:30,572 - my_logger - INFO - epoch 174, train loss: 0.2844
2023-06-22 15:27:30,576 - my_logger - INFO - evaluating......
2023-06-22 15:27:30,576 - my_logger - INFO - epoch 174, valid loss: 0.4351, valid auc: 89.48%
2023-06-22 15:27:30,581 - my_logger - INFO - epoch 175, train loss: 0.2799
2023-06-22 15:27:30,585 - my_logger - INFO - epoch 176, train loss: 0.2759
2023-06-22 15:27:30,589 - my_logger - INFO - evaluating......
2023-06-22 15:27:30,589 - my_logger - INFO - epoch 176, valid loss: 0.4368, valid auc: 89.90%
2023-06-22 15:27:30,594 - my_logger - INFO - epoch 177, train loss: 0.2726
2023-06-22 15:27:30,599 - my_logger - INFO - epoch 178, train loss: 0.2706
2023-06-22 15:27:30,603 - my_logger - INFO - evaluating......
2023-06-22 15:27:30,603 - my_logger - INFO - epoch 178, valid loss: 0.4303, valid auc: 90.16%
2023-06-22 15:27:30,608 - my_logger - INFO - epoch 179, train loss: 0.2685
2023-06-22 15:27:30,612 - my_logger - INFO - epoch 180, train loss: 0.2665
2023-06-22 15:27:30,616 - my_logger - INFO - evaluating......
2023-06-22 15:27:30,616 - my_logger - INFO - epoch 180, valid loss: 0.4312, valid auc: 90.36%
2023-06-22 15:27:30,620 - my_logger - INFO - epoch 181, train loss: 0.2628
2023-06-22 15:27:30,625 - my_logger - INFO - epoch 182, train loss: 0.2599
2023-06-22 15:27:30,629 - my_logger - INFO - evaluating......
2023-06-22 15:27:30,629 - my_logger - INFO - epoch 182, valid loss: 0.4249, valid auc: 90.45%
2023-06-22 15:27:30,633 - my_logger - INFO - epoch 183, train loss: 0.2569
2023-06-22 15:27:30,637 - my_logger - INFO - epoch 184, train loss: 0.2558
2023-06-22 15:27:30,641 - my_logger - INFO - evaluating......
2023-06-22 15:27:30,642 - my_logger - INFO - epoch 184, valid loss: 0.4251, valid auc: 90.62%
2023-06-22 15:27:30,646 - my_logger - INFO - epoch 185, train loss: 0.2552
2023-06-22 15:27:30,651 - my_logger - INFO - epoch 186, train loss: 0.2509
2023-06-22 15:27:30,655 - my_logger - INFO - evaluating......
2023-06-22 15:27:30,655 - my_logger - INFO - epoch 186, valid loss: 0.4165, valid auc: 90.73%
2023-06-22 15:27:30,660 - my_logger - INFO - epoch 187, train loss: 0.2516
2023-06-22 15:27:30,664 - my_logger - INFO - epoch 188, train loss: 0.2477
2023-06-22 15:27:30,668 - my_logger - INFO - evaluating......
2023-06-22 15:27:30,668 - my_logger - INFO - epoch 188, valid loss: 0.4199, valid auc: 90.91%
2023-06-22 15:27:30,673 - my_logger - INFO - epoch 189, train loss: 0.2449
2023-06-22 15:27:30,677 - my_logger - INFO - epoch 190, train loss: 0.2419
2023-06-22 15:27:30,681 - my_logger - INFO - evaluating......
2023-06-22 15:27:30,681 - my_logger - INFO - epoch 190, valid loss: 0.4248, valid auc: 90.82%
2023-06-22 15:27:30,684 - my_logger - INFO - epoch 191, train loss: 0.2400
2023-06-22 15:27:30,689 - my_logger - INFO - epoch 192, train loss: 0.2368
2023-06-22 15:27:30,692 - my_logger - INFO - evaluating......
2023-06-22 15:27:30,692 - my_logger - INFO - epoch 192, valid loss: 0.4170, valid auc: 91.17%
2023-06-22 15:27:30,697 - my_logger - INFO - epoch 193, train loss: 0.2362
2023-06-22 15:27:30,701 - my_logger - INFO - epoch 194, train loss: 0.2326
2023-06-22 15:27:30,705 - my_logger - INFO - evaluating......
2023-06-22 15:27:30,705 - my_logger - INFO - epoch 194, valid loss: 0.4205, valid auc: 91.29%
2023-06-22 15:27:30,709 - my_logger - INFO - epoch 195, train loss: 0.2319
2023-06-22 15:27:30,714 - my_logger - INFO - epoch 196, train loss: 0.2288
2023-06-22 15:27:30,718 - my_logger - INFO - evaluating......
2023-06-22 15:27:30,718 - my_logger - INFO - epoch 196, valid loss: 0.4130, valid auc: 91.48%
2023-06-22 15:27:30,722 - my_logger - INFO - epoch 197, train loss: 0.2269
2023-06-22 15:27:30,727 - my_logger - INFO - epoch 198, train loss: 0.2243
2023-06-22 15:27:30,730 - my_logger - INFO - evaluating......
2023-06-22 15:27:30,731 - my_logger - INFO - epoch 198, valid loss: 0.4162, valid auc: 91.62%
2023-06-22 15:27:30,735 - my_logger - INFO - epoch 199, train loss: 0.2227
2023-06-22 15:27:30,737 - my_logger - INFO - total train time used: 1.9856s
2023-06-22 15:27:30,737 - my_logger - INFO - testing......
2023-06-22 15:27:30,742 - my_logger - INFO - test auc: 91.28%
