2023-06-07 15:42:02,547 - my_logger - INFO - training......
2023-06-07 15:42:03,323 - my_logger - INFO - epoch 0, train loss: 0.6797
2023-06-07 15:42:03,331 - my_logger - INFO - evaluating......
2023-06-07 15:42:03,332 - my_logger - INFO - epoch 0, valid loss: 0.6875, valid auc: 67.35%
2023-06-07 15:42:03,336 - my_logger - INFO - epoch 1, train loss: 1.4137
2023-06-07 15:42:03,341 - my_logger - INFO - epoch 2, train loss: 0.6349
2023-06-07 15:42:03,346 - my_logger - INFO - evaluating......
2023-06-07 15:42:03,346 - my_logger - INFO - epoch 2, valid loss: 0.6572, valid auc: 71.43%
2023-06-07 15:42:03,349 - my_logger - INFO - epoch 3, train loss: 0.6636
2023-06-07 15:42:03,354 - my_logger - INFO - epoch 4, train loss: 0.6518
2023-06-07 15:42:03,359 - my_logger - INFO - evaluating......
2023-06-07 15:42:03,359 - my_logger - INFO - epoch 4, valid loss: 0.6700, valid auc: 69.78%
2023-06-07 15:42:03,362 - my_logger - INFO - epoch 5, train loss: 0.6454
2023-06-07 15:42:03,367 - my_logger - INFO - epoch 6, train loss: 0.6368
2023-06-07 15:42:03,372 - my_logger - INFO - evaluating......
2023-06-07 15:42:03,372 - my_logger - INFO - epoch 6, valid loss: 0.6533, valid auc: 74.28%
2023-06-07 15:42:03,376 - my_logger - INFO - epoch 7, train loss: 0.6267
2023-06-07 15:42:03,380 - my_logger - INFO - epoch 8, train loss: 0.6248
2023-06-07 15:42:03,386 - my_logger - INFO - evaluating......
2023-06-07 15:42:03,386 - my_logger - INFO - epoch 8, valid loss: 0.6413, valid auc: 74.28%
2023-06-07 15:42:03,389 - my_logger - INFO - epoch 9, train loss: 0.6217
2023-06-07 15:42:03,394 - my_logger - INFO - epoch 10, train loss: 0.6129
2023-06-07 15:42:03,399 - my_logger - INFO - evaluating......
2023-06-07 15:42:03,400 - my_logger - INFO - epoch 10, valid loss: 0.6318, valid auc: 76.73%
2023-06-07 15:42:03,403 - my_logger - INFO - epoch 11, train loss: 0.6070
2023-06-07 15:42:03,408 - my_logger - INFO - epoch 12, train loss: 0.6029
2023-06-07 15:42:03,414 - my_logger - INFO - evaluating......
2023-06-07 15:42:03,414 - my_logger - INFO - epoch 12, valid loss: 0.6258, valid auc: 80.48%
2023-06-07 15:42:03,418 - my_logger - INFO - epoch 13, train loss: 0.5960
2023-06-07 15:42:03,424 - my_logger - INFO - epoch 14, train loss: 0.5873
2023-06-07 15:42:03,429 - my_logger - INFO - evaluating......
2023-06-07 15:42:03,430 - my_logger - INFO - epoch 14, valid loss: 0.6123, valid auc: 81.38%
2023-06-07 15:42:03,434 - my_logger - INFO - epoch 15, train loss: 0.5803
2023-06-07 15:42:03,439 - my_logger - INFO - epoch 16, train loss: 0.5751
2023-06-07 15:42:03,444 - my_logger - INFO - evaluating......
2023-06-07 15:42:03,444 - my_logger - INFO - epoch 16, valid loss: 0.6011, valid auc: 81.67%
2023-06-07 15:42:03,447 - my_logger - INFO - epoch 17, train loss: 0.5685
2023-06-07 15:42:03,452 - my_logger - INFO - epoch 18, train loss: 0.5604
2023-06-07 15:42:03,457 - my_logger - INFO - evaluating......
2023-06-07 15:42:03,457 - my_logger - INFO - epoch 18, valid loss: 0.5897, valid auc: 82.88%
2023-06-07 15:42:03,460 - my_logger - INFO - epoch 19, train loss: 0.5532
2023-06-07 15:42:03,464 - my_logger - INFO - epoch 20, train loss: 0.5475
2023-06-07 15:42:03,468 - my_logger - INFO - evaluating......
2023-06-07 15:42:03,468 - my_logger - INFO - epoch 20, valid loss: 0.5807, valid auc: 83.88%
2023-06-07 15:42:03,472 - my_logger - INFO - epoch 21, train loss: 0.5419
2023-06-07 15:42:03,476 - my_logger - INFO - epoch 22, train loss: 0.5356
2023-06-07 15:42:03,480 - my_logger - INFO - evaluating......
2023-06-07 15:42:03,480 - my_logger - INFO - epoch 22, valid loss: 0.5709, valid auc: 84.17%
2023-06-07 15:42:03,483 - my_logger - INFO - epoch 23, train loss: 0.5299
2023-06-07 15:42:03,487 - my_logger - INFO - epoch 24, train loss: 0.5255
2023-06-07 15:42:03,491 - my_logger - INFO - evaluating......
2023-06-07 15:42:03,491 - my_logger - INFO - epoch 24, valid loss: 0.5622, valid auc: 84.56%
2023-06-07 15:42:03,494 - my_logger - INFO - epoch 25, train loss: 0.5223
2023-06-07 15:42:03,498 - my_logger - INFO - epoch 26, train loss: 0.5190
2023-06-07 15:42:03,502 - my_logger - INFO - evaluating......
2023-06-07 15:42:03,502 - my_logger - INFO - epoch 26, valid loss: 0.5582, valid auc: 84.55%
2023-06-07 15:42:03,504 - my_logger - INFO - epoch 27, train loss: 0.5157
2023-06-07 15:42:03,508 - my_logger - INFO - epoch 28, train loss: 0.5131
2023-06-07 15:42:03,512 - my_logger - INFO - evaluating......
2023-06-07 15:42:03,512 - my_logger - INFO - epoch 28, valid loss: 0.5551, valid auc: 84.15%
2023-06-07 15:42:03,514 - my_logger - INFO - epoch 29, train loss: 0.5105
2023-06-07 15:42:03,519 - my_logger - INFO - epoch 30, train loss: 0.5073
2023-06-07 15:42:03,523 - my_logger - INFO - evaluating......
2023-06-07 15:42:03,523 - my_logger - INFO - epoch 30, valid loss: 0.5513, valid auc: 84.26%
2023-06-07 15:42:03,525 - my_logger - INFO - epoch 31, train loss: 0.5042
2023-06-07 15:42:03,529 - my_logger - INFO - epoch 32, train loss: 0.5006
2023-06-07 15:42:03,533 - my_logger - INFO - evaluating......
2023-06-07 15:42:03,533 - my_logger - INFO - epoch 32, valid loss: 0.5479, valid auc: 84.75%
2023-06-07 15:42:03,536 - my_logger - INFO - epoch 33, train loss: 0.4961
2023-06-07 15:42:03,540 - my_logger - INFO - epoch 34, train loss: 0.4919
2023-06-07 15:42:03,543 - my_logger - INFO - evaluating......
2023-06-07 15:42:03,544 - my_logger - INFO - epoch 34, valid loss: 0.5461, valid auc: 85.23%
2023-06-07 15:42:03,547 - my_logger - INFO - epoch 35, train loss: 0.4870
2023-06-07 15:42:03,551 - my_logger - INFO - epoch 36, train loss: 0.4832
2023-06-07 15:42:03,555 - my_logger - INFO - evaluating......
2023-06-07 15:42:03,555 - my_logger - INFO - epoch 36, valid loss: 0.5440, valid auc: 85.62%
2023-06-07 15:42:03,558 - my_logger - INFO - epoch 37, train loss: 0.4790
2023-06-07 15:42:03,562 - my_logger - INFO - epoch 38, train loss: 0.4752
2023-06-07 15:42:03,566 - my_logger - INFO - evaluating......
2023-06-07 15:42:03,566 - my_logger - INFO - epoch 38, valid loss: 0.5389, valid auc: 85.86%
2023-06-07 15:42:03,570 - my_logger - INFO - epoch 39, train loss: 0.4721
2023-06-07 15:42:03,574 - my_logger - INFO - epoch 40, train loss: 0.4688
2023-06-07 15:42:03,578 - my_logger - INFO - evaluating......
2023-06-07 15:42:03,578 - my_logger - INFO - epoch 40, valid loss: 0.5347, valid auc: 86.19%
2023-06-07 15:42:03,581 - my_logger - INFO - epoch 41, train loss: 0.4652
2023-06-07 15:42:03,585 - my_logger - INFO - epoch 42, train loss: 0.4617
2023-06-07 15:42:03,589 - my_logger - INFO - evaluating......
2023-06-07 15:42:03,590 - my_logger - INFO - epoch 42, valid loss: 0.5322, valid auc: 86.81%
2023-06-07 15:42:03,592 - my_logger - INFO - epoch 43, train loss: 0.4583
2023-06-07 15:42:03,596 - my_logger - INFO - epoch 44, train loss: 0.4549
2023-06-07 15:42:03,600 - my_logger - INFO - evaluating......
2023-06-07 15:42:03,601 - my_logger - INFO - epoch 44, valid loss: 0.5288, valid auc: 87.33%
2023-06-07 15:42:03,604 - my_logger - INFO - epoch 45, train loss: 0.4519
2023-06-07 15:42:03,608 - my_logger - INFO - epoch 46, train loss: 0.4490
2023-06-07 15:42:03,612 - my_logger - INFO - evaluating......
2023-06-07 15:42:03,612 - my_logger - INFO - epoch 46, valid loss: 0.5256, valid auc: 87.82%
2023-06-07 15:42:03,615 - my_logger - INFO - epoch 47, train loss: 0.4463
2023-06-07 15:42:03,619 - my_logger - INFO - epoch 48, train loss: 0.4439
2023-06-07 15:42:03,624 - my_logger - INFO - evaluating......
2023-06-07 15:42:03,624 - my_logger - INFO - epoch 48, valid loss: 0.5246, valid auc: 88.17%
2023-06-07 15:42:03,627 - my_logger - INFO - epoch 49, train loss: 0.4414
2023-06-07 15:42:03,631 - my_logger - INFO - epoch 50, train loss: 0.4389
2023-06-07 15:42:03,636 - my_logger - INFO - evaluating......
2023-06-07 15:42:03,636 - my_logger - INFO - epoch 50, valid loss: 0.5241, valid auc: 88.40%
2023-06-07 15:42:03,639 - my_logger - INFO - epoch 51, train loss: 0.4363
2023-06-07 15:42:03,644 - my_logger - INFO - epoch 52, train loss: 0.4335
2023-06-07 15:42:03,648 - my_logger - INFO - evaluating......
2023-06-07 15:42:03,648 - my_logger - INFO - epoch 52, valid loss: 0.5245, valid auc: 88.60%
2023-06-07 15:42:03,651 - my_logger - INFO - epoch 53, train loss: 0.4307
2023-06-07 15:42:03,656 - my_logger - INFO - epoch 54, train loss: 0.4280
2023-06-07 15:42:03,660 - my_logger - INFO - evaluating......
2023-06-07 15:42:03,660 - my_logger - INFO - epoch 54, valid loss: 0.5256, valid auc: 88.73%
2023-06-07 15:42:03,663 - my_logger - INFO - epoch 55, train loss: 0.4253
2023-06-07 15:42:03,668 - my_logger - INFO - epoch 56, train loss: 0.4226
2023-06-07 15:42:03,672 - my_logger - INFO - evaluating......
2023-06-07 15:42:03,672 - my_logger - INFO - epoch 56, valid loss: 0.5274, valid auc: 88.77%
2023-06-07 15:42:03,676 - my_logger - INFO - epoch 57, train loss: 0.4199
2023-06-07 15:42:03,680 - my_logger - INFO - epoch 58, train loss: 0.4170
2023-06-07 15:42:03,684 - my_logger - INFO - evaluating......
2023-06-07 15:42:03,684 - my_logger - INFO - epoch 58, valid loss: 0.5277, valid auc: 88.88%
2023-06-07 15:42:03,687 - my_logger - INFO - epoch 59, train loss: 0.4142
2023-06-07 15:42:03,691 - my_logger - INFO - epoch 60, train loss: 0.4112
2023-06-07 15:42:03,695 - my_logger - INFO - evaluating......
2023-06-07 15:42:03,695 - my_logger - INFO - epoch 60, valid loss: 0.5276, valid auc: 88.92%
2023-06-07 15:42:03,698 - my_logger - INFO - epoch 61, train loss: 0.4082
2023-06-07 15:42:03,702 - my_logger - INFO - epoch 62, train loss: 0.4051
2023-06-07 15:42:03,706 - my_logger - INFO - evaluating......
2023-06-07 15:42:03,706 - my_logger - INFO - epoch 62, valid loss: 0.5300, valid auc: 88.93%
2023-06-07 15:42:03,709 - my_logger - INFO - epoch 63, train loss: 0.4020
2023-06-07 15:42:03,713 - my_logger - INFO - epoch 64, train loss: 0.3989
2023-06-07 15:42:03,717 - my_logger - INFO - evaluating......
2023-06-07 15:42:03,717 - my_logger - INFO - epoch 64, valid loss: 0.5318, valid auc: 88.99%
2023-06-07 15:42:03,720 - my_logger - INFO - epoch 65, train loss: 0.3958
2023-06-07 15:42:03,724 - my_logger - INFO - epoch 66, train loss: 0.3928
2023-06-07 15:42:03,728 - my_logger - INFO - evaluating......
2023-06-07 15:42:03,729 - my_logger - INFO - epoch 66, valid loss: 0.5361, valid auc: 88.99%
2023-06-07 15:42:03,731 - my_logger - INFO - epoch 67, train loss: 0.3898
2023-06-07 15:42:03,735 - my_logger - INFO - epoch 68, train loss: 0.3869
2023-06-07 15:42:03,739 - my_logger - INFO - evaluating......
2023-06-07 15:42:03,739 - my_logger - INFO - epoch 68, valid loss: 0.5401, valid auc: 89.01%
2023-06-07 15:42:03,742 - my_logger - INFO - epoch 69, train loss: 0.3839
2023-06-07 15:42:03,746 - my_logger - INFO - epoch 70, train loss: 0.3809
2023-06-07 15:42:03,750 - my_logger - INFO - evaluating......
2023-06-07 15:42:03,750 - my_logger - INFO - epoch 70, valid loss: 0.5449, valid auc: 89.04%
2023-06-07 15:42:03,753 - my_logger - INFO - epoch 71, train loss: 0.3780
2023-06-07 15:42:03,757 - my_logger - INFO - epoch 72, train loss: 0.3752
2023-06-07 15:42:03,761 - my_logger - INFO - evaluating......
2023-06-07 15:42:03,761 - my_logger - INFO - epoch 72, valid loss: 0.5496, valid auc: 89.07%
2023-06-07 15:42:03,764 - my_logger - INFO - epoch 73, train loss: 0.3723
2023-06-07 15:42:03,768 - my_logger - INFO - epoch 74, train loss: 0.3694
2023-06-07 15:42:03,772 - my_logger - INFO - evaluating......
2023-06-07 15:42:03,772 - my_logger - INFO - epoch 74, valid loss: 0.5553, valid auc: 89.06%
2023-06-07 15:42:03,774 - my_logger - INFO - epoch 75, train loss: 0.3665
2023-06-07 15:42:03,778 - my_logger - INFO - epoch 76, train loss: 0.3638
2023-06-07 15:42:03,782 - my_logger - INFO - evaluating......
2023-06-07 15:42:03,782 - my_logger - INFO - epoch 76, valid loss: 0.5605, valid auc: 89.08%
2023-06-07 15:42:03,785 - my_logger - INFO - epoch 77, train loss: 0.3611
2023-06-07 15:42:03,789 - my_logger - INFO - epoch 78, train loss: 0.3584
2023-06-07 15:42:03,793 - my_logger - INFO - evaluating......
2023-06-07 15:42:03,793 - my_logger - INFO - epoch 78, valid loss: 0.5655, valid auc: 89.05%
2023-06-07 15:42:03,795 - my_logger - INFO - epoch 79, train loss: 0.3556
2023-06-07 15:42:03,799 - my_logger - INFO - epoch 80, train loss: 0.3528
2023-06-07 15:42:03,803 - my_logger - INFO - evaluating......
2023-06-07 15:42:03,804 - my_logger - INFO - epoch 80, valid loss: 0.5712, valid auc: 89.05%
2023-06-07 15:42:03,806 - my_logger - INFO - epoch 81, train loss: 0.3500
2023-06-07 15:42:03,810 - my_logger - INFO - epoch 82, train loss: 0.3472
2023-06-07 15:42:03,814 - my_logger - INFO - evaluating......
2023-06-07 15:42:03,814 - my_logger - INFO - epoch 82, valid loss: 0.5764, valid auc: 89.02%
2023-06-07 15:42:03,816 - my_logger - INFO - epoch 83, train loss: 0.3444
2023-06-07 15:42:03,820 - my_logger - INFO - epoch 84, train loss: 0.3416
2023-06-07 15:42:03,824 - my_logger - INFO - evaluating......
2023-06-07 15:42:03,824 - my_logger - INFO - epoch 84, valid loss: 0.5839, valid auc: 88.98%
2023-06-07 15:42:03,826 - my_logger - INFO - epoch 85, train loss: 0.3388
2023-06-07 15:42:03,830 - my_logger - INFO - epoch 86, train loss: 0.3360
2023-06-07 15:42:03,834 - my_logger - INFO - evaluating......
2023-06-07 15:42:03,834 - my_logger - INFO - epoch 86, valid loss: 0.5895, valid auc: 89.01%
2023-06-07 15:42:03,837 - my_logger - INFO - epoch 87, train loss: 0.3332
2023-06-07 15:42:03,841 - my_logger - INFO - epoch 88, train loss: 0.3304
2023-06-07 15:42:03,846 - my_logger - INFO - evaluating......
2023-06-07 15:42:03,846 - my_logger - INFO - epoch 88, valid loss: 0.5952, valid auc: 88.95%
2023-06-07 15:42:03,848 - my_logger - INFO - epoch 89, train loss: 0.3276
2023-06-07 15:42:03,852 - my_logger - INFO - epoch 90, train loss: 0.3252
2023-06-07 15:42:03,856 - my_logger - INFO - evaluating......
2023-06-07 15:42:03,856 - my_logger - INFO - epoch 90, valid loss: 0.6076, valid auc: 88.80%
2023-06-07 15:42:03,859 - my_logger - INFO - epoch 91, train loss: 0.3253
2023-06-07 15:42:03,863 - my_logger - INFO - epoch 92, train loss: 0.3209
2023-06-07 15:42:03,868 - my_logger - INFO - evaluating......
2023-06-07 15:42:03,868 - my_logger - INFO - epoch 92, valid loss: 0.6235, valid auc: 88.66%
2023-06-07 15:42:03,871 - my_logger - INFO - epoch 93, train loss: 0.3165
2023-06-07 15:42:03,875 - my_logger - INFO - epoch 94, train loss: 0.3146
2023-06-07 15:42:03,879 - my_logger - INFO - evaluating......
2023-06-07 15:42:03,879 - my_logger - INFO - epoch 94, valid loss: 0.6193, valid auc: 88.75%
2023-06-07 15:42:03,881 - my_logger - INFO - epoch 95, train loss: 0.3113
2023-06-07 15:42:03,885 - my_logger - INFO - epoch 96, train loss: 0.3080
2023-06-07 15:42:03,890 - my_logger - INFO - evaluating......
2023-06-07 15:42:03,890 - my_logger - INFO - epoch 96, valid loss: 0.6296, valid auc: 88.60%
2023-06-07 15:42:03,893 - my_logger - INFO - epoch 97, train loss: 0.3056
2023-06-07 15:42:03,897 - my_logger - INFO - epoch 98, train loss: 0.3029
2023-06-07 15:42:03,902 - my_logger - INFO - evaluating......
2023-06-07 15:42:03,902 - my_logger - INFO - epoch 98, valid loss: 0.6490, valid auc: 88.55%
2023-06-07 15:42:03,904 - my_logger - INFO - epoch 99, train loss: 0.2999
2023-06-07 15:42:03,909 - my_logger - INFO - epoch 100, train loss: 0.2972
2023-06-07 15:42:03,914 - my_logger - INFO - evaluating......
2023-06-07 15:42:03,914 - my_logger - INFO - epoch 100, valid loss: 0.6562, valid auc: 88.54%
2023-06-07 15:42:03,916 - my_logger - INFO - epoch 101, train loss: 0.2946
2023-06-07 15:42:03,925 - my_logger - INFO - epoch 102, train loss: 0.2919
2023-06-07 15:42:03,933 - my_logger - INFO - evaluating......
2023-06-07 15:42:03,934 - my_logger - INFO - epoch 102, valid loss: 0.6592, valid auc: 88.50%
2023-06-07 15:42:03,937 - my_logger - INFO - epoch 103, train loss: 0.2891
2023-06-07 15:42:03,942 - my_logger - INFO - epoch 104, train loss: 0.2864
2023-06-07 15:42:03,948 - my_logger - INFO - evaluating......
2023-06-07 15:42:03,948 - my_logger - INFO - epoch 104, valid loss: 0.6815, valid auc: 88.33%
2023-06-07 15:42:03,951 - my_logger - INFO - epoch 105, train loss: 0.2841
2023-06-07 15:42:03,955 - my_logger - INFO - epoch 106, train loss: 0.2814
2023-06-07 15:42:03,961 - my_logger - INFO - evaluating......
2023-06-07 15:42:03,962 - my_logger - INFO - epoch 106, valid loss: 0.7019, valid auc: 88.20%
2023-06-07 15:42:03,964 - my_logger - INFO - epoch 107, train loss: 0.2786
2023-06-07 15:42:03,969 - my_logger - INFO - epoch 108, train loss: 0.2759
2023-06-07 15:42:03,974 - my_logger - INFO - evaluating......
2023-06-07 15:42:03,974 - my_logger - INFO - epoch 108, valid loss: 0.7108, valid auc: 88.14%
2023-06-07 15:42:03,977 - my_logger - INFO - epoch 109, train loss: 0.2735
2023-06-07 15:42:03,981 - my_logger - INFO - epoch 110, train loss: 0.2725
2023-06-07 15:42:03,986 - my_logger - INFO - evaluating......
2023-06-07 15:42:03,987 - my_logger - INFO - epoch 110, valid loss: 0.7234, valid auc: 88.23%
2023-06-07 15:42:03,989 - my_logger - INFO - epoch 111, train loss: 0.2699
2023-06-07 15:42:03,994 - my_logger - INFO - epoch 112, train loss: 0.2674
2023-06-07 15:42:03,999 - my_logger - INFO - evaluating......
2023-06-07 15:42:03,999 - my_logger - INFO - epoch 112, valid loss: 0.7263, valid auc: 88.22%
2023-06-07 15:42:04,002 - my_logger - INFO - epoch 113, train loss: 0.2642
2023-06-07 15:42:04,006 - my_logger - INFO - epoch 114, train loss: 0.2639
2023-06-07 15:42:04,011 - my_logger - INFO - evaluating......
2023-06-07 15:42:04,011 - my_logger - INFO - epoch 114, valid loss: 0.7704, valid auc: 87.67%
2023-06-07 15:42:04,014 - my_logger - INFO - epoch 115, train loss: 0.2755
2023-06-07 15:42:04,018 - my_logger - INFO - epoch 116, train loss: 0.2634
2023-06-07 15:42:04,023 - my_logger - INFO - evaluating......
2023-06-07 15:42:04,023 - my_logger - INFO - epoch 116, valid loss: 0.8077, valid auc: 88.10%
2023-06-07 15:42:04,026 - my_logger - INFO - epoch 117, train loss: 0.2662
2023-06-07 15:42:04,031 - my_logger - INFO - epoch 118, train loss: 0.2565
2023-06-07 15:42:04,035 - my_logger - INFO - evaluating......
2023-06-07 15:42:04,035 - my_logger - INFO - epoch 118, valid loss: 0.7728, valid auc: 87.60%
2023-06-07 15:42:04,038 - my_logger - INFO - epoch 119, train loss: 0.2593
2023-06-07 15:42:04,043 - my_logger - INFO - epoch 120, train loss: 0.2549
2023-06-07 15:42:04,047 - my_logger - INFO - evaluating......
2023-06-07 15:42:04,048 - my_logger - INFO - epoch 120, valid loss: 0.7939, valid auc: 87.15%
2023-06-07 15:42:04,050 - my_logger - INFO - epoch 121, train loss: 0.2493
2023-06-07 15:42:04,055 - my_logger - INFO - epoch 122, train loss: 0.2517
2023-06-07 15:42:04,060 - my_logger - INFO - evaluating......
2023-06-07 15:42:04,060 - my_logger - INFO - epoch 122, valid loss: 0.8556, valid auc: 87.77%
2023-06-07 15:42:04,062 - my_logger - INFO - epoch 123, train loss: 0.2505
2023-06-07 15:42:04,067 - my_logger - INFO - epoch 124, train loss: 0.2461
2023-06-07 15:42:04,071 - my_logger - INFO - evaluating......
2023-06-07 15:42:04,072 - my_logger - INFO - epoch 124, valid loss: 0.8507, valid auc: 87.64%
2023-06-07 15:42:04,074 - my_logger - INFO - epoch 125, train loss: 0.2427
2023-06-07 15:42:04,079 - my_logger - INFO - epoch 126, train loss: 0.2453
2023-06-07 15:42:04,083 - my_logger - INFO - evaluating......
2023-06-07 15:42:04,083 - my_logger - INFO - epoch 126, valid loss: 0.8332, valid auc: 87.14%
2023-06-07 15:42:04,086 - my_logger - INFO - epoch 127, train loss: 0.2391
2023-06-07 15:42:04,091 - my_logger - INFO - epoch 128, train loss: 0.2396
2023-06-07 15:42:04,095 - my_logger - INFO - evaluating......
2023-06-07 15:42:04,096 - my_logger - INFO - epoch 128, valid loss: 0.8759, valid auc: 87.21%
2023-06-07 15:42:04,098 - my_logger - INFO - epoch 129, train loss: 0.2353
2023-06-07 15:42:04,103 - my_logger - INFO - epoch 130, train loss: 0.2361
2023-06-07 15:42:04,108 - my_logger - INFO - evaluating......
2023-06-07 15:42:04,108 - my_logger - INFO - epoch 130, valid loss: 0.9047, valid auc: 87.41%
2023-06-07 15:42:04,111 - my_logger - INFO - epoch 131, train loss: 0.2324
2023-06-07 15:42:04,115 - my_logger - INFO - epoch 132, train loss: 0.2309
2023-06-07 15:42:04,120 - my_logger - INFO - evaluating......
2023-06-07 15:42:04,120 - my_logger - INFO - epoch 132, valid loss: 0.9130, valid auc: 87.07%
2023-06-07 15:42:04,123 - my_logger - INFO - epoch 133, train loss: 0.2293
2023-06-07 15:42:04,127 - my_logger - INFO - epoch 134, train loss: 0.2273
2023-06-07 15:42:04,131 - my_logger - INFO - evaluating......
2023-06-07 15:42:04,132 - my_logger - INFO - epoch 134, valid loss: 0.9085, valid auc: 86.86%
2023-06-07 15:42:04,134 - my_logger - INFO - epoch 135, train loss: 0.2261
2023-06-07 15:42:04,140 - my_logger - INFO - epoch 136, train loss: 0.2232
2023-06-07 15:42:04,144 - my_logger - INFO - evaluating......
2023-06-07 15:42:04,144 - my_logger - INFO - epoch 136, valid loss: 0.9389, valid auc: 87.01%
2023-06-07 15:42:04,146 - my_logger - INFO - epoch 137, train loss: 0.2228
2023-06-07 15:42:04,151 - my_logger - INFO - epoch 138, train loss: 0.2209
2023-06-07 15:42:04,156 - my_logger - INFO - evaluating......
2023-06-07 15:42:04,157 - my_logger - INFO - epoch 138, valid loss: 0.9821, valid auc: 86.99%
2023-06-07 15:42:04,159 - my_logger - INFO - epoch 139, train loss: 0.2187
2023-06-07 15:42:04,163 - my_logger - INFO - epoch 140, train loss: 0.2169
2023-06-07 15:42:04,168 - my_logger - INFO - evaluating......
2023-06-07 15:42:04,168 - my_logger - INFO - epoch 140, valid loss: 0.9677, valid auc: 86.74%
2023-06-07 15:42:04,171 - my_logger - INFO - epoch 141, train loss: 0.2164
2023-06-07 15:42:04,175 - my_logger - INFO - epoch 142, train loss: 0.2135
2023-06-07 15:42:04,180 - my_logger - INFO - evaluating......
2023-06-07 15:42:04,180 - my_logger - INFO - epoch 142, valid loss: 0.9912, valid auc: 86.68%
2023-06-07 15:42:04,182 - my_logger - INFO - epoch 143, train loss: 0.2128
2023-06-07 15:42:04,187 - my_logger - INFO - epoch 144, train loss: 0.2109
2023-06-07 15:42:04,192 - my_logger - INFO - evaluating......
2023-06-07 15:42:04,192 - my_logger - INFO - epoch 144, valid loss: 1.0275, valid auc: 86.77%
2023-06-07 15:42:04,194 - my_logger - INFO - epoch 145, train loss: 0.2096
2023-06-07 15:42:04,198 - my_logger - INFO - epoch 146, train loss: 0.2077
2023-06-07 15:42:04,203 - my_logger - INFO - evaluating......
2023-06-07 15:42:04,203 - my_logger - INFO - epoch 146, valid loss: 1.0451, valid auc: 86.68%
2023-06-07 15:42:04,206 - my_logger - INFO - epoch 147, train loss: 0.2064
2023-06-07 15:42:04,210 - my_logger - INFO - epoch 148, train loss: 0.2047
2023-06-07 15:42:04,214 - my_logger - INFO - evaluating......
2023-06-07 15:42:04,215 - my_logger - INFO - epoch 148, valid loss: 1.0423, valid auc: 86.49%
2023-06-07 15:42:04,217 - my_logger - INFO - epoch 149, train loss: 0.2032
2023-06-07 15:42:04,222 - my_logger - INFO - epoch 150, train loss: 0.2016
2023-06-07 15:42:04,226 - my_logger - INFO - evaluating......
2023-06-07 15:42:04,226 - my_logger - INFO - epoch 150, valid loss: 1.0864, valid auc: 86.44%
2023-06-07 15:42:04,228 - my_logger - INFO - epoch 151, train loss: 0.2002
2023-06-07 15:42:04,232 - my_logger - INFO - epoch 152, train loss: 0.1987
2023-06-07 15:42:04,237 - my_logger - INFO - evaluating......
2023-06-07 15:42:04,237 - my_logger - INFO - epoch 152, valid loss: 1.0976, valid auc: 86.56%
2023-06-07 15:42:04,240 - my_logger - INFO - epoch 153, train loss: 0.1971
2023-06-07 15:42:04,244 - my_logger - INFO - epoch 154, train loss: 0.1959
2023-06-07 15:42:04,248 - my_logger - INFO - evaluating......
2023-06-07 15:42:04,248 - my_logger - INFO - epoch 154, valid loss: 1.1150, valid auc: 86.38%
2023-06-07 15:42:04,250 - my_logger - INFO - epoch 155, train loss: 0.1942
2023-06-07 15:42:04,255 - my_logger - INFO - epoch 156, train loss: 0.1930
2023-06-07 15:42:04,259 - my_logger - INFO - evaluating......
2023-06-07 15:42:04,259 - my_logger - INFO - epoch 156, valid loss: 1.1397, valid auc: 86.35%
2023-06-07 15:42:04,261 - my_logger - INFO - epoch 157, train loss: 0.1912
2023-06-07 15:42:04,266 - my_logger - INFO - epoch 158, train loss: 0.1899
2023-06-07 15:42:04,271 - my_logger - INFO - evaluating......
2023-06-07 15:42:04,271 - my_logger - INFO - epoch 158, valid loss: 1.1739, valid auc: 86.32%
2023-06-07 15:42:04,273 - my_logger - INFO - epoch 159, train loss: 0.1888
2023-06-07 15:42:04,277 - my_logger - INFO - epoch 160, train loss: 0.1877
2023-06-07 15:42:04,281 - my_logger - INFO - evaluating......
2023-06-07 15:42:04,282 - my_logger - INFO - epoch 160, valid loss: 1.2068, valid auc: 86.20%
2023-06-07 15:42:04,284 - my_logger - INFO - epoch 161, train loss: 0.1872
2023-06-07 15:42:04,289 - my_logger - INFO - epoch 162, train loss: 0.1847
2023-06-07 15:42:04,293 - my_logger - INFO - evaluating......
2023-06-07 15:42:04,293 - my_logger - INFO - epoch 162, valid loss: 1.2018, valid auc: 86.11%
2023-06-07 15:42:04,296 - my_logger - INFO - epoch 163, train loss: 0.1850
2023-06-07 15:42:04,301 - my_logger - INFO - epoch 164, train loss: 0.1843
2023-06-07 15:42:04,305 - my_logger - INFO - evaluating......
2023-06-07 15:42:04,306 - my_logger - INFO - epoch 164, valid loss: 1.1993, valid auc: 86.12%
2023-06-07 15:42:04,308 - my_logger - INFO - epoch 165, train loss: 0.1824
2023-06-07 15:42:04,312 - my_logger - INFO - epoch 166, train loss: 0.1816
2023-06-07 15:42:04,316 - my_logger - INFO - evaluating......
2023-06-07 15:42:04,316 - my_logger - INFO - epoch 166, valid loss: 1.2824, valid auc: 86.09%
2023-06-07 15:42:04,319 - my_logger - INFO - epoch 167, train loss: 0.1785
2023-06-07 15:42:04,323 - my_logger - INFO - epoch 168, train loss: 0.1805
2023-06-07 15:42:04,328 - my_logger - INFO - evaluating......
2023-06-07 15:42:04,328 - my_logger - INFO - epoch 168, valid loss: 1.2689, valid auc: 85.77%
2023-06-07 15:42:04,330 - my_logger - INFO - epoch 169, train loss: 0.1780
2023-06-07 15:42:04,334 - my_logger - INFO - epoch 170, train loss: 0.1762
2023-06-07 15:42:04,339 - my_logger - INFO - evaluating......
2023-06-07 15:42:04,339 - my_logger - INFO - epoch 170, valid loss: 1.3359, valid auc: 85.90%
2023-06-07 15:42:04,341 - my_logger - INFO - epoch 171, train loss: 0.1748
2023-06-07 15:42:04,345 - my_logger - INFO - epoch 172, train loss: 0.1728
2023-06-07 15:42:04,349 - my_logger - INFO - evaluating......
2023-06-07 15:42:04,350 - my_logger - INFO - epoch 172, valid loss: 1.3023, valid auc: 85.92%
2023-06-07 15:42:04,352 - my_logger - INFO - epoch 173, train loss: 0.1715
2023-06-07 15:42:04,356 - my_logger - INFO - epoch 174, train loss: 0.1712
2023-06-07 15:42:04,360 - my_logger - INFO - evaluating......
2023-06-07 15:42:04,360 - my_logger - INFO - epoch 174, valid loss: 1.3869, valid auc: 85.74%
2023-06-07 15:42:04,363 - my_logger - INFO - epoch 175, train loss: 0.1696
2023-06-07 15:42:04,367 - my_logger - INFO - epoch 176, train loss: 0.1691
2023-06-07 15:42:04,371 - my_logger - INFO - evaluating......
2023-06-07 15:42:04,371 - my_logger - INFO - epoch 176, valid loss: 1.3375, valid auc: 85.83%
2023-06-07 15:42:04,373 - my_logger - INFO - epoch 177, train loss: 0.1669
2023-06-07 15:42:04,378 - my_logger - INFO - epoch 178, train loss: 0.1676
2023-06-07 15:42:04,382 - my_logger - INFO - evaluating......
2023-06-07 15:42:04,382 - my_logger - INFO - epoch 178, valid loss: 1.4427, valid auc: 85.57%
2023-06-07 15:42:04,384 - my_logger - INFO - epoch 179, train loss: 0.1686
2023-06-07 15:42:04,389 - my_logger - INFO - epoch 180, train loss: 0.1641
2023-06-07 15:42:04,393 - my_logger - INFO - evaluating......
2023-06-07 15:42:04,393 - my_logger - INFO - epoch 180, valid loss: 1.4360, valid auc: 85.70%
2023-06-07 15:42:04,395 - my_logger - INFO - epoch 181, train loss: 0.1644
2023-06-07 15:42:04,399 - my_logger - INFO - epoch 182, train loss: 0.1630
2023-06-07 15:42:04,403 - my_logger - INFO - evaluating......
2023-06-07 15:42:04,404 - my_logger - INFO - epoch 182, valid loss: 1.4558, valid auc: 85.47%
2023-06-07 15:42:04,406 - my_logger - INFO - epoch 183, train loss: 0.1612
2023-06-07 15:42:04,410 - my_logger - INFO - epoch 184, train loss: 0.1607
2023-06-07 15:42:04,415 - my_logger - INFO - evaluating......
2023-06-07 15:42:04,415 - my_logger - INFO - epoch 184, valid loss: 1.4644, valid auc: 85.34%
2023-06-07 15:42:04,418 - my_logger - INFO - epoch 185, train loss: 0.1584
2023-06-07 15:42:04,423 - my_logger - INFO - epoch 186, train loss: 0.1583
2023-06-07 15:42:04,427 - my_logger - INFO - evaluating......
2023-06-07 15:42:04,428 - my_logger - INFO - epoch 186, valid loss: 1.5139, valid auc: 85.39%
2023-06-07 15:42:04,431 - my_logger - INFO - epoch 187, train loss: 0.1573
2023-06-07 15:42:04,436 - my_logger - INFO - epoch 188, train loss: 0.1554
2023-06-07 15:42:04,441 - my_logger - INFO - evaluating......
2023-06-07 15:42:04,441 - my_logger - INFO - epoch 188, valid loss: 1.5279, valid auc: 85.16%
2023-06-07 15:42:04,444 - my_logger - INFO - epoch 189, train loss: 0.1566
2023-06-07 15:42:04,448 - my_logger - INFO - epoch 190, train loss: 0.1572
2023-06-07 15:42:04,454 - my_logger - INFO - evaluating......
2023-06-07 15:42:04,454 - my_logger - INFO - epoch 190, valid loss: 1.5650, valid auc: 85.16%
2023-06-07 15:42:04,457 - my_logger - INFO - epoch 191, train loss: 0.1642
2023-06-07 15:42:04,461 - my_logger - INFO - epoch 192, train loss: 0.1598
2023-06-07 15:42:04,465 - my_logger - INFO - evaluating......
2023-06-07 15:42:04,465 - my_logger - INFO - epoch 192, valid loss: 1.5966, valid auc: 85.08%
2023-06-07 15:42:04,468 - my_logger - INFO - epoch 193, train loss: 0.1511
2023-06-07 15:42:04,472 - my_logger - INFO - epoch 194, train loss: 0.1562
2023-06-07 15:42:04,476 - my_logger - INFO - evaluating......
2023-06-07 15:42:04,477 - my_logger - INFO - epoch 194, valid loss: 1.6194, valid auc: 85.32%
2023-06-07 15:42:04,479 - my_logger - INFO - epoch 195, train loss: 0.1506
2023-06-07 15:42:04,484 - my_logger - INFO - epoch 196, train loss: 0.1533
2023-06-07 15:42:04,488 - my_logger - INFO - evaluating......
2023-06-07 15:42:04,488 - my_logger - INFO - epoch 196, valid loss: 1.6176, valid auc: 84.94%
2023-06-07 15:42:04,491 - my_logger - INFO - epoch 197, train loss: 0.1493
2023-06-07 15:42:04,495 - my_logger - INFO - epoch 198, train loss: 0.1502
2023-06-07 15:42:04,499 - my_logger - INFO - evaluating......
2023-06-07 15:42:04,499 - my_logger - INFO - epoch 198, valid loss: 1.6830, valid auc: 85.12%
2023-06-07 15:42:04,501 - my_logger - INFO - epoch 199, train loss: 0.1509
2023-06-07 15:42:04,504 - my_logger - INFO - total train time used: 1.9560s
2023-06-07 15:42:04,504 - my_logger - INFO - testing......
2023-06-07 15:42:04,508 - my_logger - INFO - test auc: 87.38%
