2023-06-07 15:53:11,848 - my_logger - INFO - training......
2023-06-07 15:53:12,492 - my_logger - INFO - epoch 0, train loss: 0.6934
2023-06-07 15:53:12,499 - my_logger - INFO - evaluating......
2023-06-07 15:53:12,500 - my_logger - INFO - epoch 0, valid loss: 0.6933, valid auc: 49.82%
2023-06-07 15:53:12,504 - my_logger - INFO - epoch 1, train loss: 0.6930
2023-06-07 15:53:12,508 - my_logger - INFO - epoch 2, train loss: 0.6921
2023-06-07 15:53:12,512 - my_logger - INFO - evaluating......
2023-06-07 15:53:12,512 - my_logger - INFO - epoch 2, valid loss: 0.6924, valid auc: 63.66%
2023-06-07 15:53:12,517 - my_logger - INFO - epoch 3, train loss: 0.6901
2023-06-07 15:53:12,521 - my_logger - INFO - epoch 4, train loss: 0.6867
2023-06-07 15:53:12,525 - my_logger - INFO - evaluating......
2023-06-07 15:53:12,525 - my_logger - INFO - epoch 4, valid loss: 0.6879, valid auc: 64.70%
2023-06-07 15:53:12,530 - my_logger - INFO - epoch 5, train loss: 0.6816
2023-06-07 15:53:12,534 - my_logger - INFO - epoch 6, train loss: 0.6747
2023-06-07 15:53:12,538 - my_logger - INFO - evaluating......
2023-06-07 15:53:12,538 - my_logger - INFO - epoch 6, valid loss: 0.6806, valid auc: 65.88%
2023-06-07 15:53:12,542 - my_logger - INFO - epoch 7, train loss: 0.6662
2023-06-07 15:53:12,546 - my_logger - INFO - epoch 8, train loss: 0.6572
2023-06-07 15:53:12,551 - my_logger - INFO - evaluating......
2023-06-07 15:53:12,551 - my_logger - INFO - epoch 8, valid loss: 0.6741, valid auc: 66.70%
2023-06-07 15:53:12,555 - my_logger - INFO - epoch 9, train loss: 0.6524
2023-06-07 15:53:12,559 - my_logger - INFO - epoch 10, train loss: 0.6380
2023-06-07 15:53:12,563 - my_logger - INFO - evaluating......
2023-06-07 15:53:12,563 - my_logger - INFO - epoch 10, valid loss: 0.6623, valid auc: 66.72%
2023-06-07 15:53:12,568 - my_logger - INFO - epoch 11, train loss: 0.6400
2023-06-07 15:53:12,572 - my_logger - INFO - epoch 12, train loss: 0.6319
2023-06-07 15:53:12,577 - my_logger - INFO - evaluating......
2023-06-07 15:53:12,577 - my_logger - INFO - epoch 12, valid loss: 0.6585, valid auc: 65.87%
2023-06-07 15:53:12,579 - my_logger - INFO - epoch 13, train loss: 0.6292
2023-06-07 15:53:12,584 - my_logger - INFO - epoch 14, train loss: 0.6107
2023-06-07 15:53:12,588 - my_logger - INFO - evaluating......
2023-06-07 15:53:12,588 - my_logger - INFO - epoch 14, valid loss: 0.6551, valid auc: 67.90%
2023-06-07 15:53:12,593 - my_logger - INFO - epoch 15, train loss: 0.6208
2023-06-07 15:53:12,597 - my_logger - INFO - epoch 16, train loss: 0.6032
2023-06-07 15:53:12,601 - my_logger - INFO - evaluating......
2023-06-07 15:53:12,601 - my_logger - INFO - epoch 16, valid loss: 0.6473, valid auc: 67.88%
2023-06-07 15:53:12,604 - my_logger - INFO - epoch 17, train loss: 0.6109
2023-06-07 15:53:12,608 - my_logger - INFO - epoch 18, train loss: 0.5910
2023-06-07 15:53:12,612 - my_logger - INFO - evaluating......
2023-06-07 15:53:12,612 - my_logger - INFO - epoch 18, valid loss: 0.6451, valid auc: 68.53%
2023-06-07 15:53:12,618 - my_logger - INFO - epoch 19, train loss: 0.6056
2023-06-07 15:53:12,622 - my_logger - INFO - epoch 20, train loss: 0.5835
2023-06-07 15:53:12,626 - my_logger - INFO - evaluating......
2023-06-07 15:53:12,626 - my_logger - INFO - epoch 20, valid loss: 0.6416, valid auc: 68.84%
2023-06-07 15:53:12,632 - my_logger - INFO - epoch 21, train loss: 0.5935
2023-06-07 15:53:12,636 - my_logger - INFO - epoch 22, train loss: 0.5786
2023-06-07 15:53:12,639 - my_logger - INFO - evaluating......
2023-06-07 15:53:12,640 - my_logger - INFO - epoch 22, valid loss: 0.6403, valid auc: 69.00%
2023-06-07 15:53:12,644 - my_logger - INFO - epoch 23, train loss: 0.5846
2023-06-07 15:53:12,648 - my_logger - INFO - epoch 24, train loss: 0.5721
2023-06-07 15:53:12,652 - my_logger - INFO - evaluating......
2023-06-07 15:53:12,652 - my_logger - INFO - epoch 24, valid loss: 0.6440, valid auc: 69.19%
2023-06-07 15:53:12,657 - my_logger - INFO - epoch 25, train loss: 0.5741
2023-06-07 15:53:12,661 - my_logger - INFO - epoch 26, train loss: 0.5685
2023-06-07 15:53:12,665 - my_logger - INFO - evaluating......
2023-06-07 15:53:12,665 - my_logger - INFO - epoch 26, valid loss: 0.6400, valid auc: 69.31%
2023-06-07 15:53:12,670 - my_logger - INFO - epoch 27, train loss: 0.5652
2023-06-07 15:53:12,673 - my_logger - INFO - epoch 28, train loss: 0.5610
2023-06-07 15:53:12,677 - my_logger - INFO - evaluating......
2023-06-07 15:53:12,678 - my_logger - INFO - epoch 28, valid loss: 0.6483, valid auc: 69.45%
2023-06-07 15:53:12,682 - my_logger - INFO - epoch 29, train loss: 0.5577
2023-06-07 15:53:12,686 - my_logger - INFO - epoch 30, train loss: 0.5536
2023-06-07 15:53:12,690 - my_logger - INFO - evaluating......
2023-06-07 15:53:12,690 - my_logger - INFO - epoch 30, valid loss: 0.6414, valid auc: 69.66%
2023-06-07 15:53:12,695 - my_logger - INFO - epoch 31, train loss: 0.5509
2023-06-07 15:53:12,698 - my_logger - INFO - epoch 32, train loss: 0.5453
2023-06-07 15:53:12,702 - my_logger - INFO - evaluating......
2023-06-07 15:53:12,703 - my_logger - INFO - epoch 32, valid loss: 0.6467, valid auc: 69.92%
2023-06-07 15:53:12,707 - my_logger - INFO - epoch 33, train loss: 0.5443
2023-06-07 15:53:12,711 - my_logger - INFO - epoch 34, train loss: 0.5369
2023-06-07 15:53:12,715 - my_logger - INFO - evaluating......
2023-06-07 15:53:12,715 - my_logger - INFO - epoch 34, valid loss: 0.6440, valid auc: 70.31%
2023-06-07 15:53:12,719 - my_logger - INFO - epoch 35, train loss: 0.5365
2023-06-07 15:53:12,723 - my_logger - INFO - epoch 36, train loss: 0.5300
2023-06-07 15:53:12,727 - my_logger - INFO - evaluating......
2023-06-07 15:53:12,727 - my_logger - INFO - epoch 36, valid loss: 0.6413, valid auc: 70.78%
2023-06-07 15:53:12,731 - my_logger - INFO - epoch 37, train loss: 0.5257
2023-06-07 15:53:12,735 - my_logger - INFO - epoch 38, train loss: 0.5246
2023-06-07 15:53:12,739 - my_logger - INFO - evaluating......
2023-06-07 15:53:12,739 - my_logger - INFO - epoch 38, valid loss: 0.6504, valid auc: 71.19%
2023-06-07 15:53:12,743 - my_logger - INFO - epoch 39, train loss: 0.5186
2023-06-07 15:53:12,747 - my_logger - INFO - epoch 40, train loss: 0.5121
2023-06-07 15:53:12,751 - my_logger - INFO - evaluating......
2023-06-07 15:53:12,751 - my_logger - INFO - epoch 40, valid loss: 0.6398, valid auc: 71.82%
2023-06-07 15:53:12,755 - my_logger - INFO - epoch 41, train loss: 0.5108
2023-06-07 15:53:12,759 - my_logger - INFO - epoch 42, train loss: 0.5092
2023-06-07 15:53:12,763 - my_logger - INFO - evaluating......
2023-06-07 15:53:12,763 - my_logger - INFO - epoch 42, valid loss: 0.6376, valid auc: 72.32%
2023-06-07 15:53:12,767 - my_logger - INFO - epoch 43, train loss: 0.5017
2023-06-07 15:53:12,771 - my_logger - INFO - epoch 44, train loss: 0.4962
2023-06-07 15:53:12,775 - my_logger - INFO - evaluating......
2023-06-07 15:53:12,775 - my_logger - INFO - epoch 44, valid loss: 0.6396, valid auc: 72.63%
2023-06-07 15:53:12,780 - my_logger - INFO - epoch 45, train loss: 0.4950
2023-06-07 15:53:12,783 - my_logger - INFO - epoch 46, train loss: 0.4937
2023-06-07 15:53:12,787 - my_logger - INFO - evaluating......
2023-06-07 15:53:12,788 - my_logger - INFO - epoch 46, valid loss: 0.6496, valid auc: 72.95%
2023-06-07 15:53:12,792 - my_logger - INFO - epoch 47, train loss: 0.4915
2023-06-07 15:53:12,796 - my_logger - INFO - epoch 48, train loss: 0.4844
2023-06-07 15:53:12,800 - my_logger - INFO - evaluating......
2023-06-07 15:53:12,800 - my_logger - INFO - epoch 48, valid loss: 0.6465, valid auc: 73.30%
2023-06-07 15:53:12,805 - my_logger - INFO - epoch 49, train loss: 0.4785
2023-06-07 15:53:12,809 - my_logger - INFO - epoch 50, train loss: 0.4763
2023-06-07 15:53:12,813 - my_logger - INFO - evaluating......
2023-06-07 15:53:12,813 - my_logger - INFO - epoch 50, valid loss: 0.6387, valid auc: 73.67%
2023-06-07 15:53:12,818 - my_logger - INFO - epoch 51, train loss: 0.4763
2023-06-07 15:53:12,821 - my_logger - INFO - epoch 52, train loss: 0.4783
2023-06-07 15:53:12,825 - my_logger - INFO - evaluating......
2023-06-07 15:53:12,826 - my_logger - INFO - epoch 52, valid loss: 0.6426, valid auc: 73.91%
2023-06-07 15:53:12,830 - my_logger - INFO - epoch 53, train loss: 0.4752
2023-06-07 15:53:12,834 - my_logger - INFO - epoch 54, train loss: 0.4691
2023-06-07 15:53:12,838 - my_logger - INFO - evaluating......
2023-06-07 15:53:12,838 - my_logger - INFO - epoch 54, valid loss: 0.6407, valid auc: 74.05%
2023-06-07 15:53:12,843 - my_logger - INFO - epoch 55, train loss: 0.4614
2023-06-07 15:53:12,846 - my_logger - INFO - epoch 56, train loss: 0.4621
2023-06-07 15:53:12,850 - my_logger - INFO - evaluating......
2023-06-07 15:53:12,851 - my_logger - INFO - epoch 56, valid loss: 0.6497, valid auc: 74.07%
2023-06-07 15:53:12,855 - my_logger - INFO - epoch 57, train loss: 0.4639
2023-06-07 15:53:12,859 - my_logger - INFO - epoch 58, train loss: 0.4562
2023-06-07 15:53:12,862 - my_logger - INFO - evaluating......
2023-06-07 15:53:12,863 - my_logger - INFO - epoch 58, valid loss: 0.6511, valid auc: 74.22%
2023-06-07 15:53:12,867 - my_logger - INFO - epoch 59, train loss: 0.4514
2023-06-07 15:53:12,871 - my_logger - INFO - epoch 60, train loss: 0.4525
2023-06-07 15:53:12,875 - my_logger - INFO - evaluating......
2023-06-07 15:53:12,875 - my_logger - INFO - epoch 60, valid loss: 0.6460, valid auc: 74.39%
2023-06-07 15:53:12,879 - my_logger - INFO - epoch 61, train loss: 0.4515
2023-06-07 15:53:12,883 - my_logger - INFO - epoch 62, train loss: 0.4478
2023-06-07 15:53:12,887 - my_logger - INFO - evaluating......
2023-06-07 15:53:12,887 - my_logger - INFO - epoch 62, valid loss: 0.6491, valid auc: 74.53%
2023-06-07 15:53:12,892 - my_logger - INFO - epoch 63, train loss: 0.4417
2023-06-07 15:53:12,896 - my_logger - INFO - epoch 64, train loss: 0.4392
2023-06-07 15:53:12,900 - my_logger - INFO - evaluating......
2023-06-07 15:53:12,900 - my_logger - INFO - epoch 64, valid loss: 0.6545, valid auc: 74.69%
2023-06-07 15:53:12,904 - my_logger - INFO - epoch 65, train loss: 0.4395
2023-06-07 15:53:12,908 - my_logger - INFO - epoch 66, train loss: 0.4385
2023-06-07 15:53:12,912 - my_logger - INFO - evaluating......
2023-06-07 15:53:12,912 - my_logger - INFO - epoch 66, valid loss: 0.6647, valid auc: 74.81%
2023-06-07 15:53:12,917 - my_logger - INFO - epoch 67, train loss: 0.4364
2023-06-07 15:53:12,920 - my_logger - INFO - epoch 68, train loss: 0.4303
2023-06-07 15:53:12,924 - my_logger - INFO - evaluating......
2023-06-07 15:53:12,924 - my_logger - INFO - epoch 68, valid loss: 0.6612, valid auc: 75.00%
2023-06-07 15:53:12,929 - my_logger - INFO - epoch 69, train loss: 0.4256
2023-06-07 15:53:12,933 - my_logger - INFO - epoch 70, train loss: 0.4235
2023-06-07 15:53:12,936 - my_logger - INFO - evaluating......
2023-06-07 15:53:12,937 - my_logger - INFO - epoch 70, valid loss: 0.6559, valid auc: 75.19%
2023-06-07 15:53:12,941 - my_logger - INFO - epoch 71, train loss: 0.4227
2023-06-07 15:53:12,945 - my_logger - INFO - epoch 72, train loss: 0.4227
2023-06-07 15:53:12,949 - my_logger - INFO - evaluating......
2023-06-07 15:53:12,949 - my_logger - INFO - epoch 72, valid loss: 0.6605, valid auc: 75.36%
2023-06-07 15:53:12,954 - my_logger - INFO - epoch 73, train loss: 0.4198
2023-06-07 15:53:12,958 - my_logger - INFO - epoch 74, train loss: 0.4171
2023-06-07 15:53:12,962 - my_logger - INFO - evaluating......
2023-06-07 15:53:12,962 - my_logger - INFO - epoch 74, valid loss: 0.6620, valid auc: 75.58%
2023-06-07 15:53:12,967 - my_logger - INFO - epoch 75, train loss: 0.4103
2023-06-07 15:53:12,970 - my_logger - INFO - epoch 76, train loss: 0.4049
2023-06-07 15:53:12,974 - my_logger - INFO - evaluating......
2023-06-07 15:53:12,974 - my_logger - INFO - epoch 76, valid loss: 0.6598, valid auc: 75.96%
2023-06-07 15:53:12,979 - my_logger - INFO - epoch 77, train loss: 0.4022
2023-06-07 15:53:12,983 - my_logger - INFO - epoch 78, train loss: 0.4011
2023-06-07 15:53:12,987 - my_logger - INFO - evaluating......
2023-06-07 15:53:12,987 - my_logger - INFO - epoch 78, valid loss: 0.6678, valid auc: 76.30%
2023-06-07 15:53:12,991 - my_logger - INFO - epoch 79, train loss: 0.4012
2023-06-07 15:53:12,995 - my_logger - INFO - epoch 80, train loss: 0.3985
2023-06-07 15:53:12,999 - my_logger - INFO - evaluating......
2023-06-07 15:53:12,999 - my_logger - INFO - epoch 80, valid loss: 0.6746, valid auc: 76.67%
2023-06-07 15:53:13,004 - my_logger - INFO - epoch 81, train loss: 0.3970
2023-06-07 15:53:13,008 - my_logger - INFO - epoch 82, train loss: 0.3884
2023-06-07 15:53:13,012 - my_logger - INFO - evaluating......
2023-06-07 15:53:13,012 - my_logger - INFO - epoch 82, valid loss: 0.6710, valid auc: 77.01%
2023-06-07 15:53:13,017 - my_logger - INFO - epoch 83, train loss: 0.3812
2023-06-07 15:53:13,021 - my_logger - INFO - epoch 84, train loss: 0.3778
2023-06-07 15:53:13,025 - my_logger - INFO - evaluating......
2023-06-07 15:53:13,025 - my_logger - INFO - epoch 84, valid loss: 0.6692, valid auc: 77.38%
2023-06-07 15:53:13,030 - my_logger - INFO - epoch 85, train loss: 0.3772
2023-06-07 15:53:13,034 - my_logger - INFO - epoch 86, train loss: 0.3775
2023-06-07 15:53:13,038 - my_logger - INFO - evaluating......
2023-06-07 15:53:13,038 - my_logger - INFO - epoch 86, valid loss: 0.6843, valid auc: 77.61%
2023-06-07 15:53:13,043 - my_logger - INFO - epoch 87, train loss: 0.3729
2023-06-07 15:53:13,047 - my_logger - INFO - epoch 88, train loss: 0.3687
2023-06-07 15:53:13,051 - my_logger - INFO - evaluating......
2023-06-07 15:53:13,051 - my_logger - INFO - epoch 88, valid loss: 0.6889, valid auc: 77.97%
2023-06-07 15:53:13,055 - my_logger - INFO - epoch 89, train loss: 0.3610
2023-06-07 15:53:13,059 - my_logger - INFO - epoch 90, train loss: 0.3552
2023-06-07 15:53:13,063 - my_logger - INFO - evaluating......
2023-06-07 15:53:13,064 - my_logger - INFO - epoch 90, valid loss: 0.6914, valid auc: 78.44%
2023-06-07 15:53:13,068 - my_logger - INFO - epoch 91, train loss: 0.3519
2023-06-07 15:53:13,072 - my_logger - INFO - epoch 92, train loss: 0.3507
2023-06-07 15:53:13,076 - my_logger - INFO - evaluating......
2023-06-07 15:53:13,076 - my_logger - INFO - epoch 92, valid loss: 0.7080, valid auc: 78.77%
2023-06-07 15:53:13,082 - my_logger - INFO - epoch 93, train loss: 0.3538
2023-06-07 15:53:13,086 - my_logger - INFO - epoch 94, train loss: 0.3596
2023-06-07 15:53:13,090 - my_logger - INFO - evaluating......
2023-06-07 15:53:13,090 - my_logger - INFO - epoch 94, valid loss: 0.7303, valid auc: 78.91%
2023-06-07 15:53:13,095 - my_logger - INFO - epoch 95, train loss: 0.3837
2023-06-07 15:53:13,100 - my_logger - INFO - epoch 96, train loss: 0.3478
2023-06-07 15:53:13,105 - my_logger - INFO - evaluating......
2023-06-07 15:53:13,105 - my_logger - INFO - epoch 96, valid loss: 0.7193, valid auc: 79.28%
2023-06-07 15:53:13,110 - my_logger - INFO - epoch 97, train loss: 0.3348
2023-06-07 15:53:13,114 - my_logger - INFO - epoch 98, train loss: 0.3473
2023-06-07 15:53:13,119 - my_logger - INFO - evaluating......
2023-06-07 15:53:13,120 - my_logger - INFO - epoch 98, valid loss: 0.7235, valid auc: 79.36%
2023-06-07 15:53:13,124 - my_logger - INFO - epoch 99, train loss: 0.3290
2023-06-07 15:53:13,128 - my_logger - INFO - epoch 100, train loss: 0.3309
2023-06-07 15:53:13,133 - my_logger - INFO - evaluating......
2023-06-07 15:53:13,133 - my_logger - INFO - epoch 100, valid loss: 0.7279, valid auc: 79.83%
2023-06-07 15:53:13,137 - my_logger - INFO - epoch 101, train loss: 0.3362
2023-06-07 15:53:13,141 - my_logger - INFO - epoch 102, train loss: 0.3174
2023-06-07 15:53:13,145 - my_logger - INFO - evaluating......
2023-06-07 15:53:13,145 - my_logger - INFO - epoch 102, valid loss: 0.7257, valid auc: 80.17%
2023-06-07 15:53:13,149 - my_logger - INFO - epoch 103, train loss: 0.3280
2023-06-07 15:53:13,153 - my_logger - INFO - epoch 104, train loss: 0.3328
2023-06-07 15:53:13,157 - my_logger - INFO - evaluating......
2023-06-07 15:53:13,157 - my_logger - INFO - epoch 104, valid loss: 0.7557, valid auc: 80.04%
2023-06-07 15:53:13,159 - my_logger - INFO - epoch 105, train loss: 0.3086
2023-06-07 15:53:13,163 - my_logger - INFO - epoch 106, train loss: 0.3305
2023-06-07 15:53:13,166 - my_logger - INFO - evaluating......
2023-06-07 15:53:13,167 - my_logger - INFO - epoch 106, valid loss: 0.7647, valid auc: 80.44%
2023-06-07 15:53:13,172 - my_logger - INFO - epoch 107, train loss: 0.3350
2023-06-07 15:53:13,176 - my_logger - INFO - epoch 108, train loss: 0.3041
2023-06-07 15:53:13,180 - my_logger - INFO - evaluating......
2023-06-07 15:53:13,180 - my_logger - INFO - epoch 108, valid loss: 0.7465, valid auc: 80.62%
2023-06-07 15:53:13,185 - my_logger - INFO - epoch 109, train loss: 0.3396
2023-06-07 15:53:13,190 - my_logger - INFO - epoch 110, train loss: 0.3134
2023-06-07 15:53:13,194 - my_logger - INFO - evaluating......
2023-06-07 15:53:13,194 - my_logger - INFO - epoch 110, valid loss: 0.7613, valid auc: 80.53%
2023-06-07 15:53:13,196 - my_logger - INFO - epoch 111, train loss: 0.3153
2023-06-07 15:53:13,200 - my_logger - INFO - epoch 112, train loss: 0.3083
2023-06-07 15:53:13,205 - my_logger - INFO - evaluating......
2023-06-07 15:53:13,205 - my_logger - INFO - epoch 112, valid loss: 0.7636, valid auc: 80.92%
2023-06-07 15:53:13,210 - my_logger - INFO - epoch 113, train loss: 0.2958
2023-06-07 15:53:13,214 - my_logger - INFO - epoch 114, train loss: 0.3033
2023-06-07 15:53:13,218 - my_logger - INFO - evaluating......
2023-06-07 15:53:13,218 - my_logger - INFO - epoch 114, valid loss: 0.7729, valid auc: 80.82%
2023-06-07 15:53:13,221 - my_logger - INFO - epoch 115, train loss: 0.2892
2023-06-07 15:53:13,224 - my_logger - INFO - epoch 116, train loss: 0.2978
2023-06-07 15:53:13,228 - my_logger - INFO - evaluating......
2023-06-07 15:53:13,229 - my_logger - INFO - epoch 116, valid loss: 0.7741, valid auc: 81.30%
2023-06-07 15:53:13,234 - my_logger - INFO - epoch 117, train loss: 0.2783
2023-06-07 15:53:13,238 - my_logger - INFO - epoch 118, train loss: 0.2874
2023-06-07 15:53:13,243 - my_logger - INFO - evaluating......
2023-06-07 15:53:13,243 - my_logger - INFO - epoch 118, valid loss: 0.7868, valid auc: 81.21%
2023-06-07 15:53:13,245 - my_logger - INFO - epoch 119, train loss: 0.2723
2023-06-07 15:53:13,249 - my_logger - INFO - epoch 120, train loss: 0.2812
2023-06-07 15:53:13,255 - my_logger - INFO - evaluating......
2023-06-07 15:53:13,255 - my_logger - INFO - epoch 120, valid loss: 0.7910, valid auc: 81.63%
2023-06-07 15:53:13,260 - my_logger - INFO - epoch 121, train loss: 0.2701
2023-06-07 15:53:13,265 - my_logger - INFO - epoch 122, train loss: 0.2698
2023-06-07 15:53:13,269 - my_logger - INFO - evaluating......
2023-06-07 15:53:13,269 - my_logger - INFO - epoch 122, valid loss: 0.8022, valid auc: 81.64%
2023-06-07 15:53:13,275 - my_logger - INFO - epoch 123, train loss: 0.2663
2023-06-07 15:53:13,279 - my_logger - INFO - epoch 124, train loss: 0.2578
2023-06-07 15:53:13,284 - my_logger - INFO - evaluating......
2023-06-07 15:53:13,284 - my_logger - INFO - epoch 124, valid loss: 0.8084, valid auc: 81.87%
2023-06-07 15:53:13,290 - my_logger - INFO - epoch 125, train loss: 0.2605
2023-06-07 15:53:13,294 - my_logger - INFO - epoch 126, train loss: 0.2505
2023-06-07 15:53:13,298 - my_logger - INFO - evaluating......
2023-06-07 15:53:13,299 - my_logger - INFO - epoch 126, valid loss: 0.8224, valid auc: 82.01%
2023-06-07 15:53:13,304 - my_logger - INFO - epoch 127, train loss: 0.2535
2023-06-07 15:53:13,308 - my_logger - INFO - epoch 128, train loss: 0.2484
2023-06-07 15:53:13,312 - my_logger - INFO - evaluating......
2023-06-07 15:53:13,312 - my_logger - INFO - epoch 128, valid loss: 0.8442, valid auc: 82.04%
2023-06-07 15:53:13,317 - my_logger - INFO - epoch 129, train loss: 0.2418
2023-06-07 15:53:13,321 - my_logger - INFO - epoch 130, train loss: 0.2449
2023-06-07 15:53:13,326 - my_logger - INFO - evaluating......
2023-06-07 15:53:13,326 - my_logger - INFO - epoch 130, valid loss: 0.8586, valid auc: 82.13%
2023-06-07 15:53:13,331 - my_logger - INFO - epoch 131, train loss: 0.2369
2023-06-07 15:53:13,335 - my_logger - INFO - epoch 132, train loss: 0.2323
2023-06-07 15:53:13,339 - my_logger - INFO - evaluating......
2023-06-07 15:53:13,340 - my_logger - INFO - epoch 132, valid loss: 0.8715, valid auc: 82.19%
2023-06-07 15:53:13,344 - my_logger - INFO - epoch 133, train loss: 0.2340
2023-06-07 15:53:13,349 - my_logger - INFO - epoch 134, train loss: 0.2263
2023-06-07 15:53:13,353 - my_logger - INFO - evaluating......
2023-06-07 15:53:13,354 - my_logger - INFO - epoch 134, valid loss: 0.8957, valid auc: 82.23%
2023-06-07 15:53:13,359 - my_logger - INFO - epoch 135, train loss: 0.2215
2023-06-07 15:53:13,363 - my_logger - INFO - epoch 136, train loss: 0.2230
2023-06-07 15:53:13,367 - my_logger - INFO - evaluating......
2023-06-07 15:53:13,367 - my_logger - INFO - epoch 136, valid loss: 0.9104, valid auc: 82.37%
2023-06-07 15:53:13,373 - my_logger - INFO - epoch 137, train loss: 0.2174
2023-06-07 15:53:13,377 - my_logger - INFO - epoch 138, train loss: 0.2104
2023-06-07 15:53:13,381 - my_logger - INFO - evaluating......
2023-06-07 15:53:13,381 - my_logger - INFO - epoch 138, valid loss: 0.9321, valid auc: 82.44%
2023-06-07 15:53:13,386 - my_logger - INFO - epoch 139, train loss: 0.2121
2023-06-07 15:53:13,391 - my_logger - INFO - epoch 140, train loss: 0.2107
2023-06-07 15:53:13,395 - my_logger - INFO - evaluating......
2023-06-07 15:53:13,395 - my_logger - INFO - epoch 140, valid loss: 0.9644, valid auc: 82.47%
2023-06-07 15:53:13,400 - my_logger - INFO - epoch 141, train loss: 0.2006
2023-06-07 15:53:13,405 - my_logger - INFO - epoch 142, train loss: 0.1993
2023-06-07 15:53:13,409 - my_logger - INFO - evaluating......
2023-06-07 15:53:13,409 - my_logger - INFO - epoch 142, valid loss: 0.9720, valid auc: 82.67%
2023-06-07 15:53:13,414 - my_logger - INFO - epoch 143, train loss: 0.2015
2023-06-07 15:53:13,418 - my_logger - INFO - epoch 144, train loss: 0.1930
2023-06-07 15:53:13,423 - my_logger - INFO - evaluating......
2023-06-07 15:53:13,424 - my_logger - INFO - epoch 144, valid loss: 0.9912, valid auc: 82.79%
2023-06-07 15:53:13,428 - my_logger - INFO - epoch 145, train loss: 0.1864
2023-06-07 15:53:13,433 - my_logger - INFO - epoch 146, train loss: 0.1856
2023-06-07 15:53:13,438 - my_logger - INFO - evaluating......
2023-06-07 15:53:13,438 - my_logger - INFO - epoch 146, valid loss: 1.0265, valid auc: 82.85%
2023-06-07 15:53:13,442 - my_logger - INFO - epoch 147, train loss: 0.1838
2023-06-07 15:53:13,446 - my_logger - INFO - epoch 148, train loss: 0.1805
2023-06-07 15:53:13,451 - my_logger - INFO - evaluating......
2023-06-07 15:53:13,451 - my_logger - INFO - epoch 148, valid loss: 1.0528, valid auc: 82.92%
2023-06-07 15:53:13,456 - my_logger - INFO - epoch 149, train loss: 0.1737
2023-06-07 15:53:13,460 - my_logger - INFO - epoch 150, train loss: 0.1694
2023-06-07 15:53:13,464 - my_logger - INFO - evaluating......
2023-06-07 15:53:13,464 - my_logger - INFO - epoch 150, valid loss: 1.0718, valid auc: 83.02%
2023-06-07 15:53:13,469 - my_logger - INFO - epoch 151, train loss: 0.1679
2023-06-07 15:53:13,473 - my_logger - INFO - epoch 152, train loss: 0.1669
2023-06-07 15:53:13,477 - my_logger - INFO - evaluating......
2023-06-07 15:53:13,477 - my_logger - INFO - epoch 152, valid loss: 1.0971, valid auc: 83.08%
2023-06-07 15:53:13,482 - my_logger - INFO - epoch 153, train loss: 0.1677
2023-06-07 15:53:13,486 - my_logger - INFO - epoch 154, train loss: 0.1656
2023-06-07 15:53:13,490 - my_logger - INFO - evaluating......
2023-06-07 15:53:13,490 - my_logger - INFO - epoch 154, valid loss: 1.1261, valid auc: 83.16%
2023-06-07 15:53:13,495 - my_logger - INFO - epoch 155, train loss: 0.1681
2023-06-07 15:53:13,499 - my_logger - INFO - epoch 156, train loss: 0.1596
2023-06-07 15:53:13,504 - my_logger - INFO - evaluating......
2023-06-07 15:53:13,504 - my_logger - INFO - epoch 156, valid loss: 1.1502, valid auc: 83.17%
2023-06-07 15:53:13,508 - my_logger - INFO - epoch 157, train loss: 0.1505
2023-06-07 15:53:13,512 - my_logger - INFO - epoch 158, train loss: 0.1440
2023-06-07 15:53:13,517 - my_logger - INFO - evaluating......
2023-06-07 15:53:13,517 - my_logger - INFO - epoch 158, valid loss: 1.1837, valid auc: 83.12%
2023-06-07 15:53:13,519 - my_logger - INFO - epoch 159, train loss: 0.1458
2023-06-07 15:53:13,523 - my_logger - INFO - epoch 160, train loss: 0.1486
2023-06-07 15:53:13,527 - my_logger - INFO - evaluating......
2023-06-07 15:53:13,527 - my_logger - INFO - epoch 160, valid loss: 1.2438, valid auc: 83.01%
2023-06-07 15:53:13,529 - my_logger - INFO - epoch 161, train loss: 0.1413
2023-06-07 15:53:13,534 - my_logger - INFO - epoch 162, train loss: 0.1336
2023-06-07 15:53:13,538 - my_logger - INFO - evaluating......
2023-06-07 15:53:13,538 - my_logger - INFO - epoch 162, valid loss: 1.2551, valid auc: 83.14%
2023-06-07 15:53:13,540 - my_logger - INFO - epoch 163, train loss: 0.1288
2023-06-07 15:53:13,543 - my_logger - INFO - epoch 164, train loss: 0.1294
2023-06-07 15:53:13,548 - my_logger - INFO - evaluating......
2023-06-07 15:53:13,548 - my_logger - INFO - epoch 164, valid loss: 1.2691, valid auc: 83.26%
2023-06-07 15:53:13,553 - my_logger - INFO - epoch 165, train loss: 0.1325
2023-06-07 15:53:13,557 - my_logger - INFO - epoch 166, train loss: 0.1316
2023-06-07 15:53:13,561 - my_logger - INFO - evaluating......
2023-06-07 15:53:13,561 - my_logger - INFO - epoch 166, valid loss: 1.3033, valid auc: 83.32%
2023-06-07 15:53:13,567 - my_logger - INFO - epoch 167, train loss: 0.1351
2023-06-07 15:53:13,570 - my_logger - INFO - epoch 168, train loss: 0.1285
2023-06-07 15:53:13,574 - my_logger - INFO - evaluating......
2023-06-07 15:53:13,575 - my_logger - INFO - epoch 168, valid loss: 1.3267, valid auc: 83.46%
2023-06-07 15:53:13,580 - my_logger - INFO - epoch 169, train loss: 0.1196
2023-06-07 15:53:13,584 - my_logger - INFO - epoch 170, train loss: 0.1112
2023-06-07 15:53:13,589 - my_logger - INFO - evaluating......
2023-06-07 15:53:13,589 - my_logger - INFO - epoch 170, valid loss: 1.3659, valid auc: 83.37%
2023-06-07 15:53:13,591 - my_logger - INFO - epoch 171, train loss: 0.1156
2023-06-07 15:53:13,595 - my_logger - INFO - epoch 172, train loss: 0.1167
2023-06-07 15:53:13,600 - my_logger - INFO - evaluating......
2023-06-07 15:53:13,600 - my_logger - INFO - epoch 172, valid loss: 1.4407, valid auc: 83.20%
2023-06-07 15:53:13,602 - my_logger - INFO - epoch 173, train loss: 0.1049
2023-06-07 15:53:13,606 - my_logger - INFO - epoch 174, train loss: 0.1025
2023-06-07 15:53:13,611 - my_logger - INFO - evaluating......
2023-06-07 15:53:13,611 - my_logger - INFO - epoch 174, valid loss: 1.4234, valid auc: 83.49%
2023-06-07 15:53:13,616 - my_logger - INFO - epoch 175, train loss: 0.1070
2023-06-07 15:53:13,622 - my_logger - INFO - epoch 176, train loss: 0.1016
2023-06-07 15:53:13,628 - my_logger - INFO - evaluating......
2023-06-07 15:53:13,629 - my_logger - INFO - epoch 176, valid loss: 1.4548, valid auc: 83.65%
2023-06-07 15:53:13,636 - my_logger - INFO - epoch 177, train loss: 0.0949
2023-06-07 15:53:13,640 - my_logger - INFO - epoch 178, train loss: 0.0917
2023-06-07 15:53:13,645 - my_logger - INFO - evaluating......
2023-06-07 15:53:13,645 - my_logger - INFO - epoch 178, valid loss: 1.5071, valid auc: 83.67%
2023-06-07 15:53:13,651 - my_logger - INFO - epoch 179, train loss: 0.0929
2023-06-07 15:53:13,655 - my_logger - INFO - epoch 180, train loss: 0.0921
2023-06-07 15:53:13,659 - my_logger - INFO - evaluating......
2023-06-07 15:53:13,659 - my_logger - INFO - epoch 180, valid loss: 1.5627, valid auc: 83.61%
2023-06-07 15:53:13,661 - my_logger - INFO - epoch 181, train loss: 0.0862
2023-06-07 15:53:13,666 - my_logger - INFO - epoch 182, train loss: 0.0823
2023-06-07 15:53:13,670 - my_logger - INFO - evaluating......
2023-06-07 15:53:13,670 - my_logger - INFO - epoch 182, valid loss: 1.5776, valid auc: 83.87%
2023-06-07 15:53:13,674 - my_logger - INFO - epoch 183, train loss: 0.0817
2023-06-07 15:53:13,678 - my_logger - INFO - epoch 184, train loss: 0.0808
2023-06-07 15:53:13,682 - my_logger - INFO - evaluating......
2023-06-07 15:53:13,683 - my_logger - INFO - epoch 184, valid loss: 1.5955, valid auc: 84.00%
2023-06-07 15:53:13,687 - my_logger - INFO - epoch 185, train loss: 0.0798
2023-06-07 15:53:13,691 - my_logger - INFO - epoch 186, train loss: 0.0764
2023-06-07 15:53:13,695 - my_logger - INFO - evaluating......
2023-06-07 15:53:13,695 - my_logger - INFO - epoch 186, valid loss: 1.6328, valid auc: 84.01%
2023-06-07 15:53:13,700 - my_logger - INFO - epoch 187, train loss: 0.0725
2023-06-07 15:53:13,704 - my_logger - INFO - epoch 188, train loss: 0.0699
2023-06-07 15:53:13,708 - my_logger - INFO - evaluating......
2023-06-07 15:53:13,708 - my_logger - INFO - epoch 188, valid loss: 1.6977, valid auc: 83.99%
2023-06-07 15:53:13,710 - my_logger - INFO - epoch 189, train loss: 0.0689
2023-06-07 15:53:13,713 - my_logger - INFO - epoch 190, train loss: 0.0675
2023-06-07 15:53:13,718 - my_logger - INFO - evaluating......
2023-06-07 15:53:13,718 - my_logger - INFO - epoch 190, valid loss: 1.7589, valid auc: 83.96%
2023-06-07 15:53:13,721 - my_logger - INFO - epoch 191, train loss: 0.0666
2023-06-07 15:53:13,725 - my_logger - INFO - epoch 192, train loss: 0.0665
2023-06-07 15:53:13,729 - my_logger - INFO - evaluating......
2023-06-07 15:53:13,729 - my_logger - INFO - epoch 192, valid loss: 1.8051, valid auc: 83.97%
2023-06-07 15:53:13,731 - my_logger - INFO - epoch 193, train loss: 0.0654
2023-06-07 15:53:13,736 - my_logger - INFO - epoch 194, train loss: 0.0646
2023-06-07 15:53:13,740 - my_logger - INFO - evaluating......
2023-06-07 15:53:13,740 - my_logger - INFO - epoch 194, valid loss: 1.8624, valid auc: 84.00%
2023-06-07 15:53:13,742 - my_logger - INFO - epoch 195, train loss: 0.0634
2023-06-07 15:53:13,745 - my_logger - INFO - epoch 196, train loss: 0.0652
2023-06-07 15:53:13,750 - my_logger - INFO - evaluating......
2023-06-07 15:53:13,750 - my_logger - INFO - epoch 196, valid loss: 1.9178, valid auc: 84.06%
2023-06-07 15:53:13,755 - my_logger - INFO - epoch 197, train loss: 0.0648
2023-06-07 15:53:13,758 - my_logger - INFO - epoch 198, train loss: 0.0675
2023-06-07 15:53:13,762 - my_logger - INFO - evaluating......
2023-06-07 15:53:13,762 - my_logger - INFO - epoch 198, valid loss: 1.9791, valid auc: 83.98%
2023-06-07 15:53:13,764 - my_logger - INFO - epoch 199, train loss: 0.0634
2023-06-07 15:53:13,765 - my_logger - INFO - total train time used: 1.9169s
2023-06-07 15:53:13,765 - my_logger - INFO - testing......
2023-06-07 15:53:13,770 - my_logger - INFO - test auc: 82.84%
