2023-06-07 15:52:56,652 - my_logger - INFO - training......
2023-06-07 15:52:57,268 - my_logger - INFO - epoch 0, train loss: 0.6941
2023-06-07 15:52:57,274 - my_logger - INFO - evaluating......
2023-06-07 15:52:57,274 - my_logger - INFO - epoch 0, valid loss: 0.6938, valid auc: 51.26%
2023-06-07 15:52:57,278 - my_logger - INFO - epoch 1, train loss: 0.6936
2023-06-07 15:52:57,282 - my_logger - INFO - epoch 2, train loss: 0.6930
2023-06-07 15:52:57,286 - my_logger - INFO - evaluating......
2023-06-07 15:52:57,286 - my_logger - INFO - epoch 2, valid loss: 0.6930, valid auc: 63.33%
2023-06-07 15:52:57,290 - my_logger - INFO - epoch 3, train loss: 0.6922
2023-06-07 15:52:57,293 - my_logger - INFO - epoch 4, train loss: 0.6912
2023-06-07 15:52:57,296 - my_logger - INFO - evaluating......
2023-06-07 15:52:57,296 - my_logger - INFO - epoch 4, valid loss: 0.6918, valid auc: 63.47%
2023-06-07 15:52:57,300 - my_logger - INFO - epoch 5, train loss: 0.6898
2023-06-07 15:52:57,303 - my_logger - INFO - epoch 6, train loss: 0.6873
2023-06-07 15:52:57,307 - my_logger - INFO - evaluating......
2023-06-07 15:52:57,307 - my_logger - INFO - epoch 6, valid loss: 0.6888, valid auc: 64.26%
2023-06-07 15:52:57,310 - my_logger - INFO - epoch 7, train loss: 0.6841
2023-06-07 15:52:57,313 - my_logger - INFO - epoch 8, train loss: 0.6799
2023-06-07 15:52:57,317 - my_logger - INFO - evaluating......
2023-06-07 15:52:57,317 - my_logger - INFO - epoch 8, valid loss: 0.6833, valid auc: 65.14%
2023-06-07 15:52:57,321 - my_logger - INFO - epoch 9, train loss: 0.6744
2023-06-07 15:52:57,324 - my_logger - INFO - epoch 10, train loss: 0.6679
2023-06-07 15:52:57,327 - my_logger - INFO - evaluating......
2023-06-07 15:52:57,327 - my_logger - INFO - epoch 10, valid loss: 0.6767, valid auc: 66.02%
2023-06-07 15:52:57,331 - my_logger - INFO - epoch 11, train loss: 0.6602
2023-06-07 15:52:57,334 - my_logger - INFO - epoch 12, train loss: 0.6514
2023-06-07 15:52:57,338 - my_logger - INFO - evaluating......
2023-06-07 15:52:57,338 - my_logger - INFO - epoch 12, valid loss: 0.6663, valid auc: 66.39%
2023-06-07 15:52:57,341 - my_logger - INFO - epoch 13, train loss: 0.6422
2023-06-07 15:52:57,344 - my_logger - INFO - epoch 14, train loss: 0.6346
2023-06-07 15:52:57,347 - my_logger - INFO - evaluating......
2023-06-07 15:52:57,347 - my_logger - INFO - epoch 14, valid loss: 0.6586, valid auc: 66.17%
2023-06-07 15:52:57,349 - my_logger - INFO - epoch 15, train loss: 0.6258
2023-06-07 15:52:57,353 - my_logger - INFO - epoch 16, train loss: 0.6181
2023-06-07 15:52:57,356 - my_logger - INFO - evaluating......
2023-06-07 15:52:57,356 - my_logger - INFO - epoch 16, valid loss: 0.6558, valid auc: 66.86%
2023-06-07 15:52:57,360 - my_logger - INFO - epoch 17, train loss: 0.6112
2023-06-07 15:52:57,363 - my_logger - INFO - epoch 18, train loss: 0.6057
2023-06-07 15:52:57,367 - my_logger - INFO - evaluating......
2023-06-07 15:52:57,367 - my_logger - INFO - epoch 18, valid loss: 0.6560, valid auc: 67.65%
2023-06-07 15:52:57,371 - my_logger - INFO - epoch 19, train loss: 0.6053
2023-06-07 15:52:57,374 - my_logger - INFO - epoch 20, train loss: 0.6265
2023-06-07 15:52:57,378 - my_logger - INFO - evaluating......
2023-06-07 15:52:57,378 - my_logger - INFO - epoch 20, valid loss: 0.6699, valid auc: 67.86%
2023-06-07 15:52:57,382 - my_logger - INFO - epoch 21, train loss: 0.5936
2023-06-07 15:52:57,386 - my_logger - INFO - epoch 22, train loss: 0.6141
2023-06-07 15:52:57,389 - my_logger - INFO - evaluating......
2023-06-07 15:52:57,389 - my_logger - INFO - epoch 22, valid loss: 0.6778, valid auc: 68.51%
2023-06-07 15:52:57,393 - my_logger - INFO - epoch 23, train loss: 0.5871
2023-06-07 15:52:57,395 - my_logger - INFO - epoch 24, train loss: 0.6025
2023-06-07 15:52:57,399 - my_logger - INFO - evaluating......
2023-06-07 15:52:57,399 - my_logger - INFO - epoch 24, valid loss: 0.6513, valid auc: 68.56%
2023-06-07 15:52:57,403 - my_logger - INFO - epoch 25, train loss: 0.5856
2023-06-07 15:52:57,405 - my_logger - INFO - epoch 26, train loss: 0.5844
2023-06-07 15:52:57,409 - my_logger - INFO - evaluating......
2023-06-07 15:52:57,409 - my_logger - INFO - epoch 26, valid loss: 0.6513, valid auc: 68.91%
2023-06-07 15:52:57,412 - my_logger - INFO - epoch 27, train loss: 0.5884
2023-06-07 15:52:57,415 - my_logger - INFO - epoch 28, train loss: 0.5748
2023-06-07 15:52:57,419 - my_logger - INFO - evaluating......
2023-06-07 15:52:57,419 - my_logger - INFO - epoch 28, valid loss: 0.6371, valid auc: 68.99%
2023-06-07 15:52:57,423 - my_logger - INFO - epoch 29, train loss: 0.5817
2023-06-07 15:52:57,426 - my_logger - INFO - epoch 30, train loss: 0.5774
2023-06-07 15:52:57,429 - my_logger - INFO - evaluating......
2023-06-07 15:52:57,429 - my_logger - INFO - epoch 30, valid loss: 0.6372, valid auc: 68.99%
2023-06-07 15:52:57,431 - my_logger - INFO - epoch 31, train loss: 0.5693
2023-06-07 15:52:57,434 - my_logger - INFO - epoch 32, train loss: 0.5747
2023-06-07 15:52:57,438 - my_logger - INFO - evaluating......
2023-06-07 15:52:57,438 - my_logger - INFO - epoch 32, valid loss: 0.6513, valid auc: 69.07%
2023-06-07 15:52:57,441 - my_logger - INFO - epoch 33, train loss: 0.5662
2023-06-07 15:52:57,444 - my_logger - INFO - epoch 34, train loss: 0.5644
2023-06-07 15:52:57,447 - my_logger - INFO - evaluating......
2023-06-07 15:52:57,447 - my_logger - INFO - epoch 34, valid loss: 0.6358, valid auc: 69.23%
2023-06-07 15:52:57,451 - my_logger - INFO - epoch 35, train loss: 0.5652
2023-06-07 15:52:57,454 - my_logger - INFO - epoch 36, train loss: 0.5578
2023-06-07 15:52:57,457 - my_logger - INFO - evaluating......
2023-06-07 15:52:57,457 - my_logger - INFO - epoch 36, valid loss: 0.6378, valid auc: 69.38%
2023-06-07 15:52:57,460 - my_logger - INFO - epoch 37, train loss: 0.5589
2023-06-07 15:52:57,463 - my_logger - INFO - epoch 38, train loss: 0.5540
2023-06-07 15:52:57,467 - my_logger - INFO - evaluating......
2023-06-07 15:52:57,467 - my_logger - INFO - epoch 38, valid loss: 0.6448, valid auc: 69.60%
2023-06-07 15:52:57,471 - my_logger - INFO - epoch 39, train loss: 0.5511
2023-06-07 15:52:57,473 - my_logger - INFO - epoch 40, train loss: 0.5505
2023-06-07 15:52:57,477 - my_logger - INFO - evaluating......
2023-06-07 15:52:57,477 - my_logger - INFO - epoch 40, valid loss: 0.6403, valid auc: 69.86%
2023-06-07 15:52:57,480 - my_logger - INFO - epoch 41, train loss: 0.5451
2023-06-07 15:52:57,484 - my_logger - INFO - epoch 42, train loss: 0.5457
2023-06-07 15:52:57,487 - my_logger - INFO - evaluating......
2023-06-07 15:52:57,487 - my_logger - INFO - epoch 42, valid loss: 0.6508, valid auc: 70.12%
2023-06-07 15:52:57,491 - my_logger - INFO - epoch 43, train loss: 0.5400
2023-06-07 15:52:57,493 - my_logger - INFO - epoch 44, train loss: 0.5395
2023-06-07 15:52:57,496 - my_logger - INFO - evaluating......
2023-06-07 15:52:57,497 - my_logger - INFO - epoch 44, valid loss: 0.6417, valid auc: 70.47%
2023-06-07 15:52:57,501 - my_logger - INFO - epoch 45, train loss: 0.5348
2023-06-07 15:52:57,503 - my_logger - INFO - epoch 46, train loss: 0.5344
2023-06-07 15:52:57,507 - my_logger - INFO - evaluating......
2023-06-07 15:52:57,507 - my_logger - INFO - epoch 46, valid loss: 0.6498, valid auc: 70.65%
2023-06-07 15:52:57,510 - my_logger - INFO - epoch 47, train loss: 0.5291
2023-06-07 15:52:57,513 - my_logger - INFO - epoch 48, train loss: 0.5279
2023-06-07 15:52:57,517 - my_logger - INFO - evaluating......
2023-06-07 15:52:57,517 - my_logger - INFO - epoch 48, valid loss: 0.6418, valid auc: 71.04%
2023-06-07 15:52:57,520 - my_logger - INFO - epoch 49, train loss: 0.5236
2023-06-07 15:52:57,523 - my_logger - INFO - epoch 50, train loss: 0.5221
2023-06-07 15:52:57,526 - my_logger - INFO - evaluating......
2023-06-07 15:52:57,526 - my_logger - INFO - epoch 50, valid loss: 0.6470, valid auc: 71.29%
2023-06-07 15:52:57,530 - my_logger - INFO - epoch 51, train loss: 0.5184
2023-06-07 15:52:57,533 - my_logger - INFO - epoch 52, train loss: 0.5154
2023-06-07 15:52:57,536 - my_logger - INFO - evaluating......
2023-06-07 15:52:57,537 - my_logger - INFO - epoch 52, valid loss: 0.6392, valid auc: 71.66%
2023-06-07 15:52:57,540 - my_logger - INFO - epoch 53, train loss: 0.5136
2023-06-07 15:52:57,542 - my_logger - INFO - epoch 54, train loss: 0.5092
2023-06-07 15:52:57,546 - my_logger - INFO - evaluating......
2023-06-07 15:52:57,546 - my_logger - INFO - epoch 54, valid loss: 0.6380, valid auc: 71.98%
2023-06-07 15:52:57,550 - my_logger - INFO - epoch 55, train loss: 0.5068
2023-06-07 15:52:57,553 - my_logger - INFO - epoch 56, train loss: 0.5046
2023-06-07 15:52:57,556 - my_logger - INFO - evaluating......
2023-06-07 15:52:57,556 - my_logger - INFO - epoch 56, valid loss: 0.6419, valid auc: 72.32%
2023-06-07 15:52:57,559 - my_logger - INFO - epoch 57, train loss: 0.5007
2023-06-07 15:52:57,562 - my_logger - INFO - epoch 58, train loss: 0.4981
2023-06-07 15:52:57,566 - my_logger - INFO - evaluating......
2023-06-07 15:52:57,566 - my_logger - INFO - epoch 58, valid loss: 0.6361, valid auc: 72.72%
2023-06-07 15:52:57,570 - my_logger - INFO - epoch 59, train loss: 0.4962
2023-06-07 15:52:57,573 - my_logger - INFO - epoch 60, train loss: 0.4933
2023-06-07 15:52:57,578 - my_logger - INFO - evaluating......
2023-06-07 15:52:57,578 - my_logger - INFO - epoch 60, valid loss: 0.6356, valid auc: 73.02%
2023-06-07 15:52:57,585 - my_logger - INFO - epoch 61, train loss: 0.4899
2023-06-07 15:52:57,590 - my_logger - INFO - epoch 62, train loss: 0.4874
2023-06-07 15:52:57,595 - my_logger - INFO - evaluating......
2023-06-07 15:52:57,595 - my_logger - INFO - epoch 62, valid loss: 0.6391, valid auc: 73.20%
2023-06-07 15:52:57,601 - my_logger - INFO - epoch 63, train loss: 0.4857
2023-06-07 15:52:57,604 - my_logger - INFO - epoch 64, train loss: 0.4840
2023-06-07 15:52:57,609 - my_logger - INFO - evaluating......
2023-06-07 15:52:57,609 - my_logger - INFO - epoch 64, valid loss: 0.6448, valid auc: 73.30%
2023-06-07 15:52:57,613 - my_logger - INFO - epoch 65, train loss: 0.4825
2023-06-07 15:52:57,617 - my_logger - INFO - epoch 66, train loss: 0.4798
2023-06-07 15:52:57,621 - my_logger - INFO - evaluating......
2023-06-07 15:52:57,621 - my_logger - INFO - epoch 66, valid loss: 0.6478, valid auc: 73.36%
2023-06-07 15:52:57,624 - my_logger - INFO - epoch 67, train loss: 0.4770
2023-06-07 15:52:57,627 - my_logger - INFO - epoch 68, train loss: 0.4737
2023-06-07 15:52:57,630 - my_logger - INFO - evaluating......
2023-06-07 15:52:57,631 - my_logger - INFO - epoch 68, valid loss: 0.6454, valid auc: 73.49%
2023-06-07 15:52:57,635 - my_logger - INFO - epoch 69, train loss: 0.4712
2023-06-07 15:52:57,637 - my_logger - INFO - epoch 70, train loss: 0.4695
2023-06-07 15:52:57,641 - my_logger - INFO - evaluating......
2023-06-07 15:52:57,641 - my_logger - INFO - epoch 70, valid loss: 0.6437, valid auc: 73.65%
2023-06-07 15:52:57,644 - my_logger - INFO - epoch 71, train loss: 0.4686
2023-06-07 15:52:57,647 - my_logger - INFO - epoch 72, train loss: 0.4697
2023-06-07 15:52:57,651 - my_logger - INFO - evaluating......
2023-06-07 15:52:57,651 - my_logger - INFO - epoch 72, valid loss: 0.6450, valid auc: 73.80%
2023-06-07 15:52:57,655 - my_logger - INFO - epoch 73, train loss: 0.4710
2023-06-07 15:52:57,658 - my_logger - INFO - epoch 74, train loss: 0.4733
2023-06-07 15:52:57,662 - my_logger - INFO - evaluating......
2023-06-07 15:52:57,662 - my_logger - INFO - epoch 74, valid loss: 0.6472, valid auc: 73.88%
2023-06-07 15:52:57,666 - my_logger - INFO - epoch 75, train loss: 0.4622
2023-06-07 15:52:57,669 - my_logger - INFO - epoch 76, train loss: 0.4595
2023-06-07 15:52:57,673 - my_logger - INFO - evaluating......
2023-06-07 15:52:57,673 - my_logger - INFO - epoch 76, valid loss: 0.6476, valid auc: 73.95%
2023-06-07 15:52:57,676 - my_logger - INFO - epoch 77, train loss: 0.4636
2023-06-07 15:52:57,679 - my_logger - INFO - epoch 78, train loss: 0.4566
2023-06-07 15:52:57,683 - my_logger - INFO - evaluating......
2023-06-07 15:52:57,683 - my_logger - INFO - epoch 78, valid loss: 0.6490, valid auc: 74.06%
2023-06-07 15:52:57,686 - my_logger - INFO - epoch 79, train loss: 0.4542
2023-06-07 15:52:57,689 - my_logger - INFO - epoch 80, train loss: 0.4565
2023-06-07 15:52:57,692 - my_logger - INFO - evaluating......
2023-06-07 15:52:57,693 - my_logger - INFO - epoch 80, valid loss: 0.6429, valid auc: 74.17%
2023-06-07 15:52:57,696 - my_logger - INFO - epoch 81, train loss: 0.4508
2023-06-07 15:52:57,699 - my_logger - INFO - epoch 82, train loss: 0.4489
2023-06-07 15:52:57,703 - my_logger - INFO - evaluating......
2023-06-07 15:52:57,703 - my_logger - INFO - epoch 82, valid loss: 0.6480, valid auc: 74.35%
2023-06-07 15:52:57,707 - my_logger - INFO - epoch 83, train loss: 0.4503
2023-06-07 15:52:57,709 - my_logger - INFO - epoch 84, train loss: 0.4458
2023-06-07 15:52:57,712 - my_logger - INFO - evaluating......
2023-06-07 15:52:57,712 - my_logger - INFO - epoch 84, valid loss: 0.6506, valid auc: 74.49%
2023-06-07 15:52:57,717 - my_logger - INFO - epoch 85, train loss: 0.4430
2023-06-07 15:52:57,720 - my_logger - INFO - epoch 86, train loss: 0.4434
2023-06-07 15:52:57,723 - my_logger - INFO - evaluating......
2023-06-07 15:52:57,723 - my_logger - INFO - epoch 86, valid loss: 0.6473, valid auc: 74.58%
2023-06-07 15:52:57,727 - my_logger - INFO - epoch 87, train loss: 0.4411
2023-06-07 15:52:57,730 - my_logger - INFO - epoch 88, train loss: 0.4377
2023-06-07 15:52:57,734 - my_logger - INFO - evaluating......
2023-06-07 15:52:57,734 - my_logger - INFO - epoch 88, valid loss: 0.6498, valid auc: 74.71%
2023-06-07 15:52:57,738 - my_logger - INFO - epoch 89, train loss: 0.4360
2023-06-07 15:52:57,740 - my_logger - INFO - epoch 90, train loss: 0.4354
2023-06-07 15:52:57,744 - my_logger - INFO - evaluating......
2023-06-07 15:52:57,744 - my_logger - INFO - epoch 90, valid loss: 0.6563, valid auc: 74.82%
2023-06-07 15:52:57,747 - my_logger - INFO - epoch 91, train loss: 0.4339
2023-06-07 15:52:57,751 - my_logger - INFO - epoch 92, train loss: 0.4306
2023-06-07 15:52:57,754 - my_logger - INFO - evaluating......
2023-06-07 15:52:57,755 - my_logger - INFO - epoch 92, valid loss: 0.6557, valid auc: 74.93%
2023-06-07 15:52:57,758 - my_logger - INFO - epoch 93, train loss: 0.4281
2023-06-07 15:52:57,761 - my_logger - INFO - epoch 94, train loss: 0.4269
2023-06-07 15:52:57,764 - my_logger - INFO - evaluating......
2023-06-07 15:52:57,764 - my_logger - INFO - epoch 94, valid loss: 0.6539, valid auc: 75.06%
2023-06-07 15:52:57,768 - my_logger - INFO - epoch 95, train loss: 0.4257
2023-06-07 15:52:57,771 - my_logger - INFO - epoch 96, train loss: 0.4241
2023-06-07 15:52:57,774 - my_logger - INFO - evaluating......
2023-06-07 15:52:57,774 - my_logger - INFO - epoch 96, valid loss: 0.6549, valid auc: 75.21%
2023-06-07 15:52:57,778 - my_logger - INFO - epoch 97, train loss: 0.4213
2023-06-07 15:52:57,781 - my_logger - INFO - epoch 98, train loss: 0.4184
2023-06-07 15:52:57,785 - my_logger - INFO - evaluating......
2023-06-07 15:52:57,785 - my_logger - INFO - epoch 98, valid loss: 0.6548, valid auc: 75.40%
2023-06-07 15:52:57,788 - my_logger - INFO - epoch 99, train loss: 0.4158
2023-06-07 15:52:57,791 - my_logger - INFO - epoch 100, train loss: 0.4137
2023-06-07 15:52:57,794 - my_logger - INFO - evaluating......
2023-06-07 15:52:57,795 - my_logger - INFO - epoch 100, valid loss: 0.6565, valid auc: 75.62%
2023-06-07 15:52:57,798 - my_logger - INFO - epoch 101, train loss: 0.4120
2023-06-07 15:52:57,801 - my_logger - INFO - epoch 102, train loss: 0.4105
2023-06-07 15:52:57,805 - my_logger - INFO - evaluating......
2023-06-07 15:52:57,805 - my_logger - INFO - epoch 102, valid loss: 0.6595, valid auc: 75.84%
2023-06-07 15:52:57,808 - my_logger - INFO - epoch 103, train loss: 0.4096
2023-06-07 15:52:57,811 - my_logger - INFO - epoch 104, train loss: 0.4083
2023-06-07 15:52:57,814 - my_logger - INFO - evaluating......
2023-06-07 15:52:57,815 - my_logger - INFO - epoch 104, valid loss: 0.6630, valid auc: 76.07%
2023-06-07 15:52:57,819 - my_logger - INFO - epoch 105, train loss: 0.4082
2023-06-07 15:52:57,821 - my_logger - INFO - epoch 106, train loss: 0.4037
2023-06-07 15:52:57,825 - my_logger - INFO - evaluating......
2023-06-07 15:52:57,825 - my_logger - INFO - epoch 106, valid loss: 0.6626, valid auc: 76.31%
2023-06-07 15:52:57,828 - my_logger - INFO - epoch 107, train loss: 0.3988
2023-06-07 15:52:57,831 - my_logger - INFO - epoch 108, train loss: 0.3945
2023-06-07 15:52:57,835 - my_logger - INFO - evaluating......
2023-06-07 15:52:57,835 - my_logger - INFO - epoch 108, valid loss: 0.6568, valid auc: 76.54%
2023-06-07 15:52:57,839 - my_logger - INFO - epoch 109, train loss: 0.3930
2023-06-07 15:52:57,841 - my_logger - INFO - epoch 110, train loss: 0.3928
2023-06-07 15:52:57,845 - my_logger - INFO - evaluating......
2023-06-07 15:52:57,845 - my_logger - INFO - epoch 110, valid loss: 0.6610, valid auc: 76.72%
2023-06-07 15:52:57,849 - my_logger - INFO - epoch 111, train loss: 0.3900
2023-06-07 15:52:57,853 - my_logger - INFO - epoch 112, train loss: 0.3863
2023-06-07 15:52:57,856 - my_logger - INFO - evaluating......
2023-06-07 15:52:57,857 - my_logger - INFO - epoch 112, valid loss: 0.6625, valid auc: 77.02%
2023-06-07 15:52:57,860 - my_logger - INFO - epoch 113, train loss: 0.3815
2023-06-07 15:52:57,863 - my_logger - INFO - epoch 114, train loss: 0.3779
2023-06-07 15:52:57,867 - my_logger - INFO - evaluating......
2023-06-07 15:52:57,867 - my_logger - INFO - epoch 114, valid loss: 0.6631, valid auc: 77.42%
2023-06-07 15:52:57,871 - my_logger - INFO - epoch 115, train loss: 0.3758
2023-06-07 15:52:57,874 - my_logger - INFO - epoch 116, train loss: 0.3744
2023-06-07 15:52:57,877 - my_logger - INFO - evaluating......
2023-06-07 15:52:57,877 - my_logger - INFO - epoch 116, valid loss: 0.6691, valid auc: 77.74%
2023-06-07 15:52:57,881 - my_logger - INFO - epoch 117, train loss: 0.3744
2023-06-07 15:52:57,884 - my_logger - INFO - epoch 118, train loss: 0.3728
2023-06-07 15:52:57,887 - my_logger - INFO - evaluating......
2023-06-07 15:52:57,888 - my_logger - INFO - epoch 118, valid loss: 0.6759, valid auc: 78.04%
2023-06-07 15:52:57,891 - my_logger - INFO - epoch 119, train loss: 0.3734
2023-06-07 15:52:57,893 - my_logger - INFO - epoch 120, train loss: 0.3655
2023-06-07 15:52:57,897 - my_logger - INFO - evaluating......
2023-06-07 15:52:57,897 - my_logger - INFO - epoch 120, valid loss: 0.6756, valid auc: 78.37%
2023-06-07 15:52:57,901 - my_logger - INFO - epoch 121, train loss: 0.3586
2023-06-07 15:52:57,904 - my_logger - INFO - epoch 122, train loss: 0.3550
2023-06-07 15:52:57,907 - my_logger - INFO - evaluating......
2023-06-07 15:52:57,907 - my_logger - INFO - epoch 122, valid loss: 0.6746, valid auc: 78.71%
2023-06-07 15:52:57,910 - my_logger - INFO - epoch 123, train loss: 0.3551
2023-06-07 15:52:57,913 - my_logger - INFO - epoch 124, train loss: 0.3560
2023-06-07 15:52:57,917 - my_logger - INFO - evaluating......
2023-06-07 15:52:57,917 - my_logger - INFO - epoch 124, valid loss: 0.6891, valid auc: 78.95%
2023-06-07 15:52:57,920 - my_logger - INFO - epoch 125, train loss: 0.3512
2023-06-07 15:52:57,923 - my_logger - INFO - epoch 126, train loss: 0.3463
2023-06-07 15:52:57,926 - my_logger - INFO - evaluating......
2023-06-07 15:52:57,926 - my_logger - INFO - epoch 126, valid loss: 0.6895, valid auc: 79.31%
2023-06-07 15:52:57,930 - my_logger - INFO - epoch 127, train loss: 0.3407
2023-06-07 15:52:57,933 - my_logger - INFO - epoch 128, train loss: 0.3378
2023-06-07 15:52:57,936 - my_logger - INFO - evaluating......
2023-06-07 15:52:57,936 - my_logger - INFO - epoch 128, valid loss: 0.6919, valid auc: 79.60%
2023-06-07 15:52:57,940 - my_logger - INFO - epoch 129, train loss: 0.3371
2023-06-07 15:52:57,942 - my_logger - INFO - epoch 130, train loss: 0.3370
2023-06-07 15:52:57,945 - my_logger - INFO - evaluating......
2023-06-07 15:52:57,945 - my_logger - INFO - epoch 130, valid loss: 0.7047, valid auc: 79.76%
2023-06-07 15:52:57,949 - my_logger - INFO - epoch 131, train loss: 0.3405
2023-06-07 15:52:57,952 - my_logger - INFO - epoch 132, train loss: 0.3382
2023-06-07 15:52:57,955 - my_logger - INFO - evaluating......
2023-06-07 15:52:57,955 - my_logger - INFO - epoch 132, valid loss: 0.7139, valid auc: 79.94%
2023-06-07 15:52:57,959 - my_logger - INFO - epoch 133, train loss: 0.3385
2023-06-07 15:52:57,961 - my_logger - INFO - epoch 134, train loss: 0.3248
2023-06-07 15:52:57,965 - my_logger - INFO - evaluating......
2023-06-07 15:52:57,965 - my_logger - INFO - epoch 134, valid loss: 0.7089, valid auc: 80.16%
2023-06-07 15:52:57,968 - my_logger - INFO - epoch 135, train loss: 0.3194
2023-06-07 15:52:57,971 - my_logger - INFO - epoch 136, train loss: 0.3229
2023-06-07 15:52:57,974 - my_logger - INFO - evaluating......
2023-06-07 15:52:57,974 - my_logger - INFO - epoch 136, valid loss: 0.7240, valid auc: 80.08%
2023-06-07 15:52:57,976 - my_logger - INFO - epoch 137, train loss: 0.3205
2023-06-07 15:52:57,979 - my_logger - INFO - epoch 138, train loss: 0.3143
2023-06-07 15:52:57,983 - my_logger - INFO - evaluating......
2023-06-07 15:52:57,983 - my_logger - INFO - epoch 138, valid loss: 0.7280, valid auc: 80.29%
2023-06-07 15:52:57,987 - my_logger - INFO - epoch 139, train loss: 0.3081
2023-06-07 15:52:57,989 - my_logger - INFO - epoch 140, train loss: 0.3082
2023-06-07 15:52:57,992 - my_logger - INFO - evaluating......
2023-06-07 15:52:57,993 - my_logger - INFO - epoch 140, valid loss: 0.7269, valid auc: 80.58%
2023-06-07 15:52:57,996 - my_logger - INFO - epoch 141, train loss: 0.3100
2023-06-07 15:52:57,999 - my_logger - INFO - epoch 142, train loss: 0.3042
2023-06-07 15:52:58,002 - my_logger - INFO - evaluating......
2023-06-07 15:52:58,003 - my_logger - INFO - epoch 142, valid loss: 0.7350, valid auc: 80.69%
2023-06-07 15:52:58,006 - my_logger - INFO - epoch 143, train loss: 0.2981
2023-06-07 15:52:58,008 - my_logger - INFO - epoch 144, train loss: 0.2941
2023-06-07 15:52:58,012 - my_logger - INFO - evaluating......
2023-06-07 15:52:58,012 - my_logger - INFO - epoch 144, valid loss: 0.7409, valid auc: 80.85%
2023-06-07 15:52:58,015 - my_logger - INFO - epoch 145, train loss: 0.2933
2023-06-07 15:52:58,018 - my_logger - INFO - epoch 146, train loss: 0.2937
2023-06-07 15:52:58,021 - my_logger - INFO - evaluating......
2023-06-07 15:52:58,022 - my_logger - INFO - epoch 146, valid loss: 0.7547, valid auc: 81.01%
2023-06-07 15:52:58,025 - my_logger - INFO - epoch 147, train loss: 0.2901
2023-06-07 15:52:58,027 - my_logger - INFO - epoch 148, train loss: 0.2863
2023-06-07 15:52:58,031 - my_logger - INFO - evaluating......
2023-06-07 15:52:58,031 - my_logger - INFO - epoch 148, valid loss: 0.7582, valid auc: 81.26%
2023-06-07 15:52:58,035 - my_logger - INFO - epoch 149, train loss: 0.2803
2023-06-07 15:52:58,037 - my_logger - INFO - epoch 150, train loss: 0.2760
2023-06-07 15:52:58,041 - my_logger - INFO - evaluating......
2023-06-07 15:52:58,041 - my_logger - INFO - epoch 150, valid loss: 0.7593, valid auc: 81.50%
2023-06-07 15:52:58,044 - my_logger - INFO - epoch 151, train loss: 0.2737
2023-06-07 15:52:58,047 - my_logger - INFO - epoch 152, train loss: 0.2723
2023-06-07 15:52:58,050 - my_logger - INFO - evaluating......
2023-06-07 15:52:58,051 - my_logger - INFO - epoch 152, valid loss: 0.7663, valid auc: 81.66%
2023-06-07 15:52:58,054 - my_logger - INFO - epoch 153, train loss: 0.2726
2023-06-07 15:52:58,057 - my_logger - INFO - epoch 154, train loss: 0.2711
2023-06-07 15:52:58,060 - my_logger - INFO - evaluating......
2023-06-07 15:52:58,060 - my_logger - INFO - epoch 154, valid loss: 0.7736, valid auc: 81.88%
2023-06-07 15:52:58,064 - my_logger - INFO - epoch 155, train loss: 0.2738
2023-06-07 15:52:58,067 - my_logger - INFO - epoch 156, train loss: 0.2672
2023-06-07 15:52:58,070 - my_logger - INFO - evaluating......
2023-06-07 15:52:58,070 - my_logger - INFO - epoch 156, valid loss: 0.7817, valid auc: 82.12%
2023-06-07 15:52:58,074 - my_logger - INFO - epoch 157, train loss: 0.2613
2023-06-07 15:52:58,076 - my_logger - INFO - epoch 158, train loss: 0.2517
2023-06-07 15:52:58,079 - my_logger - INFO - evaluating......
2023-06-07 15:52:58,079 - my_logger - INFO - epoch 158, valid loss: 0.7825, valid auc: 82.38%
2023-06-07 15:52:58,083 - my_logger - INFO - epoch 159, train loss: 0.2496
2023-06-07 15:52:58,086 - my_logger - INFO - epoch 160, train loss: 0.2519
2023-06-07 15:52:58,090 - my_logger - INFO - evaluating......
2023-06-07 15:52:58,090 - my_logger - INFO - epoch 160, valid loss: 0.8032, valid auc: 82.52%
2023-06-07 15:52:58,096 - my_logger - INFO - epoch 161, train loss: 0.2470
2023-06-07 15:52:58,103 - my_logger - INFO - epoch 162, train loss: 0.2405
2023-06-07 15:52:58,110 - my_logger - INFO - evaluating......
2023-06-07 15:52:58,111 - my_logger - INFO - epoch 162, valid loss: 0.8007, valid auc: 82.85%
2023-06-07 15:52:58,116 - my_logger - INFO - epoch 163, train loss: 0.2349
2023-06-07 15:52:58,120 - my_logger - INFO - epoch 164, train loss: 0.2340
2023-06-07 15:52:58,124 - my_logger - INFO - evaluating......
2023-06-07 15:52:58,124 - my_logger - INFO - epoch 164, valid loss: 0.8039, valid auc: 83.13%
2023-06-07 15:52:58,128 - my_logger - INFO - epoch 165, train loss: 0.2349
2023-06-07 15:52:58,131 - my_logger - INFO - epoch 166, train loss: 0.2307
2023-06-07 15:52:58,134 - my_logger - INFO - evaluating......
2023-06-07 15:52:58,134 - my_logger - INFO - epoch 166, valid loss: 0.8112, valid auc: 83.33%
2023-06-07 15:52:58,138 - my_logger - INFO - epoch 167, train loss: 0.2260
2023-06-07 15:52:58,140 - my_logger - INFO - epoch 168, train loss: 0.2194
2023-06-07 15:52:58,143 - my_logger - INFO - evaluating......
2023-06-07 15:52:58,143 - my_logger - INFO - epoch 168, valid loss: 0.8210, valid auc: 83.50%
2023-06-07 15:52:58,147 - my_logger - INFO - epoch 169, train loss: 0.2159
2023-06-07 15:52:58,150 - my_logger - INFO - epoch 170, train loss: 0.2150
2023-06-07 15:52:58,153 - my_logger - INFO - evaluating......
2023-06-07 15:52:58,153 - my_logger - INFO - epoch 170, valid loss: 0.8395, valid auc: 83.61%
2023-06-07 15:52:58,157 - my_logger - INFO - epoch 171, train loss: 0.2137
2023-06-07 15:52:58,159 - my_logger - INFO - epoch 172, train loss: 0.2132
2023-06-07 15:52:58,162 - my_logger - INFO - evaluating......
2023-06-07 15:52:58,162 - my_logger - INFO - epoch 172, valid loss: 0.8561, valid auc: 83.72%
2023-06-07 15:52:58,166 - my_logger - INFO - epoch 173, train loss: 0.2083
2023-06-07 15:52:58,169 - my_logger - INFO - epoch 174, train loss: 0.2040
2023-06-07 15:52:58,172 - my_logger - INFO - evaluating......
2023-06-07 15:52:58,172 - my_logger - INFO - epoch 174, valid loss: 0.8636, valid auc: 83.92%
2023-06-07 15:52:58,175 - my_logger - INFO - epoch 175, train loss: 0.1981
2023-06-07 15:52:58,178 - my_logger - INFO - epoch 176, train loss: 0.1941
2023-06-07 15:52:58,181 - my_logger - INFO - evaluating......
2023-06-07 15:52:58,181 - my_logger - INFO - epoch 176, valid loss: 0.8653, valid auc: 84.12%
2023-06-07 15:52:58,185 - my_logger - INFO - epoch 177, train loss: 0.1923
2023-06-07 15:52:58,187 - my_logger - INFO - epoch 178, train loss: 0.1910
2023-06-07 15:52:58,191 - my_logger - INFO - evaluating......
2023-06-07 15:52:58,191 - my_logger - INFO - epoch 178, valid loss: 0.8792, valid auc: 84.24%
2023-06-07 15:52:58,194 - my_logger - INFO - epoch 179, train loss: 0.1905
2023-06-07 15:52:58,197 - my_logger - INFO - epoch 180, train loss: 0.1875
2023-06-07 15:52:58,200 - my_logger - INFO - evaluating......
2023-06-07 15:52:58,201 - my_logger - INFO - epoch 180, valid loss: 0.8930, valid auc: 84.35%
2023-06-07 15:52:58,204 - my_logger - INFO - epoch 181, train loss: 0.1859
2023-06-07 15:52:58,206 - my_logger - INFO - epoch 182, train loss: 0.1805
2023-06-07 15:52:58,210 - my_logger - INFO - evaluating......
2023-06-07 15:52:58,210 - my_logger - INFO - epoch 182, valid loss: 0.9084, valid auc: 84.46%
2023-06-07 15:52:58,213 - my_logger - INFO - epoch 183, train loss: 0.1756
2023-06-07 15:52:58,216 - my_logger - INFO - epoch 184, train loss: 0.1710
2023-06-07 15:52:58,220 - my_logger - INFO - evaluating......
2023-06-07 15:52:58,220 - my_logger - INFO - epoch 184, valid loss: 0.9263, valid auc: 84.52%
2023-06-07 15:52:58,223 - my_logger - INFO - epoch 185, train loss: 0.1687
2023-06-07 15:52:58,226 - my_logger - INFO - epoch 186, train loss: 0.1680
2023-06-07 15:52:58,229 - my_logger - INFO - evaluating......
2023-06-07 15:52:58,230 - my_logger - INFO - epoch 186, valid loss: 0.9554, valid auc: 84.51%
2023-06-07 15:52:58,232 - my_logger - INFO - epoch 187, train loss: 0.1666
2023-06-07 15:52:58,235 - my_logger - INFO - epoch 188, train loss: 0.1664
2023-06-07 15:52:58,239 - my_logger - INFO - evaluating......
2023-06-07 15:52:58,239 - my_logger - INFO - epoch 188, valid loss: 0.9841, valid auc: 84.51%
2023-06-07 15:52:58,240 - my_logger - INFO - epoch 189, train loss: 0.1634
2023-06-07 15:52:58,243 - my_logger - INFO - epoch 190, train loss: 0.1621
2023-06-07 15:52:58,246 - my_logger - INFO - evaluating......
2023-06-07 15:52:58,246 - my_logger - INFO - epoch 190, valid loss: 1.0058, valid auc: 84.55%
2023-06-07 15:52:58,250 - my_logger - INFO - epoch 191, train loss: 0.1562
2023-06-07 15:52:58,253 - my_logger - INFO - epoch 192, train loss: 0.1511
2023-06-07 15:52:58,256 - my_logger - INFO - evaluating......
2023-06-07 15:52:58,256 - my_logger - INFO - epoch 192, valid loss: 1.0156, valid auc: 84.65%
2023-06-07 15:52:58,259 - my_logger - INFO - epoch 193, train loss: 0.1475
2023-06-07 15:52:58,262 - my_logger - INFO - epoch 194, train loss: 0.1465
2023-06-07 15:52:58,266 - my_logger - INFO - evaluating......
2023-06-07 15:52:58,266 - my_logger - INFO - epoch 194, valid loss: 1.0287, valid auc: 84.73%
2023-06-07 15:52:58,270 - my_logger - INFO - epoch 195, train loss: 0.1467
2023-06-07 15:52:58,273 - my_logger - INFO - epoch 196, train loss: 0.1448
2023-06-07 15:52:58,276 - my_logger - INFO - evaluating......
2023-06-07 15:52:58,276 - my_logger - INFO - epoch 196, valid loss: 1.0526, valid auc: 84.75%
2023-06-07 15:52:58,279 - my_logger - INFO - epoch 197, train loss: 0.1437
2023-06-07 15:52:58,282 - my_logger - INFO - epoch 198, train loss: 0.1392
2023-06-07 15:52:58,286 - my_logger - INFO - evaluating......
2023-06-07 15:52:58,286 - my_logger - INFO - epoch 198, valid loss: 1.0751, valid auc: 84.76%
2023-06-07 15:52:58,289 - my_logger - INFO - epoch 199, train loss: 0.1353
2023-06-07 15:52:58,290 - my_logger - INFO - total train time used: 1.6382s
2023-06-07 15:52:58,290 - my_logger - INFO - testing......
2023-06-07 15:52:58,294 - my_logger - INFO - test auc: 84.15%
