2023-06-07 15:53:29,349 - my_logger - INFO - training......
2023-06-07 15:53:29,989 - my_logger - INFO - epoch 0, train loss: 0.6944
2023-06-07 15:53:29,995 - my_logger - INFO - evaluating......
2023-06-07 15:53:29,995 - my_logger - INFO - epoch 0, valid loss: 0.6941, valid auc: 51.05%
2023-06-07 15:53:29,999 - my_logger - INFO - epoch 1, train loss: 0.6939
2023-06-07 15:53:30,001 - my_logger - INFO - epoch 2, train loss: 0.6934
2023-06-07 15:53:30,005 - my_logger - INFO - evaluating......
2023-06-07 15:53:30,005 - my_logger - INFO - epoch 2, valid loss: 0.6932, valid auc: 62.65%
2023-06-07 15:53:30,007 - my_logger - INFO - epoch 3, train loss: 0.6928
2023-06-07 15:53:30,010 - my_logger - INFO - epoch 4, train loss: 0.6921
2023-06-07 15:53:30,013 - my_logger - INFO - evaluating......
2023-06-07 15:53:30,013 - my_logger - INFO - epoch 4, valid loss: 0.6923, valid auc: 63.10%
2023-06-07 15:53:30,017 - my_logger - INFO - epoch 5, train loss: 0.6914
2023-06-07 15:53:30,019 - my_logger - INFO - epoch 6, train loss: 0.6905
2023-06-07 15:53:30,022 - my_logger - INFO - evaluating......
2023-06-07 15:53:30,022 - my_logger - INFO - epoch 6, valid loss: 0.6914, valid auc: 63.50%
2023-06-07 15:53:30,025 - my_logger - INFO - epoch 7, train loss: 0.6891
2023-06-07 15:53:30,027 - my_logger - INFO - epoch 8, train loss: 0.6871
2023-06-07 15:53:30,030 - my_logger - INFO - evaluating......
2023-06-07 15:53:30,031 - my_logger - INFO - epoch 8, valid loss: 0.6887, valid auc: 64.18%
2023-06-07 15:53:30,034 - my_logger - INFO - epoch 9, train loss: 0.6848
2023-06-07 15:53:30,036 - my_logger - INFO - epoch 10, train loss: 0.6817
2023-06-07 15:53:30,039 - my_logger - INFO - evaluating......
2023-06-07 15:53:30,040 - my_logger - INFO - epoch 10, valid loss: 0.6846, valid auc: 64.90%
2023-06-07 15:53:30,043 - my_logger - INFO - epoch 11, train loss: 0.6777
2023-06-07 15:53:30,045 - my_logger - INFO - epoch 12, train loss: 0.6732
2023-06-07 15:53:30,049 - my_logger - INFO - evaluating......
2023-06-07 15:53:30,049 - my_logger - INFO - epoch 12, valid loss: 0.6794, valid auc: 65.64%
2023-06-07 15:53:30,052 - my_logger - INFO - epoch 13, train loss: 0.6676
2023-06-07 15:53:30,054 - my_logger - INFO - epoch 14, train loss: 0.6612
2023-06-07 15:53:30,057 - my_logger - INFO - evaluating......
2023-06-07 15:53:30,057 - my_logger - INFO - epoch 14, valid loss: 0.6709, valid auc: 66.07%
2023-06-07 15:53:30,060 - my_logger - INFO - epoch 15, train loss: 0.6539
2023-06-07 15:53:30,062 - my_logger - INFO - epoch 16, train loss: 0.6456
2023-06-07 15:53:30,066 - my_logger - INFO - evaluating......
2023-06-07 15:53:30,066 - my_logger - INFO - epoch 16, valid loss: 0.6624, valid auc: 66.51%
2023-06-07 15:53:30,070 - my_logger - INFO - epoch 17, train loss: 0.6369
2023-06-07 15:53:30,072 - my_logger - INFO - epoch 18, train loss: 0.6288
2023-06-07 15:53:30,076 - my_logger - INFO - evaluating......
2023-06-07 15:53:30,076 - my_logger - INFO - epoch 18, valid loss: 0.6548, valid auc: 66.76%
2023-06-07 15:53:30,080 - my_logger - INFO - epoch 19, train loss: 0.6214
2023-06-07 15:53:30,083 - my_logger - INFO - epoch 20, train loss: 0.6162
2023-06-07 15:53:30,086 - my_logger - INFO - evaluating......
2023-06-07 15:53:30,086 - my_logger - INFO - epoch 20, valid loss: 0.6570, valid auc: 67.31%
2023-06-07 15:53:30,090 - my_logger - INFO - epoch 21, train loss: 0.6138
2023-06-07 15:53:30,093 - my_logger - INFO - epoch 22, train loss: 0.6246
2023-06-07 15:53:30,096 - my_logger - INFO - evaluating......
2023-06-07 15:53:30,096 - my_logger - INFO - epoch 22, valid loss: 0.6676, valid auc: 67.73%
2023-06-07 15:53:30,099 - my_logger - INFO - epoch 23, train loss: 0.6126
2023-06-07 15:53:30,102 - my_logger - INFO - epoch 24, train loss: 0.6089
2023-06-07 15:53:30,106 - my_logger - INFO - evaluating......
2023-06-07 15:53:30,106 - my_logger - INFO - epoch 24, valid loss: 0.6640, valid auc: 68.23%
2023-06-07 15:53:30,109 - my_logger - INFO - epoch 25, train loss: 0.6025
2023-06-07 15:53:30,111 - my_logger - INFO - epoch 26, train loss: 0.6025
2023-06-07 15:53:30,115 - my_logger - INFO - evaluating......
2023-06-07 15:53:30,115 - my_logger - INFO - epoch 26, valid loss: 0.6500, valid auc: 68.40%
2023-06-07 15:53:30,118 - my_logger - INFO - epoch 27, train loss: 0.5931
2023-06-07 15:53:30,121 - my_logger - INFO - epoch 28, train loss: 0.5966
2023-06-07 15:53:30,124 - my_logger - INFO - evaluating......
2023-06-07 15:53:30,124 - my_logger - INFO - epoch 28, valid loss: 0.6521, valid auc: 68.69%
2023-06-07 15:53:30,127 - my_logger - INFO - epoch 29, train loss: 0.5890
2023-06-07 15:53:30,129 - my_logger - INFO - epoch 30, train loss: 0.5892
2023-06-07 15:53:30,133 - my_logger - INFO - evaluating......
2023-06-07 15:53:30,133 - my_logger - INFO - epoch 30, valid loss: 0.6387, valid auc: 68.85%
2023-06-07 15:53:30,136 - my_logger - INFO - epoch 31, train loss: 0.5879
2023-06-07 15:53:30,139 - my_logger - INFO - epoch 32, train loss: 0.5830
2023-06-07 15:53:30,142 - my_logger - INFO - evaluating......
2023-06-07 15:53:30,142 - my_logger - INFO - epoch 32, valid loss: 0.6376, valid auc: 68.97%
2023-06-07 15:53:30,145 - my_logger - INFO - epoch 33, train loss: 0.5847
2023-06-07 15:53:30,147 - my_logger - INFO - epoch 34, train loss: 0.5802
2023-06-07 15:53:30,151 - my_logger - INFO - evaluating......
2023-06-07 15:53:30,151 - my_logger - INFO - epoch 34, valid loss: 0.6378, valid auc: 69.02%
2023-06-07 15:53:30,154 - my_logger - INFO - epoch 35, train loss: 0.5790
2023-06-07 15:53:30,156 - my_logger - INFO - epoch 36, train loss: 0.5780
2023-06-07 15:53:30,159 - my_logger - INFO - evaluating......
2023-06-07 15:53:30,159 - my_logger - INFO - epoch 36, valid loss: 0.6357, valid auc: 69.04%
2023-06-07 15:53:30,162 - my_logger - INFO - epoch 37, train loss: 0.5741
2023-06-07 15:53:30,165 - my_logger - INFO - epoch 38, train loss: 0.5742
2023-06-07 15:53:30,169 - my_logger - INFO - evaluating......
2023-06-07 15:53:30,169 - my_logger - INFO - epoch 38, valid loss: 0.6419, valid auc: 69.01%
2023-06-07 15:53:30,170 - my_logger - INFO - epoch 39, train loss: 0.5703
2023-06-07 15:53:30,172 - my_logger - INFO - epoch 40, train loss: 0.5696
2023-06-07 15:53:30,175 - my_logger - INFO - evaluating......
2023-06-07 15:53:30,176 - my_logger - INFO - epoch 40, valid loss: 0.6385, valid auc: 69.00%
2023-06-07 15:53:30,177 - my_logger - INFO - epoch 41, train loss: 0.5673
2023-06-07 15:53:30,179 - my_logger - INFO - epoch 42, train loss: 0.5653
2023-06-07 15:53:30,183 - my_logger - INFO - evaluating......
2023-06-07 15:53:30,183 - my_logger - INFO - epoch 42, valid loss: 0.6437, valid auc: 69.07%
2023-06-07 15:53:30,186 - my_logger - INFO - epoch 43, train loss: 0.5639
2023-06-07 15:53:30,188 - my_logger - INFO - epoch 44, train loss: 0.5614
2023-06-07 15:53:30,192 - my_logger - INFO - evaluating......
2023-06-07 15:53:30,192 - my_logger - INFO - epoch 44, valid loss: 0.6423, valid auc: 69.19%
2023-06-07 15:53:30,194 - my_logger - INFO - epoch 45, train loss: 0.5603
2023-06-07 15:53:30,197 - my_logger - INFO - epoch 46, train loss: 0.5582
2023-06-07 15:53:30,201 - my_logger - INFO - evaluating......
2023-06-07 15:53:30,201 - my_logger - INFO - epoch 46, valid loss: 0.6460, valid auc: 69.36%
2023-06-07 15:53:30,203 - my_logger - INFO - epoch 47, train loss: 0.5567
2023-06-07 15:53:30,206 - my_logger - INFO - epoch 48, train loss: 0.5549
2023-06-07 15:53:30,209 - my_logger - INFO - evaluating......
2023-06-07 15:53:30,209 - my_logger - INFO - epoch 48, valid loss: 0.6447, valid auc: 69.55%
2023-06-07 15:53:30,211 - my_logger - INFO - epoch 49, train loss: 0.5531
2023-06-07 15:53:30,214 - my_logger - INFO - epoch 50, train loss: 0.5518
2023-06-07 15:53:30,217 - my_logger - INFO - evaluating......
2023-06-07 15:53:30,217 - my_logger - INFO - epoch 50, valid loss: 0.6480, valid auc: 69.72%
2023-06-07 15:53:30,220 - my_logger - INFO - epoch 51, train loss: 0.5495
2023-06-07 15:53:30,222 - my_logger - INFO - epoch 52, train loss: 0.5483
2023-06-07 15:53:30,225 - my_logger - INFO - evaluating......
2023-06-07 15:53:30,226 - my_logger - INFO - epoch 52, valid loss: 0.6440, valid auc: 69.95%
2023-06-07 15:53:30,228 - my_logger - INFO - epoch 53, train loss: 0.5460
2023-06-07 15:53:30,231 - my_logger - INFO - epoch 54, train loss: 0.5446
2023-06-07 15:53:30,234 - my_logger - INFO - evaluating......
2023-06-07 15:53:30,235 - my_logger - INFO - epoch 54, valid loss: 0.6450, valid auc: 70.13%
2023-06-07 15:53:30,237 - my_logger - INFO - epoch 55, train loss: 0.5429
2023-06-07 15:53:30,239 - my_logger - INFO - epoch 56, train loss: 0.5409
2023-06-07 15:53:30,242 - my_logger - INFO - evaluating......
2023-06-07 15:53:30,243 - my_logger - INFO - epoch 56, valid loss: 0.6427, valid auc: 70.32%
2023-06-07 15:53:30,245 - my_logger - INFO - epoch 57, train loss: 0.5397
2023-06-07 15:53:30,248 - my_logger - INFO - epoch 58, train loss: 0.5377
2023-06-07 15:53:30,251 - my_logger - INFO - evaluating......
2023-06-07 15:53:30,252 - my_logger - INFO - epoch 58, valid loss: 0.6411, valid auc: 70.51%
2023-06-07 15:53:30,254 - my_logger - INFO - epoch 59, train loss: 0.5359
2023-06-07 15:53:30,257 - my_logger - INFO - epoch 60, train loss: 0.5346
2023-06-07 15:53:30,260 - my_logger - INFO - evaluating......
2023-06-07 15:53:30,260 - my_logger - INFO - epoch 60, valid loss: 0.6423, valid auc: 70.72%
2023-06-07 15:53:30,263 - my_logger - INFO - epoch 61, train loss: 0.5326
2023-06-07 15:53:30,265 - my_logger - INFO - epoch 62, train loss: 0.5308
2023-06-07 15:53:30,268 - my_logger - INFO - evaluating......
2023-06-07 15:53:30,269 - my_logger - INFO - epoch 62, valid loss: 0.6398, valid auc: 70.94%
2023-06-07 15:53:30,271 - my_logger - INFO - epoch 63, train loss: 0.5294
2023-06-07 15:53:30,273 - my_logger - INFO - epoch 64, train loss: 0.5277
2023-06-07 15:53:30,276 - my_logger - INFO - evaluating......
2023-06-07 15:53:30,277 - my_logger - INFO - epoch 64, valid loss: 0.6387, valid auc: 71.16%
2023-06-07 15:53:30,280 - my_logger - INFO - epoch 65, train loss: 0.5257
2023-06-07 15:53:30,282 - my_logger - INFO - epoch 66, train loss: 0.5241
2023-06-07 15:53:30,286 - my_logger - INFO - evaluating......
2023-06-07 15:53:30,286 - my_logger - INFO - epoch 66, valid loss: 0.6398, valid auc: 71.38%
2023-06-07 15:53:30,289 - my_logger - INFO - epoch 67, train loss: 0.5227
2023-06-07 15:53:30,291 - my_logger - INFO - epoch 68, train loss: 0.5209
2023-06-07 15:53:30,294 - my_logger - INFO - evaluating......
2023-06-07 15:53:30,294 - my_logger - INFO - epoch 68, valid loss: 0.6404, valid auc: 71.60%
2023-06-07 15:53:30,297 - my_logger - INFO - epoch 69, train loss: 0.5190
2023-06-07 15:53:30,300 - my_logger - INFO - epoch 70, train loss: 0.5172
2023-06-07 15:53:30,303 - my_logger - INFO - evaluating......
2023-06-07 15:53:30,303 - my_logger - INFO - epoch 70, valid loss: 0.6390, valid auc: 71.82%
2023-06-07 15:53:30,306 - my_logger - INFO - epoch 71, train loss: 0.5156
2023-06-07 15:53:30,308 - my_logger - INFO - epoch 72, train loss: 0.5141
2023-06-07 15:53:30,311 - my_logger - INFO - evaluating......
2023-06-07 15:53:30,311 - my_logger - INFO - epoch 72, valid loss: 0.6380, valid auc: 72.03%
2023-06-07 15:53:30,315 - my_logger - INFO - epoch 73, train loss: 0.5126
2023-06-07 15:53:30,317 - my_logger - INFO - epoch 74, train loss: 0.5114
2023-06-07 15:53:30,320 - my_logger - INFO - evaluating......
2023-06-07 15:53:30,321 - my_logger - INFO - epoch 74, valid loss: 0.6376, valid auc: 72.21%
2023-06-07 15:53:30,323 - my_logger - INFO - epoch 75, train loss: 0.5102
2023-06-07 15:53:30,326 - my_logger - INFO - epoch 76, train loss: 0.5093
2023-06-07 15:53:30,329 - my_logger - INFO - evaluating......
2023-06-07 15:53:30,329 - my_logger - INFO - epoch 76, valid loss: 0.6371, valid auc: 72.37%
2023-06-07 15:53:30,332 - my_logger - INFO - epoch 77, train loss: 0.5077
2023-06-07 15:53:30,335 - my_logger - INFO - epoch 78, train loss: 0.5059
2023-06-07 15:53:30,338 - my_logger - INFO - evaluating......
2023-06-07 15:53:30,338 - my_logger - INFO - epoch 78, valid loss: 0.6363, valid auc: 72.50%
2023-06-07 15:53:30,341 - my_logger - INFO - epoch 79, train loss: 0.5032
2023-06-07 15:53:30,343 - my_logger - INFO - epoch 80, train loss: 0.5009
2023-06-07 15:53:30,346 - my_logger - INFO - evaluating......
2023-06-07 15:53:30,346 - my_logger - INFO - epoch 80, valid loss: 0.6359, valid auc: 72.63%
2023-06-07 15:53:30,349 - my_logger - INFO - epoch 81, train loss: 0.4995
2023-06-07 15:53:30,352 - my_logger - INFO - epoch 82, train loss: 0.4987
2023-06-07 15:53:30,355 - my_logger - INFO - evaluating......
2023-06-07 15:53:30,355 - my_logger - INFO - epoch 82, valid loss: 0.6379, valid auc: 72.73%
2023-06-07 15:53:30,358 - my_logger - INFO - epoch 83, train loss: 0.4985
2023-06-07 15:53:30,360 - my_logger - INFO - epoch 84, train loss: 0.4978
2023-06-07 15:53:30,363 - my_logger - INFO - evaluating......
2023-06-07 15:53:30,363 - my_logger - INFO - epoch 84, valid loss: 0.6413, valid auc: 72.86%
2023-06-07 15:53:30,366 - my_logger - INFO - epoch 85, train loss: 0.4960
2023-06-07 15:53:30,368 - my_logger - INFO - epoch 86, train loss: 0.4925
2023-06-07 15:53:30,371 - my_logger - INFO - evaluating......
2023-06-07 15:53:30,371 - my_logger - INFO - epoch 86, valid loss: 0.6374, valid auc: 72.97%
2023-06-07 15:53:30,374 - my_logger - INFO - epoch 87, train loss: 0.4903
2023-06-07 15:53:30,376 - my_logger - INFO - epoch 88, train loss: 0.4900
2023-06-07 15:53:30,379 - my_logger - INFO - evaluating......
2023-06-07 15:53:30,379 - my_logger - INFO - epoch 88, valid loss: 0.6339, valid auc: 73.07%
2023-06-07 15:53:30,382 - my_logger - INFO - epoch 89, train loss: 0.4903
2023-06-07 15:53:30,384 - my_logger - INFO - epoch 90, train loss: 0.4903
2023-06-07 15:53:30,387 - my_logger - INFO - evaluating......
2023-06-07 15:53:30,387 - my_logger - INFO - epoch 90, valid loss: 0.6349, valid auc: 73.15%
2023-06-07 15:53:30,389 - my_logger - INFO - epoch 91, train loss: 0.4870
2023-06-07 15:53:30,392 - my_logger - INFO - epoch 92, train loss: 0.4834
2023-06-07 15:53:30,395 - my_logger - INFO - evaluating......
2023-06-07 15:53:30,395 - my_logger - INFO - epoch 92, valid loss: 0.6344, valid auc: 73.26%
2023-06-07 15:53:30,398 - my_logger - INFO - epoch 93, train loss: 0.4824
2023-06-07 15:53:30,400 - my_logger - INFO - epoch 94, train loss: 0.4827
2023-06-07 15:53:30,403 - my_logger - INFO - evaluating......
2023-06-07 15:53:30,403 - my_logger - INFO - epoch 94, valid loss: 0.6392, valid auc: 73.37%
2023-06-07 15:53:30,406 - my_logger - INFO - epoch 95, train loss: 0.4817
2023-06-07 15:53:30,408 - my_logger - INFO - epoch 96, train loss: 0.4785
2023-06-07 15:53:30,411 - my_logger - INFO - evaluating......
2023-06-07 15:53:30,411 - my_logger - INFO - epoch 96, valid loss: 0.6375, valid auc: 73.44%
2023-06-07 15:53:30,414 - my_logger - INFO - epoch 97, train loss: 0.4761
2023-06-07 15:53:30,416 - my_logger - INFO - epoch 98, train loss: 0.4754
2023-06-07 15:53:30,419 - my_logger - INFO - evaluating......
2023-06-07 15:53:30,419 - my_logger - INFO - epoch 98, valid loss: 0.6346, valid auc: 73.53%
2023-06-07 15:53:30,422 - my_logger - INFO - epoch 99, train loss: 0.4750
2023-06-07 15:53:30,424 - my_logger - INFO - epoch 100, train loss: 0.4736
2023-06-07 15:53:30,427 - my_logger - INFO - evaluating......
2023-06-07 15:53:30,428 - my_logger - INFO - epoch 100, valid loss: 0.6348, valid auc: 73.63%
2023-06-07 15:53:30,430 - my_logger - INFO - epoch 101, train loss: 0.4711
2023-06-07 15:53:30,432 - my_logger - INFO - epoch 102, train loss: 0.4691
2023-06-07 15:53:30,435 - my_logger - INFO - evaluating......
2023-06-07 15:53:30,435 - my_logger - INFO - epoch 102, valid loss: 0.6354, valid auc: 73.76%
2023-06-07 15:53:30,438 - my_logger - INFO - epoch 103, train loss: 0.4682
2023-06-07 15:53:30,440 - my_logger - INFO - epoch 104, train loss: 0.4677
2023-06-07 15:53:30,443 - my_logger - INFO - evaluating......
2023-06-07 15:53:30,444 - my_logger - INFO - epoch 104, valid loss: 0.6382, valid auc: 73.85%
2023-06-07 15:53:30,446 - my_logger - INFO - epoch 105, train loss: 0.4675
2023-06-07 15:53:30,448 - my_logger - INFO - epoch 106, train loss: 0.4662
2023-06-07 15:53:30,451 - my_logger - INFO - evaluating......
2023-06-07 15:53:30,451 - my_logger - INFO - epoch 106, valid loss: 0.6401, valid auc: 73.99%
2023-06-07 15:53:30,454 - my_logger - INFO - epoch 107, train loss: 0.4643
2023-06-07 15:53:30,456 - my_logger - INFO - epoch 108, train loss: 0.4613
2023-06-07 15:53:30,459 - my_logger - INFO - evaluating......
2023-06-07 15:53:30,459 - my_logger - INFO - epoch 108, valid loss: 0.6367, valid auc: 74.11%
2023-06-07 15:53:30,462 - my_logger - INFO - epoch 109, train loss: 0.4593
2023-06-07 15:53:30,465 - my_logger - INFO - epoch 110, train loss: 0.4586
2023-06-07 15:53:30,468 - my_logger - INFO - evaluating......
2023-06-07 15:53:30,468 - my_logger - INFO - epoch 110, valid loss: 0.6342, valid auc: 74.16%
2023-06-07 15:53:30,470 - my_logger - INFO - epoch 111, train loss: 0.4585
2023-06-07 15:53:30,473 - my_logger - INFO - epoch 112, train loss: 0.4586
2023-06-07 15:53:30,476 - my_logger - INFO - evaluating......
2023-06-07 15:53:30,476 - my_logger - INFO - epoch 112, valid loss: 0.6355, valid auc: 74.23%
2023-06-07 15:53:30,478 - my_logger - INFO - epoch 113, train loss: 0.4571
2023-06-07 15:53:30,481 - my_logger - INFO - epoch 114, train loss: 0.4549
2023-06-07 15:53:30,484 - my_logger - INFO - evaluating......
2023-06-07 15:53:30,484 - my_logger - INFO - epoch 114, valid loss: 0.6351, valid auc: 74.36%
2023-06-07 15:53:30,487 - my_logger - INFO - epoch 115, train loss: 0.4516
2023-06-07 15:53:30,489 - my_logger - INFO - epoch 116, train loss: 0.4498
2023-06-07 15:53:30,492 - my_logger - INFO - evaluating......
2023-06-07 15:53:30,492 - my_logger - INFO - epoch 116, valid loss: 0.6348, valid auc: 74.56%
2023-06-07 15:53:30,495 - my_logger - INFO - epoch 117, train loss: 0.4495
2023-06-07 15:53:30,498 - my_logger - INFO - epoch 118, train loss: 0.4493
2023-06-07 15:53:30,501 - my_logger - INFO - evaluating......
2023-06-07 15:53:30,501 - my_logger - INFO - epoch 118, valid loss: 0.6382, valid auc: 74.67%
2023-06-07 15:53:30,504 - my_logger - INFO - epoch 119, train loss: 0.4487
2023-06-07 15:53:30,506 - my_logger - INFO - epoch 120, train loss: 0.4461
2023-06-07 15:53:30,509 - my_logger - INFO - evaluating......
2023-06-07 15:53:30,510 - my_logger - INFO - epoch 120, valid loss: 0.6385, valid auc: 74.76%
2023-06-07 15:53:30,513 - my_logger - INFO - epoch 121, train loss: 0.4434
2023-06-07 15:53:30,515 - my_logger - INFO - epoch 122, train loss: 0.4414
2023-06-07 15:53:30,519 - my_logger - INFO - evaluating......
2023-06-07 15:53:30,519 - my_logger - INFO - epoch 122, valid loss: 0.6360, valid auc: 74.84%
2023-06-07 15:53:30,522 - my_logger - INFO - epoch 123, train loss: 0.4404
2023-06-07 15:53:30,524 - my_logger - INFO - epoch 124, train loss: 0.4400
2023-06-07 15:53:30,528 - my_logger - INFO - evaluating......
2023-06-07 15:53:30,528 - my_logger - INFO - epoch 124, valid loss: 0.6371, valid auc: 74.86%
2023-06-07 15:53:30,531 - my_logger - INFO - epoch 125, train loss: 0.4392
2023-06-07 15:53:30,533 - my_logger - INFO - epoch 126, train loss: 0.4384
2023-06-07 15:53:30,536 - my_logger - INFO - evaluating......
2023-06-07 15:53:30,536 - my_logger - INFO - epoch 126, valid loss: 0.6387, valid auc: 74.90%
2023-06-07 15:53:30,539 - my_logger - INFO - epoch 127, train loss: 0.4365
2023-06-07 15:53:30,541 - my_logger - INFO - epoch 128, train loss: 0.4345
2023-06-07 15:53:30,545 - my_logger - INFO - evaluating......
2023-06-07 15:53:30,545 - my_logger - INFO - epoch 128, valid loss: 0.6385, valid auc: 75.03%
2023-06-07 15:53:30,547 - my_logger - INFO - epoch 129, train loss: 0.4321
2023-06-07 15:53:30,550 - my_logger - INFO - epoch 130, train loss: 0.4301
2023-06-07 15:53:30,553 - my_logger - INFO - evaluating......
2023-06-07 15:53:30,553 - my_logger - INFO - epoch 130, valid loss: 0.6382, valid auc: 75.22%
2023-06-07 15:53:30,555 - my_logger - INFO - epoch 131, train loss: 0.4287
2023-06-07 15:53:30,557 - my_logger - INFO - epoch 132, train loss: 0.4277
2023-06-07 15:53:30,560 - my_logger - INFO - evaluating......
2023-06-07 15:53:30,561 - my_logger - INFO - epoch 132, valid loss: 0.6400, valid auc: 75.37%
2023-06-07 15:53:30,563 - my_logger - INFO - epoch 133, train loss: 0.4271
2023-06-07 15:53:30,565 - my_logger - INFO - epoch 134, train loss: 0.4269
2023-06-07 15:53:30,568 - my_logger - INFO - evaluating......
2023-06-07 15:53:30,568 - my_logger - INFO - epoch 134, valid loss: 0.6429, valid auc: 75.53%
2023-06-07 15:53:30,571 - my_logger - INFO - epoch 135, train loss: 0.4281
2023-06-07 15:53:30,574 - my_logger - INFO - epoch 136, train loss: 0.4278
2023-06-07 15:53:30,577 - my_logger - INFO - evaluating......
2023-06-07 15:53:30,578 - my_logger - INFO - epoch 136, valid loss: 0.6464, valid auc: 75.69%
2023-06-07 15:53:30,581 - my_logger - INFO - epoch 137, train loss: 0.4268
2023-06-07 15:53:30,583 - my_logger - INFO - epoch 138, train loss: 0.4210
2023-06-07 15:53:30,587 - my_logger - INFO - evaluating......
2023-06-07 15:53:30,587 - my_logger - INFO - epoch 138, valid loss: 0.6421, valid auc: 75.75%
2023-06-07 15:53:30,591 - my_logger - INFO - epoch 139, train loss: 0.4172
2023-06-07 15:53:30,594 - my_logger - INFO - epoch 140, train loss: 0.4175
2023-06-07 15:53:30,598 - my_logger - INFO - evaluating......
2023-06-07 15:53:30,598 - my_logger - INFO - epoch 140, valid loss: 0.6411, valid auc: 75.67%
2023-06-07 15:53:30,600 - my_logger - INFO - epoch 141, train loss: 0.4182
2023-06-07 15:53:30,603 - my_logger - INFO - epoch 142, train loss: 0.4167
2023-06-07 15:53:30,606 - my_logger - INFO - evaluating......
2023-06-07 15:53:30,606 - my_logger - INFO - epoch 142, valid loss: 0.6447, valid auc: 75.68%
2023-06-07 15:53:30,608 - my_logger - INFO - epoch 143, train loss: 0.4122
2023-06-07 15:53:30,610 - my_logger - INFO - epoch 144, train loss: 0.4099
2023-06-07 15:53:30,614 - my_logger - INFO - evaluating......
2023-06-07 15:53:30,614 - my_logger - INFO - epoch 144, valid loss: 0.6428, valid auc: 76.05%
2023-06-07 15:53:30,617 - my_logger - INFO - epoch 145, train loss: 0.4102
2023-06-07 15:53:30,620 - my_logger - INFO - epoch 146, train loss: 0.4099
2023-06-07 15:53:30,623 - my_logger - INFO - evaluating......
2023-06-07 15:53:30,623 - my_logger - INFO - epoch 146, valid loss: 0.6471, valid auc: 76.22%
2023-06-07 15:53:30,626 - my_logger - INFO - epoch 147, train loss: 0.4082
2023-06-07 15:53:30,628 - my_logger - INFO - epoch 148, train loss: 0.4046
2023-06-07 15:53:30,631 - my_logger - INFO - evaluating......
2023-06-07 15:53:30,632 - my_logger - INFO - epoch 148, valid loss: 0.6469, valid auc: 76.26%
2023-06-07 15:53:30,634 - my_logger - INFO - epoch 149, train loss: 0.4021
2023-06-07 15:53:30,637 - my_logger - INFO - epoch 150, train loss: 0.4012
2023-06-07 15:53:30,640 - my_logger - INFO - evaluating......
2023-06-07 15:53:30,640 - my_logger - INFO - epoch 150, valid loss: 0.6486, valid auc: 76.20%
2023-06-07 15:53:30,641 - my_logger - INFO - epoch 151, train loss: 0.4008
2023-06-07 15:53:30,643 - my_logger - INFO - epoch 152, train loss: 0.4004
2023-06-07 15:53:30,647 - my_logger - INFO - evaluating......
2023-06-07 15:53:30,647 - my_logger - INFO - epoch 152, valid loss: 0.6532, valid auc: 76.22%
2023-06-07 15:53:30,648 - my_logger - INFO - epoch 153, train loss: 0.3981
2023-06-07 15:53:30,650 - my_logger - INFO - epoch 154, train loss: 0.3954
2023-06-07 15:53:30,653 - my_logger - INFO - evaluating......
2023-06-07 15:53:30,654 - my_logger - INFO - epoch 154, valid loss: 0.6524, valid auc: 76.40%
2023-06-07 15:53:30,656 - my_logger - INFO - epoch 155, train loss: 0.3926
2023-06-07 15:53:30,659 - my_logger - INFO - epoch 156, train loss: 0.3907
2023-06-07 15:53:30,662 - my_logger - INFO - evaluating......
2023-06-07 15:53:30,662 - my_logger - INFO - epoch 156, valid loss: 0.6514, valid auc: 76.69%
2023-06-07 15:53:30,665 - my_logger - INFO - epoch 157, train loss: 0.3897
2023-06-07 15:53:30,667 - my_logger - INFO - epoch 158, train loss: 0.3891
2023-06-07 15:53:30,670 - my_logger - INFO - evaluating......
2023-06-07 15:53:30,670 - my_logger - INFO - epoch 158, valid loss: 0.6534, valid auc: 76.93%
2023-06-07 15:53:30,674 - my_logger - INFO - epoch 159, train loss: 0.3890
2023-06-07 15:53:30,676 - my_logger - INFO - epoch 160, train loss: 0.3878
2023-06-07 15:53:30,680 - my_logger - INFO - evaluating......
2023-06-07 15:53:30,680 - my_logger - INFO - epoch 160, valid loss: 0.6559, valid auc: 77.14%
2023-06-07 15:53:30,683 - my_logger - INFO - epoch 161, train loss: 0.3871
2023-06-07 15:53:30,686 - my_logger - INFO - epoch 162, train loss: 0.3834
2023-06-07 15:53:30,689 - my_logger - INFO - evaluating......
2023-06-07 15:53:30,689 - my_logger - INFO - epoch 162, valid loss: 0.6561, valid auc: 77.29%
2023-06-07 15:53:30,692 - my_logger - INFO - epoch 163, train loss: 0.3795
2023-06-07 15:53:30,694 - my_logger - INFO - epoch 164, train loss: 0.3765
2023-06-07 15:53:30,698 - my_logger - INFO - evaluating......
2023-06-07 15:53:30,698 - my_logger - INFO - epoch 164, valid loss: 0.6566, valid auc: 77.30%
2023-06-07 15:53:30,701 - my_logger - INFO - epoch 165, train loss: 0.3753
2023-06-07 15:53:30,704 - my_logger - INFO - epoch 166, train loss: 0.3754
2023-06-07 15:53:30,708 - my_logger - INFO - evaluating......
2023-06-07 15:53:30,708 - my_logger - INFO - epoch 166, valid loss: 0.6648, valid auc: 77.25%
2023-06-07 15:53:30,709 - my_logger - INFO - epoch 167, train loss: 0.3750
2023-06-07 15:53:30,711 - my_logger - INFO - epoch 168, train loss: 0.3751
2023-06-07 15:53:30,715 - my_logger - INFO - evaluating......
2023-06-07 15:53:30,715 - my_logger - INFO - epoch 168, valid loss: 0.6720, valid auc: 77.35%
2023-06-07 15:53:30,719 - my_logger - INFO - epoch 169, train loss: 0.3722
2023-06-07 15:53:30,722 - my_logger - INFO - epoch 170, train loss: 0.3690
2023-06-07 15:53:30,725 - my_logger - INFO - evaluating......
2023-06-07 15:53:30,725 - my_logger - INFO - epoch 170, valid loss: 0.6700, valid auc: 77.61%
2023-06-07 15:53:30,728 - my_logger - INFO - epoch 171, train loss: 0.3646
2023-06-07 15:53:30,731 - my_logger - INFO - epoch 172, train loss: 0.3620
2023-06-07 15:53:30,734 - my_logger - INFO - evaluating......
2023-06-07 15:53:30,734 - my_logger - INFO - epoch 172, valid loss: 0.6663, valid auc: 77.99%
2023-06-07 15:53:30,738 - my_logger - INFO - epoch 173, train loss: 0.3613
2023-06-07 15:53:30,740 - my_logger - INFO - epoch 174, train loss: 0.3615
2023-06-07 15:53:30,744 - my_logger - INFO - evaluating......
2023-06-07 15:53:30,744 - my_logger - INFO - epoch 174, valid loss: 0.6711, valid auc: 78.21%
2023-06-07 15:53:30,747 - my_logger - INFO - epoch 175, train loss: 0.3631
2023-06-07 15:53:30,750 - my_logger - INFO - epoch 176, train loss: 0.3627
2023-06-07 15:53:30,753 - my_logger - INFO - evaluating......
2023-06-07 15:53:30,754 - my_logger - INFO - epoch 176, valid loss: 0.6765, valid auc: 78.33%
2023-06-07 15:53:30,757 - my_logger - INFO - epoch 177, train loss: 0.3635
2023-06-07 15:53:30,759 - my_logger - INFO - epoch 178, train loss: 0.3569
2023-06-07 15:53:30,762 - my_logger - INFO - evaluating......
2023-06-07 15:53:30,762 - my_logger - INFO - epoch 178, valid loss: 0.6751, valid auc: 78.45%
2023-06-07 15:53:30,766 - my_logger - INFO - epoch 179, train loss: 0.3511
2023-06-07 15:53:30,769 - my_logger - INFO - epoch 180, train loss: 0.3493
2023-06-07 15:53:30,773 - my_logger - INFO - evaluating......
2023-06-07 15:53:30,773 - my_logger - INFO - epoch 180, valid loss: 0.6796, valid auc: 78.40%
2023-06-07 15:53:30,774 - my_logger - INFO - epoch 181, train loss: 0.3509
2023-06-07 15:53:30,777 - my_logger - INFO - epoch 182, train loss: 0.3530
2023-06-07 15:53:30,780 - my_logger - INFO - evaluating......
2023-06-07 15:53:30,780 - my_logger - INFO - epoch 182, valid loss: 0.6972, valid auc: 78.23%
2023-06-07 15:53:30,782 - my_logger - INFO - epoch 183, train loss: 0.3493
2023-06-07 15:53:30,785 - my_logger - INFO - epoch 184, train loss: 0.3451
2023-06-07 15:53:30,789 - my_logger - INFO - evaluating......
2023-06-07 15:53:30,789 - my_logger - INFO - epoch 184, valid loss: 0.6938, valid auc: 78.45%
2023-06-07 15:53:30,791 - my_logger - INFO - epoch 185, train loss: 0.3412
2023-06-07 15:53:30,793 - my_logger - INFO - epoch 186, train loss: 0.3405
2023-06-07 15:53:30,797 - my_logger - INFO - evaluating......
2023-06-07 15:53:30,797 - my_logger - INFO - epoch 186, valid loss: 0.6901, valid auc: 78.68%
2023-06-07 15:53:30,801 - my_logger - INFO - epoch 187, train loss: 0.3416
2023-06-07 15:53:30,804 - my_logger - INFO - epoch 188, train loss: 0.3412
2023-06-07 15:53:30,807 - my_logger - INFO - evaluating......
2023-06-07 15:53:30,807 - my_logger - INFO - epoch 188, valid loss: 0.6968, valid auc: 78.75%
2023-06-07 15:53:30,810 - my_logger - INFO - epoch 189, train loss: 0.3405
2023-06-07 15:53:30,813 - my_logger - INFO - epoch 190, train loss: 0.3367
2023-06-07 15:53:30,817 - my_logger - INFO - evaluating......
2023-06-07 15:53:30,817 - my_logger - INFO - epoch 190, valid loss: 0.7001, valid auc: 78.80%
2023-06-07 15:53:30,820 - my_logger - INFO - epoch 191, train loss: 0.3333
2023-06-07 15:53:30,823 - my_logger - INFO - epoch 192, train loss: 0.3308
2023-06-07 15:53:30,826 - my_logger - INFO - evaluating......
2023-06-07 15:53:30,826 - my_logger - INFO - epoch 192, valid loss: 0.7043, valid auc: 78.81%
2023-06-07 15:53:30,830 - my_logger - INFO - epoch 193, train loss: 0.3298
2023-06-07 15:53:30,833 - my_logger - INFO - epoch 194, train loss: 0.3299
2023-06-07 15:53:30,837 - my_logger - INFO - evaluating......
2023-06-07 15:53:30,837 - my_logger - INFO - epoch 194, valid loss: 0.7157, valid auc: 78.76%
2023-06-07 15:53:30,839 - my_logger - INFO - epoch 195, train loss: 0.3300
2023-06-07 15:53:30,841 - my_logger - INFO - epoch 196, train loss: 0.3314
2023-06-07 15:53:30,844 - my_logger - INFO - evaluating......
2023-06-07 15:53:30,845 - my_logger - INFO - epoch 196, valid loss: 0.7265, valid auc: 78.72%
2023-06-07 15:53:30,846 - my_logger - INFO - epoch 197, train loss: 0.3303
2023-06-07 15:53:30,849 - my_logger - INFO - epoch 198, train loss: 0.3303
2023-06-07 15:53:30,853 - my_logger - INFO - evaluating......
2023-06-07 15:53:30,853 - my_logger - INFO - epoch 198, valid loss: 0.7304, valid auc: 78.79%
2023-06-07 15:53:30,855 - my_logger - INFO - epoch 199, train loss: 0.3252
2023-06-07 15:53:30,856 - my_logger - INFO - total train time used: 1.5068s
2023-06-07 15:53:30,856 - my_logger - INFO - testing......
2023-06-07 15:53:30,859 - my_logger - INFO - test auc: 77.05%
