2023-06-07 15:52:43,666 - my_logger - INFO - training......
2023-06-07 15:52:44,330 - my_logger - INFO - epoch 0, train loss: 0.7080
2023-06-07 15:52:44,476 - my_logger - INFO - evaluating......
2023-06-07 15:52:44,476 - my_logger - INFO - epoch 0, valid loss: 0.7080, valid auc: 51.15%
2023-06-07 15:52:44,479 - my_logger - INFO - epoch 1, train loss: 0.6945
2023-06-07 15:52:44,483 - my_logger - INFO - epoch 2, train loss: 0.6943
2023-06-07 15:52:44,487 - my_logger - INFO - evaluating......
2023-06-07 15:52:44,488 - my_logger - INFO - epoch 2, valid loss: 0.6942, valid auc: 37.34%
2023-06-07 15:52:44,489 - my_logger - INFO - epoch 3, train loss: 0.6950
2023-06-07 15:52:44,492 - my_logger - INFO - epoch 4, train loss: 0.6937
2023-06-07 15:52:44,496 - my_logger - INFO - evaluating......
2023-06-07 15:52:44,496 - my_logger - INFO - epoch 4, valid loss: 0.6936, valid auc: 41.30%
2023-06-07 15:52:44,498 - my_logger - INFO - epoch 5, train loss: 0.6927
2023-06-07 15:52:44,502 - my_logger - INFO - epoch 6, train loss: 0.6923
2023-06-07 15:52:44,506 - my_logger - INFO - evaluating......
2023-06-07 15:52:44,507 - my_logger - INFO - epoch 6, valid loss: 0.6925, valid auc: 58.28%
2023-06-07 15:52:44,509 - my_logger - INFO - epoch 7, train loss: 0.6922
2023-06-07 15:52:44,513 - my_logger - INFO - epoch 8, train loss: 0.6922
2023-06-07 15:52:44,518 - my_logger - INFO - evaluating......
2023-06-07 15:52:44,518 - my_logger - INFO - epoch 8, valid loss: 0.6926, valid auc: 57.91%
2023-06-07 15:52:44,519 - my_logger - INFO - epoch 9, train loss: 0.6920
2023-06-07 15:52:44,523 - my_logger - INFO - epoch 10, train loss: 0.6915
2023-06-07 15:52:44,527 - my_logger - INFO - evaluating......
2023-06-07 15:52:44,527 - my_logger - INFO - epoch 10, valid loss: 0.6921, valid auc: 59.69%
2023-06-07 15:52:44,530 - my_logger - INFO - epoch 11, train loss: 0.6906
2023-06-07 15:52:44,534 - my_logger - INFO - epoch 12, train loss: 0.6892
2023-06-07 15:52:44,538 - my_logger - INFO - evaluating......
2023-06-07 15:52:44,538 - my_logger - INFO - epoch 12, valid loss: 0.6902, valid auc: 63.87%
2023-06-07 15:52:44,541 - my_logger - INFO - epoch 13, train loss: 0.6872
2023-06-07 15:52:44,544 - my_logger - INFO - epoch 14, train loss: 0.6845
2023-06-07 15:52:44,548 - my_logger - INFO - evaluating......
2023-06-07 15:52:44,549 - my_logger - INFO - epoch 14, valid loss: 0.6862, valid auc: 68.72%
2023-06-07 15:52:44,552 - my_logger - INFO - epoch 15, train loss: 0.6802
2023-06-07 15:52:44,555 - my_logger - INFO - epoch 16, train loss: 0.6735
2023-06-07 15:52:44,559 - my_logger - INFO - evaluating......
2023-06-07 15:52:44,560 - my_logger - INFO - epoch 16, valid loss: 0.6775, valid auc: 68.48%
2023-06-07 15:52:44,561 - my_logger - INFO - epoch 17, train loss: 0.6648
2023-06-07 15:52:44,564 - my_logger - INFO - epoch 18, train loss: 0.6552
2023-06-07 15:52:44,569 - my_logger - INFO - evaluating......
2023-06-07 15:52:44,570 - my_logger - INFO - epoch 18, valid loss: 0.6654, valid auc: 69.50%
2023-06-07 15:52:44,572 - my_logger - INFO - epoch 19, train loss: 0.6447
2023-06-07 15:52:44,576 - my_logger - INFO - epoch 20, train loss: 0.6339
2023-06-07 15:52:44,580 - my_logger - INFO - evaluating......
2023-06-07 15:52:44,580 - my_logger - INFO - epoch 20, valid loss: 0.6562, valid auc: 70.20%
2023-06-07 15:52:44,584 - my_logger - INFO - epoch 21, train loss: 0.6239
2023-06-07 15:52:44,587 - my_logger - INFO - epoch 22, train loss: 0.6155
2023-06-07 15:52:44,591 - my_logger - INFO - evaluating......
2023-06-07 15:52:44,592 - my_logger - INFO - epoch 22, valid loss: 0.6553, valid auc: 70.83%
2023-06-07 15:52:44,594 - my_logger - INFO - epoch 23, train loss: 0.6085
2023-06-07 15:52:44,598 - my_logger - INFO - epoch 24, train loss: 0.6021
2023-06-07 15:52:44,603 - my_logger - INFO - evaluating......
2023-06-07 15:52:44,603 - my_logger - INFO - epoch 24, valid loss: 0.6588, valid auc: 71.73%
2023-06-07 15:52:44,606 - my_logger - INFO - epoch 25, train loss: 0.5955
2023-06-07 15:52:44,610 - my_logger - INFO - epoch 26, train loss: 0.5891
2023-06-07 15:52:44,614 - my_logger - INFO - evaluating......
2023-06-07 15:52:44,614 - my_logger - INFO - epoch 26, valid loss: 0.6517, valid auc: 72.05%
2023-06-07 15:52:44,617 - my_logger - INFO - epoch 27, train loss: 0.5844
2023-06-07 15:52:44,621 - my_logger - INFO - epoch 28, train loss: 0.5811
2023-06-07 15:52:44,625 - my_logger - INFO - evaluating......
2023-06-07 15:52:44,625 - my_logger - INFO - epoch 28, valid loss: 0.6442, valid auc: 72.01%
2023-06-07 15:52:44,627 - my_logger - INFO - epoch 29, train loss: 0.5767
2023-06-07 15:52:44,630 - my_logger - INFO - epoch 30, train loss: 0.5721
2023-06-07 15:52:44,635 - my_logger - INFO - evaluating......
2023-06-07 15:52:44,635 - my_logger - INFO - epoch 30, valid loss: 0.6453, valid auc: 72.38%
2023-06-07 15:52:44,638 - my_logger - INFO - epoch 31, train loss: 0.5682
2023-06-07 15:52:44,641 - my_logger - INFO - epoch 32, train loss: 0.5647
2023-06-07 15:52:44,645 - my_logger - INFO - evaluating......
2023-06-07 15:52:44,645 - my_logger - INFO - epoch 32, valid loss: 0.6536, valid auc: 72.81%
2023-06-07 15:52:44,649 - my_logger - INFO - epoch 33, train loss: 0.5608
2023-06-07 15:52:44,652 - my_logger - INFO - epoch 34, train loss: 0.5560
2023-06-07 15:52:44,656 - my_logger - INFO - evaluating......
2023-06-07 15:52:44,657 - my_logger - INFO - epoch 34, valid loss: 0.6575, valid auc: 73.17%
2023-06-07 15:52:44,659 - my_logger - INFO - epoch 35, train loss: 0.5510
2023-06-07 15:52:44,663 - my_logger - INFO - epoch 36, train loss: 0.5469
2023-06-07 15:52:44,667 - my_logger - INFO - evaluating......
2023-06-07 15:52:44,668 - my_logger - INFO - epoch 36, valid loss: 0.6568, valid auc: 73.33%
2023-06-07 15:52:44,671 - my_logger - INFO - epoch 37, train loss: 0.5437
2023-06-07 15:52:44,674 - my_logger - INFO - epoch 38, train loss: 0.5405
2023-06-07 15:52:44,678 - my_logger - INFO - evaluating......
2023-06-07 15:52:44,679 - my_logger - INFO - epoch 38, valid loss: 0.6609, valid auc: 73.50%
2023-06-07 15:52:44,682 - my_logger - INFO - epoch 39, train loss: 0.5366
2023-06-07 15:52:44,685 - my_logger - INFO - epoch 40, train loss: 0.5325
2023-06-07 15:52:44,689 - my_logger - INFO - evaluating......
2023-06-07 15:52:44,689 - my_logger - INFO - epoch 40, valid loss: 0.6643, valid auc: 73.94%
2023-06-07 15:52:44,692 - my_logger - INFO - epoch 41, train loss: 0.5293
2023-06-07 15:52:44,695 - my_logger - INFO - epoch 42, train loss: 0.5264
2023-06-07 15:52:44,700 - my_logger - INFO - evaluating......
2023-06-07 15:52:44,700 - my_logger - INFO - epoch 42, valid loss: 0.6689, valid auc: 74.21%
2023-06-07 15:52:44,703 - my_logger - INFO - epoch 43, train loss: 0.5232
2023-06-07 15:52:44,706 - my_logger - INFO - epoch 44, train loss: 0.5197
2023-06-07 15:52:44,710 - my_logger - INFO - evaluating......
2023-06-07 15:52:44,710 - my_logger - INFO - epoch 44, valid loss: 0.6703, valid auc: 74.32%
2023-06-07 15:52:44,713 - my_logger - INFO - epoch 45, train loss: 0.5164
2023-06-07 15:52:44,718 - my_logger - INFO - epoch 46, train loss: 0.5135
2023-06-07 15:52:44,722 - my_logger - INFO - evaluating......
2023-06-07 15:52:44,722 - my_logger - INFO - epoch 46, valid loss: 0.6712, valid auc: 74.26%
2023-06-07 15:52:44,723 - my_logger - INFO - epoch 47, train loss: 0.5109
2023-06-07 15:52:44,727 - my_logger - INFO - epoch 48, train loss: 0.5087
2023-06-07 15:52:44,731 - my_logger - INFO - evaluating......
2023-06-07 15:52:44,731 - my_logger - INFO - epoch 48, valid loss: 0.6736, valid auc: 74.13%
2023-06-07 15:52:44,733 - my_logger - INFO - epoch 49, train loss: 0.5070
2023-06-07 15:52:44,736 - my_logger - INFO - epoch 50, train loss: 0.5047
2023-06-07 15:52:44,740 - my_logger - INFO - evaluating......
2023-06-07 15:52:44,740 - my_logger - INFO - epoch 50, valid loss: 0.6780, valid auc: 74.13%
2023-06-07 15:52:44,742 - my_logger - INFO - epoch 51, train loss: 0.5001
2023-06-07 15:52:44,745 - my_logger - INFO - epoch 52, train loss: 0.4966
2023-06-07 15:52:44,749 - my_logger - INFO - evaluating......
2023-06-07 15:52:44,749 - my_logger - INFO - epoch 52, valid loss: 0.6906, valid auc: 74.77%
2023-06-07 15:52:44,752 - my_logger - INFO - epoch 53, train loss: 0.4954
2023-06-07 15:52:44,756 - my_logger - INFO - epoch 54, train loss: 0.4937
2023-06-07 15:52:44,760 - my_logger - INFO - evaluating......
2023-06-07 15:52:44,760 - my_logger - INFO - epoch 54, valid loss: 0.7073, valid auc: 74.99%
2023-06-07 15:52:44,762 - my_logger - INFO - epoch 55, train loss: 0.4904
2023-06-07 15:52:44,767 - my_logger - INFO - epoch 56, train loss: 0.4867
2023-06-07 15:52:44,771 - my_logger - INFO - evaluating......
2023-06-07 15:52:44,771 - my_logger - INFO - epoch 56, valid loss: 0.7060, valid auc: 74.91%
2023-06-07 15:52:44,772 - my_logger - INFO - epoch 57, train loss: 0.4847
2023-06-07 15:52:44,776 - my_logger - INFO - epoch 58, train loss: 0.4837
2023-06-07 15:52:44,780 - my_logger - INFO - evaluating......
2023-06-07 15:52:44,780 - my_logger - INFO - epoch 58, valid loss: 0.7098, valid auc: 74.53%
2023-06-07 15:52:44,781 - my_logger - INFO - epoch 59, train loss: 0.4814
2023-06-07 15:52:44,785 - my_logger - INFO - epoch 60, train loss: 0.4780
2023-06-07 15:52:44,789 - my_logger - INFO - evaluating......
2023-06-07 15:52:44,789 - my_logger - INFO - epoch 60, valid loss: 0.7202, valid auc: 74.68%
2023-06-07 15:52:44,791 - my_logger - INFO - epoch 61, train loss: 0.4747
2023-06-07 15:52:44,794 - my_logger - INFO - epoch 62, train loss: 0.4727
2023-06-07 15:52:44,798 - my_logger - INFO - evaluating......
2023-06-07 15:52:44,798 - my_logger - INFO - epoch 62, valid loss: 0.7389, valid auc: 75.18%
2023-06-07 15:52:44,801 - my_logger - INFO - epoch 63, train loss: 0.4714
2023-06-07 15:52:44,805 - my_logger - INFO - epoch 64, train loss: 0.4700
2023-06-07 15:52:44,809 - my_logger - INFO - evaluating......
2023-06-07 15:52:44,809 - my_logger - INFO - epoch 64, valid loss: 0.7602, valid auc: 75.49%
2023-06-07 15:52:44,812 - my_logger - INFO - epoch 65, train loss: 0.4677
2023-06-07 15:52:44,815 - my_logger - INFO - epoch 66, train loss: 0.4625
2023-06-07 15:52:44,819 - my_logger - INFO - evaluating......
2023-06-07 15:52:44,820 - my_logger - INFO - epoch 66, valid loss: 0.7635, valid auc: 75.71%
2023-06-07 15:52:44,822 - my_logger - INFO - epoch 67, train loss: 0.4581
2023-06-07 15:52:44,826 - my_logger - INFO - epoch 68, train loss: 0.4558
2023-06-07 15:52:44,830 - my_logger - INFO - evaluating......
2023-06-07 15:52:44,830 - my_logger - INFO - epoch 68, valid loss: 0.7630, valid auc: 75.67%
2023-06-07 15:52:44,831 - my_logger - INFO - epoch 69, train loss: 0.4545
2023-06-07 15:52:44,835 - my_logger - INFO - epoch 70, train loss: 0.4527
2023-06-07 15:52:44,839 - my_logger - INFO - evaluating......
2023-06-07 15:52:44,839 - my_logger - INFO - epoch 70, valid loss: 0.7689, valid auc: 75.78%
2023-06-07 15:52:44,842 - my_logger - INFO - epoch 71, train loss: 0.4465
2023-06-07 15:52:44,846 - my_logger - INFO - epoch 72, train loss: 0.4401
2023-06-07 15:52:44,850 - my_logger - INFO - evaluating......
2023-06-07 15:52:44,850 - my_logger - INFO - epoch 72, valid loss: 0.7877, valid auc: 76.77%
2023-06-07 15:52:44,853 - my_logger - INFO - epoch 73, train loss: 0.4374
2023-06-07 15:52:44,857 - my_logger - INFO - epoch 74, train loss: 0.4355
2023-06-07 15:52:44,861 - my_logger - INFO - evaluating......
2023-06-07 15:52:44,861 - my_logger - INFO - epoch 74, valid loss: 0.8281, valid auc: 77.23%
2023-06-07 15:52:44,863 - my_logger - INFO - epoch 75, train loss: 0.4309
2023-06-07 15:52:44,867 - my_logger - INFO - epoch 76, train loss: 0.4245
2023-06-07 15:52:44,871 - my_logger - INFO - evaluating......
2023-06-07 15:52:44,872 - my_logger - INFO - epoch 76, valid loss: 0.8245, valid auc: 77.30%
2023-06-07 15:52:44,874 - my_logger - INFO - epoch 77, train loss: 0.4205
2023-06-07 15:52:44,878 - my_logger - INFO - epoch 78, train loss: 0.4185
2023-06-07 15:52:44,881 - my_logger - INFO - evaluating......
2023-06-07 15:52:44,882 - my_logger - INFO - epoch 78, valid loss: 0.8483, valid auc: 77.32%
2023-06-07 15:52:44,885 - my_logger - INFO - epoch 79, train loss: 0.4132
2023-06-07 15:52:44,888 - my_logger - INFO - epoch 80, train loss: 0.4072
2023-06-07 15:52:44,892 - my_logger - INFO - evaluating......
2023-06-07 15:52:44,892 - my_logger - INFO - epoch 80, valid loss: 0.8654, valid auc: 77.35%
2023-06-07 15:52:44,895 - my_logger - INFO - epoch 81, train loss: 0.4021
2023-06-07 15:52:44,899 - my_logger - INFO - epoch 82, train loss: 0.3994
2023-06-07 15:52:44,903 - my_logger - INFO - evaluating......
2023-06-07 15:52:44,903 - my_logger - INFO - epoch 82, valid loss: 0.9234, valid auc: 77.30%
2023-06-07 15:52:44,904 - my_logger - INFO - epoch 83, train loss: 0.3957
2023-06-07 15:52:44,907 - my_logger - INFO - epoch 84, train loss: 0.3899
2023-06-07 15:52:44,913 - my_logger - INFO - evaluating......
2023-06-07 15:52:44,913 - my_logger - INFO - epoch 84, valid loss: 0.9327, valid auc: 77.16%
2023-06-07 15:52:44,916 - my_logger - INFO - epoch 85, train loss: 0.3845
2023-06-07 15:52:44,922 - my_logger - INFO - epoch 86, train loss: 0.3803
2023-06-07 15:52:44,928 - my_logger - INFO - evaluating......
2023-06-07 15:52:44,928 - my_logger - INFO - epoch 86, valid loss: 0.9591, valid auc: 77.12%
2023-06-07 15:52:44,930 - my_logger - INFO - epoch 87, train loss: 0.3775
2023-06-07 15:52:44,935 - my_logger - INFO - epoch 88, train loss: 0.3734
2023-06-07 15:52:44,940 - my_logger - INFO - evaluating......
2023-06-07 15:52:44,940 - my_logger - INFO - epoch 88, valid loss: 0.9838, valid auc: 77.06%
2023-06-07 15:52:44,941 - my_logger - INFO - epoch 89, train loss: 0.3688
2023-06-07 15:52:44,945 - my_logger - INFO - epoch 90, train loss: 0.3639
2023-06-07 15:52:44,948 - my_logger - INFO - evaluating......
2023-06-07 15:52:44,949 - my_logger - INFO - epoch 90, valid loss: 1.0108, valid auc: 77.09%
2023-06-07 15:52:44,950 - my_logger - INFO - epoch 91, train loss: 0.3589
2023-06-07 15:52:44,953 - my_logger - INFO - epoch 92, train loss: 0.3558
2023-06-07 15:52:44,957 - my_logger - INFO - evaluating......
2023-06-07 15:52:44,957 - my_logger - INFO - epoch 92, valid loss: 1.0816, valid auc: 77.15%
2023-06-07 15:52:44,958 - my_logger - INFO - epoch 93, train loss: 0.3521
2023-06-07 15:52:44,962 - my_logger - INFO - epoch 94, train loss: 0.3482
2023-06-07 15:52:44,967 - my_logger - INFO - evaluating......
2023-06-07 15:52:44,967 - my_logger - INFO - epoch 94, valid loss: 1.1171, valid auc: 76.95%
2023-06-07 15:52:44,969 - my_logger - INFO - epoch 95, train loss: 0.3468
2023-06-07 15:52:44,973 - my_logger - INFO - epoch 96, train loss: 0.3452
2023-06-07 15:52:44,977 - my_logger - INFO - evaluating......
2023-06-07 15:52:44,977 - my_logger - INFO - epoch 96, valid loss: 1.1632, valid auc: 76.66%
2023-06-07 15:52:44,979 - my_logger - INFO - epoch 97, train loss: 0.3426
2023-06-07 15:52:44,983 - my_logger - INFO - epoch 98, train loss: 0.3392
2023-06-07 15:52:44,988 - my_logger - INFO - evaluating......
2023-06-07 15:52:44,988 - my_logger - INFO - epoch 98, valid loss: 1.2501, valid auc: 76.81%
2023-06-07 15:52:44,990 - my_logger - INFO - epoch 99, train loss: 0.3330
2023-06-07 15:52:44,993 - my_logger - INFO - epoch 100, train loss: 0.3267
2023-06-07 15:52:44,998 - my_logger - INFO - evaluating......
2023-06-07 15:52:44,998 - my_logger - INFO - epoch 100, valid loss: 1.1961, valid auc: 76.82%
2023-06-07 15:52:45,000 - my_logger - INFO - epoch 101, train loss: 0.3279
2023-06-07 15:52:45,004 - my_logger - INFO - epoch 102, train loss: 0.3216
2023-06-07 15:52:45,008 - my_logger - INFO - evaluating......
2023-06-07 15:52:45,008 - my_logger - INFO - epoch 102, valid loss: 1.2425, valid auc: 76.84%
2023-06-07 15:52:45,009 - my_logger - INFO - epoch 103, train loss: 0.3202
2023-06-07 15:52:45,012 - my_logger - INFO - epoch 104, train loss: 0.3145
2023-06-07 15:52:45,016 - my_logger - INFO - evaluating......
2023-06-07 15:52:45,016 - my_logger - INFO - epoch 104, valid loss: 1.3393, valid auc: 76.86%
2023-06-07 15:52:45,018 - my_logger - INFO - epoch 105, train loss: 0.3121
2023-06-07 15:52:45,021 - my_logger - INFO - epoch 106, train loss: 0.3112
2023-06-07 15:52:45,025 - my_logger - INFO - evaluating......
2023-06-07 15:52:45,025 - my_logger - INFO - epoch 106, valid loss: 1.3473, valid auc: 76.44%
2023-06-07 15:52:45,026 - my_logger - INFO - epoch 107, train loss: 0.3066
2023-06-07 15:52:45,030 - my_logger - INFO - epoch 108, train loss: 0.3072
2023-06-07 15:52:45,034 - my_logger - INFO - evaluating......
2023-06-07 15:52:45,034 - my_logger - INFO - epoch 108, valid loss: 1.4805, valid auc: 76.60%
2023-06-07 15:52:45,035 - my_logger - INFO - epoch 109, train loss: 0.3041
2023-06-07 15:52:45,038 - my_logger - INFO - epoch 110, train loss: 0.3008
2023-06-07 15:52:45,042 - my_logger - INFO - evaluating......
2023-06-07 15:52:45,042 - my_logger - INFO - epoch 110, valid loss: 1.4600, valid auc: 76.47%
2023-06-07 15:52:45,043 - my_logger - INFO - epoch 111, train loss: 0.3010
2023-06-07 15:52:45,047 - my_logger - INFO - epoch 112, train loss: 0.2957
2023-06-07 15:52:45,051 - my_logger - INFO - evaluating......
2023-06-07 15:52:45,051 - my_logger - INFO - epoch 112, valid loss: 1.5220, valid auc: 76.59%
2023-06-07 15:52:45,052 - my_logger - INFO - epoch 113, train loss: 0.2947
2023-06-07 15:52:45,055 - my_logger - INFO - epoch 114, train loss: 0.2904
2023-06-07 15:52:45,059 - my_logger - INFO - evaluating......
2023-06-07 15:52:45,059 - my_logger - INFO - epoch 114, valid loss: 1.6192, valid auc: 76.70%
2023-06-07 15:52:45,061 - my_logger - INFO - epoch 115, train loss: 0.2861
2023-06-07 15:52:45,064 - my_logger - INFO - epoch 116, train loss: 0.2850
2023-06-07 15:52:45,068 - my_logger - INFO - evaluating......
2023-06-07 15:52:45,068 - my_logger - INFO - epoch 116, valid loss: 1.5960, valid auc: 76.42%
2023-06-07 15:52:45,069 - my_logger - INFO - epoch 117, train loss: 0.2813
2023-06-07 15:52:45,072 - my_logger - INFO - epoch 118, train loss: 0.2798
2023-06-07 15:52:45,076 - my_logger - INFO - evaluating......
2023-06-07 15:52:45,076 - my_logger - INFO - epoch 118, valid loss: 1.7094, valid auc: 76.68%
2023-06-07 15:52:45,078 - my_logger - INFO - epoch 119, train loss: 0.2784
2023-06-07 15:52:45,081 - my_logger - INFO - epoch 120, train loss: 0.2762
2023-06-07 15:52:45,085 - my_logger - INFO - evaluating......
2023-06-07 15:52:45,085 - my_logger - INFO - epoch 120, valid loss: 1.7444, valid auc: 76.62%
2023-06-07 15:52:45,086 - my_logger - INFO - epoch 121, train loss: 0.2796
2023-06-07 15:52:45,089 - my_logger - INFO - epoch 122, train loss: 0.2979
2023-06-07 15:52:45,093 - my_logger - INFO - evaluating......
2023-06-07 15:52:45,093 - my_logger - INFO - epoch 122, valid loss: 1.7354, valid auc: 75.91%
2023-06-07 15:52:45,095 - my_logger - INFO - epoch 123, train loss: 0.3078
2023-06-07 15:52:45,099 - my_logger - INFO - epoch 124, train loss: 0.3077
2023-06-07 15:52:45,103 - my_logger - INFO - evaluating......
2023-06-07 15:52:45,103 - my_logger - INFO - epoch 124, valid loss: 1.8827, valid auc: 76.11%
2023-06-07 15:52:45,105 - my_logger - INFO - epoch 125, train loss: 0.2741
2023-06-07 15:52:45,108 - my_logger - INFO - epoch 126, train loss: 0.2985
2023-06-07 15:52:45,112 - my_logger - INFO - evaluating......
2023-06-07 15:52:45,112 - my_logger - INFO - epoch 126, valid loss: 1.9267, valid auc: 76.06%
2023-06-07 15:52:45,114 - my_logger - INFO - epoch 127, train loss: 0.2722
2023-06-07 15:52:45,117 - my_logger - INFO - epoch 128, train loss: 0.2873
2023-06-07 15:52:45,121 - my_logger - INFO - evaluating......
2023-06-07 15:52:45,121 - my_logger - INFO - epoch 128, valid loss: 1.9466, valid auc: 76.27%
2023-06-07 15:52:45,122 - my_logger - INFO - epoch 129, train loss: 0.2681
2023-06-07 15:52:45,126 - my_logger - INFO - epoch 130, train loss: 0.2792
2023-06-07 15:52:45,130 - my_logger - INFO - evaluating......
2023-06-07 15:52:45,131 - my_logger - INFO - epoch 130, valid loss: 1.9008, valid auc: 75.95%
2023-06-07 15:52:45,132 - my_logger - INFO - epoch 131, train loss: 0.2672
2023-06-07 15:52:45,135 - my_logger - INFO - epoch 132, train loss: 0.2720
2023-06-07 15:52:45,139 - my_logger - INFO - evaluating......
2023-06-07 15:52:45,139 - my_logger - INFO - epoch 132, valid loss: 2.0161, valid auc: 76.44%
2023-06-07 15:52:45,141 - my_logger - INFO - epoch 133, train loss: 0.2628
2023-06-07 15:52:45,144 - my_logger - INFO - epoch 134, train loss: 0.2649
2023-06-07 15:52:45,148 - my_logger - INFO - evaluating......
2023-06-07 15:52:45,148 - my_logger - INFO - epoch 134, valid loss: 1.9335, valid auc: 76.39%
2023-06-07 15:52:45,149 - my_logger - INFO - epoch 135, train loss: 0.2606
2023-06-07 15:52:45,152 - my_logger - INFO - epoch 136, train loss: 0.2578
2023-06-07 15:52:45,156 - my_logger - INFO - evaluating......
2023-06-07 15:52:45,156 - my_logger - INFO - epoch 136, valid loss: 2.0918, valid auc: 76.60%
2023-06-07 15:52:45,158 - my_logger - INFO - epoch 137, train loss: 0.2574
2023-06-07 15:52:45,161 - my_logger - INFO - epoch 138, train loss: 0.2532
2023-06-07 15:52:45,165 - my_logger - INFO - evaluating......
2023-06-07 15:52:45,165 - my_logger - INFO - epoch 138, valid loss: 1.9899, valid auc: 76.44%
2023-06-07 15:52:45,166 - my_logger - INFO - epoch 139, train loss: 0.2550
2023-06-07 15:52:45,169 - my_logger - INFO - epoch 140, train loss: 0.2477
2023-06-07 15:52:45,173 - my_logger - INFO - evaluating......
2023-06-07 15:52:45,173 - my_logger - INFO - epoch 140, valid loss: 2.1203, valid auc: 76.75%
2023-06-07 15:52:45,175 - my_logger - INFO - epoch 141, train loss: 0.2513
2023-06-07 15:52:45,178 - my_logger - INFO - epoch 142, train loss: 0.2451
2023-06-07 15:52:45,182 - my_logger - INFO - evaluating......
2023-06-07 15:52:45,182 - my_logger - INFO - epoch 142, valid loss: 2.1028, valid auc: 76.88%
2023-06-07 15:52:45,184 - my_logger - INFO - epoch 143, train loss: 0.2462
2023-06-07 15:52:45,187 - my_logger - INFO - epoch 144, train loss: 0.2410
2023-06-07 15:52:45,191 - my_logger - INFO - evaluating......
2023-06-07 15:52:45,191 - my_logger - INFO - epoch 144, valid loss: 2.1928, valid auc: 76.96%
2023-06-07 15:52:45,192 - my_logger - INFO - epoch 145, train loss: 0.2421
2023-06-07 15:52:45,196 - my_logger - INFO - epoch 146, train loss: 0.2366
2023-06-07 15:52:45,200 - my_logger - INFO - evaluating......
2023-06-07 15:52:45,200 - my_logger - INFO - epoch 146, valid loss: 2.2061, valid auc: 76.98%
2023-06-07 15:52:45,202 - my_logger - INFO - epoch 147, train loss: 0.2374
2023-06-07 15:52:45,205 - my_logger - INFO - epoch 148, train loss: 0.2324
2023-06-07 15:52:45,209 - my_logger - INFO - evaluating......
2023-06-07 15:52:45,209 - my_logger - INFO - epoch 148, valid loss: 2.2417, valid auc: 77.07%
2023-06-07 15:52:45,210 - my_logger - INFO - epoch 149, train loss: 0.2331
2023-06-07 15:52:45,213 - my_logger - INFO - epoch 150, train loss: 0.2280
2023-06-07 15:52:45,218 - my_logger - INFO - evaluating......
2023-06-07 15:52:45,218 - my_logger - INFO - epoch 150, valid loss: 2.3228, valid auc: 77.28%
2023-06-07 15:52:45,219 - my_logger - INFO - epoch 151, train loss: 0.2279
2023-06-07 15:52:45,222 - my_logger - INFO - epoch 152, train loss: 0.2240
2023-06-07 15:52:45,226 - my_logger - INFO - evaluating......
2023-06-07 15:52:45,227 - my_logger - INFO - epoch 152, valid loss: 2.3337, valid auc: 77.21%
2023-06-07 15:52:45,228 - my_logger - INFO - epoch 153, train loss: 0.2233
2023-06-07 15:52:45,231 - my_logger - INFO - epoch 154, train loss: 0.2191
2023-06-07 15:52:45,236 - my_logger - INFO - evaluating......
2023-06-07 15:52:45,236 - my_logger - INFO - epoch 154, valid loss: 2.4067, valid auc: 77.19%
2023-06-07 15:52:45,237 - my_logger - INFO - epoch 155, train loss: 0.2181
2023-06-07 15:52:45,241 - my_logger - INFO - epoch 156, train loss: 0.2146
2023-06-07 15:52:45,245 - my_logger - INFO - evaluating......
2023-06-07 15:52:45,245 - my_logger - INFO - epoch 156, valid loss: 2.4633, valid auc: 77.26%
2023-06-07 15:52:45,246 - my_logger - INFO - epoch 157, train loss: 0.2134
2023-06-07 15:52:45,249 - my_logger - INFO - epoch 158, train loss: 0.2103
2023-06-07 15:52:45,253 - my_logger - INFO - evaluating......
2023-06-07 15:52:45,253 - my_logger - INFO - epoch 158, valid loss: 2.4943, valid auc: 77.21%
2023-06-07 15:52:45,255 - my_logger - INFO - epoch 159, train loss: 0.2082
2023-06-07 15:52:45,258 - my_logger - INFO - epoch 160, train loss: 0.2057
2023-06-07 15:52:45,262 - my_logger - INFO - evaluating......
2023-06-07 15:52:45,262 - my_logger - INFO - epoch 160, valid loss: 2.6204, valid auc: 77.20%
2023-06-07 15:52:45,263 - my_logger - INFO - epoch 161, train loss: 0.2030
2023-06-07 15:52:45,267 - my_logger - INFO - epoch 162, train loss: 0.2009
2023-06-07 15:52:45,270 - my_logger - INFO - evaluating......
2023-06-07 15:52:45,271 - my_logger - INFO - epoch 162, valid loss: 2.6302, valid auc: 77.18%
2023-06-07 15:52:45,272 - my_logger - INFO - epoch 163, train loss: 0.1978
2023-06-07 15:52:45,275 - my_logger - INFO - epoch 164, train loss: 0.1960
2023-06-07 15:52:45,279 - my_logger - INFO - evaluating......
2023-06-07 15:52:45,279 - my_logger - INFO - epoch 164, valid loss: 2.7392, valid auc: 77.21%
2023-06-07 15:52:45,281 - my_logger - INFO - epoch 165, train loss: 0.1931
2023-06-07 15:52:45,284 - my_logger - INFO - epoch 166, train loss: 0.1906
2023-06-07 15:52:45,288 - my_logger - INFO - evaluating......
2023-06-07 15:52:45,288 - my_logger - INFO - epoch 166, valid loss: 2.7656, valid auc: 77.10%
2023-06-07 15:52:45,289 - my_logger - INFO - epoch 167, train loss: 0.1882
2023-06-07 15:52:45,292 - my_logger - INFO - epoch 168, train loss: 0.1853
2023-06-07 15:52:45,296 - my_logger - INFO - evaluating......
2023-06-07 15:52:45,296 - my_logger - INFO - epoch 168, valid loss: 2.8663, valid auc: 77.04%
2023-06-07 15:52:45,298 - my_logger - INFO - epoch 169, train loss: 0.1830
2023-06-07 15:52:45,301 - my_logger - INFO - epoch 170, train loss: 0.1803
2023-06-07 15:52:45,306 - my_logger - INFO - evaluating......
2023-06-07 15:52:45,306 - my_logger - INFO - epoch 170, valid loss: 2.9604, valid auc: 76.95%
2023-06-07 15:52:45,307 - my_logger - INFO - epoch 171, train loss: 0.1775
2023-06-07 15:52:45,310 - my_logger - INFO - epoch 172, train loss: 0.1751
2023-06-07 15:52:45,314 - my_logger - INFO - evaluating......
2023-06-07 15:52:45,315 - my_logger - INFO - epoch 172, valid loss: 3.0021, valid auc: 76.87%
2023-06-07 15:52:45,316 - my_logger - INFO - epoch 173, train loss: 0.1724
2023-06-07 15:52:45,319 - my_logger - INFO - epoch 174, train loss: 0.1698
2023-06-07 15:52:45,323 - my_logger - INFO - evaluating......
2023-06-07 15:52:45,323 - my_logger - INFO - epoch 174, valid loss: 3.1028, valid auc: 76.82%
2023-06-07 15:52:45,325 - my_logger - INFO - epoch 175, train loss: 0.1674
2023-06-07 15:52:45,328 - my_logger - INFO - epoch 176, train loss: 0.1648
2023-06-07 15:52:45,332 - my_logger - INFO - evaluating......
2023-06-07 15:52:45,332 - my_logger - INFO - epoch 176, valid loss: 3.1914, valid auc: 76.75%
2023-06-07 15:52:45,334 - my_logger - INFO - epoch 177, train loss: 0.1621
2023-06-07 15:52:45,337 - my_logger - INFO - epoch 178, train loss: 0.1596
2023-06-07 15:52:45,341 - my_logger - INFO - evaluating......
2023-06-07 15:52:45,341 - my_logger - INFO - epoch 178, valid loss: 3.2530, valid auc: 76.64%
2023-06-07 15:52:45,342 - my_logger - INFO - epoch 179, train loss: 0.1570
2023-06-07 15:52:45,346 - my_logger - INFO - epoch 180, train loss: 0.1545
2023-06-07 15:52:45,350 - my_logger - INFO - evaluating......
2023-06-07 15:52:45,350 - my_logger - INFO - epoch 180, valid loss: 3.3484, valid auc: 76.54%
2023-06-07 15:52:45,351 - my_logger - INFO - epoch 181, train loss: 0.1521
2023-06-07 15:52:45,355 - my_logger - INFO - epoch 182, train loss: 0.1499
2023-06-07 15:52:45,359 - my_logger - INFO - evaluating......
2023-06-07 15:52:45,359 - my_logger - INFO - epoch 182, valid loss: 3.4464, valid auc: 76.50%
2023-06-07 15:52:45,360 - my_logger - INFO - epoch 183, train loss: 0.1477
2023-06-07 15:52:45,364 - my_logger - INFO - epoch 184, train loss: 0.1455
2023-06-07 15:52:45,367 - my_logger - INFO - evaluating......
2023-06-07 15:52:45,368 - my_logger - INFO - epoch 184, valid loss: 3.5080, valid auc: 76.46%
2023-06-07 15:52:45,369 - my_logger - INFO - epoch 185, train loss: 0.1427
2023-06-07 15:52:45,372 - my_logger - INFO - epoch 186, train loss: 0.1400
2023-06-07 15:52:45,376 - my_logger - INFO - evaluating......
2023-06-07 15:52:45,376 - my_logger - INFO - epoch 186, valid loss: 3.5750, valid auc: 76.39%
2023-06-07 15:52:45,377 - my_logger - INFO - epoch 187, train loss: 0.1366
2023-06-07 15:52:45,380 - my_logger - INFO - epoch 188, train loss: 0.1340
2023-06-07 15:52:45,384 - my_logger - INFO - evaluating......
2023-06-07 15:52:45,384 - my_logger - INFO - epoch 188, valid loss: 3.7211, valid auc: 76.36%
2023-06-07 15:52:45,386 - my_logger - INFO - epoch 189, train loss: 0.1318
2023-06-07 15:52:45,389 - my_logger - INFO - epoch 190, train loss: 0.1292
2023-06-07 15:52:45,393 - my_logger - INFO - evaluating......
2023-06-07 15:52:45,393 - my_logger - INFO - epoch 190, valid loss: 3.8085, valid auc: 76.30%
2023-06-07 15:52:45,394 - my_logger - INFO - epoch 191, train loss: 0.1271
2023-06-07 15:52:45,397 - my_logger - INFO - epoch 192, train loss: 0.1258
2023-06-07 15:52:45,401 - my_logger - INFO - evaluating......
2023-06-07 15:52:45,402 - my_logger - INFO - epoch 192, valid loss: 3.8497, valid auc: 76.31%
2023-06-07 15:52:45,403 - my_logger - INFO - epoch 193, train loss: 0.1234
2023-06-07 15:52:45,406 - my_logger - INFO - epoch 194, train loss: 0.1207
2023-06-07 15:52:45,410 - my_logger - INFO - evaluating......
2023-06-07 15:52:45,410 - my_logger - INFO - epoch 194, valid loss: 3.9787, valid auc: 76.31%
2023-06-07 15:52:45,411 - my_logger - INFO - epoch 195, train loss: 0.1182
2023-06-07 15:52:45,414 - my_logger - INFO - epoch 196, train loss: 0.1146
2023-06-07 15:52:45,418 - my_logger - INFO - evaluating......
2023-06-07 15:52:45,419 - my_logger - INFO - epoch 196, valid loss: 4.0784, valid auc: 76.36%
2023-06-07 15:52:45,420 - my_logger - INFO - epoch 197, train loss: 0.1118
2023-06-07 15:52:45,423 - my_logger - INFO - epoch 198, train loss: 0.1100
2023-06-07 15:52:45,428 - my_logger - INFO - evaluating......
2023-06-07 15:52:45,428 - my_logger - INFO - epoch 198, valid loss: 4.1076, valid auc: 76.40%
2023-06-07 15:52:45,430 - my_logger - INFO - epoch 199, train loss: 0.1078
2023-06-07 15:52:45,432 - my_logger - INFO - total train time used: 1.7664s
2023-06-07 15:52:45,432 - my_logger - INFO - testing......
2023-06-07 15:52:45,435 - my_logger - INFO - test auc: 75.77%
