2023-06-23 09:27:10,912 - my_logger - INFO - training......
2023-06-23 09:27:16,057 - my_logger - INFO - epoch 0, first phase train loss: 3.8543
2023-06-23 09:27:21,213 - my_logger - INFO - epoch 1, first phase train loss: 3.0436
2023-06-23 09:27:26,235 - my_logger - INFO - epoch 2, first phase train loss: 2.5313
2023-06-23 09:27:31,276 - my_logger - INFO - epoch 3, first phase train loss: 1.9362
2023-06-23 09:27:36,212 - my_logger - INFO - epoch 4, first phase train loss: 1.4618
2023-06-23 09:27:41,353 - my_logger - INFO - epoch 5, first phase train loss: 1.1929
2023-06-23 09:27:46,383 - my_logger - INFO - epoch 6, first phase train loss: 1.0331
2023-06-23 09:27:51,728 - my_logger - INFO - epoch 7, first phase train loss: 0.9438
2023-06-23 09:27:56,765 - my_logger - INFO - epoch 8, first phase train loss: 0.8691
2023-06-23 09:28:01,778 - my_logger - INFO - epoch 9, first phase train loss: 0.8207
2023-06-23 09:28:06,827 - my_logger - INFO - epoch 10, first phase train loss: 0.7791
2023-06-23 09:28:11,862 - my_logger - INFO - epoch 11, first phase train loss: 0.7433
2023-06-23 09:28:16,877 - my_logger - INFO - epoch 12, first phase train loss: 0.7264
2023-06-23 09:28:21,963 - my_logger - INFO - epoch 13, first phase train loss: 0.7191
2023-06-23 09:28:27,104 - my_logger - INFO - epoch 14, first phase train loss: 0.6942
2023-06-23 09:28:32,069 - my_logger - INFO - epoch 15, first phase train loss: 0.6784
2023-06-23 09:28:37,198 - my_logger - INFO - epoch 16, first phase train loss: 0.6616
2023-06-23 09:28:42,308 - my_logger - INFO - epoch 17, first phase train loss: 0.6535
2023-06-23 09:28:47,396 - my_logger - INFO - epoch 18, first phase train loss: 0.6410
2023-06-23 09:28:52,431 - my_logger - INFO - epoch 19, first phase train loss: 0.6393
2023-06-23 09:28:52,436 - my_logger - INFO - epoch 0, second phase train loss: 0.6834
2023-06-23 09:28:52,439 - my_logger - INFO - evaluating......
2023-06-23 09:28:52,439 - my_logger - INFO - epoch 0, valid loss: 0.6674, valid auc: 80.89%
2023-06-23 09:28:52,442 - my_logger - INFO - epoch 1, second phase train loss: 0.6641
2023-06-23 09:28:52,444 - my_logger - INFO - epoch 2, second phase train loss: 0.6481
2023-06-23 09:28:52,446 - my_logger - INFO - evaluating......
2023-06-23 09:28:52,446 - my_logger - INFO - epoch 2, valid loss: 0.6433, valid auc: 89.95%
2023-06-23 09:28:52,449 - my_logger - INFO - epoch 3, second phase train loss: 0.6351
2023-06-23 09:28:52,452 - my_logger - INFO - epoch 4, second phase train loss: 0.6245
2023-06-23 09:28:52,455 - my_logger - INFO - evaluating......
2023-06-23 09:28:52,455 - my_logger - INFO - epoch 4, valid loss: 0.6272, valid auc: 92.21%
2023-06-23 09:28:52,458 - my_logger - INFO - epoch 5, second phase train loss: 0.6157
2023-06-23 09:28:52,460 - my_logger - INFO - epoch 6, second phase train loss: 0.6079
2023-06-23 09:28:52,463 - my_logger - INFO - evaluating......
2023-06-23 09:28:52,463 - my_logger - INFO - epoch 6, valid loss: 0.6146, valid auc: 93.24%
2023-06-23 09:28:52,465 - my_logger - INFO - epoch 7, second phase train loss: 0.6009
2023-06-23 09:28:52,468 - my_logger - INFO - epoch 8, second phase train loss: 0.5941
2023-06-23 09:28:52,471 - my_logger - INFO - evaluating......
2023-06-23 09:28:52,471 - my_logger - INFO - epoch 8, valid loss: 0.6029, valid auc: 93.91%
2023-06-23 09:28:52,473 - my_logger - INFO - epoch 9, second phase train loss: 0.5875
2023-06-23 09:28:52,476 - my_logger - INFO - epoch 10, second phase train loss: 0.5808
2023-06-23 09:28:52,478 - my_logger - INFO - evaluating......
2023-06-23 09:28:52,478 - my_logger - INFO - epoch 10, valid loss: 0.5907, valid auc: 94.43%
2023-06-23 09:28:52,481 - my_logger - INFO - epoch 11, second phase train loss: 0.5740
2023-06-23 09:28:52,483 - my_logger - INFO - epoch 12, second phase train loss: 0.5670
2023-06-23 09:28:52,486 - my_logger - INFO - evaluating......
2023-06-23 09:28:52,487 - my_logger - INFO - epoch 12, valid loss: 0.5780, valid auc: 94.82%
2023-06-23 09:28:52,489 - my_logger - INFO - epoch 13, second phase train loss: 0.5600
2023-06-23 09:28:52,492 - my_logger - INFO - epoch 14, second phase train loss: 0.5530
2023-06-23 09:28:52,495 - my_logger - INFO - evaluating......
2023-06-23 09:28:52,495 - my_logger - INFO - epoch 14, valid loss: 0.5651, valid auc: 95.14%
2023-06-23 09:28:52,497 - my_logger - INFO - epoch 15, second phase train loss: 0.5459
2023-06-23 09:28:52,500 - my_logger - INFO - epoch 16, second phase train loss: 0.5388
2023-06-23 09:28:52,503 - my_logger - INFO - evaluating......
2023-06-23 09:28:52,503 - my_logger - INFO - epoch 16, valid loss: 0.5522, valid auc: 95.41%
2023-06-23 09:28:52,505 - my_logger - INFO - epoch 17, second phase train loss: 0.5318
2023-06-23 09:28:52,508 - my_logger - INFO - epoch 18, second phase train loss: 0.5250
2023-06-23 09:28:52,511 - my_logger - INFO - evaluating......
2023-06-23 09:28:52,511 - my_logger - INFO - epoch 18, valid loss: 0.5399, valid auc: 95.60%
2023-06-23 09:28:52,513 - my_logger - INFO - epoch 19, second phase train loss: 0.5183
2023-06-23 09:28:52,516 - my_logger - INFO - epoch 20, second phase train loss: 0.5118
2023-06-23 09:28:52,519 - my_logger - INFO - evaluating......
2023-06-23 09:28:52,520 - my_logger - INFO - epoch 20, valid loss: 0.5282, valid auc: 95.74%
2023-06-23 09:28:52,522 - my_logger - INFO - epoch 21, second phase train loss: 0.5054
2023-06-23 09:28:52,525 - my_logger - INFO - epoch 22, second phase train loss: 0.4993
2023-06-23 09:28:52,527 - my_logger - INFO - evaluating......
2023-06-23 09:28:52,528 - my_logger - INFO - epoch 22, valid loss: 0.5173, valid auc: 95.83%
2023-06-23 09:28:52,530 - my_logger - INFO - epoch 23, second phase train loss: 0.4933
2023-06-23 09:28:52,533 - my_logger - INFO - epoch 24, second phase train loss: 0.4875
2023-06-23 09:28:52,536 - my_logger - INFO - evaluating......
2023-06-23 09:28:52,536 - my_logger - INFO - epoch 24, valid loss: 0.5071, valid auc: 95.86%
2023-06-23 09:28:52,539 - my_logger - INFO - epoch 25, second phase train loss: 0.4819
2023-06-23 09:28:52,541 - my_logger - INFO - epoch 26, second phase train loss: 0.4764
2023-06-23 09:28:52,544 - my_logger - INFO - evaluating......
2023-06-23 09:28:52,544 - my_logger - INFO - epoch 26, valid loss: 0.4975, valid auc: 95.86%
2023-06-23 09:28:52,546 - my_logger - INFO - epoch 27, second phase train loss: 0.4710
2023-06-23 09:28:52,549 - my_logger - INFO - epoch 28, second phase train loss: 0.4657
2023-06-23 09:28:52,551 - my_logger - INFO - evaluating......
2023-06-23 09:28:52,552 - my_logger - INFO - epoch 28, valid loss: 0.4882, valid auc: 95.87%
2023-06-23 09:28:52,554 - my_logger - INFO - epoch 29, second phase train loss: 0.4605
2023-06-23 09:28:52,557 - my_logger - INFO - epoch 30, second phase train loss: 0.4554
2023-06-23 09:28:52,559 - my_logger - INFO - evaluating......
2023-06-23 09:28:52,560 - my_logger - INFO - epoch 30, valid loss: 0.4792, valid auc: 95.87%
2023-06-23 09:28:52,561 - my_logger - INFO - epoch 31, second phase train loss: 0.4504
2023-06-23 09:28:52,564 - my_logger - INFO - epoch 32, second phase train loss: 0.4454
2023-06-23 09:28:52,566 - my_logger - INFO - evaluating......
2023-06-23 09:28:52,566 - my_logger - INFO - epoch 32, valid loss: 0.4705, valid auc: 95.87%
2023-06-23 09:28:52,569 - my_logger - INFO - epoch 33, second phase train loss: 0.4406
2023-06-23 09:28:52,572 - my_logger - INFO - epoch 34, second phase train loss: 0.4358
2023-06-23 09:28:52,574 - my_logger - INFO - evaluating......
2023-06-23 09:28:52,575 - my_logger - INFO - epoch 34, valid loss: 0.4621, valid auc: 95.87%
2023-06-23 09:28:52,576 - my_logger - INFO - epoch 35, second phase train loss: 0.4312
2023-06-23 09:28:52,579 - my_logger - INFO - epoch 36, second phase train loss: 0.4266
2023-06-23 09:28:52,581 - my_logger - INFO - evaluating......
2023-06-23 09:28:52,581 - my_logger - INFO - epoch 36, valid loss: 0.4541, valid auc: 95.87%
2023-06-23 09:28:52,584 - my_logger - INFO - epoch 37, second phase train loss: 0.4222
2023-06-23 09:28:52,587 - my_logger - INFO - epoch 38, second phase train loss: 0.4178
2023-06-23 09:28:52,590 - my_logger - INFO - evaluating......
2023-06-23 09:28:52,590 - my_logger - INFO - epoch 38, valid loss: 0.4464, valid auc: 95.87%
2023-06-23 09:28:52,592 - my_logger - INFO - epoch 39, second phase train loss: 0.4136
2023-06-23 09:28:52,595 - my_logger - INFO - epoch 40, second phase train loss: 0.4095
2023-06-23 09:28:52,598 - my_logger - INFO - evaluating......
2023-06-23 09:28:52,598 - my_logger - INFO - epoch 40, valid loss: 0.4392, valid auc: 95.87%
2023-06-23 09:28:52,601 - my_logger - INFO - epoch 41, second phase train loss: 0.4055
2023-06-23 09:28:52,604 - my_logger - INFO - epoch 42, second phase train loss: 0.4016
2023-06-23 09:28:52,606 - my_logger - INFO - evaluating......
2023-06-23 09:28:52,606 - my_logger - INFO - epoch 42, valid loss: 0.4323, valid auc: 95.87%
2023-06-23 09:28:52,609 - my_logger - INFO - epoch 43, second phase train loss: 0.3978
2023-06-23 09:28:52,611 - my_logger - INFO - epoch 44, second phase train loss: 0.3940
2023-06-23 09:28:52,613 - my_logger - INFO - evaluating......
2023-06-23 09:28:52,613 - my_logger - INFO - epoch 44, valid loss: 0.4257, valid auc: 95.87%
2023-06-23 09:28:52,616 - my_logger - INFO - epoch 45, second phase train loss: 0.3904
2023-06-23 09:28:52,619 - my_logger - INFO - epoch 46, second phase train loss: 0.3868
2023-06-23 09:28:52,622 - my_logger - INFO - evaluating......
2023-06-23 09:28:52,622 - my_logger - INFO - epoch 46, valid loss: 0.4195, valid auc: 95.87%
2023-06-23 09:28:52,624 - my_logger - INFO - epoch 47, second phase train loss: 0.3833
2023-06-23 09:28:52,626 - my_logger - INFO - epoch 48, second phase train loss: 0.3799
2023-06-23 09:28:52,629 - my_logger - INFO - evaluating......
2023-06-23 09:28:52,629 - my_logger - INFO - epoch 48, valid loss: 0.4136, valid auc: 95.86%
2023-06-23 09:28:52,631 - my_logger - INFO - epoch 49, second phase train loss: 0.3765
2023-06-23 09:28:52,634 - my_logger - INFO - epoch 50, second phase train loss: 0.3733
2023-06-23 09:28:52,637 - my_logger - INFO - evaluating......
2023-06-23 09:28:52,637 - my_logger - INFO - epoch 50, valid loss: 0.4080, valid auc: 95.85%
2023-06-23 09:28:52,640 - my_logger - INFO - epoch 51, second phase train loss: 0.3701
2023-06-23 09:28:52,642 - my_logger - INFO - epoch 52, second phase train loss: 0.3669
2023-06-23 09:28:52,645 - my_logger - INFO - evaluating......
2023-06-23 09:28:52,645 - my_logger - INFO - epoch 52, valid loss: 0.4027, valid auc: 95.84%
2023-06-23 09:28:52,647 - my_logger - INFO - epoch 53, second phase train loss: 0.3639
2023-06-23 09:28:52,650 - my_logger - INFO - epoch 54, second phase train loss: 0.3609
2023-06-23 09:28:52,653 - my_logger - INFO - evaluating......
2023-06-23 09:28:52,653 - my_logger - INFO - epoch 54, valid loss: 0.3977, valid auc: 95.83%
2023-06-23 09:28:52,655 - my_logger - INFO - epoch 55, second phase train loss: 0.3580
2023-06-23 09:28:52,658 - my_logger - INFO - epoch 56, second phase train loss: 0.3551
2023-06-23 09:28:52,661 - my_logger - INFO - evaluating......
2023-06-23 09:28:52,661 - my_logger - INFO - epoch 56, valid loss: 0.3928, valid auc: 95.82%
2023-06-23 09:28:52,663 - my_logger - INFO - epoch 57, second phase train loss: 0.3523
2023-06-23 09:28:52,666 - my_logger - INFO - epoch 58, second phase train loss: 0.3496
2023-06-23 09:28:52,669 - my_logger - INFO - evaluating......
2023-06-23 09:28:52,669 - my_logger - INFO - epoch 58, valid loss: 0.3883, valid auc: 95.81%
2023-06-23 09:28:52,671 - my_logger - INFO - epoch 59, second phase train loss: 0.3469
2023-06-23 09:28:52,674 - my_logger - INFO - epoch 60, second phase train loss: 0.3443
2023-06-23 09:28:52,677 - my_logger - INFO - evaluating......
2023-06-23 09:28:52,677 - my_logger - INFO - epoch 60, valid loss: 0.3839, valid auc: 95.80%
2023-06-23 09:28:52,679 - my_logger - INFO - epoch 61, second phase train loss: 0.3417
2023-06-23 09:28:52,682 - my_logger - INFO - epoch 62, second phase train loss: 0.3392
2023-06-23 09:28:52,684 - my_logger - INFO - evaluating......
2023-06-23 09:28:52,684 - my_logger - INFO - epoch 62, valid loss: 0.3796, valid auc: 95.79%
2023-06-23 09:28:52,687 - my_logger - INFO - epoch 63, second phase train loss: 0.3368
2023-06-23 09:28:52,690 - my_logger - INFO - epoch 64, second phase train loss: 0.3343
2023-06-23 09:28:52,692 - my_logger - INFO - evaluating......
2023-06-23 09:28:52,692 - my_logger - INFO - epoch 64, valid loss: 0.3756, valid auc: 95.79%
2023-06-23 09:28:52,694 - my_logger - INFO - epoch 65, second phase train loss: 0.3320
2023-06-23 09:28:52,697 - my_logger - INFO - epoch 66, second phase train loss: 0.3297
2023-06-23 09:28:52,700 - my_logger - INFO - evaluating......
2023-06-23 09:28:52,700 - my_logger - INFO - epoch 66, valid loss: 0.3717, valid auc: 95.79%
2023-06-23 09:28:52,703 - my_logger - INFO - epoch 67, second phase train loss: 0.3274
2023-06-23 09:28:52,705 - my_logger - INFO - epoch 68, second phase train loss: 0.3252
2023-06-23 09:28:52,708 - my_logger - INFO - evaluating......
2023-06-23 09:28:52,708 - my_logger - INFO - epoch 68, valid loss: 0.3679, valid auc: 95.79%
2023-06-23 09:28:52,710 - my_logger - INFO - epoch 69, second phase train loss: 0.3230
2023-06-23 09:28:52,712 - my_logger - INFO - epoch 70, second phase train loss: 0.3209
2023-06-23 09:28:52,715 - my_logger - INFO - evaluating......
2023-06-23 09:28:52,716 - my_logger - INFO - epoch 70, valid loss: 0.3643, valid auc: 95.79%
2023-06-23 09:28:52,718 - my_logger - INFO - epoch 71, second phase train loss: 0.3188
2023-06-23 09:28:52,721 - my_logger - INFO - epoch 72, second phase train loss: 0.3167
2023-06-23 09:28:52,723 - my_logger - INFO - evaluating......
2023-06-23 09:28:52,723 - my_logger - INFO - epoch 72, valid loss: 0.3608, valid auc: 95.80%
2023-06-23 09:28:52,725 - my_logger - INFO - epoch 73, second phase train loss: 0.3147
2023-06-23 09:28:52,728 - my_logger - INFO - epoch 74, second phase train loss: 0.3127
2023-06-23 09:28:52,731 - my_logger - INFO - evaluating......
2023-06-23 09:28:52,731 - my_logger - INFO - epoch 74, valid loss: 0.3575, valid auc: 95.80%
2023-06-23 09:28:52,733 - my_logger - INFO - epoch 75, second phase train loss: 0.3108
2023-06-23 09:28:52,736 - my_logger - INFO - epoch 76, second phase train loss: 0.3089
2023-06-23 09:28:52,739 - my_logger - INFO - evaluating......
2023-06-23 09:28:52,739 - my_logger - INFO - epoch 76, valid loss: 0.3544, valid auc: 95.80%
2023-06-23 09:28:52,741 - my_logger - INFO - epoch 77, second phase train loss: 0.3070
2023-06-23 09:28:52,745 - my_logger - INFO - epoch 78, second phase train loss: 0.3052
2023-06-23 09:28:52,748 - my_logger - INFO - evaluating......
2023-06-23 09:28:52,748 - my_logger - INFO - epoch 78, valid loss: 0.3513, valid auc: 95.80%
2023-06-23 09:28:52,751 - my_logger - INFO - epoch 79, second phase train loss: 0.3034
2023-06-23 09:28:52,754 - my_logger - INFO - epoch 80, second phase train loss: 0.3016
2023-06-23 09:28:52,757 - my_logger - INFO - evaluating......
2023-06-23 09:28:52,757 - my_logger - INFO - epoch 80, valid loss: 0.3484, valid auc: 95.80%
2023-06-23 09:28:52,760 - my_logger - INFO - epoch 81, second phase train loss: 0.2999
2023-06-23 09:28:52,763 - my_logger - INFO - epoch 82, second phase train loss: 0.2982
2023-06-23 09:28:52,766 - my_logger - INFO - evaluating......
2023-06-23 09:28:52,766 - my_logger - INFO - epoch 82, valid loss: 0.3456, valid auc: 95.81%
2023-06-23 09:28:52,769 - my_logger - INFO - epoch 83, second phase train loss: 0.2965
2023-06-23 09:28:52,773 - my_logger - INFO - epoch 84, second phase train loss: 0.2949
2023-06-23 09:28:52,776 - my_logger - INFO - evaluating......
2023-06-23 09:28:52,776 - my_logger - INFO - epoch 84, valid loss: 0.3430, valid auc: 95.81%
2023-06-23 09:28:52,778 - my_logger - INFO - epoch 85, second phase train loss: 0.2933
2023-06-23 09:28:52,781 - my_logger - INFO - epoch 86, second phase train loss: 0.2917
2023-06-23 09:28:52,784 - my_logger - INFO - evaluating......
2023-06-23 09:28:52,784 - my_logger - INFO - epoch 86, valid loss: 0.3404, valid auc: 95.81%
2023-06-23 09:28:52,786 - my_logger - INFO - epoch 87, second phase train loss: 0.2901
2023-06-23 09:28:52,790 - my_logger - INFO - epoch 88, second phase train loss: 0.2886
2023-06-23 09:28:52,793 - my_logger - INFO - evaluating......
2023-06-23 09:28:52,793 - my_logger - INFO - epoch 88, valid loss: 0.3379, valid auc: 95.81%
2023-06-23 09:28:52,795 - my_logger - INFO - epoch 89, second phase train loss: 0.2871
2023-06-23 09:28:52,798 - my_logger - INFO - epoch 90, second phase train loss: 0.2856
2023-06-23 09:28:52,801 - my_logger - INFO - evaluating......
2023-06-23 09:28:52,801 - my_logger - INFO - epoch 90, valid loss: 0.3355, valid auc: 95.81%
2023-06-23 09:28:52,804 - my_logger - INFO - epoch 91, second phase train loss: 0.2841
2023-06-23 09:28:52,807 - my_logger - INFO - epoch 92, second phase train loss: 0.2827
2023-06-23 09:28:52,810 - my_logger - INFO - evaluating......
2023-06-23 09:28:52,810 - my_logger - INFO - epoch 92, valid loss: 0.3332, valid auc: 95.82%
2023-06-23 09:28:52,812 - my_logger - INFO - epoch 93, second phase train loss: 0.2813
2023-06-23 09:28:52,815 - my_logger - INFO - epoch 94, second phase train loss: 0.2799
2023-06-23 09:28:52,818 - my_logger - INFO - evaluating......
2023-06-23 09:28:52,818 - my_logger - INFO - epoch 94, valid loss: 0.3310, valid auc: 95.82%
2023-06-23 09:28:52,821 - my_logger - INFO - epoch 95, second phase train loss: 0.2785
2023-06-23 09:28:52,824 - my_logger - INFO - epoch 96, second phase train loss: 0.2772
2023-06-23 09:28:52,827 - my_logger - INFO - evaluating......
2023-06-23 09:28:52,827 - my_logger - INFO - epoch 96, valid loss: 0.3288, valid auc: 95.82%
2023-06-23 09:28:52,829 - my_logger - INFO - epoch 97, second phase train loss: 0.2758
2023-06-23 09:28:52,832 - my_logger - INFO - epoch 98, second phase train loss: 0.2745
2023-06-23 09:28:52,835 - my_logger - INFO - evaluating......
2023-06-23 09:28:52,835 - my_logger - INFO - epoch 98, valid loss: 0.3267, valid auc: 95.82%
2023-06-23 09:28:52,838 - my_logger - INFO - epoch 99, second phase train loss: 0.2732
2023-06-23 09:28:52,841 - my_logger - INFO - epoch 100, second phase train loss: 0.2720
2023-06-23 09:28:52,843 - my_logger - INFO - evaluating......
2023-06-23 09:28:52,843 - my_logger - INFO - epoch 100, valid loss: 0.3247, valid auc: 95.83%
2023-06-23 09:28:52,845 - my_logger - INFO - epoch 101, second phase train loss: 0.2707
2023-06-23 09:28:52,848 - my_logger - INFO - epoch 102, second phase train loss: 0.2695
2023-06-23 09:28:52,850 - my_logger - INFO - evaluating......
2023-06-23 09:28:52,850 - my_logger - INFO - epoch 102, valid loss: 0.3227, valid auc: 95.84%
2023-06-23 09:28:52,852 - my_logger - INFO - epoch 103, second phase train loss: 0.2683
2023-06-23 09:28:52,855 - my_logger - INFO - epoch 104, second phase train loss: 0.2671
2023-06-23 09:28:52,858 - my_logger - INFO - evaluating......
2023-06-23 09:28:52,858 - my_logger - INFO - epoch 104, valid loss: 0.3208, valid auc: 95.84%
2023-06-23 09:28:52,860 - my_logger - INFO - epoch 105, second phase train loss: 0.2659
2023-06-23 09:28:52,862 - my_logger - INFO - epoch 106, second phase train loss: 0.2647
2023-06-23 09:28:52,865 - my_logger - INFO - evaluating......
2023-06-23 09:28:52,865 - my_logger - INFO - epoch 106, valid loss: 0.3190, valid auc: 95.85%
2023-06-23 09:28:52,868 - my_logger - INFO - epoch 107, second phase train loss: 0.2636
2023-06-23 09:28:52,870 - my_logger - INFO - epoch 108, second phase train loss: 0.2625
2023-06-23 09:28:52,873 - my_logger - INFO - evaluating......
2023-06-23 09:28:52,873 - my_logger - INFO - epoch 108, valid loss: 0.3172, valid auc: 95.85%
2023-06-23 09:28:52,875 - my_logger - INFO - epoch 109, second phase train loss: 0.2614
2023-06-23 09:28:52,877 - my_logger - INFO - epoch 110, second phase train loss: 0.2603
2023-06-23 09:28:52,880 - my_logger - INFO - evaluating......
2023-06-23 09:28:52,880 - my_logger - INFO - epoch 110, valid loss: 0.3155, valid auc: 95.85%
2023-06-23 09:28:52,882 - my_logger - INFO - epoch 111, second phase train loss: 0.2592
2023-06-23 09:28:52,884 - my_logger - INFO - epoch 112, second phase train loss: 0.2581
2023-06-23 09:28:52,887 - my_logger - INFO - evaluating......
2023-06-23 09:28:52,887 - my_logger - INFO - epoch 112, valid loss: 0.3138, valid auc: 95.86%
2023-06-23 09:28:52,889 - my_logger - INFO - epoch 113, second phase train loss: 0.2571
2023-06-23 09:28:52,891 - my_logger - INFO - epoch 114, second phase train loss: 0.2560
2023-06-23 09:28:52,894 - my_logger - INFO - evaluating......
2023-06-23 09:28:52,894 - my_logger - INFO - epoch 114, valid loss: 0.3122, valid auc: 95.86%
2023-06-23 09:28:52,896 - my_logger - INFO - epoch 115, second phase train loss: 0.2550
2023-06-23 09:28:52,898 - my_logger - INFO - epoch 116, second phase train loss: 0.2540
2023-06-23 09:28:52,901 - my_logger - INFO - evaluating......
2023-06-23 09:28:52,901 - my_logger - INFO - epoch 116, valid loss: 0.3106, valid auc: 95.87%
2023-06-23 09:28:52,903 - my_logger - INFO - epoch 117, second phase train loss: 0.2530
2023-06-23 09:28:52,905 - my_logger - INFO - epoch 118, second phase train loss: 0.2520
2023-06-23 09:28:52,907 - my_logger - INFO - evaluating......
2023-06-23 09:28:52,907 - my_logger - INFO - epoch 118, valid loss: 0.3091, valid auc: 95.87%
2023-06-23 09:28:52,909 - my_logger - INFO - epoch 119, second phase train loss: 0.2510
2023-06-23 09:28:52,911 - my_logger - INFO - epoch 120, second phase train loss: 0.2501
2023-06-23 09:28:52,913 - my_logger - INFO - evaluating......
2023-06-23 09:28:52,914 - my_logger - INFO - epoch 120, valid loss: 0.3076, valid auc: 95.87%
2023-06-23 09:28:52,915 - my_logger - INFO - epoch 121, second phase train loss: 0.2491
2023-06-23 09:28:52,918 - my_logger - INFO - epoch 122, second phase train loss: 0.2482
2023-06-23 09:28:52,921 - my_logger - INFO - evaluating......
2023-06-23 09:28:52,921 - my_logger - INFO - epoch 122, valid loss: 0.3062, valid auc: 95.88%
2023-06-23 09:28:52,923 - my_logger - INFO - epoch 123, second phase train loss: 0.2473
2023-06-23 09:28:52,925 - my_logger - INFO - epoch 124, second phase train loss: 0.2463
2023-06-23 09:28:52,928 - my_logger - INFO - evaluating......
2023-06-23 09:28:52,928 - my_logger - INFO - epoch 124, valid loss: 0.3048, valid auc: 95.88%
2023-06-23 09:28:52,930 - my_logger - INFO - epoch 125, second phase train loss: 0.2454
2023-06-23 09:28:52,932 - my_logger - INFO - epoch 126, second phase train loss: 0.2446
2023-06-23 09:28:52,935 - my_logger - INFO - evaluating......
2023-06-23 09:28:52,935 - my_logger - INFO - epoch 126, valid loss: 0.3035, valid auc: 95.88%
2023-06-23 09:28:52,938 - my_logger - INFO - epoch 127, second phase train loss: 0.2437
2023-06-23 09:28:52,940 - my_logger - INFO - epoch 128, second phase train loss: 0.2428
2023-06-23 09:28:52,942 - my_logger - INFO - evaluating......
2023-06-23 09:28:52,943 - my_logger - INFO - epoch 128, valid loss: 0.3021, valid auc: 95.89%
2023-06-23 09:28:52,945 - my_logger - INFO - epoch 129, second phase train loss: 0.2420
2023-06-23 09:28:52,947 - my_logger - INFO - epoch 130, second phase train loss: 0.2411
2023-06-23 09:28:52,951 - my_logger - INFO - evaluating......
2023-06-23 09:28:52,951 - my_logger - INFO - epoch 130, valid loss: 0.3009, valid auc: 95.89%
2023-06-23 09:28:52,954 - my_logger - INFO - epoch 131, second phase train loss: 0.2403
2023-06-23 09:28:52,957 - my_logger - INFO - epoch 132, second phase train loss: 0.2394
2023-06-23 09:28:52,960 - my_logger - INFO - evaluating......
2023-06-23 09:28:52,960 - my_logger - INFO - epoch 132, valid loss: 0.2996, valid auc: 95.90%
2023-06-23 09:28:52,962 - my_logger - INFO - epoch 133, second phase train loss: 0.2386
2023-06-23 09:28:52,965 - my_logger - INFO - epoch 134, second phase train loss: 0.2378
2023-06-23 09:28:52,967 - my_logger - INFO - evaluating......
2023-06-23 09:28:52,967 - my_logger - INFO - epoch 134, valid loss: 0.2984, valid auc: 95.90%
2023-06-23 09:28:52,970 - my_logger - INFO - epoch 135, second phase train loss: 0.2370
2023-06-23 09:28:52,972 - my_logger - INFO - epoch 136, second phase train loss: 0.2362
2023-06-23 09:28:52,975 - my_logger - INFO - evaluating......
2023-06-23 09:28:52,975 - my_logger - INFO - epoch 136, valid loss: 0.2972, valid auc: 95.91%
2023-06-23 09:28:52,977 - my_logger - INFO - epoch 137, second phase train loss: 0.2354
2023-06-23 09:28:52,980 - my_logger - INFO - epoch 138, second phase train loss: 0.2347
2023-06-23 09:28:52,982 - my_logger - INFO - evaluating......
2023-06-23 09:28:52,982 - my_logger - INFO - epoch 138, valid loss: 0.2961, valid auc: 95.92%
2023-06-23 09:28:52,985 - my_logger - INFO - epoch 139, second phase train loss: 0.2339
2023-06-23 09:28:52,987 - my_logger - INFO - epoch 140, second phase train loss: 0.2332
2023-06-23 09:28:52,990 - my_logger - INFO - evaluating......
2023-06-23 09:28:52,990 - my_logger - INFO - epoch 140, valid loss: 0.2949, valid auc: 95.92%
2023-06-23 09:28:52,992 - my_logger - INFO - epoch 141, second phase train loss: 0.2324
2023-06-23 09:28:52,995 - my_logger - INFO - epoch 142, second phase train loss: 0.2317
2023-06-23 09:28:52,998 - my_logger - INFO - evaluating......
2023-06-23 09:28:52,999 - my_logger - INFO - epoch 142, valid loss: 0.2939, valid auc: 95.92%
2023-06-23 09:28:53,001 - my_logger - INFO - epoch 143, second phase train loss: 0.2309
2023-06-23 09:28:53,004 - my_logger - INFO - epoch 144, second phase train loss: 0.2302
2023-06-23 09:28:53,007 - my_logger - INFO - evaluating......
2023-06-23 09:28:53,007 - my_logger - INFO - epoch 144, valid loss: 0.2928, valid auc: 95.93%
2023-06-23 09:28:53,010 - my_logger - INFO - epoch 145, second phase train loss: 0.2295
2023-06-23 09:28:53,013 - my_logger - INFO - epoch 146, second phase train loss: 0.2288
2023-06-23 09:28:53,016 - my_logger - INFO - evaluating......
2023-06-23 09:28:53,016 - my_logger - INFO - epoch 146, valid loss: 0.2918, valid auc: 95.93%
2023-06-23 09:28:53,019 - my_logger - INFO - epoch 147, second phase train loss: 0.2281
2023-06-23 09:28:53,022 - my_logger - INFO - epoch 148, second phase train loss: 0.2274
2023-06-23 09:28:53,025 - my_logger - INFO - evaluating......
2023-06-23 09:28:53,025 - my_logger - INFO - epoch 148, valid loss: 0.2908, valid auc: 95.94%
2023-06-23 09:28:53,028 - my_logger - INFO - epoch 149, second phase train loss: 0.2267
2023-06-23 09:28:53,030 - my_logger - INFO - epoch 150, second phase train loss: 0.2261
2023-06-23 09:28:53,033 - my_logger - INFO - evaluating......
2023-06-23 09:28:53,033 - my_logger - INFO - epoch 150, valid loss: 0.2898, valid auc: 95.94%
2023-06-23 09:28:53,036 - my_logger - INFO - epoch 151, second phase train loss: 0.2254
2023-06-23 09:28:53,038 - my_logger - INFO - epoch 152, second phase train loss: 0.2247
2023-06-23 09:28:53,041 - my_logger - INFO - evaluating......
2023-06-23 09:28:53,041 - my_logger - INFO - epoch 152, valid loss: 0.2888, valid auc: 95.95%
2023-06-23 09:28:53,044 - my_logger - INFO - epoch 153, second phase train loss: 0.2241
2023-06-23 09:28:53,046 - my_logger - INFO - epoch 154, second phase train loss: 0.2234
2023-06-23 09:28:53,049 - my_logger - INFO - evaluating......
2023-06-23 09:28:53,049 - my_logger - INFO - epoch 154, valid loss: 0.2879, valid auc: 95.95%
2023-06-23 09:28:53,052 - my_logger - INFO - epoch 155, second phase train loss: 0.2228
2023-06-23 09:28:53,054 - my_logger - INFO - epoch 156, second phase train loss: 0.2221
2023-06-23 09:28:53,057 - my_logger - INFO - evaluating......
2023-06-23 09:28:53,057 - my_logger - INFO - epoch 156, valid loss: 0.2870, valid auc: 95.95%
2023-06-23 09:28:53,059 - my_logger - INFO - epoch 157, second phase train loss: 0.2215
2023-06-23 09:28:53,062 - my_logger - INFO - epoch 158, second phase train loss: 0.2209
2023-06-23 09:28:53,065 - my_logger - INFO - evaluating......
2023-06-23 09:28:53,065 - my_logger - INFO - epoch 158, valid loss: 0.2861, valid auc: 95.96%
2023-06-23 09:28:53,067 - my_logger - INFO - epoch 159, second phase train loss: 0.2203
2023-06-23 09:28:53,071 - my_logger - INFO - epoch 160, second phase train loss: 0.2197
2023-06-23 09:28:53,073 - my_logger - INFO - evaluating......
2023-06-23 09:28:53,074 - my_logger - INFO - epoch 160, valid loss: 0.2852, valid auc: 95.96%
2023-06-23 09:28:53,076 - my_logger - INFO - epoch 161, second phase train loss: 0.2190
2023-06-23 09:28:53,080 - my_logger - INFO - epoch 162, second phase train loss: 0.2184
2023-06-23 09:28:53,083 - my_logger - INFO - evaluating......
2023-06-23 09:28:53,083 - my_logger - INFO - epoch 162, valid loss: 0.2843, valid auc: 95.97%
2023-06-23 09:28:53,086 - my_logger - INFO - epoch 163, second phase train loss: 0.2179
2023-06-23 09:28:53,090 - my_logger - INFO - epoch 164, second phase train loss: 0.2173
2023-06-23 09:28:53,093 - my_logger - INFO - evaluating......
2023-06-23 09:28:53,093 - my_logger - INFO - epoch 164, valid loss: 0.2835, valid auc: 95.97%
2023-06-23 09:28:53,097 - my_logger - INFO - epoch 165, second phase train loss: 0.2167
2023-06-23 09:28:53,099 - my_logger - INFO - epoch 166, second phase train loss: 0.2161
2023-06-23 09:28:53,102 - my_logger - INFO - evaluating......
2023-06-23 09:28:53,102 - my_logger - INFO - epoch 166, valid loss: 0.2827, valid auc: 95.97%
2023-06-23 09:28:53,105 - my_logger - INFO - epoch 167, second phase train loss: 0.2155
2023-06-23 09:28:53,108 - my_logger - INFO - epoch 168, second phase train loss: 0.2150
2023-06-23 09:28:53,111 - my_logger - INFO - evaluating......
2023-06-23 09:28:53,111 - my_logger - INFO - epoch 168, valid loss: 0.2819, valid auc: 95.98%
2023-06-23 09:28:53,114 - my_logger - INFO - epoch 169, second phase train loss: 0.2144
2023-06-23 09:28:53,117 - my_logger - INFO - epoch 170, second phase train loss: 0.2139
2023-06-23 09:28:53,120 - my_logger - INFO - evaluating......
2023-06-23 09:28:53,121 - my_logger - INFO - epoch 170, valid loss: 0.2811, valid auc: 95.98%
2023-06-23 09:28:53,123 - my_logger - INFO - epoch 171, second phase train loss: 0.2133
2023-06-23 09:28:53,126 - my_logger - INFO - epoch 172, second phase train loss: 0.2128
2023-06-23 09:28:53,129 - my_logger - INFO - evaluating......
2023-06-23 09:28:53,129 - my_logger - INFO - epoch 172, valid loss: 0.2804, valid auc: 95.98%
2023-06-23 09:28:53,132 - my_logger - INFO - epoch 173, second phase train loss: 0.2122
2023-06-23 09:28:53,135 - my_logger - INFO - epoch 174, second phase train loss: 0.2117
2023-06-23 09:28:53,139 - my_logger - INFO - evaluating......
2023-06-23 09:28:53,139 - my_logger - INFO - epoch 174, valid loss: 0.2796, valid auc: 95.99%
2023-06-23 09:28:53,142 - my_logger - INFO - epoch 175, second phase train loss: 0.2112
2023-06-23 09:28:53,145 - my_logger - INFO - epoch 176, second phase train loss: 0.2106
2023-06-23 09:28:53,149 - my_logger - INFO - evaluating......
2023-06-23 09:28:53,149 - my_logger - INFO - epoch 176, valid loss: 0.2789, valid auc: 95.99%
2023-06-23 09:28:53,152 - my_logger - INFO - epoch 177, second phase train loss: 0.2101
2023-06-23 09:28:53,155 - my_logger - INFO - epoch 178, second phase train loss: 0.2096
2023-06-23 09:28:53,158 - my_logger - INFO - evaluating......
2023-06-23 09:28:53,158 - my_logger - INFO - epoch 178, valid loss: 0.2782, valid auc: 96.00%
2023-06-23 09:28:53,161 - my_logger - INFO - epoch 179, second phase train loss: 0.2091
2023-06-23 09:28:53,164 - my_logger - INFO - epoch 180, second phase train loss: 0.2086
2023-06-23 09:28:53,167 - my_logger - INFO - evaluating......
2023-06-23 09:28:53,167 - my_logger - INFO - epoch 180, valid loss: 0.2775, valid auc: 96.00%
2023-06-23 09:28:53,169 - my_logger - INFO - epoch 181, second phase train loss: 0.2081
2023-06-23 09:28:53,172 - my_logger - INFO - epoch 182, second phase train loss: 0.2076
2023-06-23 09:28:53,174 - my_logger - INFO - evaluating......
2023-06-23 09:28:53,174 - my_logger - INFO - epoch 182, valid loss: 0.2768, valid auc: 96.00%
2023-06-23 09:28:53,176 - my_logger - INFO - epoch 183, second phase train loss: 0.2071
2023-06-23 09:28:53,179 - my_logger - INFO - epoch 184, second phase train loss: 0.2066
2023-06-23 09:28:53,181 - my_logger - INFO - evaluating......
2023-06-23 09:28:53,181 - my_logger - INFO - epoch 184, valid loss: 0.2762, valid auc: 96.01%
2023-06-23 09:28:53,183 - my_logger - INFO - epoch 185, second phase train loss: 0.2061
2023-06-23 09:28:53,186 - my_logger - INFO - epoch 186, second phase train loss: 0.2056
2023-06-23 09:28:53,188 - my_logger - INFO - evaluating......
2023-06-23 09:28:53,188 - my_logger - INFO - epoch 186, valid loss: 0.2755, valid auc: 96.01%
2023-06-23 09:28:53,191 - my_logger - INFO - epoch 187, second phase train loss: 0.2051
2023-06-23 09:28:53,193 - my_logger - INFO - epoch 188, second phase train loss: 0.2047
2023-06-23 09:28:53,195 - my_logger - INFO - evaluating......
2023-06-23 09:28:53,195 - my_logger - INFO - epoch 188, valid loss: 0.2749, valid auc: 96.02%
2023-06-23 09:28:53,197 - my_logger - INFO - epoch 189, second phase train loss: 0.2042
2023-06-23 09:28:53,200 - my_logger - INFO - epoch 190, second phase train loss: 0.2037
2023-06-23 09:28:53,202 - my_logger - INFO - evaluating......
2023-06-23 09:28:53,202 - my_logger - INFO - epoch 190, valid loss: 0.2743, valid auc: 96.02%
2023-06-23 09:28:53,205 - my_logger - INFO - epoch 191, second phase train loss: 0.2033
2023-06-23 09:28:53,207 - my_logger - INFO - epoch 192, second phase train loss: 0.2028
2023-06-23 09:28:53,210 - my_logger - INFO - evaluating......
2023-06-23 09:28:53,210 - my_logger - INFO - epoch 192, valid loss: 0.2736, valid auc: 96.02%
2023-06-23 09:28:53,213 - my_logger - INFO - epoch 193, second phase train loss: 0.2024
2023-06-23 09:28:53,215 - my_logger - INFO - epoch 194, second phase train loss: 0.2019
2023-06-23 09:28:53,218 - my_logger - INFO - evaluating......
2023-06-23 09:28:53,218 - my_logger - INFO - epoch 194, valid loss: 0.2731, valid auc: 96.03%
2023-06-23 09:28:53,221 - my_logger - INFO - epoch 195, second phase train loss: 0.2015
2023-06-23 09:28:53,224 - my_logger - INFO - epoch 196, second phase train loss: 0.2010
2023-06-23 09:28:53,227 - my_logger - INFO - evaluating......
2023-06-23 09:28:53,227 - my_logger - INFO - epoch 196, valid loss: 0.2725, valid auc: 96.03%
2023-06-23 09:28:53,229 - my_logger - INFO - epoch 197, second phase train loss: 0.2006
2023-06-23 09:28:53,231 - my_logger - INFO - epoch 198, second phase train loss: 0.2002
2023-06-23 09:28:53,234 - my_logger - INFO - evaluating......
2023-06-23 09:28:53,234 - my_logger - INFO - epoch 198, valid loss: 0.2719, valid auc: 96.03%
2023-06-23 09:28:53,237 - my_logger - INFO - epoch 199, second phase train loss: 0.1997
2023-06-23 09:28:53,238 - my_logger - INFO - total train time used: 102.3255s
2023-06-23 09:28:53,238 - my_logger - INFO - testing......
2023-06-23 09:28:53,241 - my_logger - INFO - test auc: 95.67%
