2023-06-23 09:23:15,407 - my_logger - INFO - training......
2023-06-23 09:23:20,453 - my_logger - INFO - epoch 0, first phase train loss: 3.8694
2023-06-23 09:23:25,346 - my_logger - INFO - epoch 1, first phase train loss: 3.0677
2023-06-23 09:23:30,506 - my_logger - INFO - epoch 2, first phase train loss: 2.6044
2023-06-23 09:23:35,450 - my_logger - INFO - epoch 3, first phase train loss: 1.9926
2023-06-23 09:23:40,527 - my_logger - INFO - epoch 4, first phase train loss: 1.5005
2023-06-23 09:23:45,489 - my_logger - INFO - epoch 5, first phase train loss: 1.2174
2023-06-23 09:23:50,568 - my_logger - INFO - epoch 6, first phase train loss: 1.0609
2023-06-23 09:23:55,502 - my_logger - INFO - epoch 7, first phase train loss: 0.9698
2023-06-23 09:24:00,514 - my_logger - INFO - epoch 8, first phase train loss: 0.9064
2023-06-23 09:24:05,566 - my_logger - INFO - epoch 9, first phase train loss: 0.8501
2023-06-23 09:24:10,472 - my_logger - INFO - epoch 10, first phase train loss: 0.7921
2023-06-23 09:24:15,529 - my_logger - INFO - epoch 11, first phase train loss: 0.7558
2023-06-23 09:24:20,579 - my_logger - INFO - epoch 12, first phase train loss: 0.7488
2023-06-23 09:24:25,510 - my_logger - INFO - epoch 13, first phase train loss: 0.7429
2023-06-23 09:24:30,409 - my_logger - INFO - epoch 14, first phase train loss: 0.7195
2023-06-23 09:24:35,476 - my_logger - INFO - epoch 15, first phase train loss: 0.7000
2023-06-23 09:24:40,535 - my_logger - INFO - epoch 16, first phase train loss: 0.6825
2023-06-23 09:24:45,614 - my_logger - INFO - epoch 17, first phase train loss: 0.6667
2023-06-23 09:24:50,596 - my_logger - INFO - epoch 18, first phase train loss: 0.6584
2023-06-23 09:24:55,612 - my_logger - INFO - epoch 19, first phase train loss: 0.6543
2023-06-23 09:24:55,622 - my_logger - INFO - epoch 0, second phase train loss: 0.6942
2023-06-23 09:24:55,628 - my_logger - INFO - evaluating......
2023-06-23 09:24:55,629 - my_logger - INFO - epoch 0, valid loss: 0.7138, valid auc: 62.39%
2023-06-23 09:24:55,635 - my_logger - INFO - epoch 1, second phase train loss: 0.7057
2023-06-23 09:24:55,645 - my_logger - INFO - epoch 2, second phase train loss: 0.7072
2023-06-23 09:24:55,651 - my_logger - INFO - evaluating......
2023-06-23 09:24:55,651 - my_logger - INFO - epoch 2, valid loss: 0.6787, valid auc: 66.06%
2023-06-23 09:24:55,657 - my_logger - INFO - epoch 3, second phase train loss: 0.6689
2023-06-23 09:24:55,669 - my_logger - INFO - epoch 4, second phase train loss: 0.6534
2023-06-23 09:24:55,677 - my_logger - INFO - evaluating......
2023-06-23 09:24:55,678 - my_logger - INFO - epoch 4, valid loss: 0.6628, valid auc: 69.94%
2023-06-23 09:24:55,683 - my_logger - INFO - epoch 5, second phase train loss: 0.6518
2023-06-23 09:24:55,695 - my_logger - INFO - epoch 6, second phase train loss: 0.6433
2023-06-23 09:24:55,704 - my_logger - INFO - evaluating......
2023-06-23 09:24:55,704 - my_logger - INFO - epoch 6, valid loss: 0.6473, valid auc: 70.93%
2023-06-23 09:24:55,711 - my_logger - INFO - epoch 7, second phase train loss: 0.6336
2023-06-23 09:24:55,724 - my_logger - INFO - epoch 8, second phase train loss: 0.6209
2023-06-23 09:24:55,733 - my_logger - INFO - evaluating......
2023-06-23 09:24:55,733 - my_logger - INFO - epoch 8, valid loss: 0.6227, valid auc: 74.16%
2023-06-23 09:24:55,741 - my_logger - INFO - epoch 9, second phase train loss: 0.6020
2023-06-23 09:24:55,753 - my_logger - INFO - epoch 10, second phase train loss: 0.5866
2023-06-23 09:24:55,761 - my_logger - INFO - evaluating......
2023-06-23 09:24:55,761 - my_logger - INFO - epoch 10, valid loss: 0.6003, valid auc: 76.12%
2023-06-23 09:24:55,768 - my_logger - INFO - epoch 11, second phase train loss: 0.5717
2023-06-23 09:24:55,779 - my_logger - INFO - epoch 12, second phase train loss: 0.5566
2023-06-23 09:24:55,785 - my_logger - INFO - evaluating......
2023-06-23 09:24:55,785 - my_logger - INFO - epoch 12, valid loss: 0.5755, valid auc: 78.13%
2023-06-23 09:24:55,790 - my_logger - INFO - epoch 13, second phase train loss: 0.5418
2023-06-23 09:24:55,801 - my_logger - INFO - epoch 14, second phase train loss: 0.5239
2023-06-23 09:24:55,810 - my_logger - INFO - evaluating......
2023-06-23 09:24:55,810 - my_logger - INFO - epoch 14, valid loss: 0.5459, valid auc: 81.04%
2023-06-23 09:24:55,817 - my_logger - INFO - epoch 15, second phase train loss: 0.5051
2023-06-23 09:24:55,829 - my_logger - INFO - epoch 16, second phase train loss: 0.4858
2023-06-23 09:24:55,837 - my_logger - INFO - evaluating......
2023-06-23 09:24:55,837 - my_logger - INFO - epoch 16, valid loss: 0.5134, valid auc: 83.85%
2023-06-23 09:24:55,844 - my_logger - INFO - epoch 17, second phase train loss: 0.4674
2023-06-23 09:24:55,856 - my_logger - INFO - epoch 18, second phase train loss: 0.4491
2023-06-23 09:24:55,863 - my_logger - INFO - evaluating......
2023-06-23 09:24:55,864 - my_logger - INFO - epoch 18, valid loss: 0.4827, valid auc: 86.16%
2023-06-23 09:24:55,871 - my_logger - INFO - epoch 19, second phase train loss: 0.4306
2023-06-23 09:24:55,883 - my_logger - INFO - epoch 20, second phase train loss: 0.4129
2023-06-23 09:24:55,891 - my_logger - INFO - evaluating......
2023-06-23 09:24:55,891 - my_logger - INFO - epoch 20, valid loss: 0.4531, valid auc: 87.96%
2023-06-23 09:24:55,898 - my_logger - INFO - epoch 21, second phase train loss: 0.3949
2023-06-23 09:24:55,909 - my_logger - INFO - epoch 22, second phase train loss: 0.3777
2023-06-23 09:24:55,916 - my_logger - INFO - evaluating......
2023-06-23 09:24:55,916 - my_logger - INFO - epoch 22, valid loss: 0.4251, valid auc: 89.56%
2023-06-23 09:24:55,923 - my_logger - INFO - epoch 23, second phase train loss: 0.3603
2023-06-23 09:24:55,935 - my_logger - INFO - epoch 24, second phase train loss: 0.3433
2023-06-23 09:24:55,943 - my_logger - INFO - evaluating......
2023-06-23 09:24:55,943 - my_logger - INFO - epoch 24, valid loss: 0.3971, valid auc: 90.87%
2023-06-23 09:24:55,951 - my_logger - INFO - epoch 25, second phase train loss: 0.3267
2023-06-23 09:24:55,963 - my_logger - INFO - epoch 26, second phase train loss: 0.3108
2023-06-23 09:24:55,971 - my_logger - INFO - evaluating......
2023-06-23 09:24:55,971 - my_logger - INFO - epoch 26, valid loss: 0.3744, valid auc: 91.90%
2023-06-23 09:24:55,978 - my_logger - INFO - epoch 27, second phase train loss: 0.2957
2023-06-23 09:24:55,990 - my_logger - INFO - epoch 28, second phase train loss: 0.2811
2023-06-23 09:24:55,998 - my_logger - INFO - evaluating......
2023-06-23 09:24:55,998 - my_logger - INFO - epoch 28, valid loss: 0.3525, valid auc: 92.68%
2023-06-23 09:24:56,006 - my_logger - INFO - epoch 29, second phase train loss: 0.2676
2023-06-23 09:24:56,018 - my_logger - INFO - epoch 30, second phase train loss: 0.2548
2023-06-23 09:24:56,026 - my_logger - INFO - evaluating......
2023-06-23 09:24:56,026 - my_logger - INFO - epoch 30, valid loss: 0.3367, valid auc: 93.35%
2023-06-23 09:24:56,034 - my_logger - INFO - epoch 31, second phase train loss: 0.2426
2023-06-23 09:24:56,046 - my_logger - INFO - epoch 32, second phase train loss: 0.2312
2023-06-23 09:24:56,054 - my_logger - INFO - evaluating......
2023-06-23 09:24:56,054 - my_logger - INFO - epoch 32, valid loss: 0.3225, valid auc: 93.90%
2023-06-23 09:24:56,061 - my_logger - INFO - epoch 33, second phase train loss: 0.2203
2023-06-23 09:24:56,073 - my_logger - INFO - epoch 34, second phase train loss: 0.2099
2023-06-23 09:24:56,081 - my_logger - INFO - evaluating......
2023-06-23 09:24:56,081 - my_logger - INFO - epoch 34, valid loss: 0.3103, valid auc: 94.33%
2023-06-23 09:24:56,088 - my_logger - INFO - epoch 35, second phase train loss: 0.1998
2023-06-23 09:24:56,100 - my_logger - INFO - epoch 36, second phase train loss: 0.1904
2023-06-23 09:24:56,108 - my_logger - INFO - evaluating......
2023-06-23 09:24:56,108 - my_logger - INFO - epoch 36, valid loss: 0.3037, valid auc: 94.68%
2023-06-23 09:24:56,115 - my_logger - INFO - epoch 37, second phase train loss: 0.1817
2023-06-23 09:24:56,124 - my_logger - INFO - epoch 38, second phase train loss: 0.1734
2023-06-23 09:24:56,131 - my_logger - INFO - evaluating......
2023-06-23 09:24:56,131 - my_logger - INFO - epoch 38, valid loss: 0.2953, valid auc: 95.05%
2023-06-23 09:24:56,137 - my_logger - INFO - epoch 39, second phase train loss: 0.1655
2023-06-23 09:24:56,151 - my_logger - INFO - epoch 40, second phase train loss: 0.1582
2023-06-23 09:24:56,162 - my_logger - INFO - evaluating......
2023-06-23 09:24:56,163 - my_logger - INFO - epoch 40, valid loss: 0.2865, valid auc: 95.37%
2023-06-23 09:24:56,172 - my_logger - INFO - epoch 41, second phase train loss: 0.1515
2023-06-23 09:24:56,186 - my_logger - INFO - epoch 42, second phase train loss: 0.1450
2023-06-23 09:24:56,197 - my_logger - INFO - evaluating......
2023-06-23 09:24:56,197 - my_logger - INFO - epoch 42, valid loss: 0.2829, valid auc: 95.61%
2023-06-23 09:24:56,207 - my_logger - INFO - epoch 43, second phase train loss: 0.1390
2023-06-23 09:24:56,220 - my_logger - INFO - epoch 44, second phase train loss: 0.1334
2023-06-23 09:24:56,229 - my_logger - INFO - evaluating......
2023-06-23 09:24:56,229 - my_logger - INFO - epoch 44, valid loss: 0.2816, valid auc: 95.80%
2023-06-23 09:24:56,237 - my_logger - INFO - epoch 45, second phase train loss: 0.1282
2023-06-23 09:24:56,249 - my_logger - INFO - epoch 46, second phase train loss: 0.1233
2023-06-23 09:24:56,258 - my_logger - INFO - evaluating......
2023-06-23 09:24:56,258 - my_logger - INFO - epoch 46, valid loss: 0.2778, valid auc: 95.98%
2023-06-23 09:24:56,265 - my_logger - INFO - epoch 47, second phase train loss: 0.1186
2023-06-23 09:24:56,277 - my_logger - INFO - epoch 48, second phase train loss: 0.1141
2023-06-23 09:24:56,286 - my_logger - INFO - evaluating......
2023-06-23 09:24:56,286 - my_logger - INFO - epoch 48, valid loss: 0.2757, valid auc: 96.09%
2023-06-23 09:24:56,293 - my_logger - INFO - epoch 49, second phase train loss: 0.1099
2023-06-23 09:24:56,305 - my_logger - INFO - epoch 50, second phase train loss: 0.1058
2023-06-23 09:24:56,312 - my_logger - INFO - evaluating......
2023-06-23 09:24:56,313 - my_logger - INFO - epoch 50, valid loss: 0.2772, valid auc: 96.18%
2023-06-23 09:24:56,320 - my_logger - INFO - epoch 51, second phase train loss: 0.1020
2023-06-23 09:24:56,331 - my_logger - INFO - epoch 52, second phase train loss: 0.0984
2023-06-23 09:24:56,337 - my_logger - INFO - evaluating......
2023-06-23 09:24:56,337 - my_logger - INFO - epoch 52, valid loss: 0.2806, valid auc: 96.26%
2023-06-23 09:24:56,342 - my_logger - INFO - epoch 53, second phase train loss: 0.0950
2023-06-23 09:24:56,353 - my_logger - INFO - epoch 54, second phase train loss: 0.0918
2023-06-23 09:24:56,361 - my_logger - INFO - evaluating......
2023-06-23 09:24:56,361 - my_logger - INFO - epoch 54, valid loss: 0.2819, valid auc: 96.33%
2023-06-23 09:24:56,369 - my_logger - INFO - epoch 55, second phase train loss: 0.0887
2023-06-23 09:24:56,380 - my_logger - INFO - epoch 56, second phase train loss: 0.0858
2023-06-23 09:24:56,388 - my_logger - INFO - evaluating......
2023-06-23 09:24:56,388 - my_logger - INFO - epoch 56, valid loss: 0.2818, valid auc: 96.40%
2023-06-23 09:24:56,396 - my_logger - INFO - epoch 57, second phase train loss: 0.0831
2023-06-23 09:24:56,408 - my_logger - INFO - epoch 58, second phase train loss: 0.0804
2023-06-23 09:24:56,414 - my_logger - INFO - evaluating......
2023-06-23 09:24:56,414 - my_logger - INFO - epoch 58, valid loss: 0.2837, valid auc: 96.46%
2023-06-23 09:24:56,422 - my_logger - INFO - epoch 59, second phase train loss: 0.0779
2023-06-23 09:24:56,434 - my_logger - INFO - epoch 60, second phase train loss: 0.0756
2023-06-23 09:24:56,442 - my_logger - INFO - evaluating......
2023-06-23 09:24:56,443 - my_logger - INFO - epoch 60, valid loss: 0.2876, valid auc: 96.52%
2023-06-23 09:24:56,450 - my_logger - INFO - epoch 61, second phase train loss: 0.0734
2023-06-23 09:24:56,462 - my_logger - INFO - epoch 62, second phase train loss: 0.0712
2023-06-23 09:24:56,471 - my_logger - INFO - evaluating......
2023-06-23 09:24:56,471 - my_logger - INFO - epoch 62, valid loss: 0.2912, valid auc: 96.56%
2023-06-23 09:24:56,479 - my_logger - INFO - epoch 63, second phase train loss: 0.0692
2023-06-23 09:24:56,491 - my_logger - INFO - epoch 64, second phase train loss: 0.0672
2023-06-23 09:24:56,499 - my_logger - INFO - evaluating......
2023-06-23 09:24:56,499 - my_logger - INFO - epoch 64, valid loss: 0.2932, valid auc: 96.61%
2023-06-23 09:24:56,507 - my_logger - INFO - epoch 65, second phase train loss: 0.0653
2023-06-23 09:24:56,519 - my_logger - INFO - epoch 66, second phase train loss: 0.0635
2023-06-23 09:24:56,527 - my_logger - INFO - evaluating......
2023-06-23 09:24:56,528 - my_logger - INFO - epoch 66, valid loss: 0.2942, valid auc: 96.66%
2023-06-23 09:24:56,535 - my_logger - INFO - epoch 67, second phase train loss: 0.0617
2023-06-23 09:24:56,547 - my_logger - INFO - epoch 68, second phase train loss: 0.0600
2023-06-23 09:24:56,555 - my_logger - INFO - evaluating......
2023-06-23 09:24:56,555 - my_logger - INFO - epoch 68, valid loss: 0.2958, valid auc: 96.70%
2023-06-23 09:24:56,562 - my_logger - INFO - epoch 69, second phase train loss: 0.0584
2023-06-23 09:24:56,574 - my_logger - INFO - epoch 70, second phase train loss: 0.0568
2023-06-23 09:24:56,580 - my_logger - INFO - evaluating......
2023-06-23 09:24:56,580 - my_logger - INFO - epoch 70, valid loss: 0.2984, valid auc: 96.74%
2023-06-23 09:24:56,585 - my_logger - INFO - epoch 71, second phase train loss: 0.0552
2023-06-23 09:24:56,595 - my_logger - INFO - epoch 72, second phase train loss: 0.0538
2023-06-23 09:24:56,603 - my_logger - INFO - evaluating......
2023-06-23 09:24:56,603 - my_logger - INFO - epoch 72, valid loss: 0.3004, valid auc: 96.78%
2023-06-23 09:24:56,609 - my_logger - INFO - epoch 73, second phase train loss: 0.0524
2023-06-23 09:24:56,617 - my_logger - INFO - epoch 74, second phase train loss: 0.0510
2023-06-23 09:24:56,623 - my_logger - INFO - evaluating......
2023-06-23 09:24:56,623 - my_logger - INFO - epoch 74, valid loss: 0.3016, valid auc: 96.82%
2023-06-23 09:24:56,630 - my_logger - INFO - epoch 75, second phase train loss: 0.0497
2023-06-23 09:24:56,639 - my_logger - INFO - epoch 76, second phase train loss: 0.0485
2023-06-23 09:24:56,647 - my_logger - INFO - evaluating......
2023-06-23 09:24:56,647 - my_logger - INFO - epoch 76, valid loss: 0.3028, valid auc: 96.85%
2023-06-23 09:24:56,654 - my_logger - INFO - epoch 77, second phase train loss: 0.0473
2023-06-23 09:24:56,666 - my_logger - INFO - epoch 78, second phase train loss: 0.0461
2023-06-23 09:24:56,674 - my_logger - INFO - evaluating......
2023-06-23 09:24:56,674 - my_logger - INFO - epoch 78, valid loss: 0.3052, valid auc: 96.87%
2023-06-23 09:24:56,681 - my_logger - INFO - epoch 79, second phase train loss: 0.0450
2023-06-23 09:24:56,693 - my_logger - INFO - epoch 80, second phase train loss: 0.0439
2023-06-23 09:24:56,701 - my_logger - INFO - evaluating......
2023-06-23 09:24:56,701 - my_logger - INFO - epoch 80, valid loss: 0.3073, valid auc: 96.89%
2023-06-23 09:24:56,709 - my_logger - INFO - epoch 81, second phase train loss: 0.0429
2023-06-23 09:24:56,721 - my_logger - INFO - epoch 82, second phase train loss: 0.0418
2023-06-23 09:24:56,730 - my_logger - INFO - evaluating......
2023-06-23 09:24:56,730 - my_logger - INFO - epoch 82, valid loss: 0.3096, valid auc: 96.91%
2023-06-23 09:24:56,737 - my_logger - INFO - epoch 83, second phase train loss: 0.0408
2023-06-23 09:24:56,749 - my_logger - INFO - epoch 84, second phase train loss: 0.0399
2023-06-23 09:24:56,757 - my_logger - INFO - evaluating......
2023-06-23 09:24:56,757 - my_logger - INFO - epoch 84, valid loss: 0.3111, valid auc: 96.93%
2023-06-23 09:24:56,764 - my_logger - INFO - epoch 85, second phase train loss: 0.0390
2023-06-23 09:24:56,776 - my_logger - INFO - epoch 86, second phase train loss: 0.0381
2023-06-23 09:24:56,784 - my_logger - INFO - evaluating......
2023-06-23 09:24:56,784 - my_logger - INFO - epoch 86, valid loss: 0.3128, valid auc: 96.96%
2023-06-23 09:24:56,792 - my_logger - INFO - epoch 87, second phase train loss: 0.0372
2023-06-23 09:24:56,804 - my_logger - INFO - epoch 88, second phase train loss: 0.0363
2023-06-23 09:24:56,811 - my_logger - INFO - evaluating......
2023-06-23 09:24:56,811 - my_logger - INFO - epoch 88, valid loss: 0.3145, valid auc: 96.98%
2023-06-23 09:24:56,819 - my_logger - INFO - epoch 89, second phase train loss: 0.0355
2023-06-23 09:24:56,831 - my_logger - INFO - epoch 90, second phase train loss: 0.0347
2023-06-23 09:24:56,840 - my_logger - INFO - evaluating......
2023-06-23 09:24:56,840 - my_logger - INFO - epoch 90, valid loss: 0.3160, valid auc: 97.01%
2023-06-23 09:24:56,847 - my_logger - INFO - epoch 91, second phase train loss: 0.0340
2023-06-23 09:24:56,860 - my_logger - INFO - epoch 92, second phase train loss: 0.0332
2023-06-23 09:24:56,868 - my_logger - INFO - evaluating......
2023-06-23 09:24:56,868 - my_logger - INFO - epoch 92, valid loss: 0.3173, valid auc: 97.03%
2023-06-23 09:24:56,876 - my_logger - INFO - epoch 93, second phase train loss: 0.0325
2023-06-23 09:24:56,889 - my_logger - INFO - epoch 94, second phase train loss: 0.0318
2023-06-23 09:24:56,897 - my_logger - INFO - evaluating......
2023-06-23 09:24:56,897 - my_logger - INFO - epoch 94, valid loss: 0.3186, valid auc: 97.05%
2023-06-23 09:24:56,905 - my_logger - INFO - epoch 95, second phase train loss: 0.0311
2023-06-23 09:24:56,917 - my_logger - INFO - epoch 96, second phase train loss: 0.0305
2023-06-23 09:24:56,924 - my_logger - INFO - evaluating......
2023-06-23 09:24:56,925 - my_logger - INFO - epoch 96, valid loss: 0.3195, valid auc: 97.07%
2023-06-23 09:24:56,932 - my_logger - INFO - epoch 97, second phase train loss: 0.0298
2023-06-23 09:24:56,944 - my_logger - INFO - epoch 98, second phase train loss: 0.0292
2023-06-23 09:24:56,951 - my_logger - INFO - evaluating......
2023-06-23 09:24:56,951 - my_logger - INFO - epoch 98, valid loss: 0.3203, valid auc: 97.09%
2023-06-23 09:24:56,959 - my_logger - INFO - epoch 99, second phase train loss: 0.0286
2023-06-23 09:24:56,970 - my_logger - INFO - epoch 100, second phase train loss: 0.0280
2023-06-23 09:24:56,978 - my_logger - INFO - evaluating......
2023-06-23 09:24:56,978 - my_logger - INFO - epoch 100, valid loss: 0.3204, valid auc: 97.11%
2023-06-23 09:24:56,985 - my_logger - INFO - epoch 101, second phase train loss: 0.0275
2023-06-23 09:24:56,997 - my_logger - INFO - epoch 102, second phase train loss: 0.0269
2023-06-23 09:24:57,005 - my_logger - INFO - evaluating......
2023-06-23 09:24:57,005 - my_logger - INFO - epoch 102, valid loss: 0.3208, valid auc: 97.12%
2023-06-23 09:24:57,013 - my_logger - INFO - epoch 103, second phase train loss: 0.0264
2023-06-23 09:24:57,025 - my_logger - INFO - epoch 104, second phase train loss: 0.0259
2023-06-23 09:24:57,033 - my_logger - INFO - evaluating......
2023-06-23 09:24:57,034 - my_logger - INFO - epoch 104, valid loss: 0.3224, valid auc: 97.15%
2023-06-23 09:24:57,041 - my_logger - INFO - epoch 105, second phase train loss: 0.0253
2023-06-23 09:24:57,053 - my_logger - INFO - epoch 106, second phase train loss: 0.0248
2023-06-23 09:24:57,060 - my_logger - INFO - evaluating......
2023-06-23 09:24:57,060 - my_logger - INFO - epoch 106, valid loss: 0.3249, valid auc: 97.16%
2023-06-23 09:24:57,067 - my_logger - INFO - epoch 107, second phase train loss: 0.0243
2023-06-23 09:24:57,079 - my_logger - INFO - epoch 108, second phase train loss: 0.0239
2023-06-23 09:24:57,087 - my_logger - INFO - evaluating......
2023-06-23 09:24:57,087 - my_logger - INFO - epoch 108, valid loss: 0.3282, valid auc: 97.18%
2023-06-23 09:24:57,094 - my_logger - INFO - epoch 109, second phase train loss: 0.0234
2023-06-23 09:24:57,104 - my_logger - INFO - epoch 110, second phase train loss: 0.0230
2023-06-23 09:24:57,110 - my_logger - INFO - evaluating......
2023-06-23 09:24:57,111 - my_logger - INFO - epoch 110, valid loss: 0.3305, valid auc: 97.20%
2023-06-23 09:24:57,118 - my_logger - INFO - epoch 111, second phase train loss: 0.0226
2023-06-23 09:24:57,129 - my_logger - INFO - epoch 112, second phase train loss: 0.0222
2023-06-23 09:24:57,136 - my_logger - INFO - evaluating......
2023-06-23 09:24:57,137 - my_logger - INFO - epoch 112, valid loss: 0.3322, valid auc: 97.21%
2023-06-23 09:24:57,145 - my_logger - INFO - epoch 113, second phase train loss: 0.0217
2023-06-23 09:24:57,158 - my_logger - INFO - epoch 114, second phase train loss: 0.0213
2023-06-23 09:24:57,165 - my_logger - INFO - evaluating......
2023-06-23 09:24:57,165 - my_logger - INFO - epoch 114, valid loss: 0.3312, valid auc: 97.23%
2023-06-23 09:24:57,173 - my_logger - INFO - epoch 115, second phase train loss: 0.0209
2023-06-23 09:24:57,186 - my_logger - INFO - epoch 116, second phase train loss: 0.0205
2023-06-23 09:24:57,194 - my_logger - INFO - evaluating......
2023-06-23 09:24:57,195 - my_logger - INFO - epoch 116, valid loss: 0.3296, valid auc: 97.24%
2023-06-23 09:24:57,202 - my_logger - INFO - epoch 117, second phase train loss: 0.0202
2023-06-23 09:24:57,213 - my_logger - INFO - epoch 118, second phase train loss: 0.0198
2023-06-23 09:24:57,221 - my_logger - INFO - evaluating......
2023-06-23 09:24:57,222 - my_logger - INFO - epoch 118, valid loss: 0.3324, valid auc: 97.25%
2023-06-23 09:24:57,229 - my_logger - INFO - epoch 119, second phase train loss: 0.0195
2023-06-23 09:24:57,242 - my_logger - INFO - epoch 120, second phase train loss: 0.0191
2023-06-23 09:24:57,250 - my_logger - INFO - evaluating......
2023-06-23 09:24:57,251 - my_logger - INFO - epoch 120, valid loss: 0.3330, valid auc: 97.26%
2023-06-23 09:24:57,258 - my_logger - INFO - epoch 121, second phase train loss: 0.0188
2023-06-23 09:24:57,270 - my_logger - INFO - epoch 122, second phase train loss: 0.0185
2023-06-23 09:24:57,276 - my_logger - INFO - evaluating......
2023-06-23 09:24:57,276 - my_logger - INFO - epoch 122, valid loss: 0.3362, valid auc: 97.27%
2023-06-23 09:24:57,282 - my_logger - INFO - epoch 123, second phase train loss: 0.0181
2023-06-23 09:24:57,291 - my_logger - INFO - epoch 124, second phase train loss: 0.0178
2023-06-23 09:24:57,299 - my_logger - INFO - evaluating......
2023-06-23 09:24:57,299 - my_logger - INFO - epoch 124, valid loss: 0.3374, valid auc: 97.29%
2023-06-23 09:24:57,306 - my_logger - INFO - epoch 125, second phase train loss: 0.0175
2023-06-23 09:24:57,318 - my_logger - INFO - epoch 126, second phase train loss: 0.0172
2023-06-23 09:24:57,325 - my_logger - INFO - evaluating......
2023-06-23 09:24:57,325 - my_logger - INFO - epoch 126, valid loss: 0.3371, valid auc: 97.31%
2023-06-23 09:24:57,333 - my_logger - INFO - epoch 127, second phase train loss: 0.0170
2023-06-23 09:24:57,344 - my_logger - INFO - epoch 128, second phase train loss: 0.0167
2023-06-23 09:24:57,352 - my_logger - INFO - evaluating......
2023-06-23 09:24:57,352 - my_logger - INFO - epoch 128, valid loss: 0.3386, valid auc: 97.31%
2023-06-23 09:24:57,359 - my_logger - INFO - epoch 129, second phase train loss: 0.0164
2023-06-23 09:24:57,371 - my_logger - INFO - epoch 130, second phase train loss: 0.0161
2023-06-23 09:24:57,379 - my_logger - INFO - evaluating......
2023-06-23 09:24:57,379 - my_logger - INFO - epoch 130, valid loss: 0.3379, valid auc: 97.33%
2023-06-23 09:24:57,386 - my_logger - INFO - epoch 131, second phase train loss: 0.0159
2023-06-23 09:24:57,399 - my_logger - INFO - epoch 132, second phase train loss: 0.0156
2023-06-23 09:24:57,408 - my_logger - INFO - evaluating......
2023-06-23 09:24:57,408 - my_logger - INFO - epoch 132, valid loss: 0.3395, valid auc: 97.33%
2023-06-23 09:24:57,415 - my_logger - INFO - epoch 133, second phase train loss: 0.0154
2023-06-23 09:24:57,427 - my_logger - INFO - epoch 134, second phase train loss: 0.0151
2023-06-23 09:24:57,435 - my_logger - INFO - evaluating......
2023-06-23 09:24:57,436 - my_logger - INFO - epoch 134, valid loss: 0.3420, valid auc: 97.35%
2023-06-23 09:24:57,444 - my_logger - INFO - epoch 135, second phase train loss: 0.0149
2023-06-23 09:24:57,475 - my_logger - INFO - epoch 136, second phase train loss: 0.0147
2023-06-23 09:24:57,485 - my_logger - INFO - evaluating......
2023-06-23 09:24:57,485 - my_logger - INFO - epoch 136, valid loss: 0.3440, valid auc: 97.35%
2023-06-23 09:24:57,493 - my_logger - INFO - epoch 137, second phase train loss: 0.0144
2023-06-23 09:24:57,506 - my_logger - INFO - epoch 138, second phase train loss: 0.0142
2023-06-23 09:24:57,513 - my_logger - INFO - evaluating......
2023-06-23 09:24:57,513 - my_logger - INFO - epoch 138, valid loss: 0.3439, valid auc: 97.36%
2023-06-23 09:24:57,521 - my_logger - INFO - epoch 139, second phase train loss: 0.0140
2023-06-23 09:24:57,533 - my_logger - INFO - epoch 140, second phase train loss: 0.0138
2023-06-23 09:24:57,539 - my_logger - INFO - evaluating......
2023-06-23 09:24:57,540 - my_logger - INFO - epoch 140, valid loss: 0.3450, valid auc: 97.37%
2023-06-23 09:24:57,547 - my_logger - INFO - epoch 141, second phase train loss: 0.0136
2023-06-23 09:24:57,559 - my_logger - INFO - epoch 142, second phase train loss: 0.0134
2023-06-23 09:24:57,568 - my_logger - INFO - evaluating......
2023-06-23 09:24:57,568 - my_logger - INFO - epoch 142, valid loss: 0.3449, valid auc: 97.38%
2023-06-23 09:24:57,575 - my_logger - INFO - epoch 143, second phase train loss: 0.0132
2023-06-23 09:24:57,587 - my_logger - INFO - epoch 144, second phase train loss: 0.0130
2023-06-23 09:24:57,595 - my_logger - INFO - evaluating......
2023-06-23 09:24:57,595 - my_logger - INFO - epoch 144, valid loss: 0.3465, valid auc: 97.38%
2023-06-23 09:24:57,602 - my_logger - INFO - epoch 145, second phase train loss: 0.0128
2023-06-23 09:24:57,614 - my_logger - INFO - epoch 146, second phase train loss: 0.0126
2023-06-23 09:24:57,622 - my_logger - INFO - evaluating......
2023-06-23 09:24:57,622 - my_logger - INFO - epoch 146, valid loss: 0.3478, valid auc: 97.39%
2023-06-23 09:24:57,627 - my_logger - INFO - epoch 147, second phase train loss: 0.0124
2023-06-23 09:24:57,636 - my_logger - INFO - epoch 148, second phase train loss: 0.0123
2023-06-23 09:24:57,643 - my_logger - INFO - evaluating......
2023-06-23 09:24:57,643 - my_logger - INFO - epoch 148, valid loss: 0.3496, valid auc: 97.40%
2023-06-23 09:24:57,651 - my_logger - INFO - epoch 149, second phase train loss: 0.0121
2023-06-23 09:24:57,660 - my_logger - INFO - epoch 150, second phase train loss: 0.0119
2023-06-23 09:24:57,666 - my_logger - INFO - evaluating......
2023-06-23 09:24:57,666 - my_logger - INFO - epoch 150, valid loss: 0.3500, valid auc: 97.42%
2023-06-23 09:24:57,673 - my_logger - INFO - epoch 151, second phase train loss: 0.0117
2023-06-23 09:24:57,685 - my_logger - INFO - epoch 152, second phase train loss: 0.0116
2023-06-23 09:24:57,693 - my_logger - INFO - evaluating......
2023-06-23 09:24:57,694 - my_logger - INFO - epoch 152, valid loss: 0.3505, valid auc: 97.42%
2023-06-23 09:24:57,701 - my_logger - INFO - epoch 153, second phase train loss: 0.0114
2023-06-23 09:24:57,713 - my_logger - INFO - epoch 154, second phase train loss: 0.0113
2023-06-23 09:24:57,721 - my_logger - INFO - evaluating......
2023-06-23 09:24:57,722 - my_logger - INFO - epoch 154, valid loss: 0.3518, valid auc: 97.43%
2023-06-23 09:24:57,730 - my_logger - INFO - epoch 155, second phase train loss: 0.0111
2023-06-23 09:24:57,742 - my_logger - INFO - epoch 156, second phase train loss: 0.0110
2023-06-23 09:24:57,751 - my_logger - INFO - evaluating......
2023-06-23 09:24:57,751 - my_logger - INFO - epoch 156, valid loss: 0.3530, valid auc: 97.44%
2023-06-23 09:24:57,758 - my_logger - INFO - epoch 157, second phase train loss: 0.0108
2023-06-23 09:24:57,771 - my_logger - INFO - epoch 158, second phase train loss: 0.0107
2023-06-23 09:24:57,780 - my_logger - INFO - evaluating......
2023-06-23 09:24:57,780 - my_logger - INFO - epoch 158, valid loss: 0.3539, valid auc: 97.45%
2023-06-23 09:24:57,787 - my_logger - INFO - epoch 159, second phase train loss: 0.0105
2023-06-23 09:24:57,799 - my_logger - INFO - epoch 160, second phase train loss: 0.0104
2023-06-23 09:24:57,807 - my_logger - INFO - evaluating......
2023-06-23 09:24:57,807 - my_logger - INFO - epoch 160, valid loss: 0.3551, valid auc: 97.45%
2023-06-23 09:24:57,815 - my_logger - INFO - epoch 161, second phase train loss: 0.0103
2023-06-23 09:24:57,826 - my_logger - INFO - epoch 162, second phase train loss: 0.0101
2023-06-23 09:24:57,834 - my_logger - INFO - evaluating......
2023-06-23 09:24:57,834 - my_logger - INFO - epoch 162, valid loss: 0.3546, valid auc: 97.46%
2023-06-23 09:24:57,841 - my_logger - INFO - epoch 163, second phase train loss: 0.0100
2023-06-23 09:24:57,853 - my_logger - INFO - epoch 164, second phase train loss: 0.0099
2023-06-23 09:24:57,861 - my_logger - INFO - evaluating......
2023-06-23 09:24:57,861 - my_logger - INFO - epoch 164, valid loss: 0.3568, valid auc: 97.47%
2023-06-23 09:24:57,868 - my_logger - INFO - epoch 165, second phase train loss: 0.0098
2023-06-23 09:24:57,880 - my_logger - INFO - epoch 166, second phase train loss: 0.0096
2023-06-23 09:24:57,888 - my_logger - INFO - evaluating......
2023-06-23 09:24:57,888 - my_logger - INFO - epoch 166, valid loss: 0.3586, valid auc: 97.47%
2023-06-23 09:24:57,895 - my_logger - INFO - epoch 167, second phase train loss: 0.0095
2023-06-23 09:24:57,907 - my_logger - INFO - epoch 168, second phase train loss: 0.0094
2023-06-23 09:24:57,915 - my_logger - INFO - evaluating......
2023-06-23 09:24:57,915 - my_logger - INFO - epoch 168, valid loss: 0.3577, valid auc: 97.48%
2023-06-23 09:24:57,922 - my_logger - INFO - epoch 169, second phase train loss: 0.0093
2023-06-23 09:24:57,934 - my_logger - INFO - epoch 170, second phase train loss: 0.0092
2023-06-23 09:24:57,941 - my_logger - INFO - evaluating......
2023-06-23 09:24:57,941 - my_logger - INFO - epoch 170, valid loss: 0.3591, valid auc: 97.48%
2023-06-23 09:24:57,947 - my_logger - INFO - epoch 171, second phase train loss: 0.0091
2023-06-23 09:24:57,957 - my_logger - INFO - epoch 172, second phase train loss: 0.0090
2023-06-23 09:24:57,965 - my_logger - INFO - evaluating......
2023-06-23 09:24:57,965 - my_logger - INFO - epoch 172, valid loss: 0.3601, valid auc: 97.49%
2023-06-23 09:24:57,972 - my_logger - INFO - epoch 173, second phase train loss: 0.0089
2023-06-23 09:24:57,985 - my_logger - INFO - epoch 174, second phase train loss: 0.0088
2023-06-23 09:24:57,993 - my_logger - INFO - evaluating......
2023-06-23 09:24:57,993 - my_logger - INFO - epoch 174, valid loss: 0.3618, valid auc: 97.50%
2023-06-23 09:24:58,001 - my_logger - INFO - epoch 175, second phase train loss: 0.0087
2023-06-23 09:24:58,014 - my_logger - INFO - epoch 176, second phase train loss: 0.0086
2023-06-23 09:24:58,023 - my_logger - INFO - evaluating......
2023-06-23 09:24:58,023 - my_logger - INFO - epoch 176, valid loss: 0.3627, valid auc: 97.50%
2023-06-23 09:24:58,030 - my_logger - INFO - epoch 177, second phase train loss: 0.0085
2023-06-23 09:24:58,043 - my_logger - INFO - epoch 178, second phase train loss: 0.0084
2023-06-23 09:24:58,051 - my_logger - INFO - evaluating......
2023-06-23 09:24:58,052 - my_logger - INFO - epoch 178, valid loss: 0.3619, valid auc: 97.50%
2023-06-23 09:24:58,057 - my_logger - INFO - epoch 179, second phase train loss: 0.0083
2023-06-23 09:24:58,066 - my_logger - INFO - epoch 180, second phase train loss: 0.0082
2023-06-23 09:24:58,074 - my_logger - INFO - evaluating......
2023-06-23 09:24:58,074 - my_logger - INFO - epoch 180, valid loss: 0.3638, valid auc: 97.51%
2023-06-23 09:24:58,082 - my_logger - INFO - epoch 181, second phase train loss: 0.0081
2023-06-23 09:24:58,093 - my_logger - INFO - epoch 182, second phase train loss: 0.0080
2023-06-23 09:24:58,101 - my_logger - INFO - evaluating......
2023-06-23 09:24:58,101 - my_logger - INFO - epoch 182, valid loss: 0.3661, valid auc: 97.52%
2023-06-23 09:24:58,109 - my_logger - INFO - epoch 183, second phase train loss: 0.0079
2023-06-23 09:24:58,120 - my_logger - INFO - epoch 184, second phase train loss: 0.0078
2023-06-23 09:24:58,129 - my_logger - INFO - evaluating......
2023-06-23 09:24:58,129 - my_logger - INFO - epoch 184, valid loss: 0.3670, valid auc: 97.52%
2023-06-23 09:24:58,136 - my_logger - INFO - epoch 185, second phase train loss: 0.0078
2023-06-23 09:24:58,148 - my_logger - INFO - epoch 186, second phase train loss: 0.0077
2023-06-23 09:24:58,156 - my_logger - INFO - evaluating......
2023-06-23 09:24:58,156 - my_logger - INFO - epoch 186, valid loss: 0.3673, valid auc: 97.52%
2023-06-23 09:24:58,163 - my_logger - INFO - epoch 187, second phase train loss: 0.0076
2023-06-23 09:24:58,174 - my_logger - INFO - epoch 188, second phase train loss: 0.0075
2023-06-23 09:24:58,183 - my_logger - INFO - evaluating......
2023-06-23 09:24:58,183 - my_logger - INFO - epoch 188, valid loss: 0.3681, valid auc: 97.53%
2023-06-23 09:24:58,191 - my_logger - INFO - epoch 189, second phase train loss: 0.0074
2023-06-23 09:24:58,202 - my_logger - INFO - epoch 190, second phase train loss: 0.0074
2023-06-23 09:24:58,210 - my_logger - INFO - evaluating......
2023-06-23 09:24:58,211 - my_logger - INFO - epoch 190, valid loss: 0.3693, valid auc: 97.53%
2023-06-23 09:24:58,218 - my_logger - INFO - epoch 191, second phase train loss: 0.0073
2023-06-23 09:24:58,229 - my_logger - INFO - epoch 192, second phase train loss: 0.0072
2023-06-23 09:24:58,236 - my_logger - INFO - evaluating......
2023-06-23 09:24:58,236 - my_logger - INFO - epoch 192, valid loss: 0.3694, valid auc: 97.53%
2023-06-23 09:24:58,244 - my_logger - INFO - epoch 193, second phase train loss: 0.0071
2023-06-23 09:24:58,257 - my_logger - INFO - epoch 194, second phase train loss: 0.0071
2023-06-23 09:24:58,265 - my_logger - INFO - evaluating......
2023-06-23 09:24:58,266 - my_logger - INFO - epoch 194, valid loss: 0.3712, valid auc: 97.54%
2023-06-23 09:24:58,274 - my_logger - INFO - epoch 195, second phase train loss: 0.0070
2023-06-23 09:24:58,286 - my_logger - INFO - epoch 196, second phase train loss: 0.0069
2023-06-23 09:24:58,294 - my_logger - INFO - evaluating......
2023-06-23 09:24:58,295 - my_logger - INFO - epoch 196, valid loss: 0.3720, valid auc: 97.54%
2023-06-23 09:24:58,302 - my_logger - INFO - epoch 197, second phase train loss: 0.0069
2023-06-23 09:24:58,315 - my_logger - INFO - epoch 198, second phase train loss: 0.0068
2023-06-23 09:24:58,323 - my_logger - INFO - evaluating......
2023-06-23 09:24:58,323 - my_logger - INFO - epoch 198, valid loss: 0.3726, valid auc: 97.54%
2023-06-23 09:24:58,331 - my_logger - INFO - epoch 199, second phase train loss: 0.0067
2023-06-23 09:24:58,336 - my_logger - INFO - total train time used: 102.9297s
2023-06-23 09:24:58,337 - my_logger - INFO - testing......
2023-06-23 09:24:58,340 - my_logger - INFO - test auc: 97.47%
